Population 'path_1' saved! Current generation: 0

===> RUNNING FOR THE FOLLOWING CONFIGURATION: <===
	> fitness: path
	> gru_enabled: False
	> sexual_reproduction: False
	> Saving under folder: NEAT
	> Train: True (100 iterations)
	> Create blueprints: True
	> Create traces: True


===> TRAINING <===

Sample chosen: [887, 13, 389, 774, 679, 822, 28, 926, 242, 235]

********** Running generation 0 **********

Full population's fitness overview:
	-       best fitness: 0.06842
	-       mean fitness: 0.00881
	-      worst fitness: 0.00000
	- standard deviation: 0.01406
Best genome overview:
	- fitness: 0.06842
	- size (hid, conn): (0, 16)
	- genome id: 60
	- belongs to specie: 1
Genetic distance:
	- Maximum: 3.084
	- Mean: 1.895
	- Minimum: 0.089
	- Standard deviation: 0.432

Population of 128 members in 2 species:
	 SID    age    size    fitness    adj fit    stag 
	=====  =====  ======  =========  =========  ======
	  1      0      57      0.068      0.078      0   
	  2      0      71      0.061      0.148      0   

Generation time: 218.435 sec
Population 'path_1' saved! Current generation: 1
Sample chosen: [778, 725, 549, 321, 913, 841, 77, 911, 789, 244]

********** Running generation 1 **********

Full population's fitness overview:
	-       best fitness: 0.31442
	-       mean fitness: 0.04773
	-      worst fitness: 0.00000
	- standard deviation: 0.05233
Best genome overview:
	- fitness: 0.31442
	- size (hid, conn): (0, 16)
	- genome id: 236
	- belongs to specie: 2
Genetic distance:
	- Maximum: 2.347
	- Mean: 1.731
	- Minimum: 0.088
	- Standard deviation: 0.350

Population of 128 members in 2 species:
	 SID    age    size    fitness    adj fit    stag 
	=====  =====  ======  =========  =========  ======
	  1      1      37      0.171      0.123      0   
	  2      1      91      0.314      0.175      0   

Generation time: 219.184 sec  (218.809 average)
Population 'path_1' saved! Current generation: 2
Sample chosen: [42, 447, 279, 589, 333, 39, 903, 349, 187, 312]

********** Running generation 2 **********

Full population's fitness overview:
	-       best fitness: 0.15820
	-       mean fitness: 0.03930
	-      worst fitness: 0.00000
	- standard deviation: 0.03179
Best genome overview:
	- fitness: 0.15820
	- size (hid, conn): (0, 17)
	- genome id: 254
	- belongs to specie: 2
Genetic distance:
	- Maximum: 2.286
	- Mean: 1.556
	- Minimum: 0.020
	- Standard deviation: 0.621

Population of 128 members in 2 species:
	 SID    age    size    fitness    adj fit    stag 
	=====  =====  ======  =========  =========  ======
	  1      2      7       0.143      0.144      1   
	  2      2     121      0.158      0.291      1   

Generation time: 226.782 sec  (221.467 average)
Population 'path_1' saved! Current generation: 3
Sample chosen: [855, 95, 305, 501, 596, 211, 990, 888, 885, 974]

********** Running generation 3 **********

Full population's fitness overview:
	-       best fitness: 0.16868
	-       mean fitness: 0.05713
	-      worst fitness: 0.00005
	- standard deviation: 0.04091
Best genome overview:
	- fitness: 0.16868
	- size (hid, conn): (0, 16)
	- genome id: 373
	- belongs to specie: 2
Genetic distance:
	- Maximum: 2.209
	- Mean: 1.111
	- Minimum: 0.000
	- Standard deviation: 0.743

Population of 128 members in 2 species:
	 SID    age    size    fitness    adj fit    stag 
	=====  =====  ======  =========  =========  ======
	  1      3      13      0.021      0.099      2   
	  2      3     115      0.169      0.352      2   

Generation time: 232.990 sec  (224.348 average)
Population 'path_1' saved! Current generation: 4
Sample chosen: [795, 126, 207, 329, 503, 608, 478, 383, 794, 350]

********** Running generation 4 **********

Full population's fitness overview:
	-       best fitness: 0.21426
	-       mean fitness: 0.05665
	-      worst fitness: 0.00015
	- standard deviation: 0.03878
Best genome overview:
	- fitness: 0.21426
	- size (hid, conn): (2, 19)
	- genome id: 575
	- belongs to specie: 2
Genetic distance:
	- Maximum: 2.270
	- Mean: 1.246
	- Minimum: 0.045
	- Standard deviation: 0.776

Population of 128 members in 2 species:
	 SID    age    size    fitness    adj fit    stag 
	=====  =====  ======  =========  =========  ======
	  1      4      22      0.036      0.078      3   
	  2      4     106      0.214      0.285      3   

Generation time: 222.838 sec  (224.046 average)
Population 'path_1' saved! Current generation: 5
Sample chosen: [241, 225, 524, 983, 184, 819, 573, 92, 207, 431]

********** Running generation 5 **********

Full population's fitness overview:
	-       best fitness: 0.15066
	-       mean fitness: 0.08346
	-      worst fitness: 0.00022
	- standard deviation: 0.05073
Best genome overview:
	- fitness: 0.15066
	- size (hid, conn): (0, 15)
	- genome id: 687
	- belongs to specie: 2
Genetic distance:
	- Maximum: 2.258
	- Mean: 1.343
	- Minimum: 0.024
	- Standard deviation: 0.702

Population of 128 members in 2 species:
	 SID    age    size    fitness    adj fit    stag 
	=====  =====  ======  =========  =========  ======
	  1      5      34      0.102      0.270      4   
	  2      5      94      0.151      0.612      4   

Generation time: 213.261 sec  (222.248 average)
Population 'path_1' saved! Current generation: 6
Sample chosen: [871, 853, 484, 462, 836, 375, 207, 536, 816, 477]

********** Running generation 6 **********

Full population's fitness overview:
	-       best fitness: 0.14192
	-       mean fitness: 0.05393
	-      worst fitness: 0.00002
	- standard deviation: 0.02169
Best genome overview:
	- fitness: 0.14192
	- size (hid, conn): (0, 16)
	- genome id: 810
	- belongs to specie: 2
Genetic distance:
	- Maximum: 2.303
	- Mean: 1.350
	- Minimum: 0.000
	- Standard deviation: 0.782

Population of 128 members in 2 species:
	 SID    age    size    fitness    adj fit    stag 
	=====  =====  ======  =========  =========  ======
	  1      6      49      0.059      0.336      5   
	  2      6      79      0.142      0.396      5   

Generation time: 219.429 sec  (221.846 average)
Population 'path_1' saved! Current generation: 7
Sample chosen: [171, 760, 175, 689, 729, 308, 875, 391, 906, 590]

********** Running generation 7 **********

Full population's fitness overview:
	-       best fitness: 0.22164
	-       mean fitness: 0.10072
	-      worst fitness: 0.00000
	- standard deviation: 0.05181
Best genome overview:
	- fitness: 0.22164
	- size (hid, conn): (0, 15)
	- genome id: 889
	- belongs to specie: 2
Genetic distance:
	- Maximum: 2.338
	- Mean: 1.367
	- Minimum: 0.007
	- Standard deviation: 0.739

Population of 128 members in 2 species:
	 SID    age    size    fitness    adj fit    stag 
	=====  =====  ======  =========  =========  ======
	  1      7      51      0.137      0.307      6   
	  2      7      77      0.222      0.546      6   

Generation time: 222.148 sec  (221.883 average)
Population 'path_1' saved! Current generation: 8
Sample chosen: [42, 311, 490, 176, 715, 503, 851, 698, 486, 846]

********** Running generation 8 **********

Full population's fitness overview:
	-       best fitness: 0.17577
	-       mean fitness: 0.06812
	-      worst fitness: 0.00000
	- standard deviation: 0.05203
Best genome overview:
	- fitness: 0.17577
	- size (hid, conn): (3, 18)
	- genome id: 1002
	- belongs to specie: 2
Genetic distance:
	- Maximum: 2.256
	- Mean: 1.394
	- Minimum: 0.013
	- Standard deviation: 0.697

Population of 128 members in 2 species:
	 SID    age    size    fitness    adj fit    stag 
	=====  =====  ======  =========  =========  ======
	  1      8      49      0.114      0.232      7   
	  2      8      79      0.176      0.490      7   

Generation time: 226.503 sec  (222.397 average)
Population 'path_1' saved! Current generation: 9
Sample chosen: [791, 599, 846, 801, 724, 423, 672, 493, 142, 162]

********** Running generation 9 **********

Full population's fitness overview:
	-       best fitness: 0.23829
	-       mean fitness: 0.08427
	-      worst fitness: 0.00000
	- standard deviation: 0.07076
Best genome overview:
	- fitness: 0.23829
	- size (hid, conn): (3, 19)
	- genome id: 1126
	- belongs to specie: 2
Genetic distance:
	- Maximum: 2.225
	- Mean: 1.384
	- Minimum: 0.000
	- Standard deviation: 0.627

Population of 126 members in 2 species:
	 SID    age    size    fitness    adj fit    stag 
	=====  =====  ======  =========  =========  ======
	  1      9      38      0.034      0.119      8   
	  2      9      88      0.238      0.499      8   

Generation time: 232.188 sec  (223.376 average)
Population 'path_1' saved! Current generation: 10
Sample chosen: [862, 67, 315, 294, 892, 888, 278, 861, 770, 558]

********** Running generation 10 **********

Full population's fitness overview:
	-       best fitness: 0.26871
	-       mean fitness: 0.15787
	-      worst fitness: 0.00000
	- standard deviation: 0.06017
Best genome overview:
	- fitness: 0.26871
	- size (hid, conn): (2, 18)
	- genome id: 1260
	- belongs to specie: 2
Genetic distance:
	- Maximum: 2.314
	- Mean: 1.353
	- Minimum: 0.000
	- Standard deviation: 0.681

Population of 126 members in 2 species:
	 SID    age    size    fitness    adj fit    stag 
	=====  =====  ======  =========  =========  ======
	  1     10      50      0.162      0.546      9   
	  2     10      76      0.269      0.606      9   

Generation time: 226.762 sec  (224.209 average)
Population 'path_1' saved! Current generation: 11
Sample chosen: [61, 211, 470, 950, 981, 601, 142, 814, 191, 556]

********** Running generation 11 **********

Full population's fitness overview:
	-       best fitness: 0.30189
	-       mean fitness: 0.16673
	-      worst fitness: 0.00000
	- standard deviation: 0.06513
Best genome overview:
	- fitness: 0.30189
	- size (hid, conn): (4, 19)
	- genome id: 1394
	- belongs to specie: 2
Genetic distance:
	- Maximum: 2.613
	- Mean: 1.462
	- Minimum: 0.000
	- Standard deviation: 0.677

Population of 126 members in 2 species:
	 SID    age    size    fitness    adj fit    stag 
	=====  =====  ======  =========  =========  ======
	  1     11      57      0.177      0.526      0   
	  2     11      69      0.302      0.570      10  

Generation time: 215.340 sec  (223.824 average)
Population 'path_1' saved! Current generation: 12
Sample chosen: [913, 921, 772, 531, 242, 55, 15, 887, 393, 335]

********** Running generation 12 **********

Full population's fitness overview:
	-       best fitness: 0.15687
	-       mean fitness: 0.03364
	-      worst fitness: 0.00000
	- standard deviation: 0.03045
Best genome overview:
	- fitness: 0.15687
	- size (hid, conn): (3, 19)
	- genome id: 1472
	- belongs to specie: 2
Genetic distance:
	- Maximum: 2.651
	- Mean: 1.391
	- Minimum: 0.000
	- Standard deviation: 0.775

Population of 127 members in 2 species:
	 SID    age    size    fitness    adj fit    stag 
	=====  =====  ======  =========  =========  ======
	  1     12      46      0.023      0.099      1   
	  2     12      81      0.157      0.310      11  

Generation time: 232.074 sec  (224.353 average)
Population 'path_1' saved! Current generation: 13
Sample chosen: [345, 95, 422, 91, 266, 2, 416, 707, 30, 857]

********** Running generation 13 **********

Full population's fitness overview:
	-       best fitness: 0.19669
	-       mean fitness: 0.08907
	-      worst fitness: 0.00000
	- standard deviation: 0.05469
Best genome overview:
	- fitness: 0.19669
	- size (hid, conn): (3, 20)
	- genome id: 1623
	- belongs to specie: 2
Genetic distance:
	- Maximum: 2.659
	- Mean: 1.425
	- Minimum: 0.000
	- Standard deviation: 0.719

Population of 127 members in 2 species:
	 SID    age    size    fitness    adj fit    stag 
	=====  =====  ======  =========  =========  ======
	  1     13      46      0.165      0.274      2   
	  2     13      81      0.197      0.554      12  

Generation time: 227.221 sec  (223.776 average)
Population 'path_1' saved! Current generation: 14
Sample chosen: [486, 150, 798, 25, 476, 216, 4, 848, 469, 392]

********** Running generation 14 **********

Full population's fitness overview:
	-       best fitness: 0.22028
	-       mean fitness: 0.07205
	-      worst fitness: 0.00000
	- standard deviation: 0.05720
Best genome overview:
	- fitness: 0.22028
	- size (hid, conn): (2, 18)
	- genome id: 1686
	- belongs to specie: 2
Genetic distance:
	- Maximum: 2.691
	- Mean: 1.412
	- Minimum: 0.018
	- Standard deviation: 0.791

Population of 127 members in 2 species:
	 SID    age    size    fitness    adj fit    stag 
	=====  =====  ======  =========  =========  ======
	  1     14      46      0.120      0.197      3   
	  2     14      81      0.220      0.401      13  

Generation time: 234.890 sec  (224.982 average)
Population 'path_1' saved! Current generation: 15
Sample chosen: [489, 976, 807, 313, 564, 695, 826, 812, 450, 527]

********** Running generation 15 **********

Full population's fitness overview:
	-       best fitness: 0.22785
	-       mean fitness: 0.09692
	-      worst fitness: 0.00000
	- standard deviation: 0.06521
Best genome overview:
	- fitness: 0.22785
	- size (hid, conn): (2, 17)
	- genome id: 1860
	- belongs to specie: 2
Genetic distance:
	- Maximum: 2.709
	- Mean: 1.229
	- Minimum: 0.000
	- Standard deviation: 0.916

Population of 128 members in 2 species:
	 SID    age    size    fitness    adj fit    stag 
	=====  =====  ======  =========  =========  ======
	  1     15      42      0.144      0.189      4   
	  2     15      86      0.228      0.560      14  

Generation time: 222.920 sec  (225.947 average)
Population 'path_1' saved! Current generation: 16
Sample chosen: [171, 763, 672, 107, 411, 483, 767, 476, 545, 279]

********** Running generation 16 **********

Full population's fitness overview:
	-       best fitness: 0.17119
	-       mean fitness: 0.06422
	-      worst fitness: 0.00000
	- standard deviation: 0.05436
Best genome overview:
	- fitness: 0.17119
	- size (hid, conn): (2, 16)
	- genome id: 1973
	- belongs to specie: 2
Genetic distance:
	- Maximum: 2.521
	- Mean: 1.181
	- Minimum: 0.000
	- Standard deviation: 0.907

Population of 126 members in 2 species:
	 SID    age    size    fitness    adj fit    stag 
	=====  =====  ======  =========  =========  ======
	  1     16      46      0.112      0.265      5   
	  2     16      80      0.171      0.429      15  

Generation time: 231.692 sec  (227.174 average)
Population 'path_1' saved! Current generation: 17
Sample chosen: [180, 993, 361, 914, 132, 294, 64, 229, 253, 632]

********** Running generation 17 **********

Full population's fitness overview:
	-       best fitness: 0.14175
	-       mean fitness: 0.03997
	-      worst fitness: 0.00001
	- standard deviation: 0.02995
Best genome overview:
	- fitness: 0.14175
	- size (hid, conn): (2, 16)
	- genome id: 2088
	- belongs to specie: 2
Genetic distance:
	- Maximum: 2.476
	- Mean: 1.154
	- Minimum: 0.000
	- Standard deviation: 0.898

Population of 128 members in 2 species:
	 SID    age    size    fitness    adj fit    stag 
	=====  =====  ======  =========  =========  ======
	  1     17      38      0.041      0.093      6   
	  2     17      90      0.142      0.390      16  

Generation time: 231.497 sec  (228.109 average)
Population 'path_1' saved! Current generation: 18
Sample chosen: [433, 381, 189, 122, 865, 979, 446, 930, 576, 766]

********** Running generation 18 **********

Full population's fitness overview:
	-       best fitness: 0.13905
	-       mean fitness: 0.04972
	-      worst fitness: 0.00000
	- standard deviation: 0.04222
Best genome overview:
	- fitness: 0.13905
	- size (hid, conn): (2, 16)
	- genome id: 1936
	- belongs to specie: 2
Genetic distance:
	- Maximum: 2.524
	- Mean: 1.293
	- Minimum: 0.049
	- Standard deviation: 0.914

Population of 127 members in 2 species:
	 SID    age    size    fitness    adj fit    stag 
	=====  =====  ======  =========  =========  ======
	  1     18      31      0.053      0.090      7   
	  2     18      96      0.139      0.470      17  

Generation time: 224.049 sec  (227.863 average)
Population 'path_1' saved! Current generation: 19
Sample chosen: [169, 439, 639, 683, 628, 278, 419, 509, 404, 28]

********** Running generation 19 **********

Full population's fitness overview:
	-       best fitness: 0.21973
	-       mean fitness: 0.11986
	-      worst fitness: 0.00000
	- standard deviation: 0.05346
Best genome overview:
	- fitness: 0.21973
	- size (hid, conn): (2, 16)
	- genome id: 2293
	- belongs to specie: 2
Genetic distance:
	- Maximum: 2.655
	- Mean: 1.351
	- Minimum: 0.007
	- Standard deviation: 0.907

Population of 128 members in 2 species:
	 SID    age    size    fitness    adj fit    stag 
	=====  =====  ======  =========  =========  ======
	  1     19      43      0.149      0.369      8   
	  2     19      85      0.220      0.602      18  

Generation time: 225.208 sec  (227.165 average)
Population 'path_1' saved! Current generation: 20
Sample chosen: [138, 715, 504, 200, 999, 342, 314, 835, 267, 772]

********** Running generation 20 **********

Full population's fitness overview:
	-       best fitness: 0.20871
	-       mean fitness: 0.05778
	-      worst fitness: 0.00000
	- standard deviation: 0.04606
Best genome overview:
	- fitness: 0.20871
	- size (hid, conn): (3, 17)
	- genome id: 2458
	- belongs to specie: 2
Genetic distance:
	- Maximum: 2.823
	- Mean: 1.395
	- Minimum: 0.007
	- Standard deviation: 0.881

Population of 128 members in 2 species:
	 SID    age    size    fitness    adj fit    stag 
	=====  =====  ======  =========  =========  ======
	  1     20      42      0.050      0.131      9   
	  2     20      86      0.209      0.351      19  

Generation time: 238.428 sec  (228.332 average)
Population 'path_1' saved! Current generation: 21
Sample chosen: [437, 868, 313, 938, 562, 745, 855, 166, 570, 488]

********** Running generation 21 **********

Full population's fitness overview:
	-       best fitness: 0.19052
	-       mean fitness: 0.08204
	-      worst fitness: 0.00000
	- standard deviation: 0.05677
Best genome overview:
	- fitness: 0.19052
	- size (hid, conn): (2, 17)
	- genome id: 2539
	- belongs to specie: 2
Genetic distance:
	- Maximum: 2.688
	- Mean: 1.398
	- Minimum: 0.008
	- Standard deviation: 0.866

Population of 127 members in 2 species:
	 SID    age    size    fitness    adj fit    stag 
	=====  =====  ======  =========  =========  ======
	  1     21      38      0.110      0.170      10  
	  2     21      89      0.191      0.558      20  

Generation time: 232.818 sec  (230.079 average)
Population 'path_1' saved! Current generation: 22
Sample chosen: [918, 83, 956, 528, 873, 94, 116, 936, 137, 69]

********** Running generation 22 **********

Full population's fitness overview:
	-       best fitness: 0.19747
	-       mean fitness: 0.05731
	-      worst fitness: 0.00014
	- standard deviation: 0.03123
Best genome overview:
	- fitness: 0.19747
	- size (hid, conn): (3, 16)
	- genome id: 2646
	- belongs to specie: 2
Genetic distance:
	- Maximum: 2.753
	- Mean: 1.435
	- Minimum: 0.045
	- Standard deviation: 0.807

Population of 127 members in 2 species:
	 SID    age    size    fitness    adj fit    stag 
	=====  =====  ======  =========  =========  ======
	  1     22      47      0.076      0.221      11  
	  2     22      80      0.197      0.319      21  

Generation time: 229.248 sec  (229.797 average)
Population 'path_1' saved! Current generation: 23
Sample chosen: [302, 676, 221, 243, 776, 438, 289, 997, 295, 996]

********** Running generation 23 **********

Full population's fitness overview:
	-       best fitness: 0.25352
	-       mean fitness: 0.06592
	-      worst fitness: 0.00000
	- standard deviation: 0.06195
Best genome overview:
	- fitness: 0.25352
	- size (hid, conn): (3, 17)
	- genome id: 2674
	- belongs to specie: 2
Genetic distance:
	- Maximum: 2.693
	- Mean: 1.436
	- Minimum: 0.054
	- Standard deviation: 0.747

Population of 127 members in 2 species:
	 SID    age    size    fitness    adj fit    stag 
	=====  =====  ======  =========  =========  ======
	  1     23      43      0.071      0.130      12  
	  2     23      84      0.254      0.336      22  

Generation time: 226.488 sec  (229.724 average)
Population 'path_1' saved! Current generation: 24
Sample chosen: [443, 82, 180, 227, 91, 136, 85, 644, 826, 872]

********** Running generation 24 **********

Full population's fitness overview:
	-       best fitness: 0.24448
	-       mean fitness: 0.09082
	-      worst fitness: 0.00043
	- standard deviation: 0.06601
Best genome overview:
	- fitness: 0.24448
	- size (hid, conn): (3, 18)
	- genome id: 2891
	- belongs to specie: 2
Genetic distance:
	- Maximum: 2.704
	- Mean: 1.422
	- Minimum: 0.038
	- Standard deviation: 0.766

Population of 128 members in 2 species:
	 SID    age    size    fitness    adj fit    stag 
	=====  =====  ======  =========  =========  ======
	  1     24      43      0.122      0.190      13  
	  2     24      85      0.244      0.463      23  

Generation time: 226.852 sec  (228.920 average)
Population 'path_1' saved! Current generation: 25
Sample chosen: [671, 858, 656, 185, 707, 826, 582, 264, 372, 386]

********** Running generation 25 **********

Full population's fitness overview:
	-       best fitness: 0.24688
	-       mean fitness: 0.05804
	-      worst fitness: 0.00007
	- standard deviation: 0.05178
Best genome overview:
	- fitness: 0.24688
	- size (hid, conn): (1, 14)
	- genome id: 3057
	- belongs to specie: 2
Genetic distance:
	- Maximum: 3.022
	- Mean: 1.392
	- Minimum: 0.044
	- Standard deviation: 0.808

Population of 128 members in 2 species:
	 SID    age    size    fitness    adj fit    stag 
	=====  =====  ======  =========  =========  ======
	  1     25      38      0.042      0.082      14  
	  2     25      90      0.247      0.312      24  

Generation time: 229.177 sec  (229.546 average)
Population 'path_1' saved! Current generation: 26
Sample chosen: [65, 15, 179, 250, 530, 366, 436, 111, 57, 216]

********** Running generation 26 **********

Full population's fitness overview:
	-       best fitness: 0.27472
	-       mean fitness: 0.06974
	-      worst fitness: 0.00000
	- standard deviation: 0.06748
Best genome overview:
	- fitness: 0.27472
	- size (hid, conn): (1, 15)
	- genome id: 3174
	- belongs to specie: 2
Genetic distance:
	- Maximum: 2.428
	- Mean: 1.463
	- Minimum: 0.000
	- Standard deviation: 0.842

Population of 127 members in 2 species:
	 SID    age    size    fitness    adj fit    stag 
	=====  =====  ======  =========  =========  ======
	  1     26      35      0.056      0.091      15  
	  2     26      92      0.275      0.323      25  

Generation time: 233.103 sec  (229.687 average)
Population 'path_1' saved! Current generation: 27
Sample chosen: [255, 314, 946, 959, 198, 733, 925, 291, 317, 969]

********** Running generation 27 **********

Full population's fitness overview:
	-       best fitness: 0.37454
	-       mean fitness: 0.12651
	-      worst fitness: 0.00000
	- standard deviation: 0.08982
Best genome overview:
	- fitness: 0.37454
	- size (hid, conn): (2, 19)
	- genome id: 3303
	- belongs to specie: 2
Genetic distance:
	- Maximum: 2.738
	- Mean: 1.371
	- Minimum: 0.000
	- Standard deviation: 0.888

Population of 128 members in 2 species:
	 SID    age    size    fitness    adj fit    stag 
	=====  =====  ======  =========  =========  ======
	  1     27      44      0.158      0.219      16  
	  2     27      84      0.375      0.383      0   

Generation time: 230.430 sec  (229.580 average)
Population 'path_1' saved! Current generation: 28
Sample chosen: [450, 168, 37, 333, 527, 747, 891, 373, 446, 707]

********** Running generation 28 **********

Full population's fitness overview:
	-       best fitness: 0.25702
	-       mean fitness: 0.11127
	-      worst fitness: 0.00019
	- standard deviation: 0.06672
Best genome overview:
	- fitness: 0.25702
	- size (hid, conn): (2, 19)
	- genome id: 3395
	- belongs to specie: 2
Genetic distance:
	- Maximum: 2.748
	- Mean: 1.317
	- Minimum: 0.002
	- Standard deviation: 0.889

Population of 127 members in 2 species:
	 SID    age    size    fitness    adj fit    stag 
	=====  =====  ======  =========  =========  ======
	  1     28      51      0.148      0.351      17  
	  2     28      76      0.257      0.475      1   

Generation time: 223.827 sec  (229.558 average)
Population 'path_1' saved! Current generation: 29
Sample chosen: [501, 111, 252, 466, 67, 191, 608, 452, 546, 414]

********** Running generation 29 **********

Full population's fitness overview:
	-       best fitness: 0.23251
	-       mean fitness: 0.08444
	-      worst fitness: 0.00000
	- standard deviation: 0.05600
Best genome overview:
	- fitness: 0.23251
	- size (hid, conn): (2, 18)
	- genome id: 3516
	- belongs to specie: 2
Genetic distance:
	- Maximum: 2.696
	- Mean: 1.359
	- Minimum: 0.002
	- Standard deviation: 0.872

Population of 126 members in 2 species:
	 SID    age    size    fitness    adj fit    stag 
	=====  =====  ======  =========  =========  ======
	  1     29      57      0.140      0.339      18  
	  2     29      69      0.233      0.380      2   

Generation time: 229.380 sec  (229.975 average)
Population 'path_1' saved! Current generation: 30
Sample chosen: [342, 400, 377, 998, 49, 854, 258, 202, 671, 308]

********** Running generation 30 **********

Full population's fitness overview:
	-       best fitness: 0.29986
	-       mean fitness: 0.07379
	-      worst fitness: 0.00000
	- standard deviation: 0.06800
Best genome overview:
	- fitness: 0.29986
	- size (hid, conn): (3, 18)
	- genome id: 3631
	- belongs to specie: 2
Genetic distance:
	- Maximum: 2.785
	- Mean: 1.285
	- Minimum: 0.000
	- Standard deviation: 0.856

Population of 127 members in 2 species:
	 SID    age    size    fitness    adj fit    stag 
	=====  =====  ======  =========  =========  ======
	  1     30      46      0.088      0.114      19  
	  2     30      81      0.300      0.356      3   

Generation time: 234.676 sec  (229.600 average)
Population 'path_1' saved! Current generation: 31
Sample chosen: [457, 747, 962, 646, 572, 949, 249, 898, 153, 305]

********** Running generation 31 **********

Full population's fitness overview:
	-       best fitness: 0.19280
	-       mean fitness: 0.05254
	-      worst fitness: 0.00000
	- standard deviation: 0.04507
Best genome overview:
	- fitness: 0.19280
	- size (hid, conn): (3, 22)
	- genome id: 3744
	- belongs to specie: 2
Genetic distance:
	- Maximum: 2.553
	- Mean: 1.268
	- Minimum: 0.000
	- Standard deviation: 0.793

Population of 127 members in 2 species:
	 SID    age    size    fitness    adj fit    stag 
	=====  =====  ======  =========  =========  ======
	  1     31      43      0.057      0.137      20  
	  2     31      84      0.193      0.349      4   

Generation time: 220.514 sec  (228.370 average)
Population 'path_1' saved! Current generation: 32
Sample chosen: [281, 65, 84, 982, 148, 648, 516, 984, 656, 502]

********** Running generation 32 **********

Full population's fitness overview:
	-       best fitness: 0.25375
	-       mean fitness: 0.12405
	-      worst fitness: 0.00000
	- standard deviation: 0.07756
Best genome overview:
	- fitness: 0.25375
	- size (hid, conn): (3, 21)
	- genome id: 3864
	- belongs to specie: 2
Genetic distance:
	- Maximum: 2.422
	- Mean: 1.301
	- Minimum: 0.000
	- Standard deviation: 0.769

Population of 127 members in 2 species:
	 SID    age    size    fitness    adj fit    stag 
	=====  =====  ======  =========  =========  ======
	  1     32      49      0.178      0.362      0   
	  2     32      78      0.254      0.554      5   

Generation time: 222.373 sec  (227.682 average)
Population 'path_1' saved! Current generation: 33
Sample chosen: [893, 22, 421, 707, 68, 135, 606, 79, 905, 361]

********** Running generation 33 **********

Full population's fitness overview:
	-       best fitness: 0.29433
	-       mean fitness: 0.10591
	-      worst fitness: 0.00018
	- standard deviation: 0.07660
Best genome overview:
	- fitness: 0.29433
	- size (hid, conn): (4, 20)
	- genome id: 3971
	- belongs to specie: 2
Genetic distance:
	- Maximum: 2.418
	- Mean: 1.339
	- Minimum: 0.000
	- Standard deviation: 0.736

Population of 127 members in 2 species:
	 SID    age    size    fitness    adj fit    stag 
	=====  =====  ======  =========  =========  ======
	  1     33      44      0.082      0.180      1   
	  2     33      83      0.294      0.472      6   

Generation time: 231.227 sec  (228.156 average)
Population 'path_1' saved! Current generation: 34
Sample chosen: [869, 198, 93, 778, 653, 711, 688, 926, 89, 183]

********** Running generation 34 **********

Full population's fitness overview:
	-       best fitness: 0.32558
	-       mean fitness: 0.08395
	-      worst fitness: 0.00000
	- standard deviation: 0.07425
Best genome overview:
	- fitness: 0.32558
	- size (hid, conn): (3, 22)
	- genome id: 4063
	- belongs to specie: 2
Genetic distance:
	- Maximum: 2.471
	- Mean: 1.359
	- Minimum: 0.000
	- Standard deviation: 0.747

Population of 127 members in 2 species:
	 SID    age    size    fitness    adj fit    stag 
	=====  =====  ======  =========  =========  ======
	  1     34      46      0.085      0.164      2   
	  2     34      81      0.326      0.308      7   

Generation time: 228.005 sec  (228.271 average)
Population 'path_1' saved! Current generation: 35
Sample chosen: [693, 682, 77, 481, 87, 7, 679, 951, 157, 793]

********** Running generation 35 **********

Full population's fitness overview:
	-       best fitness: 0.33568
	-       mean fitness: 0.12019
	-      worst fitness: 0.00027
	- standard deviation: 0.07945
Best genome overview:
	- fitness: 0.33568
	- size (hid, conn): (2, 19)
	- genome id: 4219
	- belongs to specie: 2
Genetic distance:
	- Maximum: 2.539
	- Mean: 1.433
	- Minimum: 0.000
	- Standard deviation: 0.750

Population of 127 members in 2 species:
	 SID    age    size    fitness    adj fit    stag 
	=====  =====  ======  =========  =========  ======
	  1     35      51      0.150      0.277      3   
	  2     35      76      0.336      0.403      8   

Generation time: 217.787 sec  (227.132 average)
Population 'path_1' saved! Current generation: 36
Sample chosen: [222, 462, 540, 608, 340, 867, 920, 624, 55, 554]

********** Running generation 36 **********

Full population's fitness overview:
	-       best fitness: 0.49885
	-       mean fitness: 0.21102
	-      worst fitness: 0.00008
	- standard deviation: 0.11443
Best genome overview:
	- fitness: 0.49885
	- size (hid, conn): (1, 14)
	- genome id: 4350
	- belongs to specie: 2
Genetic distance:
	- Maximum: 2.513
	- Mean: 1.497
	- Minimum: 0.017
	- Standard deviation: 0.763

Population of 128 members in 2 species:
	 SID    age    size    fitness    adj fit    stag 
	=====  =====  ======  =========  =========  ======
	  1     36      49      0.187      0.253      0   
	  2     36      79      0.499      0.537      0   

Generation time: 214.222 sec  (225.244 average)
Population 'path_1' saved! Current generation: 37
Sample chosen: [727, 360, 541, 664, 949, 4, 572, 453, 378, 530]

********** Running generation 37 **********

Full population's fitness overview:
	-       best fitness: 0.20846
	-       mean fitness: 0.04082
	-      worst fitness: 0.00001
	- standard deviation: 0.04304
Best genome overview:
	- fitness: 0.20846
	- size (hid, conn): (3, 21)
	- genome id: 4450
	- belongs to specie: 2
Genetic distance:
	- Maximum: 2.413
	- Mean: 1.471
	- Minimum: 0.058
	- Standard deviation: 0.735

Population of 128 members in 2 species:
	 SID    age    size    fitness    adj fit    stag 
	=====  =====  ======  =========  =========  ======
	  1     37      45      0.056      0.098      1   
	  2     37      83      0.208      0.256      1   

Generation time: 233.323 sec  (225.533 average)
Population 'path_1' saved! Current generation: 38
Sample chosen: [115, 557, 995, 687, 330, 829, 984, 136, 743, 462]

********** Running generation 38 **********

Full population's fitness overview:
	-       best fitness: 0.38888
	-       mean fitness: 0.12856
	-      worst fitness: 0.00000
	- standard deviation: 0.09494
Best genome overview:
	- fitness: 0.38888
	- size (hid, conn): (3, 21)
	- genome id: 4450
	- belongs to specie: 2
Genetic distance:
	- Maximum: 2.541
	- Mean: 1.417
	- Minimum: 0.010
	- Standard deviation: 0.769

Population of 128 members in 2 species:
	 SID    age    size    fitness    adj fit    stag 
	=====  =====  ======  =========  =========  ======
	  1     38      50      0.167      0.227      2   
	  2     38      78      0.389      0.387      2   

Generation time: 224.895 sec  (225.640 average)
Population 'path_1' saved! Current generation: 39
Sample chosen: [850, 945, 340, 498, 219, 361, 101, 48, 274, 132]

********** Running generation 39 **********

Full population's fitness overview:
	-       best fitness: 0.34068
	-       mean fitness: 0.12154
	-      worst fitness: 0.00016
	- standard deviation: 0.09191
Best genome overview:
	- fitness: 0.34068
	- size (hid, conn): (4, 24)
	- genome id: 4703
	- belongs to specie: 2
Genetic distance:
	- Maximum: 2.415
	- Mean: 1.344
	- Minimum: 0.010
	- Standard deviation: 0.810

Population of 128 members in 2 species:
	 SID    age    size    fitness    adj fit    stag 
	=====  =====  ======  =========  =========  ======
	  1     39      43      0.098      0.145      3   
	  2     39      85      0.341      0.492      3   

Generation time: 228.535 sec  (225.556 average)
Population 'path_1' saved! Current generation: 40
Sample chosen: [523, 85, 875, 216, 293, 546, 665, 892, 974, 519]

********** Running generation 40 **********

Full population's fitness overview:
	-       best fitness: 0.39793
	-       mean fitness: 0.17895
	-      worst fitness: 0.00000
	- standard deviation: 0.09894
Best genome overview:
	- fitness: 0.39793
	- size (hid, conn): (3, 19)
	- genome id: 4816
	- belongs to specie: 2
Genetic distance:
	- Maximum: 2.619
	- Mean: 1.330
	- Minimum: 0.005
	- Standard deviation: 0.849

Population of 127 members in 2 species:
	 SID    age    size    fitness    adj fit    stag 
	=====  =====  ======  =========  =========  ======
	  1     40      38      0.196      0.279      0   
	  2     40      89      0.398      0.536      4   

Generation time: 227.272 sec  (224.815 average)
Population 'path_1' saved! Current generation: 41
Sample chosen: [102, 700, 193, 144, 91, 237, 501, 113, 966, 870]

********** Running generation 41 **********

Full population's fitness overview:
	-       best fitness: 0.43030
	-       mean fitness: 0.15846
	-      worst fitness: 0.00000
	- standard deviation: 0.09164
Best genome overview:
	- fitness: 0.43030
	- size (hid, conn): (3, 19)
	- genome id: 4816
	- belongs to specie: 2
Genetic distance:
	- Maximum: 2.633
	- Mean: 1.376
	- Minimum: 0.039
	- Standard deviation: 0.838

Population of 128 members in 2 species:
	 SID    age    size    fitness    adj fit    stag 
	=====  =====  ======  =========  =========  ======
	  1     41      47      0.161      0.265      1   
	  2     41      81      0.430      0.412      5   

Generation time: 218.953 sec  (224.659 average)
Population 'path_1' saved! Current generation: 42
Sample chosen: [80, 393, 988, 417, 918, 896, 822, 545, 563, 3]

********** Running generation 42 **********

Full population's fitness overview:
	-       best fitness: 0.24898
	-       mean fitness: 0.05227
	-      worst fitness: 0.00000
	- standard deviation: 0.05647
Best genome overview:
	- fitness: 0.24898
	- size (hid, conn): (3, 19)
	- genome id: 5086
	- belongs to specie: 2
Genetic distance:
	- Maximum: 2.645
	- Mean: 1.266
	- Minimum: 0.000
	- Standard deviation: 0.808

Population of 127 members in 2 species:
	 SID    age    size    fitness    adj fit    stag 
	=====  =====  ======  =========  =========  ======
	  1     42      40      0.067      0.085      2   
	  2     42      87      0.249      0.283      6   

Generation time: 228.214 sec  (225.243 average)
Population 'path_1' saved! Current generation: 43
Sample chosen: [666, 385, 284, 381, 692, 951, 837, 164, 205, 487]

********** Running generation 43 **********

Full population's fitness overview:
	-       best fitness: 0.34692
	-       mean fitness: 0.13775
	-      worst fitness: 0.00009
	- standard deviation: 0.09705
Best genome overview:
	- fitness: 0.34692
	- size (hid, conn): (2, 19)
	- genome id: 5132
	- belongs to specie: 2
Genetic distance:
	- Maximum: 2.409
	- Mean: 1.401
	- Minimum: 0.009
	- Standard deviation: 0.795

Population of 128 members in 2 species:
	 SID    age    size    fitness    adj fit    stag 
	=====  =====  ======  =========  =========  ======
	  1     43      40      0.163      0.182      3   
	  2     43      88      0.347      0.496      7   

Generation time: 231.751 sec  (225.296 average)
Population 'path_1' saved! Current generation: 44
Sample chosen: [864, 869, 173, 681, 546, 192, 587, 792, 525, 925]

********** Running generation 44 **********

Full population's fitness overview:
	-       best fitness: 0.30653
	-       mean fitness: 0.08732
	-      worst fitness: 0.00000
	- standard deviation: 0.06560
Best genome overview:
	- fitness: 0.30653
	- size (hid, conn): (2, 18)
	- genome id: 5320
	- belongs to specie: 2
Genetic distance:
	- Maximum: 2.427
	- Mean: 1.540
	- Minimum: 0.023
	- Standard deviation: 0.723

Population of 126 members in 2 species:
	 SID    age    size    fitness    adj fit    stag 
	=====  =====  ======  =========  =========  ======
	  1     44      31      0.209      0.177      0   
	  2     44      95      0.307      0.334      8   

Generation time: 236.586 sec  (226.154 average)
Population 'path_1' saved! Current generation: 45
Sample chosen: [883, 206, 807, 315, 650, 108, 888, 167, 176, 338]

********** Running generation 45 **********

Full population's fitness overview:
	-       best fitness: 0.50686
	-       mean fitness: 0.21640
	-      worst fitness: 0.00000
	- standard deviation: 0.11410
Best genome overview:
	- fitness: 0.50686
	- size (hid, conn): (2, 15)
	- genome id: 5441
	- belongs to specie: 2
Genetic distance:
	- Maximum: 2.572
	- Mean: 1.482
	- Minimum: 0.069
	- Standard deviation: 0.752

Population of 128 members in 2 species:
	 SID    age    size    fitness    adj fit    stag 
	=====  =====  ======  =========  =========  ======
	  1     45      48      0.252      0.276      0   
	  2     45      80      0.507      0.476      0   

Generation time: 214.113 sec  (225.786 average)
Population 'path_1' saved! Current generation: 46
Sample chosen: [135, 31, 168, 857, 830, 173, 620, 318, 658, 525]

********** Running generation 46 **********

Full population's fitness overview:
	-       best fitness: 0.53154
	-       mean fitness: 0.18098
	-      worst fitness: 0.00000
	- standard deviation: 0.13812
Best genome overview:
	- fitness: 0.53154
	- size (hid, conn): (2, 17)
	- genome id: 5526
	- belongs to specie: 2
Genetic distance:
	- Maximum: 2.472
	- Mean: 1.693
	- Minimum: 0.069
	- Standard deviation: 0.684

Population of 128 members in 2 species:
	 SID    age    size    fitness    adj fit    stag 
	=====  =====  ======  =========  =========  ======
	  1     46      47      0.350      0.194      0   
	  2     46      81      0.532      0.428      0   

Generation time: 230.870 sec  (227.451 average)
Population 'path_1' saved! Current generation: 47
Sample chosen: [393, 526, 263, 195, 785, 75, 909, 591, 971, 788]

********** Running generation 47 **********

Full population's fitness overview:
	-       best fitness: 0.41991
	-       mean fitness: 0.16760
	-      worst fitness: 0.00000
	- standard deviation: 0.11045
Best genome overview:
	- fitness: 0.41991
	- size (hid, conn): (2, 15)
	- genome id: 5620
	- belongs to specie: 2
Genetic distance:
	- Maximum: 2.697
	- Mean: 1.681
	- Minimum: 0.046
	- Standard deviation: 0.678

Population of 126 members in 2 species:
	 SID    age    size    fitness    adj fit    stag 
	=====  =====  ======  =========  =========  ======
	  1     47      61      0.340      0.333      1   
	  2     47      65      0.420      0.437      1   

Generation time: 229.195 sec  (227.038 average)
Population 'path_1' saved! Current generation: 48
Sample chosen: [421, 381, 693, 554, 599, 573, 740, 217, 261, 424]

********** Running generation 48 **********

Full population's fitness overview:
	-       best fitness: 0.39783
	-       mean fitness: 0.16912
	-      worst fitness: 0.00000
	- standard deviation: 0.11015
Best genome overview:
	- fitness: 0.39783
	- size (hid, conn): (2, 17)
	- genome id: 5836
	- belongs to specie: 1
Genetic distance:
	- Maximum: 2.942
	- Mean: 1.579
	- Minimum: 0.044
	- Standard deviation: 0.763

Population of 128 members in 3 species:
	 SID    age    size    fitness    adj fit    stag 
	=====  =====  ======  =========  =========  ======
	  1     48      66      0.398      0.445      0   
	  2     48      19      0.391      0.407      2   
	  3      0      43       --         --        0   

Generation time: 227.867 sec  (227.336 average)
Population 'path_1' saved! Current generation: 49
Sample chosen: [919, 222, 549, 240, 281, 135, 220, 236, 866, 568]

********** Running generation 49 **********

Full population's fitness overview:
	-       best fitness: 0.36132
	-       mean fitness: 0.15735
	-      worst fitness: 0.00000
	- standard deviation: 0.10167
Best genome overview:
	- fitness: 0.36132
	- size (hid, conn): (3, 20)
	- genome id: 5921
	- belongs to specie: 2
Genetic distance:
	- Maximum: 2.960
	- Mean: 1.596
	- Minimum: 0.000
	- Standard deviation: 0.805

Population of 128 members in 3 species:
	 SID    age    size    fitness    adj fit    stag 
	=====  =====  ======  =========  =========  ======
	  1     49      55      0.324      0.459      1   
	  2     49      34      0.361      0.549      3   
	  3      1      39      0.284      0.349      0   

Generation time: 231.154 sec  (227.598 average)
Population 'path_1' saved! Current generation: 50
Sample chosen: [934, 105, 130, 886, 671, 212, 415, 693, 237, 138]

********** Running generation 50 **********

Full population's fitness overview:
	-       best fitness: 0.41431
	-       mean fitness: 0.22690
	-      worst fitness: 0.00000
	- standard deviation: 0.11859
Best genome overview:
	- fitness: 0.41431
	- size (hid, conn): (3, 19)
	- genome id: 5792
	- belongs to specie: 2
Genetic distance:
	- Maximum: 2.617
	- Mean: 1.508
	- Minimum: 0.000
	- Standard deviation: 0.772

Population of 126 members in 3 species:
	 SID    age    size    fitness    adj fit    stag 
	=====  =====  ======  =========  =========  ======
	  1     50      50      0.389      0.582      2   
	  2     50      35      0.414      0.538      4   
	  3      2      41      0.389      0.507      0   

Generation time: 217.182 sec  (226.589 average)
Population 'path_1' saved! Current generation: 51
Sample chosen: [980, 571, 829, 586, 397, 800, 517, 513, 718, 100]

********** Running generation 51 **********

Full population's fitness overview:
	-       best fitness: 0.42072
	-       mean fitness: 0.17860
	-      worst fitness: 0.00004
	- standard deviation: 0.10657
Best genome overview:
	- fitness: 0.42072
	- size (hid, conn): (4, 19)
	- genome id: 5948
	- belongs to specie: 3
Genetic distance:
	- Maximum: 2.554
	- Mean: 1.506
	- Minimum: 0.000
	- Standard deviation: 0.689

Population of 127 members in 3 species:
	 SID    age    size    fitness    adj fit    stag 
	=====  =====  ======  =========  =========  ======
	  1     51      47      0.389      0.436      3   
	  2     51      39      0.329      0.436      5   
	  3      3      41      0.421      0.400      0   

Generation time: 227.689 sec  (227.462 average)
Population 'path_1' saved! Current generation: 52
Sample chosen: [792, 38, 392, 245, 295, 578, 26, 542, 584, 278]

********** Running generation 52 **********

Full population's fitness overview:
	-       best fitness: 0.53962
	-       mean fitness: 0.22248
	-      worst fitness: 0.00000
	- standard deviation: 0.14869
Best genome overview:
	- fitness: 0.53962
	- size (hid, conn): (3, 19)
	- genome id: 6283
	- belongs to specie: 2
Genetic distance:
	- Maximum: 2.628
	- Mean: 1.507
	- Minimum: 0.000
	- Standard deviation: 0.692

Population of 127 members in 3 species:
	 SID    age    size    fitness    adj fit    stag 
	=====  =====  ======  =========  =========  ======
	  1     52      44      0.461      0.386      0   
	  2     52      43      0.540      0.476      0   
	  3      4      40      0.438      0.381      0   

Generation time: 231.186 sec  (227.759 average)
Population 'path_1' saved! Current generation: 53
Sample chosen: [500, 715, 400, 133, 270, 326, 462, 856, 634, 134]

********** Running generation 53 **********

Full population's fitness overview:
	-       best fitness: 0.33878
	-       mean fitness: 0.12461
	-      worst fitness: 0.00033
	- standard deviation: 0.08354
Best genome overview:
	- fitness: 0.33878
	- size (hid, conn): (0, 12)
	- genome id: 6356
	- belongs to specie: 1
Genetic distance:
	- Maximum: 2.708
	- Mean: 1.582
	- Minimum: 0.008
	- Standard deviation: 0.623

Population of 126 members in 3 species:
	 SID    age    size    fitness    adj fit    stag 
	=====  =====  ======  =========  =========  ======
	  1     53      42      0.339      0.401      1   
	  2     53      43      0.279      0.364      1   
	  3      5      41      0.315      0.333      1   

Generation time: 233.050 sec  (227.889 average)
Population 'path_1' saved! Current generation: 54
Sample chosen: [418, 859, 347, 725, 94, 934, 634, 823, 652, 925]

********** Running generation 54 **********

Full population's fitness overview:
	-       best fitness: 0.27659
	-       mean fitness: 0.10073
	-      worst fitness: 0.00000
	- standard deviation: 0.04723
Best genome overview:
	- fitness: 0.27659
	- size (hid, conn): (2, 15)
	- genome id: 6289
	- belongs to specie: 2
Genetic distance:
	- Maximum: 2.711
	- Mean: 1.629
	- Minimum: 0.008
	- Standard deviation: 0.667

Population of 127 members in 3 species:
	 SID    age    size    fitness    adj fit    stag 
	=====  =====  ======  =========  =========  ======
	  1     54      41      0.174      0.348      2   
	  2     54      46      0.277      0.414      2   
	  3      6      40      0.190      0.329      2   

Generation time: 231.592 sec  (227.390 average)
Population 'path_1' saved! Current generation: 55
Sample chosen: [871, 409, 821, 524, 720, 901, 239, 888, 169, 514]

********** Running generation 55 **********

Full population's fitness overview:
	-       best fitness: 0.28721
	-       mean fitness: 0.09721
	-      worst fitness: 0.00000
	- standard deviation: 0.07162
Best genome overview:
	- fitness: 0.28721
	- size (hid, conn): (0, 12)
	- genome id: 6637
	- belongs to specie: 1
Genetic distance:
	- Maximum: 2.626
	- Mean: 1.618
	- Minimum: 0.004
	- Standard deviation: 0.634

Population of 127 members in 3 species:
	 SID    age    size    fitness    adj fit    stag 
	=====  =====  ======  =========  =========  ======
	  1     55      41      0.287      0.331      3   
	  2     55      46      0.284      0.369      3   
	  3      7      40      0.240      0.312      3   

Generation time: 234.420 sec  (229.420 average)
Population 'path_1' saved! Current generation: 56
Sample chosen: [795, 395, 812, 235, 365, 70, 885, 215, 580, 189]

********** Running generation 56 **********

Full population's fitness overview:
	-       best fitness: 0.29895
	-       mean fitness: 0.11611
	-      worst fitness: 0.00000
	- standard deviation: 0.07208
Best genome overview:
	- fitness: 0.29895
	- size (hid, conn): (3, 20)
	- genome id: 6724
	- belongs to specie: 2
Genetic distance:
	- Maximum: 2.589
	- Mean: 1.576
	- Minimum: 0.014
	- Standard deviation: 0.627

Population of 128 members in 3 species:
	 SID    age    size    fitness    adj fit    stag 
	=====  =====  ======  =========  =========  ======
	  1     56      70      0.249      0.423      4   
	  2     56      18      0.299      0.428      4   
	  3      8      40      0.229      0.307      4   

Generation time: 236.423 sec  (229.976 average)
Population 'path_1' saved! Current generation: 57
Sample chosen: [983, 29, 49, 73, 606, 46, 625, 171, 700, 141]

********** Running generation 57 **********

Full population's fitness overview:
	-       best fitness: 0.46842
	-       mean fitness: 0.22745
	-      worst fitness: 0.00000
	- standard deviation: 0.11839
Best genome overview:
	- fitness: 0.46842
	- size (hid, conn): (0, 11)
	- genome id: 6817
	- belongs to specie: 1
Genetic distance:
	- Maximum: 2.706
	- Mean: 1.566
	- Minimum: 0.009
	- Standard deviation: 0.657

Population of 128 members in 3 species:
	 SID    age    size    fitness    adj fit    stag 
	=====  =====  ======  =========  =========  ======
	  1     57      49      0.468      0.433      0   
	  2     57      33      0.453      0.577      5   
	  3      9      46      0.447      0.536      0   

Generation time: 225.000 sec  (229.556 average)
Population 'path_1' saved! Current generation: 58
Sample chosen: [567, 543, 786, 371, 906, 441, 740, 778, 727, 594]

********** Running generation 58 **********

Full population's fitness overview:
	-       best fitness: 0.20372
	-       mean fitness: 0.07903
	-      worst fitness: 0.00000
	- standard deviation: 0.05526
Best genome overview:
	- fitness: 0.20372
	- size (hid, conn): (3, 20)
	- genome id: 6943
	- belongs to specie: 2
Genetic distance:
	- Maximum: 2.825
	- Mean: 1.636
	- Minimum: 0.000
	- Standard deviation: 0.618

Population of 128 members in 3 species:
	 SID    age    size    fitness    adj fit    stag 
	=====  =====  ======  =========  =========  ======
	  1     58      43      0.181      0.450      1   
	  2     58      42      0.204      0.410      6   
	  3     10      43      0.167      0.306      1   

Generation time: 235.856 sec  (230.355 average)
Population 'path_1' saved! Current generation: 59
Sample chosen: [39, 769, 428, 993, 597, 986, 231, 579, 548, 510]

********** Running generation 59 **********

Full population's fitness overview:
	-       best fitness: 0.22405
	-       mean fitness: 0.07421
	-      worst fitness: 0.00048
	- standard deviation: 0.04621
Best genome overview:
	- fitness: 0.22405
	- size (hid, conn): (3, 19)
	- genome id: 7024
	- belongs to specie: 2
Genetic distance:
	- Maximum: 2.759
	- Mean: 1.615
	- Minimum: 0.107
	- Standard deviation: 0.776

Population of 127 members in 3 species:
	 SID    age    size    fitness    adj fit    stag 
	=====  =====  ======  =========  =========  ======
	  1     59      8       0.167      0.353      2   
	  2     59      76      0.224      0.351      7   
	  3     11      43      0.168      0.286      2   

Generation time: 227.183 sec  (229.958 average)
Population 'path_1' saved! Current generation: 60
Sample chosen: [296, 151, 601, 388, 319, 328, 531, 694, 605, 681]

********** Running generation 60 **********

Full population's fitness overview:
	-       best fitness: 0.25456
	-       mean fitness: 0.10468
	-      worst fitness: 0.00000
	- standard deviation: 0.05720
Best genome overview:
	- fitness: 0.25456
	- size (hid, conn): (0, 12)
	- genome id: 7209
	- belongs to specie: 2
Genetic distance:
	- Maximum: 2.779
	- Mean: 1.703
	- Minimum: 0.005
	- Standard deviation: 0.860

Population of 127 members in 4 species:
	 SID    age    size    fitness    adj fit    stag 
	=====  =====  ======  =========  =========  ======
	  1     60      7       0.137      0.347      3   
	  2     60      49      0.255      0.381      8   
	  3     12      48      0.254      0.476      3   
	  4      0      23       --         --        0   

Generation time: 240.461 sec  (232.286 average)
Population 'path_1' saved! Current generation: 61
Sample chosen: [952, 443, 56, 705, 337, 224, 696, 173, 207, 662]

********** Running generation 61 **********

Full population's fitness overview:
	-       best fitness: 0.29979
	-       mean fitness: 0.07484
	-      worst fitness: 0.00009
	- standard deviation: 0.04744
Best genome overview:
	- fitness: 0.29979
	- size (hid, conn): (3, 20)
	- genome id: 7348
	- belongs to specie: 1
Genetic distance:
	- Maximum: 2.738
	- Mean: 1.739
	- Minimum: 0.000
	- Standard deviation: 0.959

Population of 127 members in 4 species:
	 SID    age    size    fitness    adj fit    stag 
	=====  =====  ======  =========  =========  ======
	  1     61      17      0.300      0.286      4   
	  2     61      34      0.166      0.260      9   
	  3     13      39      0.205      0.240      4   
	  4      1      37      0.164      0.235      0   

Generation time: 230.627 sec  (232.580 average)
Population 'path_1' saved! Current generation: 62
Sample chosen: [263, 9, 810, 223, 168, 340, 92, 373, 64, 346]

********** Running generation 62 **********

Full population's fitness overview:
	-       best fitness: 0.43530
	-       mean fitness: 0.20199
	-      worst fitness: 0.00000
	- standard deviation: 0.11908
Best genome overview:
	- fitness: 0.43530
	- size (hid, conn): (3, 20)
	- genome id: 7348
	- belongs to specie: 1
Genetic distance:
	- Maximum: 2.758
	- Mean: 1.691
	- Minimum: 0.000
	- Standard deviation: 0.973

Population of 127 members in 4 species:
	 SID    age    size    fitness    adj fit    stag 
	=====  =====  ======  =========  =========  ======
	  1     62      49      0.435      0.419      5   
	  2     62      6       0.422      0.517      10  
	  3     14      35      0.373      0.447      5   
	  4      2      37      0.387      0.454      0   

Generation time: 231.174 sec  (232.579 average)
Population 'path_1' saved! Current generation: 63
Sample chosen: [530, 64, 701, 84, 905, 765, 976, 532, 656, 242]

********** Running generation 63 **********

Full population's fitness overview:
	-       best fitness: 0.27695
	-       mean fitness: 0.11528
	-      worst fitness: 0.00000
	- standard deviation: 0.07196
Best genome overview:
	- fitness: 0.27695
	- size (hid, conn): (3, 20)
	- genome id: 7407
	- belongs to specie: 1
Genetic distance:
	- Maximum: 2.806
	- Mean: 1.700
	- Minimum: 0.000
	- Standard deviation: 0.949

Population of 127 members in 4 species:
	 SID    age    size    fitness    adj fit    stag 
	=====  =====  ======  =========  =========  ======
	  1     63      39      0.277      0.470      6   
	  2     63      23      0.253      0.548      11  
	  3     15      31      0.276      0.311      6   
	  4      3      34      0.275      0.423      1   

Generation time: 231.288 sec  (232.402 average)
Population 'path_1' saved! Current generation: 64
Sample chosen: [516, 374, 235, 62, 552, 766, 314, 473, 521, 491]

********** Running generation 64 **********

Full population's fitness overview:
	-       best fitness: 0.31091
	-       mean fitness: 0.13139
	-      worst fitness: 0.00261
	- standard deviation: 0.07263
Best genome overview:
	- fitness: 0.31091
	- size (hid, conn): (6, 20)
	- genome id: 7383
	- belongs to specie: 3
Genetic distance:
	- Maximum: 2.802
	- Mean: 1.697
	- Minimum: 0.000
	- Standard deviation: 0.951

Population of 127 members in 4 species:
	 SID    age    size    fitness    adj fit    stag 
	=====  =====  ======  =========  =========  ======
	  1     64      9       0.264      0.421      7   
	  2     64      58      0.276      0.466      12  
	  3     16      29      0.311      0.434      7   
	  4      4      31      0.293      0.366      2   

Generation time: 234.521 sec  (232.695 average)
Population 'path_1' saved! Current generation: 65
Sample chosen: [724, 762, 337, 106, 470, 883, 962, 40, 35, 175]

********** Running generation 65 **********

Full population's fitness overview:
	-       best fitness: 0.29698
	-       mean fitness: 0.11929
	-      worst fitness: 0.00000
	- standard deviation: 0.07778
Best genome overview:
	- fitness: 0.29698
	- size (hid, conn): (3, 19)
	- genome id: 7757
	- belongs to specie: 2
Genetic distance:
	- Maximum: 2.795
	- Mean: 1.629
	- Minimum: 0.006
	- Standard deviation: 0.999

Population of 128 members in 4 species:
	 SID    age    size    fitness    adj fit    stag 
	=====  =====  ======  =========  =========  ======
	  1     65      9       0.204      0.466      8   
	  2     65      60      0.297      0.436      13  
	  3     17      27      0.244      0.305      8   
	  4      5      32      0.269      0.409      3   

Generation time: 235.548 sec  (232.808 average)
Population 'path_1' saved! Current generation: 66
Sample chosen: [965, 377, 898, 975, 57, 779, 776, 542, 896, 688]

********** Running generation 66 **********

Full population's fitness overview:
	-       best fitness: 0.36353
	-       mean fitness: 0.15128
	-      worst fitness: 0.00000
	- standard deviation: 0.09405
Best genome overview:
	- fitness: 0.36353
	- size (hid, conn): (6, 20)
	- genome id: 7892
	- belongs to specie: 3
Genetic distance:
	- Maximum: 2.742
	- Mean: 1.671
	- Minimum: 0.000
	- Standard deviation: 0.951

Population of 129 members in 4 species:
	 SID    age    size    fitness    adj fit    stag 
	=====  =====  ======  =========  =========  ======
	  1     66      21      0.288      0.466      9   
	  2     66      48      0.357      0.372      14  
	  3     18      27      0.364      0.439      9   
	  4      6      33      0.337      0.466      4   

Generation time: 239.923 sec  (233.158 average)
Population 'path_1' saved! Current generation: 67
Sample chosen: [594, 445, 825, 861, 319, 25, 381, 15, 657, 895]

********** Running generation 67 **********

Full population's fitness overview:
	-       best fitness: 0.29685
	-       mean fitness: 0.10122
	-      worst fitness: 0.00000
	- standard deviation: 0.06107
Best genome overview:
	- fitness: 0.29685
	- size (hid, conn): (4, 23)
	- genome id: 8024
	- belongs to specie: 1
Genetic distance:
	- Maximum: 2.846
	- Mean: 1.666
	- Minimum: 0.012
	- Standard deviation: 0.942

Population of 128 members in 4 species:
	 SID    age    size    fitness    adj fit    stag 
	=====  =====  ======  =========  =========  ======
	  1     67      17      0.297      0.404      10  
	  2     67      51      0.198      0.329      15  
	  3     19      30      0.238      0.360      10  
	  4      7      30      0.226      0.303      5   

Generation time: 245.245 sec  (235.183 average)
Population 'path_1' saved! Current generation: 68
Sample chosen: [616, 329, 620, 396, 859, 805, 586, 775, 663, 505]

********** Running generation 68 **********

Full population's fitness overview:
	-       best fitness: 0.39322
	-       mean fitness: 0.17828
	-      worst fitness: 0.00000
	- standard deviation: 0.11096
Best genome overview:
	- fitness: 0.39322
	- size (hid, conn): (3, 20)
	- genome id: 7828
	- belongs to specie: 2
Genetic distance:
	- Maximum: 2.758
	- Mean: 1.713
	- Minimum: 0.000
	- Standard deviation: 0.932

Population of 128 members in 4 species:
	 SID    age    size    fitness    adj fit    stag 
	=====  =====  ======  =========  =========  ======
	  1     68      19      0.360      0.428      11  
	  2     68      47      0.393      0.480      16  
	  3     20      32      0.384      0.470      11  
	  4      8      30      0.348      0.406      6   

Generation time: 232.257 sec  (234.823 average)
Population 'path_1' saved! Current generation: 69
Sample chosen: [937, 108, 961, 801, 621, 911, 86, 180, 803, 524]

********** Running generation 69 **********

Full population's fitness overview:
	-       best fitness: 0.23026
	-       mean fitness: 0.07851
	-      worst fitness: 0.00000
	- standard deviation: 0.05635
Best genome overview:
	- fitness: 0.23026
	- size (hid, conn): (1, 15)
	- genome id: 8243
	- belongs to specie: 4
Genetic distance:
	- Maximum: 2.914
	- Mean: 1.753
	- Minimum: 0.000
	- Standard deviation: 0.882

Population of 129 members in 4 species:
	 SID    age    size    fitness    adj fit    stag 
	=====  =====  ======  =========  =========  ======
	  1     69      18      0.139      0.244      12  
	  2     69      41      0.193      0.298      17  
	  3     21      33      0.154      0.355      12  
	  4      9      37      0.230      0.455      7   

Generation time: 237.767 sec  (235.881 average)
Population 'path_1' saved! Current generation: 70
Sample chosen: [782, 965, 506, 198, 787, 418, 719, 855, 155, 97]

********** Running generation 70 **********

Full population's fitness overview:
	-       best fitness: 0.34001
	-       mean fitness: 0.13575
	-      worst fitness: 0.00000
	- standard deviation: 0.09489
Best genome overview:
	- fitness: 0.34001
	- size (hid, conn): (4, 19)
	- genome id: 8218
	- belongs to specie: 2
Genetic distance:
	- Maximum: 2.751
	- Mean: 1.720
	- Minimum: 0.000
	- Standard deviation: 0.880

Population of 129 members in 4 species:
	 SID    age    size    fitness    adj fit    stag 
	=====  =====  ======  =========  =========  ======
	  1     70      3       0.267      0.336      13  
	  2     70      56      0.340      0.373      18  
	  3     22      31      0.305      0.355      13  
	  4     10      39      0.322      0.498      8   

Generation time: 235.800 sec  (235.415 average)
Population 'path_1' saved! Current generation: 71
Sample chosen: [2, 946, 356, 81, 279, 117, 131, 779, 567, 556]

********** Running generation 71 **********

Full population's fitness overview:
	-       best fitness: 0.40960
	-       mean fitness: 0.14264
	-      worst fitness: 0.00000
	- standard deviation: 0.11558
Best genome overview:
	- fitness: 0.40960
	- size (hid, conn): (1, 15)
	- genome id: 8431
	- belongs to specie: 4
Genetic distance:
	- Maximum: 2.745
	- Mean: 1.718
	- Minimum: 0.013
	- Standard deviation: 0.837

Population of 129 members in 4 species:
	 SID    age    size    fitness    adj fit    stag 
	=====  =====  ======  =========  =========  ======
	  1     71      13      0.211      0.405      14  
	  2     71      54      0.405      0.361      19  
	  3     23      25      0.168      0.201      14  
	  4     11      37      0.410      0.442      0   

Generation time: 241.046 sec  (236.457 average)
Population 'path_1' saved! Current generation: 72
Sample chosen: [482, 869, 547, 808, 572, 157, 589, 510, 339, 16]

********** Running generation 72 **********

Full population's fitness overview:
	-       best fitness: 0.43222
	-       mean fitness: 0.10718
	-      worst fitness: 0.00000
	- standard deviation: 0.08407
Best genome overview:
	- fitness: 0.43222
	- size (hid, conn): (1, 13)
	- genome id: 8315
	- belongs to specie: 2

Species 3 with 25 members is stagnated: removing it

Species 1 with 13 members is stagnated: removing it
Genetic distance:
	- Maximum: 2.730
	- Mean: 1.513
	- Minimum: 0.026
	- Standard deviation: 0.806

Population of 128 members in 2 species:
	 SID    age    size    fitness    adj fit    stag 
	=====  =====  ======  =========  =========  ======
	  2     72      68      0.432      0.273      20  
	  4     12      60      0.293      0.244      1   

Generation time: 245.000 sec  (237.840 average)
Population 'path_1' saved! Current generation: 73
Sample chosen: [711, 264, 92, 770, 38, 109, 825, 281, 473, 459]

********** Running generation 73 **********

Full population's fitness overview:
	-       best fitness: 0.35547
	-       mean fitness: 0.13684
	-      worst fitness: 0.00000
	- standard deviation: 0.09423
Best genome overview:
	- fitness: 0.35547
	- size (hid, conn): (1, 13)
	- genome id: 8657
	- belongs to specie: 2
Genetic distance:
	- Maximum: 2.652
	- Mean: 1.438
	- Minimum: 0.000
	- Standard deviation: 0.868

Population of 128 members in 2 species:
	 SID    age    size    fitness    adj fit    stag 
	=====  =====  ======  =========  =========  ======
	  2     73      57      0.355      0.315      21  
	  4     13      71      0.313      0.464      2   

Generation time: 227.668 sec  (237.478 average)
Population 'path_1' saved! Current generation: 74
Sample chosen: [109, 407, 212, 675, 958, 25, 974, 496, 46, 7]

********** Running generation 74 **********

Full population's fitness overview:
	-       best fitness: 0.33272
	-       mean fitness: 0.15241
	-      worst fitness: 0.00000
	- standard deviation: 0.08056
Best genome overview:
	- fitness: 0.33272
	- size (hid, conn): (1, 15)
	- genome id: 8818
	- belongs to specie: 4
Genetic distance:
	- Maximum: 2.664
	- Mean: 1.524
	- Minimum: 0.007
	- Standard deviation: 0.828

Population of 128 members in 2 species:
	 SID    age    size    fitness    adj fit    stag 
	=====  =====  ======  =========  =========  ======
	  2     74      57      0.260      0.404      22  
	  4     14      71      0.333      0.501      3   

Generation time: 224.178 sec  (236.443 average)
Population 'path_1' saved! Current generation: 75
Sample chosen: [548, 734, 841, 884, 729, 933, 409, 484, 955, 75]

********** Running generation 75 **********

Full population's fitness overview:
	-       best fitness: 0.29676
	-       mean fitness: 0.15942
	-      worst fitness: 0.00004
	- standard deviation: 0.07351
Best genome overview:
	- fitness: 0.29676
	- size (hid, conn): (1, 13)
	- genome id: 8904
	- belongs to specie: 2
Genetic distance:
	- Maximum: 2.692
	- Mean: 1.617
	- Minimum: 0.000
	- Standard deviation: 0.706

Population of 128 members in 2 species:
	 SID    age    size    fitness    adj fit    stag 
	=====  =====  ======  =========  =========  ======
	  2     75      60      0.297      0.533      23  
	  4     15      68      0.288      0.541      4   

Generation time: 222.891 sec  (235.178 average)
Population 'path_1' saved! Current generation: 76
Sample chosen: [286, 776, 887, 321, 503, 122, 280, 727, 819, 889]

********** Running generation 76 **********

Full population's fitness overview:
	-       best fitness: 0.30622
	-       mean fitness: 0.10757
	-      worst fitness: 0.00000
	- standard deviation: 0.07465
Best genome overview:
	- fitness: 0.30622
	- size (hid, conn): (1, 14)
	- genome id: 9055
	- belongs to specie: 4
Genetic distance:
	- Maximum: 2.792
	- Mean: 1.531
	- Minimum: 0.000
	- Standard deviation: 0.762

Population of 128 members in 2 species:
	 SID    age    size    fitness    adj fit    stag 
	=====  =====  ======  =========  =========  ======
	  2     76      60      0.238      0.322      24  
	  4     16      68      0.306      0.377      5   

Generation time: 227.815 sec  (233.967 average)
Population 'path_1' saved! Current generation: 77
Sample chosen: [539, 155, 146, 97, 38, 728, 872, 289, 567, 899]

********** Running generation 77 **********

Full population's fitness overview:
	-       best fitness: 0.41121
	-       mean fitness: 0.13724
	-      worst fitness: 0.00000
	- standard deviation: 0.09813
Best genome overview:
	- fitness: 0.41121
	- size (hid, conn): (1, 14)
	- genome id: 9098
	- belongs to specie: 4
Genetic distance:
	- Maximum: 2.542
	- Mean: 1.366
	- Minimum: 0.041
	- Standard deviation: 0.786

Population of 127 members in 2 species:
	 SID    age    size    fitness    adj fit    stag 
	=====  =====  ======  =========  =========  ======
	  2     77      62      0.336      0.308      25  
	  4     17      65      0.411      0.356      0   

Generation time: 237.893 sec  (233.232 average)
Population 'path_1' saved! Current generation: 78
Sample chosen: [303, 231, 786, 336, 998, 470, 44, 542, 265, 127]

********** Running generation 78 **********

Full population's fitness overview:
	-       best fitness: 0.29408
	-       mean fitness: 0.06326
	-      worst fitness: 0.00000
	- standard deviation: 0.06025
Best genome overview:
	- fitness: 0.29408
	- size (hid, conn): (2, 15)
	- genome id: 8963
	- belongs to specie: 2
Genetic distance:
	- Maximum: 2.675
	- Mean: 1.395
	- Minimum: 0.013
	- Standard deviation: 0.792

Population of 128 members in 2 species:
	 SID    age    size    fitness    adj fit    stag 
	=====  =====  ======  =========  =========  ======
	  2     78      68      0.294      0.244      26  
	  4     18      60      0.216      0.187      1   

Generation time: 235.856 sec  (233.591 average)
Population 'path_1' saved! Current generation: 79
Sample chosen: [629, 230, 754, 816, 845, 528, 258, 923, 214, 370]

********** Running generation 79 **********

Full population's fitness overview:
	-       best fitness: 0.32496
	-       mean fitness: 0.08130
	-      worst fitness: 0.00000
	- standard deviation: 0.06431
Best genome overview:
	- fitness: 0.32496
	- size (hid, conn): (1, 14)
	- genome id: 9345
	- belongs to specie: 2
Genetic distance:
	- Maximum: 2.690
	- Mean: 1.472
	- Minimum: 0.001
	- Standard deviation: 0.743

Population of 128 members in 2 species:
	 SID    age    size    fitness    adj fit    stag 
	=====  =====  ======  =========  =========  ======
	  2     79      71      0.325      0.306      27  
	  4     19      57      0.183      0.186      2   

Generation time: 234.423 sec  (233.257 average)
Population 'path_1' saved! Current generation: 80
Sample chosen: [181, 378, 515, 752, 549, 259, 794, 218, 800, 738]

********** Running generation 80 **********

Full population's fitness overview:
	-       best fitness: 0.44985
	-       mean fitness: 0.14757
	-      worst fitness: 0.00000
	- standard deviation: 0.11988
Best genome overview:
	- fitness: 0.44985
	- size (hid, conn): (1, 14)
	- genome id: 9438
	- belongs to specie: 2
Genetic distance:
	- Maximum: 2.652
	- Mean: 1.465
	- Minimum: 0.006
	- Standard deviation: 0.699

Population of 128 members in 2 species:
	 SID    age    size    fitness    adj fit    stag 
	=====  =====  ======  =========  =========  ======
	  2     80      68      0.450      0.360      28  
	  4     20      60      0.331      0.288      3   

Generation time: 237.643 sec  (233.441 average)
Population 'path_1' saved! Current generation: 81
Sample chosen: [225, 977, 301, 464, 696, 436, 941, 206, 717, 773]

********** Running generation 81 **********

Full population's fitness overview:
	-       best fitness: 0.42881
	-       mean fitness: 0.22932
	-      worst fitness: 0.00000
	- standard deviation: 0.10226
Best genome overview:
	- fitness: 0.42881
	- size (hid, conn): (1, 14)
	- genome id: 9672
	- belongs to specie: 4
Genetic distance:
	- Maximum: 2.585
	- Mean: 1.409
	- Minimum: 0.022
	- Standard deviation: 0.708

Population of 128 members in 2 species:
	 SID    age    size    fitness    adj fit    stag 
	=====  =====  ======  =========  =========  ======
	  2     81      63      0.408      0.485      29  
	  4     21      65      0.429      0.591      0   

Generation time: 218.346 sec  (231.171 average)
Population 'path_1' saved! Current generation: 82
Sample chosen: [926, 294, 530, 186, 826, 445, 16, 920, 986, 125]

********** Running generation 82 **********

Full population's fitness overview:
	-       best fitness: 0.33255
	-       mean fitness: 0.11554
	-      worst fitness: 0.00000
	- standard deviation: 0.09260
Best genome overview:
	- fitness: 0.33255
	- size (hid, conn): (2, 15)
	- genome id: 9744
	- belongs to specie: 2
Genetic distance:
	- Maximum: 2.533
	- Mean: 1.405
	- Minimum: 0.000
	- Standard deviation: 0.682

Population of 128 members in 2 species:
	 SID    age    size    fitness    adj fit    stag 
	=====  =====  ======  =========  =========  ======
	  2     82      64      0.333      0.358      30  
	  4     22      64      0.296      0.337      1   

Generation time: 236.294 sec  (230.301 average)
Population 'path_1' saved! Current generation: 83
Sample chosen: [210, 59, 134, 643, 667, 579, 882, 781, 922, 31]

********** Running generation 83 **********

Full population's fitness overview:
	-       best fitness: 0.35758
	-       mean fitness: 0.15536
	-      worst fitness: 0.00046
	- standard deviation: 0.07750
Best genome overview:
	- fitness: 0.35758
	- size (hid, conn): (2, 16)
	- genome id: 9794
	- belongs to specie: 2
Genetic distance:
	- Maximum: 2.575
	- Mean: 1.509
	- Minimum: 0.000
	- Standard deviation: 0.647

Population of 128 members in 2 species:
	 SID    age    size    fitness    adj fit    stag 
	=====  =====  ======  =========  =========  ======
	  2     83      59      0.358      0.402      31  
	  4     23      69      0.296      0.465      2   

Generation time: 227.921 sec  (230.326 average)
Population 'path_1' saved! Current generation: 84
Sample chosen: [490, 746, 332, 951, 636, 379, 555, 430, 63, 648]

********** Running generation 84 **********

Full population's fitness overview:
	-       best fitness: 0.49666
	-       mean fitness: 0.24593
	-      worst fitness: 0.00000
	- standard deviation: 0.12655
Best genome overview:
	- fitness: 0.49666
	- size (hid, conn): (3, 16)
	- genome id: 9976
	- belongs to specie: 4
Genetic distance:
	- Maximum: 2.623
	- Mean: 1.520
	- Minimum: 0.009
	- Standard deviation: 0.569

Population of 128 members in 2 species:
	 SID    age    size    fitness    adj fit    stag 
	=====  =====  ======  =========  =========  ======
	  2     84      59      0.470      0.453      32  
	  4     24      69      0.497      0.531      0   

Generation time: 219.793 sec  (229.887 average)
Population 'path_1' saved! Current generation: 85
Sample chosen: [711, 649, 328, 643, 351, 189, 988, 816, 99, 653]

********** Running generation 85 **********

Full population's fitness overview:
	-       best fitness: 0.33349
	-       mean fitness: 0.10051
	-      worst fitness: 0.00000
	- standard deviation: 0.07742
Best genome overview:
	- fitness: 0.33349
	- size (hid, conn): (0, 11)
	- genome id: 9964
	- belongs to specie: 2
Genetic distance:
	- Maximum: 2.629
	- Mean: 1.515
	- Minimum: 0.008
	- Standard deviation: 0.567

Population of 128 members in 2 species:
	 SID    age    size    fitness    adj fit    stag 
	=====  =====  ======  =========  =========  ======
	  2     85      67      0.333      0.362      33  
	  4     25      61      0.277      0.249      1   

Generation time: 237.603 sec  (231.359 average)
Population 'path_1' saved! Current generation: 86
Sample chosen: [673, 19, 164, 914, 182, 930, 295, 788, 567, 733]

********** Running generation 86 **********

Full population's fitness overview:
	-       best fitness: 0.37631
	-       mean fitness: 0.13409
	-      worst fitness: 0.00000
	- standard deviation: 0.09921
Best genome overview:
	- fitness: 0.37631
	- size (hid, conn): (3, 16)
	- genome id: 10238
	- belongs to specie: 4
Genetic distance:
	- Maximum: 2.633
	- Mean: 1.436
	- Minimum: 0.048
	- Standard deviation: 0.553

Population of 128 members in 2 species:
	 SID    age    size    fitness    adj fit    stag 
	=====  =====  ======  =========  =========  ======
	  2     86      63      0.316      0.329      34  
	  4     26      65      0.376      0.386      2   

Generation time: 234.601 sec  (232.037 average)
Population 'path_1' saved! Current generation: 87
Sample chosen: [167, 477, 862, 29, 595, 555, 307, 285, 494, 801]

********** Running generation 87 **********

Full population's fitness overview:
	-       best fitness: 0.35053
	-       mean fitness: 0.13449
	-      worst fitness: 0.00000
	- standard deviation: 0.10472
Best genome overview:
	- fitness: 0.35053
	- size (hid, conn): (1, 13)
	- genome id: 10356
	- belongs to specie: 2
Genetic distance:
	- Maximum: 2.439
	- Mean: 1.313
	- Minimum: 0.073
	- Standard deviation: 0.609

Population of 128 members in 2 species:
	 SID    age    size    fitness    adj fit    stag 
	=====  =====  ======  =========  =========  ======
	  2     87      62      0.351      0.368      35  
	  4     27      66      0.349      0.399      3   

Generation time: 233.145 sec  (231.562 average)
Population 'path_1' saved! Current generation: 88
Sample chosen: [53, 946, 551, 364, 362, 471, 549, 862, 409, 64]

********** Running generation 88 **********

Full population's fitness overview:
	-       best fitness: 0.42237
	-       mean fitness: 0.15248
	-      worst fitness: 0.00000
	- standard deviation: 0.11111
Best genome overview:
	- fitness: 0.42237
	- size (hid, conn): (3, 16)
	- genome id: 10279
	- belongs to specie: 4
Genetic distance:
	- Maximum: 2.875
	- Mean: 1.280
	- Minimum: 0.008
	- Standard deviation: 0.659

Population of 128 members in 2 species:
	 SID    age    size    fitness    adj fit    stag 
	=====  =====  ======  =========  =========  ======
	  2     88      64      0.384      0.373      36  
	  4     28      64      0.422      0.350      4   

Generation time: 229.780 sec  (230.955 average)
Population 'path_1' saved! Current generation: 89
Sample chosen: [273, 516, 4, 119, 263, 508, 820, 91, 535, 131]

********** Running generation 89 **********

Full population's fitness overview:
	-       best fitness: 0.33845
	-       mean fitness: 0.13010
	-      worst fitness: 0.00001
	- standard deviation: 0.08903
Best genome overview:
	- fitness: 0.33845
	- size (hid, conn): (1, 13)
	- genome id: 10372
	- belongs to specie: 2
Genetic distance:
	- Maximum: 2.592
	- Mean: 1.274
	- Minimum: 0.008
	- Standard deviation: 0.650

Population of 128 members in 2 species:
	 SID    age    size    fitness    adj fit    stag 
	=====  =====  ======  =========  =========  ======
	  2     89      66      0.338      0.405      37  
	  4     29      62      0.330      0.364      5   

Generation time: 232.499 sec  (230.762 average)
Population 'path_1' saved! Current generation: 90
Sample chosen: [635, 335, 397, 844, 821, 293, 876, 14, 387, 423]

********** Running generation 90 **********

Full population's fitness overview:
	-       best fitness: 0.48822
	-       mean fitness: 0.16329
	-      worst fitness: 0.00011
	- standard deviation: 0.11380
Best genome overview:
	- fitness: 0.48822
	- size (hid, conn): (1, 14)
	- genome id: 10639
	- belongs to specie: 2
Genetic distance:
	- Maximum: 2.365
	- Mean: 1.346
	- Minimum: 0.007
	- Standard deviation: 0.565

Population of 127 members in 2 species:
	 SID    age    size    fitness    adj fit    stag 
	=====  =====  ======  =========  =========  ======
	  2     90      59      0.488      0.300      38  
	  4     30      68      0.367      0.370      6   

Generation time: 225.879 sec  (229.586 average)
Population 'path_1' saved! Current generation: 91
Sample chosen: [913, 778, 586, 283, 292, 977, 181, 888, 129, 81]

********** Running generation 91 **********

Full population's fitness overview:
	-       best fitness: 0.45250
	-       mean fitness: 0.21069
	-      worst fitness: 0.00000
	- standard deviation: 0.10440
Best genome overview:
	- fitness: 0.45250
	- size (hid, conn): (1, 16)
	- genome id: 10792
	- belongs to specie: 2
Genetic distance:
	- Maximum: 2.431
	- Mean: 1.351
	- Minimum: 0.000
	- Standard deviation: 0.594

Population of 128 members in 2 species:
	 SID    age    size    fitness    adj fit    stag 
	=====  =====  ======  =========  =========  ======
	  2     91      54      0.453      0.403      39  
	  4     31      74      0.431      0.520      7   

Generation time: 220.273 sec  (229.779 average)
Population 'path_1' saved! Current generation: 92
Sample chosen: [418, 980, 868, 399, 337, 283, 546, 79, 229, 299]

********** Running generation 92 **********

Full population's fitness overview:
	-       best fitness: 0.58331
	-       mean fitness: 0.18626
	-      worst fitness: 0.00000
	- standard deviation: 0.13429
Best genome overview:
	- fitness: 0.58331
	- size (hid, conn): (1, 16)
	- genome id: 10870
	- belongs to specie: 2
Genetic distance:
	- Maximum: 2.496
	- Mean: 1.392
	- Minimum: 0.000
	- Standard deviation: 0.577

Population of 128 members in 2 species:
	 SID    age    size    fitness    adj fit    stag 
	=====  =====  ======  =========  =========  ======
	  2     92      60      0.583      0.362      0   
	  4     32      68      0.529      0.288      0   

Generation time: 233.961 sec  (229.545 average)
Population 'path_1' saved! Current generation: 93
Sample chosen: [91, 885, 288, 907, 646, 351, 196, 318, 805, 642]

********** Running generation 93 **********

Full population's fitness overview:
	-       best fitness: 0.32324
	-       mean fitness: 0.10975
	-      worst fitness: 0.00000
	- standard deviation: 0.07645
Best genome overview:
	- fitness: 0.32324
	- size (hid, conn): (1, 13)
	- genome id: 11004
	- belongs to specie: 2
Genetic distance:
	- Maximum: 2.479
	- Mean: 1.435
	- Minimum: 0.007
	- Standard deviation: 0.651

Population of 127 members in 2 species:
	 SID    age    size    fitness    adj fit    stag 
	=====  =====  ======  =========  =========  ======
	  2     93      58      0.323      0.330      1   
	  4     33      69      0.249      0.348      1   

Generation time: 235.567 sec  (230.310 average)
Population 'path_1' saved! Current generation: 94
Sample chosen: [871, 128, 35, 68, 343, 846, 484, 117, 141, 149]

********** Running generation 94 **********

Full population's fitness overview:
	-       best fitness: 0.56903
	-       mean fitness: 0.13277
	-      worst fitness: 0.00000
	- standard deviation: 0.11909
Best genome overview:
	- fitness: 0.56903
	- size (hid, conn): (1, 13)
	- genome id: 10914
	- belongs to specie: 2
Genetic distance:
	- Maximum: 2.596
	- Mean: 1.455
	- Minimum: 0.076
	- Standard deviation: 0.646

Population of 128 members in 2 species:
	 SID    age    size    fitness    adj fit    stag 
	=====  =====  ======  =========  =========  ======
	  2     94      63      0.569      0.270      2   
	  4     34      65      0.376      0.203      2   

Generation time: 235.113 sec  (231.842 average)
Population 'path_1' saved! Current generation: 95
Sample chosen: [540, 965, 853, 928, 396, 753, 826, 253, 412, 789]

********** Running generation 95 **********

Full population's fitness overview:
	-       best fitness: 0.38957
	-       mean fitness: 0.17129
	-      worst fitness: 0.00000
	- standard deviation: 0.11416
Best genome overview:
	- fitness: 0.38957
	- size (hid, conn): (1, 13)
	- genome id: 11270
	- belongs to specie: 2
Genetic distance:
	- Maximum: 2.729
	- Mean: 1.468
	- Minimum: 0.000
	- Standard deviation: 0.644

Population of 128 members in 2 species:
	 SID    age    size    fitness    adj fit    stag 
	=====  =====  ======  =========  =========  ======
	  2     95      62      0.390      0.457      3   
	  4     35      66      0.332      0.423      3   

Generation time: 229.471 sec  (231.029 average)
Population 'path_1' saved! Current generation: 96
Sample chosen: [632, 206, 1, 802, 105, 266, 524, 127, 10, 35]

********** Running generation 96 **********

Full population's fitness overview:
	-       best fitness: 0.43907
	-       mean fitness: 0.19550
	-      worst fitness: 0.00000
	- standard deviation: 0.11358
Best genome overview:
	- fitness: 0.43907
	- size (hid, conn): (1, 13)
	- genome id: 11398
	- belongs to specie: 2
Genetic distance:
	- Maximum: 2.750
	- Mean: 1.500
	- Minimum: 0.008
	- Standard deviation: 0.728

Population of 128 members in 2 species:
	 SID    age    size    fitness    adj fit    stag 
	=====  =====  ======  =========  =========  ======
	  2     96      59      0.439      0.429      4   
	  4     36      69      0.398      0.461      4   

Generation time: 229.800 sec  (230.549 average)
Population 'path_1' saved! Current generation: 97
Sample chosen: [459, 94, 407, 136, 879, 840, 918, 583, 907, 925]

********** Running generation 97 **********

Full population's fitness overview:
	-       best fitness: 0.29814
	-       mean fitness: 0.12547
	-      worst fitness: 0.00000
	- standard deviation: 0.08526
Best genome overview:
	- fitness: 0.29814
	- size (hid, conn): (2, 14)
	- genome id: 11357
	- belongs to specie: 2
Genetic distance:
	- Maximum: 2.791
	- Mean: 1.434
	- Minimum: 0.005
	- Standard deviation: 0.851

Population of 128 members in 2 species:
	 SID    age    size    fitness    adj fit    stag 
	=====  =====  ======  =========  =========  ======
	  2     97      58      0.298      0.415      5   
	  4     37      70      0.288      0.426      5   

Generation time: 232.205 sec  (230.455 average)
Population 'path_1' saved! Current generation: 98
Sample chosen: [825, 527, 546, 950, 850, 757, 726, 224, 652, 956]

********** Running generation 98 **********

Full population's fitness overview:
	-       best fitness: 0.36130
	-       mean fitness: 0.14287
	-      worst fitness: 0.00000
	- standard deviation: 0.09326
Best genome overview:
	- fitness: 0.36130
	- size (hid, conn): (2, 14)
	- genome id: 11586
	- belongs to specie: 2
Genetic distance:
	- Maximum: 2.684
	- Mean: 1.525
	- Minimum: 0.033
	- Standard deviation: 0.780

Population of 128 members in 2 species:
	 SID    age    size    fitness    adj fit    stag 
	=====  =====  ======  =========  =========  ======
	  2     98      56      0.361      0.368      6   
	  4     38      72      0.306      0.418      6   

Generation time: 232.386 sec  (230.715 average)
Population 'path_1' saved! Current generation: 99
Sample chosen: [350, 2, 452, 840, 517, 921, 591, 756, 557, 667]

********** Running generation 99 **********

Full population's fitness overview:
	-       best fitness: 0.59130
	-       mean fitness: 0.28401
	-      worst fitness: 0.00000
	- standard deviation: 0.15604
Best genome overview:
	- fitness: 0.59130
	- size (hid, conn): (1, 12)
	- genome id: 11714
	- belongs to specie: 2
Genetic distance:
	- Maximum: 2.636
	- Mean: 1.426
	- Minimum: 0.004
	- Standard deviation: 0.815

Population of 128 members in 2 species:
	 SID    age    size    fitness    adj fit    stag 
	=====  =====  ======  =========  =========  ======
	  2     99      57      0.591      0.472      0   
	  4     39      71      0.538      0.486      0   

Generation time: 214.573 sec  (228.923 average)
Population 'path_1' saved! Current generation: 100

===> CREATING BLUEPRINTS <===

Creating blueprints for games: [1, 2, 3, 4, 5]

===> CREATING TRACES <===

Creating traces for games: [1, 2, 3, 4, 5]
