Population 'distance_1' saved! Current generation: 0

===> RUNNING FOR THE FOLLOWING CONFIGURATION: <===
	> fitness: distance
	> gru_enabled: True
	> sexual_reproduction: False
	> Saving under folder: NEAT-GRU
	> Train: True (100 iterations)
	> Create blueprints: True
	> Create traces: True


===> TRAINING <===

Sample chosen: [611, 838, 331, 248, 545, 987, 973, 177, 673, 216]

********** Running generation 0 **********

Full population's fitness overview:
	-       best fitness: 0.29335
	-       mean fitness: 0.11285
	-      worst fitness: 0.07490
	- standard deviation: 0.05146
Best genome overview:
	- fitness: 0.29335
	- size (hid, conn): (0, 16)
	- genome id: 108
	- belongs to specie: 2
Genetic distance:
	- Maximum: 2.996
	- Mean: 1.871
	- Minimum: 0.009
	- Standard deviation: 0.453

Population of 128 members in 2 species:
	 SID    age    size    fitness    adj fit    stag 
	=====  =====  ======  =========  =========  ======
	  1      0      94      0.289      0.167      0   
	  2      0      34      0.293      0.203      0   

Generation time: 65.362 sec
Population 'distance_1' saved! Current generation: 1
Sample chosen: [619, 629, 579, 166, 44, 897, 292, 825, 176, 7]

********** Running generation 1 **********

Full population's fitness overview:
	-       best fitness: 0.24462
	-       mean fitness: 0.14683
	-      worst fitness: 0.04000
	- standard deviation: 0.06194
Best genome overview:
	- fitness: 0.24462
	- size (hid, conn): (0, 17)
	- genome id: 179
	- belongs to specie: 1
Genetic distance:
	- Maximum: 3.240
	- Mean: 1.999
	- Minimum: 0.075
	- Standard deviation: 0.446

Population of 128 members in 2 species:
	 SID    age    size    fitness    adj fit    stag 
	=====  =====  ======  =========  =========  ======
	  1      1      68      0.245      0.500      1   
	  2      1      60      0.240      0.584      1   

Generation time: 66.023 sec  (65.693 average)
Population 'distance_1' saved! Current generation: 2
Sample chosen: [755, 502, 830, 918, 82, 397, 726, 879, 80, 803]

********** Running generation 2 **********

Full population's fitness overview:
	-       best fitness: 0.30869
	-       mean fitness: 0.17766
	-      worst fitness: 0.06470
	- standard deviation: 0.07423
Best genome overview:
	- fitness: 0.30869
	- size (hid, conn): (0, 16)
	- genome id: 37
	- belongs to specie: 1
Genetic distance:
	- Maximum: 2.956
	- Mean: 1.851
	- Minimum: 0.065
	- Standard deviation: 0.600

Population of 128 members in 2 species:
	 SID    age    size    fitness    adj fit    stag 
	=====  =====  ======  =========  =========  ======
	  1      2      55      0.309      0.444      0   
	  2      2      73      0.282      0.484      2   

Generation time: 73.403 sec  (68.263 average)
Population 'distance_1' saved! Current generation: 3
Sample chosen: [248, 250, 136, 952, 128, 870, 378, 664, 237, 149]

********** Running generation 3 **********

Full population's fitness overview:
	-       best fitness: 0.40583
	-       mean fitness: 0.23349
	-      worst fitness: 0.05244
	- standard deviation: 0.06249
Best genome overview:
	- fitness: 0.40583
	- size (hid, conn): (0, 16)
	- genome id: 378
	- belongs to specie: 1
Genetic distance:
	- Maximum: 2.540
	- Mean: 1.544
	- Minimum: 0.002
	- Standard deviation: 0.731

Population of 128 members in 2 species:
	 SID    age    size    fitness    adj fit    stag 
	=====  =====  ======  =========  =========  ======
	  1      3      56      0.406      0.504      0   
	  2      3      72      0.285      0.519      3   

Generation time: 69.600 sec  (68.597 average)
Population 'distance_1' saved! Current generation: 4
Sample chosen: [412, 216, 702, 867, 627, 527, 20, 442, 363, 70]

********** Running generation 4 **********

Full population's fitness overview:
	-       best fitness: 0.31284
	-       mean fitness: 0.21069
	-      worst fitness: 0.06910
	- standard deviation: 0.05908
Best genome overview:
	- fitness: 0.31284
	- size (hid, conn): (1, 15)
	- genome id: 526
	- belongs to specie: 1
Genetic distance:
	- Maximum: 2.442
	- Mean: 1.542
	- Minimum: 0.082
	- Standard deviation: 0.661

Population of 128 members in 2 species:
	 SID    age    size    fitness    adj fit    stag 
	=====  =====  ======  =========  =========  ======
	  1      4      57      0.313      0.573      1   
	  2      4      71      0.304      0.587      0   

Generation time: 71.691 sec  (69.216 average)
Population 'distance_1' saved! Current generation: 5
Sample chosen: [882, 591, 417, 884, 355, 407, 232, 50, 296, 742]

********** Running generation 5 **********

Full population's fitness overview:
	-       best fitness: 0.19778
	-       mean fitness: 0.12679
	-      worst fitness: 0.02986
	- standard deviation: 0.04365
Best genome overview:
	- fitness: 0.19778
	- size (hid, conn): (1, 16)
	- genome id: 614
	- belongs to specie: 1
Genetic distance:
	- Maximum: 2.545
	- Mean: 1.552
	- Minimum: 0.053
	- Standard deviation: 0.715

Population of 128 members in 2 species:
	 SID    age    size    fitness    adj fit    stag 
	=====  =====  ======  =========  =========  ======
	  1      5      61      0.198      0.648      2   
	  2      5      67      0.174      0.520      1   

Generation time: 74.366 sec  (70.074 average)
Population 'distance_1' saved! Current generation: 6
Sample chosen: [936, 871, 81, 181, 970, 991, 688, 386, 511, 85]

********** Running generation 6 **********

Full population's fitness overview:
	-       best fitness: 0.24709
	-       mean fitness: 0.16965
	-      worst fitness: 0.05738
	- standard deviation: 0.05080
Best genome overview:
	- fitness: 0.24709
	- size (hid, conn): (0, 15)
	- genome id: 808
	- belongs to specie: 2
Genetic distance:
	- Maximum: 2.609
	- Mean: 1.505
	- Minimum: 0.098
	- Standard deviation: 0.828

Population of 128 members in 2 species:
	 SID    age    size    fitness    adj fit    stag 
	=====  =====  ======  =========  =========  ======
	  1      6      65      0.238      0.632      3   
	  2      6      63      0.247      0.556      2   

Generation time: 76.023 sec  (70.924 average)
Population 'distance_1' saved! Current generation: 7
Sample chosen: [437, 774, 764, 313, 104, 925, 899, 751, 495, 511]

********** Running generation 7 **********

Full population's fitness overview:
	-       best fitness: 0.31753
	-       mean fitness: 0.18886
	-      worst fitness: 0.05277
	- standard deviation: 0.04167
Best genome overview:
	- fitness: 0.31753
	- size (hid, conn): (1, 14)
	- genome id: 918
	- belongs to specie: 1
Genetic distance:
	- Maximum: 2.632
	- Mean: 1.479
	- Minimum: 0.018
	- Standard deviation: 0.822

Population of 128 members in 2 species:
	 SID    age    size    fitness    adj fit    stag 
	=====  =====  ======  =========  =========  ======
	  1      7      65      0.318      0.527      4   
	  2      7      63      0.222      0.501      3   

Generation time: 74.450 sec  (71.365 average)
Population 'distance_1' saved! Current generation: 8
Sample chosen: [42, 792, 943, 2, 15, 370, 501, 556, 866, 982]

********** Running generation 8 **********

Full population's fitness overview:
	-       best fitness: 0.25811
	-       mean fitness: 0.15447
	-      worst fitness: 0.04407
	- standard deviation: 0.04359
Best genome overview:
	- fitness: 0.25811
	- size (hid, conn): (0, 13)
	- genome id: 1010
	- belongs to specie: 1
Genetic distance:
	- Maximum: 2.512
	- Mean: 1.545
	- Minimum: 0.098
	- Standard deviation: 0.752

Population of 128 members in 2 species:
	 SID    age    size    fitness    adj fit    stag 
	=====  =====  ======  =========  =========  ======
	  1      8      65      0.258      0.577      5   
	  2      8      63      0.187      0.452      4   

Generation time: 77.861 sec  (72.087 average)
Population 'distance_1' saved! Current generation: 9
Sample chosen: [652, 328, 907, 842, 166, 92, 336, 794, 558, 274]

********** Running generation 9 **********

Full population's fitness overview:
	-       best fitness: 0.47031
	-       mean fitness: 0.29278
	-      worst fitness: 0.06422
	- standard deviation: 0.09721
Best genome overview:
	- fitness: 0.47031
	- size (hid, conn): (2, 18)
	- genome id: 1095
	- belongs to specie: 1
Genetic distance:
	- Maximum: 2.925
	- Mean: 1.592
	- Minimum: 0.103
	- Standard deviation: 0.756

Population of 128 members in 2 species:
	 SID    age    size    fitness    adj fit    stag 
	=====  =====  ======  =========  =========  ======
	  1      9      66      0.470      0.642      0   
	  2      9      62      0.384      0.481      0   

Generation time: 70.245 sec  (71.902 average)
Population 'distance_1' saved! Current generation: 10
Sample chosen: [905, 781, 80, 398, 499, 566, 992, 372, 502, 304]

********** Running generation 10 **********

Full population's fitness overview:
	-       best fitness: 0.33586
	-       mean fitness: 0.20030
	-      worst fitness: 0.05280
	- standard deviation: 0.04848
Best genome overview:
	- fitness: 0.33586
	- size (hid, conn): (3, 19)
	- genome id: 1218
	- belongs to specie: 1
Genetic distance:
	- Maximum: 3.031
	- Mean: 1.549
	- Minimum: 0.003
	- Standard deviation: 0.858

Population of 127 members in 2 species:
	 SID    age    size    fitness    adj fit    stag 
	=====  =====  ======  =========  =========  ======
	  1     10      65      0.336      0.561      1   
	  2     10      62      0.233      0.478      1   

Generation time: 98.048 sec  (75.171 average)
Population 'distance_1' saved! Current generation: 11
Sample chosen: [633, 154, 966, 401, 864, 15, 872, 134, 889, 188]

********** Running generation 11 **********

Full population's fitness overview:
	-       best fitness: 0.40568
	-       mean fitness: 0.18693
	-      worst fitness: 0.04157
	- standard deviation: 0.09261
Best genome overview:
	- fitness: 0.40568
	- size (hid, conn): (3, 18)
	- genome id: 1339
	- belongs to specie: 1
Genetic distance:
	- Maximum: 2.957
	- Mean: 1.578
	- Minimum: 0.107
	- Standard deviation: 0.829

Population of 127 members in 2 species:
	 SID    age    size    fitness    adj fit    stag 
	=====  =====  ======  =========  =========  ======
	  1     11      74      0.406      0.542      2   
	  2     11      53      0.197      0.250      2   

Generation time: 80.991 sec  (76.668 average)
Population 'distance_1' saved! Current generation: 12
Sample chosen: [391, 167, 250, 510, 828, 547, 905, 197, 769, 506]

********** Running generation 12 **********

Full population's fitness overview:
	-       best fitness: 0.42902
	-       mean fitness: 0.29256
	-      worst fitness: 0.08197
	- standard deviation: 0.07972
Best genome overview:
	- fitness: 0.42902
	- size (hid, conn): (2, 17)
	- genome id: 1443
	- belongs to specie: 1
Genetic distance:
	- Maximum: 2.908
	- Mean: 1.577
	- Minimum: 0.184
	- Standard deviation: 0.837

Population of 128 members in 2 species:
	 SID    age    size    fitness    adj fit    stag 
	=====  =====  ======  =========  =========  ======
	  1     12      69      0.429      0.626      3   
	  2     12      59      0.352      0.581      3   

Generation time: 83.164 sec  (77.644 average)
Population 'distance_1' saved! Current generation: 13
Sample chosen: [651, 29, 947, 600, 368, 930, 256, 468, 728, 860]

********** Running generation 13 **********

Full population's fitness overview:
	-       best fitness: 0.33539
	-       mean fitness: 0.16562
	-      worst fitness: 0.02875
	- standard deviation: 0.07248
Best genome overview:
	- fitness: 0.33539
	- size (hid, conn): (2, 16)
	- genome id: 1585
	- belongs to specie: 1
Genetic distance:
	- Maximum: 3.027
	- Mean: 1.597
	- Minimum: 0.011
	- Standard deviation: 0.878

Population of 127 members in 2 species:
	 SID    age    size    fitness    adj fit    stag 
	=====  =====  ======  =========  =========  ======
	  1     13      69      0.335      0.520      4   
	  2     13      58      0.169      0.360      4   

Generation time: 76.222 sec  (78.306 average)
Population 'distance_1' saved! Current generation: 14
Sample chosen: [591, 639, 69, 832, 568, 396, 292, 48, 458, 430]

********** Running generation 14 **********

Full population's fitness overview:
	-       best fitness: 0.47294
	-       mean fitness: 0.22305
	-      worst fitness: 0.02820
	- standard deviation: 0.10557
Best genome overview:
	- fitness: 0.47294
	- size (hid, conn): (2, 16)
	- genome id: 1680
	- belongs to specie: 1
Genetic distance:
	- Maximum: 3.117
	- Mean: 1.613
	- Minimum: 0.004
	- Standard deviation: 0.927

Population of 128 members in 2 species:
	 SID    age    size    fitness    adj fit    stag 
	=====  =====  ======  =========  =========  ======
	  1     14      69      0.473      0.502      0   
	  2     14      59      0.274      0.362      5   

Generation time: 77.125 sec  (78.849 average)
Population 'distance_1' saved! Current generation: 15
Sample chosen: [355, 421, 356, 202, 241, 342, 841, 580, 829, 503]

********** Running generation 15 **********

Full population's fitness overview:
	-       best fitness: 0.35024
	-       mean fitness: 0.14850
	-      worst fitness: 0.01784
	- standard deviation: 0.06090
Best genome overview:
	- fitness: 0.35024
	- size (hid, conn): (2, 16)
	- genome id: 1818
	- belongs to specie: 1
Genetic distance:
	- Maximum: 3.166
	- Mean: 1.574
	- Minimum: 0.016
	- Standard deviation: 1.002

Population of 128 members in 2 species:
	 SID    age    size    fitness    adj fit    stag 
	=====  =====  ======  =========  =========  ======
	  1     15      69      0.350      0.458      1   
	  2     15      59      0.145      0.317      6   

Generation time: 83.988 sec  (79.812 average)
Population 'distance_1' saved! Current generation: 16
Sample chosen: [189, 887, 580, 460, 734, 333, 368, 378, 857, 572]

********** Running generation 16 **********

Full population's fitness overview:
	-       best fitness: 0.45444
	-       mean fitness: 0.29341
	-      worst fitness: 0.02822
	- standard deviation: 0.09795
Best genome overview:
	- fitness: 0.45444
	- size (hid, conn): (2, 19)
	- genome id: 1951
	- belongs to specie: 1
Genetic distance:
	- Maximum: 3.162
	- Mean: 1.633
	- Minimum: 0.000
	- Standard deviation: 0.910

Population of 128 members in 2 species:
	 SID    age    size    fitness    adj fit    stag 
	=====  =====  ======  =========  =========  ======
	  1     16      64      0.454      0.632      2   
	  2     16      64      0.367      0.610      7   

Generation time: 75.378 sec  (79.747 average)
Population 'distance_1' saved! Current generation: 17
Sample chosen: [910, 484, 744, 699, 2, 885, 792, 866, 585, 798]

********** Running generation 17 **********

Full population's fitness overview:
	-       best fitness: 0.32715
	-       mean fitness: 0.20620
	-      worst fitness: 0.05280
	- standard deviation: 0.05868
Best genome overview:
	- fitness: 0.32715
	- size (hid, conn): (2, 18)
	- genome id: 2070
	- belongs to specie: 1
Genetic distance:
	- Maximum: 3.204
	- Mean: 1.611
	- Minimum: 0.004
	- Standard deviation: 1.017

Population of 128 members in 2 species:
	 SID    age    size    fitness    adj fit    stag 
	=====  =====  ======  =========  =========  ======
	  1     17      64      0.327      0.609      3   
	  2     17      64      0.266      0.509      8   

Generation time: 85.576 sec  (80.860 average)
Population 'distance_1' saved! Current generation: 18
Sample chosen: [37, 463, 580, 407, 665, 311, 61, 127, 737, 682]

********** Running generation 18 **********

Full population's fitness overview:
	-       best fitness: 0.26298
	-       mean fitness: 0.16431
	-      worst fitness: 0.02975
	- standard deviation: 0.05946
Best genome overview:
	- fitness: 0.26298
	- size (hid, conn): (2, 17)
	- genome id: 2176
	- belongs to specie: 1
Genetic distance:
	- Maximum: 3.069
	- Mean: 1.627
	- Minimum: 0.000
	- Standard deviation: 1.029

Population of 128 members in 2 species:
	 SID    age    size    fitness    adj fit    stag 
	=====  =====  ======  =========  =========  ======
	  1     18      65      0.263      0.649      4   
	  2     18      63      0.199      0.505      9   

Generation time: 83.125 sec  (81.386 average)
Population 'distance_1' saved! Current generation: 19
Sample chosen: [18, 995, 442, 705, 297, 148, 361, 156, 218, 792]

********** Running generation 19 **********

Full population's fitness overview:
	-       best fitness: 0.30461
	-       mean fitness: 0.18516
	-      worst fitness: 0.04292
	- standard deviation: 0.05641
Best genome overview:
	- fitness: 0.30461
	- size (hid, conn): (2, 18)
	- genome id: 2174
	- belongs to specie: 1
Genetic distance:
	- Maximum: 3.058
	- Mean: 1.734
	- Minimum: 0.000
	- Standard deviation: 0.883

Population of 127 members in 2 species:
	 SID    age    size    fitness    adj fit    stag 
	=====  =====  ======  =========  =========  ======
	  1     19      65      0.305      0.596      5   
	  2     19      62      0.217      0.489      10  

Generation time: 83.527 sec  (82.714 average)
Population 'distance_1' saved! Current generation: 20
Sample chosen: [858, 699, 894, 110, 500, 81, 180, 804, 900, 386]

********** Running generation 20 **********

Full population's fitness overview:
	-       best fitness: 0.32319
	-       mean fitness: 0.21049
	-      worst fitness: 0.07578
	- standard deviation: 0.05604
Best genome overview:
	- fitness: 0.32319
	- size (hid, conn): (2, 16)
	- genome id: 2404
	- belongs to specie: 1
Genetic distance:
	- Maximum: 3.173
	- Mean: 1.701
	- Minimum: 0.007
	- Standard deviation: 0.970

Population of 127 members in 2 species:
	 SID    age    size    fitness    adj fit    stag 
	=====  =====  ======  =========  =========  ======
	  1     20      65      0.323      0.602      6   
	  2     20      62      0.264      0.485      11  

Generation time: 85.513 sec  (81.461 average)
Population 'distance_1' saved! Current generation: 21
Sample chosen: [154, 52, 389, 899, 805, 330, 262, 498, 709, 221]

********** Running generation 21 **********

Full population's fitness overview:
	-       best fitness: 0.50590
	-       mean fitness: 0.20422
	-      worst fitness: 0.03077
	- standard deviation: 0.11156
Best genome overview:
	- fitness: 0.50590
	- size (hid, conn): (2, 16)
	- genome id: 2526
	- belongs to specie: 1
Genetic distance:
	- Maximum: 3.032
	- Mean: 1.624
	- Minimum: 0.010
	- Standard deviation: 0.923

Population of 127 members in 2 species:
	 SID    age    size    fitness    adj fit    stag 
	=====  =====  ======  =========  =========  ======
	  1     21      74      0.506      0.495      0   
	  2     21      53      0.195      0.229      12  

Generation time: 86.298 sec  (81.992 average)
Population 'distance_1' saved! Current generation: 22
Sample chosen: [153, 266, 258, 223, 60, 929, 160, 979, 719, 21]

********** Running generation 22 **********

Full population's fitness overview:
	-       best fitness: 0.36787
	-       mean fitness: 0.19983
	-      worst fitness: 0.04284
	- standard deviation: 0.05704
Best genome overview:
	- fitness: 0.36787
	- size (hid, conn): (2, 18)
	- genome id: 2679
	- belongs to specie: 1
Genetic distance:
	- Maximum: 3.011
	- Mean: 1.616
	- Minimum: 0.007
	- Standard deviation: 0.935

Population of 128 members in 2 species:
	 SID    age    size    fitness    adj fit    stag 
	=====  =====  ======  =========  =========  ======
	  1     22      69      0.368      0.517      1   
	  2     22      59      0.250      0.435      13  

Generation time: 82.778 sec  (81.953 average)
Population 'distance_1' saved! Current generation: 23
Sample chosen: [975, 522, 451, 784, 179, 543, 774, 848, 763, 979]

********** Running generation 23 **********

Full population's fitness overview:
	-       best fitness: 0.65531
	-       mean fitness: 0.30766
	-      worst fitness: 0.05413
	- standard deviation: 0.13209
Best genome overview:
	- fitness: 0.65531
	- size (hid, conn): (3, 18)
	- genome id: 2782
	- belongs to specie: 1
Genetic distance:
	- Maximum: 3.012
	- Mean: 1.645
	- Minimum: 0.000
	- Standard deviation: 0.904

Population of 128 members in 2 species:
	 SID    age    size    fitness    adj fit    stag 
	=====  =====  ======  =========  =========  ======
	  1     23      73      0.655      0.532      0   
	  2     23      55      0.282      0.293      14  

Generation time: 84.316 sec  (82.762 average)
Population 'distance_1' saved! Current generation: 24
Sample chosen: [3, 15, 933, 679, 194, 776, 747, 470, 606, 786]

********** Running generation 24 **********

Full population's fitness overview:
	-       best fitness: 0.32453
	-       mean fitness: 0.18230
	-      worst fitness: 0.04091
	- standard deviation: 0.05274
Best genome overview:
	- fitness: 0.32453
	- size (hid, conn): (2, 18)
	- genome id: 2934
	- belongs to specie: 1
Genetic distance:
	- Maximum: 3.049
	- Mean: 1.639
	- Minimum: 0.000
	- Standard deviation: 1.029

Population of 128 members in 2 species:
	 SID    age    size    fitness    adj fit    stag 
	=====  =====  ======  =========  =========  ======
	  1     24      70      0.325      0.558      1   
	  2     24      58      0.194      0.420      15  

Generation time: 84.914 sec  (83.541 average)
Population 'distance_1' saved! Current generation: 25
Sample chosen: [355, 103, 941, 332, 637, 997, 934, 876, 385, 404]

********** Running generation 25 **********

Full population's fitness overview:
	-       best fitness: 0.47796
	-       mean fitness: 0.14023
	-      worst fitness: 0.03103
	- standard deviation: 0.05752
Best genome overview:
	- fitness: 0.47796
	- size (hid, conn): (2, 18)
	- genome id: 2934
	- belongs to specie: 1
Genetic distance:
	- Maximum: 3.094
	- Mean: 1.681
	- Minimum: 0.016
	- Standard deviation: 0.901

Population of 128 members in 2 species:
	 SID    age    size    fitness    adj fit    stag 
	=====  =====  ======  =========  =========  ======
	  1     25      69      0.478      0.281      2   
	  2     25      59      0.191      0.200      16  

Generation time: 82.542 sec  (83.397 average)
Population 'distance_1' saved! Current generation: 26
Sample chosen: [811, 31, 136, 656, 416, 503, 848, 861, 978, 380]

********** Running generation 26 **********

Full population's fitness overview:
	-       best fitness: 0.60527
	-       mean fitness: 0.19901
	-      worst fitness: 0.01762
	- standard deviation: 0.15647
Best genome overview:
	- fitness: 0.60527
	- size (hid, conn): (0, 12)
	- genome id: 3122
	- belongs to specie: 1
Genetic distance:
	- Maximum: 3.007
	- Mean: 1.581
	- Minimum: 0.028
	- Standard deviation: 0.897

Population of 128 members in 2 species:
	 SID    age    size    fitness    adj fit    stag 
	=====  =====  ======  =========  =========  ======
	  1     26      81      0.605      0.461      3   
	  2     26      47      0.163      0.131      17  

Generation time: 84.904 sec  (84.349 average)
Population 'distance_1' saved! Current generation: 27
Sample chosen: [445, 455, 554, 566, 530, 280, 274, 679, 511, 484]

********** Running generation 27 **********

Full population's fitness overview:
	-       best fitness: 0.52002
	-       mean fitness: 0.16227
	-      worst fitness: 0.01733
	- standard deviation: 0.09308
Best genome overview:
	- fitness: 0.52002
	- size (hid, conn): (0, 12)
	- genome id: 3285
	- belongs to specie: 1
Genetic distance:
	- Maximum: 3.035
	- Mean: 1.614
	- Minimum: 0.016
	- Standard deviation: 0.925

Population of 128 members in 2 species:
	 SID    age    size    fitness    adj fit    stag 
	=====  =====  ======  =========  =========  ======
	  1     27      76      0.520      0.331      4   
	  2     27      52      0.224      0.216      18  

Generation time: 83.039 sec  (84.096 average)
Population 'distance_1' saved! Current generation: 28
Sample chosen: [183, 597, 603, 158, 853, 941, 376, 816, 43, 759]

********** Running generation 28 **********

Full population's fitness overview:
	-       best fitness: 0.61104
	-       mean fitness: 0.29061
	-      worst fitness: 0.04088
	- standard deviation: 0.13614
Best genome overview:
	- fitness: 0.61104
	- size (hid, conn): (2, 16)
	- genome id: 3371
	- belongs to specie: 1
Genetic distance:
	- Maximum: 3.025
	- Mean: 1.704
	- Minimum: 0.037
	- Standard deviation: 0.898

Population of 127 members in 2 species:
	 SID    age    size    fitness    adj fit    stag 
	=====  =====  ======  =========  =========  ======
	  1     28      76      0.611      0.537      5   
	  2     28      51      0.287      0.293      19  

Generation time: 81.621 sec  (83.945 average)
Population 'distance_1' saved! Current generation: 29
Sample chosen: [734, 719, 389, 154, 990, 885, 242, 98, 827, 25]

********** Running generation 29 **********

Full population's fitness overview:
	-       best fitness: 0.61353
	-       mean fitness: 0.31261
	-      worst fitness: 0.07597
	- standard deviation: 0.11256
Best genome overview:
	- fitness: 0.61353
	- size (hid, conn): (0, 12)
	- genome id: 3512
	- belongs to specie: 1
Genetic distance:
	- Maximum: 3.084
	- Mean: 1.830
	- Minimum: 0.018
	- Standard deviation: 0.866

Population of 128 members in 2 species:
	 SID    age    size    fitness    adj fit    stag 
	=====  =====  ======  =========  =========  ======
	  1     29      71      0.614      0.474      6   
	  2     29      57      0.344      0.390      20  

Generation time: 78.889 sec  (83.482 average)
Population 'distance_1' saved! Current generation: 30
Sample chosen: [557, 491, 194, 163, 821, 542, 547, 981, 54, 504]

********** Running generation 30 **********

Full population's fitness overview:
	-       best fitness: 0.80673
	-       mean fitness: 0.36973
	-      worst fitness: 0.07750
	- standard deviation: 0.13616
Best genome overview:
	- fitness: 0.80673
	- size (hid, conn): (2, 16)
	- genome id: 3586
	- belongs to specie: 1
Genetic distance:
	- Maximum: 3.065
	- Mean: 1.966
	- Minimum: 0.027
	- Standard deviation: 0.791

Population of 127 members in 2 species:
	 SID    age    size    fitness    adj fit    stag 
	=====  =====  ======  =========  =========  ======
	  1     30      69      0.807      0.448      0   
	  2     30      58      0.421      0.342      0   

Generation time: 80.794 sec  (83.010 average)
Population 'distance_1' saved! Current generation: 31
Sample chosen: [612, 738, 375, 447, 812, 710, 909, 168, 939, 300]

********** Running generation 31 **********

Full population's fitness overview:
	-       best fitness: 0.67776
	-       mean fitness: 0.24470
	-      worst fitness: 0.06757
	- standard deviation: 0.16487
Best genome overview:
	- fitness: 0.67776
	- size (hid, conn): (2, 16)
	- genome id: 3712
	- belongs to specie: 1
Genetic distance:
	- Maximum: 2.977
	- Mean: 1.914
	- Minimum: 0.026
	- Standard deviation: 0.809

Population of 128 members in 2 species:
	 SID    age    size    fitness    adj fit    stag 
	=====  =====  ======  =========  =========  ======
	  1     31      81      0.678      0.423      1   
	  2     31      47      0.221      0.132      1   

Generation time: 84.962 sec  (82.876 average)
Population 'distance_1' saved! Current generation: 32
Sample chosen: [19, 24, 150, 537, 939, 731, 694, 82, 304, 181]

********** Running generation 32 **********

Full population's fitness overview:
	-       best fitness: 0.71441
	-       mean fitness: 0.30732
	-      worst fitness: 0.04452
	- standard deviation: 0.18597
Best genome overview:
	- fitness: 0.71441
	- size (hid, conn): (0, 12)
	- genome id: 3888
	- belongs to specie: 1
Genetic distance:
	- Maximum: 2.972
	- Mean: 1.829
	- Minimum: 0.023
	- Standard deviation: 0.784

Population of 127 members in 2 species:
	 SID    age    size    fitness    adj fit    stag 
	=====  =====  ======  =========  =========  ======
	  1     32      84      0.714      0.511      2   
	  2     32      43      0.280      0.188      2   

Generation time: 82.941 sec  (82.892 average)
Population 'distance_1' saved! Current generation: 33
Sample chosen: [993, 47, 257, 776, 17, 609, 50, 487, 300, 557]

********** Running generation 33 **********

Full population's fitness overview:
	-       best fitness: 0.59993
	-       mean fitness: 0.29725
	-      worst fitness: 0.04169
	- standard deviation: 0.13816
Best genome overview:
	- fitness: 0.59993
	- size (hid, conn): (1, 13)
	- genome id: 3997
	- belongs to specie: 1
Genetic distance:
	- Maximum: 2.976
	- Mean: 1.812
	- Minimum: 0.023
	- Standard deviation: 0.756

Population of 128 members in 2 species:
	 SID    age    size    fitness    adj fit    stag 
	=====  =====  ======  =========  =========  ======
	  1     33      82      0.600      0.551      3   
	  2     33      46      0.290      0.276      3   

Generation time: 81.371 sec  (82.598 average)
Population 'distance_1' saved! Current generation: 34
Sample chosen: [162, 934, 523, 289, 149, 813, 418, 300, 49, 314]

********** Running generation 34 **********

Full population's fitness overview:
	-       best fitness: 0.59334
	-       mean fitness: 0.23959
	-      worst fitness: 0.05408
	- standard deviation: 0.10312
Best genome overview:
	- fitness: 0.59334
	- size (hid, conn): (1, 13)
	- genome id: 4077
	- belongs to specie: 1
Genetic distance:
	- Maximum: 3.050
	- Mean: 2.004
	- Minimum: 0.111
	- Standard deviation: 0.712

Population of 128 members in 2 species:
	 SID    age    size    fitness    adj fit    stag 
	=====  =====  ======  =========  =========  ======
	  1     34      76      0.593      0.387      4   
	  2     34      52      0.264      0.268      4   

Generation time: 86.775 sec  (82.784 average)
Population 'distance_1' saved! Current generation: 35
Sample chosen: [486, 399, 137, 742, 18, 927, 546, 422, 25, 38]

********** Running generation 35 **********

Full population's fitness overview:
	-       best fitness: 0.62003
	-       mean fitness: 0.21364
	-      worst fitness: 0.04417
	- standard deviation: 0.12434
Best genome overview:
	- fitness: 0.62003
	- size (hid, conn): (1, 11)
	- genome id: 4204
	- belongs to specie: 1
Genetic distance:
	- Maximum: 2.961
	- Mean: 1.986
	- Minimum: 0.039
	- Standard deviation: 0.780

Population of 128 members in 2 species:
	 SID    age    size    fitness    adj fit    stag 
	=====  =====  ======  =========  =========  ======
	  1     35      80      0.620      0.384      5   
	  2     35      48      0.228      0.163      5   

Generation time: 86.481 sec  (83.178 average)
Population 'distance_1' saved! Current generation: 36
Sample chosen: [827, 832, 21, 328, 894, 591, 470, 791, 858, 615]

********** Running generation 36 **********

Full population's fitness overview:
	-       best fitness: 0.52717
	-       mean fitness: 0.25092
	-      worst fitness: 0.06521
	- standard deviation: 0.10356
Best genome overview:
	- fitness: 0.52717
	- size (hid, conn): (1, 10)
	- genome id: 4080
	- belongs to specie: 1
Genetic distance:
	- Maximum: 3.129
	- Mean: 1.798
	- Minimum: 0.008
	- Standard deviation: 0.906

Population of 128 members in 2 species:
	 SID    age    size    fitness    adj fit    stag 
	=====  =====  ======  =========  =========  ======
	  1     36      72      0.527      0.432      6   
	  2     36      56      0.329      0.351      6   

Generation time: 85.039 sec  (83.191 average)
Population 'distance_1' saved! Current generation: 37
Sample chosen: [994, 495, 619, 498, 586, 968, 606, 362, 357, 338]

********** Running generation 37 **********

Full population's fitness overview:
	-       best fitness: 0.57314
	-       mean fitness: 0.24837
	-      worst fitness: 0.05407
	- standard deviation: 0.13883
Best genome overview:
	- fitness: 0.57314
	- size (hid, conn): (0, 12)
	- genome id: 4427
	- belongs to specie: 1
Genetic distance:
	- Maximum: 3.054
	- Mean: 1.686
	- Minimum: 0.009
	- Standard deviation: 0.950

Population of 126 members in 2 species:
	 SID    age    size    fitness    adj fit    stag 
	=====  =====  ======  =========  =========  ======
	  1     37      78      0.573      0.504      7   
	  2     37      48      0.228      0.208      7   

Generation time: 84.999 sec  (83.387 average)
Population 'distance_1' saved! Current generation: 38
Sample chosen: [153, 660, 113, 953, 641, 778, 351, 771, 870, 230]

********** Running generation 38 **********

Full population's fitness overview:
	-       best fitness: 0.72973
	-       mean fitness: 0.24111
	-      worst fitness: 0.02940
	- standard deviation: 0.14557
Best genome overview:
	- fitness: 0.72973
	- size (hid, conn): (1, 11)
	- genome id: 4596
	- belongs to specie: 1
Genetic distance:
	- Maximum: 3.060
	- Mean: 1.761
	- Minimum: 0.019
	- Standard deviation: 0.953

Population of 128 members in 2 species:
	 SID    age    size    fitness    adj fit    stag 
	=====  =====  ======  =========  =========  ======
	  1     38      79      0.730      0.367      8   
	  2     38      49      0.262      0.197      8   

Generation time: 85.879 sec  (83.813 average)
Population 'distance_1' saved! Current generation: 39
Sample chosen: [382, 219, 958, 730, 215, 850, 770, 746, 140, 323]

********** Running generation 39 **********

Full population's fitness overview:
	-       best fitness: 0.65974
	-       mean fitness: 0.30695
	-      worst fitness: 0.06666
	- standard deviation: 0.13425
Best genome overview:
	- fitness: 0.65974
	- size (hid, conn): (1, 13)
	- genome id: 4724
	- belongs to specie: 1
Genetic distance:
	- Maximum: 3.040
	- Mean: 1.677
	- Minimum: 0.009
	- Standard deviation: 0.946

Population of 128 members in 2 species:
	 SID    age    size    fitness    adj fit    stag 
	=====  =====  ======  =========  =========  ======
	  1     39      75      0.660      0.469      9   
	  2     39      53      0.381      0.302      9   

Generation time: 82.450 sec  (84.169 average)
Population 'distance_1' saved! Current generation: 40
Sample chosen: [783, 914, 868, 311, 317, 794, 170, 592, 266, 570]

********** Running generation 40 **********

Full population's fitness overview:
	-       best fitness: 0.58109
	-       mean fitness: 0.25196
	-      worst fitness: 0.04251
	- standard deviation: 0.12648
Best genome overview:
	- fitness: 0.58109
	- size (hid, conn): (1, 13)
	- genome id: 4785
	- belongs to specie: 1
Genetic distance:
	- Maximum: 3.042
	- Mean: 1.727
	- Minimum: 0.000
	- Standard deviation: 0.895

Population of 128 members in 2 species:
	 SID    age    size    fitness    adj fit    stag 
	=====  =====  ======  =========  =========  ======
	  1     40      76      0.581      0.479      10  
	  2     40      52      0.291      0.261      10  

Generation time: 85.579 sec  (84.648 average)
Population 'distance_1' saved! Current generation: 41
Sample chosen: [832, 388, 854, 186, 469, 656, 620, 233, 668, 904]

********** Running generation 41 **********

Full population's fitness overview:
	-       best fitness: 0.53162
	-       mean fitness: 0.28359
	-      worst fitness: 0.04143
	- standard deviation: 0.10944
Best genome overview:
	- fitness: 0.53162
	- size (hid, conn): (1, 13)
	- genome id: 4911
	- belongs to specie: 1
Genetic distance:
	- Maximum: 3.009
	- Mean: 1.855
	- Minimum: 0.086
	- Standard deviation: 0.945

Population of 127 members in 2 species:
	 SID    age    size    fitness    adj fit    stag 
	=====  =====  ======  =========  =========  ======
	  1     41      71      0.532      0.542      11  
	  2     41      56      0.376      0.423      11  

Generation time: 87.404 sec  (84.892 average)
Population 'distance_1' saved! Current generation: 42
Sample chosen: [194, 628, 834, 943, 259, 779, 814, 59, 573, 465]

********** Running generation 42 **********

Full population's fitness overview:
	-       best fitness: 0.48558
	-       mean fitness: 0.22503
	-      worst fitness: 0.05435
	- standard deviation: 0.10648
Best genome overview:
	- fitness: 0.48558
	- size (hid, conn): (1, 13)
	- genome id: 5023
	- belongs to specie: 1
Genetic distance:
	- Maximum: 3.039
	- Mean: 1.915
	- Minimum: 0.077
	- Standard deviation: 0.941

Population of 128 members in 2 species:
	 SID    age    size    fitness    adj fit    stag 
	=====  =====  ======  =========  =========  ======
	  1     42      73      0.486      0.480      12  
	  2     42      55      0.242      0.289      12  

Generation time: 87.076 sec  (85.305 average)
Population 'distance_1' saved! Current generation: 43
Sample chosen: [650, 143, 739, 954, 206, 457, 567, 785, 247, 668]

********** Running generation 43 **********

Full population's fitness overview:
	-       best fitness: 0.64771
	-       mean fitness: 0.35204
	-      worst fitness: 0.05163
	- standard deviation: 0.12115
Best genome overview:
	- fitness: 0.64771
	- size (hid, conn): (1, 11)
	- genome id: 5181
	- belongs to specie: 1
Genetic distance:
	- Maximum: 3.111
	- Mean: 1.906
	- Minimum: 0.031
	- Standard deviation: 1.016

Population of 128 members in 2 species:
	 SID    age    size    fitness    adj fit    stag 
	=====  =====  ======  =========  =========  ======
	  1     43      73      0.648      0.603      13  
	  2     43      55      0.346      0.372      13  

Generation time: 85.076 sec  (85.676 average)
Population 'distance_1' saved! Current generation: 44
Sample chosen: [291, 830, 446, 292, 750, 184, 64, 779, 120, 369]

********** Running generation 44 **********

Full population's fitness overview:
	-       best fitness: 0.68769
	-       mean fitness: 0.31482
	-      worst fitness: 0.06627
	- standard deviation: 0.14675
Best genome overview:
	- fitness: 0.68769
	- size (hid, conn): (1, 11)
	- genome id: 5264
	- belongs to specie: 1
Genetic distance:
	- Maximum: 3.118
	- Mean: 1.881
	- Minimum: 0.009
	- Standard deviation: 1.061

Population of 128 members in 2 species:
	 SID    age    size    fitness    adj fit    stag 
	=====  =====  ======  =========  =========  ======
	  1     44      70      0.688      0.448      14  
	  2     44      58      0.437      0.337      0   

Generation time: 89.053 sec  (85.904 average)
Population 'distance_1' saved! Current generation: 45
Sample chosen: [293, 446, 438, 252, 666, 405, 453, 278, 818, 931]

********** Running generation 45 **********

Full population's fitness overview:
	-       best fitness: 0.57720
	-       mean fitness: 0.24160
	-      worst fitness: 0.01681
	- standard deviation: 0.13983
Best genome overview:
	- fitness: 0.57720
	- size (hid, conn): (1, 13)
	- genome id: 5413
	- belongs to specie: 1
Genetic distance:
	- Maximum: 3.155
	- Mean: 1.958
	- Minimum: 0.031
	- Standard deviation: 1.019

Population of 128 members in 2 species:
	 SID    age    size    fitness    adj fit    stag 
	=====  =====  ======  =========  =========  ======
	  1     45      76      0.577      0.535      15  
	  2     45      52      0.235      0.239      1   

Generation time: 92.558 sec  (86.511 average)
Population 'distance_1' saved! Current generation: 46
Sample chosen: [865, 817, 331, 747, 957, 512, 890, 859, 867, 446]

********** Running generation 46 **********

Full population's fitness overview:
	-       best fitness: 0.70838
	-       mean fitness: 0.26531
	-      worst fitness: 0.04133
	- standard deviation: 0.15833
Best genome overview:
	- fitness: 0.70838
	- size (hid, conn): (1, 11)
	- genome id: 5501
	- belongs to specie: 1
Genetic distance:
	- Maximum: 3.162
	- Mean: 2.053
	- Minimum: 0.170
	- Standard deviation: 0.923

Population of 127 members in 2 species:
	 SID    age    size    fitness    adj fit    stag 
	=====  =====  ======  =========  =========  ======
	  1     46      81      0.708      0.447      16  
	  2     46      46      0.252      0.174      2   

Generation time: 90.656 sec  (87.073 average)
Population 'distance_1' saved! Current generation: 47
Sample chosen: [813, 407, 121, 823, 214, 307, 408, 507, 990, 673]

********** Running generation 47 **********

Full population's fitness overview:
	-       best fitness: 0.51253
	-       mean fitness: 0.25914
	-      worst fitness: 0.06389
	- standard deviation: 0.09889
Best genome overview:
	- fitness: 0.51253
	- size (hid, conn): (3, 15)
	- genome id: 5640
	- belongs to specie: 1
Genetic distance:
	- Maximum: 3.086
	- Mean: 2.011
	- Minimum: 0.012
	- Standard deviation: 0.920

Population of 128 members in 2 species:
	 SID    age    size    fitness    adj fit    stag 
	=====  =====  ======  =========  =========  ======
	  1     47      78      0.513      0.508      17  
	  2     47      50      0.256      0.306      3   

Generation time: 92.419 sec  (87.815 average)
Population 'distance_1' saved! Current generation: 48
Sample chosen: [893, 140, 726, 231, 775, 503, 381, 595, 290, 784]

********** Running generation 48 **********

Full population's fitness overview:
	-       best fitness: 0.82670
	-       mean fitness: 0.33961
	-      worst fitness: 0.05301
	- standard deviation: 0.19289
Best genome overview:
	- fitness: 0.82670
	- size (hid, conn): (0, 10)
	- genome id: 5764
	- belongs to specie: 1
Genetic distance:
	- Maximum: 3.092
	- Mean: 1.900
	- Minimum: 0.042
	- Standard deviation: 0.947

Population of 128 members in 2 species:
	 SID    age    size    fitness    adj fit    stag 
	=====  =====  ======  =========  =========  ======
	  1     48      78      0.827      0.457      0   
	  2     48      50      0.325      0.235      4   

Generation time: 92.555 sec  (88.483 average)
Population 'distance_1' saved! Current generation: 49
Sample chosen: [551, 336, 268, 851, 771, 988, 610, 155, 187, 406]

********** Running generation 49 **********

Full population's fitness overview:
	-       best fitness: 0.54506
	-       mean fitness: 0.22490
	-      worst fitness: 0.03829
	- standard deviation: 0.12775
Best genome overview:
	- fitness: 0.54506
	- size (hid, conn): (2, 12)
	- genome id: 5863
	- belongs to specie: 1
Genetic distance:
	- Maximum: 3.112
	- Mean: 1.882
	- Minimum: 0.000
	- Standard deviation: 0.849

Population of 128 members in 2 species:
	 SID    age    size    fitness    adj fit    stag 
	=====  =====  ======  =========  =========  ======
	  1     49      83      0.545      0.491      1   
	  2     49      45      0.185      0.177      5   

Generation time: 94.760 sec  (89.714 average)
Population 'distance_1' saved! Current generation: 50
Sample chosen: [136, 815, 404, 940, 163, 9, 697, 696, 946, 556]

********** Running generation 50 **********

Full population's fitness overview:
	-       best fitness: 0.49296
	-       mean fitness: 0.21651
	-      worst fitness: 0.02975
	- standard deviation: 0.12289
Best genome overview:
	- fitness: 0.49296
	- size (hid, conn): (1, 13)
	- genome id: 5851
	- belongs to specie: 1
Genetic distance:
	- Maximum: 3.107
	- Mean: 2.115
	- Minimum: 0.078
	- Standard deviation: 0.849

Population of 128 members in 2 species:
	 SID    age    size    fitness    adj fit    stag 
	=====  =====  ======  =========  =========  ======
	  1     50      84      0.493      0.510      2   
	  2     50      44      0.175      0.206      6   

Generation time: 89.355 sec  (90.091 average)
Population 'distance_1' saved! Current generation: 51
Sample chosen: [811, 952, 831, 976, 926, 486, 433, 989, 928, 642]

********** Running generation 51 **********

Full population's fitness overview:
	-       best fitness: 0.70843
	-       mean fitness: 0.32602
	-      worst fitness: 0.07648
	- standard deviation: 0.14752
Best genome overview:
	- fitness: 0.70843
	- size (hid, conn): (1, 11)
	- genome id: 6162
	- belongs to specie: 1
Genetic distance:
	- Maximum: 3.128
	- Mean: 2.099
	- Minimum: 0.041
	- Standard deviation: 0.880

Population of 128 members in 2 species:
	 SID    age    size    fitness    adj fit    stag 
	=====  =====  ======  =========  =========  ======
	  1     51      79      0.708      0.459      3   
	  2     51      49      0.299      0.272      7   

Generation time: 86.744 sec  (90.025 average)
Population 'distance_1' saved! Current generation: 52
Sample chosen: [230, 758, 761, 695, 981, 905, 477, 143, 66, 161]

********** Running generation 52 **********

Full population's fitness overview:
	-       best fitness: 0.71936
	-       mean fitness: 0.35696
	-      worst fitness: 0.07938
	- standard deviation: 0.13703
Best genome overview:
	- fitness: 0.71936
	- size (hid, conn): (1, 11)
	- genome id: 6108
	- belongs to specie: 1
Genetic distance:
	- Maximum: 3.187
	- Mean: 1.884
	- Minimum: 0.032
	- Standard deviation: 1.016

Population of 128 members in 2 species:
	 SID    age    size    fitness    adj fit    stag 
	=====  =====  ======  =========  =========  ======
	  1     52      75      0.719      0.494      4   
	  2     52      53      0.385      0.337      8   

Generation time: 83.104 sec  (89.628 average)
Population 'distance_1' saved! Current generation: 53
Sample chosen: [596, 353, 252, 941, 218, 462, 987, 137, 534, 483]

********** Running generation 53 **********

Full population's fitness overview:
	-       best fitness: 0.60732
	-       mean fitness: 0.22198
	-      worst fitness: 0.02952
	- standard deviation: 0.11931
Best genome overview:
	- fitness: 0.60732
	- size (hid, conn): (3, 14)
	- genome id: 6380
	- belongs to specie: 1
Genetic distance:
	- Maximum: 3.056
	- Mean: 1.943
	- Minimum: 0.110
	- Standard deviation: 0.961

Population of 128 members in 2 species:
	 SID    age    size    fitness    adj fit    stag 
	=====  =====  ======  =========  =========  ======
	  1     53      76      0.607      0.410      5   
	  2     53      52      0.194      0.224      9   

Generation time: 85.376 sec  (89.658 average)
Population 'distance_1' saved! Current generation: 54
Sample chosen: [208, 862, 246, 472, 488, 29, 757, 600, 607, 87]

********** Running generation 54 **********

Full population's fitness overview:
	-       best fitness: 0.45840
	-       mean fitness: 0.17063
	-      worst fitness: 0.03116
	- standard deviation: 0.10217
Best genome overview:
	- fitness: 0.45840
	- size (hid, conn): (3, 14)
	- genome id: 6380
	- belongs to specie: 1
Genetic distance:
	- Maximum: 3.136
	- Mean: 1.871
	- Minimum: 0.383
	- Standard deviation: 0.933

Population of 128 members in 2 species:
	 SID    age    size    fitness    adj fit    stag 
	=====  =====  ======  =========  =========  ======
	  1     54      78      0.458      0.415      6   
	  2     54      50      0.165      0.196      10  

Generation time: 84.198 sec  (89.172 average)
Population 'distance_1' saved! Current generation: 55
Sample chosen: [640, 819, 26, 805, 53, 248, 800, 751, 530, 713]

********** Running generation 55 **********

Full population's fitness overview:
	-       best fitness: 0.56967
	-       mean fitness: 0.27774
	-      worst fitness: 0.04050
	- standard deviation: 0.12660
Best genome overview:
	- fitness: 0.56967
	- size (hid, conn): (1, 11)
	- genome id: 6620
	- belongs to specie: 1
Genetic distance:
	- Maximum: 3.160
	- Mean: 1.700
	- Minimum: 0.079
	- Standard deviation: 1.000

Population of 128 members in 2 species:
	 SID    age    size    fitness    adj fit    stag 
	=====  =====  ======  =========  =========  ======
	  1     55      76      0.570      0.531      7   
	  2     55      52      0.261      0.319      11  

Generation time: 87.773 sec  (88.694 average)
Population 'distance_1' saved! Current generation: 56
Sample chosen: [573, 596, 229, 867, 118, 918, 448, 664, 605, 694]

********** Running generation 56 **********

Full population's fitness overview:
	-       best fitness: 0.74275
	-       mean fitness: 0.32987
	-      worst fitness: 0.07936
	- standard deviation: 0.15804
Best genome overview:
	- fitness: 0.74275
	- size (hid, conn): (3, 14)
	- genome id: 6714
	- belongs to specie: 1
Genetic distance:
	- Maximum: 3.148
	- Mean: 1.655
	- Minimum: 0.090
	- Standard deviation: 0.975

Population of 128 members in 2 species:
	 SID    age    size    fitness    adj fit    stag 
	=====  =====  ======  =========  =========  ======
	  1     56      78      0.743      0.473      8   
	  2     56      50      0.292      0.238      12  

Generation time: 85.539 sec  (88.182 average)
Population 'distance_1' saved! Current generation: 57
Sample chosen: [690, 594, 817, 56, 461, 549, 366, 34, 786, 55]

********** Running generation 57 **********

Full population's fitness overview:
	-       best fitness: 0.50656
	-       mean fitness: 0.22795
	-      worst fitness: 0.06573
	- standard deviation: 0.10340
Best genome overview:
	- fitness: 0.50656
	- size (hid, conn): (1, 11)
	- genome id: 6831
	- belongs to specie: 1
Genetic distance:
	- Maximum: 3.225
	- Mean: 1.733
	- Minimum: 0.000
	- Standard deviation: 0.961

Population of 128 members in 2 species:
	 SID    age    size    fitness    adj fit    stag 
	=====  =====  ======  =========  =========  ======
	  1     57      78      0.507      0.452      9   
	  2     57      50      0.210      0.237      13  

Generation time: 84.371 sec  (87.377 average)
Population 'distance_1' saved! Current generation: 58
Sample chosen: [281, 260, 677, 188, 879, 419, 122, 712, 168, 721]

********** Running generation 58 **********

Full population's fitness overview:
	-       best fitness: 0.65175
	-       mean fitness: 0.29263
	-      worst fitness: 0.05444
	- standard deviation: 0.13923
Best genome overview:
	- fitness: 0.65175
	- size (hid, conn): (1, 11)
	- genome id: 6981
	- belongs to specie: 1
Genetic distance:
	- Maximum: 3.225
	- Mean: 1.815
	- Minimum: 0.075
	- Standard deviation: 0.999

Population of 128 members in 2 species:
	 SID    age    size    fitness    adj fit    stag 
	=====  =====  ======  =========  =========  ======
	  1     58      72      0.652      0.439      10  
	  2     58      56      0.354      0.336      14  

Generation time: 85.133 sec  (86.635 average)
Population 'distance_1' saved! Current generation: 59
Sample chosen: [779, 877, 494, 927, 703, 681, 662, 392, 598, 483]

********** Running generation 59 **********

Full population's fitness overview:
	-       best fitness: 0.60313
	-       mean fitness: 0.32535
	-      worst fitness: 0.06666
	- standard deviation: 0.12510
Best genome overview:
	- fitness: 0.60313
	- size (hid, conn): (2, 13)
	- genome id: 7049
	- belongs to specie: 1
Genetic distance:
	- Maximum: 3.236
	- Mean: 1.889
	- Minimum: 0.069
	- Standard deviation: 1.009

Population of 127 members in 2 species:
	 SID    age    size    fitness    adj fit    stag 
	=====  =====  ======  =========  =========  ======
	  1     59      70      0.603      0.553      11  
	  2     59      57      0.351      0.391      15  

Generation time: 88.716 sec  (86.031 average)
Population 'distance_1' saved! Current generation: 60
Sample chosen: [99, 61, 97, 187, 311, 639, 981, 856, 477, 287]

********** Running generation 60 **********

Full population's fitness overview:
	-       best fitness: 0.53343
	-       mean fitness: 0.23495
	-      worst fitness: 0.01723
	- standard deviation: 0.13077
Best genome overview:
	- fitness: 0.53343
	- size (hid, conn): (1, 11)
	- genome id: 7213
	- belongs to specie: 1
Genetic distance:
	- Maximum: 3.199
	- Mean: 1.903
	- Minimum: 0.035
	- Standard deviation: 0.971

Population of 128 members in 2 species:
	 SID    age    size    fitness    adj fit    stag 
	=====  =====  ======  =========  =========  ======
	  1     60      73      0.533      0.518      12  
	  2     60      55      0.213      0.304      16  

Generation time: 81.819 sec  (85.277 average)
Population 'distance_1' saved! Current generation: 61
Sample chosen: [251, 549, 334, 951, 223, 836, 112, 335, 796, 226]

********** Running generation 61 **********

Full population's fitness overview:
	-       best fitness: 0.75583
	-       mean fitness: 0.27741
	-      worst fitness: 0.06545
	- standard deviation: 0.16962
Best genome overview:
	- fitness: 0.75583
	- size (hid, conn): (1, 11)
	- genome id: 7284
	- belongs to specie: 1
Genetic distance:
	- Maximum: 3.144
	- Mean: 1.726
	- Minimum: 0.000
	- Standard deviation: 1.123

Population of 128 members in 2 species:
	 SID    age    size    fitness    adj fit    stag 
	=====  =====  ======  =========  =========  ======
	  1     61      78      0.756      0.407      13  
	  2     61      50      0.277      0.175      17  

Generation time: 84.011 sec  (85.004 average)
Population 'distance_1' saved! Current generation: 62
Sample chosen: [238, 243, 633, 821, 3, 330, 110, 887, 648, 423]

********** Running generation 62 **********

Full population's fitness overview:
	-       best fitness: 0.63352
	-       mean fitness: 0.22330
	-      worst fitness: 0.04321
	- standard deviation: 0.15790
Best genome overview:
	- fitness: 0.63352
	- size (hid, conn): (1, 11)
	- genome id: 7464
	- belongs to specie: 1
Genetic distance:
	- Maximum: 3.161
	- Mean: 1.837
	- Minimum: 0.025
	- Standard deviation: 1.072

Population of 128 members in 2 species:
	 SID    age    size    fitness    adj fit    stag 
	=====  =====  ======  =========  =========  ======
	  1     62      80      0.634      0.390      14  
	  2     62      48      0.225      0.173      18  

Generation time: 86.035 sec  (85.297 average)
Population 'distance_1' saved! Current generation: 63
Sample chosen: [162, 437, 611, 288, 455, 95, 366, 236, 986, 381]

********** Running generation 63 **********

Full population's fitness overview:
	-       best fitness: 0.59327
	-       mean fitness: 0.27415
	-      worst fitness: 0.04225
	- standard deviation: 0.14641
Best genome overview:
	- fitness: 0.59327
	- size (hid, conn): (1, 11)
	- genome id: 7539
	- belongs to specie: 1
Genetic distance:
	- Maximum: 3.376
	- Mean: 1.927
	- Minimum: 0.028
	- Standard deviation: 1.022

Population of 128 members in 2 species:
	 SID    age    size    fitness    adj fit    stag 
	=====  =====  ======  =========  =========  ======
	  1     63      81      0.593      0.527      15  
	  2     63      47      0.238      0.244      19  

Generation time: 86.465 sec  (85.406 average)
Population 'distance_1' saved! Current generation: 64
Sample chosen: [572, 447, 196, 257, 797, 970, 503, 471, 280, 508]

********** Running generation 64 **********

Full population's fitness overview:
	-       best fitness: 0.76077
	-       mean fitness: 0.28768
	-      worst fitness: 0.05497
	- standard deviation: 0.20412
Best genome overview:
	- fitness: 0.76077
	- size (hid, conn): (1, 11)
	- genome id: 7641
	- belongs to specie: 1
Genetic distance:
	- Maximum: 3.378
	- Mean: 2.111
	- Minimum: 0.090
	- Standard deviation: 0.903

Population of 127 members in 2 species:
	 SID    age    size    fitness    adj fit    stag 
	=====  =====  ======  =========  =========  ======
	  1     64      87      0.761      0.447      16  
	  2     64      40      0.201      0.128      20  

Generation time: 83.745 sec  (85.361 average)
Population 'distance_1' saved! Current generation: 65
Sample chosen: [921, 755, 505, 710, 193, 839, 563, 391, 231, 773]

********** Running generation 65 **********

Full population's fitness overview:
	-       best fitness: 0.61714
	-       mean fitness: 0.30624
	-      worst fitness: 0.05498
	- standard deviation: 0.13582
Best genome overview:
	- fitness: 0.61714
	- size (hid, conn): (2, 14)
	- genome id: 7767
	- belongs to specie: 1
Genetic distance:
	- Maximum: 3.273
	- Mean: 2.122
	- Minimum: 0.133
	- Standard deviation: 0.963

Population of 127 members in 2 species:
	 SID    age    size    fitness    adj fit    stag 
	=====  =====  ======  =========  =========  ======
	  1     65      78      0.617      0.491      17  
	  2     65      49      0.331      0.352      21  

Generation time: 85.965 sec  (85.180 average)
Population 'distance_1' saved! Current generation: 66
Sample chosen: [808, 83, 811, 123, 830, 203, 30, 204, 913, 736]

********** Running generation 66 **********

Full population's fitness overview:
	-       best fitness: 0.64042
	-       mean fitness: 0.28583
	-      worst fitness: 0.05884
	- standard deviation: 0.15523
Best genome overview:
	- fitness: 0.64042
	- size (hid, conn): (3, 15)
	- genome id: 7925
	- belongs to specie: 1
Genetic distance:
	- Maximum: 3.274
	- Mean: 2.050
	- Minimum: 0.029
	- Standard deviation: 1.020

Population of 128 members in 2 species:
	 SID    age    size    fitness    adj fit    stag 
	=====  =====  ======  =========  =========  ======
	  1     66      75      0.640      0.451      18  
	  2     66      53      0.319      0.294      22  

Generation time: 90.600 sec  (85.686 average)
Population 'distance_1' saved! Current generation: 67
Sample chosen: [151, 301, 929, 955, 535, 143, 547, 598, 313, 59]

********** Running generation 67 **********

Full population's fitness overview:
	-       best fitness: 0.59864
	-       mean fitness: 0.28638
	-      worst fitness: 0.04292
	- standard deviation: 0.14308
Best genome overview:
	- fitness: 0.59864
	- size (hid, conn): (5, 16)
	- genome id: 8026
	- belongs to specie: 1
Genetic distance:
	- Maximum: 3.323
	- Mean: 2.092
	- Minimum: 0.000
	- Standard deviation: 0.959

Population of 127 members in 2 species:
	 SID    age    size    fitness    adj fit    stag 
	=====  =====  ======  =========  =========  ======
	  1     67      75      0.599      0.534      19  
	  2     67      52      0.245      0.302      23  

Generation time: 88.403 sec  (86.089 average)
Population 'distance_1' saved! Current generation: 68
Sample chosen: [826, 743, 185, 792, 150, 362, 528, 216, 693, 708]

********** Running generation 68 **********

Full population's fitness overview:
	-       best fitness: 0.53219
	-       mean fitness: 0.22302
	-      worst fitness: 0.04412
	- standard deviation: 0.10537
Best genome overview:
	- fitness: 0.53219
	- size (hid, conn): (2, 12)
	- genome id: 8117
	- belongs to specie: 1
Genetic distance:
	- Maximum: 3.254
	- Mean: 2.020
	- Minimum: 0.000
	- Standard deviation: 0.957

Population of 127 members in 2 species:
	 SID    age    size    fitness    adj fit    stag 
	=====  =====  ======  =========  =========  ======
	  1     68      77      0.532      0.455      20  
	  2     68      50      0.203      0.239      24  

Generation time: 89.683 sec  (86.544 average)
Population 'distance_1' saved! Current generation: 69
Sample chosen: [357, 145, 165, 443, 421, 815, 743, 462, 483, 128]

********** Running generation 69 **********

Full population's fitness overview:
	-       best fitness: 0.59254
	-       mean fitness: 0.19716
	-      worst fitness: 0.04123
	- standard deviation: 0.15242
Best genome overview:
	- fitness: 0.59254
	- size (hid, conn): (1, 10)
	- genome id: 8279
	- belongs to specie: 1
Genetic distance:
	- Maximum: 3.289
	- Mean: 1.993
	- Minimum: 0.000
	- Standard deviation: 0.968

Population of 128 members in 2 species:
	 SID    age    size    fitness    adj fit    stag 
	=====  =====  ======  =========  =========  ======
	  1     69      83      0.593      0.376      21  
	  2     69      45      0.162      0.140      25  

Generation time: 85.725 sec  (86.245 average)
Population 'distance_1' saved! Current generation: 70
Sample chosen: [326, 132, 10, 176, 18, 11, 790, 616, 993, 992]

********** Running generation 70 **********

Full population's fitness overview:
	-       best fitness: 0.63705
	-       mean fitness: 0.30881
	-      worst fitness: 0.05657
	- standard deviation: 0.12789
Best genome overview:
	- fitness: 0.63705
	- size (hid, conn): (3, 14)
	- genome id: 8366
	- belongs to specie: 1
Genetic distance:
	- Maximum: 3.292
	- Mean: 2.077
	- Minimum: 0.086
	- Standard deviation: 1.004

Population of 127 members in 2 species:
	 SID    age    size    fitness    adj fit    stag 
	=====  =====  ======  =========  =========  ======
	  1     70      76      0.637      0.482      22  
	  2     70      51      0.312      0.348      26  

Generation time: 91.182 sec  (87.181 average)
Population 'distance_1' saved! Current generation: 71
Sample chosen: [21, 627, 722, 367, 276, 643, 837, 843, 438, 357]

********** Running generation 71 **********

Full population's fitness overview:
	-       best fitness: 0.75076
	-       mean fitness: 0.40083
	-      worst fitness: 0.06391
	- standard deviation: 0.16644
Best genome overview:
	- fitness: 0.75076
	- size (hid, conn): (1, 11)
	- genome id: 8527
	- belongs to specie: 1
Genetic distance:
	- Maximum: 3.252
	- Mean: 2.045
	- Minimum: 0.031
	- Standard deviation: 1.010

Population of 127 members in 2 species:
	 SID    age    size    fitness    adj fit    stag 
	=====  =====  ======  =========  =========  ======
	  1     71      73      0.751      0.552      23  
	  2     71      54      0.468      0.399      0   

Generation time: 83.349 sec  (87.115 average)
Population 'distance_1' saved! Current generation: 72
Sample chosen: [224, 275, 817, 72, 414, 34, 51, 635, 521, 498]

********** Running generation 72 **********

Full population's fitness overview:
	-       best fitness: 0.62386
	-       mean fitness: 0.28095
	-      worst fitness: 0.03990
	- standard deviation: 0.14706
Best genome overview:
	- fitness: 0.62386
	- size (hid, conn): (1, 11)
	- genome id: 8638
	- belongs to specie: 1
Genetic distance:
	- Maximum: 3.263
	- Mean: 2.088
	- Minimum: 0.006
	- Standard deviation: 0.981

Population of 128 members in 2 species:
	 SID    age    size    fitness    adj fit    stag 
	=====  =====  ======  =========  =========  ======
	  1     72      74      0.624      0.496      24  
	  2     72      54      0.296      0.301      1   

Generation time: 90.623 sec  (87.574 average)
Population 'distance_1' saved! Current generation: 73
Sample chosen: [482, 761, 625, 931, 306, 342, 58, 116, 230, 104]

********** Running generation 73 **********

Full population's fitness overview:
	-       best fitness: 0.59705
	-       mean fitness: 0.24138
	-      worst fitness: 0.02970
	- standard deviation: 0.12452
Best genome overview:
	- fitness: 0.59705
	- size (hid, conn): (1, 11)
	- genome id: 8752
	- belongs to specie: 1
Genetic distance:
	- Maximum: 3.292
	- Mean: 1.996
	- Minimum: 0.036
	- Standard deviation: 1.029

Population of 128 members in 2 species:
	 SID    age    size    fitness    adj fit    stag 
	=====  =====  ======  =========  =========  ======
	  1     73      76      0.597      0.465      25  
	  2     73      52      0.268      0.248      2   

Generation time: 93.433 sec  (88.271 average)
Population 'distance_1' saved! Current generation: 74
Sample chosen: [801, 497, 464, 236, 568, 474, 650, 692, 901, 408]

********** Running generation 74 **********

Full population's fitness overview:
	-       best fitness: 0.65912
	-       mean fitness: 0.23944
	-      worst fitness: 0.03006
	- standard deviation: 0.16767
Best genome overview:
	- fitness: 0.65912
	- size (hid, conn): (1, 11)
	- genome id: 8830
	- belongs to specie: 1
Genetic distance:
	- Maximum: 3.306
	- Mean: 1.900
	- Minimum: 0.209
	- Standard deviation: 1.087

Population of 127 members in 2 species:
	 SID    age    size    fitness    adj fit    stag 
	=====  =====  ======  =========  =========  ======
	  1     74      83      0.659      0.456      26  
	  2     74      44      0.160      0.153      3   

Generation time: 86.820 sec  (88.578 average)
Population 'distance_1' saved! Current generation: 75
Sample chosen: [351, 167, 197, 912, 919, 235, 551, 312, 178, 14]

********** Running generation 75 **********

Full population's fitness overview:
	-       best fitness: 0.47988
	-       mean fitness: 0.24020
	-      worst fitness: 0.05292
	- standard deviation: 0.09935
Best genome overview:
	- fitness: 0.47988
	- size (hid, conn): (1, 12)
	- genome id: 8991
	- belongs to specie: 1
Genetic distance:
	- Maximum: 3.207
	- Mean: 1.854
	- Minimum: 0.116
	- Standard deviation: 1.095

Population of 127 members in 3 species:
	 SID    age    size    fitness    adj fit    stag 
	=====  =====  ======  =========  =========  ======
	  1     75      76      0.480      0.480      27  
	  2     75      46      0.325      0.361      4   
	  3      0      5        --         --        0   

Generation time: 87.792 sec  (88.761 average)
Population 'distance_1' saved! Current generation: 76
Sample chosen: [542, 365, 107, 468, 383, 865, 401, 610, 763, 113]

********** Running generation 76 **********

Full population's fitness overview:
	-       best fitness: 0.57270
	-       mean fitness: 0.25994
	-      worst fitness: 0.04362
	- standard deviation: 0.14102
Best genome overview:
	- fitness: 0.57270
	- size (hid, conn): (1, 11)
	- genome id: 9105
	- belongs to specie: 1
Genetic distance:
	- Maximum: 3.189
	- Mean: 2.026
	- Minimum: 0.025
	- Standard deviation: 0.994

Population of 127 members in 3 species:
	 SID    age    size    fitness    adj fit    stag 
	=====  =====  ======  =========  =========  ======
	  1     76      71      0.573      0.518      28  
	  2     76      14      0.232      0.255      5   
	  3      1      42      0.203      0.167      0   

Generation time: 87.576 sec  (88.459 average)
Population 'distance_1' saved! Current generation: 77
Sample chosen: [549, 253, 20, 239, 913, 311, 916, 815, 428, 356]

********** Running generation 77 **********

Full population's fitness overview:
	-       best fitness: 0.57983
	-       mean fitness: 0.23568
	-      worst fitness: 0.05179
	- standard deviation: 0.09724
Best genome overview:
	- fitness: 0.57983
	- size (hid, conn): (1, 11)
	- genome id: 9061
	- belongs to specie: 1
Genetic distance:
	- Maximum: 3.256
	- Mean: 2.047
	- Minimum: 0.000
	- Standard deviation: 0.962

Population of 127 members in 3 species:
	 SID    age    size    fitness    adj fit    stag 
	=====  =====  ======  =========  =========  ======
	  1     77      61      0.580      0.410      29  
	  2     77      30      0.246      0.243      6   
	  3      2      36      0.277      0.279      0   

Generation time: 89.256 sec  (88.544 average)
Population 'distance_1' saved! Current generation: 78
Sample chosen: [827, 11, 655, 917, 770, 298, 412, 653, 35, 262]

********** Running generation 78 **********

Full population's fitness overview:
	-       best fitness: 0.64738
	-       mean fitness: 0.31458
	-      worst fitness: 0.06722
	- standard deviation: 0.13114
Best genome overview:
	- fitness: 0.64738
	- size (hid, conn): (1, 12)
	- genome id: 9301
	- belongs to specie: 1
Genetic distance:
	- Maximum: 3.324
	- Mean: 1.989
	- Minimum: 0.000
	- Standard deviation: 0.998

Population of 128 members in 3 species:
	 SID    age    size    fitness    adj fit    stag 
	=====  =====  ======  =========  =========  ======
	  1     78      54      0.647      0.504      30  
	  2     78      30      0.330      0.335      7   
	  3      3      44      0.358      0.371      0   

Generation time: 85.692 sec  (88.145 average)
Population 'distance_1' saved! Current generation: 79
Sample chosen: [845, 414, 830, 530, 437, 247, 237, 184, 656, 763]

********** Running generation 79 **********

Full population's fitness overview:
	-       best fitness: 0.64494
	-       mean fitness: 0.31031
	-      worst fitness: 0.05217
	- standard deviation: 0.10717
Best genome overview:
	- fitness: 0.64494
	- size (hid, conn): (1, 11)
	- genome id: 9415
	- belongs to specie: 1
Genetic distance:
	- Maximum: 3.342
	- Mean: 2.017
	- Minimum: 0.023
	- Standard deviation: 0.947

Population of 128 members in 3 species:
	 SID    age    size    fitness    adj fit    stag 
	=====  =====  ======  =========  =========  ======
	  1     79      47      0.645      0.460      31  
	  2     79      18      0.367      0.421      8   
	  3      4      63      0.379      0.415      0   

Generation time: 87.843 sec  (88.357 average)
Population 'distance_1' saved! Current generation: 80
Sample chosen: [153, 461, 809, 698, 703, 308, 623, 789, 596, 286]

********** Running generation 80 **********

Full population's fitness overview:
	-       best fitness: 0.69852
	-       mean fitness: 0.23188
	-      worst fitness: 0.03151
	- standard deviation: 0.13665
Best genome overview:
	- fitness: 0.69852
	- size (hid, conn): (1, 11)
	- genome id: 9423
	- belongs to specie: 1
Genetic distance:
	- Maximum: 3.183
	- Mean: 2.093
	- Minimum: 0.038
	- Standard deviation: 0.927

Population of 127 members in 3 species:
	 SID    age    size    fitness    adj fit    stag 
	=====  =====  ======  =========  =========  ======
	  1     80      53      0.699      0.438      32  
	  2     80      23      0.260      0.204      9   
	  3      5      51      0.295      0.226      1   

Generation time: 91.056 sec  (88.344 average)
Population 'distance_1' saved! Current generation: 81
Sample chosen: [339, 264, 412, 832, 888, 322, 138, 347, 784, 919]

********** Running generation 81 **********

Full population's fitness overview:
	-       best fitness: 0.45401
	-       mean fitness: 0.24031
	-      worst fitness: 0.07499
	- standard deviation: 0.08734
Best genome overview:
	- fitness: 0.45401
	- size (hid, conn): (2, 12)
	- genome id: 9686
	- belongs to specie: 1
Genetic distance:
	- Maximum: 3.232
	- Mean: 2.108
	- Minimum: 0.042
	- Standard deviation: 0.893

Population of 127 members in 3 species:
	 SID    age    size    fitness    adj fit    stag 
	=====  =====  ======  =========  =========  ======
	  1     81      42      0.454      0.389      33  
	  2     81      39      0.332      0.450      10  
	  3      6      46      0.337      0.478      2   

Generation time: 91.521 sec  (89.161 average)
Population 'distance_1' saved! Current generation: 82
Sample chosen: [194, 424, 716, 722, 387, 670, 83, 529, 657, 510]

********** Running generation 82 **********

Full population's fitness overview:
	-       best fitness: 0.49874
	-       mean fitness: 0.28487
	-      worst fitness: 0.09321
	- standard deviation: 0.10251
Best genome overview:
	- fitness: 0.49874
	- size (hid, conn): (1, 10)
	- genome id: 9775
	- belongs to specie: 1
Genetic distance:
	- Maximum: 3.243
	- Mean: 2.095
	- Minimum: 0.006
	- Standard deviation: 0.854

Population of 126 members in 3 species:
	 SID    age    size    fitness    adj fit    stag 
	=====  =====  ======  =========  =========  ======
	  1     82      48      0.499      0.668      34  
	  2     82      55      0.339      0.400      11  
	  3      7      23      0.384      0.356      0   

Generation time: 91.380 sec  (89.237 average)
Population 'distance_1' saved! Current generation: 83
Sample chosen: [305, 876, 465, 148, 700, 525, 474, 668, 512, 442]

********** Running generation 83 **********

Full population's fitness overview:
	-       best fitness: 0.64405
	-       mean fitness: 0.28455
	-      worst fitness: 0.06317
	- standard deviation: 0.12847
Best genome overview:
	- fitness: 0.64405
	- size (hid, conn): (1, 10)
	- genome id: 9917
	- belongs to specie: 1
Genetic distance:
	- Maximum: 3.135
	- Mean: 1.992
	- Minimum: 0.000
	- Standard deviation: 0.831

Population of 127 members in 3 species:
	 SID    age    size    fitness    adj fit    stag 
	=====  =====  ======  =========  =========  ======
	  1     83      48      0.644      0.477      35  
	  2     83      46      0.304      0.301      12  
	  3      8      33      0.304      0.373      1   

Generation time: 91.280 sec  (89.022 average)
Population 'distance_1' saved! Current generation: 84
Sample chosen: [488, 682, 941, 985, 205, 863, 483, 760, 147, 477]

********** Running generation 84 **********

Full population's fitness overview:
	-       best fitness: 0.54979
	-       mean fitness: 0.20305
	-      worst fitness: 0.04202
	- standard deviation: 0.12414
Best genome overview:
	- fitness: 0.54979
	- size (hid, conn): (1, 10)
	- genome id: 10026
	- belongs to specie: 1
Genetic distance:
	- Maximum: 3.021
	- Mean: 1.905
	- Minimum: 0.002
	- Standard deviation: 0.854

Population of 126 members in 3 species:
	 SID    age    size    fitness    adj fit    stag 
	=====  =====  ======  =========  =========  ======
	  1     84      52      0.550      0.444      36  
	  2     84      67      0.315      0.263      13  
	  3      9      7       0.229      0.208      2   

Generation time: 90.021 sec  (89.342 average)
Population 'distance_1' saved! Current generation: 85
Sample chosen: [779, 571, 490, 767, 460, 603, 277, 13, 351, 784]

********** Running generation 85 **********

Full population's fitness overview:
	-       best fitness: 0.63565
	-       mean fitness: 0.29139
	-      worst fitness: 0.05142
	- standard deviation: 0.11983
Best genome overview:
	- fitness: 0.63565
	- size (hid, conn): (1, 10)
	- genome id: 10106
	- belongs to specie: 1
Genetic distance:
	- Maximum: 3.049
	- Mean: 1.698
	- Minimum: 0.000
	- Standard deviation: 0.901

Population of 127 members in 3 species:
	 SID    age    size    fitness    adj fit    stag 
	=====  =====  ======  =========  =========  ======
	  1     85      51      0.636      0.519      37  
	  2     85      54      0.312      0.335      14  
	  3     10      22      0.341      0.334      3   

Generation time: 87.456 sec  (89.308 average)
Population 'distance_1' saved! Current generation: 86
Sample chosen: [866, 420, 354, 754, 292, 86, 647, 510, 962, 989]

********** Running generation 86 **********

Full population's fitness overview:
	-       best fitness: 0.61472
	-       mean fitness: 0.31218
	-      worst fitness: 0.05667
	- standard deviation: 0.13176
Best genome overview:
	- fitness: 0.61472
	- size (hid, conn): (2, 13)
	- genome id: 10259
	- belongs to specie: 1
Genetic distance:
	- Maximum: 3.205
	- Mean: 1.771
	- Minimum: 0.007
	- Standard deviation: 0.934

Population of 126 members in 3 species:
	 SID    age    size    fitness    adj fit    stag 
	=====  =====  ======  =========  =========  ======
	  1     86      47      0.615      0.505      38  
	  2     86      50      0.377      0.444      15  
	  3     11      29      0.347      0.383      4   

Generation time: 86.506 sec  (89.201 average)
Population 'distance_1' saved! Current generation: 87
Sample chosen: [538, 652, 998, 386, 288, 585, 735, 991, 88, 167]

********** Running generation 87 **********

Full population's fitness overview:
	-       best fitness: 0.56235
	-       mean fitness: 0.29726
	-      worst fitness: 0.04023
	- standard deviation: 0.10889
Best genome overview:
	- fitness: 0.56235
	- size (hid, conn): (1, 10)
	- genome id: 10351
	- belongs to specie: 1
Genetic distance:
	- Maximum: 3.142
	- Mean: 1.761
	- Minimum: 0.000
	- Standard deviation: 1.037

Population of 128 members in 3 species:
	 SID    age    size    fitness    adj fit    stag 
	=====  =====  ======  =========  =========  ======
	  1     87      50      0.562      0.641      39  
	  2     87      45      0.326      0.430      16  
	  3     12      33      0.325      0.357      5   

Generation time: 86.439 sec  (88.919 average)
Population 'distance_1' saved! Current generation: 88
Sample chosen: [422, 156, 418, 43, 77, 822, 249, 27, 990, 451]

********** Running generation 88 **********

Full population's fitness overview:
	-       best fitness: 0.50267
	-       mean fitness: 0.25411
	-      worst fitness: 0.08646
	- standard deviation: 0.07335
Best genome overview:
	- fitness: 0.50267
	- size (hid, conn): (1, 10)
	- genome id: 10468
	- belongs to specie: 1
Genetic distance:
	- Maximum: 3.164
	- Mean: 1.660
	- Minimum: 0.003
	- Standard deviation: 0.986

Population of 128 members in 3 species:
	 SID    age    size    fitness    adj fit    stag 
	=====  =====  ======  =========  =========  ======
	  1     88      46      0.503      0.442      40  
	  2     88      43      0.298      0.389      17  
	  3     13      39      0.284      0.363      6   

Generation time: 86.900 sec  (89.040 average)
Population 'distance_1' saved! Current generation: 89
Sample chosen: [799, 532, 985, 977, 77, 791, 441, 389, 267, 621]

********** Running generation 89 **********

Full population's fitness overview:
	-       best fitness: 0.72595
	-       mean fitness: 0.32301
	-      worst fitness: 0.07797
	- standard deviation: 0.14343
Best genome overview:
	- fitness: 0.72595
	- size (hid, conn): (1, 10)
	- genome id: 10589
	- belongs to specie: 1
Genetic distance:
	- Maximum: 3.214
	- Mean: 1.717
	- Minimum: 0.014
	- Standard deviation: 0.972

Population of 126 members in 3 species:
	 SID    age    size    fitness    adj fit    stag 
	=====  =====  ======  =========  =========  ======
	  1     89      51      0.726      0.536      41  
	  2     89      40      0.336      0.317      18  
	  3     14      35      0.334      0.259      7   

Generation time: 79.293 sec  (88.185 average)
Population 'distance_1' saved! Current generation: 90
Sample chosen: [325, 129, 354, 653, 385, 382, 205, 166, 833, 51]

********** Running generation 90 **********

Full population's fitness overview:
	-       best fitness: 0.55668
	-       mean fitness: 0.26640
	-      worst fitness: 0.05678
	- standard deviation: 0.11344
Best genome overview:
	- fitness: 0.55668
	- size (hid, conn): (1, 10)
	- genome id: 10589
	- belongs to specie: 1
Genetic distance:
	- Maximum: 3.241
	- Mean: 1.806
	- Minimum: 0.006
	- Standard deviation: 0.927

Population of 125 members in 3 species:
	 SID    age    size    fitness    adj fit    stag 
	=====  =====  ======  =========  =========  ======
	  1     90      48      0.557      0.489      42  
	  2     90      42      0.348      0.405      19  
	  3     15      35      0.305      0.335      8   

Generation time: 79.868 sec  (87.066 average)
Population 'distance_1' saved! Current generation: 91
Sample chosen: [245, 621, 718, 936, 604, 985, 703, 628, 327, 211]

********** Running generation 91 **********

Full population's fitness overview:
	-       best fitness: 0.55228
	-       mean fitness: 0.27164
	-      worst fitness: 0.08143
	- standard deviation: 0.10888
Best genome overview:
	- fitness: 0.55228
	- size (hid, conn): (1, 10)
	- genome id: 10828
	- belongs to specie: 1
Genetic distance:
	- Maximum: 3.135
	- Mean: 1.846
	- Minimum: 0.015
	- Standard deviation: 0.914

Population of 129 members in 3 species:
	 SID    age    size    fitness    adj fit    stag 
	=====  =====  ======  =========  =========  ======
	  1     91      53      0.552      0.567      43  
	  2     91      62      0.317      0.315      20  
	  3     16      14      0.272      0.286      9   

Generation time: 83.499 sec  (86.264 average)
Population 'distance_1' saved! Current generation: 92
Sample chosen: [589, 442, 951, 222, 204, 608, 819, 569, 997, 313]

********** Running generation 92 **********

Full population's fitness overview:
	-       best fitness: 0.59470
	-       mean fitness: 0.21678
	-      worst fitness: 0.05227
	- standard deviation: 0.12462
Best genome overview:
	- fitness: 0.59470
	- size (hid, conn): (1, 10)
	- genome id: 10959
	- belongs to specie: 1
Genetic distance:
	- Maximum: 3.178
	- Mean: 1.822
	- Minimum: 0.000
	- Standard deviation: 0.951

Population of 127 members in 3 species:
	 SID    age    size    fitness    adj fit    stag 
	=====  =====  ======  =========  =========  ======
	  1     92      55      0.595      0.433      44  
	  2     92      51      0.208      0.209      21  
	  3     17      21      0.202      0.232      10  

Generation time: 85.854 sec  (85.711 average)
Population 'distance_1' saved! Current generation: 93
Sample chosen: [454, 288, 572, 620, 449, 842, 81, 12, 802, 177]

********** Running generation 93 **********

Full population's fitness overview:
	-       best fitness: 0.49048
	-       mean fitness: 0.28435
	-      worst fitness: 0.07946
	- standard deviation: 0.10755
Best genome overview:
	- fitness: 0.49048
	- size (hid, conn): (1, 10)
	- genome id: 11075
	- belongs to specie: 1
Genetic distance:
	- Maximum: 3.188
	- Mean: 1.881
	- Minimum: 0.000
	- Standard deviation: 0.942

Population of 127 members in 3 species:
	 SID    age    size    fitness    adj fit    stag 
	=====  =====  ======  =========  =========  ======
	  1     93      53      0.490      0.625      45  
	  2     93      45      0.351      0.423      22  
	  3     18      29      0.280      0.353      11  

Generation time: 84.378 sec  (85.021 average)
Population 'distance_1' saved! Current generation: 94
Sample chosen: [56, 315, 313, 910, 368, 602, 937, 960, 489, 684]

********** Running generation 94 **********

Full population's fitness overview:
	-       best fitness: 0.68164
	-       mean fitness: 0.33714
	-      worst fitness: 0.06370
	- standard deviation: 0.14192
Best genome overview:
	- fitness: 0.68164
	- size (hid, conn): (2, 11)
	- genome id: 11178
	- belongs to specie: 1
Genetic distance:
	- Maximum: 3.338
	- Mean: 1.976
	- Minimum: 0.000
	- Standard deviation: 0.896

Population of 127 members in 3 species:
	 SID    age    size    fitness    adj fit    stag 
	=====  =====  ======  =========  =========  ======
	  1     94      46      0.682      0.463      46  
	  2     94      43      0.420      0.416      23  
	  3     19      38      0.443      0.446      0   

Generation time: 80.171 sec  (84.036 average)
Population 'distance_1' saved! Current generation: 95
Sample chosen: [195, 770, 592, 690, 637, 211, 965, 203, 813, 83]

********** Running generation 95 **********

Full population's fitness overview:
	-       best fitness: 0.58048
	-       mean fitness: 0.22460
	-      worst fitness: 0.05498
	- standard deviation: 0.11503
Best genome overview:
	- fitness: 0.58048
	- size (hid, conn): (2, 11)
	- genome id: 11266
	- belongs to specie: 1
Genetic distance:
	- Maximum: 3.101
	- Mean: 1.967
	- Minimum: 0.000
	- Standard deviation: 0.986

Population of 127 members in 3 species:
	 SID    age    size    fitness    adj fit    stag 
	=====  =====  ======  =========  =========  ======
	  1     95      53      0.580      0.488      47  
	  2     95      40      0.250      0.234      24  
	  3     20      34      0.200      0.223      1   

Generation time: 87.187 sec  (84.009 average)
Population 'distance_1' saved! Current generation: 96
Sample chosen: [459, 691, 915, 44, 36, 206, 168, 330, 70, 101]

********** Running generation 96 **********

Full population's fitness overview:
	-       best fitness: 0.60819
	-       mean fitness: 0.28866
	-      worst fitness: 0.05548
	- standard deviation: 0.08862
Best genome overview:
	- fitness: 0.60819
	- size (hid, conn): (1, 9)
	- genome id: 11377
	- belongs to specie: 1
Genetic distance:
	- Maximum: 3.069
	- Mean: 1.979
	- Minimum: 0.000
	- Standard deviation: 0.927

Population of 126 members in 3 species:
	 SID    age    size    fitness    adj fit    stag 
	=====  =====  ======  =========  =========  ======
	  1     96      48      0.608      0.475      48  
	  2     96      43      0.348      0.425      25  
	  3     21      35      0.316      0.335      2   

Generation time: 82.624 sec  (83.621 average)
Population 'distance_1' saved! Current generation: 97
Sample chosen: [445, 680, 5, 395, 267, 851, 527, 776, 233, 853]

********** Running generation 97 **********

Full population's fitness overview:
	-       best fitness: 0.77052
	-       mean fitness: 0.23517
	-      worst fitness: 0.03044
	- standard deviation: 0.17967
Best genome overview:
	- fitness: 0.77052
	- size (hid, conn): (1, 9)
	- genome id: 11522
	- belongs to specie: 1
Genetic distance:
	- Maximum: 3.137
	- Mean: 2.097
	- Minimum: 0.000
	- Standard deviation: 0.955

Population of 128 members in 3 species:
	 SID    age    size    fitness    adj fit    stag 
	=====  =====  ======  =========  =========  ======
	  1     97      61      0.771      0.481      49  
	  2     97      46      0.194      0.158      26  
	  3     22      21      0.169      0.141      3   

Generation time: 85.058 sec  (83.483 average)
Population 'distance_1' saved! Current generation: 98
Sample chosen: [782, 523, 58, 678, 174, 888, 467, 9, 394, 552]

********** Running generation 98 **********

Full population's fitness overview:
	-       best fitness: 0.54998
	-       mean fitness: 0.27772
	-      worst fitness: 0.06352
	- standard deviation: 0.10044
Best genome overview:
	- fitness: 0.54998
	- size (hid, conn): (2, 9)
	- genome id: 11635
	- belongs to specie: 1
Genetic distance:
	- Maximum: 3.157
	- Mean: 2.040
	- Minimum: 0.007
	- Standard deviation: 0.939

Population of 127 members in 3 species:
	 SID    age    size    fitness    adj fit    stag 
	=====  =====  ======  =========  =========  ======
	  1     98      53      0.550      0.496      50  
	  2     98      15      0.405      0.409      27  
	  3     23      59      0.268      0.347      4   

Generation time: 84.929 sec  (83.286 average)
Population 'distance_1' saved! Current generation: 99
Sample chosen: [384, 272, 18, 817, 527, 412, 873, 754, 693, 479]

********** Running generation 99 **********

Full population's fitness overview:
	-       best fitness: 0.55740
	-       mean fitness: 0.21680
	-      worst fitness: 0.05243
	- standard deviation: 0.10285
Best genome overview:
	- fitness: 0.55740
	- size (hid, conn): (3, 11)
	- genome id: 11731
	- belongs to specie: 1
Genetic distance:
	- Maximum: 3.110
	- Mean: 2.183
	- Minimum: 0.018
	- Standard deviation: 0.803

Population of 127 members in 3 species:
	 SID    age    size    fitness    adj fit    stag 
	=====  =====  ======  =========  =========  ======
	  1     99      54      0.557      0.447      51  
	  2     99      14      0.217      0.246      28  
	  3     24      59      0.236      0.236      5   

Generation time: 84.096 sec  (83.766 average)
Population 'distance_1' saved! Current generation: 100

===> CREATING BLUEPRINTS <===

Creating blueprints for games: [1, 2, 3, 4, 5]

===> CREATING TRACES <===

Creating traces for games: [1, 2, 3, 4, 5]
