Population 'novelty_repr_2' saved! Current generation: 0

===> RUNNING FOR THE FOLLOWING CONFIGURATION: <===
	> fitness: novelty
	> gru_enabled: True
	> sexual_reproduction: True
	> Saving under folder: NEAT-GRU
	> Train: True (100 iterations)
	> Create blueprints: True
	> Create traces: True


===> TRAINING <===

Sample chosen: [973, 896, 76, 744, 841, 964, 955, 687, 892, 766, 529, 839, 356, 678, 402, 257]

********** Running generation 0 **********

Full population's fitness overview:
	-       best fitness: 0.30735
	-       mean fitness: 0.06630
	-      worst fitness: 0.00057
	- standard deviation: 0.07042
Best genome overview:
	- fitness: 0.30735
	- size (hid, conn): (0, 8)
	- genome id: 45
	- belongs to specie: 1
Genetic distance:
	- Maximum: 3.352
	- Mean: 1.893
	- Minimum: 0.026
	- Standard deviation: 0.443

Population of 128 members in 2 species:
	 SID    age    size    fitness    adj fit    stag 
	=====  =====  ======  =========  =========  ======
	  1      0     110      0.307      0.214      0   
	  2      0      18       --         --        0   

Generation time: 61.612 sec
Population 'novelty_repr_2' saved! Current generation: 1
Sample chosen: [674, 508, 773, 105, 403, 421, 232, 67, 567, 893, 828, 391, 422, 60, 81, 48]

********** Running generation 1 **********

Full population's fitness overview:
	-       best fitness: 0.27780
	-       mean fitness: 0.09089
	-      worst fitness: 0.00067
	- standard deviation: 0.05857
Best genome overview:
	- fitness: 0.27780
	- size (hid, conn): (0, 10)
	- genome id: 222
	- belongs to specie: 1
Genetic distance:
	- Maximum: 3.227
	- Mean: 1.943
	- Minimum: 0.117
	- Standard deviation: 0.510

Population of 128 members in 2 species:
	 SID    age    size    fitness    adj fit    stag 
	=====  =====  ======  =========  =========  ======
	  1      1      48      0.278      0.319      1   
	  2      1      80      0.222      0.365      0   

Generation time: 64.590 sec  (63.101 average)
Population 'novelty_repr_2' saved! Current generation: 2
Sample chosen: [555, 461, 25, 52, 418, 875, 197, 783, 889, 653, 870, 709, 101, 328, 304, 511]

********** Running generation 2 **********

Full population's fitness overview:
	-       best fitness: 0.37060
	-       mean fitness: 0.08929
	-      worst fitness: 0.00293
	- standard deviation: 0.06337
Best genome overview:
	- fitness: 0.37060
	- size (hid, conn): (1, 10)
	- genome id: 348
	- belongs to specie: 1
Genetic distance:
	- Maximum: 2.885
	- Mean: 1.939
	- Minimum: 0.117
	- Standard deviation: 0.500

Population of 128 members in 2 species:
	 SID    age    size    fitness    adj fit    stag 
	=====  =====  ======  =========  =========  ======
	  1      2      60      0.371      0.243      0   
	  2      2      68      0.284      0.230      0   

Generation time: 63.111 sec  (63.104 average)
Population 'novelty_repr_2' saved! Current generation: 3
Sample chosen: [590, 456, 93, 974, 402, 308, 670, 201, 9, 622, 99, 902, 585, 794, 668, 14]

********** Running generation 3 **********

Full population's fitness overview:
	-       best fitness: 0.33134
	-       mean fitness: 0.09696
	-      worst fitness: 0.00070
	- standard deviation: 0.05519
Best genome overview:
	- fitness: 0.33134
	- size (hid, conn): (0, 7)
	- genome id: 427
	- belongs to specie: 2
Genetic distance:
	- Maximum: 3.201
	- Mean: 1.866
	- Minimum: 0.325
	- Standard deviation: 0.465

Population of 128 members in 3 species:
	 SID    age    size    fitness    adj fit    stag 
	=====  =====  ======  =========  =========  ======
	  1      3      48      0.304      0.276      1   
	  2      3      54      0.331      0.305      0   
	  3      0      26       --         --        0   

Generation time: 65.208 sec  (63.630 average)
Population 'novelty_repr_2' saved! Current generation: 4
Sample chosen: [634, 492, 480, 227, 222, 298, 357, 93, 469, 210, 540, 356, 45, 714, 828, 198]

********** Running generation 4 **********

Full population's fitness overview:
	-       best fitness: 0.25813
	-       mean fitness: 0.10397
	-      worst fitness: 0.00145
	- standard deviation: 0.05029
Best genome overview:
	- fitness: 0.25813
	- size (hid, conn): (0, 7)
	- genome id: 611
	- belongs to specie: 2
Genetic distance:
	- Maximum: 2.961
	- Mean: 1.758
	- Minimum: 0.114
	- Standard deviation: 0.500

Population of 128 members in 3 species:
	 SID    age    size    fitness    adj fit    stag 
	=====  =====  ======  =========  =========  ======
	  1      4      44      0.223      0.395      2   
	  2      4      41      0.258      0.420      1   
	  3      1      43      0.194      0.364      0   

Generation time: 65.396 sec  (63.983 average)
Population 'novelty_repr_2' saved! Current generation: 5
Sample chosen: [657, 942, 571, 393, 154, 10, 330, 765, 916, 722, 488, 868, 887, 711, 839, 155]

********** Running generation 5 **********

Full population's fitness overview:
	-       best fitness: 0.50776
	-       mean fitness: 0.11707
	-      worst fitness: 0.00904
	- standard deviation: 0.07125
Best genome overview:
	- fitness: 0.50776
	- size (hid, conn): (1, 9)
	- genome id: 538
	- belongs to specie: 2
Genetic distance:
	- Maximum: 2.545
	- Mean: 1.588
	- Minimum: 0.000
	- Standard deviation: 0.544

Population of 128 members in 3 species:
	 SID    age    size    fitness    adj fit    stag 
	=====  =====  ======  =========  =========  ======
	  1      5      35      0.267      0.175      3   
	  2      5      49      0.508      0.269      0   
	  3      2      44      0.289      0.209      0   

Generation time: 66.016 sec  (64.322 average)
Population 'novelty_repr_2' saved! Current generation: 6
Sample chosen: [87, 775, 519, 494, 672, 973, 836, 720, 285, 966, 63, 861, 788, 744, 486, 864]

********** Running generation 6 **********

Full population's fitness overview:
	-       best fitness: 0.34396
	-       mean fitness: 0.10473
	-      worst fitness: 0.00627
	- standard deviation: 0.05695
Best genome overview:
	- fitness: 0.34396
	- size (hid, conn): (0, 7)
	- genome id: 862
	- belongs to specie: 2
Genetic distance:
	- Maximum: 2.860
	- Mean: 1.605
	- Minimum: 0.031
	- Standard deviation: 0.552

Population of 127 members in 3 species:
	 SID    age    size    fitness    adj fit    stag 
	=====  =====  ======  =========  =========  ======
	  1      6      38      0.335      0.268      4   
	  2      6      49      0.344      0.322      1   
	  3      3      40      0.157      0.277      1   

Generation time: 66.248 sec  (64.597 average)
Population 'novelty_repr_2' saved! Current generation: 7
Sample chosen: [667, 911, 216, 969, 765, 467, 556, 624, 74, 351, 292, 114, 204, 811, 615, 75]

********** Running generation 7 **********

Full population's fitness overview:
	-       best fitness: 0.30005
	-       mean fitness: 0.10690
	-      worst fitness: 0.01396
	- standard deviation: 0.05333
Best genome overview:
	- fitness: 0.30005
	- size (hid, conn): (0, 7)
	- genome id: 940
	- belongs to specie: 1
Genetic distance:
	- Maximum: 2.723
	- Mean: 1.541
	- Minimum: 0.000
	- Standard deviation: 0.596

Population of 128 members in 3 species:
	 SID    age    size    fitness    adj fit    stag 
	=====  =====  ======  =========  =========  ======
	  1      7      41      0.300      0.325      5   
	  2      7      51      0.227      0.370      2   
	  3      4      36      0.194      0.269      2   

Generation time: 64.680 sec  (64.608 average)
Population 'novelty_repr_2' saved! Current generation: 8
Sample chosen: [729, 935, 480, 660, 783, 640, 805, 628, 897, 787, 811, 585, 48, 495, 711, 405]

********** Running generation 8 **********

Full population's fitness overview:
	-       best fitness: 0.28411
	-       mean fitness: 0.10911
	-      worst fitness: 0.01844
	- standard deviation: 0.04883
Best genome overview:
	- fitness: 0.28411
	- size (hid, conn): (0, 7)
	- genome id: 1054
	- belongs to specie: 2
Genetic distance:
	- Maximum: 2.824
	- Mean: 1.602
	- Minimum: 0.043
	- Standard deviation: 0.643

Population of 129 members in 3 species:
	 SID    age    size    fitness    adj fit    stag 
	=====  =====  ======  =========  =========  ======
	  1      8      25      0.236      0.334      6   
	  2      8      62      0.284      0.392      3   
	  3      5      42      0.162      0.278      3   

Generation time: 66.162 sec  (64.780 average)
Population 'novelty_repr_2' saved! Current generation: 9
Sample chosen: [659, 326, 248, 90, 763, 231, 902, 114, 550, 378, 301, 960, 100, 251, 808, 583]

********** Running generation 9 **********

Full population's fitness overview:
	-       best fitness: 0.28621
	-       mean fitness: 0.10192
	-      worst fitness: 0.02342
	- standard deviation: 0.04465
Best genome overview:
	- fitness: 0.28621
	- size (hid, conn): (0, 7)
	- genome id: 1222
	- belongs to specie: 2
Genetic distance:
	- Maximum: 2.620
	- Mean: 1.642
	- Minimum: 0.071
	- Standard deviation: 0.646

Population of 129 members in 3 species:
	 SID    age    size    fitness    adj fit    stag 
	=====  =====  ======  =========  =========  ======
	  1      9      8       0.177      0.278      7   
	  2      9      69      0.286      0.357      4   
	  3      6      52      0.151      0.225      4   

Generation time: 66.480 sec  (64.950 average)
Population 'novelty_repr_2' saved! Current generation: 10
Sample chosen: [923, 398, 428, 767, 982, 113, 799, 367, 655, 349, 809, 564, 197, 118, 706, 442]

********** Running generation 10 **********

Full population's fitness overview:
	-       best fitness: 0.28352
	-       mean fitness: 0.10880
	-      worst fitness: 0.00320
	- standard deviation: 0.05500
Best genome overview:
	- fitness: 0.28352
	- size (hid, conn): (1, 8)
	- genome id: 1324
	- belongs to specie: 2
Genetic distance:
	- Maximum: 2.638
	- Mean: 1.621
	- Minimum: 0.062
	- Standard deviation: 0.681

Population of 128 members in 3 species:
	 SID    age    size    fitness    adj fit    stag 
	=====  =====  ======  =========  =========  ======
	  1     10      21      0.151      0.350      8   
	  2     10      52      0.284      0.422      5   
	  3      7      55      0.228      0.320      5   

Generation time: 66.420 sec  (65.431 average)
Population 'novelty_repr_2' saved! Current generation: 11
Sample chosen: [116, 551, 957, 570, 144, 132, 542, 933, 687, 765, 594, 655, 606, 215, 778, 772]

********** Running generation 11 **********

Full population's fitness overview:
	-       best fitness: 0.30600
	-       mean fitness: 0.10268
	-      worst fitness: 0.01137
	- standard deviation: 0.05568
Best genome overview:
	- fitness: 0.30600
	- size (hid, conn): (0, 7)
	- genome id: 1436
	- belongs to specie: 2
Genetic distance:
	- Maximum: 2.953
	- Mean: 1.507
	- Minimum: 0.067
	- Standard deviation: 0.792

Population of 128 members in 3 species:
	 SID    age    size    fitness    adj fit    stag 
	=====  =====  ======  =========  =========  ======
	  1     11      23      0.241      0.315      9   
	  2     11      84      0.306      0.346      6   
	  3      8      21      0.211      0.274      6   

Generation time: 69.206 sec  (65.893 average)
Population 'novelty_repr_2' saved! Current generation: 12
Sample chosen: [134, 517, 651, 480, 584, 267, 22, 191, 11, 774, 310, 184, 915, 446, 350, 752]

********** Running generation 12 **********

Full population's fitness overview:
	-       best fitness: 0.30832
	-       mean fitness: 0.11853
	-      worst fitness: 0.01463
	- standard deviation: 0.05530
Best genome overview:
	- fitness: 0.30832
	- size (hid, conn): (0, 7)
	- genome id: 1451
	- belongs to specie: 2
Genetic distance:
	- Maximum: 2.745
	- Mean: 1.210
	- Minimum: 0.018
	- Standard deviation: 0.851

Population of 128 members in 3 species:
	 SID    age    size    fitness    adj fit    stag 
	=====  =====  ======  =========  =========  ======
	  1     12      43      0.226      0.400      10  
	  2     12      56      0.308      0.360      7   
	  3      9      29      0.184      0.278      7   

Generation time: 67.082 sec  (66.290 average)
Population 'novelty_repr_2' saved! Current generation: 13
Sample chosen: [43, 328, 982, 555, 650, 605, 314, 587, 433, 187, 766, 910, 237, 608, 906, 383]

********** Running generation 13 **********

Full population's fitness overview:
	-       best fitness: 0.27170
	-       mean fitness: 0.10756
	-      worst fitness: 0.01765
	- standard deviation: 0.05136
Best genome overview:
	- fitness: 0.27170
	- size (hid, conn): (0, 8)
	- genome id: 1669
	- belongs to specie: 2
Genetic distance:
	- Maximum: 2.727
	- Mean: 1.226
	- Minimum: 0.056
	- Standard deviation: 0.848

Population of 128 members in 3 species:
	 SID    age    size    fitness    adj fit    stag 
	=====  =====  ======  =========  =========  ======
	  1     13      51      0.177      0.326      11  
	  2     13      45      0.272      0.414      8   
	  3     10      32      0.215      0.279      8   

Generation time: 64.663 sec  (66.235 average)
Population 'novelty_repr_2' saved! Current generation: 14
Sample chosen: [564, 751, 893, 270, 35, 251, 894, 835, 467, 50, 310, 614, 976, 801, 644, 796]

********** Running generation 14 **********

Full population's fitness overview:
	-       best fitness: 0.28684
	-       mean fitness: 0.10750
	-      worst fitness: 0.01456
	- standard deviation: 0.05196
Best genome overview:
	- fitness: 0.28684
	- size (hid, conn): (0, 7)
	- genome id: 1732
	- belongs to specie: 1
Genetic distance:
	- Maximum: 2.794
	- Mean: 1.275
	- Minimum: 0.060
	- Standard deviation: 0.829

Population of 128 members in 3 species:
	 SID    age    size    fitness    adj fit    stag 
	=====  =====  ======  =========  =========  ======
	  1     14      49      0.287      0.392      12  
	  2     14      47      0.259      0.349      9   
	  3     11      32      0.216      0.250      9   

Generation time: 65.650 sec  (66.261 average)
Population 'novelty_repr_2' saved! Current generation: 15
Sample chosen: [11, 789, 306, 139, 421, 185, 207, 199, 901, 692, 570, 970, 602, 926, 434, 700]

********** Running generation 15 **********

Full population's fitness overview:
	-       best fitness: 0.29660
	-       mean fitness: 0.11771
	-      worst fitness: 0.02887
	- standard deviation: 0.04837
Best genome overview:
	- fitness: 0.29660
	- size (hid, conn): (0, 8)
	- genome id: 1688
	- belongs to specie: 2
Genetic distance:
	- Maximum: 2.869
	- Mean: 1.336
	- Minimum: 0.072
	- Standard deviation: 0.793

Population of 128 members in 3 species:
	 SID    age    size    fitness    adj fit    stag 
	=====  =====  ======  =========  =========  ======
	  1     15      42      0.239      0.311      13  
	  2     15      51      0.297      0.376      10  
	  3     12      35      0.183      0.299      10  

Generation time: 65.815 sec  (66.240 average)
Population 'novelty_repr_2' saved! Current generation: 16
Sample chosen: [756, 863, 576, 189, 694, 136, 521, 23, 197, 365, 755, 514, 715, 581, 276, 766]

********** Running generation 16 **********

Full population's fitness overview:
	-       best fitness: 0.31385
	-       mean fitness: 0.11329
	-      worst fitness: 0.02505
	- standard deviation: 0.04746
Best genome overview:
	- fitness: 0.31385
	- size (hid, conn): (0, 8)
	- genome id: 1688
	- belongs to specie: 2
Genetic distance:
	- Maximum: 2.816
	- Mean: 1.457
	- Minimum: 0.000
	- Standard deviation: 0.792

Population of 127 members in 3 species:
	 SID    age    size    fitness    adj fit    stag 
	=====  =====  ======  =========  =========  ======
	  1     16      17      0.276      0.344      14  
	  2     16      76      0.314      0.320      11  
	  3     13      34      0.197      0.238      11  

Generation time: 67.751 sec  (66.391 average)
Population 'novelty_repr_2' saved! Current generation: 17
Sample chosen: [656, 356, 957, 275, 403, 186, 524, 507, 494, 946, 703, 572, 201, 160, 154, 523]

********** Running generation 17 **********

Full population's fitness overview:
	-       best fitness: 0.34461
	-       mean fitness: 0.11706
	-      worst fitness: 0.01857
	- standard deviation: 0.05015
Best genome overview:
	- fitness: 0.34461
	- size (hid, conn): (1, 10)
	- genome id: 2125
	- belongs to specie: 2
Genetic distance:
	- Maximum: 3.001
	- Mean: 1.477
	- Minimum: 0.091
	- Standard deviation: 0.749

Population of 127 members in 3 species:
	 SID    age    size    fitness    adj fit    stag 
	=====  =====  ======  =========  =========  ======
	  1     17      55      0.214      0.307      15  
	  2     17      39      0.345      0.322      12  
	  3     14      33      0.197      0.254      12  

Generation time: 67.218 sec  (66.644 average)
Population 'novelty_repr_2' saved! Current generation: 18
Sample chosen: [785, 403, 765, 269, 829, 974, 248, 458, 26, 608, 136, 524, 489, 351, 56, 375]

********** Running generation 18 **********

Full population's fitness overview:
	-       best fitness: 0.30193
	-       mean fitness: 0.11425
	-      worst fitness: 0.00869
	- standard deviation: 0.06072
Best genome overview:
	- fitness: 0.30193
	- size (hid, conn): (0, 6)
	- genome id: 2293
	- belongs to specie: 2

Species 1 with 55 members is stagnated: removing it
Genetic distance:
	- Maximum: 2.996
	- Mean: 1.542
	- Minimum: 0.000
	- Standard deviation: 0.816

Population of 128 members in 2 species:
	 SID    age    size    fitness    adj fit    stag 
	=====  =====  ======  =========  =========  ======
	  2     18      73      0.302      0.400      13  
	  3     15      55      0.181      0.278      13  

Generation time: 67.199 sec  (66.748 average)
Population 'novelty_repr_2' saved! Current generation: 19
Sample chosen: [889, 935, 3, 514, 57, 17, 211, 76, 220, 610, 542, 696, 584, 960, 714, 82]

********** Running generation 19 **********

Full population's fitness overview:
	-       best fitness: 0.31203
	-       mean fitness: 0.10458
	-      worst fitness: 0.00555
	- standard deviation: 0.05377
Best genome overview:
	- fitness: 0.31203
	- size (hid, conn): (0, 8)
	- genome id: 2454
	- belongs to specie: 2
Genetic distance:
	- Maximum: 3.067
	- Mean: 1.720
	- Minimum: 0.219
	- Standard deviation: 0.830

Population of 128 members in 2 species:
	 SID    age    size    fitness    adj fit    stag 
	=====  =====  ======  =========  =========  ======
	  2     19      75      0.312      0.380      14  
	  3     16      53      0.178      0.248      14  

Generation time: 63.758 sec  (66.476 average)
Population 'novelty_repr_2' saved! Current generation: 20
Sample chosen: [572, 265, 678, 199, 997, 819, 71, 206, 522, 908, 683, 150, 671, 95, 341, 783]

********** Running generation 20 **********

Full population's fitness overview:
	-       best fitness: 0.29329
	-       mean fitness: 0.10795
	-      worst fitness: 0.01867
	- standard deviation: 0.05038
Best genome overview:
	- fitness: 0.29329
	- size (hid, conn): (1, 9)
	- genome id: 2542
	- belongs to specie: 2

Species 2 with 75 members is stagnated: removing it
Genetic distance:
	- Maximum: 2.267
	- Mean: 1.328
	- Minimum: 0.211
	- Standard deviation: 0.575

Population of 128 members in 1 species:
	 SID    age    size    fitness    adj fit    stag 
	=====  =====  ======  =========  =========  ======
	  3     17     128      0.216      0.433      15  

Generation time: 65.630 sec  (66.397 average)
Population 'novelty_repr_2' saved! Current generation: 21
Sample chosen: [13, 230, 716, 489, 644, 976, 436, 113, 487, 632, 156, 747, 169, 29, 393, 276]

********** Running generation 21 **********

Full population's fitness overview:
	-       best fitness: 0.37372
	-       mean fitness: 0.10580
	-      worst fitness: 0.01455
	- standard deviation: 0.06017
Best genome overview:
	- fitness: 0.37372
	- size (hid, conn): (1, 7)
	- genome id: 2595
	- belongs to specie: 3
Genetic distance:
	- Maximum: 2.368
	- Mean: 1.533
	- Minimum: 0.128
	- Standard deviation: 0.542

Population of 128 members in 1 species:
	 SID    age    size    fitness    adj fit    stag 
	=====  =====  ======  =========  =========  ======
	  3     18     128      0.374      0.254      0   

Generation time: 65.363 sec  (66.013 average)
Population 'novelty_repr_2' saved! Current generation: 22
Sample chosen: [423, 499, 641, 4, 539, 522, 722, 736, 737, 2, 14, 192, 271, 154, 198, 691]

********** Running generation 22 **********

Full population's fitness overview:
	-       best fitness: 0.24004
	-       mean fitness: 0.10426
	-      worst fitness: 0.01045
	- standard deviation: 0.05672
Best genome overview:
	- fitness: 0.24004
	- size (hid, conn): (1, 7)
	- genome id: 2595
	- belongs to specie: 3
Genetic distance:
	- Maximum: 2.301
	- Mean: 1.592
	- Minimum: 0.167
	- Standard deviation: 0.438

Population of 128 members in 1 species:
	 SID    age    size    fitness    adj fit    stag 
	=====  =====  ======  =========  =========  ======
	  3     19     128      0.240      0.409      1   

Generation time: 66.633 sec  (65.968 average)
Population 'novelty_repr_2' saved! Current generation: 23
Sample chosen: [656, 430, 816, 689, 671, 391, 424, 121, 389, 152, 834, 937, 411, 197, 456, 995]

********** Running generation 23 **********

Full population's fitness overview:
	-       best fitness: 0.35863
	-       mean fitness: 0.12782
	-      worst fitness: 0.03534
	- standard deviation: 0.05388
Best genome overview:
	- fitness: 0.35863
	- size (hid, conn): (0, 4)
	- genome id: 2920
	- belongs to specie: 3
Genetic distance:
	- Maximum: 2.150
	- Mean: 1.417
	- Minimum: 0.541
	- Standard deviation: 0.380

Population of 128 members in 1 species:
	 SID    age    size    fitness    adj fit    stag 
	=====  =====  ======  =========  =========  ======
	  3     20     128      0.359      0.286      2   

Generation time: 67.494 sec  (66.251 average)
Population 'novelty_repr_2' saved! Current generation: 24
Sample chosen: [964, 153, 247, 405, 631, 630, 537, 636, 151, 384, 748, 715, 173, 71, 407, 933]

********** Running generation 24 **********

Full population's fitness overview:
	-       best fitness: 0.33402
	-       mean fitness: 0.10677
	-      worst fitness: 0.00677
	- standard deviation: 0.05927
Best genome overview:
	- fitness: 0.33402
	- size (hid, conn): (0, 4)
	- genome id: 2972
	- belongs to specie: 3
Genetic distance:
	- Maximum: 1.655
	- Mean: 1.068
	- Minimum: 0.042
	- Standard deviation: 0.308

Population of 128 members in 1 species:
	 SID    age    size    fitness    adj fit    stag 
	=====  =====  ======  =========  =========  ======
	  3     21     128      0.334      0.306      3   

Generation time: 64.457 sec  (66.132 average)
Population 'novelty_repr_2' saved! Current generation: 25
Sample chosen: [866, 116, 278, 862, 382, 433, 931, 181, 559, 305, 864, 554, 457, 208, 381, 352]

********** Running generation 25 **********

Full population's fitness overview:
	-       best fitness: 0.31223
	-       mean fitness: 0.12874
	-      worst fitness: 0.02422
	- standard deviation: 0.05597
Best genome overview:
	- fitness: 0.31223
	- size (hid, conn): (2, 9)
	- genome id: 3118
	- belongs to specie: 3
Genetic distance:
	- Maximum: 1.772
	- Mean: 1.123
	- Minimum: 0.227
	- Standard deviation: 0.315

Population of 128 members in 1 species:
	 SID    age    size    fitness    adj fit    stag 
	=====  =====  ======  =========  =========  ======
	  3     22     128      0.312      0.363      4   

Generation time: 67.918 sec  (66.342 average)
Population 'novelty_repr_2' saved! Current generation: 26
Sample chosen: [532, 10, 826, 437, 167, 929, 841, 523, 496, 763, 353, 339, 168, 131, 493, 348]

********** Running generation 26 **********

Full population's fitness overview:
	-       best fitness: 0.31516
	-       mean fitness: 0.15267
	-      worst fitness: 0.05339
	- standard deviation: 0.05607
Best genome overview:
	- fitness: 0.31516
	- size (hid, conn): (0, 6)
	- genome id: 3335
	- belongs to specie: 3
Genetic distance:
	- Maximum: 1.823
	- Mean: 1.073
	- Minimum: 0.071
	- Standard deviation: 0.350

Population of 128 members in 1 species:
	 SID    age    size    fitness    adj fit    stag 
	=====  =====  ======  =========  =========  ======
	  3     23     128      0.315      0.379      5   

Generation time: 66.303 sec  (66.197 average)
Population 'novelty_repr_2' saved! Current generation: 27
Sample chosen: [690, 131, 419, 866, 841, 190, 224, 654, 456, 504, 296, 712, 587, 333, 698, 571]

********** Running generation 27 **********

Full population's fitness overview:
	-       best fitness: 0.32472
	-       mean fitness: 0.12567
	-      worst fitness: 0.02708
	- standard deviation: 0.05757
Best genome overview:
	- fitness: 0.32472
	- size (hid, conn): (0, 4)
	- genome id: 3421
	- belongs to specie: 3
Genetic distance:
	- Maximum: 1.657
	- Mean: 0.983
	- Minimum: 0.017
	- Standard deviation: 0.361

Population of 128 members in 1 species:
	 SID    age    size    fitness    adj fit    stag 
	=====  =====  ======  =========  =========  ======
	  3     24     128      0.325      0.331      6   

Generation time: 67.351 sec  (66.210 average)
Population 'novelty_repr_2' saved! Current generation: 28
Sample chosen: [526, 211, 145, 86, 124, 917, 253, 157, 884, 723, 869, 810, 459, 534, 642, 463]

********** Running generation 28 **********

Full population's fitness overview:
	-       best fitness: 0.23676
	-       mean fitness: 0.11753
	-      worst fitness: 0.01619
	- standard deviation: 0.04850
Best genome overview:
	- fitness: 0.23676
	- size (hid, conn): (1, 7)
	- genome id: 3481
	- belongs to specie: 3
Genetic distance:
	- Maximum: 1.713
	- Mean: 1.046
	- Minimum: 0.077
	- Standard deviation: 0.339

Population of 128 members in 1 species:
	 SID    age    size    fitness    adj fit    stag 
	=====  =====  ======  =========  =========  ======
	  3     25     128      0.237      0.459      7   

Generation time: 67.025 sec  (66.193 average)
Population 'novelty_repr_2' saved! Current generation: 29
Sample chosen: [483, 380, 85, 775, 974, 904, 520, 65, 757, 832, 997, 986, 46, 387, 416, 921]

********** Running generation 29 **********

Full population's fitness overview:
	-       best fitness: 0.28244
	-       mean fitness: 0.12093
	-      worst fitness: 0.02241
	- standard deviation: 0.05919
Best genome overview:
	- fitness: 0.28244
	- size (hid, conn): (1, 4)
	- genome id: 3690
	- belongs to specie: 3
Genetic distance:
	- Maximum: 1.727
	- Mean: 0.998
	- Minimum: 0.030
	- Standard deviation: 0.375

Population of 128 members in 1 species:
	 SID    age    size    fitness    adj fit    stag 
	=====  =====  ======  =========  =========  ======
	  3     26     128      0.282      0.379      8   

Generation time: 68.247 sec  (66.642 average)
Population 'novelty_repr_2' saved! Current generation: 30
Sample chosen: [867, 163, 621, 402, 976, 816, 350, 86, 883, 881, 766, 880, 195, 576, 258, 135]

********** Running generation 30 **********

Full population's fitness overview:
	-       best fitness: 0.29794
	-       mean fitness: 0.12359
	-      worst fitness: 0.01290
	- standard deviation: 0.05457
Best genome overview:
	- fitness: 0.29794
	- size (hid, conn): (1, 6)
	- genome id: 3794
	- belongs to specie: 3
Genetic distance:
	- Maximum: 1.807
	- Mean: 0.983
	- Minimum: 0.084
	- Standard deviation: 0.381

Population of 128 members in 1 species:
	 SID    age    size    fitness    adj fit    stag 
	=====  =====  ======  =========  =========  ======
	  3     27     128      0.298      0.388      9   

Generation time: 70.313 sec  (67.110 average)
Population 'novelty_repr_2' saved! Current generation: 31
Sample chosen: [381, 785, 321, 94, 245, 454, 118, 909, 41, 695, 542, 517, 735, 310, 83, 756]

********** Running generation 31 **********

Full population's fitness overview:
	-       best fitness: 0.24924
	-       mean fitness: 0.11424
	-      worst fitness: 0.02144
	- standard deviation: 0.04420
Best genome overview:
	- fitness: 0.24924
	- size (hid, conn): (2, 6)
	- genome id: 3967
	- belongs to specie: 3
Genetic distance:
	- Maximum: 2.027
	- Mean: 1.057
	- Minimum: 0.143
	- Standard deviation: 0.351

Population of 128 members in 1 species:
	 SID    age    size    fitness    adj fit    stag 
	=====  =====  ======  =========  =========  ======
	  3     28     128      0.249      0.407      10  

Generation time: 69.162 sec  (67.490 average)
Population 'novelty_repr_2' saved! Current generation: 32
Sample chosen: [50, 213, 531, 846, 271, 654, 489, 370, 830, 653, 580, 660, 558, 897, 307, 459]

********** Running generation 32 **********

Full population's fitness overview:
	-       best fitness: 0.30493
	-       mean fitness: 0.10840
	-      worst fitness: 0.00920
	- standard deviation: 0.06285
Best genome overview:
	- fitness: 0.30493
	- size (hid, conn): (0, 3)
	- genome id: 4092
	- belongs to specie: 3
Genetic distance:
	- Maximum: 2.227
	- Mean: 1.217
	- Minimum: 0.409
	- Standard deviation: 0.330

Population of 128 members in 1 species:
	 SID    age    size    fitness    adj fit    stag 
	=====  =====  ======  =========  =========  ======
	  3     29     128      0.305      0.335      11  

Generation time: 66.541 sec  (67.481 average)
Population 'novelty_repr_2' saved! Current generation: 33
Sample chosen: [915, 962, 851, 253, 611, 627, 196, 353, 647, 267, 49, 509, 492, 724, 465, 421]

********** Running generation 33 **********

Full population's fitness overview:
	-       best fitness: 0.30758
	-       mean fitness: 0.11467
	-      worst fitness: 0.00680
	- standard deviation: 0.05847
Best genome overview:
	- fitness: 0.30758
	- size (hid, conn): (0, 1)
	- genome id: 4113
	- belongs to specie: 3
Genetic distance:
	- Maximum: 1.854
	- Mean: 1.184
	- Minimum: 0.017
	- Standard deviation: 0.255

Population of 128 members in 1 species:
	 SID    age    size    fitness    adj fit    stag 
	=====  =====  ======  =========  =========  ======
	  3     30     128      0.308      0.359      12  

Generation time: 68.363 sec  (67.568 average)
Population 'novelty_repr_2' saved! Current generation: 34
Sample chosen: [845, 16, 735, 651, 167, 785, 765, 280, 338, 700, 153, 20, 43, 851, 873, 575]

********** Running generation 34 **********

Full population's fitness overview:
	-       best fitness: 0.31047
	-       mean fitness: 0.13101
	-      worst fitness: 0.02652
	- standard deviation: 0.05180
Best genome overview:
	- fitness: 0.31047
	- size (hid, conn): (0, 1)
	- genome id: 4279
	- belongs to specie: 3
Genetic distance:
	- Maximum: 1.738
	- Mean: 1.124
	- Minimum: 0.064
	- Standard deviation: 0.337

Population of 128 members in 1 species:
	 SID    age    size    fitness    adj fit    stag 
	=====  =====  ======  =========  =========  ======
	  3     31     128      0.310      0.368      13  

Generation time: 68.186 sec  (67.941 average)
Population 'novelty_repr_2' saved! Current generation: 35
Sample chosen: [329, 780, 77, 133, 136, 910, 410, 100, 381, 611, 380, 119, 41, 181, 588, 190]

********** Running generation 35 **********

Full population's fitness overview:
	-       best fitness: 0.26401
	-       mean fitness: 0.13173
	-      worst fitness: 0.01225
	- standard deviation: 0.05334
Best genome overview:
	- fitness: 0.26401
	- size (hid, conn): (0, 5)
	- genome id: 4453
	- belongs to specie: 3
Genetic distance:
	- Maximum: 1.746
	- Mean: 1.168
	- Minimum: 0.306
	- Standard deviation: 0.263

Population of 128 members in 1 species:
	 SID    age    size    fitness    adj fit    stag 
	=====  =====  ======  =========  =========  ======
	  3     32     128      0.264      0.475      14  

Generation time: 67.505 sec  (67.900 average)
Population 'novelty_repr_2' saved! Current generation: 36
Sample chosen: [232, 595, 402, 142, 829, 418, 553, 671, 413, 889, 260, 988, 306, 96, 604, 951]

********** Running generation 36 **********

Full population's fitness overview:
	-       best fitness: 0.32362
	-       mean fitness: 0.11885
	-      worst fitness: 0.02101
	- standard deviation: 0.06186
Best genome overview:
	- fitness: 0.32362
	- size (hid, conn): (3, 6)
	- genome id: 4553
	- belongs to specie: 3
Genetic distance:
	- Maximum: 1.644
	- Mean: 1.191
	- Minimum: 0.132
	- Standard deviation: 0.268

Population of 128 members in 1 species:
	 SID    age    size    fitness    adj fit    stag 
	=====  =====  ======  =========  =========  ======
	  3     33     128      0.324      0.323      15  

Generation time: 69.971 sec  (68.266 average)
Population 'novelty_repr_2' saved! Current generation: 37
Sample chosen: [251, 965, 598, 639, 277, 940, 34, 675, 32, 172, 783, 345, 182, 990, 762, 284]

********** Running generation 37 **********

Full population's fitness overview:
	-       best fitness: 0.35876
	-       mean fitness: 0.12058
	-      worst fitness: 0.01000
	- standard deviation: 0.05139
Best genome overview:
	- fitness: 0.35876
	- size (hid, conn): (0, 1)
	- genome id: 4714
	- belongs to specie: 3
Genetic distance:
	- Maximum: 1.922
	- Mean: 1.229
	- Minimum: 0.354
	- Standard deviation: 0.279

Population of 128 members in 1 species:
	 SID    age    size    fitness    adj fit    stag 
	=====  =====  ======  =========  =========  ======
	  3     34     128      0.359      0.317      16  

Generation time: 68.046 sec  (68.336 average)
Population 'novelty_repr_2' saved! Current generation: 38
Sample chosen: [61, 859, 449, 819, 218, 757, 131, 739, 698, 173, 983, 973, 1000, 230, 607, 206]

********** Running generation 38 **********

Full population's fitness overview:
	-       best fitness: 0.31708
	-       mean fitness: 0.12510
	-      worst fitness: 0.01516
	- standard deviation: 0.05198
Best genome overview:
	- fitness: 0.31708
	- size (hid, conn): (0, 3)
	- genome id: 4806
	- belongs to specie: 3

Species 3 with 128 members is stagnated: removing it
All species are extinct.
Genetic distance:
	- Maximum: 3.015
	- Mean: 1.980
	- Minimum: 1.065
	- Standard deviation: 0.349

Population of 128 members in 2 species:
	 SID    age    size    fitness    adj fit    stag 
	=====  =====  ======  =========  =========  ======
	  4      0      85       --         --        0   
	  5      0      43       --         --        0   

Total extinctions: 1
Generation time: 70.518 sec  (68.685 average)
Population 'novelty_repr_2' saved! Current generation: 39
Sample chosen: [800, 594, 802, 259, 525, 523, 782, 680, 957, 630, 689, 895, 247, 611, 726, 704]

********** Running generation 39 **********

Full population's fitness overview:
	-       best fitness: 0.41725
	-       mean fitness: 0.05837
	-      worst fitness: 0.00002
	- standard deviation: 0.07237
Best genome overview:
	- fitness: 0.41725
	- size (hid, conn): (0, 9)
	- genome id: 4971
	- belongs to specie: 4
Genetic distance:
	- Maximum: 3.008
	- Mean: 1.983
	- Minimum: 0.127
	- Standard deviation: 0.458

Population of 128 members in 2 species:
	 SID    age    size    fitness    adj fit    stag 
	=====  =====  ======  =========  =========  ======
	  4      1      79      0.417      0.139      0   
	  5      1      49      0.340      0.142      0   

Total extinctions: 1
Generation time: 63.171 sec  (68.178 average)
Population 'novelty_repr_2' saved! Current generation: 40
Sample chosen: [604, 963, 926, 266, 569, 608, 790, 244, 372, 582, 377, 62, 91, 469, 804, 413]

********** Running generation 40 **********

Full population's fitness overview:
	-       best fitness: 0.28280
	-       mean fitness: 0.08766
	-      worst fitness: 0.00070
	- standard deviation: 0.06273
Best genome overview:
	- fitness: 0.28280
	- size (hid, conn): (0, 7)
	- genome id: 5038
	- belongs to specie: 4
Genetic distance:
	- Maximum: 3.096
	- Mean: 1.957
	- Minimum: 0.185
	- Standard deviation: 0.434

Population of 128 members in 2 species:
	 SID    age    size    fitness    adj fit    stag 
	=====  =====  ======  =========  =========  ======
	  4      2     110      0.283      0.320      1   
	  5      2      18      0.263      0.289      1   

Total extinctions: 1
Generation time: 64.359 sec  (67.582 average)
Population 'novelty_repr_2' saved! Current generation: 41
Sample chosen: [810, 136, 960, 698, 965, 831, 809, 274, 249, 13, 428, 41, 445, 989, 233, 510]

********** Running generation 41 **********

Full population's fitness overview:
	-       best fitness: 0.30723
	-       mean fitness: 0.11192
	-      worst fitness: 0.00626
	- standard deviation: 0.06834
Best genome overview:
	- fitness: 0.30723
	- size (hid, conn): (0, 8)
	- genome id: 5145
	- belongs to specie: 4
Genetic distance:
	- Maximum: 2.979
	- Mean: 1.751
	- Minimum: 0.116
	- Standard deviation: 0.516

Population of 128 members in 2 species:
	 SID    age    size    fitness    adj fit    stag 
	=====  =====  ======  =========  =========  ======
	  4      3      55      0.307      0.349      2   
	  5      3      73      0.298      0.366      2   

Total extinctions: 1
Generation time: 67.581 sec  (67.424 average)
Population 'novelty_repr_2' saved! Current generation: 42
Sample chosen: [263, 816, 510, 213, 258, 993, 618, 260, 143, 741, 334, 475, 465, 106, 946, 183]

********** Running generation 42 **********

Full population's fitness overview:
	-       best fitness: 0.53969
	-       mean fitness: 0.10538
	-      worst fitness: 0.00418
	- standard deviation: 0.07051
Best genome overview:
	- fitness: 0.53969
	- size (hid, conn): (0, 8)
	- genome id: 5247
	- belongs to specie: 5
Genetic distance:
	- Maximum: 2.696
	- Mean: 1.467
	- Minimum: 0.149
	- Standard deviation: 0.551

Population of 128 members in 2 species:
	 SID    age    size    fitness    adj fit    stag 
	=====  =====  ======  =========  =========  ======
	  4      4      60      0.239      0.170      3   
	  5      4      68      0.540      0.203      0   

Total extinctions: 1
Generation time: 63.626 sec  (67.133 average)
Population 'novelty_repr_2' saved! Current generation: 43
Sample chosen: [917, 426, 83, 614, 773, 594, 44, 902, 417, 603, 683, 884, 284, 783, 841, 625]

********** Running generation 43 **********

Full population's fitness overview:
	-       best fitness: 0.33260
	-       mean fitness: 0.11657
	-      worst fitness: 0.01126
	- standard deviation: 0.05609
Best genome overview:
	- fitness: 0.33260
	- size (hid, conn): (0, 8)
	- genome id: 5247
	- belongs to specie: 5
Genetic distance:
	- Maximum: 2.872
	- Mean: 1.451
	- Minimum: 0.071
	- Standard deviation: 0.567

Population of 128 members in 2 species:
	 SID    age    size    fitness    adj fit    stag 
	=====  =====  ======  =========  =========  ======
	  4      5      62      0.213      0.280      4   
	  5      5      66      0.333      0.370      1   

Total extinctions: 1
Generation time: 64.950 sec  (66.791 average)
Population 'novelty_repr_2' saved! Current generation: 44
Sample chosen: [216, 101, 871, 23, 986, 905, 888, 572, 107, 136, 157, 950, 656, 586, 550, 238]

********** Running generation 44 **********

Full population's fitness overview:
	-       best fitness: 0.30796
	-       mean fitness: 0.09990
	-      worst fitness: 0.00870
	- standard deviation: 0.05156
Best genome overview:
	- fitness: 0.30796
	- size (hid, conn): (0, 8)
	- genome id: 5411
	- belongs to specie: 5
Genetic distance:
	- Maximum: 2.948
	- Mean: 1.402
	- Minimum: 0.259
	- Standard deviation: 0.535

Population of 128 members in 2 species:
	 SID    age    size    fitness    adj fit    stag 
	=====  =====  ======  =========  =========  ======
	  4      6      70      0.193      0.265      5   
	  5      6      58      0.308      0.342      2   

Total extinctions: 1
Generation time: 65.435 sec  (66.516 average)
Population 'novelty_repr_2' saved! Current generation: 45
Sample chosen: [388, 362, 365, 739, 696, 446, 619, 4, 50, 971, 347, 892, 548, 902, 3, 348]

********** Running generation 45 **********

Full population's fitness overview:
	-       best fitness: 0.46364
	-       mean fitness: 0.09733
	-      worst fitness: 0.00521
	- standard deviation: 0.05627
Best genome overview:
	- fitness: 0.46364
	- size (hid, conn): (0, 8)
	- genome id: 5721
	- belongs to specie: 5
Genetic distance:
	- Maximum: 2.756
	- Mean: 1.353
	- Minimum: 0.006
	- Standard deviation: 0.539

Population of 128 members in 2 species:
	 SID    age    size    fitness    adj fit    stag 
	=====  =====  ======  =========  =========  ======
	  4      7      62      0.209      0.182      6   
	  5      7      66      0.464      0.224      3   

Total extinctions: 1
Generation time: 65.524 sec  (66.318 average)
Population 'novelty_repr_2' saved! Current generation: 46
Sample chosen: [809, 594, 103, 85, 920, 386, 115, 412, 710, 167, 397, 950, 671, 433, 439, 498]

********** Running generation 46 **********

Full population's fitness overview:
	-       best fitness: 0.44299
	-       mean fitness: 0.10240
	-      worst fitness: 0.00303
	- standard deviation: 0.06469
Best genome overview:
	- fitness: 0.44299
	- size (hid, conn): (0, 8)
	- genome id: 5803
	- belongs to specie: 5
Genetic distance:
	- Maximum: 2.412
	- Mean: 1.354
	- Minimum: 0.000
	- Standard deviation: 0.553

Population of 128 members in 2 species:
	 SID    age    size    fitness    adj fit    stag 
	=====  =====  ======  =========  =========  ======
	  4      8      59      0.302      0.207      7   
	  5      8      69      0.443      0.243      4   

Total extinctions: 1
Generation time: 65.430 sec  (65.864 average)
Population 'novelty_repr_2' saved! Current generation: 47
Sample chosen: [160, 979, 387, 903, 900, 120, 313, 121, 849, 337, 453, 455, 631, 989, 709, 349]

********** Running generation 47 **********

Full population's fitness overview:
	-       best fitness: 0.32993
	-       mean fitness: 0.11589
	-      worst fitness: 0.01834
	- standard deviation: 0.05868
Best genome overview:
	- fitness: 0.32993
	- size (hid, conn): (0, 8)
	- genome id: 5721
	- belongs to specie: 5
Genetic distance:
	- Maximum: 2.449
	- Mean: 1.327
	- Minimum: 0.006
	- Standard deviation: 0.561

Population of 128 members in 2 species:
	 SID    age    size    fitness    adj fit    stag 
	=====  =====  ======  =========  =========  ======
	  4      9      56      0.245      0.270      8   
	  5      9      72      0.330      0.350      5   

Total extinctions: 1
Generation time: 66.958 sec  (65.755 average)
Population 'novelty_repr_2' saved! Current generation: 48
Sample chosen: [817, 139, 738, 40, 490, 461, 485, 169, 816, 798, 649, 399, 507, 316, 570, 290]

********** Running generation 48 **********

Full population's fitness overview:
	-       best fitness: 0.40614
	-       mean fitness: 0.11710
	-      worst fitness: 0.01013
	- standard deviation: 0.06360
Best genome overview:
	- fitness: 0.40614
	- size (hid, conn): (0, 8)
	- genome id: 5721
	- belongs to specie: 5
Genetic distance:
	- Maximum: 2.529
	- Mean: 1.460
	- Minimum: 0.000
	- Standard deviation: 0.534

Population of 128 members in 2 species:
	 SID    age    size    fitness    adj fit    stag 
	=====  =====  ======  =========  =========  ======
	  4     10      55      0.194      0.243      9   
	  5     10      73      0.406      0.291      6   

Total extinctions: 1
Generation time: 65.545 sec  (65.258 average)
Population 'novelty_repr_2' saved! Current generation: 49
Sample chosen: [286, 33, 958, 794, 880, 907, 792, 433, 722, 274, 512, 993, 229, 820, 790, 834]

********** Running generation 49 **********

Full population's fitness overview:
	-       best fitness: 0.42321
	-       mean fitness: 0.11692
	-      worst fitness: 0.01068
	- standard deviation: 0.06957
Best genome overview:
	- fitness: 0.42321
	- size (hid, conn): (0, 7)
	- genome id: 6204
	- belongs to specie: 5
Genetic distance:
	- Maximum: 2.824
	- Mean: 1.482
	- Minimum: 0.000
	- Standard deviation: 0.514

Population of 128 members in 2 species:
	 SID    age    size    fitness    adj fit    stag 
	=====  =====  ======  =========  =========  ======
	  4     11      56      0.256      0.227      10  
	  5     11      72      0.423      0.281      7   

Total extinctions: 1
Generation time: 69.236 sec  (65.864 average)
Population 'novelty_repr_2' saved! Current generation: 50
Sample chosen: [230, 473, 912, 891, 322, 390, 88, 271, 483, 731, 381, 667, 608, 486, 843, 278]

********** Running generation 50 **********

Full population's fitness overview:
	-       best fitness: 0.41299
	-       mean fitness: 0.11174
	-      worst fitness: 0.02178
	- standard deviation: 0.06375
Best genome overview:
	- fitness: 0.41299
	- size (hid, conn): (0, 7)
	- genome id: 6204
	- belongs to specie: 5
Genetic distance:
	- Maximum: 2.507
	- Mean: 1.377
	- Minimum: 0.133
	- Standard deviation: 0.483

Population of 128 members in 2 species:
	 SID    age    size    fitness    adj fit    stag 
	=====  =====  ======  =========  =========  ======
	  4     12      58      0.185      0.189      11  
	  5     12      70      0.413      0.262      8   

Total extinctions: 1
Generation time: 66.077 sec  (66.036 average)
Population 'novelty_repr_2' saved! Current generation: 51
Sample chosen: [172, 182, 176, 90, 555, 605, 72, 66, 777, 133, 67, 314, 852, 846, 260, 871]

********** Running generation 51 **********

Full population's fitness overview:
	-       best fitness: 0.37555
	-       mean fitness: 0.12223
	-      worst fitness: 0.02244
	- standard deviation: 0.06751
Best genome overview:
	- fitness: 0.37555
	- size (hid, conn): (0, 7)
	- genome id: 6414
	- belongs to specie: 5
Genetic distance:
	- Maximum: 2.090
	- Mean: 1.216
	- Minimum: 0.270
	- Standard deviation: 0.362

Population of 128 members in 2 species:
	 SID    age    size    fitness    adj fit    stag 
	=====  =====  ======  =========  =========  ======
	  4     13      61      0.238      0.225      12  
	  5     13      67      0.376      0.330      9   

Total extinctions: 1
Generation time: 65.212 sec  (65.799 average)
Population 'novelty_repr_2' saved! Current generation: 52
Sample chosen: [453, 931, 389, 332, 186, 8, 571, 672, 446, 223, 262, 110, 825, 347, 886, 699]

********** Running generation 52 **********

Full population's fitness overview:
	-       best fitness: 0.37528
	-       mean fitness: 0.11552
	-      worst fitness: 0.01013
	- standard deviation: 0.05729
Best genome overview:
	- fitness: 0.37528
	- size (hid, conn): (0, 7)
	- genome id: 6557
	- belongs to specie: 5
Genetic distance:
	- Maximum: 2.620
	- Mean: 1.224
	- Minimum: 0.177
	- Standard deviation: 0.420

Population of 128 members in 2 species:
	 SID    age    size    fitness    adj fit    stag 
	=====  =====  ======  =========  =========  ======
	  4     14      52      0.286      0.259      13  
	  5     14      76      0.375      0.315      10  

Total extinctions: 1
Generation time: 65.839 sec  (66.021 average)
Population 'novelty_repr_2' saved! Current generation: 53
Sample chosen: [153, 448, 387, 669, 135, 508, 43, 459, 245, 144, 263, 300, 851, 738, 79, 132]

********** Running generation 53 **********

Full population's fitness overview:
	-       best fitness: 0.30399
	-       mean fitness: 0.11269
	-      worst fitness: 0.02096
	- standard deviation: 0.05718
Best genome overview:
	- fitness: 0.30399
	- size (hid, conn): (0, 7)
	- genome id: 6705
	- belongs to specie: 5
Genetic distance:
	- Maximum: 2.716
	- Mean: 1.316
	- Minimum: 0.189
	- Standard deviation: 0.446

Population of 128 members in 2 species:
	 SID    age    size    fitness    adj fit    stag 
	=====  =====  ======  =========  =========  ======
	  4     15      53      0.194      0.268      14  
	  5     15      75      0.304      0.363      11  

Total extinctions: 1
Generation time: 66.677 sec  (66.193 average)
Population 'novelty_repr_2' saved! Current generation: 54
Sample chosen: [201, 27, 291, 433, 319, 238, 567, 850, 888, 56, 487, 233, 409, 671, 637, 975]

********** Running generation 54 **********

Full population's fitness overview:
	-       best fitness: 0.40014
	-       mean fitness: 0.10862
	-      worst fitness: 0.01355
	- standard deviation: 0.05538
Best genome overview:
	- fitness: 0.40014
	- size (hid, conn): (0, 7)
	- genome id: 6557
	- belongs to specie: 5
Genetic distance:
	- Maximum: 2.336
	- Mean: 1.304
	- Minimum: 0.029
	- Standard deviation: 0.384

Population of 128 members in 2 species:
	 SID    age    size    fitness    adj fit    stag 
	=====  =====  ======  =========  =========  ======
	  4     16      41      0.208      0.226      15  
	  5     16      87      0.400      0.260      12  

Total extinctions: 1
Generation time: 67.668 sec  (66.417 average)
Population 'novelty_repr_2' saved! Current generation: 55
Sample chosen: [166, 73, 437, 353, 635, 967, 492, 501, 19, 589, 196, 560, 394, 541, 829, 105]

********** Running generation 55 **********

Full population's fitness overview:
	-       best fitness: 0.31294
	-       mean fitness: 0.12036
	-      worst fitness: 0.02576
	- standard deviation: 0.05752
Best genome overview:
	- fitness: 0.31294
	- size (hid, conn): (0, 4)
	- genome id: 6628
	- belongs to specie: 4
Genetic distance:
	- Maximum: 2.220
	- Mean: 1.328
	- Minimum: 0.260
	- Standard deviation: 0.406

Population of 128 members in 2 species:
	 SID    age    size    fitness    adj fit    stag 
	=====  =====  ======  =========  =========  ======
	  4     17      17      0.313      0.316      16  
	  5     17     111      0.273      0.336      13  

Total extinctions: 1
Generation time: 67.548 sec  (66.619 average)
Population 'novelty_repr_2' saved! Current generation: 56
Sample chosen: [648, 782, 763, 5, 101, 866, 604, 624, 898, 820, 400, 333, 766, 356, 943, 111]

********** Running generation 56 **********

Full population's fitness overview:
	-       best fitness: 0.36425
	-       mean fitness: 0.11574
	-      worst fitness: 0.02720
	- standard deviation: 0.05377
Best genome overview:
	- fitness: 0.36425
	- size (hid, conn): (1, 5)
	- genome id: 6959
	- belongs to specie: 5
Genetic distance:
	- Maximum: 2.205
	- Mean: 1.270
	- Minimum: 0.126
	- Standard deviation: 0.417

Population of 128 members in 2 species:
	 SID    age    size    fitness    adj fit    stag 
	=====  =====  ======  =========  =========  ======
	  4     18      32      0.162      0.203      17  
	  5     18      96      0.364      0.272      14  

Total extinctions: 1
Generation time: 68.044 sec  (66.880 average)
Population 'novelty_repr_2' saved! Current generation: 57
Sample chosen: [209, 746, 149, 783, 573, 612, 840, 664, 401, 889, 932, 569, 203, 894, 182, 650]

********** Running generation 57 **********

Full population's fitness overview:
	-       best fitness: 0.26814
	-       mean fitness: 0.10972
	-      worst fitness: 0.01365
	- standard deviation: 0.05011
Best genome overview:
	- fitness: 0.26814
	- size (hid, conn): (0, 7)
	- genome id: 7135
	- belongs to specie: 5

Species 4 with 32 members is stagnated: removing it
Genetic distance:
	- Maximum: 1.550
	- Mean: 0.928
	- Minimum: 0.175
	- Standard deviation: 0.302

Population of 128 members in 1 species:
	 SID    age    size    fitness    adj fit    stag 
	=====  =====  ======  =========  =========  ======
	  5     19     128      0.268      0.395      15  

Total extinctions: 1
Generation time: 67.019 sec  (66.886 average)
Population 'novelty_repr_2' saved! Current generation: 58
Sample chosen: [391, 739, 511, 654, 77, 146, 677, 486, 267, 516, 681, 314, 51, 431, 971, 8]

********** Running generation 58 **********

Full population's fitness overview:
	-       best fitness: 0.43194
	-       mean fitness: 0.11484
	-      worst fitness: 0.02240
	- standard deviation: 0.05947
Best genome overview:
	- fitness: 0.43194
	- size (hid, conn): (0, 7)
	- genome id: 7135
	- belongs to specie: 5
Genetic distance:
	- Maximum: 1.617
	- Mean: 0.998
	- Minimum: 0.297
	- Standard deviation: 0.282

Population of 128 members in 1 species:
	 SID    age    size    fitness    adj fit    stag 
	=====  =====  ======  =========  =========  ======
	  5     20     128      0.432      0.226      16  

Total extinctions: 1
Generation time: 67.735 sec  (67.105 average)
Population 'novelty_repr_2' saved! Current generation: 59
Sample chosen: [52, 567, 750, 623, 220, 701, 486, 178, 333, 353, 280, 832, 519, 579, 458, 740]

********** Running generation 59 **********

Full population's fitness overview:
	-       best fitness: 0.45348
	-       mean fitness: 0.11343
	-      worst fitness: 0.02361
	- standard deviation: 0.05883
Best genome overview:
	- fitness: 0.45348
	- size (hid, conn): (0, 5)
	- genome id: 7367
	- belongs to specie: 5
Genetic distance:
	- Maximum: 1.695
	- Mean: 1.014
	- Minimum: 0.231
	- Standard deviation: 0.313

Population of 128 members in 1 species:
	 SID    age    size    fitness    adj fit    stag 
	=====  =====  ======  =========  =========  ======
	  5     21     128      0.453      0.209      17  

Total extinctions: 1
Generation time: 70.659 sec  (67.248 average)
Population 'novelty_repr_2' saved! Current generation: 60
Sample chosen: [819, 428, 344, 801, 342, 804, 387, 457, 331, 909, 173, 452, 76, 892, 241, 821]

********** Running generation 60 **********

Full population's fitness overview:
	-       best fitness: 0.37622
	-       mean fitness: 0.10819
	-      worst fitness: 0.01098
	- standard deviation: 0.05542
Best genome overview:
	- fitness: 0.37622
	- size (hid, conn): (0, 5)
	- genome id: 7490
	- belongs to specie: 5
Genetic distance:
	- Maximum: 1.869
	- Mean: 1.052
	- Minimum: 0.094
	- Standard deviation: 0.352

Population of 128 members in 1 species:
	 SID    age    size    fitness    adj fit    stag 
	=====  =====  ======  =========  =========  ======
	  5     22     128      0.376      0.266      18  

Total extinctions: 1
Generation time: 68.854 sec  (67.525 average)
Population 'novelty_repr_2' saved! Current generation: 61
Sample chosen: [597, 925, 456, 549, 864, 678, 403, 889, 935, 996, 859, 737, 692, 965, 428, 813]

********** Running generation 61 **********

Full population's fitness overview:
	-       best fitness: 0.48177
	-       mean fitness: 0.12489
	-      worst fitness: 0.00650
	- standard deviation: 0.06585
Best genome overview:
	- fitness: 0.48177
	- size (hid, conn): (0, 5)
	- genome id: 7490
	- belongs to specie: 5
Genetic distance:
	- Maximum: 1.981
	- Mean: 1.111
	- Minimum: 0.167
	- Standard deviation: 0.354

Population of 128 members in 1 species:
	 SID    age    size    fitness    adj fit    stag 
	=====  =====  ======  =========  =========  ======
	  5     23     128      0.482      0.249      19  

Total extinctions: 1
Generation time: 67.635 sec  (67.768 average)
Population 'novelty_repr_2' saved! Current generation: 62
Sample chosen: [434, 570, 292, 199, 819, 381, 626, 315, 467, 129, 777, 643, 537, 144, 58, 452]

********** Running generation 62 **********

Full population's fitness overview:
	-       best fitness: 0.25888
	-       mean fitness: 0.11414
	-      worst fitness: 0.02443
	- standard deviation: 0.05152
Best genome overview:
	- fitness: 0.25888
	- size (hid, conn): (0, 4)
	- genome id: 7824
	- belongs to specie: 5
Genetic distance:
	- Maximum: 1.709
	- Mean: 1.116
	- Minimum: 0.172
	- Standard deviation: 0.305

Population of 128 members in 1 species:
	 SID    age    size    fitness    adj fit    stag 
	=====  =====  ======  =========  =========  ======
	  5     24     128      0.259      0.383      20  

Total extinctions: 1
Generation time: 68.519 sec  (68.036 average)
Population 'novelty_repr_2' saved! Current generation: 63
Sample chosen: [158, 885, 59, 458, 707, 883, 217, 201, 803, 248, 751, 641, 224, 662, 642, 299]

********** Running generation 63 **********

Full population's fitness overview:
	-       best fitness: 0.46257
	-       mean fitness: 0.10817
	-      worst fitness: 0.00715
	- standard deviation: 0.06613
Best genome overview:
	- fitness: 0.46257
	- size (hid, conn): (0, 5)
	- genome id: 7490
	- belongs to specie: 5
Genetic distance:
	- Maximum: 1.687
	- Mean: 1.075
	- Minimum: 0.308
	- Standard deviation: 0.293

Population of 128 members in 1 species:
	 SID    age    size    fitness    adj fit    stag 
	=====  =====  ======  =========  =========  ======
	  5     25     128      0.463      0.222      21  

Total extinctions: 1
Generation time: 67.180 sec  (68.086 average)
Population 'novelty_repr_2' saved! Current generation: 64
Sample chosen: [356, 616, 810, 395, 264, 752, 549, 812, 795, 250, 474, 595, 700, 392, 993, 190]

********** Running generation 64 **********

Full population's fitness overview:
	-       best fitness: 0.42274
	-       mean fitness: 0.12757
	-      worst fitness: 0.02582
	- standard deviation: 0.06905
Best genome overview:
	- fitness: 0.42274
	- size (hid, conn): (1, 6)
	- genome id: 7904
	- belongs to specie: 5
Genetic distance:
	- Maximum: 1.535
	- Mean: 1.018
	- Minimum: 0.270
	- Standard deviation: 0.261

Population of 128 members in 1 species:
	 SID    age    size    fitness    adj fit    stag 
	=====  =====  ======  =========  =========  ======
	  5     26     128      0.423      0.256      22  

Total extinctions: 1
Generation time: 66.960 sec  (68.015 average)
Population 'novelty_repr_2' saved! Current generation: 65
Sample chosen: [148, 814, 570, 139, 644, 544, 921, 311, 6, 241, 373, 369, 559, 548, 470, 497]

********** Running generation 65 **********

Full population's fitness overview:
	-       best fitness: 0.37498
	-       mean fitness: 0.10682
	-      worst fitness: 0.01868
	- standard deviation: 0.06457
Best genome overview:
	- fitness: 0.37498
	- size (hid, conn): (1, 7)
	- genome id: 8166
	- belongs to specie: 5
Genetic distance:
	- Maximum: 1.624
	- Mean: 0.887
	- Minimum: 0.208
	- Standard deviation: 0.265

Population of 128 members in 1 species:
	 SID    age    size    fitness    adj fit    stag 
	=====  =====  ======  =========  =========  ======
	  5     27     128      0.375      0.247      23  

Total extinctions: 1
Generation time: 68.466 sec  (68.107 average)
Population 'novelty_repr_2' saved! Current generation: 66
Sample chosen: [418, 613, 661, 33, 475, 971, 768, 140, 760, 936, 297, 168, 311, 31, 486, 145]

********** Running generation 66 **********

Full population's fitness overview:
	-       best fitness: 0.32635
	-       mean fitness: 0.12479
	-      worst fitness: 0.00787
	- standard deviation: 0.05608
Best genome overview:
	- fitness: 0.32635
	- size (hid, conn): (0, 4)
	- genome id: 8260
	- belongs to specie: 5
Genetic distance:
	- Maximum: 1.749
	- Mean: 0.911
	- Minimum: 0.355
	- Standard deviation: 0.257

Population of 128 members in 1 species:
	 SID    age    size    fitness    adj fit    stag 
	=====  =====  ======  =========  =========  ======
	  5     28     128      0.326      0.367      24  

Total extinctions: 1
Generation time: 67.399 sec  (68.043 average)
Population 'novelty_repr_2' saved! Current generation: 67
Sample chosen: [667, 769, 914, 484, 657, 64, 596, 974, 634, 775, 994, 535, 319, 953, 270, 433]

********** Running generation 67 **********

Full population's fitness overview:
	-       best fitness: 0.33950
	-       mean fitness: 0.10634
	-      worst fitness: 0.01243
	- standard deviation: 0.05650
Best genome overview:
	- fitness: 0.33950
	- size (hid, conn): (0, 5)
	- genome id: 8387
	- belongs to specie: 5
Genetic distance:
	- Maximum: 1.810
	- Mean: 0.906
	- Minimum: 0.173
	- Standard deviation: 0.254

Population of 128 members in 1 species:
	 SID    age    size    fitness    adj fit    stag 
	=====  =====  ======  =========  =========  ======
	  5     29     128      0.339      0.287      25  

Total extinctions: 1
Generation time: 66.607 sec  (68.001 average)
Population 'novelty_repr_2' saved! Current generation: 68
Sample chosen: [742, 332, 711, 649, 164, 792, 835, 237, 432, 392, 619, 294, 890, 9, 876, 378]

********** Running generation 68 **********

Full population's fitness overview:
	-       best fitness: 0.37143
	-       mean fitness: 0.11977
	-      worst fitness: 0.01941
	- standard deviation: 0.06280
Best genome overview:
	- fitness: 0.37143
	- size (hid, conn): (0, 2)
	- genome id: 8531
	- belongs to specie: 5
Genetic distance:
	- Maximum: 1.815
	- Mean: 0.886
	- Minimum: 0.100
	- Standard deviation: 0.259

Population of 128 members in 1 species:
	 SID    age    size    fitness    adj fit    stag 
	=====  =====  ======  =========  =========  ======
	  5     30     128      0.371      0.285      26  

Total extinctions: 1
Generation time: 66.706 sec  (67.899 average)
Population 'novelty_repr_2' saved! Current generation: 69
Sample chosen: [163, 719, 304, 941, 22, 721, 481, 494, 89, 379, 948, 184, 428, 476, 193, 389]

********** Running generation 69 **********

Full population's fitness overview:
	-       best fitness: 0.33517
	-       mean fitness: 0.12669
	-      worst fitness: 0.02050
	- standard deviation: 0.05441
Best genome overview:
	- fitness: 0.33517
	- size (hid, conn): (0, 5)
	- genome id: 8638
	- belongs to specie: 5
Genetic distance:
	- Maximum: 1.836
	- Mean: 0.963
	- Minimum: 0.137
	- Standard deviation: 0.294

Population of 128 members in 1 species:
	 SID    age    size    fitness    adj fit    stag 
	=====  =====  ======  =========  =========  ======
	  5     31     128      0.335      0.337      27  

Total extinctions: 1
Generation time: 64.932 sec  (67.326 average)
Population 'novelty_repr_2' saved! Current generation: 70
Sample chosen: [341, 736, 992, 165, 177, 938, 334, 952, 511, 26, 130, 317, 446, 539, 168, 800]

********** Running generation 70 **********

Full population's fitness overview:
	-       best fitness: 0.31488
	-       mean fitness: 0.12231
	-      worst fitness: 0.02765
	- standard deviation: 0.05915
Best genome overview:
	- fitness: 0.31488
	- size (hid, conn): (0, 2)
	- genome id: 8741
	- belongs to specie: 5
Genetic distance:
	- Maximum: 2.088
	- Mean: 0.988
	- Minimum: 0.117
	- Standard deviation: 0.359

Population of 128 members in 1 species:
	 SID    age    size    fitness    adj fit    stag 
	=====  =====  ======  =========  =========  ======
	  5     32     128      0.315      0.330      28  

Total extinctions: 1
Generation time: 65.898 sec  (67.030 average)
Population 'novelty_repr_2' saved! Current generation: 71
Sample chosen: [975, 912, 709, 275, 601, 751, 36, 904, 182, 899, 298, 702, 110, 456, 270, 78]

********** Running generation 71 **********

Full population's fitness overview:
	-       best fitness: 0.31571
	-       mean fitness: 0.11296
	-      worst fitness: 0.01201
	- standard deviation: 0.05572
Best genome overview:
	- fitness: 0.31571
	- size (hid, conn): (0, 3)
	- genome id: 8855
	- belongs to specie: 5
Genetic distance:
	- Maximum: 2.024
	- Mean: 1.065
	- Minimum: 0.233
	- Standard deviation: 0.334

Population of 128 members in 1 species:
	 SID    age    size    fitness    adj fit    stag 
	=====  =====  ======  =========  =========  ======
	  5     33     128      0.316      0.332      29  

Total extinctions: 1
Generation time: 65.660 sec  (66.833 average)
Population 'novelty_repr_2' saved! Current generation: 72
Sample chosen: [874, 560, 357, 616, 92, 192, 919, 331, 255, 952, 792, 254, 957, 145, 31, 203]

********** Running generation 72 **********

Full population's fitness overview:
	-       best fitness: 0.23400
	-       mean fitness: 0.10983
	-      worst fitness: 0.01130
	- standard deviation: 0.05123
Best genome overview:
	- fitness: 0.23400
	- size (hid, conn): (0, 2)
	- genome id: 9047
	- belongs to specie: 5
Genetic distance:
	- Maximum: 1.982
	- Mean: 1.155
	- Minimum: 0.045
	- Standard deviation: 0.435

Population of 128 members in 1 species:
	 SID    age    size    fitness    adj fit    stag 
	=====  =====  ======  =========  =========  ======
	  5     34     128      0.234      0.442      30  

Total extinctions: 1
Generation time: 67.240 sec  (66.705 average)
Population 'novelty_repr_2' saved! Current generation: 73
Sample chosen: [651, 187, 53, 304, 501, 721, 765, 459, 19, 720, 399, 72, 788, 293, 265, 193]

********** Running generation 73 **********

Full population's fitness overview:
	-       best fitness: 0.41599
	-       mean fitness: 0.13322
	-      worst fitness: 0.01501
	- standard deviation: 0.06650
Best genome overview:
	- fitness: 0.41599
	- size (hid, conn): (0, 2)
	- genome id: 9121
	- belongs to specie: 5
Genetic distance:
	- Maximum: 1.940
	- Mean: 1.129
	- Minimum: 0.092
	- Standard deviation: 0.483

Population of 128 members in 1 species:
	 SID    age    size    fitness    adj fit    stag 
	=====  =====  ======  =========  =========  ======
	  5     35     128      0.416      0.295      31  

Total extinctions: 1
Generation time: 67.426 sec  (66.729 average)
Population 'novelty_repr_2' saved! Current generation: 74
Sample chosen: [342, 107, 918, 583, 973, 155, 364, 948, 267, 100, 281, 453, 423, 241, 322, 545]

********** Running generation 74 **********

Full population's fitness overview:
	-       best fitness: 0.34069
	-       mean fitness: 0.11698
	-      worst fitness: 0.01466
	- standard deviation: 0.06199
Best genome overview:
	- fitness: 0.34069
	- size (hid, conn): (0, 2)
	- genome id: 9346
	- belongs to specie: 5
Genetic distance:
	- Maximum: 2.071
	- Mean: 1.286
	- Minimum: 0.220
	- Standard deviation: 0.497

Population of 128 members in 1 species:
	 SID    age    size    fitness    adj fit    stag 
	=====  =====  ======  =========  =========  ======
	  5     36     128      0.341      0.314      32  

Total extinctions: 1
Generation time: 64.595 sec  (66.493 average)
Population 'novelty_repr_2' saved! Current generation: 75
Sample chosen: [126, 940, 316, 322, 271, 24, 370, 747, 946, 964, 531, 489, 487, 207, 938, 974]

********** Running generation 75 **********

Full population's fitness overview:
	-       best fitness: 0.43238
	-       mean fitness: 0.11870
	-      worst fitness: 0.01351
	- standard deviation: 0.05828
Best genome overview:
	- fitness: 0.43238
	- size (hid, conn): (0, 4)
	- genome id: 9442
	- belongs to specie: 5
Genetic distance:
	- Maximum: 2.023
	- Mean: 1.191
	- Minimum: 0.158
	- Standard deviation: 0.486

Population of 128 members in 1 species:
	 SID    age    size    fitness    adj fit    stag 
	=====  =====  ======  =========  =========  ======
	  5     37     128      0.432      0.251      33  

Total extinctions: 1
Generation time: 65.993 sec  (66.246 average)
Population 'novelty_repr_2' saved! Current generation: 76
Sample chosen: [37, 903, 474, 899, 343, 713, 886, 365, 922, 22, 235, 534, 369, 816, 491, 72]

********** Running generation 76 **********

Full population's fitness overview:
	-       best fitness: 0.40303
	-       mean fitness: 0.11545
	-      worst fitness: 0.00524
	- standard deviation: 0.05981
Best genome overview:
	- fitness: 0.40303
	- size (hid, conn): (0, 2)
	- genome id: 9593
	- belongs to specie: 5

Species 5 with 128 members is stagnated: removing it
All species are extinct.
Genetic distance:
	- Maximum: 2.870
	- Mean: 1.922
	- Minimum: 0.943
	- Standard deviation: 0.334

Population of 128 members in 2 species:
	 SID    age    size    fitness    adj fit    stag 
	=====  =====  ======  =========  =========  ======
	  6      0      80       --         --        0   
	  7      0      48       --         --        0   

Total extinctions: 2
Generation time: 67.226 sec  (66.228 average)
Population 'novelty_repr_2' saved! Current generation: 77
Sample chosen: [96, 244, 353, 397, 85, 38, 515, 614, 743, 469, 924, 26, 330, 931, 608, 472]

********** Running generation 77 **********

Full population's fitness overview:
	-       best fitness: 0.42597
	-       mean fitness: 0.06173
	-      worst fitness: 0.00085
	- standard deviation: 0.08056
Best genome overview:
	- fitness: 0.42597
	- size (hid, conn): (0, 8)
	- genome id: 9698
	- belongs to specie: 7
Genetic distance:
	- Maximum: 2.814
	- Mean: 1.862
	- Minimum: 0.253
	- Standard deviation: 0.387

Population of 128 members in 2 species:
	 SID    age    size    fitness    adj fit    stag 
	=====  =====  ======  =========  =========  ======
	  6      1      62      0.365      0.117      0   
	  7      1      66      0.426      0.188      0   

Total extinctions: 2
Generation time: 64.832 sec  (66.051 average)
Population 'novelty_repr_2' saved! Current generation: 78
Sample chosen: [434, 769, 210, 46, 604, 407, 815, 93, 726, 872, 516, 451, 211, 692, 38, 267]

********** Running generation 78 **********

Full population's fitness overview:
	-       best fitness: 0.27407
	-       mean fitness: 0.08238
	-      worst fitness: 0.00029
	- standard deviation: 0.05976
Best genome overview:
	- fitness: 0.27407
	- size (hid, conn): (0, 7)
	- genome id: 9775
	- belongs to specie: 6
Genetic distance:
	- Maximum: 2.859
	- Mean: 1.807
	- Minimum: 0.457
	- Standard deviation: 0.341

Population of 128 members in 2 species:
	 SID    age    size    fitness    adj fit    stag 
	=====  =====  ======  =========  =========  ======
	  6      2      80      0.274      0.292      1   
	  7      2      48      0.217      0.307      1   

Total extinctions: 2
Generation time: 64.048 sec  (65.785 average)
Population 'novelty_repr_2' saved! Current generation: 79
Sample chosen: [377, 542, 895, 413, 523, 805, 742, 272, 325, 689, 218, 284, 903, 914, 750, 980]

********** Running generation 79 **********

Full population's fitness overview:
	-       best fitness: 0.36318
	-       mean fitness: 0.10784
	-      worst fitness: 0.00490
	- standard deviation: 0.06511
Best genome overview:
	- fitness: 0.36318
	- size (hid, conn): (0, 8)
	- genome id: 9945
	- belongs to specie: 6
Genetic distance:
	- Maximum: 2.981
	- Mean: 1.601
	- Minimum: 0.211
	- Standard deviation: 0.391

Population of 128 members in 2 species:
	 SID    age    size    fitness    adj fit    stag 
	=====  =====  ======  =========  =========  ======
	  6      3      79      0.363      0.307      2   
	  7      3      49      0.304      0.255      2   

Total extinctions: 2
Generation time: 63.897 sec  (65.681 average)
Population 'novelty_repr_2' saved! Current generation: 80
Sample chosen: [793, 496, 933, 947, 436, 18, 460, 8, 473, 147, 1000, 837, 274, 314, 980, 67]

********** Running generation 80 **********

Full population's fitness overview:
	-       best fitness: 0.24020
	-       mean fitness: 0.09421
	-      worst fitness: 0.00589
	- standard deviation: 0.05404
Best genome overview:
	- fitness: 0.24020
	- size (hid, conn): (0, 8)
	- genome id: 10090
	- belongs to specie: 6
Genetic distance:
	- Maximum: 2.726
	- Mean: 1.400
	- Minimum: 0.121
	- Standard deviation: 0.355

Population of 128 members in 2 species:
	 SID    age    size    fitness    adj fit    stag 
	=====  =====  ======  =========  =========  ======
	  6      4     109      0.240      0.341      3   
	  7      4      19      0.233      0.434      3   

Total extinctions: 2
Generation time: 62.819 sec  (65.373 average)
Population 'novelty_repr_2' saved! Current generation: 81
Sample chosen: [980, 930, 310, 417, 937, 834, 507, 667, 747, 328, 69, 19, 767, 266, 700, 660]

********** Running generation 81 **********

Full population's fitness overview:
	-       best fitness: 0.25437
	-       mean fitness: 0.10258
	-      worst fitness: 0.01004
	- standard deviation: 0.05380
Best genome overview:
	- fitness: 0.25437
	- size (hid, conn): (0, 8)
	- genome id: 10173
	- belongs to specie: 6
Genetic distance:
	- Maximum: 2.141
	- Mean: 1.234
	- Minimum: 0.000
	- Standard deviation: 0.333

Population of 128 members in 2 species:
	 SID    age    size    fitness    adj fit    stag 
	=====  =====  ======  =========  =========  ======
	  6      5      89      0.254      0.383      4   
	  7      5      39      0.198      0.353      4   

Total extinctions: 2
Generation time: 65.836 sec  (65.391 average)
Population 'novelty_repr_2' saved! Current generation: 82
Sample chosen: [735, 819, 708, 351, 871, 730, 955, 733, 846, 124, 923, 393, 70, 404, 743, 747]

********** Running generation 82 **********

Full population's fitness overview:
	-       best fitness: 0.34387
	-       mean fitness: 0.10653
	-      worst fitness: 0.00149
	- standard deviation: 0.06116
Best genome overview:
	- fitness: 0.34387
	- size (hid, conn): (0, 9)
	- genome id: 10343
	- belongs to specie: 6
Genetic distance:
	- Maximum: 2.203
	- Mean: 1.279
	- Minimum: 0.156
	- Standard deviation: 0.388

Population of 128 members in 2 species:
	 SID    age    size    fitness    adj fit    stag 
	=====  =====  ======  =========  =========  ======
	  6      6      98      0.344      0.314      5   
	  7      6      30      0.224      0.290      5   

Total extinctions: 2
Generation time: 62.111 sec  (64.878 average)
Population 'novelty_repr_2' saved! Current generation: 83
Sample chosen: [230, 677, 764, 98, 49, 650, 895, 881, 145, 452, 825, 71, 155, 506, 761, 757]

********** Running generation 83 **********

Full population's fitness overview:
	-       best fitness: 0.34002
	-       mean fitness: 0.11326
	-      worst fitness: 0.01386
	- standard deviation: 0.06201
Best genome overview:
	- fitness: 0.34002
	- size (hid, conn): (0, 9)
	- genome id: 10343
	- belongs to specie: 6
Genetic distance:
	- Maximum: 2.112
	- Mean: 1.220
	- Minimum: 0.036
	- Standard deviation: 0.469

Population of 128 members in 2 species:
	 SID    age    size    fitness    adj fit    stag 
	=====  =====  ======  =========  =========  ======
	  6      7      78      0.340      0.298      6   
	  7      7      50      0.235      0.325      6   

Total extinctions: 2
Generation time: 64.362 sec  (64.572 average)
Population 'novelty_repr_2' saved! Current generation: 84
Sample chosen: [701, 971, 355, 160, 790, 648, 986, 33, 959, 646, 757, 463, 399, 425, 743, 654]

********** Running generation 84 **********

Full population's fitness overview:
	-       best fitness: 0.27880
	-       mean fitness: 0.11703
	-      worst fitness: 0.00725
	- standard deviation: 0.05113
Best genome overview:
	- fitness: 0.27880
	- size (hid, conn): (0, 7)
	- genome id: 10537
	- belongs to specie: 6
Genetic distance:
	- Maximum: 2.284
	- Mean: 1.233
	- Minimum: 0.067
	- Standard deviation: 0.502

Population of 128 members in 2 species:
	 SID    age    size    fitness    adj fit    stag 
	=====  =====  ======  =========  =========  ======
	  6      8      71      0.279      0.405      7   
	  7      8      57      0.234      0.403      7   

Total extinctions: 2
Generation time: 64.420 sec  (64.554 average)
Population 'novelty_repr_2' saved! Current generation: 85
Sample chosen: [682, 374, 74, 287, 462, 751, 175, 975, 712, 178, 443, 388, 542, 311, 452, 367]

********** Running generation 85 **********

Full population's fitness overview:
	-       best fitness: 0.24295
	-       mean fitness: 0.11574
	-      worst fitness: 0.01110
	- standard deviation: 0.04660
Best genome overview:
	- fitness: 0.24295
	- size (hid, conn): (1, 8)
	- genome id: 10680
	- belongs to specie: 6
Genetic distance:
	- Maximum: 2.489
	- Mean: 1.291
	- Minimum: 0.127
	- Standard deviation: 0.540

Population of 128 members in 2 species:
	 SID    age    size    fitness    adj fit    stag 
	=====  =====  ======  =========  =========  ======
	  6      9      69      0.243      0.470      8   
	  7      9      59      0.204      0.428      8   

Total extinctions: 2
Generation time: 64.118 sec  (64.367 average)
Population 'novelty_repr_2' saved! Current generation: 86
Sample chosen: [768, 432, 925, 837, 624, 576, 509, 932, 513, 858, 608, 176, 663, 232, 281, 20]

********** Running generation 86 **********

Full population's fitness overview:
	-       best fitness: 0.27523
	-       mean fitness: 0.10244
	-      worst fitness: 0.01363
	- standard deviation: 0.04230
Best genome overview:
	- fitness: 0.27523
	- size (hid, conn): (1, 9)
	- genome id: 10840
	- belongs to specie: 6
Genetic distance:
	- Maximum: 2.370
	- Mean: 1.343
	- Minimum: 0.161
	- Standard deviation: 0.487

Population of 128 members in 2 species:
	 SID    age    size    fitness    adj fit    stag 
	=====  =====  ======  =========  =========  ======
	  6     10      68      0.275      0.355      9   
	  7     10      60      0.237      0.322      9   

Total extinctions: 2
Generation time: 64.685 sec  (64.113 average)
Population 'novelty_repr_2' saved! Current generation: 87
Sample chosen: [918, 247, 736, 130, 893, 639, 775, 884, 989, 718, 693, 356, 246, 583, 441, 264]

********** Running generation 87 **********

Full population's fitness overview:
	-       best fitness: 0.24051
	-       mean fitness: 0.11575
	-      worst fitness: 0.00979
	- standard deviation: 0.05390
Best genome overview:
	- fitness: 0.24051
	- size (hid, conn): (0, 9)
	- genome id: 10931
	- belongs to specie: 6
Genetic distance:
	- Maximum: 2.749
	- Mean: 1.359
	- Minimum: 0.135
	- Standard deviation: 0.471

Population of 128 members in 2 species:
	 SID    age    size    fitness    adj fit    stag 
	=====  =====  ======  =========  =========  ======
	  6     11      71      0.241      0.522      10  
	  7     11      57      0.207      0.388      10  

Total extinctions: 2
Generation time: 64.582 sec  (64.088 average)
Population 'novelty_repr_2' saved! Current generation: 88
Sample chosen: [576, 275, 894, 857, 478, 265, 269, 137, 296, 648, 223, 886, 235, 696, 31, 547]

********** Running generation 88 **********

Full population's fitness overview:
	-       best fitness: 0.28069
	-       mean fitness: 0.12657
	-      worst fitness: 0.02106
	- standard deviation: 0.06081
Best genome overview:
	- fitness: 0.28069
	- size (hid, conn): (0, 9)
	- genome id: 11060
	- belongs to specie: 6
Genetic distance:
	- Maximum: 2.385
	- Mean: 1.342
	- Minimum: 0.086
	- Standard deviation: 0.560

Population of 128 members in 2 species:
	 SID    age    size    fitness    adj fit    stag 
	=====  =====  ======  =========  =========  ======
	  6     12      74      0.281      0.475      11  
	  7     12      54      0.205      0.320      11  

Total extinctions: 2
Generation time: 65.826 sec  (64.266 average)
Population 'novelty_repr_2' saved! Current generation: 89
Sample chosen: [351, 553, 766, 988, 507, 38, 804, 742, 107, 262, 470, 402, 170, 256, 480, 64]

********** Running generation 89 **********

Full population's fitness overview:
	-       best fitness: 0.34956
	-       mean fitness: 0.13613
	-      worst fitness: 0.02083
	- standard deviation: 0.06061
Best genome overview:
	- fitness: 0.34956
	- size (hid, conn): (1, 8)
	- genome id: 11158
	- belongs to specie: 6
Genetic distance:
	- Maximum: 2.882
	- Mean: 1.378
	- Minimum: 0.130
	- Standard deviation: 0.567

Population of 128 members in 2 species:
	 SID    age    size    fitness    adj fit    stag 
	=====  =====  ======  =========  =========  ======
	  6     13      71      0.350      0.371      12  
	  7     13      57      0.247      0.323      12  

Total extinctions: 2
Generation time: 65.203 sec  (64.396 average)
Population 'novelty_repr_2' saved! Current generation: 90
Sample chosen: [701, 934, 79, 78, 132, 809, 330, 582, 113, 48, 643, 329, 340, 901, 712, 94]

********** Running generation 90 **********

Full population's fitness overview:
	-       best fitness: 0.24839
	-       mean fitness: 0.11350
	-      worst fitness: 0.00535
	- standard deviation: 0.04746
Best genome overview:
	- fitness: 0.24839
	- size (hid, conn): (0, 6)
	- genome id: 11155
	- belongs to specie: 6
Genetic distance:
	- Maximum: 2.813
	- Mean: 1.509
	- Minimum: 0.234
	- Standard deviation: 0.543

Population of 128 members in 2 species:
	 SID    age    size    fitness    adj fit    stag 
	=====  =====  ======  =========  =========  ======
	  6     14      68      0.248      0.452      13  
	  7     14      60      0.244      0.436      13  

Total extinctions: 2
Generation time: 68.122 sec  (64.927 average)
Population 'novelty_repr_2' saved! Current generation: 91
Sample chosen: [721, 531, 744, 528, 248, 632, 350, 222, 288, 434, 323, 163, 594, 297, 500, 24]

********** Running generation 91 **********

Full population's fitness overview:
	-       best fitness: 0.28815
	-       mean fitness: 0.12049
	-      worst fitness: 0.01293
	- standard deviation: 0.04904
Best genome overview:
	- fitness: 0.28815
	- size (hid, conn): (1, 10)
	- genome id: 11346
	- belongs to specie: 7
Genetic distance:
	- Maximum: 3.041
	- Mean: 1.566
	- Minimum: 0.089
	- Standard deviation: 0.541

Population of 128 members in 2 species:
	 SID    age    size    fitness    adj fit    stag 
	=====  =====  ======  =========  =========  ======
	  6     15      68      0.246      0.411      14  
	  7     15      60      0.288      0.368      14  

Total extinctions: 2
Generation time: 66.744 sec  (65.017 average)
Population 'novelty_repr_2' saved! Current generation: 92
Sample chosen: [208, 740, 781, 463, 504, 527, 112, 507, 423, 206, 56, 878, 728, 81, 960, 852]

********** Running generation 92 **********

Full population's fitness overview:
	-       best fitness: 0.27038
	-       mean fitness: 0.11465
	-      worst fitness: 0.02787
	- standard deviation: 0.05192
Best genome overview:
	- fitness: 0.27038
	- size (hid, conn): (1, 8)
	- genome id: 11518
	- belongs to specie: 6
Genetic distance:
	- Maximum: 2.794
	- Mean: 1.560
	- Minimum: 0.000
	- Standard deviation: 0.594

Population of 128 members in 2 species:
	 SID    age    size    fitness    adj fit    stag 
	=====  =====  ======  =========  =========  ======
	  6     16      70      0.270      0.396      15  
	  7     16      58      0.221      0.314      15  

Total extinctions: 2
Generation time: 67.244 sec  (65.531 average)
Population 'novelty_repr_2' saved! Current generation: 93
Sample chosen: [656, 543, 300, 26, 822, 87, 697, 532, 295, 593, 267, 994, 825, 314, 540, 661]

********** Running generation 93 **********

Full population's fitness overview:
	-       best fitness: 0.29097
	-       mean fitness: 0.11822
	-      worst fitness: 0.01957
	- standard deviation: 0.04701
Best genome overview:
	- fitness: 0.29097
	- size (hid, conn): (0, 7)
	- genome id: 11678
	- belongs to specie: 6
Genetic distance:
	- Maximum: 2.997
	- Mean: 1.651
	- Minimum: 0.334
	- Standard deviation: 0.622

Population of 128 members in 2 species:
	 SID    age    size    fitness    adj fit    stag 
	=====  =====  ======  =========  =========  ======
	  6     17      70      0.291      0.390      16  
	  7     17      58      0.244      0.332      16  

Total extinctions: 2
Generation time: 64.889 sec  (65.583 average)
Population 'novelty_repr_2' saved! Current generation: 94
Sample chosen: [493, 198, 818, 711, 940, 35, 334, 438, 813, 787, 703, 127, 894, 657, 478, 25]

********** Running generation 94 **********

Full population's fitness overview:
	-       best fitness: 0.39368
	-       mean fitness: 0.13337
	-      worst fitness: 0.02731
	- standard deviation: 0.05651
Best genome overview:
	- fitness: 0.39368
	- size (hid, conn): (0, 6)
	- genome id: 11812
	- belongs to specie: 6
Genetic distance:
	- Maximum: 3.025
	- Mean: 1.679
	- Minimum: 0.002
	- Standard deviation: 0.607

Population of 128 members in 2 species:
	 SID    age    size    fitness    adj fit    stag 
	=====  =====  ======  =========  =========  ======
	  6     18      73      0.394      0.322      0   
	  7     18      55      0.239      0.250      17  

Total extinctions: 2
Generation time: 67.611 sec  (65.902 average)
Population 'novelty_repr_2' saved! Current generation: 95
Sample chosen: [83, 839, 487, 231, 179, 926, 483, 160, 260, 275, 991, 237, 300, 569, 98, 138]

********** Running generation 95 **********

Full population's fitness overview:
	-       best fitness: 0.25008
	-       mean fitness: 0.11650
	-      worst fitness: 0.02321
	- standard deviation: 0.04711
Best genome overview:
	- fitness: 0.25008
	- size (hid, conn): (0, 6)
	- genome id: 11875
	- belongs to specie: 7

Species 6 with 73 members is stagnated: removing it

Species 7 with 55 members is stagnated: removing it
All species are extinct.
Genetic distance:
	- Maximum: 2.871
	- Mean: 1.830
	- Minimum: 0.973
	- Standard deviation: 0.309

Population of 128 members in 2 species:
	 SID    age    size    fitness    adj fit    stag 
	=====  =====  ======  =========  =========  ======
	  8      0      79       --         --        0   
	  9      0      49       --         --        0   

Total extinctions: 3
Generation time: 67.445 sec  (66.235 average)
Population 'novelty_repr_2' saved! Current generation: 96
Sample chosen: [391, 713, 366, 247, 120, 642, 743, 510, 263, 786, 48, 785, 197, 201, 552, 736]

********** Running generation 96 **********

Full population's fitness overview:
	-       best fitness: 0.36003
	-       mean fitness: 0.05728
	-      worst fitness: 0.00001
	- standard deviation: 0.07360
Best genome overview:
	- fitness: 0.36003
	- size (hid, conn): (0, 8)
	- genome id: 12087
	- belongs to specie: 9
Genetic distance:
	- Maximum: 2.862
	- Mean: 1.880
	- Minimum: 0.476
	- Standard deviation: 0.342

Population of 128 members in 2 species:
	 SID    age    size    fitness    adj fit    stag 
	=====  =====  ======  =========  =========  ======
	  8      1      64      0.334      0.157      0   
	  9      1      64      0.360      0.162      0   

Total extinctions: 3
Generation time: 67.548 sec  (66.521 average)
Population 'novelty_repr_2' saved! Current generation: 97
Sample chosen: [514, 286, 761, 743, 64, 648, 881, 463, 296, 157, 562, 437, 221, 735, 261, 489]

********** Running generation 97 **********

Full population's fitness overview:
	-       best fitness: 0.37085
	-       mean fitness: 0.09223
	-      worst fitness: 0.00053
	- standard deviation: 0.06920
Best genome overview:
	- fitness: 0.37085
	- size (hid, conn): (0, 7)
	- genome id: 12184
	- belongs to specie: 9
Genetic distance:
	- Maximum: 2.970
	- Mean: 1.931
	- Minimum: 0.231
	- Standard deviation: 0.381

Population of 128 members in 2 species:
	 SID    age    size    fitness    adj fit    stag 
	=====  =====  ======  =========  =========  ======
	  8      2      73      0.276      0.225      1   
	  9      2      55      0.371      0.270      0   

Total extinctions: 3
Generation time: 65.511 sec  (66.614 average)
Population 'novelty_repr_2' saved! Current generation: 98
Sample chosen: [879, 610, 711, 947, 749, 475, 924, 618, 522, 243, 46, 140, 106, 136, 168, 658]

********** Running generation 98 **********

Full population's fitness overview:
	-       best fitness: 0.29300
	-       mean fitness: 0.09667
	-      worst fitness: 0.00773
	- standard deviation: 0.05981
Best genome overview:
	- fitness: 0.29300
	- size (hid, conn): (0, 6)
	- genome id: 12236
	- belongs to specie: 8
Genetic distance:
	- Maximum: 2.927
	- Mean: 1.903
	- Minimum: 0.295
	- Standard deviation: 0.412

Population of 128 members in 2 species:
	 SID    age    size    fitness    adj fit    stag 
	=====  =====  ======  =========  =========  ======
	  8      3      44      0.293      0.341      2   
	  9      3      84      0.273      0.273      1   

Total extinctions: 3
Generation time: 66.441 sec  (66.676 average)
Population 'novelty_repr_2' saved! Current generation: 99
Sample chosen: [677, 622, 663, 85, 571, 211, 318, 640, 414, 306, 582, 680, 188, 843, 411, 214]

********** Running generation 99 **********

Full population's fitness overview:
	-       best fitness: 0.42696
	-       mean fitness: 0.09314
	-      worst fitness: 0.00074
	- standard deviation: 0.07138
Best genome overview:
	- fitness: 0.42696
	- size (hid, conn): (0, 7)
	- genome id: 12385
	- belongs to specie: 9
Genetic distance:
	- Maximum: 2.600
	- Mean: 1.754
	- Minimum: 0.235
	- Standard deviation: 0.444

Population of 128 members in 2 species:
	 SID    age    size    fitness    adj fit    stag 
	=====  =====  ======  =========  =========  ======
	  8      4     104      0.258      0.194      3   
	  9      4      24      0.427      0.229      0   

Total extinctions: 3
Generation time: 65.458 sec  (66.701 average)
Population 'novelty_repr_2' saved! Current generation: 100

===> CREATING BLUEPRINTS <===

Creating blueprints for games: [1, 2, 3, 4, 5]

===> CREATING TRACES <===

Creating traces for games: [1, 2, 3, 4, 5]
