Population 'diversity_1' saved! Current generation: 0

===> RUNNING FOR THE FOLLOWING CONFIGURATION: <===
	> fitness: diversity
	> gru_enabled: True
	> sexual_reproduction: False
	> Saving under folder: NEAT-GRU
	> Train: True (100 iterations)
	> Create blueprints: True
	> Create traces: True


===> TRAINING <===

Sample chosen: [176, 251, 18, 756, 495, 537, 260, 42, 73, 567]

********** Running generation 0 **********

Full population's fitness overview:
	-       best fitness: 0.17472
	-       mean fitness: 0.07185
	-      worst fitness: 0.03895
	- standard deviation: 0.03796
Best genome overview:
	- fitness: 0.17472
	- size (hid, conn): (0, 16)
	- genome id: 38
	- belongs to specie: 1
Genetic distance:
	- Maximum: 2.585
	- Mean: 1.788
	- Minimum: 0.096
	- Standard deviation: 0.369

Population of 128 members in 2 species:
	 SID    age    size    fitness    adj fit    stag 
	=====  =====  ======  =========  =========  ======
	  1      0      41      0.175      0.260      0   
	  2      0      87      0.150      0.222      0   

Generation time: 81.123 sec
Population 'diversity_1' saved! Current generation: 1
Sample chosen: [983, 70, 654, 845, 210, 591, 622, 976, 504, 131]

********** Running generation 1 **********

Full population's fitness overview:
	-       best fitness: 0.39833
	-       mean fitness: 0.07186
	-      worst fitness: 0.00009
	- standard deviation: 0.08568
Best genome overview:
	- fitness: 0.39833
	- size (hid, conn): (0, 16)
	- genome id: 142
	- belongs to specie: 1
Genetic distance:
	- Maximum: 2.607
	- Mean: 1.710
	- Minimum: 0.005
	- Standard deviation: 0.428

Population of 128 members in 2 species:
	 SID    age    size    fitness    adj fit    stag 
	=====  =====  ======  =========  =========  ======
	  1      1      57      0.398      0.142      0   
	  2      1      71      0.288      0.198      0   

Generation time: 85.063 sec  (83.093 average)
Population 'diversity_1' saved! Current generation: 2
Sample chosen: [589, 764, 669, 877, 444, 852, 610, 988, 284, 403]

********** Running generation 2 **********

Full population's fitness overview:
	-       best fitness: 0.33977
	-       mean fitness: 0.09811
	-      worst fitness: 0.00197
	- standard deviation: 0.06561
Best genome overview:
	- fitness: 0.33977
	- size (hid, conn): (0, 14)
	- genome id: 361
	- belongs to specie: 2
Genetic distance:
	- Maximum: 2.737
	- Mean: 1.652
	- Minimum: 0.199
	- Standard deviation: 0.531

Population of 128 members in 2 species:
	 SID    age    size    fitness    adj fit    stag 
	=====  =====  ======  =========  =========  ======
	  1      2      60      0.227      0.222      1   
	  2      2      68      0.340      0.335      0   

Generation time: 85.550 sec  (83.912 average)
Population 'diversity_1' saved! Current generation: 3
Sample chosen: [55, 6, 192, 15, 662, 332, 839, 838, 59, 829]

********** Running generation 3 **********

Full population's fitness overview:
	-       best fitness: 0.26979
	-       mean fitness: 0.08436
	-      worst fitness: 0.00901
	- standard deviation: 0.05616
Best genome overview:
	- fitness: 0.26979
	- size (hid, conn): (0, 15)
	- genome id: 390
	- belongs to specie: 2
Genetic distance:
	- Maximum: 2.794
	- Mean: 1.601
	- Minimum: 0.000
	- Standard deviation: 0.622

Population of 128 members in 2 species:
	 SID    age    size    fitness    adj fit    stag 
	=====  =====  ======  =========  =========  ======
	  1      3      60      0.201      0.233      2   
	  2      3      68      0.270      0.338      1   

Generation time: 81.939 sec  (83.419 average)
Population 'diversity_1' saved! Current generation: 4
Sample chosen: [757, 309, 307, 973, 247, 463, 113, 261, 936, 192]

********** Running generation 4 **********

Full population's fitness overview:
	-       best fitness: 0.42802
	-       mean fitness: 0.08762
	-      worst fitness: 0.00072
	- standard deviation: 0.06615
Best genome overview:
	- fitness: 0.42802
	- size (hid, conn): (0, 13)
	- genome id: 520
	- belongs to specie: 2
Genetic distance:
	- Maximum: 2.859
	- Mean: 1.510
	- Minimum: 0.005
	- Standard deviation: 0.711

Population of 128 members in 2 species:
	 SID    age    size    fitness    adj fit    stag 
	=====  =====  ======  =========  =========  ======
	  1      4      54      0.225      0.222      3   
	  2      4      74      0.428      0.187      0   

Generation time: 87.688 sec  (84.273 average)
Population 'diversity_1' saved! Current generation: 5
Sample chosen: [6, 28, 516, 776, 468, 379, 568, 781, 650, 150]

********** Running generation 5 **********

Full population's fitness overview:
	-       best fitness: 0.38085
	-       mean fitness: 0.09157
	-      worst fitness: 0.00463
	- standard deviation: 0.06565
Best genome overview:
	- fitness: 0.38085
	- size (hid, conn): (0, 16)
	- genome id: 639
	- belongs to specie: 2
Genetic distance:
	- Maximum: 2.880
	- Mean: 1.429
	- Minimum: 0.023
	- Standard deviation: 0.751

Population of 127 members in 2 species:
	 SID    age    size    fitness    adj fit    stag 
	=====  =====  ======  =========  =========  ======
	  1      5      56      0.226      0.194      4   
	  2      5      71      0.381      0.258      1   

Generation time: 84.747 sec  (84.352 average)
Population 'diversity_1' saved! Current generation: 6
Sample chosen: [930, 904, 468, 153, 947, 893, 931, 140, 529, 767]

********** Running generation 6 **********

Full population's fitness overview:
	-       best fitness: 0.33037
	-       mean fitness: 0.10691
	-      worst fitness: 0.00090
	- standard deviation: 0.06388
Best genome overview:
	- fitness: 0.33037
	- size (hid, conn): (0, 16)
	- genome id: 811
	- belongs to specie: 1
Genetic distance:
	- Maximum: 2.884
	- Mean: 1.337
	- Minimum: 0.000
	- Standard deviation: 0.781

Population of 128 members in 2 species:
	 SID    age    size    fitness    adj fit    stag 
	=====  =====  ======  =========  =========  ======
	  1      6      58      0.330      0.309      5   
	  2      6      70      0.308      0.332      2   

Generation time: 86.334 sec  (84.635 average)
Population 'diversity_1' saved! Current generation: 7
Sample chosen: [475, 736, 321, 57, 912, 16, 520, 54, 329, 990]

********** Running generation 7 **********

Full population's fitness overview:
	-       best fitness: 0.34398
	-       mean fitness: 0.09371
	-      worst fitness: 0.00106
	- standard deviation: 0.06888
Best genome overview:
	- fitness: 0.34398
	- size (hid, conn): (0, 13)
	- genome id: 951
	- belongs to specie: 2
Genetic distance:
	- Maximum: 2.882
	- Mean: 1.301
	- Minimum: 0.000
	- Standard deviation: 0.857

Population of 128 members in 2 species:
	 SID    age    size    fitness    adj fit    stag 
	=====  =====  ======  =========  =========  ======
	  1      7      55      0.168      0.209      6   
	  2      7      73      0.344      0.321      3   

Generation time: 81.209 sec  (84.207 average)
Population 'diversity_1' saved! Current generation: 8
Sample chosen: [943, 937, 935, 110, 863, 447, 767, 526, 286, 126]

********** Running generation 8 **********

Full population's fitness overview:
	-       best fitness: 0.35364
	-       mean fitness: 0.09990
	-      worst fitness: 0.02424
	- standard deviation: 0.05349
Best genome overview:
	- fitness: 0.35364
	- size (hid, conn): (0, 16)
	- genome id: 985
	- belongs to specie: 2
Genetic distance:
	- Maximum: 2.931
	- Mean: 1.428
	- Minimum: 0.000
	- Standard deviation: 0.748

Population of 128 members in 2 species:
	 SID    age    size    fitness    adj fit    stag 
	=====  =====  ======  =========  =========  ======
	  1      8      53      0.189      0.156      7   
	  2      8      75      0.354      0.285      4   

Generation time: 85.050 sec  (84.300 average)
Population 'diversity_1' saved! Current generation: 9
Sample chosen: [85, 866, 116, 297, 346, 395, 702, 152, 921, 636]

********** Running generation 9 **********

Full population's fitness overview:
	-       best fitness: 0.37644
	-       mean fitness: 0.10036
	-      worst fitness: 0.00235
	- standard deviation: 0.05655
Best genome overview:
	- fitness: 0.37644
	- size (hid, conn): (1, 15)
	- genome id: 1126
	- belongs to specie: 2
Genetic distance:
	- Maximum: 2.796
	- Mean: 1.509
	- Minimum: 0.026
	- Standard deviation: 0.753

Population of 128 members in 2 species:
	 SID    age    size    fitness    adj fit    stag 
	=====  =====  ======  =========  =========  ======
	  1      9      54      0.169      0.207      8   
	  2      9      74      0.376      0.301      5   

Generation time: 86.629 sec  (84.533 average)
Population 'diversity_1' saved! Current generation: 10
Sample chosen: [167, 591, 344, 35, 582, 942, 842, 151, 139, 745]

********** Running generation 10 **********

Full population's fitness overview:
	-       best fitness: 0.41916
	-       mean fitness: 0.21249
	-      worst fitness: 0.07501
	- standard deviation: 0.10482
Best genome overview:
	- fitness: 0.41916
	- size (hid, conn): (0, 11)
	- genome id: 1218
	- belongs to specie: 2
Genetic distance:
	- Maximum: 2.676
	- Mean: 1.431
	- Minimum: 0.009
	- Standard deviation: 0.758

Population of 128 members in 2 species:
	 SID    age    size    fitness    adj fit    stag 
	=====  =====  ======  =========  =========  ======
	  1     10      50      0.339      0.237      9   
	  2     10      78      0.419      0.518      6   

Generation time: 82.469 sec  (84.668 average)
Population 'diversity_1' saved! Current generation: 11
Sample chosen: [331, 520, 481, 674, 880, 517, 503, 560, 814, 333]

********** Running generation 11 **********

Full population's fitness overview:
	-       best fitness: 0.31550
	-       mean fitness: 0.09302
	-      worst fitness: 0.00378
	- standard deviation: 0.06785
Best genome overview:
	- fitness: 0.31550
	- size (hid, conn): (1, 17)
	- genome id: 1326
	- belongs to specie: 2
Genetic distance:
	- Maximum: 2.674
	- Mean: 1.423
	- Minimum: 0.015
	- Standard deviation: 0.709

Population of 128 members in 2 species:
	 SID    age    size    fitness    adj fit    stag 
	=====  =====  ======  =========  =========  ======
	  1     11      51      0.207      0.194      10  
	  2     11      77      0.315      0.345      7   

Generation time: 85.180 sec  (84.679 average)
Population 'diversity_1' saved! Current generation: 12
Sample chosen: [601, 907, 750, 295, 952, 658, 638, 574, 738, 264]

********** Running generation 12 **********

Full population's fitness overview:
	-       best fitness: 0.29334
	-       mean fitness: 0.10196
	-      worst fitness: 0.00564
	- standard deviation: 0.06329
Best genome overview:
	- fitness: 0.29334
	- size (hid, conn): (1, 12)
	- genome id: 1460
	- belongs to specie: 2
Genetic distance:
	- Maximum: 2.679
	- Mean: 1.511
	- Minimum: 0.000
	- Standard deviation: 0.706

Population of 128 members in 2 species:
	 SID    age    size    fitness    adj fit    stag 
	=====  =====  ======  =========  =========  ======
	  1     12      52      0.164      0.221      11  
	  2     12      76      0.293      0.410      8   

Generation time: 90.403 sec  (85.165 average)
Population 'diversity_1' saved! Current generation: 13
Sample chosen: [615, 471, 931, 375, 703, 312, 875, 284, 128, 690]

********** Running generation 13 **********

Full population's fitness overview:
	-       best fitness: 0.33796
	-       mean fitness: 0.11083
	-      worst fitness: 0.00803
	- standard deviation: 0.06053
Best genome overview:
	- fitness: 0.33796
	- size (hid, conn): (1, 12)
	- genome id: 1616
	- belongs to specie: 2
Genetic distance:
	- Maximum: 2.770
	- Mean: 1.506
	- Minimum: 0.008
	- Standard deviation: 0.676

Population of 128 members in 2 species:
	 SID    age    size    fitness    adj fit    stag 
	=====  =====  ======  =========  =========  ======
	  1     13      55      0.276      0.239      12  
	  2     13      73      0.338      0.361      9   

Generation time: 87.019 sec  (85.673 average)
Population 'diversity_1' saved! Current generation: 14
Sample chosen: [767, 246, 745, 77, 779, 809, 203, 480, 612, 617]

********** Running generation 14 **********

Full population's fitness overview:
	-       best fitness: 0.31504
	-       mean fitness: 0.10121
	-      worst fitness: 0.00386
	- standard deviation: 0.06455
Best genome overview:
	- fitness: 0.31504
	- size (hid, conn): (0, 17)
	- genome id: 1703
	- belongs to specie: 2
Genetic distance:
	- Maximum: 2.741
	- Mean: 1.640
	- Minimum: 0.045
	- Standard deviation: 0.623

Population of 128 members in 2 species:
	 SID    age    size    fitness    adj fit    stag 
	=====  =====  ======  =========  =========  ======
	  1     14      53      0.184      0.212      13  
	  2     14      75      0.315      0.389      10  

Generation time: 85.480 sec  (85.452 average)
Population 'diversity_1' saved! Current generation: 15
Sample chosen: [502, 743, 756, 172, 47, 750, 368, 98, 734, 968]

********** Running generation 15 **********

Full population's fitness overview:
	-       best fitness: 0.29491
	-       mean fitness: 0.10055
	-      worst fitness: 0.00849
	- standard deviation: 0.06008
Best genome overview:
	- fitness: 0.29491
	- size (hid, conn): (1, 13)
	- genome id: 1802
	- belongs to specie: 2
Genetic distance:
	- Maximum: 2.581
	- Mean: 1.772
	- Minimum: 0.043
	- Standard deviation: 0.488

Population of 128 members in 2 species:
	 SID    age    size    fitness    adj fit    stag 
	=====  =====  ======  =========  =========  ======
	  1     15      55      0.276      0.251      14  
	  2     15      73      0.295      0.371      11  

Generation time: 84.836 sec  (85.461 average)
Population 'diversity_1' saved! Current generation: 16
Sample chosen: [520, 729, 316, 358, 150, 393, 822, 8, 472, 167]

********** Running generation 16 **********

Full population's fitness overview:
	-       best fitness: 0.42280
	-       mean fitness: 0.11766
	-      worst fitness: 0.01297
	- standard deviation: 0.06588
Best genome overview:
	- fitness: 0.42280
	- size (hid, conn): (2, 13)
	- genome id: 1963
	- belongs to specie: 2
Genetic distance:
	- Maximum: 2.475
	- Mean: 1.733
	- Minimum: 0.096
	- Standard deviation: 0.472

Population of 128 members in 2 species:
	 SID    age    size    fitness    adj fit    stag 
	=====  =====  ======  =========  =========  ======
	  1     16      54      0.235      0.179      15  
	  2     16      74      0.423      0.313      12  

Generation time: 89.592 sec  (85.787 average)
Population 'diversity_1' saved! Current generation: 17
Sample chosen: [392, 31, 20, 57, 907, 791, 881, 909, 973, 537]

********** Running generation 17 **********

Full population's fitness overview:
	-       best fitness: 0.35807
	-       mean fitness: 0.10666
	-      worst fitness: 0.00881
	- standard deviation: 0.07060
Best genome overview:
	- fitness: 0.35807
	- size (hid, conn): (2, 14)
	- genome id: 2092
	- belongs to specie: 2
Genetic distance:
	- Maximum: 3.264
	- Mean: 1.893
	- Minimum: 0.036
	- Standard deviation: 0.566

Population of 128 members in 3 species:
	 SID    age    size    fitness    adj fit    stag 
	=====  =====  ======  =========  =========  ======
	  1     17      53      0.266      0.192      16  
	  2     17      58      0.358      0.344      13  
	  3      0      17       --         --        0   

Generation time: 88.062 sec  (86.472 average)
Population 'diversity_1' saved! Current generation: 18
Sample chosen: [290, 660, 88, 229, 626, 67, 794, 13, 294, 415]

********** Running generation 18 **********

Full population's fitness overview:
	-       best fitness: 0.31484
	-       mean fitness: 0.10067
	-      worst fitness: 0.00773
	- standard deviation: 0.06379
Best genome overview:
	- fitness: 0.31484
	- size (hid, conn): (1, 18)
	- genome id: 2181
	- belongs to specie: 2
Genetic distance:
	- Maximum: 3.270
	- Mean: 1.785
	- Minimum: 0.000
	- Standard deviation: 0.753

Population of 128 members in 3 species:
	 SID    age    size    fitness    adj fit    stag 
	=====  =====  ======  =========  =========  ======
	  1     18      42      0.166      0.187      17  
	  2     18      21      0.315      0.379      14  
	  3      1      65      0.262      0.403      0   

Generation time: 87.323 sec  (86.699 average)
Population 'diversity_1' saved! Current generation: 19
Sample chosen: [324, 830, 633, 200, 443, 159, 201, 325, 111, 161]

********** Running generation 19 **********

Full population's fitness overview:
	-       best fitness: 0.28150
	-       mean fitness: 0.10488
	-      worst fitness: 0.00828
	- standard deviation: 0.05177
Best genome overview:
	- fitness: 0.28150
	- size (hid, conn): (0, 16)
	- genome id: 2351
	- belongs to specie: 3

Species 1 with 42 members is stagnated: removing it
Genetic distance:
	- Maximum: 2.593
	- Mean: 1.488
	- Minimum: 0.019
	- Standard deviation: 0.870

Population of 128 members in 2 species:
	 SID    age    size    fitness    adj fit    stag 
	=====  =====  ======  =========  =========  ======
	  2     19      49      0.238      0.293      15  
	  3      2      79      0.282      0.336      0   

Generation time: 87.706 sec  (86.807 average)
Population 'diversity_1' saved! Current generation: 20
Sample chosen: [714, 612, 664, 359, 826, 198, 944, 638, 269, 350]

********** Running generation 20 **********

Full population's fitness overview:
	-       best fitness: 0.32417
	-       mean fitness: 0.15815
	-      worst fitness: 0.05481
	- standard deviation: 0.05810
Best genome overview:
	- fitness: 0.32417
	- size (hid, conn): (2, 13)
	- genome id: 2469
	- belongs to specie: 2
Genetic distance:
	- Maximum: 2.672
	- Mean: 1.556
	- Minimum: 0.000
	- Standard deviation: 0.895

Population of 128 members in 2 species:
	 SID    age    size    fitness    adj fit    stag 
	=====  =====  ======  =========  =========  ======
	  2     20      60      0.324      0.444      16  
	  3      3      68      0.301      0.346      0   

Generation time: 89.801 sec  (87.540 average)
Population 'diversity_1' saved! Current generation: 21
Sample chosen: [499, 736, 540, 741, 152, 749, 995, 792, 284, 868]

********** Running generation 21 **********

Full population's fitness overview:
	-       best fitness: 0.31125
	-       mean fitness: 0.13234
	-      worst fitness: 0.01904
	- standard deviation: 0.05889
Best genome overview:
	- fitness: 0.31125
	- size (hid, conn): (2, 14)
	- genome id: 2548
	- belongs to specie: 2
Genetic distance:
	- Maximum: 2.578
	- Mean: 1.708
	- Minimum: 0.000
	- Standard deviation: 0.798

Population of 128 members in 2 species:
	 SID    age    size    fitness    adj fit    stag 
	=====  =====  ======  =========  =========  ======
	  2     21      55      0.311      0.364      17  
	  3      4      73      0.248      0.408      1   

Generation time: 90.846 sec  (88.107 average)
Population 'diversity_1' saved! Current generation: 22
Sample chosen: [462, 844, 314, 93, 456, 798, 935, 76, 799, 509]

********** Running generation 22 **********

Full population's fitness overview:
	-       best fitness: 0.30250
	-       mean fitness: 0.10025
	-      worst fitness: 0.01699
	- standard deviation: 0.05906
Best genome overview:
	- fitness: 0.30250
	- size (hid, conn): (0, 16)
	- genome id: 2689
	- belongs to specie: 3
Genetic distance:
	- Maximum: 2.733
	- Mean: 1.611
	- Minimum: 0.025
	- Standard deviation: 0.874

Population of 128 members in 2 species:
	 SID    age    size    fitness    adj fit    stag 
	=====  =====  ======  =========  =========  ======
	  2     22      51      0.237      0.239      18  
	  3      5      77      0.302      0.331      0   

Generation time: 93.831 sec  (88.450 average)
Population 'diversity_1' saved! Current generation: 23
Sample chosen: [130, 153, 827, 550, 428, 829, 179, 84, 446, 147]

********** Running generation 23 **********

Full population's fitness overview:
	-       best fitness: 0.33283
	-       mean fitness: 0.11602
	-      worst fitness: 0.01726
	- standard deviation: 0.06913
Best genome overview:
	- fitness: 0.33283
	- size (hid, conn): (2, 14)
	- genome id: 2830
	- belongs to specie: 2
Genetic distance:
	- Maximum: 2.787
	- Mean: 1.591
	- Minimum: 0.000
	- Standard deviation: 0.859

Population of 128 members in 2 species:
	 SID    age    size    fitness    adj fit    stag 
	=====  =====  ======  =========  =========  ======
	  2     23      57      0.333      0.304      19  
	  3      6      71      0.330      0.319      0   

Generation time: 91.756 sec  (88.923 average)
Population 'diversity_1' saved! Current generation: 24
Sample chosen: [673, 434, 159, 690, 217, 501, 97, 996, 310, 835]

********** Running generation 24 **********

Full population's fitness overview:
	-       best fitness: 0.32022
	-       mean fitness: 0.11886
	-      worst fitness: 0.00638
	- standard deviation: 0.06297
Best genome overview:
	- fitness: 0.32022
	- size (hid, conn): (0, 15)
	- genome id: 2982
	- belongs to specie: 3
Genetic distance:
	- Maximum: 2.843
	- Mean: 1.696
	- Minimum: 0.009
	- Standard deviation: 0.830

Population of 128 members in 2 species:
	 SID    age    size    fitness    adj fit    stag 
	=====  =====  ======  =========  =========  ======
	  2     24      43      0.315      0.324      20  
	  3      7      85      0.320      0.386      1   

Generation time: 93.449 sec  (89.720 average)
Population 'diversity_1' saved! Current generation: 25
Sample chosen: [167, 148, 277, 728, 136, 110, 762, 213, 169, 435]

********** Running generation 25 **********

Full population's fitness overview:
	-       best fitness: 0.33457
	-       mean fitness: 0.12886
	-      worst fitness: 0.01909
	- standard deviation: 0.06215
Best genome overview:
	- fitness: 0.33457
	- size (hid, conn): (2, 14)
	- genome id: 2912
	- belongs to specie: 3
Genetic distance:
	- Maximum: 2.801
	- Mean: 1.693
	- Minimum: 0.013
	- Standard deviation: 0.844

Population of 128 members in 2 species:
	 SID    age    size    fitness    adj fit    stag 
	=====  =====  ======  =========  =========  ======
	  2     25      58      0.265      0.310      21  
	  3      8      70      0.335      0.367      0   

Generation time: 90.055 sec  (90.242 average)
Population 'diversity_1' saved! Current generation: 26
Sample chosen: [654, 93, 955, 775, 55, 682, 457, 922, 525, 465]

********** Running generation 26 **********

Full population's fitness overview:
	-       best fitness: 0.28129
	-       mean fitness: 0.10284
	-      worst fitness: 0.01322
	- standard deviation: 0.06368
Best genome overview:
	- fitness: 0.28129
	- size (hid, conn): (2, 16)
	- genome id: 3189
	- belongs to specie: 2
Genetic distance:
	- Maximum: 2.769
	- Mean: 1.673
	- Minimum: 0.009
	- Standard deviation: 0.839

Population of 128 members in 2 species:
	 SID    age    size    fitness    adj fit    stag 
	=====  =====  ======  =========  =========  ======
	  2     26      67      0.281      0.278      22  
	  3      9      61      0.269      0.381      1   

Generation time: 94.289 sec  (90.712 average)
Population 'diversity_1' saved! Current generation: 27
Sample chosen: [262, 933, 889, 448, 648, 760, 976, 877, 705, 419]

********** Running generation 27 **********

Full population's fitness overview:
	-       best fitness: 0.30350
	-       mean fitness: 0.10393
	-      worst fitness: 0.00931
	- standard deviation: 0.05700
Best genome overview:
	- fitness: 0.30350
	- size (hid, conn): (3, 15)
	- genome id: 3085
	- belongs to specie: 2
Genetic distance:
	- Maximum: 3.232
	- Mean: 1.974
	- Minimum: 0.000
	- Standard deviation: 0.809

Population of 128 members in 3 species:
	 SID    age    size    fitness    adj fit    stag 
	=====  =====  ======  =========  =========  ======
	  2     27      27      0.303      0.296      23  
	  3     10      98      0.242      0.350      2   
	  4      0      3        --         --        0   

Generation time: 97.234 sec  (91.629 average)
Population 'diversity_1' saved! Current generation: 28
Sample chosen: [815, 325, 809, 755, 404, 575, 517, 863, 672, 330]

********** Running generation 28 **********

Full population's fitness overview:
	-       best fitness: 0.38420
	-       mean fitness: 0.11470
	-      worst fitness: 0.01539
	- standard deviation: 0.06154
Best genome overview:
	- fitness: 0.38420
	- size (hid, conn): (3, 15)
	- genome id: 3383
	- belongs to specie: 3
Genetic distance:
	- Maximum: 3.361
	- Mean: 2.025
	- Minimum: 0.000
	- Standard deviation: 0.838

Population of 128 members in 4 species:
	 SID    age    size    fitness    adj fit    stag 
	=====  =====  ======  =========  =========  ======
	  2     28      24      0.273      0.269      24  
	  3     11      47      0.384      0.272      0   
	  4      1      54      0.105      0.195      0   
	  5      0      3        --         --        0   

Generation time: 92.811 sec  (92.178 average)
Population 'diversity_1' saved! Current generation: 29
Sample chosen: [809, 544, 757, 148, 335, 271, 396, 109, 718, 150]

********** Running generation 29 **********

Full population's fitness overview:
	-       best fitness: 0.26848
	-       mean fitness: 0.10953
	-      worst fitness: 0.00567
	- standard deviation: 0.05627
Best genome overview:
	- fitness: 0.26848
	- size (hid, conn): (1, 16)
	- genome id: 3518
	- belongs to specie: 3
Genetic distance:
	- Maximum: 3.490
	- Mean: 2.177
	- Minimum: 0.000
	- Standard deviation: 0.750

Population of 129 members in 4 species:
	 SID    age    size    fitness    adj fit    stag 
	=====  =====  ======  =========  =========  ======
	  2     29      29      0.257      0.393      25  
	  3     12      38      0.268      0.418      1   
	  4      2      44      0.261      0.380      0   
	  5      1      18      0.103      0.334      0   

Generation time: 95.557 sec  (92.963 average)
Population 'diversity_1' saved! Current generation: 30
Sample chosen: [114, 484, 818, 44, 98, 343, 988, 957, 970, 96]

********** Running generation 30 **********

Full population's fitness overview:
	-       best fitness: 0.33097
	-       mean fitness: 0.17440
	-      worst fitness: 0.06576
	- standard deviation: 0.06318
Best genome overview:
	- fitness: 0.33097
	- size (hid, conn): (0, 14)
	- genome id: 3595
	- belongs to specie: 3

Species 2 with 29 members is stagnated: removing it
Genetic distance:
	- Maximum: 2.931
	- Mean: 1.802
	- Minimum: 0.000
	- Standard deviation: 0.733

Population of 127 members in 3 species:
	 SID    age    size    fitness    adj fit    stag 
	=====  =====  ======  =========  =========  ======
	  3     13      41      0.331      0.378      2   
	  4      3      80      0.326      0.461      0   
	  5      2      6       0.289      0.362      0   

Generation time: 94.146 sec  (93.397 average)
Population 'diversity_1' saved! Current generation: 31
Sample chosen: [583, 706, 409, 220, 966, 304, 811, 278, 154, 654]

********** Running generation 31 **********

Full population's fitness overview:
	-       best fitness: 0.26724
	-       mean fitness: 0.10705
	-      worst fitness: 0.00494
	- standard deviation: 0.05774
Best genome overview:
	- fitness: 0.26724
	- size (hid, conn): (0, 9)
	- genome id: 3783
	- belongs to specie: 4
Genetic distance:
	- Maximum: 3.145
	- Mean: 1.723
	- Minimum: 0.000
	- Standard deviation: 0.784

Population of 128 members in 3 species:
	 SID    age    size    fitness    adj fit    stag 
	=====  =====  ======  =========  =========  ======
	  3     14      49      0.242      0.441      3   
	  4      4      49      0.267      0.377      1   
	  5      3      30      0.120      0.196      1   

Generation time: 92.595 sec  (93.572 average)
Population 'diversity_1' saved! Current generation: 32
Sample chosen: [555, 321, 640, 117, 486, 730, 399, 416, 246, 280]

********** Running generation 32 **********

Full population's fitness overview:
	-       best fitness: 0.35161
	-       mean fitness: 0.10995
	-      worst fitness: 0.00316
	- standard deviation: 0.06988
Best genome overview:
	- fitness: 0.35161
	- size (hid, conn): (1, 10)
	- genome id: 3826
	- belongs to specie: 4
Genetic distance:
	- Maximum: 2.873
	- Mean: 1.681
	- Minimum: 0.000
	- Standard deviation: 0.783

Population of 128 members in 3 species:
	 SID    age    size    fitness    adj fit    stag 
	=====  =====  ======  =========  =========  ======
	  3     15      42      0.273      0.305      4   
	  4      5      85      0.352      0.330      0   
	  5      4      1       0.284      0.269      2   

Generation time: 89.186 sec  (93.108 average)
Population 'diversity_1' saved! Current generation: 33
Sample chosen: [455, 672, 684, 304, 668, 722, 354, 962, 83, 640]

********** Running generation 33 **********

Full population's fitness overview:
	-       best fitness: 0.31100
	-       mean fitness: 0.11677
	-      worst fitness: 0.01017
	- standard deviation: 0.06153
Best genome overview:
	- fitness: 0.31100
	- size (hid, conn): (0, 14)
	- genome id: 4031
	- belongs to specie: 3
Genetic distance:
	- Maximum: 3.287
	- Mean: 1.612
	- Minimum: 0.000
	- Standard deviation: 0.761

Population of 128 members in 3 species:
	 SID    age    size    fitness    adj fit    stag 
	=====  =====  ======  =========  =========  ======
	  3     16      46      0.311      0.419      5   
	  4      6      61      0.274      0.323      1   
	  5      5      21      0.105      0.315      3   

Generation time: 92.217 sec  (93.154 average)
Population 'diversity_1' saved! Current generation: 34
Sample chosen: [806, 163, 73, 766, 704, 917, 87, 491, 246, 600]

********** Running generation 34 **********

Full population's fitness overview:
	-       best fitness: 0.37695
	-       mean fitness: 0.10914
	-      worst fitness: 0.00111
	- standard deviation: 0.06841
Best genome overview:
	- fitness: 0.37695
	- size (hid, conn): (1, 9)
	- genome id: 4102
	- belongs to specie: 4
Genetic distance:
	- Maximum: 3.371
	- Mean: 1.648
	- Minimum: 0.000
	- Standard deviation: 0.808

Population of 128 members in 3 species:
	 SID    age    size    fitness    adj fit    stag 
	=====  =====  ======  =========  =========  ======
	  3     17      50      0.278      0.322      6   
	  4      7      55      0.377      0.313      0   
	  5      6      23      0.153      0.139      4   

Generation time: 92.277 sec  (93.037 average)
Population 'diversity_1' saved! Current generation: 35
Sample chosen: [166, 384, 55, 347, 195, 145, 9, 589, 227, 341]

********** Running generation 35 **********

Full population's fitness overview:
	-       best fitness: 0.34287
	-       mean fitness: 0.10331
	-      worst fitness: 0.00109
	- standard deviation: 0.06370
Best genome overview:
	- fitness: 0.34287
	- size (hid, conn): (1, 11)
	- genome id: 4198
	- belongs to specie: 4
Genetic distance:
	- Maximum: 3.424
	- Mean: 1.845
	- Minimum: 0.013
	- Standard deviation: 0.844

Population of 128 members in 3 species:
	 SID    age    size    fitness    adj fit    stag 
	=====  =====  ======  =========  =========  ======
	  3     18      51      0.312      0.312      7   
	  4      8      46      0.343      0.340      1   
	  5      7      31      0.135      0.172      5   

Generation time: 97.182 sec  (93.749 average)
Population 'diversity_1' saved! Current generation: 36
Sample chosen: [864, 218, 468, 401, 444, 787, 815, 515, 378, 229]

********** Running generation 36 **********

Full population's fitness overview:
	-       best fitness: 0.31694
	-       mean fitness: 0.09697
	-      worst fitness: 0.00228
	- standard deviation: 0.06197
Best genome overview:
	- fitness: 0.31694
	- size (hid, conn): (4, 16)
	- genome id: 4324
	- belongs to specie: 4
Genetic distance:
	- Maximum: 3.005
	- Mean: 1.941
	- Minimum: 0.028
	- Standard deviation: 0.809

Population of 128 members in 3 species:
	 SID    age    size    fitness    adj fit    stag 
	=====  =====  ======  =========  =========  ======
	  3     19      54      0.291      0.381      8   
	  4      9      41      0.317      0.289      2   
	  5      8      33      0.174      0.187      6   

Generation time: 100.078 sec  (94.328 average)
Population 'diversity_1' saved! Current generation: 37
Sample chosen: [587, 637, 405, 772, 799, 236, 979, 289, 367, 488]

********** Running generation 37 **********

Full population's fitness overview:
	-       best fitness: 0.34967
	-       mean fitness: 0.11764
	-      worst fitness: 0.01481
	- standard deviation: 0.06319
Best genome overview:
	- fitness: 0.34967
	- size (hid, conn): (0, 14)
	- genome id: 4465
	- belongs to specie: 3
Genetic distance:
	- Maximum: 3.268
	- Mean: 2.027
	- Minimum: 0.027
	- Standard deviation: 0.759

Population of 129 members in 3 species:
	 SID    age    size    fitness    adj fit    stag 
	=====  =====  ======  =========  =========  ======
	  3     20      53      0.350      0.322      9   
	  4     10      44      0.289      0.316      3   
	  5      9      32      0.326      0.272      0   

Generation time: 93.894 sec  (93.994 average)
Population 'diversity_1' saved! Current generation: 38
Sample chosen: [86, 330, 927, 844, 979, 261, 445, 543, 159, 661]

********** Running generation 38 **********

Full population's fitness overview:
	-       best fitness: 0.29576
	-       mean fitness: 0.12053
	-      worst fitness: 0.00604
	- standard deviation: 0.06473
Best genome overview:
	- fitness: 0.29576
	- size (hid, conn): (3, 14)
	- genome id: 4412
	- belongs to specie: 4
Genetic distance:
	- Maximum: 3.106
	- Mean: 2.013
	- Minimum: 0.000
	- Standard deviation: 0.787

Population of 129 members in 3 species:
	 SID    age    size    fitness    adj fit    stag 
	=====  =====  ======  =========  =========  ======
	  3     21      50      0.251      0.429      10  
	  4     11      43      0.296      0.347      4   
	  5     10      36      0.295      0.404      1   

Generation time: 93.123 sec  (94.025 average)
Population 'diversity_1' saved! Current generation: 39
Sample chosen: [976, 767, 152, 687, 10, 4, 322, 260, 879, 634]

********** Running generation 39 **********

Full population's fitness overview:
	-       best fitness: 0.51448
	-       mean fitness: 0.12156
	-      worst fitness: 0.01714
	- standard deviation: 0.07419
Best genome overview:
	- fitness: 0.51448
	- size (hid, conn): (3, 14)
	- genome id: 4650
	- belongs to specie: 4
Genetic distance:
	- Maximum: 3.130
	- Mean: 1.950
	- Minimum: 0.040
	- Standard deviation: 0.726

Population of 128 members in 3 species:
	 SID    age    size    fitness    adj fit    stag 
	=====  =====  ======  =========  =========  ======
	  3     22      48      0.267      0.196      11  
	  4     12      19      0.514      0.235      0   
	  5     11      61      0.268      0.199      2   

Generation time: 98.253 sec  (94.295 average)
Population 'diversity_1' saved! Current generation: 40
Sample chosen: [254, 412, 274, 293, 672, 921, 858, 882, 760, 694]

********** Running generation 40 **********

Full population's fitness overview:
	-       best fitness: 0.56158
	-       mean fitness: 0.28440
	-      worst fitness: 0.06637
	- standard deviation: 0.12735
Best genome overview:
	- fitness: 0.56158
	- size (hid, conn): (0, 9)
	- genome id: 4755
	- belongs to specie: 5
Genetic distance:
	- Maximum: 2.998
	- Mean: 1.623
	- Minimum: 0.000
	- Standard deviation: 0.817

Population of 129 members in 3 species:
	 SID    age    size    fitness    adj fit    stag 
	=====  =====  ======  =========  =========  ======
	  3     23      47      0.443      0.378      0   
	  4     13      27      0.507      0.335      1   
	  5     12      55      0.562      0.522      0   

Generation time: 87.420 sec  (93.623 average)
Population 'diversity_1' saved! Current generation: 41
Sample chosen: [592, 372, 978, 736, 12, 591, 686, 157, 120, 818]

********** Running generation 41 **********

Full population's fitness overview:
	-       best fitness: 0.32217
	-       mean fitness: 0.11067
	-      worst fitness: 0.00693
	- standard deviation: 0.05941
Best genome overview:
	- fitness: 0.32217
	- size (hid, conn): (0, 8)
	- genome id: 4893
	- belongs to specie: 5
Genetic distance:
	- Maximum: 2.831
	- Mean: 1.738
	- Minimum: 0.025
	- Standard deviation: 0.796

Population of 128 members in 3 species:
	 SID    age    size    fitness    adj fit    stag 
	=====  =====  ======  =========  =========  ======
	  3     24      47      0.308      0.327      1   
	  4     14      28      0.251      0.372      2   
	  5     13      53      0.322      0.310      1   

Generation time: 84.831 sec  (92.846 average)
Population 'diversity_1' saved! Current generation: 42
Sample chosen: [186, 294, 688, 422, 888, 564, 253, 485, 51, 88]

********** Running generation 42 **********

Full population's fitness overview:
	-       best fitness: 0.35248
	-       mean fitness: 0.11322
	-      worst fitness: 0.01090
	- standard deviation: 0.05887
Best genome overview:
	- fitness: 0.35248
	- size (hid, conn): (2, 10)
	- genome id: 5070
	- belongs to specie: 5
Genetic distance:
	- Maximum: 2.961
	- Mean: 1.807
	- Minimum: 0.000
	- Standard deviation: 0.773

Population of 128 members in 3 species:
	 SID    age    size    fitness    adj fit    stag 
	=====  =====  ======  =========  =========  ======
	  3     25      45      0.271      0.306      2   
	  4     15      43      0.250      0.350      3   
	  5     14      40      0.352      0.267      2   

Generation time: 87.851 sec  (92.713 average)
Population 'diversity_1' saved! Current generation: 43
Sample chosen: [463, 34, 154, 258, 956, 383, 545, 803, 855, 552]

********** Running generation 43 **********

Full population's fitness overview:
	-       best fitness: 0.35106
	-       mean fitness: 0.13051
	-      worst fitness: 0.02457
	- standard deviation: 0.05754
Best genome overview:
	- fitness: 0.35106
	- size (hid, conn): (1, 14)
	- genome id: 5157
	- belongs to specie: 3
Genetic distance:
	- Maximum: 3.093
	- Mean: 1.922
	- Minimum: 0.000
	- Standard deviation: 0.691

Population of 129 members in 3 species:
	 SID    age    size    fitness    adj fit    stag 
	=====  =====  ======  =========  =========  ======
	  3     26      40      0.351      0.307      3   
	  4     16      20      0.340      0.352      4   
	  5     15      69      0.248      0.314      3   

Generation time: 85.733 sec  (92.064 average)
Population 'diversity_1' saved! Current generation: 44
Sample chosen: [897, 513, 233, 636, 872, 441, 569, 626, 249, 804]

********** Running generation 44 **********

Full population's fitness overview:
	-       best fitness: 0.31087
	-       mean fitness: 0.10078
	-      worst fitness: 0.00675
	- standard deviation: 0.06417
Best genome overview:
	- fitness: 0.31087
	- size (hid, conn): (2, 9)
	- genome id: 5256
	- belongs to specie: 5
Genetic distance:
	- Maximum: 2.939
	- Mean: 1.804
	- Minimum: 0.004
	- Standard deviation: 0.737

Population of 129 members in 3 species:
	 SID    age    size    fitness    adj fit    stag 
	=====  =====  ======  =========  =========  ======
	  3     27      39      0.248      0.297      4   
	  4     17      39      0.279      0.448      5   
	  5     16      51      0.311      0.276      4   

Generation time: 86.158 sec  (91.452 average)
Population 'diversity_1' saved! Current generation: 45
Sample chosen: [231, 504, 741, 599, 734, 620, 106, 286, 548, 834]

********** Running generation 45 **********

Full population's fitness overview:
	-       best fitness: 0.37473
	-       mean fitness: 0.12997
	-      worst fitness: 0.02285
	- standard deviation: 0.06601
Best genome overview:
	- fitness: 0.37473
	- size (hid, conn): (1, 9)
	- genome id: 5179
	- belongs to specie: 4
Genetic distance:
	- Maximum: 3.012
	- Mean: 1.925
	- Minimum: 0.000
	- Standard deviation: 0.657

Population of 128 members in 3 species:
	 SID    age    size    fitness    adj fit    stag 
	=====  =====  ======  =========  =========  ======
	  3     28      49      0.273      0.381      5   
	  4     18      69      0.375      0.285      6   
	  5     17      10      0.303      0.261      5   

Generation time: 83.912 sec  (90.125 average)
Population 'diversity_1' saved! Current generation: 46
Sample chosen: [118, 897, 106, 101, 892, 20, 518, 441, 30, 885]

********** Running generation 46 **********

Full population's fitness overview:
	-       best fitness: 0.32336
	-       mean fitness: 0.12091
	-      worst fitness: 0.02645
	- standard deviation: 0.05890
Best genome overview:
	- fitness: 0.32336
	- size (hid, conn): (1, 10)
	- genome id: 5464
	- belongs to specie: 4
Genetic distance:
	- Maximum: 2.858
	- Mean: 1.947
	- Minimum: 0.000
	- Standard deviation: 0.710

Population of 129 members in 3 species:
	 SID    age    size    fitness    adj fit    stag 
	=====  =====  ======  =========  =========  ======
	  3     29      51      0.322      0.321      6   
	  4     19      53      0.323      0.327      7   
	  5     18      25      0.147      0.244      6   

Generation time: 88.335 sec  (88.951 average)
Population 'diversity_1' saved! Current generation: 47
Sample chosen: [376, 804, 889, 887, 267, 165, 729, 496, 229, 857]

********** Running generation 47 **********

Full population's fitness overview:
	-       best fitness: 0.33378
	-       mean fitness: 0.12319
	-      worst fitness: 0.02664
	- standard deviation: 0.06272
Best genome overview:
	- fitness: 0.33378
	- size (hid, conn): (1, 9)
	- genome id: 5580
	- belongs to specie: 4
Genetic distance:
	- Maximum: 2.932
	- Mean: 1.866
	- Minimum: 0.000
	- Standard deviation: 0.731

Population of 127 members in 3 species:
	 SID    age    size    fitness    adj fit    stag 
	=====  =====  ======  =========  =========  ======
	  3     30      44      0.237      0.273      7   
	  4     20      58      0.334      0.371      8   
	  5     19      25      0.306      0.280      7   

Generation time: 89.993 sec  (88.561 average)
Population 'diversity_1' saved! Current generation: 48
Sample chosen: [202, 109, 253, 497, 552, 344, 162, 656, 609, 924]

********** Running generation 48 **********

Full population's fitness overview:
	-       best fitness: 0.35132
	-       mean fitness: 0.12465
	-      worst fitness: 0.03171
	- standard deviation: 0.06069
Best genome overview:
	- fitness: 0.35132
	- size (hid, conn): (2, 10)
	- genome id: 5590
	- belongs to specie: 4
Genetic distance:
	- Maximum: 2.874
	- Mean: 1.753
	- Minimum: 0.106
	- Standard deviation: 0.757

Population of 126 members in 3 species:
	 SID    age    size    fitness    adj fit    stag 
	=====  =====  ======  =========  =========  ======
	  3     31      45      0.226      0.283      8   
	  4     21      52      0.351      0.316      9   
	  5     20      29      0.163      0.246      8   

Generation time: 86.274 sec  (87.876 average)
Population 'diversity_1' saved! Current generation: 49
Sample chosen: [509, 299, 907, 826, 427, 62, 855, 975, 472, 69]

********** Running generation 49 **********

Full population's fitness overview:
	-       best fitness: 0.32916
	-       mean fitness: 0.10628
	-      worst fitness: 0.02754
	- standard deviation: 0.05896
Best genome overview:
	- fitness: 0.32916
	- size (hid, conn): (2, 11)
	- genome id: 5820
	- belongs to specie: 4
Genetic distance:
	- Maximum: 2.979
	- Mean: 1.778
	- Minimum: 0.000
	- Standard deviation: 0.763

Population of 126 members in 3 species:
	 SID    age    size    fitness    adj fit    stag 
	=====  =====  ======  =========  =========  ======
	  3     32      40      0.273      0.219      9   
	  4     22      41      0.329      0.264      10  
	  5     21      45      0.260      0.321      9   

Generation time: 85.011 sec  (86.552 average)
Population 'diversity_1' saved! Current generation: 50
Sample chosen: [679, 482, 137, 944, 370, 724, 473, 521, 108, 854]

********** Running generation 50 **********

Full population's fitness overview:
	-       best fitness: 0.43970
	-       mean fitness: 0.17697
	-      worst fitness: 0.04130
	- standard deviation: 0.09355
Best genome overview:
	- fitness: 0.43970
	- size (hid, conn): (0, 8)
	- genome id: 6022
	- belongs to specie: 5
Genetic distance:
	- Maximum: 2.878
	- Mean: 1.767
	- Minimum: 0.000
	- Standard deviation: 0.768

Population of 127 members in 3 species:
	 SID    age    size    fitness    adj fit    stag 
	=====  =====  ======  =========  =========  ======
	  3     33      33      0.255      0.207      10  
	  4     23      47      0.430      0.410      11  
	  5     22      47      0.440      0.396      10  

Generation time: 85.685 sec  (86.378 average)
Population 'diversity_1' saved! Current generation: 51
Sample chosen: [296, 97, 190, 47, 871, 313, 940, 603, 11, 456]

********** Running generation 51 **********

Full population's fitness overview:
	-       best fitness: 0.25259
	-       mean fitness: 0.11752
	-      worst fitness: 0.00548
	- standard deviation: 0.05370
Best genome overview:
	- fitness: 0.25259
	- size (hid, conn): (0, 10)
	- genome id: 6124
	- belongs to specie: 3
Genetic distance:
	- Maximum: 3.036
	- Mean: 1.700
	- Minimum: 0.000
	- Standard deviation: 0.815

Population of 127 members in 3 species:
	 SID    age    size    fitness    adj fit    stag 
	=====  =====  ======  =========  =========  ======
	  3     34      39      0.253      0.485      11  
	  4     24      46      0.245      0.438      12  
	  5     23      42      0.247      0.446      11  

Generation time: 87.742 sec  (86.669 average)
Population 'diversity_1' saved! Current generation: 52
Sample chosen: [346, 36, 960, 180, 556, 665, 51, 276, 820, 548]

********** Running generation 52 **********

Full population's fitness overview:
	-       best fitness: 0.37446
	-       mean fitness: 0.11531
	-      worst fitness: 0.03142
	- standard deviation: 0.06261
Best genome overview:
	- fitness: 0.37446
	- size (hid, conn): (1, 12)
	- genome id: 6200
	- belongs to specie: 5
Genetic distance:
	- Maximum: 2.942
	- Mean: 1.689
	- Minimum: 0.037
	- Standard deviation: 0.784

Population of 128 members in 3 species:
	 SID    age    size    fitness    adj fit    stag 
	=====  =====  ======  =========  =========  ======
	  3     35      42      0.272      0.258      12  
	  4     25      77      0.288      0.227      13  
	  5     24      9       0.374      0.252      12  

Generation time: 89.662 sec  (86.851 average)
Population 'diversity_1' saved! Current generation: 53
Sample chosen: [740, 8, 707, 86, 237, 713, 556, 215, 530, 47]

********** Running generation 53 **********

Full population's fitness overview:
	-       best fitness: 0.28847
	-       mean fitness: 0.11764
	-      worst fitness: 0.01340
	- standard deviation: 0.06059
Best genome overview:
	- fitness: 0.28847
	- size (hid, conn): (0, 11)
	- genome id: 6365
	- belongs to specie: 3
Genetic distance:
	- Maximum: 3.053
	- Mean: 1.723
	- Minimum: 0.021
	- Standard deviation: 0.815

Population of 128 members in 3 species:
	 SID    age    size    fitness    adj fit    stag 
	=====  =====  ======  =========  =========  ======
	  3     36      44      0.288      0.435      13  
	  4     26      75      0.272      0.341      14  
	  5     25      9       0.257      0.445      13  

Generation time: 86.578 sec  (86.935 average)
Population 'diversity_1' saved! Current generation: 54
Sample chosen: [490, 218, 274, 933, 305, 402, 977, 19, 259, 342]

********** Running generation 54 **********

Full population's fitness overview:
	-       best fitness: 0.30669
	-       mean fitness: 0.11790
	-      worst fitness: 0.00784
	- standard deviation: 0.06534
Best genome overview:
	- fitness: 0.30669
	- size (hid, conn): (0, 10)
	- genome id: 6147
	- belongs to specie: 3
Genetic distance:
	- Maximum: 2.874
	- Mean: 1.737
	- Minimum: 0.000
	- Standard deviation: 0.692

Population of 128 members in 3 species:
	 SID    age    size    fitness    adj fit    stag 
	=====  =====  ======  =========  =========  ======
	  3     37      48      0.307      0.447      14  
	  4     27      60      0.264      0.344      15  
	  5     26      20      0.124      0.184      14  

Generation time: 82.673 sec  (86.587 average)
Population 'diversity_1' saved! Current generation: 55
Sample chosen: [40, 986, 53, 229, 492, 117, 992, 727, 116, 177]

********** Running generation 55 **********

Full population's fitness overview:
	-       best fitness: 0.31882
	-       mean fitness: 0.11667
	-      worst fitness: 0.00608
	- standard deviation: 0.06439
Best genome overview:
	- fitness: 0.31882
	- size (hid, conn): (1, 11)
	- genome id: 6573
	- belongs to specie: 4

Species 5 with 20 members is stagnated: removing it
Genetic distance:
	- Maximum: 2.678
	- Mean: 1.690
	- Minimum: 0.200
	- Standard deviation: 0.656

Population of 128 members in 2 species:
	 SID    age    size    fitness    adj fit    stag 
	=====  =====  ======  =========  =========  ======
	  3     38      63      0.252      0.410      15  
	  4     28      65      0.319      0.352      16  

Generation time: 85.155 sec  (86.711 average)
Population 'diversity_1' saved! Current generation: 56
Sample chosen: [153, 441, 796, 626, 372, 146, 567, 411, 882, 553]

********** Running generation 56 **********

Full population's fitness overview:
	-       best fitness: 0.31239
	-       mean fitness: 0.10636
	-      worst fitness: 0.02620
	- standard deviation: 0.05473
Best genome overview:
	- fitness: 0.31239
	- size (hid, conn): (1, 9)
	- genome id: 6609
	- belongs to specie: 4
Genetic distance:
	- Maximum: 3.039
	- Mean: 1.766
	- Minimum: 0.095
	- Standard deviation: 0.729

Population of 128 members in 2 species:
	 SID    age    size    fitness    adj fit    stag 
	=====  =====  ======  =========  =========  ======
	  3     39      67      0.255      0.283      16  
	  4     29      61      0.312      0.277      17  

Generation time: 86.076 sec  (86.485 average)
Population 'diversity_1' saved! Current generation: 57
Sample chosen: [452, 743, 23, 876, 42, 281, 248, 238, 576, 483]

********** Running generation 57 **********

Full population's fitness overview:
	-       best fitness: 0.43499
	-       mean fitness: 0.12994
	-      worst fitness: 0.00951
	- standard deviation: 0.06787
Best genome overview:
	- fitness: 0.43499
	- size (hid, conn): (0, 10)
	- genome id: 6793
	- belongs to specie: 3
Genetic distance:
	- Maximum: 3.053
	- Mean: 1.923
	- Minimum: 0.000
	- Standard deviation: 0.729

Population of 128 members in 2 species:
	 SID    age    size    fitness    adj fit    stag 
	=====  =====  ======  =========  =========  ======
	  3     40      67      0.435      0.298      17  
	  4     30      61      0.291      0.266      18  

Generation time: 82.609 sec  (85.747 average)
Population 'diversity_1' saved! Current generation: 58
Sample chosen: [998, 561, 526, 795, 650, 770, 486, 138, 268, 117]

********** Running generation 58 **********

Full population's fitness overview:
	-       best fitness: 0.31461
	-       mean fitness: 0.12657
	-      worst fitness: 0.03493
	- standard deviation: 0.06346
Best genome overview:
	- fitness: 0.31461
	- size (hid, conn): (0, 9)
	- genome id: 6916
	- belongs to specie: 4
Genetic distance:
	- Maximum: 2.936
	- Mean: 1.930
	- Minimum: 0.000
	- Standard deviation: 0.697

Population of 128 members in 2 species:
	 SID    age    size    fitness    adj fit    stag 
	=====  =====  ======  =========  =========  ======
	  3     41      64      0.272      0.308      18  
	  4     31      64      0.315      0.349      19  

Generation time: 82.724 sec  (85.392 average)
Population 'diversity_1' saved! Current generation: 59
Sample chosen: [57, 315, 331, 341, 85, 541, 909, 611, 77, 39]

********** Running generation 59 **********

Full population's fitness overview:
	-       best fitness: 0.38989
	-       mean fitness: 0.12906
	-      worst fitness: 0.03290
	- standard deviation: 0.06252
Best genome overview:
	- fitness: 0.38989
	- size (hid, conn): (2, 14)
	- genome id: 7053
	- belongs to specie: 3
Genetic distance:
	- Maximum: 2.869
	- Mean: 1.894
	- Minimum: 0.003
	- Standard deviation: 0.702

Population of 128 members in 2 species:
	 SID    age    size    fitness    adj fit    stag 
	=====  =====  ======  =========  =========  ======
	  3     42      63      0.390      0.261      19  
	  4     32      65      0.292      0.278      20  

Generation time: 81.931 sec  (85.084 average)
Population 'diversity_1' saved! Current generation: 60
Sample chosen: [628, 249, 790, 229, 499, 555, 116, 456, 894, 943]

********** Running generation 60 **********

Full population's fitness overview:
	-       best fitness: 0.42288
	-       mean fitness: 0.16897
	-      worst fitness: 0.05338
	- standard deviation: 0.08252
Best genome overview:
	- fitness: 0.42288
	- size (hid, conn): (0, 9)
	- genome id: 6993
	- belongs to specie: 4
Genetic distance:
	- Maximum: 2.847
	- Mean: 1.738
	- Minimum: 0.000
	- Standard deviation: 0.756

Population of 128 members in 2 species:
	 SID    age    size    fitness    adj fit    stag 
	=====  =====  ======  =========  =========  ======
	  3     43      58      0.252      0.258      20  
	  4     33      70      0.423      0.366      21  

Generation time: 84.896 sec  (85.005 average)
Population 'diversity_1' saved! Current generation: 61
Sample chosen: [252, 782, 921, 929, 962, 490, 972, 528, 408, 837]

********** Running generation 61 **********

Full population's fitness overview:
	-       best fitness: 0.26597
	-       mean fitness: 0.11314
	-      worst fitness: 0.01499
	- standard deviation: 0.05085
Best genome overview:
	- fitness: 0.26597
	- size (hid, conn): (0, 10)
	- genome id: 7223
	- belongs to specie: 4
Genetic distance:
	- Maximum: 2.653
	- Mean: 1.500
	- Minimum: 0.000
	- Standard deviation: 0.846

Population of 127 members in 2 species:
	 SID    age    size    fitness    adj fit    stag 
	=====  =====  ======  =========  =========  ======
	  3     44      64      0.244      0.406      21  
	  4     34      63      0.266      0.379      22  

Generation time: 83.074 sec  (84.538 average)
Population 'diversity_1' saved! Current generation: 62
Sample chosen: [997, 692, 850, 552, 866, 328, 282, 652, 42, 219]

********** Running generation 62 **********

Full population's fitness overview:
	-       best fitness: 0.32918
	-       mean fitness: 0.12441
	-      worst fitness: 0.02404
	- standard deviation: 0.05640
Best genome overview:
	- fitness: 0.32918
	- size (hid, conn): (0, 8)
	- genome id: 7360
	- belongs to specie: 4
Genetic distance:
	- Maximum: 2.591
	- Mean: 1.614
	- Minimum: 0.000
	- Standard deviation: 0.738

Population of 128 members in 2 species:
	 SID    age    size    fitness    adj fit    stag 
	=====  =====  ======  =========  =========  ======
	  3     45      67      0.263      0.324      22  
	  4     35      61      0.329      0.334      23  

Generation time: 83.863 sec  (83.958 average)
Population 'diversity_1' saved! Current generation: 63
Sample chosen: [652, 874, 56, 826, 690, 225, 388, 477, 534, 610]

********** Running generation 63 **********

Full population's fitness overview:
	-       best fitness: 0.28402
	-       mean fitness: 0.12470
	-      worst fitness: 0.02328
	- standard deviation: 0.05808
Best genome overview:
	- fitness: 0.28402
	- size (hid, conn): (0, 8)
	- genome id: 7483
	- belongs to specie: 4
Genetic distance:
	- Maximum: 2.695
	- Mean: 1.584
	- Minimum: 0.000
	- Standard deviation: 0.818

Population of 128 members in 2 species:
	 SID    age    size    fitness    adj fit    stag 
	=====  =====  ======  =========  =========  ======
	  3     46      68      0.254      0.386      23  
	  4     36      60      0.284      0.393      24  

Generation time: 83.624 sec  (83.663 average)
Population 'diversity_1' saved! Current generation: 64
Sample chosen: [312, 529, 343, 164, 211, 362, 584, 24, 217, 325]

********** Running generation 64 **********

Full population's fitness overview:
	-       best fitness: 0.35276
	-       mean fitness: 0.10508
	-      worst fitness: 0.00581
	- standard deviation: 0.05985
Best genome overview:
	- fitness: 0.35276
	- size (hid, conn): (0, 9)
	- genome id: 7459
	- belongs to specie: 4
Genetic distance:
	- Maximum: 2.652
	- Mean: 1.567
	- Minimum: 0.000
	- Standard deviation: 0.811

Population of 128 members in 2 species:
	 SID    age    size    fitness    adj fit    stag 
	=====  =====  ======  =========  =========  ======
	  3     47      71      0.269      0.300      24  
	  4     37      57      0.353      0.271      25  

Generation time: 86.909 sec  (84.086 average)
Population 'diversity_1' saved! Current generation: 65
Sample chosen: [238, 883, 171, 974, 256, 476, 741, 881, 768, 597]

********** Running generation 65 **********

Full population's fitness overview:
	-       best fitness: 0.27563
	-       mean fitness: 0.11885
	-      worst fitness: 0.02143
	- standard deviation: 0.05506
Best genome overview:
	- fitness: 0.27563
	- size (hid, conn): (2, 14)
	- genome id: 7782
	- belongs to specie: 3
Genetic distance:
	- Maximum: 2.768
	- Mean: 1.670
	- Minimum: 0.000
	- Standard deviation: 0.739

Population of 128 members in 2 species:
	 SID    age    size    fitness    adj fit    stag 
	=====  =====  ======  =========  =========  ======
	  3     48      69      0.276      0.400      25  
	  4     38      59      0.239      0.362      26  

Generation time: 81.199 sec  (83.690 average)
Population 'diversity_1' saved! Current generation: 66
Sample chosen: [658, 327, 391, 792, 509, 198, 612, 199, 692, 145]

********** Running generation 66 **********

Full population's fitness overview:
	-       best fitness: 0.46293
	-       mean fitness: 0.12037
	-      worst fitness: 0.02356
	- standard deviation: 0.07157
Best genome overview:
	- fitness: 0.46293
	- size (hid, conn): (0, 9)
	- genome id: 7868
	- belongs to specie: 4
Genetic distance:
	- Maximum: 2.637
	- Mean: 1.663
	- Minimum: 0.000
	- Standard deviation: 0.773

Population of 128 members in 2 species:
	 SID    age    size    fitness    adj fit    stag 
	=====  =====  ======  =========  =========  ======
	  3     49      63      0.387      0.200      26  
	  4     39      65      0.463      0.245      27  

Generation time: 83.644 sec  (83.447 average)
Population 'diversity_1' saved! Current generation: 67
Sample chosen: [756, 558, 314, 376, 373, 586, 210, 593, 850, 403]

********** Running generation 67 **********

Full population's fitness overview:
	-       best fitness: 0.33315
	-       mean fitness: 0.11202
	-      worst fitness: 0.01471
	- standard deviation: 0.06443
Best genome overview:
	- fitness: 0.33315
	- size (hid, conn): (0, 8)
	- genome id: 7929
	- belongs to specie: 4
Genetic distance:
	- Maximum: 2.622
	- Mean: 1.483
	- Minimum: 0.000
	- Standard deviation: 0.905

Population of 126 members in 2 species:
	 SID    age    size    fitness    adj fit    stag 
	=====  =====  ======  =========  =========  ======
	  3     50      68      0.286      0.340      27  
	  4     40      58      0.333      0.272      28  

Generation time: 80.411 sec  (83.227 average)
Population 'diversity_1' saved! Current generation: 68
Sample chosen: [103, 884, 757, 924, 889, 688, 160, 497, 922, 209]

********** Running generation 68 **********

Full population's fitness overview:
	-       best fitness: 0.42681
	-       mean fitness: 0.11733
	-      worst fitness: 0.01746
	- standard deviation: 0.06661
Best genome overview:
	- fitness: 0.42681
	- size (hid, conn): (0, 9)
	- genome id: 8051
	- belongs to specie: 4
Genetic distance:
	- Maximum: 2.595
	- Mean: 1.437
	- Minimum: 0.000
	- Standard deviation: 0.914

Population of 127 members in 2 species:
	 SID    age    size    fitness    adj fit    stag 
	=====  =====  ======  =========  =========  ======
	  3     51      65      0.236      0.223      28  
	  4     41      62      0.427      0.269      29  

Generation time: 86.536 sec  (83.609 average)
Population 'diversity_1' saved! Current generation: 69
Sample chosen: [884, 579, 417, 503, 66, 100, 959, 236, 219, 897]

********** Running generation 69 **********

Full population's fitness overview:
	-       best fitness: 0.31324
	-       mean fitness: 0.11578
	-      worst fitness: 0.02089
	- standard deviation: 0.06126
Best genome overview:
	- fitness: 0.31324
	- size (hid, conn): (0, 9)
	- genome id: 8184
	- belongs to specie: 4
Genetic distance:
	- Maximum: 2.876
	- Mean: 1.506
	- Minimum: 0.015
	- Standard deviation: 0.867

Population of 128 members in 2 species:
	 SID    age    size    fitness    adj fit    stag 
	=====  =====  ======  =========  =========  ======
	  3     52      65      0.241      0.297      29  
	  4     42      63      0.313      0.353      30  

Generation time: 82.965 sec  (83.712 average)
Population 'diversity_1' saved! Current generation: 70
Sample chosen: [677, 387, 185, 9, 32, 544, 693, 521, 685, 125]

********** Running generation 70 **********

Full population's fitness overview:
	-       best fitness: 0.80925
	-       mean fitness: 0.26981
	-      worst fitness: 0.06466
	- standard deviation: 0.12298
Best genome overview:
	- fitness: 0.80925
	- size (hid, conn): (0, 7)
	- genome id: 8283
	- belongs to specie: 4
Genetic distance:
	- Maximum: 2.714
	- Mean: 1.485
	- Minimum: 0.015
	- Standard deviation: 0.846

Population of 128 members in 2 species:
	 SID    age    size    fitness    adj fit    stag 
	=====  =====  ======  =========  =========  ======
	  3     53      57      0.353      0.189      30  
	  4     43      71      0.809      0.365      0   

Generation time: 80.294 sec  (83.252 average)
Population 'diversity_1' saved! Current generation: 71
Sample chosen: [122, 723, 135, 82, 134, 673, 459, 60, 234, 321]

********** Running generation 71 **********

Full population's fitness overview:
	-       best fitness: 0.34539
	-       mean fitness: 0.11310
	-      worst fitness: 0.00856
	- standard deviation: 0.06249
Best genome overview:
	- fitness: 0.34539
	- size (hid, conn): (0, 8)
	- genome id: 8442
	- belongs to specie: 4
Genetic distance:
	- Maximum: 2.792
	- Mean: 1.516
	- Minimum: 0.000
	- Standard deviation: 0.841

Population of 128 members in 2 species:
	 SID    age    size    fitness    adj fit    stag 
	=====  =====  ======  =========  =========  ======
	  3     54      61      0.270      0.280      31  
	  4     44      67      0.345      0.335      1   

Generation time: 80.455 sec  (82.990 average)
Population 'diversity_1' saved! Current generation: 72
Sample chosen: [279, 72, 186, 842, 769, 787, 283, 539, 206, 433]

********** Running generation 72 **********

Full population's fitness overview:
	-       best fitness: 0.34566
	-       mean fitness: 0.12173
	-      worst fitness: 0.01045
	- standard deviation: 0.06952
Best genome overview:
	- fitness: 0.34566
	- size (hid, conn): (0, 8)
	- genome id: 8553
	- belongs to specie: 4
Genetic distance:
	- Maximum: 2.619
	- Mean: 1.607
	- Minimum: 0.009
	- Standard deviation: 0.790

Population of 127 members in 2 species:
	 SID    age    size    fitness    adj fit    stag 
	=====  =====  ======  =========  =========  ======
	  3     55      60      0.274      0.283      32  
	  4     45      67      0.346      0.377      2   

Generation time: 82.316 sec  (82.835 average)
Population 'diversity_1' saved! Current generation: 73
Sample chosen: [13, 880, 740, 973, 529, 786, 980, 877, 660, 117]

********** Running generation 73 **********

Full population's fitness overview:
	-       best fitness: 0.34737
	-       mean fitness: 0.13724
	-      worst fitness: 0.01159
	- standard deviation: 0.07291
Best genome overview:
	- fitness: 0.34737
	- size (hid, conn): (0, 8)
	- genome id: 8690
	- belongs to specie: 4
Genetic distance:
	- Maximum: 2.552
	- Mean: 1.702
	- Minimum: 0.010
	- Standard deviation: 0.744

Population of 127 members in 2 species:
	 SID    age    size    fitness    adj fit    stag 
	=====  =====  ======  =========  =========  ======
	  3     56      62      0.270      0.345      33  
	  4     46      65      0.347      0.400      3   

Generation time: 86.807 sec  (83.153 average)
Population 'diversity_1' saved! Current generation: 74
Sample chosen: [503, 968, 648, 878, 57, 867, 205, 396, 801, 947]

********** Running generation 74 **********

Full population's fitness overview:
	-       best fitness: 0.28342
	-       mean fitness: 0.10999
	-      worst fitness: 0.02150
	- standard deviation: 0.05302
Best genome overview:
	- fitness: 0.28342
	- size (hid, conn): (0, 5)
	- genome id: 8807
	- belongs to specie: 4
Genetic distance:
	- Maximum: 2.607
	- Mean: 1.673
	- Minimum: 0.006
	- Standard deviation: 0.715

Population of 128 members in 2 species:
	 SID    age    size    fitness    adj fit    stag 
	=====  =====  ======  =========  =========  ======
	  3     57      64      0.226      0.316      34  
	  4     47      64      0.283      0.359      4   

Generation time: 84.249 sec  (82.888 average)
Population 'diversity_1' saved! Current generation: 75
Sample chosen: [351, 489, 815, 14, 774, 94, 648, 946, 287, 219]

********** Running generation 75 **********

Full population's fitness overview:
	-       best fitness: 0.34672
	-       mean fitness: 0.10791
	-      worst fitness: 0.01103
	- standard deviation: 0.06010
Best genome overview:
	- fitness: 0.34672
	- size (hid, conn): (1, 11)
	- genome id: 8724
	- belongs to specie: 3
Genetic distance:
	- Maximum: 2.554
	- Mean: 1.530
	- Minimum: 0.037
	- Standard deviation: 0.775

Population of 128 members in 2 species:
	 SID    age    size    fitness    adj fit    stag 
	=====  =====  ======  =========  =========  ======
	  3     58      62      0.347      0.275      35  
	  4     48      66      0.266      0.302      5   

Generation time: 87.333 sec  (83.501 average)
Population 'diversity_1' saved! Current generation: 76
Sample chosen: [922, 518, 571, 88, 661, 790, 821, 409, 23, 746]

********** Running generation 76 **********

Full population's fitness overview:
	-       best fitness: 0.35297
	-       mean fitness: 0.11766
	-      worst fitness: 0.00469
	- standard deviation: 0.06893
Best genome overview:
	- fitness: 0.35297
	- size (hid, conn): (0, 8)
	- genome id: 9067
	- belongs to specie: 4
Genetic distance:
	- Maximum: 2.513
	- Mean: 1.644
	- Minimum: 0.000
	- Standard deviation: 0.671

Population of 128 members in 2 species:
	 SID    age    size    fitness    adj fit    stag 
	=====  =====  ======  =========  =========  ======
	  3     59      63      0.303      0.328      36  
	  4     49      65      0.353      0.321      6   

Generation time: 87.342 sec  (83.871 average)
Population 'diversity_1' saved! Current generation: 77
Sample chosen: [929, 236, 496, 131, 378, 653, 714, 53, 850, 21]

********** Running generation 77 **********

Full population's fitness overview:
	-       best fitness: 0.40582
	-       mean fitness: 0.13771
	-      worst fitness: 0.00771
	- standard deviation: 0.07345
Best genome overview:
	- fitness: 0.40582
	- size (hid, conn): (0, 8)
	- genome id: 9138
	- belongs to specie: 4
Genetic distance:
	- Maximum: 2.520
	- Mean: 1.584
	- Minimum: 0.009
	- Standard deviation: 0.709

Population of 128 members in 2 species:
	 SID    age    size    fitness    adj fit    stag 
	=====  =====  ======  =========  =========  ======
	  3     60      67      0.291      0.330      37  
	  4     50      61      0.406      0.323      7   

Generation time: 89.646 sec  (84.794 average)
Population 'diversity_1' saved! Current generation: 78
Sample chosen: [545, 126, 711, 933, 43, 780, 948, 260, 312, 784]

********** Running generation 78 **********

Full population's fitness overview:
	-       best fitness: 0.32373
	-       mean fitness: 0.13213
	-      worst fitness: 0.00114
	- standard deviation: 0.06649
Best genome overview:
	- fitness: 0.32373
	- size (hid, conn): (4, 15)
	- genome id: 9004
	- belongs to specie: 3
Genetic distance:
	- Maximum: 2.549
	- Mean: 1.491
	- Minimum: 0.002
	- Standard deviation: 0.778

Population of 128 members in 2 species:
	 SID    age    size    fitness    adj fit    stag 
	=====  =====  ======  =========  =========  ======
	  3     61      64      0.324      0.386      38  
	  4     51      64      0.280      0.428      8   

Generation time: 91.648 sec  (85.305 average)
Population 'diversity_1' saved! Current generation: 79
Sample chosen: [315, 526, 616, 198, 550, 948, 765, 704, 156, 169]

********** Running generation 79 **********

Full population's fitness overview:
	-       best fitness: 0.34688
	-       mean fitness: 0.13827
	-      worst fitness: 0.01852
	- standard deviation: 0.06611
Best genome overview:
	- fitness: 0.34688
	- size (hid, conn): (1, 9)
	- genome id: 9460
	- belongs to specie: 4
Genetic distance:
	- Maximum: 2.429
	- Mean: 1.530
	- Minimum: 0.121
	- Standard deviation: 0.712

Population of 128 members in 2 species:
	 SID    age    size    fitness    adj fit    stag 
	=====  =====  ======  =========  =========  ======
	  3     62      61      0.315      0.331      39  
	  4     52      67      0.347      0.398      9   

Generation time: 90.573 sec  (86.066 average)
Population 'diversity_1' saved! Current generation: 80
Sample chosen: [301, 284, 81, 471, 559, 139, 881, 224, 892, 35]

********** Running generation 80 **********

Full population's fitness overview:
	-       best fitness: 0.59654
	-       mean fitness: 0.28972
	-      worst fitness: 0.06535
	- standard deviation: 0.12444
Best genome overview:
	- fitness: 0.59654
	- size (hid, conn): (0, 8)
	- genome id: 9510
	- belongs to specie: 4
Genetic distance:
	- Maximum: 2.444
	- Mean: 1.530
	- Minimum: 0.000
	- Standard deviation: 0.702

Population of 128 members in 2 species:
	 SID    age    size    fitness    adj fit    stag 
	=====  =====  ======  =========  =========  ======
	  3     63      60      0.423      0.351      40  
	  4     53      68      0.597      0.487      10  

Generation time: 85.843 sec  (86.621 average)
Population 'diversity_1' saved! Current generation: 81
Sample chosen: [874, 489, 472, 602, 914, 650, 348, 574, 366, 475]

********** Running generation 81 **********

Full population's fitness overview:
	-       best fitness: 0.35306
	-       mean fitness: 0.11707
	-      worst fitness: 0.01041
	- standard deviation: 0.07032
Best genome overview:
	- fitness: 0.35306
	- size (hid, conn): (0, 8)
	- genome id: 9627
	- belongs to specie: 4
Genetic distance:
	- Maximum: 2.444
	- Mean: 1.630
	- Minimum: 0.027
	- Standard deviation: 0.620

Population of 127 members in 2 species:
	 SID    age    size    fitness    adj fit    stag 
	=====  =====  ======  =========  =========  ======
	  3     64      60      0.303      0.275      41  
	  4     54      67      0.353      0.344      11  

Generation time: 86.651 sec  (87.241 average)
Population 'diversity_1' saved! Current generation: 82
Sample chosen: [148, 136, 115, 143, 638, 560, 267, 169, 875, 465]

********** Running generation 82 **********

Full population's fitness overview:
	-       best fitness: 0.40481
	-       mean fitness: 0.12828
	-      worst fitness: 0.01600
	- standard deviation: 0.06982
Best genome overview:
	- fitness: 0.40481
	- size (hid, conn): (0, 7)
	- genome id: 9611
	- belongs to specie: 4
Genetic distance:
	- Maximum: 2.737
	- Mean: 1.613
	- Minimum: 0.117
	- Standard deviation: 0.644

Population of 128 members in 2 species:
	 SID    age    size    fitness    adj fit    stag 
	=====  =====  ======  =========  =========  ======
	  3     65      63      0.269      0.265      42  
	  4     55      65      0.405      0.310      12  

Generation time: 88.668 sec  (87.876 average)
Population 'diversity_1' saved! Current generation: 83
Sample chosen: [483, 359, 555, 438, 277, 739, 766, 549, 431, 184]

********** Running generation 83 **********

Full population's fitness overview:
	-       best fitness: 0.37890
	-       mean fitness: 0.12103
	-      worst fitness: 0.02332
	- standard deviation: 0.06130
Best genome overview:
	- fitness: 0.37890
	- size (hid, conn): (0, 8)
	- genome id: 9871
	- belongs to specie: 4
Genetic distance:
	- Maximum: 3.036
	- Mean: 1.634
	- Minimum: 0.000
	- Standard deviation: 0.667

Population of 127 members in 2 species:
	 SID    age    size    fitness    adj fit    stag 
	=====  =====  ======  =========  =========  ======
	  3     66      65      0.282      0.271      43  
	  4     56      62      0.379      0.278      13  

Generation time: 89.312 sec  (88.126 average)
Population 'diversity_1' saved! Current generation: 84
Sample chosen: [413, 590, 638, 768, 584, 954, 561, 646, 771, 676]

********** Running generation 84 **********

Full population's fitness overview:
	-       best fitness: 0.30803
	-       mean fitness: 0.12855
	-      worst fitness: 0.00573
	- standard deviation: 0.06058
Best genome overview:
	- fitness: 0.30803
	- size (hid, conn): (0, 8)
	- genome id: 9820
	- belongs to specie: 4
Genetic distance:
	- Maximum: 3.334
	- Mean: 1.711
	- Minimum: 0.000
	- Standard deviation: 0.702

Population of 128 members in 2 species:
	 SID    age    size    fitness    adj fit    stag 
	=====  =====  ======  =========  =========  ======
	  3     67      67      0.257      0.397      44  
	  4     57      61      0.308      0.416      14  

Generation time: 85.864 sec  (88.288 average)
Population 'diversity_1' saved! Current generation: 85
Sample chosen: [769, 64, 652, 924, 471, 708, 62, 559, 569, 230]

********** Running generation 85 **********

Full population's fitness overview:
	-       best fitness: 0.27864
	-       mean fitness: 0.10988
	-      worst fitness: 0.00975
	- standard deviation: 0.05959
Best genome overview:
	- fitness: 0.27864
	- size (hid, conn): (4, 18)
	- genome id: 10137
	- belongs to specie: 3
Genetic distance:
	- Maximum: 3.378
	- Mean: 1.657
	- Minimum: 0.013
	- Standard deviation: 0.816

Population of 128 members in 2 species:
	 SID    age    size    fitness    adj fit    stag 
	=====  =====  ======  =========  =========  ======
	  3     68      65      0.279      0.372      45  
	  4     58      63      0.270      0.373      15  

Generation time: 91.878 sec  (88.742 average)
Population 'diversity_1' saved! Current generation: 86
Sample chosen: [31, 754, 826, 985, 162, 467, 888, 304, 705, 351]

********** Running generation 86 **********

Full population's fitness overview:
	-       best fitness: 0.34494
	-       mean fitness: 0.12928
	-      worst fitness: 0.01398
	- standard deviation: 0.06536
Best genome overview:
	- fitness: 0.34494
	- size (hid, conn): (1, 9)
	- genome id: 10252
	- belongs to specie: 4
Genetic distance:
	- Maximum: 3.273
	- Mean: 1.597
	- Minimum: 0.006
	- Standard deviation: 0.852

Population of 128 members in 2 species:
	 SID    age    size    fitness    adj fit    stag 
	=====  =====  ======  =========  =========  ======
	  3     69      66      0.264      0.363      46  
	  4     59      62      0.345      0.334      16  

Generation time: 94.263 sec  (89.435 average)
Population 'diversity_1' saved! Current generation: 87
Sample chosen: [919, 791, 147, 469, 747, 652, 226, 253, 289, 850]

********** Running generation 87 **********

Full population's fitness overview:
	-       best fitness: 0.39995
	-       mean fitness: 0.14430
	-      worst fitness: 0.01843
	- standard deviation: 0.06630
Best genome overview:
	- fitness: 0.39995
	- size (hid, conn): (3, 13)
	- genome id: 10400
	- belongs to specie: 3
Genetic distance:
	- Maximum: 2.926
	- Mean: 1.541
	- Minimum: 0.000
	- Standard deviation: 0.843

Population of 128 members in 2 species:
	 SID    age    size    fitness    adj fit    stag 
	=====  =====  ======  =========  =========  ======
	  3     70      65      0.400      0.326      47  
	  4     60      63      0.331      0.334      17  

Generation time: 86.490 sec  (89.119 average)
Population 'diversity_1' saved! Current generation: 88
Sample chosen: [230, 505, 370, 105, 150, 678, 737, 258, 829, 116]

********** Running generation 88 **********

Full population's fitness overview:
	-       best fitness: 0.26754
	-       mean fitness: 0.11960
	-      worst fitness: 0.01279
	- standard deviation: 0.05816
Best genome overview:
	- fitness: 0.26754
	- size (hid, conn): (4, 17)
	- genome id: 10454
	- belongs to specie: 3
Genetic distance:
	- Maximum: 2.983
	- Mean: 1.680
	- Minimum: 0.051
	- Standard deviation: 0.782

Population of 128 members in 2 species:
	 SID    age    size    fitness    adj fit    stag 
	=====  =====  ======  =========  =========  ======
	  3     71      62      0.268      0.428      48  
	  4     61      66      0.236      0.411      18  

Generation time: 91.412 sec  (89.095 average)
Population 'diversity_1' saved! Current generation: 89
Sample chosen: [124, 762, 477, 206, 132, 189, 130, 843, 292, 36]

********** Running generation 89 **********

Full population's fitness overview:
	-       best fitness: 0.42629
	-       mean fitness: 0.12349
	-      worst fitness: 0.00843
	- standard deviation: 0.07174
Best genome overview:
	- fitness: 0.42629
	- size (hid, conn): (3, 13)
	- genome id: 10567
	- belongs to specie: 3
Genetic distance:
	- Maximum: 2.825
	- Mean: 1.666
	- Minimum: 0.028
	- Standard deviation: 0.775

Population of 128 members in 2 species:
	 SID    age    size    fitness    adj fit    stag 
	=====  =====  ======  =========  =========  ======
	  3     72      58      0.426      0.257      49  
	  4     62      70      0.328      0.293      19  

Generation time: 89.621 sec  (89.000 average)
Population 'diversity_1' saved! Current generation: 90
Sample chosen: [939, 12, 947, 136, 374, 999, 129, 400, 555, 713]

********** Running generation 90 **********

Full population's fitness overview:
	-       best fitness: 0.72017
	-       mean fitness: 0.21366
	-      worst fitness: 0.04204
	- standard deviation: 0.13963
Best genome overview:
	- fitness: 0.72017
	- size (hid, conn): (3, 13)
	- genome id: 10657
	- belongs to specie: 3
Genetic distance:
	- Maximum: 2.723
	- Mean: 1.750
	- Minimum: 0.051
	- Standard deviation: 0.714

Population of 128 members in 2 species:
	 SID    age    size    fitness    adj fit    stag 
	=====  =====  ======  =========  =========  ======
	  3     73      63      0.720      0.297      0   
	  4     63      65      0.455      0.216      20  

Generation time: 91.369 sec  (89.553 average)
Population 'diversity_1' saved! Current generation: 91
Sample chosen: [237, 749, 157, 602, 962, 580, 235, 744, 511, 385]

********** Running generation 91 **********

Full population's fitness overview:
	-       best fitness: 0.35118
	-       mean fitness: 0.11595
	-      worst fitness: 0.02572
	- standard deviation: 0.06092
Best genome overview:
	- fitness: 0.35118
	- size (hid, conn): (1, 10)
	- genome id: 10880
	- belongs to specie: 4
Genetic distance:
	- Maximum: 2.809
	- Mean: 1.739
	- Minimum: 0.011
	- Standard deviation: 0.731

Population of 128 members in 2 species:
	 SID    age    size    fitness    adj fit    stag 
	=====  =====  ======  =========  =========  ======
	  3     74      60      0.261      0.247      1   
	  4     64      68      0.351      0.306      21  

Generation time: 87.718 sec  (89.659 average)
Population 'diversity_1' saved! Current generation: 92
Sample chosen: [679, 325, 904, 75, 751, 388, 673, 208, 151, 647]

********** Running generation 92 **********

Full population's fitness overview:
	-       best fitness: 0.28294
	-       mean fitness: 0.10780
	-      worst fitness: 0.00290
	- standard deviation: 0.06469
Best genome overview:
	- fitness: 0.28294
	- size (hid, conn): (3, 13)
	- genome id: 10998
	- belongs to specie: 3
Genetic distance:
	- Maximum: 3.071
	- Mean: 1.849
	- Minimum: 0.023
	- Standard deviation: 0.674

Population of 128 members in 2 species:
	 SID    age    size    fitness    adj fit    stag 
	=====  =====  ======  =========  =========  ======
	  3     75      64      0.283      0.400      2   
	  4     65      64      0.262      0.352      22  

Generation time: 89.718 sec  (89.764 average)
Population 'diversity_1' saved! Current generation: 93
Sample chosen: [102, 174, 432, 513, 365, 714, 923, 941, 630, 357]

********** Running generation 93 **********

Full population's fitness overview:
	-       best fitness: 0.31996
	-       mean fitness: 0.11390
	-      worst fitness: 0.00896
	- standard deviation: 0.06928
Best genome overview:
	- fitness: 0.31996
	- size (hid, conn): (3, 14)
	- genome id: 11046
	- belongs to specie: 3
Genetic distance:
	- Maximum: 3.235
	- Mean: 1.874
	- Minimum: 0.000
	- Standard deviation: 0.761

Population of 128 members in 2 species:
	 SID    age    size    fitness    adj fit    stag 
	=====  =====  ======  =========  =========  ======
	  3     76      59      0.320      0.330      3   
	  4     66      69      0.315      0.345      23  

Generation time: 90.268 sec  (89.860 average)
Population 'diversity_1' saved! Current generation: 94
Sample chosen: [263, 297, 103, 804, 250, 203, 874, 450, 15, 130]

********** Running generation 94 **********

Full population's fitness overview:
	-       best fitness: 0.31629
	-       mean fitness: 0.12661
	-      worst fitness: 0.03429
	- standard deviation: 0.05990
Best genome overview:
	- fitness: 0.31629
	- size (hid, conn): (1, 9)
	- genome id: 11210
	- belongs to specie: 4
Genetic distance:
	- Maximum: 3.073
	- Mean: 1.838
	- Minimum: 0.112
	- Standard deviation: 0.713

Population of 128 members in 2 species:
	 SID    age    size    fitness    adj fit    stag 
	=====  =====  ======  =========  =========  ======
	  3     77      62      0.281      0.336      4   
	  4     67      66      0.316      0.320      24  

Generation time: 85.038 sec  (89.777 average)
Population 'diversity_1' saved! Current generation: 95
Sample chosen: [836, 140, 966, 311, 295, 618, 589, 105, 723, 13]

********** Running generation 95 **********

Full population's fitness overview:
	-       best fitness: 0.32393
	-       mean fitness: 0.11355
	-      worst fitness: 0.00857
	- standard deviation: 0.06509
Best genome overview:
	- fitness: 0.32393
	- size (hid, conn): (3, 12)
	- genome id: 11061
	- belongs to specie: 3
Genetic distance:
	- Maximum: 3.092
	- Mean: 1.726
	- Minimum: 0.007
	- Standard deviation: 0.804

Population of 128 members in 2 species:
	 SID    age    size    fitness    adj fit    stag 
	=====  =====  ======  =========  =========  ======
	  3     78      64      0.324      0.339      5   
	  4     68      64      0.265      0.327      25  

Generation time: 84.506 sec  (89.040 average)
Population 'diversity_1' saved! Current generation: 96
Sample chosen: [865, 57, 256, 3, 295, 584, 260, 524, 236, 120]

********** Running generation 96 **********

Full population's fitness overview:
	-       best fitness: 0.31800
	-       mean fitness: 0.10955
	-      worst fitness: 0.01959
	- standard deviation: 0.05772
Best genome overview:
	- fitness: 0.31800
	- size (hid, conn): (3, 11)
	- genome id: 11399
	- belongs to specie: 3
Genetic distance:
	- Maximum: 2.727
	- Mean: 1.511
	- Minimum: 0.000
	- Standard deviation: 0.839

Population of 128 members in 2 species:
	 SID    age    size    fitness    adj fit    stag 
	=====  =====  ======  =========  =========  ======
	  3     79      63      0.318      0.316      6   
	  4     69      65      0.277      0.287      26  

Generation time: 86.784 sec  (88.292 average)
Population 'diversity_1' saved! Current generation: 97
Sample chosen: [412, 276, 813, 460, 292, 622, 175, 541, 699, 49]

********** Running generation 97 **********

Full population's fitness overview:
	-       best fitness: 0.43374
	-       mean fitness: 0.11889
	-      worst fitness: 0.01889
	- standard deviation: 0.06835
Best genome overview:
	- fitness: 0.43374
	- size (hid, conn): (0, 8)
	- genome id: 11549
	- belongs to specie: 4
Genetic distance:
	- Maximum: 2.540
	- Mean: 1.516
	- Minimum: 0.000
	- Standard deviation: 0.812

Population of 128 members in 2 species:
	 SID    age    size    fitness    adj fit    stag 
	=====  =====  ======  =========  =========  ======
	  3     80      61      0.252      0.219      7   
	  4     70      67      0.434      0.262      27  

Generation time: 86.003 sec  (88.244 average)
Population 'diversity_1' saved! Current generation: 98
Sample chosen: [8, 271, 828, 435, 222, 130, 253, 944, 312, 255]

********** Running generation 98 **********

Full population's fitness overview:
	-       best fitness: 0.32984
	-       mean fitness: 0.12703
	-      worst fitness: 0.00661
	- standard deviation: 0.06019
Best genome overview:
	- fitness: 0.32984
	- size (hid, conn): (3, 11)
	- genome id: 11692
	- belongs to specie: 3
Genetic distance:
	- Maximum: 2.556
	- Mean: 1.514
	- Minimum: 0.002
	- Standard deviation: 0.853

Population of 128 members in 2 species:
	 SID    age    size    fitness    adj fit    stag 
	=====  =====  ======  =========  =========  ======
	  3     81      66      0.330      0.412      8   
	  4     71      62      0.277      0.337      28  

Generation time: 83.971 sec  (87.499 average)
Population 'diversity_1' saved! Current generation: 99
Sample chosen: [386, 627, 817, 802, 971, 702, 919, 253, 491, 790]

********** Running generation 99 **********

Full population's fitness overview:
	-       best fitness: 0.30892
	-       mean fitness: 0.12263
	-      worst fitness: 0.00963
	- standard deviation: 0.06086
Best genome overview:
	- fitness: 0.30892
	- size (hid, conn): (0, 9)
	- genome id: 11822
	- belongs to specie: 4
Genetic distance:
	- Maximum: 2.538
	- Mean: 1.551
	- Minimum: 0.000
	- Standard deviation: 0.809

Population of 128 members in 2 species:
	 SID    age    size    fitness    adj fit    stag 
	=====  =====  ======  =========  =========  ======
	  3     82      59      0.194      0.304      9   
	  4     72      69      0.309      0.456      29  

Generation time: 86.660 sec  (87.203 average)
Population 'diversity_1' saved! Current generation: 100

===> CREATING BLUEPRINTS <===

Creating blueprints for games: [1, 2, 3, 4, 5]

===> CREATING TRACES <===

Creating traces for games: [1, 2, 3, 4, 5]
