Population 'distance_repr_2' saved! Current generation: 0

===> RUNNING FOR THE FOLLOWING CONFIGURATION: <===
	> fitness: distance
	> gru_enabled: True
	> sexual_reproduction: True
	> Saving under folder: NEAT-GRU
	> Train: True (100 iterations)
	> Create blueprints: True
	> Create traces: True


===> TRAINING <===

Sample chosen: [354, 204, 605, 746, 437, 53, 597, 555, 782, 850, 464, 513, 16, 291, 828, 471]

********** Running generation 0 **********

Full population's fitness overview:
	-       best fitness: 0.29527
	-       mean fitness: 0.09139
	-      worst fitness: 0.05682
	- standard deviation: 0.04349
Best genome overview:
	- fitness: 0.29527
	- size (hid, conn): (0, 8)
	- genome id: 52
	- belongs to specie: 1
Genetic distance:
	- Maximum: 2.795
	- Mean: 1.796
	- Minimum: 0.318
	- Standard deviation: 0.388

Population of 128 members in 2 species:
	 SID    age    size    fitness    adj fit    stag 
	=====  =====  ======  =========  =========  ======
	  1      0      79      0.295      0.145      0   
	  2      0      49       --         --        0   

Generation time: 60.147 sec
Population 'distance_repr_2' saved! Current generation: 1
Sample chosen: [590, 882, 775, 507, 746, 685, 837, 919, 889, 644, 931, 188, 534, 233, 368, 880]

********** Running generation 1 **********

Full population's fitness overview:
	-       best fitness: 0.32339
	-       mean fitness: 0.15500
	-      worst fitness: 0.06627
	- standard deviation: 0.06133
Best genome overview:
	- fitness: 0.32339
	- size (hid, conn): (0, 7)
	- genome id: 206
	- belongs to specie: 1
Genetic distance:
	- Maximum: 2.815
	- Mean: 1.818
	- Minimum: 0.006
	- Standard deviation: 0.484

Population of 128 members in 2 species:
	 SID    age    size    fitness    adj fit    stag 
	=====  =====  ======  =========  =========  ======
	  1      1      85      0.323      0.352      0   
	  2      1      43      0.251      0.334      0   

Generation time: 57.047 sec  (58.597 average)
Population 'distance_repr_2' saved! Current generation: 2
Sample chosen: [404, 910, 792, 129, 730, 586, 477, 539, 790, 316, 610, 782, 946, 557, 171, 974]

********** Running generation 2 **********

Full population's fitness overview:
	-       best fitness: 0.34491
	-       mean fitness: 0.21185
	-      worst fitness: 0.06006
	- standard deviation: 0.08765
Best genome overview:
	- fitness: 0.34491
	- size (hid, conn): (0, 7)
	- genome id: 350
	- belongs to specie: 1
Genetic distance:
	- Maximum: 2.986
	- Mean: 1.779
	- Minimum: 0.241
	- Standard deviation: 0.487

Population of 128 members in 2 species:
	 SID    age    size    fitness    adj fit    stag 
	=====  =====  ======  =========  =========  ======
	  1      2      70      0.345      0.534      0   
	  2      2      58      0.339      0.532      0   

Generation time: 56.283 sec  (57.825 average)
Population 'distance_repr_2' saved! Current generation: 3
Sample chosen: [390, 159, 662, 170, 485, 930, 283, 337, 89, 102, 144, 846, 691, 430, 493, 679]

********** Running generation 3 **********

Full population's fitness overview:
	-       best fitness: 0.37102
	-       mean fitness: 0.25043
	-      worst fitness: 0.06617
	- standard deviation: 0.07945
Best genome overview:
	- fitness: 0.37102
	- size (hid, conn): (0, 9)
	- genome id: 465
	- belongs to specie: 1
Genetic distance:
	- Maximum: 2.574
	- Mean: 1.614
	- Minimum: 0.381
	- Standard deviation: 0.388

Population of 128 members in 2 species:
	 SID    age    size    fitness    adj fit    stag 
	=====  =====  ======  =========  =========  ======
	  1      3      59      0.371      0.558      0   
	  2      3      69      0.342      0.660      0   

Generation time: 58.796 sec  (58.068 average)
Population 'distance_repr_2' saved! Current generation: 4
Sample chosen: [301, 594, 982, 751, 755, 3, 199, 964, 643, 220, 584, 46, 254, 421, 1, 359]

********** Running generation 4 **********

Full population's fitness overview:
	-       best fitness: 0.17188
	-       mean fitness: 0.12079
	-      worst fitness: 0.02934
	- standard deviation: 0.03578
Best genome overview:
	- fitness: 0.17188
	- size (hid, conn): (0, 6)
	- genome id: 618
	- belongs to specie: 1
Genetic distance:
	- Maximum: 2.420
	- Mean: 1.406
	- Minimum: 0.149
	- Standard deviation: 0.452

Population of 128 members in 2 species:
	 SID    age    size    fitness    adj fit    stag 
	=====  =====  ======  =========  =========  ======
	  1      4      50      0.172      0.653      1   
	  2      4      78      0.164      0.632      1   

Generation time: 57.574 sec  (57.969 average)
Population 'distance_repr_2' saved! Current generation: 5
Sample chosen: [864, 853, 392, 502, 791, 466, 132, 4, 147, 380, 94, 979, 111, 370, 794, 789]

********** Running generation 5 **********

Full population's fitness overview:
	-       best fitness: 0.29488
	-       mean fitness: 0.16976
	-      worst fitness: 0.03903
	- standard deviation: 0.05867
Best genome overview:
	- fitness: 0.29488
	- size (hid, conn): (0, 8)
	- genome id: 599
	- belongs to specie: 1
Genetic distance:
	- Maximum: 2.230
	- Mean: 1.245
	- Minimum: 0.267
	- Standard deviation: 0.464

Population of 128 members in 2 species:
	 SID    age    size    fitness    adj fit    stag 
	=====  =====  ======  =========  =========  ======
	  1      5      56      0.295      0.489      2   
	  2      5      72      0.248      0.525      2   

Generation time: 62.342 sec  (58.698 average)
Population 'distance_repr_2' saved! Current generation: 6
Sample chosen: [984, 91, 496, 235, 61, 300, 238, 783, 438, 445, 810, 905, 790, 741, 195, 187]

********** Running generation 6 **********

Full population's fitness overview:
	-       best fitness: 0.25825
	-       mean fitness: 0.16133
	-      worst fitness: 0.02940
	- standard deviation: 0.04871
Best genome overview:
	- fitness: 0.25825
	- size (hid, conn): (0, 7)
	- genome id: 836
	- belongs to specie: 1
Genetic distance:
	- Maximum: 2.330
	- Mean: 1.348
	- Minimum: 0.410
	- Standard deviation: 0.430

Population of 128 members in 2 species:
	 SID    age    size    fitness    adj fit    stag 
	=====  =====  ======  =========  =========  ======
	  1      6      67      0.258      0.607      3   
	  2      6      61      0.246      0.553      3   

Generation time: 59.950 sec  (58.877 average)
Population 'distance_repr_2' saved! Current generation: 7
Sample chosen: [475, 824, 533, 225, 648, 259, 784, 416, 742, 669, 245, 467, 319, 922, 707, 396]

********** Running generation 7 **********

Full population's fitness overview:
	-       best fitness: 0.27965
	-       mean fitness: 0.14315
	-      worst fitness: 0.04121
	- standard deviation: 0.04492
Best genome overview:
	- fitness: 0.27965
	- size (hid, conn): (0, 8)
	- genome id: 970
	- belongs to specie: 1
Genetic distance:
	- Maximum: 2.268
	- Mean: 1.369
	- Minimum: 0.001
	- Standard deviation: 0.409

Population of 128 members in 2 species:
	 SID    age    size    fitness    adj fit    stag 
	=====  =====  ======  =========  =========  ======
	  1      7      62      0.280      0.441      4   
	  2      7      66      0.226      0.413      4   

Generation time: 56.024 sec  (58.520 average)
Population 'distance_repr_2' saved! Current generation: 8
Sample chosen: [344, 268, 322, 674, 745, 239, 693, 409, 89, 1000, 834, 541, 50, 332, 706, 159]

********** Running generation 8 **********

Full population's fitness overview:
	-       best fitness: 0.32999
	-       mean fitness: 0.19291
	-      worst fitness: 0.06338
	- standard deviation: 0.04471
Best genome overview:
	- fitness: 0.32999
	- size (hid, conn): (0, 9)
	- genome id: 1078
	- belongs to specie: 1
Genetic distance:
	- Maximum: 2.457
	- Mean: 1.390
	- Minimum: 0.220
	- Standard deviation: 0.480

Population of 128 members in 2 species:
	 SID    age    size    fitness    adj fit    stag 
	=====  =====  ======  =========  =========  ======
	  1      8      63      0.330      0.513      5   
	  2      8      65      0.299      0.460      5   

Generation time: 79.436 sec  (60.844 average)
Population 'distance_repr_2' saved! Current generation: 9
Sample chosen: [960, 553, 675, 531, 982, 110, 510, 95, 586, 685, 864, 720, 351, 775, 79, 117]

********** Running generation 9 **********

Full population's fitness overview:
	-       best fitness: 0.29623
	-       mean fitness: 0.18269
	-      worst fitness: 0.05454
	- standard deviation: 0.05515
Best genome overview:
	- fitness: 0.29623
	- size (hid, conn): (0, 7)
	- genome id: 1241
	- belongs to specie: 1
Genetic distance:
	- Maximum: 2.525
	- Mean: 1.401
	- Minimum: 0.000
	- Standard deviation: 0.573

Population of 128 members in 2 species:
	 SID    age    size    fitness    adj fit    stag 
	=====  =====  ======  =========  =========  ======
	  1      9      68      0.296      0.544      6   
	  2      9      60      0.267      0.516      6   

Generation time: 59.711 sec  (60.731 average)
Population 'distance_repr_2' saved! Current generation: 10
Sample chosen: [1, 813, 911, 978, 564, 497, 238, 791, 507, 380, 339, 157, 934, 215, 716, 22]

********** Running generation 10 **********

Full population's fitness overview:
	-       best fitness: 0.20778
	-       mean fitness: 0.14103
	-      worst fitness: 0.04135
	- standard deviation: 0.03222
Best genome overview:
	- fitness: 0.20778
	- size (hid, conn): (1, 10)
	- genome id: 1325
	- belongs to specie: 1
Genetic distance:
	- Maximum: 2.573
	- Mean: 1.424
	- Minimum: 0.185
	- Standard deviation: 0.550

Population of 128 members in 2 species:
	 SID    age    size    fitness    adj fit    stag 
	=====  =====  ======  =========  =========  ======
	  1     10      69      0.208      0.615      7   
	  2     10      59      0.173      0.580      7   

Generation time: 64.069 sec  (61.123 average)
Population 'distance_repr_2' saved! Current generation: 11
Sample chosen: [318, 520, 685, 276, 88, 927, 317, 863, 472, 341, 367, 378, 719, 910, 804, 111]

********** Running generation 11 **********

Full population's fitness overview:
	-       best fitness: 0.30011
	-       mean fitness: 0.20469
	-      worst fitness: 0.05239
	- standard deviation: 0.06790
Best genome overview:
	- fitness: 0.30011
	- size (hid, conn): (0, 6)
	- genome id: 1469
	- belongs to specie: 1
Genetic distance:
	- Maximum: 2.417
	- Mean: 1.428
	- Minimum: 0.240
	- Standard deviation: 0.422

Population of 128 members in 2 species:
	 SID    age    size    fitness    adj fit    stag 
	=====  =====  ======  =========  =========  ======
	  1     11      77      0.300      0.648      8   
	  2     11      51      0.276      0.577      8   

Generation time: 63.439 sec  (61.763 average)
Population 'distance_repr_2' saved! Current generation: 12
Sample chosen: [380, 522, 274, 173, 965, 860, 23, 252, 479, 586, 420, 925, 734, 528, 351, 584]

********** Running generation 12 **********

Full population's fitness overview:
	-       best fitness: 0.27534
	-       mean fitness: 0.19110
	-      worst fitness: 0.05449
	- standard deviation: 0.04634
Best genome overview:
	- fitness: 0.27534
	- size (hid, conn): (0, 6)
	- genome id: 1469
	- belongs to specie: 1
Genetic distance:
	- Maximum: 2.414
	- Mean: 1.325
	- Minimum: 0.166
	- Standard deviation: 0.457

Population of 128 members in 2 species:
	 SID    age    size    fitness    adj fit    stag 
	=====  =====  ======  =========  =========  ======
	  1     12      72      0.275      0.623      9   
	  2     12      56      0.248      0.612      9   

Generation time: 62.404 sec  (62.375 average)
Population 'distance_repr_2' saved! Current generation: 13
Sample chosen: [24, 56, 301, 68, 725, 478, 714, 688, 594, 372, 364, 807, 185, 769, 295, 53]

********** Running generation 13 **********

Full population's fitness overview:
	-       best fitness: 0.22299
	-       mean fitness: 0.13208
	-      worst fitness: 0.03662
	- standard deviation: 0.03980
Best genome overview:
	- fitness: 0.22299
	- size (hid, conn): (0, 6)
	- genome id: 1469
	- belongs to specie: 1
Genetic distance:
	- Maximum: 2.261
	- Mean: 1.335
	- Minimum: 0.089
	- Standard deviation: 0.364

Population of 128 members in 2 species:
	 SID    age    size    fitness    adj fit    stag 
	=====  =====  ======  =========  =========  ======
	  1     13      90      0.223      0.517      10  
	  2     13      38      0.187      0.505      10  

Generation time: 64.101 sec  (62.905 average)
Population 'distance_repr_2' saved! Current generation: 14
Sample chosen: [785, 105, 205, 543, 329, 376, 366, 589, 623, 103, 801, 744, 503, 746, 718, 130]

********** Running generation 14 **********

Full population's fitness overview:
	-       best fitness: 0.24740
	-       mean fitness: 0.12310
	-      worst fitness: 0.02052
	- standard deviation: 0.05175
Best genome overview:
	- fitness: 0.24740
	- size (hid, conn): (0, 6)
	- genome id: 1469
	- belongs to specie: 1
Genetic distance:
	- Maximum: 2.275
	- Mean: 1.443
	- Minimum: 0.008
	- Standard deviation: 0.331

Population of 128 members in 2 species:
	 SID    age    size    fitness    adj fit    stag 
	=====  =====  ======  =========  =========  ======
	  1     14      69      0.247      0.436      11  
	  2     14      59      0.212      0.491      11  

Generation time: 64.488 sec  (63.597 average)
Population 'distance_repr_2' saved! Current generation: 15
Sample chosen: [382, 557, 676, 571, 69, 305, 899, 61, 992, 662, 691, 197, 329, 450, 180, 661]

********** Running generation 15 **********

Full population's fitness overview:
	-       best fitness: 0.45316
	-       mean fitness: 0.31261
	-      worst fitness: 0.08512
	- standard deviation: 0.08721
Best genome overview:
	- fitness: 0.45316
	- size (hid, conn): (0, 7)
	- genome id: 1940
	- belongs to specie: 1
Genetic distance:
	- Maximum: 2.188
	- Mean: 1.460
	- Minimum: 0.161
	- Standard deviation: 0.318

Population of 128 members in 2 species:
	 SID    age    size    fitness    adj fit    stag 
	=====  =====  ======  =========  =========  ======
	  1     15      78      0.453      0.647      0   
	  2     15      50      0.449      0.584      0   

Generation time: 62.580 sec  (63.620 average)
Population 'distance_repr_2' saved! Current generation: 16
Sample chosen: [124, 486, 670, 440, 154, 364, 721, 913, 324, 874, 478, 915, 669, 879, 560, 555]

********** Running generation 16 **********

Full population's fitness overview:
	-       best fitness: 0.25799
	-       mean fitness: 0.16205
	-      worst fitness: 0.02952
	- standard deviation: 0.04549
Best genome overview:
	- fitness: 0.25799
	- size (hid, conn): (1, 7)
	- genome id: 2097
	- belongs to specie: 1
Genetic distance:
	- Maximum: 2.323
	- Mean: 1.282
	- Minimum: 0.242
	- Standard deviation: 0.356

Population of 128 members in 2 species:
	 SID    age    size    fitness    adj fit    stag 
	=====  =====  ======  =========  =========  ======
	  1     16      27      0.258      0.583      1   
	  2     16     101      0.205      0.575      1   

Generation time: 63.514 sec  (63.977 average)
Population 'distance_repr_2' saved! Current generation: 17
Sample chosen: [147, 537, 398, 331, 786, 961, 664, 930, 574, 495, 819, 303, 414, 343, 800, 349]

********** Running generation 17 **********

Full population's fitness overview:
	-       best fitness: 0.27702
	-       mean fitness: 0.16137
	-      worst fitness: 0.03511
	- standard deviation: 0.05001
Best genome overview:
	- fitness: 0.27702
	- size (hid, conn): (0, 5)
	- genome id: 2227
	- belongs to specie: 1
Genetic distance:
	- Maximum: 2.221
	- Mean: 1.135
	- Minimum: 0.112
	- Standard deviation: 0.371

Population of 128 members in 2 species:
	 SID    age    size    fitness    adj fit    stag 
	=====  =====  ======  =========  =========  ======
	  1     17      39      0.277      0.556      2   
	  2     17      89      0.223      0.513      2   

Generation time: 63.988 sec  (64.773 average)
Population 'distance_repr_2' saved! Current generation: 18
Sample chosen: [661, 623, 276, 845, 1, 860, 190, 18, 618, 879, 402, 607, 401, 207, 707, 670]

********** Running generation 18 **********

Full population's fitness overview:
	-       best fitness: 0.35114
	-       mean fitness: 0.21031
	-      worst fitness: 0.04179
	- standard deviation: 0.07798
Best genome overview:
	- fitness: 0.35114
	- size (hid, conn): (0, 5)
	- genome id: 2227
	- belongs to specie: 1

Species 1 with 39 members is stagnated: removing it
Genetic distance:
	- Maximum: 1.439
	- Mean: 0.825
	- Minimum: 0.224
	- Standard deviation: 0.284

Population of 128 members in 1 species:
	 SID    age    size    fitness    adj fit    stag 
	=====  =====  ======  =========  =========  ======
	  2     18     128      0.302      0.671      3   

Generation time: 66.885 sec  (63.518 average)
Population 'distance_repr_2' saved! Current generation: 19
Sample chosen: [376, 689, 400, 122, 419, 729, 556, 215, 127, 818, 275, 864, 504, 304, 694, 970]

********** Running generation 19 **********

Full population's fitness overview:
	-       best fitness: 0.34586
	-       mean fitness: 0.15546
	-      worst fitness: 0.04411
	- standard deviation: 0.05322
Best genome overview:
	- fitness: 0.34586
	- size (hid, conn): (0, 5)
	- genome id: 2390
	- belongs to specie: 2
Genetic distance:
	- Maximum: 1.579
	- Mean: 0.914
	- Minimum: 0.180
	- Standard deviation: 0.278

Population of 128 members in 1 species:
	 SID    age    size    fitness    adj fit    stag 
	=====  =====  ======  =========  =========  ======
	  2     19     128      0.346      0.369      4   

Generation time: 66.904 sec  (64.237 average)
Population 'distance_repr_2' saved! Current generation: 20
Sample chosen: [443, 574, 116, 167, 518, 968, 873, 894, 339, 288, 872, 756, 134, 552, 347, 122]

********** Running generation 20 **********

Full population's fitness overview:
	-       best fitness: 0.27679
	-       mean fitness: 0.17207
	-      worst fitness: 0.04352
	- standard deviation: 0.05592
Best genome overview:
	- fitness: 0.27679
	- size (hid, conn): (0, 5)
	- genome id: 2506
	- belongs to specie: 2
Genetic distance:
	- Maximum: 1.569
	- Mean: 0.944
	- Minimum: 0.103
	- Standard deviation: 0.275

Population of 128 members in 1 species:
	 SID    age    size    fitness    adj fit    stag 
	=====  =====  ======  =========  =========  ======
	  2     20     128      0.277      0.551      5   

Generation time: 64.959 sec  (64.326 average)
Population 'distance_repr_2' saved! Current generation: 21
Sample chosen: [323, 276, 393, 334, 160, 811, 83, 813, 853, 141, 249, 111, 324, 332, 61, 13]

********** Running generation 21 **********

Full population's fitness overview:
	-       best fitness: 0.40210
	-       mean fitness: 0.16803
	-      worst fitness: 0.02378
	- standard deviation: 0.06712
Best genome overview:
	- fitness: 0.40210
	- size (hid, conn): (0, 5)
	- genome id: 2705
	- belongs to specie: 2
Genetic distance:
	- Maximum: 1.740
	- Mean: 0.951
	- Minimum: 0.130
	- Standard deviation: 0.301

Population of 128 members in 1 species:
	 SID    age    size    fitness    adj fit    stag 
	=====  =====  ======  =========  =========  ======
	  2     21     128      0.402      0.381      6   

Generation time: 65.251 sec  (64.508 average)
Population 'distance_repr_2' saved! Current generation: 22
Sample chosen: [730, 641, 517, 91, 683, 331, 247, 89, 428, 424, 708, 949, 405, 365, 207, 498]

********** Running generation 22 **********

Full population's fitness overview:
	-       best fitness: 0.41986
	-       mean fitness: 0.18913
	-      worst fitness: 0.04901
	- standard deviation: 0.07262
Best genome overview:
	- fitness: 0.41986
	- size (hid, conn): (0, 5)
	- genome id: 2792
	- belongs to specie: 2
Genetic distance:
	- Maximum: 1.524
	- Mean: 0.935
	- Minimum: 0.127
	- Standard deviation: 0.267

Population of 128 members in 1 species:
	 SID    age    size    fitness    adj fit    stag 
	=====  =====  ======  =========  =========  ======
	  2     22     128      0.420      0.378      7   

Generation time: 64.983 sec  (64.765 average)
Population 'distance_repr_2' saved! Current generation: 23
Sample chosen: [870, 408, 722, 65, 963, 941, 878, 159, 589, 799, 886, 220, 647, 297, 440, 292]

********** Running generation 23 **********

Full population's fitness overview:
	-       best fitness: 0.49655
	-       mean fitness: 0.21682
	-      worst fitness: 0.04688
	- standard deviation: 0.10225
Best genome overview:
	- fitness: 0.49655
	- size (hid, conn): (0, 5)
	- genome id: 2705
	- belongs to specie: 2
Genetic distance:
	- Maximum: 1.573
	- Mean: 1.002
	- Minimum: 0.314
	- Standard deviation: 0.226

Population of 128 members in 1 species:
	 SID    age    size    fitness    adj fit    stag 
	=====  =====  ======  =========  =========  ======
	  2     23     128      0.497      0.378      0   

Generation time: 65.588 sec  (64.914 average)
Population 'distance_repr_2' saved! Current generation: 24
Sample chosen: [803, 31, 843, 544, 659, 892, 516, 788, 457, 918, 378, 145, 814, 816, 47, 46]

********** Running generation 24 **********

Full population's fitness overview:
	-       best fitness: 0.33354
	-       mean fitness: 0.18933
	-      worst fitness: 0.04084
	- standard deviation: 0.07035
Best genome overview:
	- fitness: 0.33354
	- size (hid, conn): (0, 5)
	- genome id: 3087
	- belongs to specie: 2
Genetic distance:
	- Maximum: 1.471
	- Mean: 0.817
	- Minimum: 0.257
	- Standard deviation: 0.262

Population of 128 members in 1 species:
	 SID    age    size    fitness    adj fit    stag 
	=====  =====  ======  =========  =========  ======
	  2     24     128      0.334      0.507      1   

Generation time: 64.614 sec  (64.927 average)
Population 'distance_repr_2' saved! Current generation: 25
Sample chosen: [327, 613, 892, 141, 91, 991, 113, 427, 334, 11, 181, 270, 516, 967, 608, 698]

********** Running generation 25 **********

Full population's fitness overview:
	-       best fitness: 0.41911
	-       mean fitness: 0.22541
	-      worst fitness: 0.04703
	- standard deviation: 0.10046
Best genome overview:
	- fitness: 0.41911
	- size (hid, conn): (0, 4)
	- genome id: 3146
	- belongs to specie: 2
Genetic distance:
	- Maximum: 1.405
	- Mean: 0.645
	- Minimum: 0.251
	- Standard deviation: 0.212

Population of 128 members in 1 species:
	 SID    age    size    fitness    adj fit    stag 
	=====  =====  ======  =========  =========  ======
	  2     25     128      0.419      0.479      2   

Generation time: 65.102 sec  (65.179 average)
Population 'distance_repr_2' saved! Current generation: 26
Sample chosen: [729, 804, 309, 277, 268, 22, 962, 547, 179, 301, 738, 765, 896, 326, 231, 791]

********** Running generation 26 **********

Full population's fitness overview:
	-       best fitness: 0.45179
	-       mean fitness: 0.26479
	-      worst fitness: 0.06765
	- standard deviation: 0.10142
Best genome overview:
	- fitness: 0.45179
	- size (hid, conn): (0, 5)
	- genome id: 3250
	- belongs to specie: 2
Genetic distance:
	- Maximum: 1.372
	- Mean: 0.566
	- Minimum: 0.128
	- Standard deviation: 0.232

Population of 128 members in 1 species:
	 SID    age    size    fitness    adj fit    stag 
	=====  =====  ======  =========  =========  ======
	  2     26     128      0.452      0.513      3   

Generation time: 66.185 sec  (65.446 average)
Population 'distance_repr_2' saved! Current generation: 27
Sample chosen: [696, 860, 701, 175, 231, 642, 547, 783, 700, 251, 422, 197, 760, 955, 154, 284]

********** Running generation 27 **********

Full population's fitness overview:
	-       best fitness: 0.41286
	-       mean fitness: 0.24498
	-      worst fitness: 0.05363
	- standard deviation: 0.09197
Best genome overview:
	- fitness: 0.41286
	- size (hid, conn): (0, 4)
	- genome id: 3434
	- belongs to specie: 2
Genetic distance:
	- Maximum: 1.108
	- Mean: 0.483
	- Minimum: 0.092
	- Standard deviation: 0.254

Population of 128 members in 1 species:
	 SID    age    size    fitness    adj fit    stag 
	=====  =====  ======  =========  =========  ======
	  2     27     128      0.413      0.533      4   

Generation time: 66.644 sec  (65.712 average)
Population 'distance_repr_2' saved! Current generation: 28
Sample chosen: [40, 580, 768, 25, 152, 704, 161, 138, 546, 865, 164, 582, 891, 227, 43, 219]

********** Running generation 28 **********

Full population's fitness overview:
	-       best fitness: 0.35744
	-       mean fitness: 0.20230
	-      worst fitness: 0.04840
	- standard deviation: 0.06128
Best genome overview:
	- fitness: 0.35744
	- size (hid, conn): (1, 6)
	- genome id: 3551
	- belongs to specie: 2
Genetic distance:
	- Maximum: 1.343
	- Mean: 0.570
	- Minimum: 0.064
	- Standard deviation: 0.308

Population of 128 members in 1 species:
	 SID    age    size    fitness    adj fit    stag 
	=====  =====  ======  =========  =========  ======
	  2     28     128      0.357      0.498      5   

Generation time: 67.062 sec  (65.729 average)
Population 'distance_repr_2' saved! Current generation: 29
Sample chosen: [453, 24, 459, 143, 334, 489, 361, 424, 603, 761, 979, 48, 164, 123, 54, 815]

********** Running generation 29 **********

Full population's fitness overview:
	-       best fitness: 0.42938
	-       mean fitness: 0.21539
	-      worst fitness: 0.03455
	- standard deviation: 0.09099
Best genome overview:
	- fitness: 0.42938
	- size (hid, conn): (0, 5)
	- genome id: 3637
	- belongs to specie: 2
Genetic distance:
	- Maximum: 1.248
	- Mean: 0.505
	- Minimum: 0.129
	- Standard deviation: 0.278

Population of 128 members in 1 species:
	 SID    age    size    fitness    adj fit    stag 
	=====  =====  ======  =========  =========  ======
	  2     29     128      0.429      0.458      6   

Generation time: 67.270 sec  (65.766 average)
Population 'distance_repr_2' saved! Current generation: 30
Sample chosen: [319, 548, 192, 504, 154, 695, 983, 812, 510, 298, 518, 731, 644, 109, 15, 778]

********** Running generation 30 **********

Full population's fitness overview:
	-       best fitness: 0.47860
	-       mean fitness: 0.23934
	-      worst fitness: 0.05334
	- standard deviation: 0.11800
Best genome overview:
	- fitness: 0.47860
	- size (hid, conn): (0, 5)
	- genome id: 3637
	- belongs to specie: 2
Genetic distance:
	- Maximum: 1.427
	- Mean: 0.481
	- Minimum: 0.065
	- Standard deviation: 0.257

Population of 128 members in 1 species:
	 SID    age    size    fitness    adj fit    stag 
	=====  =====  ======  =========  =========  ======
	  2     30     128      0.479      0.437      7   

Generation time: 68.324 sec  (66.102 average)
Population 'distance_repr_2' saved! Current generation: 31
Sample chosen: [299, 192, 810, 573, 712, 288, 804, 337, 121, 239, 855, 738, 690, 135, 457, 249]

********** Running generation 31 **********

Full population's fitness overview:
	-       best fitness: 0.50198
	-       mean fitness: 0.26132
	-      worst fitness: 0.06292
	- standard deviation: 0.10403
Best genome overview:
	- fitness: 0.50198
	- size (hid, conn): (0, 5)
	- genome id: 3964
	- belongs to specie: 2
Genetic distance:
	- Maximum: 1.141
	- Mean: 0.464
	- Minimum: 0.003
	- Standard deviation: 0.226

Population of 128 members in 1 species:
	 SID    age    size    fitness    adj fit    stag 
	=====  =====  ======  =========  =========  ======
	  2     31     128      0.502      0.452      0   

Generation time: 67.038 sec  (66.281 average)
Population 'distance_repr_2' saved! Current generation: 32
Sample chosen: [326, 351, 300, 201, 555, 127, 745, 7, 406, 705, 659, 826, 368, 349, 340, 928]

********** Running generation 32 **********

Full population's fitness overview:
	-       best fitness: 0.60750
	-       mean fitness: 0.31128
	-      worst fitness: 0.04867
	- standard deviation: 0.15737
Best genome overview:
	- fitness: 0.60750
	- size (hid, conn): (0, 5)
	- genome id: 4053
	- belongs to specie: 2
Genetic distance:
	- Maximum: 0.961
	- Mean: 0.408
	- Minimum: 0.115
	- Standard deviation: 0.196

Population of 128 members in 1 species:
	 SID    age    size    fitness    adj fit    stag 
	=====  =====  ======  =========  =========  ======
	  2     32     128      0.608      0.470      0   

Generation time: 69.105 sec  (66.693 average)
Population 'distance_repr_2' saved! Current generation: 33
Sample chosen: [697, 711, 62, 783, 589, 25, 901, 916, 274, 301, 647, 326, 974, 414, 771, 147]

********** Running generation 33 **********

Full population's fitness overview:
	-       best fitness: 0.57600
	-       mean fitness: 0.33691
	-      worst fitness: 0.04284
	- standard deviation: 0.14216
Best genome overview:
	- fitness: 0.57600
	- size (hid, conn): (0, 4)
	- genome id: 4137
	- belongs to specie: 2
Genetic distance:
	- Maximum: 1.047
	- Mean: 0.404
	- Minimum: 0.075
	- Standard deviation: 0.236

Population of 128 members in 1 species:
	 SID    age    size    fitness    adj fit    stag 
	=====  =====  ======  =========  =========  ======
	  2     33     128      0.576      0.552      1   

Generation time: 65.777 sec  (66.712 average)
Population 'distance_repr_2' saved! Current generation: 34
Sample chosen: [546, 943, 980, 3, 995, 166, 739, 926, 901, 243, 196, 964, 207, 505, 47, 236]

********** Running generation 34 **********

Full population's fitness overview:
	-       best fitness: 0.39941
	-       mean fitness: 0.20955
	-      worst fitness: 0.04770
	- standard deviation: 0.08523
Best genome overview:
	- fitness: 0.39941
	- size (hid, conn): (0, 5)
	- genome id: 4197
	- belongs to specie: 2
Genetic distance:
	- Maximum: 1.148
	- Mean: 0.432
	- Minimum: 0.084
	- Standard deviation: 0.228

Population of 128 members in 1 species:
	 SID    age    size    fitness    adj fit    stag 
	=====  =====  ======  =========  =========  ======
	  2     34     128      0.399      0.460      2   

Generation time: 65.710 sec  (66.822 average)
Population 'distance_repr_2' saved! Current generation: 35
Sample chosen: [798, 470, 846, 545, 930, 239, 254, 883, 322, 705, 724, 700, 828, 269, 328, 528]

********** Running generation 35 **********

Full population's fitness overview:
	-       best fitness: 0.42459
	-       mean fitness: 0.22865
	-      worst fitness: 0.03741
	- standard deviation: 0.10235
Best genome overview:
	- fitness: 0.42459
	- size (hid, conn): (0, 5)
	- genome id: 4428
	- belongs to specie: 2
Genetic distance:
	- Maximum: 1.234
	- Mean: 0.448
	- Minimum: 0.082
	- Standard deviation: 0.234

Population of 128 members in 1 species:
	 SID    age    size    fitness    adj fit    stag 
	=====  =====  ======  =========  =========  ======
	  2     35     128      0.425      0.494      3   

Generation time: 65.164 sec  (66.828 average)
Population 'distance_repr_2' saved! Current generation: 36
Sample chosen: [414, 148, 927, 815, 464, 212, 55, 382, 784, 536, 232, 361, 857, 583, 898, 345]

********** Running generation 36 **********

Full population's fitness overview:
	-       best fitness: 0.43154
	-       mean fitness: 0.23731
	-      worst fitness: 0.03520
	- standard deviation: 0.11355
Best genome overview:
	- fitness: 0.43154
	- size (hid, conn): (0, 4)
	- genome id: 4615
	- belongs to specie: 2
Genetic distance:
	- Maximum: 1.149
	- Mean: 0.515
	- Minimum: 0.164
	- Standard deviation: 0.227

Population of 128 members in 1 species:
	 SID    age    size    fitness    adj fit    stag 
	=====  =====  ======  =========  =========  ======
	  2     36     128      0.432      0.510      4   

Generation time: 67.073 sec  (66.917 average)
Population 'distance_repr_2' saved! Current generation: 37
Sample chosen: [815, 763, 477, 316, 293, 502, 537, 739, 402, 481, 720, 657, 356, 801, 26, 561]

********** Running generation 37 **********

Full population's fitness overview:
	-       best fitness: 0.44777
	-       mean fitness: 0.24491
	-      worst fitness: 0.04797
	- standard deviation: 0.11086
Best genome overview:
	- fitness: 0.44777
	- size (hid, conn): (0, 5)
	- genome id: 4651
	- belongs to specie: 2
Genetic distance:
	- Maximum: 1.280
	- Mean: 0.623
	- Minimum: 0.127
	- Standard deviation: 0.274

Population of 128 members in 1 species:
	 SID    age    size    fitness    adj fit    stag 
	=====  =====  ======  =========  =========  ======
	  2     37     128      0.448      0.493      5   

Generation time: 69.836 sec  (67.236 average)
Population 'distance_repr_2' saved! Current generation: 38
Sample chosen: [636, 772, 285, 635, 771, 951, 753, 386, 310, 556, 430, 255, 416, 211, 413, 214]

********** Running generation 38 **********

Full population's fitness overview:
	-       best fitness: 0.55833
	-       mean fitness: 0.25938
	-      worst fitness: 0.04960
	- standard deviation: 0.14645
Best genome overview:
	- fitness: 0.55833
	- size (hid, conn): (0, 6)
	- genome id: 4778
	- belongs to specie: 2
Genetic distance:
	- Maximum: 1.512
	- Mean: 0.646
	- Minimum: 0.207
	- Standard deviation: 0.288

Population of 128 members in 1 species:
	 SID    age    size    fitness    adj fit    stag 
	=====  =====  ======  =========  =========  ======
	  2     38     128      0.558      0.412      6   

Generation time: 64.615 sec  (66.991 average)
Population 'distance_repr_2' saved! Current generation: 39
Sample chosen: [263, 941, 249, 112, 462, 623, 28, 881, 498, 541, 111, 617, 772, 685, 507, 51]

********** Running generation 39 **********

Full population's fitness overview:
	-       best fitness: 0.48311
	-       mean fitness: 0.28158
	-      worst fitness: 0.04066
	- standard deviation: 0.12079
Best genome overview:
	- fitness: 0.48311
	- size (hid, conn): (0, 4)
	- genome id: 4912
	- belongs to specie: 2
Genetic distance:
	- Maximum: 1.390
	- Mean: 0.648
	- Minimum: 0.063
	- Standard deviation: 0.313

Population of 128 members in 1 species:
	 SID    age    size    fitness    adj fit    stag 
	=====  =====  ======  =========  =========  ======
	  2     39     128      0.483      0.545      7   

Generation time: 65.957 sec  (66.860 average)
Population 'distance_repr_2' saved! Current generation: 40
Sample chosen: [92, 637, 884, 478, 45, 853, 366, 802, 466, 536, 104, 537, 991, 210, 491, 519]

********** Running generation 40 **********

Full population's fitness overview:
	-       best fitness: 0.53106
	-       mean fitness: 0.29183
	-      worst fitness: 0.04447
	- standard deviation: 0.14149
Best genome overview:
	- fitness: 0.53106
	- size (hid, conn): (0, 5)
	- genome id: 5016
	- belongs to specie: 2
Genetic distance:
	- Maximum: 1.458
	- Mean: 0.558
	- Minimum: 0.074
	- Standard deviation: 0.298

Population of 128 members in 1 species:
	 SID    age    size    fitness    adj fit    stag 
	=====  =====  ======  =========  =========  ======
	  2     40     128      0.531      0.508      8   

Generation time: 65.401 sec  (66.568 average)
Population 'distance_repr_2' saved! Current generation: 41
Sample chosen: [351, 396, 49, 609, 281, 622, 92, 511, 688, 884, 1, 633, 702, 274, 963, 47]

********** Running generation 41 **********

Full population's fitness overview:
	-       best fitness: 0.57337
	-       mean fitness: 0.32124
	-      worst fitness: 0.05645
	- standard deviation: 0.13548
Best genome overview:
	- fitness: 0.57337
	- size (hid, conn): (0, 5)
	- genome id: 5151
	- belongs to specie: 2
Genetic distance:
	- Maximum: 1.590
	- Mean: 0.557
	- Minimum: 0.119
	- Standard deviation: 0.292

Population of 128 members in 1 species:
	 SID    age    size    fitness    adj fit    stag 
	=====  =====  ======  =========  =========  ======
	  2     41     128      0.573      0.512      9   

Generation time: 64.437 sec  (66.307 average)
Population 'distance_repr_2' saved! Current generation: 42
Sample chosen: [224, 895, 606, 279, 147, 233, 239, 665, 978, 711, 153, 714, 499, 735, 248, 204]

********** Running generation 42 **********

Full population's fitness overview:
	-       best fitness: 0.58753
	-       mean fitness: 0.26891
	-      worst fitness: 0.03412
	- standard deviation: 0.14479
Best genome overview:
	- fitness: 0.58753
	- size (hid, conn): (0, 5)
	- genome id: 5294
	- belongs to specie: 2
Genetic distance:
	- Maximum: 1.224
	- Mean: 0.513
	- Minimum: 0.113
	- Standard deviation: 0.281

Population of 128 members in 1 species:
	 SID    age    size    fitness    adj fit    stag 
	=====  =====  ======  =========  =========  ======
	  2     42     128      0.588      0.424      10  

Generation time: 65.969 sec  (65.994 average)
Population 'distance_repr_2' saved! Current generation: 43
Sample chosen: [324, 52, 649, 326, 780, 76, 701, 891, 695, 789, 965, 828, 423, 811, 187, 66]

********** Running generation 43 **********

Full population's fitness overview:
	-       best fitness: 0.48569
	-       mean fitness: 0.26458
	-      worst fitness: 0.03460
	- standard deviation: 0.10983
Best genome overview:
	- fitness: 0.48569
	- size (hid, conn): (0, 4)
	- genome id: 5507
	- belongs to specie: 2
Genetic distance:
	- Maximum: 1.132
	- Mean: 0.485
	- Minimum: 0.139
	- Standard deviation: 0.247

Population of 128 members in 1 species:
	 SID    age    size    fitness    adj fit    stag 
	=====  =====  ======  =========  =========  ======
	  2     43     128      0.486      0.510      11  

Generation time: 65.614 sec  (65.978 average)
Population 'distance_repr_2' saved! Current generation: 44
Sample chosen: [677, 231, 148, 746, 349, 415, 151, 240, 469, 48, 376, 703, 715, 406, 298, 982]

********** Running generation 44 **********

Full population's fitness overview:
	-       best fitness: 0.56691
	-       mean fitness: 0.28480
	-      worst fitness: 0.03580
	- standard deviation: 0.13965
Best genome overview:
	- fitness: 0.56691
	- size (hid, conn): (0, 4)
	- genome id: 5517
	- belongs to specie: 2
Genetic distance:
	- Maximum: 1.173
	- Mean: 0.594
	- Minimum: 0.097
	- Standard deviation: 0.270

Population of 128 members in 1 species:
	 SID    age    size    fitness    adj fit    stag 
	=====  =====  ======  =========  =========  ======
	  2     44     128      0.567      0.469      12  

Generation time: 68.012 sec  (66.208 average)
Population 'distance_repr_2' saved! Current generation: 45
Sample chosen: [234, 421, 310, 292, 473, 471, 186, 897, 330, 204, 984, 253, 735, 733, 664, 536]

********** Running generation 45 **********

Full population's fitness overview:
	-       best fitness: 0.44414
	-       mean fitness: 0.26512
	-      worst fitness: 0.03453
	- standard deviation: 0.12441
Best genome overview:
	- fitness: 0.44414
	- size (hid, conn): (0, 4)
	- genome id: 5698
	- belongs to specie: 2
Genetic distance:
	- Maximum: 1.215
	- Mean: 0.596
	- Minimum: 0.085
	- Standard deviation: 0.290

Population of 128 members in 1 species:
	 SID    age    size    fitness    adj fit    stag 
	=====  =====  ======  =========  =========  ======
	  2     45     128      0.444      0.563      13  

Generation time: 66.649 sec  (66.356 average)
Population 'distance_repr_2' saved! Current generation: 46
Sample chosen: [451, 912, 824, 104, 378, 915, 189, 642, 10, 630, 533, 425, 901, 133, 508, 218]

********** Running generation 46 **********

Full population's fitness overview:
	-       best fitness: 0.40922
	-       mean fitness: 0.21506
	-      worst fitness: 0.01532
	- standard deviation: 0.10189
Best genome overview:
	- fitness: 0.40922
	- size (hid, conn): (0, 4)
	- genome id: 5779
	- belongs to specie: 2
Genetic distance:
	- Maximum: 1.323
	- Mean: 0.641
	- Minimum: 0.058
	- Standard deviation: 0.304

Population of 128 members in 1 species:
	 SID    age    size    fitness    adj fit    stag 
	=====  =====  ======  =========  =========  ======
	  2     46     128      0.409      0.507      14  

Generation time: 69.784 sec  (66.627 average)
Population 'distance_repr_2' saved! Current generation: 47
Sample chosen: [555, 234, 697, 56, 839, 739, 595, 491, 745, 681, 880, 354, 585, 808, 149, 383]

********** Running generation 47 **********

Full population's fitness overview:
	-       best fitness: 0.44059
	-       mean fitness: 0.23431
	-      worst fitness: 0.02800
	- standard deviation: 0.09880
Best genome overview:
	- fitness: 0.44059
	- size (hid, conn): (1, 6)
	- genome id: 5912
	- belongs to specie: 2
Genetic distance:
	- Maximum: 1.358
	- Mean: 0.636
	- Minimum: 0.077
	- Standard deviation: 0.300

Population of 128 members in 1 species:
	 SID    age    size    fitness    adj fit    stag 
	=====  =====  ======  =========  =========  ======
	  2     47     128      0.441      0.500      15  

Generation time: 67.877 sec  (66.431 average)
Population 'distance_repr_2' saved! Current generation: 48
Sample chosen: [701, 658, 340, 968, 40, 966, 980, 518, 231, 774, 37, 3, 312, 460, 892, 171]

********** Running generation 48 **********

Full population's fitness overview:
	-       best fitness: 0.57612
	-       mean fitness: 0.30985
	-      worst fitness: 0.06732
	- standard deviation: 0.13850
Best genome overview:
	- fitness: 0.57612
	- size (hid, conn): (0, 5)
	- genome id: 6137
	- belongs to specie: 2
Genetic distance:
	- Maximum: 1.235
	- Mean: 0.628
	- Minimum: 0.086
	- Standard deviation: 0.300

Population of 128 members in 1 species:
	 SID    age    size    fitness    adj fit    stag 
	=====  =====  ======  =========  =========  ======
	  2     48     128      0.576      0.477      16  

Generation time: 64.479 sec  (66.418 average)
Population 'distance_repr_2' saved! Current generation: 49
Sample chosen: [267, 705, 587, 377, 472, 805, 232, 520, 289, 463, 794, 14, 799, 584, 810, 432]

********** Running generation 49 **********

Full population's fitness overview:
	-       best fitness: 0.52292
	-       mean fitness: 0.26558
	-      worst fitness: 0.04398
	- standard deviation: 0.13678
Best genome overview:
	- fitness: 0.52292
	- size (hid, conn): (0, 5)
	- genome id: 6137
	- belongs to specie: 2
Genetic distance:
	- Maximum: 1.385
	- Mean: 0.641
	- Minimum: 0.098
	- Standard deviation: 0.297

Population of 128 members in 1 species:
	 SID    age    size    fitness    adj fit    stag 
	=====  =====  ======  =========  =========  ======
	  2     49     128      0.523      0.463      17  

Generation time: 69.487 sec  (66.771 average)
Population 'distance_repr_2' saved! Current generation: 50
Sample chosen: [189, 180, 287, 882, 51, 98, 624, 232, 743, 798, 253, 431, 588, 803, 952, 837]

********** Running generation 50 **********

Full population's fitness overview:
	-       best fitness: 0.55616
	-       mean fitness: 0.31611
	-      worst fitness: 0.05389
	- standard deviation: 0.13177
Best genome overview:
	- fitness: 0.55616
	- size (hid, conn): (0, 6)
	- genome id: 6377
	- belongs to specie: 2
Genetic distance:
	- Maximum: 1.334
	- Mean: 0.753
	- Minimum: 0.134
	- Standard deviation: 0.284

Population of 128 members in 1 species:
	 SID    age    size    fitness    adj fit    stag 
	=====  =====  ======  =========  =========  ======
	  2     50     128      0.556      0.522      18  

Generation time: 67.567 sec  (66.987 average)
Population 'distance_repr_2' saved! Current generation: 51
Sample chosen: [782, 320, 150, 515, 952, 34, 499, 661, 703, 284, 437, 453, 427, 681, 932, 958]

********** Running generation 51 **********

Full population's fitness overview:
	-       best fitness: 0.41569
	-       mean fitness: 0.22627
	-      worst fitness: 0.05635
	- standard deviation: 0.09744
Best genome overview:
	- fitness: 0.41569
	- size (hid, conn): (0, 6)
	- genome id: 6465
	- belongs to specie: 2
Genetic distance:
	- Maximum: 1.485
	- Mean: 0.809
	- Minimum: 0.171
	- Standard deviation: 0.297

Population of 128 members in 1 species:
	 SID    age    size    fitness    adj fit    stag 
	=====  =====  ======  =========  =========  ======
	  2     51     128      0.416      0.473      19  

Generation time: 75.170 sec  (68.061 average)
Population 'distance_repr_2' saved! Current generation: 52
Sample chosen: [210, 931, 584, 39, 239, 435, 353, 904, 323, 597, 578, 344, 412, 611, 638, 145]

********** Running generation 52 **********

Full population's fitness overview:
	-       best fitness: 0.48723
	-       mean fitness: 0.26834
	-      worst fitness: 0.06723
	- standard deviation: 0.10571
Best genome overview:
	- fitness: 0.48723
	- size (hid, conn): (0, 6)
	- genome id: 6590
	- belongs to specie: 2
Genetic distance:
	- Maximum: 1.357
	- Mean: 0.780
	- Minimum: 0.168
	- Standard deviation: 0.283

Population of 128 members in 1 species:
	 SID    age    size    fitness    adj fit    stag 
	=====  =====  ======  =========  =========  ======
	  2     52     128      0.487      0.479      20  

Generation time: 70.618 sec  (68.526 average)
Population 'distance_repr_2' saved! Current generation: 53
Sample chosen: [534, 8, 730, 209, 389, 675, 708, 207, 6, 264, 813, 123, 381, 796, 468, 513]

********** Running generation 53 **********

Full population's fitness overview:
	-       best fitness: 0.57935
	-       mean fitness: 0.31352
	-      worst fitness: 0.04774
	- standard deviation: 0.16848
Best genome overview:
	- fitness: 0.57935
	- size (hid, conn): (0, 4)
	- genome id: 6693
	- belongs to specie: 2
Genetic distance:
	- Maximum: 1.408
	- Mean: 0.926
	- Minimum: 0.085
	- Standard deviation: 0.254

Population of 128 members in 1 species:
	 SID    age    size    fitness    adj fit    stag 
	=====  =====  ======  =========  =========  ======
	  2     53     128      0.579      0.500      21  

Generation time: 69.028 sec  (68.867 average)
Population 'distance_repr_2' saved! Current generation: 54
Sample chosen: [723, 813, 329, 305, 659, 647, 353, 962, 236, 344, 687, 379, 231, 78, 308, 901]

********** Running generation 54 **********

Full population's fitness overview:
	-       best fitness: 0.48849
	-       mean fitness: 0.27026
	-      worst fitness: 0.06285
	- standard deviation: 0.10715
Best genome overview:
	- fitness: 0.48849
	- size (hid, conn): (0, 5)
	- genome id: 6795
	- belongs to specie: 2
Genetic distance:
	- Maximum: 1.463
	- Mean: 0.889
	- Minimum: 0.119
	- Standard deviation: 0.318

Population of 128 members in 1 species:
	 SID    age    size    fitness    adj fit    stag 
	=====  =====  ======  =========  =========  ======
	  2     54     128      0.488      0.487      22  

Generation time: 70.702 sec  (69.136 average)
Population 'distance_repr_2' saved! Current generation: 55
Sample chosen: [368, 256, 214, 108, 28, 516, 427, 860, 866, 686, 367, 101, 292, 273, 737, 673]

********** Running generation 55 **********

Full population's fitness overview:
	-       best fitness: 0.51589
	-       mean fitness: 0.29561
	-      worst fitness: 0.04131
	- standard deviation: 0.13212
Best genome overview:
	- fitness: 0.51589
	- size (hid, conn): (0, 5)
	- genome id: 7023
	- belongs to specie: 2
Genetic distance:
	- Maximum: 1.386
	- Mean: 0.927
	- Minimum: 0.236
	- Standard deviation: 0.288

Population of 128 members in 1 species:
	 SID    age    size    fitness    adj fit    stag 
	=====  =====  ======  =========  =========  ======
	  2     55     128      0.516      0.536      23  

Generation time: 67.495 sec  (69.221 average)
Population 'distance_repr_2' saved! Current generation: 56
Sample chosen: [995, 814, 147, 156, 935, 561, 817, 407, 795, 307, 246, 191, 984, 500, 463, 319]

********** Running generation 56 **********

Full population's fitness overview:
	-       best fitness: 0.46970
	-       mean fitness: 0.26072
	-      worst fitness: 0.03548
	- standard deviation: 0.11239
Best genome overview:
	- fitness: 0.46970
	- size (hid, conn): (0, 6)
	- genome id: 7070
	- belongs to specie: 2
Genetic distance:
	- Maximum: 1.483
	- Mean: 0.994
	- Minimum: 0.301
	- Standard deviation: 0.289

Population of 128 members in 1 species:
	 SID    age    size    fitness    adj fit    stag 
	=====  =====  ======  =========  =========  ======
	  2     56     128      0.470      0.519      24  

Generation time: 65.167 sec  (68.759 average)
Population 'distance_repr_2' saved! Current generation: 57
Sample chosen: [8, 928, 900, 39, 211, 376, 964, 453, 779, 936, 763, 392, 759, 795, 321, 54]

********** Running generation 57 **********

Full population's fitness overview:
	-       best fitness: 0.63863
	-       mean fitness: 0.34069
	-      worst fitness: 0.06202
	- standard deviation: 0.15993
Best genome overview:
	- fitness: 0.63863
	- size (hid, conn): (0, 4)
	- genome id: 7239
	- belongs to specie: 2

Species 2 with 128 members is stagnated: removing it
All species are extinct.
Genetic distance:
	- Maximum: 2.743
	- Mean: 1.848
	- Minimum: 1.035
	- Standard deviation: 0.360

Population of 128 members in 2 species:
	 SID    age    size    fitness    adj fit    stag 
	=====  =====  ======  =========  =========  ======
	  3      0      34       --         --        0   
	  4      0      94       --         --        0   

Total extinctions: 1
Generation time: 66.951 sec  (68.666 average)
Population 'distance_repr_2' saved! Current generation: 58
Sample chosen: [666, 230, 271, 152, 2, 53, 922, 797, 210, 106, 396, 79, 339, 837, 51, 362]

********** Running generation 58 **********

Full population's fitness overview:
	-       best fitness: 0.17080
	-       mean fitness: 0.05653
	-      worst fitness: 0.02128
	- standard deviation: 0.04485
Best genome overview:
	- fitness: 0.17080
	- size (hid, conn): (0, 6)
	- genome id: 7367
	- belongs to specie: 4
Genetic distance:
	- Maximum: 2.901
	- Mean: 1.818
	- Minimum: 0.076
	- Standard deviation: 0.378

Population of 128 members in 2 species:
	 SID    age    size    fitness    adj fit    stag 
	=====  =====  ======  =========  =========  ======
	  3      1      83      0.149      0.258      0   
	  4      1      45      0.171      0.228      0   

Total extinctions: 1
Generation time: 62.779 sec  (68.496 average)
Population 'distance_repr_2' saved! Current generation: 59
Sample chosen: [641, 168, 706, 665, 921, 640, 421, 207, 649, 776, 741, 55, 7, 273, 579, 877]

********** Running generation 59 **********

Full population's fitness overview:
	-       best fitness: 0.24280
	-       mean fitness: 0.12364
	-      worst fitness: 0.03409
	- standard deviation: 0.05278
Best genome overview:
	- fitness: 0.24280
	- size (hid, conn): (0, 7)
	- genome id: 7461
	- belongs to specie: 4
Genetic distance:
	- Maximum: 2.734
	- Mean: 1.689
	- Minimum: 0.110
	- Standard deviation: 0.483

Population of 128 members in 2 species:
	 SID    age    size    fitness    adj fit    stag 
	=====  =====  ======  =========  =========  ======
	  3      2      65      0.233      0.460      0   
	  4      2      63      0.243      0.371      0   

Total extinctions: 1
Generation time: 64.684 sec  (68.016 average)
Population 'distance_repr_2' saved! Current generation: 60
Sample chosen: [113, 166, 465, 40, 919, 595, 484, 115, 800, 923, 714, 443, 174, 612, 70, 769]

********** Running generation 60 **********

Full population's fitness overview:
	-       best fitness: 0.23804
	-       mean fitness: 0.12098
	-      worst fitness: 0.03419
	- standard deviation: 0.05846
Best genome overview:
	- fitness: 0.23804
	- size (hid, conn): (0, 9)
	- genome id: 7531
	- belongs to specie: 3
Genetic distance:
	- Maximum: 2.797
	- Mean: 1.644
	- Minimum: 0.143
	- Standard deviation: 0.504

Population of 128 members in 2 species:
	 SID    age    size    fitness    adj fit    stag 
	=====  =====  ======  =========  =========  ======
	  3      3      84      0.238      0.427      0   
	  4      3      44      0.229      0.424      1   

Total extinctions: 1
Generation time: 66.220 sec  (67.881 average)
Population 'distance_repr_2' saved! Current generation: 61
Sample chosen: [449, 402, 234, 138, 565, 489, 693, 308, 876, 269, 866, 742, 670, 924, 798, 248]

********** Running generation 61 **********

Full population's fitness overview:
	-       best fitness: 0.25757
	-       mean fitness: 0.17316
	-      worst fitness: 0.05352
	- standard deviation: 0.05518
Best genome overview:
	- fitness: 0.25757
	- size (hid, conn): (0, 9)
	- genome id: 7680
	- belongs to specie: 4
Genetic distance:
	- Maximum: 2.780
	- Mean: 1.659
	- Minimum: 0.128
	- Standard deviation: 0.595

Population of 128 members in 2 species:
	 SID    age    size    fitness    adj fit    stag 
	=====  =====  ======  =========  =========  ======
	  3      4      66      0.248      0.558      0   
	  4      4      62      0.258      0.640      0   

Total extinctions: 1
Generation time: 63.904 sec  (66.755 average)
Population 'distance_repr_2' saved! Current generation: 62
Sample chosen: [48, 936, 891, 356, 257, 668, 298, 103, 881, 11, 63, 435, 779, 736, 290, 256]

********** Running generation 62 **********

Full population's fitness overview:
	-       best fitness: 0.28652
	-       mean fitness: 0.18561
	-      worst fitness: 0.04816
	- standard deviation: 0.06536
Best genome overview:
	- fitness: 0.28652
	- size (hid, conn): (0, 8)
	- genome id: 7834
	- belongs to specie: 3
Genetic distance:
	- Maximum: 2.845
	- Mean: 1.616
	- Minimum: 0.072
	- Standard deviation: 0.688

Population of 128 members in 2 species:
	 SID    age    size    fitness    adj fit    stag 
	=====  =====  ======  =========  =========  ======
	  3      5      66      0.287      0.536      0   
	  4      5      62      0.280      0.620      0   

Total extinctions: 1
Generation time: 61.591 sec  (65.852 average)
Population 'distance_repr_2' saved! Current generation: 63
Sample chosen: [958, 8, 541, 857, 847, 795, 528, 594, 827, 310, 903, 112, 91, 55, 1, 451]

********** Running generation 63 **********

Full population's fitness overview:
	-       best fitness: 0.25803
	-       mean fitness: 0.16454
	-      worst fitness: 0.05439
	- standard deviation: 0.05367
Best genome overview:
	- fitness: 0.25803
	- size (hid, conn): (0, 7)
	- genome id: 7956
	- belongs to specie: 4
Genetic distance:
	- Maximum: 2.818
	- Mean: 1.567
	- Minimum: 0.053
	- Standard deviation: 0.730

Population of 128 members in 2 species:
	 SID    age    size    fitness    adj fit    stag 
	=====  =====  ======  =========  =========  ======
	  3      6      58      0.238      0.475      1   
	  4      6      70      0.258      0.612      1   

Total extinctions: 1
Generation time: 61.554 sec  (65.105 average)
Population 'distance_repr_2' saved! Current generation: 64
Sample chosen: [814, 52, 765, 788, 516, 435, 80, 29, 641, 917, 336, 529, 154, 367, 93, 481]

********** Running generation 64 **********

Full population's fitness overview:
	-       best fitness: 0.30099
	-       mean fitness: 0.17252
	-      worst fitness: 0.05092
	- standard deviation: 0.06616
Best genome overview:
	- fitness: 0.30099
	- size (hid, conn): (1, 9)
	- genome id: 8138
	- belongs to specie: 4
Genetic distance:
	- Maximum: 2.854
	- Mean: 1.612
	- Minimum: 0.111
	- Standard deviation: 0.679

Population of 128 members in 2 species:
	 SID    age    size    fitness    adj fit    stag 
	=====  =====  ======  =========  =========  ======
	  3      7      54      0.270      0.376      2   
	  4      7      74      0.301      0.577      0   

Total extinctions: 1
Generation time: 66.117 sec  (64.646 average)
Population 'distance_repr_2' saved! Current generation: 65
Sample chosen: [181, 143, 659, 286, 942, 806, 596, 282, 546, 792, 575, 789, 60, 777, 757, 781]

********** Running generation 65 **********

Full population's fitness overview:
	-       best fitness: 0.26126
	-       mean fitness: 0.17635
	-      worst fitness: 0.05227
	- standard deviation: 0.05241
Best genome overview:
	- fitness: 0.26126
	- size (hid, conn): (0, 9)
	- genome id: 8157
	- belongs to specie: 3
Genetic distance:
	- Maximum: 3.089
	- Mean: 1.586
	- Minimum: 0.025
	- Standard deviation: 0.735

Population of 128 members in 2 species:
	 SID    age    size    fitness    adj fit    stag 
	=====  =====  ======  =========  =========  ======
	  3      8      50      0.261      0.592      3   
	  4      8      78      0.244      0.595      1   

Total extinctions: 1
Generation time: 65.047 sec  (64.401 average)
Population 'distance_repr_2' saved! Current generation: 66
Sample chosen: [421, 131, 186, 234, 791, 17, 433, 893, 209, 499, 298, 963, 534, 669, 930, 220]

********** Running generation 66 **********

Full population's fitness overview:
	-       best fitness: 0.26335
	-       mean fitness: 0.17215
	-      worst fitness: 0.03430
	- standard deviation: 0.05405
Best genome overview:
	- fitness: 0.26335
	- size (hid, conn): (0, 9)
	- genome id: 8363
	- belongs to specie: 3
Genetic distance:
	- Maximum: 3.119
	- Mean: 1.453
	- Minimum: 0.103
	- Standard deviation: 0.670

Population of 128 members in 2 species:
	 SID    age    size    fitness    adj fit    stag 
	=====  =====  ======  =========  =========  ======
	  3      9      78      0.263      0.606      4   
	  4      9      50      0.222      0.599      2   

Total extinctions: 1
Generation time: 64.307 sec  (64.315 average)
Population 'distance_repr_2' saved! Current generation: 67
Sample chosen: [581, 74, 286, 418, 493, 267, 729, 468, 702, 883, 288, 853, 118, 713, 339, 292]

********** Running generation 67 **********

Full population's fitness overview:
	-       best fitness: 0.31589
	-       mean fitness: 0.21479
	-      worst fitness: 0.03768
	- standard deviation: 0.08715
Best genome overview:
	- fitness: 0.31589
	- size (hid, conn): (0, 9)
	- genome id: 8478
	- belongs to specie: 3
Genetic distance:
	- Maximum: 2.327
	- Mean: 1.188
	- Minimum: 0.066
	- Standard deviation: 0.659

Population of 128 members in 2 species:
	 SID    age    size    fitness    adj fit    stag 
	=====  =====  ======  =========  =========  ======
	  3     10      70      0.316      0.600      0   
	  4     10      58      0.309      0.693      0   

Total extinctions: 1
Generation time: 64.389 sec  (64.059 average)
Population 'distance_repr_2' saved! Current generation: 68
Sample chosen: [542, 844, 532, 441, 559, 468, 886, 666, 310, 496, 13, 467, 381, 75, 157, 269]

********** Running generation 68 **********

Full population's fitness overview:
	-       best fitness: 0.23622
	-       mean fitness: 0.13196
	-      worst fitness: 0.03029
	- standard deviation: 0.05121
Best genome overview:
	- fitness: 0.23622
	- size (hid, conn): (0, 7)
	- genome id: 8537
	- belongs to specie: 4
Genetic distance:
	- Maximum: 2.322
	- Mean: 1.196
	- Minimum: 0.073
	- Standard deviation: 0.701

Population of 128 members in 2 species:
	 SID    age    size    fitness    adj fit    stag 
	=====  =====  ======  =========  =========  ======
	  3     11      66      0.203      0.482      1   
	  4     11      62      0.236      0.508      1   

Total extinctions: 1
Generation time: 64.150 sec  (64.196 average)
Population 'distance_repr_2' saved! Current generation: 69
Sample chosen: [602, 575, 647, 512, 167, 784, 791, 430, 190, 178, 471, 317, 808, 422, 352, 255]

********** Running generation 69 **********

Full population's fitness overview:
	-       best fitness: 0.37324
	-       mean fitness: 0.26017
	-      worst fitness: 0.07154
	- standard deviation: 0.08069
Best genome overview:
	- fitness: 0.37324
	- size (hid, conn): (1, 10)
	- genome id: 8589
	- belongs to specie: 3
Genetic distance:
	- Maximum: 2.477
	- Mean: 1.216
	- Minimum: 0.006
	- Standard deviation: 0.694

Population of 128 members in 2 species:
	 SID    age    size    fitness    adj fit    stag 
	=====  =====  ======  =========  =========  ======
	  3     12      68      0.373      0.666      0   
	  4     12      60      0.338      0.582      0   

Total extinctions: 1
Generation time: 62.711 sec  (63.999 average)
Population 'distance_repr_2' saved! Current generation: 70
Sample chosen: [426, 347, 213, 610, 215, 369, 746, 904, 131, 888, 600, 545, 571, 802, 254, 470]

********** Running generation 70 **********

Full population's fitness overview:
	-       best fitness: 0.25880
	-       mean fitness: 0.17521
	-      worst fitness: 0.05452
	- standard deviation: 0.05434
Best genome overview:
	- fitness: 0.25880
	- size (hid, conn): (0, 6)
	- genome id: 8799
	- belongs to specie: 4
Genetic distance:
	- Maximum: 2.214
	- Mean: 1.238
	- Minimum: 0.024
	- Standard deviation: 0.682

Population of 128 members in 2 species:
	 SID    age    size    fitness    adj fit    stag 
	=====  =====  ======  =========  =========  ======
	  3     13      67      0.238      0.605      1   
	  4     13      61      0.259      0.574      1   

Total extinctions: 1
Generation time: 64.860 sec  (63.863 average)
Population 'distance_repr_2' saved! Current generation: 71
Sample chosen: [527, 205, 273, 473, 141, 81, 196, 801, 594, 761, 153, 604, 186, 928, 531, 964]

********** Running generation 71 **********

Full population's fitness overview:
	-       best fitness: 0.15186
	-       mean fitness: 0.07584
	-      worst fitness: 0.02220
	- standard deviation: 0.03050
Best genome overview:
	- fitness: 0.15186
	- size (hid, conn): (0, 6)
	- genome id: 8967
	- belongs to specie: 4
Genetic distance:
	- Maximum: 2.374
	- Mean: 1.325
	- Minimum: 0.121
	- Standard deviation: 0.598

Population of 128 members in 2 species:
	 SID    age    size    fitness    adj fit    stag 
	=====  =====  ======  =========  =========  ======
	  3     14      65      0.121      0.389      2   
	  4     14      63      0.152      0.441      2   

Total extinctions: 1
Generation time: 65.845 sec  (64.057 average)
Population 'distance_repr_2' saved! Current generation: 72
Sample chosen: [658, 538, 125, 335, 120, 45, 502, 688, 542, 968, 655, 567, 1, 667, 772, 590]

********** Running generation 72 **********

Full population's fitness overview:
	-       best fitness: 0.40633
	-       mean fitness: 0.26468
	-      worst fitness: 0.06455
	- standard deviation: 0.07448
Best genome overview:
	- fitness: 0.40633
	- size (hid, conn): (1, 8)
	- genome id: 9085
	- belongs to specie: 4
Genetic distance:
	- Maximum: 2.528
	- Mean: 1.382
	- Minimum: 0.127
	- Standard deviation: 0.647

Population of 128 members in 2 species:
	 SID    age    size    fitness    adj fit    stag 
	=====  =====  ======  =========  =========  ======
	  3     15      66      0.382      0.589      0   
	  4     15      62      0.406      0.582      0   

Total extinctions: 1
Generation time: 63.662 sec  (64.264 average)
Population 'distance_repr_2' saved! Current generation: 73
Sample chosen: [111, 2, 555, 156, 661, 731, 171, 791, 817, 639, 145, 793, 30, 913, 986, 706]

********** Running generation 73 **********

Full population's fitness overview:
	-       best fitness: 0.29242
	-       mean fitness: 0.16426
	-      worst fitness: 0.04739
	- standard deviation: 0.04323
Best genome overview:
	- fitness: 0.29242
	- size (hid, conn): (0, 6)
	- genome id: 9257
	- belongs to specie: 4
Genetic distance:
	- Maximum: 2.493
	- Mean: 1.352
	- Minimum: 0.160
	- Standard deviation: 0.652

Population of 128 members in 2 species:
	 SID    age    size    fitness    adj fit    stag 
	=====  =====  ======  =========  =========  ======
	  3     16      60      0.233      0.410      1   
	  4     16      68      0.292      0.548      1   

Total extinctions: 1
Generation time: 64.708 sec  (64.580 average)
Population 'distance_repr_2' saved! Current generation: 74
Sample chosen: [510, 717, 964, 390, 457, 801, 410, 719, 692, 919, 324, 701, 740, 650, 873, 783]

********** Running generation 74 **********

Full population's fitness overview:
	-       best fitness: 0.26977
	-       mean fitness: 0.18657
	-      worst fitness: 0.04353
	- standard deviation: 0.05571
Best genome overview:
	- fitness: 0.26977
	- size (hid, conn): (1, 8)
	- genome id: 9372
	- belongs to specie: 4
Genetic distance:
	- Maximum: 2.509
	- Mean: 1.341
	- Minimum: 0.111
	- Standard deviation: 0.670

Population of 128 members in 2 species:
	 SID    age    size    fitness    adj fit    stag 
	=====  =====  ======  =========  =========  ======
	  3     17      58      0.254      0.541      2   
	  4     17      70      0.270      0.713      2   

Total extinctions: 1
Generation time: 63.595 sec  (64.327 average)
Population 'distance_repr_2' saved! Current generation: 75
Sample chosen: [434, 963, 498, 870, 756, 541, 450, 360, 770, 622, 551, 446, 749, 882, 565, 821]

********** Running generation 75 **********

Full population's fitness overview:
	-       best fitness: 0.30921
	-       mean fitness: 0.23116
	-      worst fitness: 0.05729
	- standard deviation: 0.05781
Best genome overview:
	- fitness: 0.30921
	- size (hid, conn): (0, 6)
	- genome id: 9463
	- belongs to specie: 4
Genetic distance:
	- Maximum: 2.533
	- Mean: 1.350
	- Minimum: 0.069
	- Standard deviation: 0.661

Population of 128 members in 2 species:
	 SID    age    size    fitness    adj fit    stag 
	=====  =====  ======  =========  =========  ======
	  3     18      61      0.297      0.679      3   
	  4     18      67      0.309      0.699      3   

Total extinctions: 1
Generation time: 62.202 sec  (64.043 average)
Population 'distance_repr_2' saved! Current generation: 76
Sample chosen: [956, 82, 297, 764, 692, 160, 715, 395, 845, 613, 364, 323, 928, 924, 365, 781]

********** Running generation 76 **********

Full population's fitness overview:
	-       best fitness: 0.30664
	-       mean fitness: 0.20845
	-      worst fitness: 0.03871
	- standard deviation: 0.05413
Best genome overview:
	- fitness: 0.30664
	- size (hid, conn): (0, 6)
	- genome id: 9463
	- belongs to specie: 4
Genetic distance:
	- Maximum: 2.671
	- Mean: 1.320
	- Minimum: 0.178
	- Standard deviation: 0.588

Population of 128 members in 2 species:
	 SID    age    size    fitness    adj fit    stag 
	=====  =====  ======  =========  =========  ======
	  3     19      57      0.262      0.577      4   
	  4     19      71      0.307      0.685      4   

Total extinctions: 1
Generation time: 62.349 sec  (63.847 average)
Population 'distance_repr_2' saved! Current generation: 77
Sample chosen: [213, 944, 367, 113, 343, 514, 277, 595, 971, 406, 798, 762, 108, 28, 655, 47]

********** Running generation 77 **********

Full population's fitness overview:
	-       best fitness: 0.32375
	-       mean fitness: 0.22237
	-      worst fitness: 0.05176
	- standard deviation: 0.06949
Best genome overview:
	- fitness: 0.32375
	- size (hid, conn): (1, 6)
	- genome id: 9756
	- belongs to specie: 4
Genetic distance:
	- Maximum: 2.477
	- Mean: 1.333
	- Minimum: 0.186
	- Standard deviation: 0.587

Population of 128 members in 2 species:
	 SID    age    size    fitness    adj fit    stag 
	=====  =====  ======  =========  =========  ======
	  3     20      61      0.307      0.647      5   
	  4     20      67      0.324      0.611      5   

Total extinctions: 1
Generation time: 62.652 sec  (63.673 average)
Population 'distance_repr_2' saved! Current generation: 78
Sample chosen: [432, 325, 59, 511, 515, 218, 109, 754, 446, 176, 352, 420, 828, 555, 426, 184]

********** Running generation 78 **********

Full population's fitness overview:
	-       best fitness: 0.18438
	-       mean fitness: 0.11844
	-      worst fitness: 0.02121
	- standard deviation: 0.03717
Best genome overview:
	- fitness: 0.18438
	- size (hid, conn): (1, 6)
	- genome id: 9843
	- belongs to specie: 4
Genetic distance:
	- Maximum: 2.386
	- Mean: 1.386
	- Minimum: 0.113
	- Standard deviation: 0.612

Population of 128 members in 2 species:
	 SID    age    size    fitness    adj fit    stag 
	=====  =====  ======  =========  =========  ======
	  3     21      61      0.178      0.567      6   
	  4     21      67      0.184      0.622      6   

Total extinctions: 1
Generation time: 65.708 sec  (63.829 average)
Population 'distance_repr_2' saved! Current generation: 79
Sample chosen: [929, 198, 764, 903, 976, 492, 808, 294, 285, 341, 758, 925, 609, 487, 52, 480]

********** Running generation 79 **********

Full population's fitness overview:
	-       best fitness: 0.27261
	-       mean fitness: 0.18363
	-      worst fitness: 0.03416
	- standard deviation: 0.05090
Best genome overview:
	- fitness: 0.27261
	- size (hid, conn): (0, 5)
	- genome id: 10003
	- belongs to specie: 4
Genetic distance:
	- Maximum: 2.433
	- Mean: 1.453
	- Minimum: 0.125
	- Standard deviation: 0.599

Population of 128 members in 2 species:
	 SID    age    size    fitness    adj fit    stag 
	=====  =====  ======  =========  =========  ======
	  3     22      62      0.266      0.632      7   
	  4     22      66      0.273      0.622      7   

Total extinctions: 1
Generation time: 66.176 sec  (64.176 average)
Population 'distance_repr_2' saved! Current generation: 80
Sample chosen: [885, 408, 190, 895, 860, 330, 438, 608, 457, 470, 14, 898, 400, 390, 93, 539]

********** Running generation 80 **********

Full population's fitness overview:
	-       best fitness: 0.30242
	-       mean fitness: 0.18644
	-      worst fitness: 0.04698
	- standard deviation: 0.06104
Best genome overview:
	- fitness: 0.30242
	- size (hid, conn): (0, 7)
	- genome id: 10062
	- belongs to specie: 3
Genetic distance:
	- Maximum: 2.402
	- Mean: 1.464
	- Minimum: 0.008
	- Standard deviation: 0.624

Population of 128 members in 2 species:
	 SID    age    size    fitness    adj fit    stag 
	=====  =====  ======  =========  =========  ======
	  3     23      64      0.302      0.559      8   
	  4     23      64      0.262      0.533      8   

Total extinctions: 1
Generation time: 66.269 sec  (64.317 average)
Population 'distance_repr_2' saved! Current generation: 81
Sample chosen: [530, 974, 464, 309, 57, 883, 871, 45, 602, 587, 841, 147, 14, 901, 383, 41]

********** Running generation 81 **********

Full population's fitness overview:
	-       best fitness: 0.38743
	-       mean fitness: 0.23352
	-      worst fitness: 0.06113
	- standard deviation: 0.07796
Best genome overview:
	- fitness: 0.38743
	- size (hid, conn): (1, 6)
	- genome id: 10185
	- belongs to specie: 4
Genetic distance:
	- Maximum: 2.536
	- Mean: 1.412
	- Minimum: 0.022
	- Standard deviation: 0.698

Population of 128 members in 2 species:
	 SID    age    size    fitness    adj fit    stag 
	=====  =====  ======  =========  =========  ======
	  3     24      62      0.323      0.500      9   
	  4     24      66      0.387      0.556      9   

Total extinctions: 1
Generation time: 66.608 sec  (64.393 average)
Population 'distance_repr_2' saved! Current generation: 82
Sample chosen: [973, 508, 67, 398, 613, 964, 412, 512, 219, 370, 280, 118, 667, 837, 1, 575]

********** Running generation 82 **********

Full population's fitness overview:
	-       best fitness: 0.43150
	-       mean fitness: 0.25858
	-      worst fitness: 0.04698
	- standard deviation: 0.07192
Best genome overview:
	- fitness: 0.43150
	- size (hid, conn): (0, 4)
	- genome id: 10355
	- belongs to specie: 4
Genetic distance:
	- Maximum: 2.375
	- Mean: 1.340
	- Minimum: 0.073
	- Standard deviation: 0.718

Population of 128 members in 2 species:
	 SID    age    size    fitness    adj fit    stag 
	=====  =====  ======  =========  =========  ======
	  3     25      64      0.334      0.576      10  
	  4     25      64      0.432      0.526      0   

Total extinctions: 1
Generation time: 63.519 sec  (64.379 average)
Population 'distance_repr_2' saved! Current generation: 83
Sample chosen: [748, 563, 317, 826, 658, 889, 989, 802, 352, 229, 6, 610, 715, 956, 595, 830]

********** Running generation 83 **********

Full population's fitness overview:
	-       best fitness: 0.25892
	-       mean fitness: 0.13211
	-      worst fitness: 0.04059
	- standard deviation: 0.04362
Best genome overview:
	- fitness: 0.25892
	- size (hid, conn): (0, 4)
	- genome id: 10461
	- belongs to specie: 4
Genetic distance:
	- Maximum: 2.394
	- Mean: 1.352
	- Minimum: 0.022
	- Standard deviation: 0.696

Population of 128 members in 2 species:
	 SID    age    size    fitness    adj fit    stag 
	=====  =====  ======  =========  =========  ======
	  3     26      59      0.178      0.354      11  
	  4     26      69      0.259      0.485      1   

Total extinctions: 1
Generation time: 64.434 sec  (64.351 average)
Population 'distance_repr_2' saved! Current generation: 84
Sample chosen: [838, 801, 2, 600, 15, 681, 308, 21, 276, 920, 246, 646, 176, 328, 842, 932]

********** Running generation 84 **********

Full population's fitness overview:
	-       best fitness: 0.30318
	-       mean fitness: 0.15686
	-      worst fitness: 0.02129
	- standard deviation: 0.05109
Best genome overview:
	- fitness: 0.30318
	- size (hid, conn): (0, 4)
	- genome id: 10612
	- belongs to specie: 4
Genetic distance:
	- Maximum: 2.671
	- Mean: 1.419
	- Minimum: 0.073
	- Standard deviation: 0.692

Population of 128 members in 2 species:
	 SID    age    size    fitness    adj fit    stag 
	=====  =====  ======  =========  =========  ======
	  3     27      59      0.217      0.433      12  
	  4     27      69      0.303      0.522      2   

Total extinctions: 1
Generation time: 66.654 sec  (64.657 average)
Population 'distance_repr_2' saved! Current generation: 85
Sample chosen: [249, 54, 711, 783, 716, 799, 541, 258, 478, 757, 601, 27, 647, 202, 206, 773]

********** Running generation 85 **********

Full population's fitness overview:
	-       best fitness: 0.28860
	-       mean fitness: 0.19446
	-      worst fitness: 0.05810
	- standard deviation: 0.04695
Best genome overview:
	- fitness: 0.28860
	- size (hid, conn): (0, 4)
	- genome id: 10694
	- belongs to specie: 4
Genetic distance:
	- Maximum: 2.539
	- Mean: 1.453
	- Minimum: 0.066
	- Standard deviation: 0.670

Population of 128 members in 2 species:
	 SID    age    size    fitness    adj fit    stag 
	=====  =====  ======  =========  =========  ======
	  3     28      58      0.248      0.546      13  
	  4     28      70      0.289      0.631      3   

Total extinctions: 1
Generation time: 67.883 sec  (65.225 average)
Population 'distance_repr_2' saved! Current generation: 86
Sample chosen: [173, 13, 306, 420, 229, 199, 930, 535, 671, 241, 642, 524, 384, 791, 156, 587]

********** Running generation 86 **********

Full population's fitness overview:
	-       best fitness: 0.33274
	-       mean fitness: 0.23292
	-      worst fitness: 0.05117
	- standard deviation: 0.05903
Best genome overview:
	- fitness: 0.33274
	- size (hid, conn): (0, 4)
	- genome id: 10864
	- belongs to specie: 4
Genetic distance:
	- Maximum: 2.654
	- Mean: 1.499
	- Minimum: 0.028
	- Standard deviation: 0.687

Population of 128 members in 2 species:
	 SID    age    size    fitness    adj fit    stag 
	=====  =====  ======  =========  =========  ======
	  3     29      58      0.285      0.606      14  
	  4     29      70      0.333      0.678      4   

Total extinctions: 1
Generation time: 67.629 sec  (65.753 average)
Population 'distance_repr_2' saved! Current generation: 87
Sample chosen: [230, 36, 929, 495, 879, 703, 77, 232, 71, 296, 402, 958, 907, 168, 319, 941]

********** Running generation 87 **********

Full population's fitness overview:
	-       best fitness: 0.44332
	-       mean fitness: 0.22121
	-      worst fitness: 0.06148
	- standard deviation: 0.07203
Best genome overview:
	- fitness: 0.44332
	- size (hid, conn): (0, 4)
	- genome id: 10982
	- belongs to specie: 4
Genetic distance:
	- Maximum: 2.683
	- Mean: 1.414
	- Minimum: 0.135
	- Standard deviation: 0.685

Population of 128 members in 2 species:
	 SID    age    size    fitness    adj fit    stag 
	=====  =====  ======  =========  =========  ======
	  3     30      53      0.274      0.322      15  
	  4     30      75      0.443      0.498      0   

Total extinctions: 1
Generation time: 68.195 sec  (66.308 average)
Population 'distance_repr_2' saved! Current generation: 88
Sample chosen: [867, 546, 582, 795, 233, 269, 441, 493, 243, 953, 936, 944, 33, 434, 18, 991]

********** Running generation 88 **********

Full population's fitness overview:
	-       best fitness: 0.26172
	-       mean fitness: 0.15258
	-      worst fitness: 0.02632
	- standard deviation: 0.05398
Best genome overview:
	- fitness: 0.26172
	- size (hid, conn): (0, 4)
	- genome id: 10944
	- belongs to specie: 4
Genetic distance:
	- Maximum: 2.529
	- Mean: 1.439
	- Minimum: 0.090
	- Standard deviation: 0.646

Population of 128 members in 2 species:
	 SID    age    size    fitness    adj fit    stag 
	=====  =====  ======  =========  =========  ======
	  3     31      54      0.232      0.455      16  
	  4     31      74      0.262      0.594      1   

Total extinctions: 1
Generation time: 65.942 sec  (66.331 average)
Population 'distance_repr_2' saved! Current generation: 89
Sample chosen: [523, 983, 410, 847, 786, 434, 668, 258, 779, 1, 717, 710, 300, 240, 496, 652]

********** Running generation 89 **********

Full population's fitness overview:
	-       best fitness: 0.31504
	-       mean fitness: 0.21589
	-      worst fitness: 0.05484
	- standard deviation: 0.06076
Best genome overview:
	- fitness: 0.31504
	- size (hid, conn): (0, 4)
	- genome id: 11080
	- belongs to specie: 4
Genetic distance:
	- Maximum: 2.493
	- Mean: 1.392
	- Minimum: 0.181
	- Standard deviation: 0.640

Population of 128 members in 2 species:
	 SID    age    size    fitness    adj fit    stag 
	=====  =====  ======  =========  =========  ======
	  3     32      55      0.267      0.537      17  
	  4     32      73      0.315      0.679      2   

Total extinctions: 1
Generation time: 68.139 sec  (66.527 average)
Population 'distance_repr_2' saved! Current generation: 90
Sample chosen: [268, 231, 864, 852, 492, 595, 644, 326, 906, 667, 171, 88, 508, 777, 104, 107]

********** Running generation 90 **********

Full population's fitness overview:
	-       best fitness: 0.36917
	-       mean fitness: 0.24715
	-      worst fitness: 0.04953
	- standard deviation: 0.08749
Best genome overview:
	- fitness: 0.36917
	- size (hid, conn): (0, 4)
	- genome id: 11362
	- belongs to specie: 4
Genetic distance:
	- Maximum: 2.261
	- Mean: 1.289
	- Minimum: 0.072
	- Standard deviation: 0.626

Population of 128 members in 2 species:
	 SID    age    size    fitness    adj fit    stag 
	=====  =====  ======  =========  =========  ======
	  3     33      55      0.329      0.529      18  
	  4     33      73      0.369      0.685      3   

Total extinctions: 1
Generation time: 65.322 sec  (66.433 average)
Population 'distance_repr_2' saved! Current generation: 91
Sample chosen: [924, 941, 86, 758, 220, 864, 384, 970, 519, 208, 495, 645, 62, 500, 820, 46]

********** Running generation 91 **********

Full population's fitness overview:
	-       best fitness: 0.31175
	-       mean fitness: 0.18621
	-      worst fitness: 0.04584
	- standard deviation: 0.05666
Best genome overview:
	- fitness: 0.31175
	- size (hid, conn): (0, 3)
	- genome id: 11474
	- belongs to specie: 4
Genetic distance:
	- Maximum: 2.279
	- Mean: 1.306
	- Minimum: 0.000
	- Standard deviation: 0.606

Population of 128 members in 2 species:
	 SID    age    size    fitness    adj fit    stag 
	=====  =====  ======  =========  =========  ======
	  3     34      52      0.208      0.413      19  
	  4     34      76      0.312      0.614      4   

Total extinctions: 1
Generation time: 67.147 sec  (66.486 average)
Population 'distance_repr_2' saved! Current generation: 92
Sample chosen: [593, 659, 886, 132, 736, 238, 882, 741, 801, 709, 995, 382, 32, 538, 691, 201]

********** Running generation 92 **********

Full population's fitness overview:
	-       best fitness: 0.39875
	-       mean fitness: 0.26311
	-      worst fitness: 0.05836
	- standard deviation: 0.06489
Best genome overview:
	- fitness: 0.39875
	- size (hid, conn): (0, 3)
	- genome id: 11474
	- belongs to specie: 4
Genetic distance:
	- Maximum: 2.141
	- Mean: 1.181
	- Minimum: 0.004
	- Standard deviation: 0.630

Population of 128 members in 2 species:
	 SID    age    size    fitness    adj fit    stag 
	=====  =====  ======  =========  =========  ======
	  3     35      58      0.320      0.563      20  
	  4     35      70      0.399      0.628      5   

Total extinctions: 1
Generation time: 67.524 sec  (66.887 average)
Population 'distance_repr_2' saved! Current generation: 93
Sample chosen: [896, 674, 773, 687, 564, 486, 871, 444, 414, 636, 434, 326, 944, 321, 128, 283]

********** Running generation 93 **********

Full population's fitness overview:
	-       best fitness: 0.43314
	-       mean fitness: 0.21929
	-      worst fitness: 0.02761
	- standard deviation: 0.10562
Best genome overview:
	- fitness: 0.43314
	- size (hid, conn): (0, 5)
	- genome id: 11685
	- belongs to specie: 4
Genetic distance:
	- Maximum: 2.169
	- Mean: 1.117
	- Minimum: 0.015
	- Standard deviation: 0.657

Population of 128 members in 2 species:
	 SID    age    size    fitness    adj fit    stag 
	=====  =====  ======  =========  =========  ======
	  3     36      51      0.265      0.315      21  
	  4     36      77      0.433      0.603      6   

Total extinctions: 1
Generation time: 67.819 sec  (67.225 average)
Population 'distance_repr_2' saved! Current generation: 94
Sample chosen: [924, 313, 603, 407, 951, 249, 429, 731, 935, 172, 688, 361, 251, 919, 97, 728]

********** Running generation 94 **********

Full population's fitness overview:
	-       best fitness: 0.34702
	-       mean fitness: 0.16359
	-      worst fitness: 0.04070
	- standard deviation: 0.05857
Best genome overview:
	- fitness: 0.34702
	- size (hid, conn): (1, 6)
	- genome id: 11825
	- belongs to specie: 4
Genetic distance:
	- Maximum: 2.455
	- Mean: 1.274
	- Minimum: 0.125
	- Standard deviation: 0.650

Population of 128 members in 2 species:
	 SID    age    size    fitness    adj fit    stag 
	=====  =====  ======  =========  =========  ======
	  3     37      50      0.201      0.314      22  
	  4     37      78      0.347      0.459      7   

Total extinctions: 1
Generation time: 64.624 sec  (67.022 average)
Population 'distance_repr_2' saved! Current generation: 95
Sample chosen: [934, 618, 50, 264, 272, 138, 895, 355, 446, 818, 353, 189, 409, 771, 884, 801]

********** Running generation 95 **********

Full population's fitness overview:
	-       best fitness: 0.48287
	-       mean fitness: 0.21255
	-      worst fitness: 0.02766
	- standard deviation: 0.09812
Best genome overview:
	- fitness: 0.48287
	- size (hid, conn): (1, 6)
	- genome id: 11972
	- belongs to specie: 4
Genetic distance:
	- Maximum: 2.710
	- Mean: 1.448
	- Minimum: 0.083
	- Standard deviation: 0.647

Population of 128 members in 2 species:
	 SID    age    size    fitness    adj fit    stag 
	=====  =====  ======  =========  =========  ======
	  3     38      48      0.236      0.268      23  
	  4     38      80      0.483      0.495      0   

Total extinctions: 1
Generation time: 63.585 sec  (66.593 average)
Population 'distance_repr_2' saved! Current generation: 96
Sample chosen: [794, 1, 817, 874, 644, 383, 365, 483, 184, 730, 583, 54, 245, 626, 889, 9]

********** Running generation 96 **********

Full population's fitness overview:
	-       best fitness: 0.32948
	-       mean fitness: 0.17358
	-      worst fitness: 0.04698
	- standard deviation: 0.05746
Best genome overview:
	- fitness: 0.32948
	- size (hid, conn): (1, 6)
	- genome id: 11972
	- belongs to specie: 4
Genetic distance:
	- Maximum: 2.554
	- Mean: 1.466
	- Minimum: 0.034
	- Standard deviation: 0.684

Population of 128 members in 2 species:
	 SID    age    size    fitness    adj fit    stag 
	=====  =====  ======  =========  =========  ======
	  3     39      53      0.224      0.390      24  
	  4     39      75      0.329      0.483      1   

Total extinctions: 1
Generation time: 68.125 sec  (66.642 average)
Population 'distance_repr_2' saved! Current generation: 97
Sample chosen: [897, 255, 792, 475, 834, 664, 584, 558, 570, 983, 166, 251, 939, 389, 519, 335]

********** Running generation 97 **********

Full population's fitness overview:
	-       best fitness: 0.38993
	-       mean fitness: 0.25890
	-      worst fitness: 0.07835
	- standard deviation: 0.07474
Best genome overview:
	- fitness: 0.38993
	- size (hid, conn): (0, 5)
	- genome id: 12212
	- belongs to specie: 4

Species 3 with 53 members is stagnated: removing it
Genetic distance:
	- Maximum: 1.717
	- Mean: 1.011
	- Minimum: 0.194
	- Standard deviation: 0.372

Population of 128 members in 1 species:
	 SID    age    size    fitness    adj fit    stag 
	=====  =====  ======  =========  =========  ======
	  4     40     128      0.390      0.625      2   

Total extinctions: 1
Generation time: 63.207 sec  (66.143 average)
Population 'distance_repr_2' saved! Current generation: 98
Sample chosen: [901, 352, 879, 922, 476, 44, 530, 161, 505, 688, 24, 893, 984, 570, 769, 417]

********** Running generation 98 **********

Full population's fitness overview:
	-       best fitness: 0.48754
	-       mean fitness: 0.33653
	-      worst fitness: 0.07274
	- standard deviation: 0.10608
Best genome overview:
	- fitness: 0.48754
	- size (hid, conn): (1, 5)
	- genome id: 12333
	- belongs to specie: 4
Genetic distance:
	- Maximum: 1.645
	- Mean: 1.027
	- Minimum: 0.038
	- Standard deviation: 0.446

Population of 128 members in 1 species:
	 SID    age    size    fitness    adj fit    stag 
	=====  =====  ======  =========  =========  ======
	  4     41     128      0.488      0.636      0   

Total extinctions: 1
Generation time: 68.022 sec  (66.351 average)
Population 'distance_repr_2' saved! Current generation: 99
Sample chosen: [63, 567, 153, 23, 493, 833, 788, 243, 430, 433, 719, 840, 154, 826, 954, 690]

********** Running generation 99 **********

Full population's fitness overview:
	-       best fitness: 0.46270
	-       mean fitness: 0.32272
	-      worst fitness: 0.05995
	- standard deviation: 0.08275
Best genome overview:
	- fitness: 0.46270
	- size (hid, conn): (1, 6)
	- genome id: 12418
	- belongs to specie: 4
Genetic distance:
	- Maximum: 1.841
	- Mean: 1.137
	- Minimum: 0.071
	- Standard deviation: 0.418

Population of 128 members in 1 species:
	 SID    age    size    fitness    adj fit    stag 
	=====  =====  ======  =========  =========  ======
	  4     42     128      0.463      0.652      1   

Total extinctions: 1
Generation time: 65.835 sec  (66.121 average)
Population 'distance_repr_2' saved! Current generation: 100

===> CREATING BLUEPRINTS <===

Creating blueprints for games: [1, 2, 3, 4, 5]

===> CREATING TRACES <===

Creating traces for games: [1, 2, 3, 4, 5]
