Population 'distance_repr_1' saved! Current generation: 0

===> RUNNING FOR THE FOLLOWING CONFIGURATION: <===
	> fitness: distance
	> gru_enabled: True
	> sexual_reproduction: True
	> Saving under folder: NEAT-GRU
	> Train: True (100 iterations)
	> Create blueprints: True
	> Create traces: True


===> TRAINING <===

Sample chosen: [895, 262, 904, 954, 19, 256, 495, 162, 883, 36, 345, 299, 423, 309, 506, 156]


********** Running generation 0 **********

Full population's fitness overview:
	-       best fitness: 0.17504
	-       mean fitness: 0.02266
	-      worst fitness: 0.00200
	- standard deviation: 0.03127
Best genome overview:
	- fitness: 0.17504
	- size (hid, conn): (0, 8)
	- genome id: 67
	- belongs to specie: 1
Genetic distance:
	- Maximum: 3.180
	- Mean: 1.840
	- Minimum: 0.315
	- Standard deviation: 0.428

Population of 128 members in 2 species:
	 SID    age    size    fitness    adj fit    stag 
	=====  =====  ======  =========  =========  ======
	  1      0      80      0.175      0.121      0   
	  2      0      48      0.102      0.108      0   

Generation time: 56.615 sec
Population 'distance_repr_1' saved! Current generation: 1
Sample chosen: [235, 186, 858, 20, 948, 242, 261, 714, 256, 32, 833, 909, 497, 879, 559, 637]


********** Running generation 1 **********

Full population's fitness overview:
	-       best fitness: 0.20353
	-       mean fitness: 0.06068
	-      worst fitness: 0.00215
	- standard deviation: 0.04223
Best genome overview:
	- fitness: 0.20353
	- size (hid, conn): (1, 9)
	- genome id: 213
	- belongs to specie: 1
Genetic distance:
	- Maximum: 2.735
	- Mean: 1.675
	- Minimum: 0.136
	- Standard deviation: 0.441

Population of 128 members in 2 species:
	 SID    age    size    fitness    adj fit    stag 
	=====  =====  ======  =========  =========  ======
	  1      1      79      0.204      0.294      0   
	  2      1      49      0.132      0.285      0   

Generation time: 55.615 sec  (56.115 average)
Population 'distance_repr_1' saved! Current generation: 2
Sample chosen: [807, 178, 742, 917, 627, 220, 997, 229, 560, 332, 442, 335, 925, 196, 952, 889]


********** Running generation 2 **********

Full population's fitness overview:
	-       best fitness: 0.20160
	-       mean fitness: 0.07424
	-      worst fitness: 0.00226
	- standard deviation: 0.04969
Best genome overview:
	- fitness: 0.20160
	- size (hid, conn): (1, 9)
	- genome id: 213
	- belongs to specie: 1
Genetic distance:
	- Maximum: 2.499
	- Mean: 1.578
	- Minimum: 0.056
	- Standard deviation: 0.535

Population of 128 members in 2 species:
	 SID    age    size    fitness    adj fit    stag 
	=====  =====  ======  =========  =========  ======
	  1      2      67      0.202      0.377      1   
	  2      2      61      0.145      0.336      0   

Generation time: 59.313 sec  (57.181 average)
Population 'distance_repr_1' saved! Current generation: 3
Sample chosen: [636, 906, 548, 96, 542, 423, 368, 757, 705, 773, 503, 506, 623, 825, 414, 769]


********** Running generation 3 **********

Full population's fitness overview:
	-       best fitness: 0.19358
	-       mean fitness: 0.07069
	-      worst fitness: 0.00287
	- standard deviation: 0.04976
Best genome overview:
	- fitness: 0.19358
	- size (hid, conn): (1, 9)
	- genome id: 466
	- belongs to specie: 1
Genetic distance:
	- Maximum: 2.414
	- Mean: 1.390
	- Minimum: 0.033
	- Standard deviation: 0.528

Population of 128 members in 2 species:
	 SID    age    size    fitness    adj fit    stag 
	=====  =====  ======  =========  =========  ======
	  1      3      71      0.194      0.415      2   
	  2      3      57      0.140      0.290      1   

Generation time: 58.057 sec  (57.400 average)
Population 'distance_repr_1' saved! Current generation: 4
Sample chosen: [412, 857, 797, 426, 908, 17, 55, 1, 848, 499, 541, 113, 148, 31, 216, 507]


********** Running generation 4 **********

Full population's fitness overview:
	-       best fitness: 0.19024
	-       mean fitness: 0.09012
	-      worst fitness: 0.00207
	- standard deviation: 0.05106
Best genome overview:
	- fitness: 0.19024
	- size (hid, conn): (0, 9)
	- genome id: 503
	- belongs to specie: 2
Genetic distance:
	- Maximum: 2.596
	- Mean: 1.407
	- Minimum: 0.207
	- Standard deviation: 0.520

Population of 128 members in 2 species:
	 SID    age    size    fitness    adj fit    stag 
	=====  =====  ======  =========  =========  ======
	  1      4      72      0.181      0.523      3   
	  2      4      56      0.190      0.399      0   

Generation time: 66.021 sec  (59.124 average)
Population 'distance_repr_1' saved! Current generation: 5
Sample chosen: [441, 646, 324, 354, 27, 121, 659, 905, 825, 868, 266, 356, 728, 155, 81, 465]


********** Running generation 5 **********

Full population's fitness overview:
	-       best fitness: 0.19425
	-       mean fitness: 0.09264
	-      worst fitness: 0.00255
	- standard deviation: 0.05656
Best genome overview:
	- fitness: 0.19425
	- size (hid, conn): (0, 8)
	- genome id: 623
	- belongs to specie: 1
Genetic distance:
	- Maximum: 2.479
	- Mean: 1.378
	- Minimum: 0.169
	- Standard deviation: 0.508

Population of 128 members in 2 species:
	 SID    age    size    fitness    adj fit    stag 
	=====  =====  ======  =========  =========  ======
	  1      5      77      0.194      0.576      4   
	  2      5      51      0.131      0.333      1   

Generation time: 62.089 sec  (59.618 average)
Population 'distance_repr_1' saved! Current generation: 6
Sample chosen: [237, 1000, 214, 420, 798, 372, 451, 208, 206, 9, 179, 572, 901, 430, 326, 485]


********** Running generation 6 **********

Full population's fitness overview:
	-       best fitness: 0.28678
	-       mean fitness: 0.11258
	-      worst fitness: 0.00278
	- standard deviation: 0.07374
Best genome overview:
	- fitness: 0.28678
	- size (hid, conn): (0, 7)
	- genome id: 809
	- belongs to specie: 1
Genetic distance:
	- Maximum: 2.304
	- Mean: 1.291
	- Minimum: 0.233
	- Standard deviation: 0.490

Population of 128 members in 2 species:
	 SID    age    size    fitness    adj fit    stag 
	=====  =====  ======  =========  =========  ======
	  1      6      82      0.287      0.490      0   
	  2      6      46      0.131      0.231      2   

Generation time: 62.329 sec  (60.006 average)
Population 'distance_repr_1' saved! Current generation: 7
Sample chosen: [12, 720, 688, 535, 556, 896, 538, 287, 765, 174, 937, 773, 518, 824, 419, 820]


********** Running generation 7 **********

Full population's fitness overview:
	-       best fitness: 0.31178
	-       mean fitness: 0.13087
	-      worst fitness: 0.00276
	- standard deviation: 0.07306
Best genome overview:
	- fitness: 0.31178
	- size (hid, conn): (1, 11)
	- genome id: 936
	- belongs to specie: 1
Genetic distance:
	- Maximum: 2.428
	- Mean: 1.462
	- Minimum: 0.114
	- Standard deviation: 0.571

Population of 128 members in 2 species:
	 SID    age    size    fitness    adj fit    stag 
	=====  =====  ======  =========  =========  ======
	  1      7      83      0.312      0.475      0   
	  2      7      45      0.241      0.306      0   

Generation time: 59.193 sec  (59.904 average)
Population 'distance_repr_1' saved! Current generation: 8
Sample chosen: [787, 936, 35, 830, 325, 352, 601, 571, 420, 324, 241, 435, 805, 279, 457, 166]


********** Running generation 8 **********

Full population's fitness overview:
	-       best fitness: 0.28888
	-       mean fitness: 0.12578
	-      worst fitness: 0.00188
	- standard deviation: 0.07855
Best genome overview:
	- fitness: 0.28888
	- size (hid, conn): (1, 10)
	- genome id: 1080
	- belongs to specie: 1
Genetic distance:
	- Maximum: 2.515
	- Mean: 1.507
	- Minimum: 0.131
	- Standard deviation: 0.521

Population of 128 members in 2 species:
	 SID    age    size    fitness    adj fit    stag 
	=====  =====  ======  =========  =========  ======
	  1      8      84      0.289      0.498      1   
	  2      8      44      0.189      0.309      1   

Generation time: 61.544 sec  (60.086 average)
Population 'distance_repr_1' saved! Current generation: 9
Sample chosen: [341, 100, 936, 337, 773, 316, 571, 356, 65, 978, 646, 130, 837, 842, 368, 265]


********** Running generation 9 **********

Full population's fitness overview:
	-       best fitness: 0.31246
	-       mean fitness: 0.13403
	-      worst fitness: 0.00265
	- standard deviation: 0.07670
Best genome overview:
	- fitness: 0.31246
	- size (hid, conn): (1, 10)
	- genome id: 1080
	- belongs to specie: 1
Genetic distance:
	- Maximum: 2.747
	- Mean: 1.596
	- Minimum: 0.270
	- Standard deviation: 0.534

Population of 128 members in 2 species:
	 SID    age    size    fitness    adj fit    stag 
	=====  =====  ======  =========  =========  ======
	  1      9      94      0.312      0.472      0   
	  2      9      34      0.206      0.332      2   

Generation time: 61.041 sec  (60.182 average)
Population 'distance_repr_1' saved! Current generation: 10
Sample chosen: [244, 162, 520, 972, 118, 332, 347, 320, 286, 481, 889, 480, 539, 943, 936, 454]


********** Running generation 10 **********

Full population's fitness overview:
	-       best fitness: 0.23835
	-       mean fitness: 0.11452
	-      worst fitness: 0.00219
	- standard deviation: 0.06293
Best genome overview:
	- fitness: 0.23835
	- size (hid, conn): (2, 12)
	- genome id: 1270
	- belongs to specie: 2
Genetic distance:
	- Maximum: 2.579
	- Mean: 1.640
	- Minimum: 0.150
	- Standard deviation: 0.544

Population of 128 members in 2 species:
	 SID    age    size    fitness    adj fit    stag 
	=====  =====  ======  =========  =========  ======
	  1     10      87      0.211      0.509      1   
	  2     10      41      0.238      0.384      3   

Generation time: 64.148 sec  (60.935 average)
Population 'distance_repr_1' saved! Current generation: 11
Sample chosen: [157, 822, 639, 624, 643, 343, 931, 168, 158, 972, 303, 23, 881, 17, 961, 342]


********** Running generation 11 **********

Full population's fitness overview:
	-       best fitness: 0.33527
	-       mean fitness: 0.11551
	-      worst fitness: 0.00249
	- standard deviation: 0.08516
Best genome overview:
	- fitness: 0.33527
	- size (hid, conn): (1, 10)
	- genome id: 1412
	- belongs to specie: 1
Genetic distance:
	- Maximum: 2.879
	- Mean: 1.716
	- Minimum: 0.090
	- Standard deviation: 0.514

Population of 128 members in 2 species:
	 SID    age    size    fitness    adj fit    stag 
	=====  =====  ======  =========  =========  ======
	  1     11      84      0.335      0.376      0   
	  2     11      44      0.184      0.262      4   

Generation time: 62.616 sec  (61.635 average)
Population 'distance_repr_1' saved! Current generation: 12
Sample chosen: [48, 692, 258, 330, 917, 823, 202, 963, 351, 231, 926, 991, 209, 774, 388, 630]


********** Running generation 12 **********

Full population's fitness overview:
	-       best fitness: 0.37403
	-       mean fitness: 0.14974
	-      worst fitness: 0.00310
	- standard deviation: 0.08851
Best genome overview:
	- fitness: 0.37403
	- size (hid, conn): (1, 10)
	- genome id: 1591
	- belongs to specie: 1
Genetic distance:
	- Maximum: 2.780
	- Mean: 1.551
	- Minimum: 0.241
	- Standard deviation: 0.477

Population of 128 members in 2 species:
	 SID    age    size    fitness    adj fit    stag 
	=====  =====  ======  =========  =========  ======
	  1     12      83      0.374      0.464      0   
	  2     12      45      0.196      0.263      5   

Generation time: 63.317 sec  (62.036 average)
Population 'distance_repr_1' saved! Current generation: 13
Sample chosen: [169, 374, 900, 770, 853, 686, 895, 365, 667, 932, 101, 458, 541, 494, 957, 966]


********** Running generation 13 **********

Full population's fitness overview:
	-       best fitness: 0.27856
	-       mean fitness: 0.11309
	-      worst fitness: 0.00222
	- standard deviation: 0.07295
Best genome overview:
	- fitness: 0.27856
	- size (hid, conn): (0, 8)
	- genome id: 1457
	- belongs to specie: 2
Genetic distance:
	- Maximum: 2.254
	- Mean: 1.382
	- Minimum: 0.116
	- Standard deviation: 0.416

Population of 128 members in 2 species:
	 SID    age    size    fitness    adj fit    stag 
	=====  =====  ======  =========  =========  ======
	  1     13      81      0.253      0.465      1   
	  2     13      47      0.279      0.283      0   

Generation time: 64.191 sec  (62.649 average)
Population 'distance_repr_1' saved! Current generation: 14
Sample chosen: [16, 183, 517, 752, 606, 689, 810, 538, 657, 833, 228, 941, 494, 76, 620, 584]


********** Running generation 14 **********

Full population's fitness overview:
	-       best fitness: 0.28214
	-       mean fitness: 0.12831
	-      worst fitness: 0.00299
	- standard deviation: 0.07637
Best genome overview:
	- fitness: 0.28214
	- size (hid, conn): (1, 11)
	- genome id: 1791
	- belongs to specie: 1
Genetic distance:
	- Maximum: 2.409
	- Mean: 1.492
	- Minimum: 0.296
	- Standard deviation: 0.382

Population of 128 members in 2 species:
	 SID    age    size    fitness    adj fit    stag 
	=====  =====  ======  =========  =========  ======
	  1     14      81      0.282      0.527      2   
	  2     14      47      0.216      0.314      1   

Generation time: 63.060 sec  (62.353 average)
Population 'distance_repr_1' saved! Current generation: 15
Sample chosen: [533, 345, 531, 646, 108, 200, 992, 592, 374, 959, 380, 737, 656, 279, 303, 579]


********** Running generation 15 **********

Full population's fitness overview:
	-       best fitness: 0.26687
	-       mean fitness: 0.12241
	-      worst fitness: 0.00312
	- standard deviation: 0.07361
Best genome overview:
	- fitness: 0.26687
	- size (hid, conn): (1, 9)
	- genome id: 1959
	- belongs to specie: 1
Genetic distance:
	- Maximum: 2.282
	- Mean: 1.522
	- Minimum: 0.431
	- Standard deviation: 0.353

Population of 128 members in 2 species:
	 SID    age    size    fitness    adj fit    stag 
	=====  =====  ======  =========  =========  ======
	  1     15      77      0.267      0.510      3   
	  2     15      51      0.182      0.352      2   

Generation time: 66.918 sec  (62.836 average)
Population 'distance_repr_1' saved! Current generation: 16
Sample chosen: [9, 126, 658, 427, 108, 209, 727, 318, 480, 447, 943, 292, 248, 176, 418, 870]


********** Running generation 16 **********

Full population's fitness overview:
	-       best fitness: 0.27980
	-       mean fitness: 0.12759
	-      worst fitness: 0.00204
	- standard deviation: 0.07174
Best genome overview:
	- fitness: 0.27980
	- size (hid, conn): (1, 9)
	- genome id: 2062
	- belongs to specie: 1
Genetic distance:
	- Maximum: 2.601
	- Mean: 1.634
	- Minimum: 0.178
	- Standard deviation: 0.372

Population of 128 members in 2 species:
	 SID    age    size    fitness    adj fit    stag 
	=====  =====  ======  =========  =========  ======
	  1     16      40      0.280      0.546      4   
	  2     16      88      0.180      0.310      3   

Generation time: 66.829 sec  (63.286 average)
Population 'distance_repr_1' saved! Current generation: 17
Sample chosen: [682, 189, 63, 159, 614, 47, 813, 33, 449, 1000, 255, 385, 761, 429, 392, 48]


********** Running generation 17 **********

Full population's fitness overview:
	-       best fitness: 0.31271
	-       mean fitness: 0.11543
	-      worst fitness: 0.00242
	- standard deviation: 0.06651
Best genome overview:
	- fitness: 0.31271
	- size (hid, conn): (2, 11)
	- genome id: 2211
	- belongs to specie: 1
Genetic distance:
	- Maximum: 2.146
	- Mean: 1.705
	- Minimum: 0.171
	- Standard deviation: 0.292

Population of 128 members in 2 species:
	 SID    age    size    fitness    adj fit    stag 
	=====  =====  ======  =========  =========  ======
	  1     17      56      0.313      0.451      5   
	  2     17      72      0.312      0.325      0   

Generation time: 68.611 sec  (64.227 average)
Population 'distance_repr_1' saved! Current generation: 18
Sample chosen: [798, 778, 258, 87, 141, 562, 167, 263, 523, 304, 1000, 888, 336, 944, 533, 430]


********** Running generation 18 **********

Full population's fitness overview:
	-       best fitness: 0.30324
	-       mean fitness: 0.15071
	-      worst fitness: 0.00220
	- standard deviation: 0.07857
Best genome overview:
	- fitness: 0.30324
	- size (hid, conn): (2, 11)
	- genome id: 2308
	- belongs to specie: 1
Genetic distance:
	- Maximum: 2.240
	- Mean: 1.663
	- Minimum: 0.452
	- Standard deviation: 0.297

Population of 128 members in 2 species:
	 SID    age    size    fitness    adj fit    stag 
	=====  =====  ======  =========  =========  ======
	  1     18      10      0.303      0.576      6   
	  2     18     118      0.292      0.429      1   

Generation time: 71.396 sec  (65.213 average)
Population 'distance_repr_1' saved! Current generation: 19
Sample chosen: [311, 688, 707, 253, 174, 239, 697, 889, 560, 726, 240, 599, 10, 137, 892, 829]


********** Running generation 19 **********

Full population's fitness overview:
	-       best fitness: 0.26425
	-       mean fitness: 0.12515
	-      worst fitness: 0.00202
	- standard deviation: 0.07671
Best genome overview:
	- fitness: 0.26425
	- size (hid, conn): (1, 8)
	- genome id: 2268
	- belongs to specie: 2
Genetic distance:
	- Maximum: 2.157
	- Mean: 1.417
	- Minimum: 0.145
	- Standard deviation: 0.413

Population of 128 members in 2 species:
	 SID    age    size    fitness    adj fit    stag 
	=====  =====  ======  =========  =========  ======
	  1     19      34      0.219      0.408      7   
	  2     19      94      0.264      0.475      2   

Generation time: 72.516 sec  (66.360 average)
Population 'distance_repr_1' saved! Current generation: 20
Sample chosen: [153, 208, 505, 658, 558, 921, 220, 712, 584, 417, 942, 468, 547, 801, 557, 763]


********** Running generation 20 **********

Full population's fitness overview:
	-       best fitness: 0.34615
	-       mean fitness: 0.17693
	-      worst fitness: 0.00209
	- standard deviation: 0.08973
Best genome overview:
	- fitness: 0.34615
	- size (hid, conn): (0, 7)
	- genome id: 2545
	- belongs to specie: 2
Genetic distance:
	- Maximum: 2.161
	- Mean: 1.382
	- Minimum: 0.047
	- Standard deviation: 0.420

Population of 128 members in 2 species:
	 SID    age    size    fitness    adj fit    stag 
	=====  =====  ======  =========  =========  ======
	  1     20      46      0.267      0.481      8   
	  2     20      82      0.346      0.518      0   

Generation time: 71.911 sec  (67.136 average)
Population 'distance_repr_1' saved! Current generation: 21
Sample chosen: [60, 952, 669, 856, 599, 628, 900, 955, 466, 353, 696, 52, 110, 137, 178, 997]


********** Running generation 21 **********

Full population's fitness overview:
	-       best fitness: 0.32421
	-       mean fitness: 0.14178
	-      worst fitness: 0.00213
	- standard deviation: 0.08178
Best genome overview:
	- fitness: 0.32421
	- size (hid, conn): (0, 8)
	- genome id: 2663
	- belongs to specie: 2
Genetic distance:
	- Maximum: 2.350
	- Mean: 1.458
	- Minimum: 0.078
	- Standard deviation: 0.427

Population of 128 members in 2 species:
	 SID    age    size    fitness    adj fit    stag 
	=====  =====  ======  =========  =========  ======
	  1     21      35      0.253      0.379      9   
	  2     21      93      0.324      0.464      1   

Generation time: 88.541 sec  (69.729 average)
Population 'distance_repr_1' saved! Current generation: 22
Sample chosen: [448, 828, 724, 433, 493, 296, 527, 807, 510, 328, 232, 115, 61, 744, 459, 812]


********** Running generation 22 **********

Full population's fitness overview:
	-       best fitness: 0.24084
	-       mean fitness: 0.12323
	-      worst fitness: 0.00195
	- standard deviation: 0.06463
Best genome overview:
	- fitness: 0.24084
	- size (hid, conn): (0, 8)
	- genome id: 2787
	- belongs to specie: 2
Genetic distance:
	- Maximum: 2.500
	- Mean: 1.476
	- Minimum: 0.198
	- Standard deviation: 0.429

Population of 128 members in 2 species:
	 SID    age    size    fitness    adj fit    stag 
	=====  =====  ======  =========  =========  ======
	  1     22      37      0.234      0.510      10  
	  2     22      91      0.241      0.507      2   

Generation time: 74.747 sec  (70.872 average)
Population 'distance_repr_1' saved! Current generation: 23
Sample chosen: [805, 109, 631, 355, 88, 221, 943, 676, 933, 809, 979, 926, 995, 749, 44, 713]


********** Running generation 23 **********

Full population's fitness overview:
	-       best fitness: 0.31351
	-       mean fitness: 0.15427
	-      worst fitness: 0.00209
	- standard deviation: 0.09061
Best genome overview:
	- fitness: 0.31351
	- size (hid, conn): (1, 9)
	- genome id: 2948
	- belongs to specie: 2
Genetic distance:
	- Maximum: 2.719
	- Mean: 1.556
	- Minimum: 0.714
	- Standard deviation: 0.394

Population of 128 members in 2 species:
	 SID    age    size    fitness    adj fit    stag 
	=====  =====  ======  =========  =========  ======
	  1     23      40      0.305      0.434      11  
	  2     23      88      0.314      0.511      3   

Generation time: 69.706 sec  (71.423 average)
Population 'distance_repr_1' saved! Current generation: 24
Sample chosen: [812, 164, 147, 133, 564, 356, 875, 251, 982, 2, 10, 109, 560, 762, 792, 144]


********** Running generation 24 **********

Full population's fitness overview:
	-       best fitness: 0.30600
	-       mean fitness: 0.15808
	-      worst fitness: 0.00318
	- standard deviation: 0.08721
Best genome overview:
	- fitness: 0.30600
	- size (hid, conn): (4, 15)
	- genome id: 2994
	- belongs to specie: 2
Genetic distance:
	- Maximum: 2.612
	- Mean: 1.494
	- Minimum: 0.237
	- Standard deviation: 0.337

Population of 128 members in 2 species:
	 SID    age    size    fitness    adj fit    stag 
	=====  =====  ======  =========  =========  ======
	  1     24      70      0.289      0.465      12  
	  2     24      58      0.306      0.533      4   

Generation time: 69.305 sec  (72.048 average)
Population 'distance_repr_1' saved! Current generation: 25
Sample chosen: [37, 986, 715, 860, 977, 847, 528, 222, 788, 264, 259, 541, 423, 438, 599, 901]


********** Running generation 25 **********

Full population's fitness overview:
	-       best fitness: 0.38173
	-       mean fitness: 0.17710
	-      worst fitness: 0.00206
	- standard deviation: 0.09576
Best genome overview:
	- fitness: 0.38173
	- size (hid, conn): (1, 10)
	- genome id: 3121
	- belongs to specie: 1
Genetic distance:
	- Maximum: 2.108
	- Mean: 1.397
	- Minimum: 0.000
	- Standard deviation: 0.307

Population of 128 members in 2 species:
	 SID    age    size    fitness    adj fit    stag 
	=====  =====  ======  =========  =========  ======
	  1     25      61      0.382      0.499      0   
	  2     25      67      0.308      0.415      5   

Generation time: 75.325 sec  (72.889 average)
Population 'distance_repr_1' saved! Current generation: 26
Sample chosen: [302, 284, 833, 766, 902, 844, 449, 905, 538, 827, 487, 818, 459, 377, 881, 608]


********** Running generation 26 **********

Full population's fitness overview:
	-       best fitness: 0.34273
	-       mean fitness: 0.15118
	-      worst fitness: 0.00203
	- standard deviation: 0.08876
Best genome overview:
	- fitness: 0.34273
	- size (hid, conn): (3, 15)
	- genome id: 3338
	- belongs to specie: 1
Genetic distance:
	- Maximum: 2.196
	- Mean: 1.416
	- Minimum: 0.320
	- Standard deviation: 0.312

Population of 128 members in 2 species:
	 SID    age    size    fitness    adj fit    stag 
	=====  =====  ======  =========  =========  ======
	  1     26      63      0.343      0.474      1   
	  2     26      65      0.298      0.405      6   

Generation time: 72.515 sec  (73.457 average)
Population 'distance_repr_1' saved! Current generation: 27
Sample chosen: [728, 311, 462, 452, 880, 592, 70, 60, 816, 770, 209, 383, 747, 906, 895, 908]


********** Running generation 27 **********

Full population's fitness overview:
	-       best fitness: 0.32758
	-       mean fitness: 0.15047
	-      worst fitness: 0.00200
	- standard deviation: 0.08447
Best genome overview:
	- fitness: 0.32758
	- size (hid, conn): (5, 16)
	- genome id: 3435
	- belongs to specie: 1
Genetic distance:
	- Maximum: 2.140
	- Mean: 1.408
	- Minimum: 0.145
	- Standard deviation: 0.329

Population of 128 members in 2 species:
	 SID    age    size    fitness    adj fit    stag 
	=====  =====  ======  =========  =========  ======
	  1     27      53      0.328      0.468      2   
	  2     27      75      0.297      0.445      7   

Generation time: 71.826 sec  (73.779 average)
Population 'distance_repr_1' saved! Current generation: 28
Sample chosen: [776, 293, 453, 288, 783, 504, 606, 311, 982, 991, 235, 245, 977, 172, 952, 643]


********** Running generation 28 **********

Full population's fitness overview:
	-       best fitness: 0.39518
	-       mean fitness: 0.18378
	-      worst fitness: 0.00203
	- standard deviation: 0.10781
Best genome overview:
	- fitness: 0.39518
	- size (hid, conn): (0, 7)
	- genome id: 3520
	- belongs to specie: 2
Genetic distance:
	- Maximum: 2.452
	- Mean: 1.539
	- Minimum: 0.506
	- Standard deviation: 0.305

Population of 128 members in 2 species:
	 SID    age    size    fitness    adj fit    stag 
	=====  =====  ======  =========  =========  ======
	  1     28      37      0.344      0.460      3   
	  2     28      91      0.395      0.464      0   

Generation time: 72.113 sec  (73.850 average)
Population 'distance_repr_1' saved! Current generation: 29
Sample chosen: [136, 860, 660, 544, 334, 251, 154, 874, 336, 592, 237, 105, 67, 926, 231, 912]


********** Running generation 29 **********

Full population's fitness overview:
	-       best fitness: 0.27599
	-       mean fitness: 0.13854
	-      worst fitness: 0.00334
	- standard deviation: 0.07667
Best genome overview:
	- fitness: 0.27599
	- size (hid, conn): (0, 7)
	- genome id: 3520
	- belongs to specie: 2
Genetic distance:
	- Maximum: 2.541
	- Mean: 1.539
	- Minimum: 0.007
	- Standard deviation: 0.353

Population of 128 members in 2 species:
	 SID    age    size    fitness    adj fit    stag 
	=====  =====  ======  =========  =========  ======
	  1     29      45      0.252      0.533      4   
	  2     29      83      0.276      0.481      1   

Generation time: 75.342 sec  (74.133 average)
Population 'distance_repr_1' saved! Current generation: 30
Sample chosen: [826, 156, 708, 231, 112, 764, 939, 714, 4, 1, 892, 319, 511, 459, 862, 366]


********** Running generation 30 **********

Full population's fitness overview:
	-       best fitness: 0.34573
	-       mean fitness: 0.17198
	-      worst fitness: 0.00217
	- standard deviation: 0.08880
Best genome overview:
	- fitness: 0.34573
	- size (hid, conn): (4, 17)
	- genome id: 3807
	- belongs to specie: 2
Genetic distance:
	- Maximum: 2.508
	- Mean: 1.587
	- Minimum: 0.156
	- Standard deviation: 0.352

Population of 128 members in 2 species:
	 SID    age    size    fitness    adj fit    stag 
	=====  =====  ======  =========  =========  ======
	  1     30      43      0.273      0.425      5   
	  2     30      85      0.346      0.532      2   

Generation time: 74.112 sec  (74.353 average)
Population 'distance_repr_1' saved! Current generation: 31
Sample chosen: [614, 350, 739, 250, 422, 976, 162, 27, 312, 491, 351, 577, 177, 306, 573, 264]


********** Running generation 31 **********

Full population's fitness overview:
	-       best fitness: 0.41706
	-       mean fitness: 0.21546
	-      worst fitness: 0.00203
	- standard deviation: 0.12109
Best genome overview:
	- fitness: 0.41706
	- size (hid, conn): (0, 6)
	- genome id: 3958
	- belongs to specie: 2
Genetic distance:
	- Maximum: 2.816
	- Mean: 1.578
	- Minimum: 0.254
	- Standard deviation: 0.395

Population of 128 members in 2 species:
	 SID    age    size    fitness    adj fit    stag 
	=====  =====  ======  =========  =========  ======
	  1     31      50      0.365      0.545      6   
	  2     31      78      0.417      0.499      0   

Generation time: 78.638 sec  (73.363 average)
Population 'distance_repr_1' saved! Current generation: 32
Sample chosen: [470, 990, 332, 575, 993, 960, 34, 824, 935, 586, 711, 297, 734, 522, 413, 919]


********** Running generation 32 **********

Full population's fitness overview:
	-       best fitness: 0.30549
	-       mean fitness: 0.18429
	-      worst fitness: 0.00258
	- standard deviation: 0.07444
Best genome overview:
	- fitness: 0.30549
	- size (hid, conn): (2, 10)
	- genome id: 4089
	- belongs to specie: 2
Genetic distance:
	- Maximum: 2.640
	- Mean: 1.567
	- Minimum: 0.341
	- Standard deviation: 0.369

Population of 128 members in 2 species:
	 SID    age    size    fitness    adj fit    stag 
	=====  =====  ======  =========  =========  ======
	  1     32      56      0.305      0.638      7   
	  2     32      72      0.305      0.576      1   

Generation time: 74.151 sec  (73.303 average)
Population 'distance_repr_1' saved! Current generation: 33
Sample chosen: [478, 471, 135, 16, 199, 273, 76, 421, 336, 283, 619, 497, 159, 868, 165, 107]


********** Running generation 33 **********

Full population's fitness overview:
	-       best fitness: 0.31043
	-       mean fitness: 0.17240
	-      worst fitness: 0.00280
	- standard deviation: 0.09779
Best genome overview:
	- fitness: 0.31043
	- size (hid, conn): (2, 11)
	- genome id: 4098
	- belongs to specie: 1
Genetic distance:
	- Maximum: 2.943
	- Mean: 1.599
	- Minimum: 0.184
	- Standard deviation: 0.439

Population of 128 members in 2 species:
	 SID    age    size    fitness    adj fit    stag 
	=====  =====  ======  =========  =========  ======
	  1     33      45      0.310      0.484      8   
	  2     33      83      0.306      0.604      2   

Generation time: 74.047 sec  (73.737 average)
Population 'distance_repr_1' saved! Current generation: 34
Sample chosen: [764, 780, 957, 697, 564, 386, 255, 326, 488, 283, 14, 925, 899, 698, 267, 947]


********** Running generation 34 **********

Full population's fitness overview:
	-       best fitness: 0.38271
	-       mean fitness: 0.17022
	-      worst fitness: 0.00208
	- standard deviation: 0.11177
Best genome overview:
	- fitness: 0.38271
	- size (hid, conn): (2, 11)
	- genome id: 4098
	- belongs to specie: 1
Genetic distance:
	- Maximum: 2.745
	- Mean: 1.515
	- Minimum: 0.133
	- Standard deviation: 0.441

Population of 128 members in 2 species:
	 SID    age    size    fitness    adj fit    stag 
	=====  =====  ======  =========  =========  ======
	  1     34      58      0.383      0.513      0   
	  2     34      70      0.358      0.403      3   

Generation time: 73.335 sec  (74.140 average)
Population 'distance_repr_1' saved! Current generation: 35
Sample chosen: [159, 861, 638, 413, 608, 522, 176, 93, 963, 854, 669, 360, 183, 44, 379, 97]


********** Running generation 35 **********

Full population's fitness overview:
	-       best fitness: 0.26277
	-       mean fitness: 0.13641
	-      worst fitness: 0.00190
	- standard deviation: 0.07921
Best genome overview:
	- fitness: 0.26277
	- size (hid, conn): (1, 9)
	- genome id: 4403
	- belongs to specie: 2
Genetic distance:
	- Maximum: 3.273
	- Mean: 1.626
	- Minimum: 0.345
	- Standard deviation: 0.430

Population of 128 members in 2 species:
	 SID    age    size    fitness    adj fit    stag 
	=====  =====  ======  =========  =========  ======
	  1     35      50      0.258      0.564      1   
	  2     35      78      0.263      0.475      4   

Generation time: 74.198 sec  (74.028 average)
Population 'distance_repr_1' saved! Current generation: 36
Sample chosen: [299, 375, 73, 760, 834, 221, 736, 273, 818, 953, 897, 990, 836, 614, 438, 86]


********** Running generation 36 **********

Full population's fitness overview:
	-       best fitness: 0.30903
	-       mean fitness: 0.16262
	-      worst fitness: 0.00206
	- standard deviation: 0.08561
Best genome overview:
	- fitness: 0.30903
	- size (hid, conn): (1, 7)
	- genome id: 4570
	- belongs to specie: 2
Genetic distance:
	- Maximum: 3.269
	- Mean: 1.686
	- Minimum: 0.420
	- Standard deviation: 0.522

Population of 128 members in 2 species:
	 SID    age    size    fitness    adj fit    stag 
	=====  =====  ======  =========  =========  ======
	  1     36      10      0.300      0.536      2   
	  2     36     118      0.309      0.515      5   

Generation time: 73.786 sec  (74.155 average)
Population 'distance_repr_1' saved! Current generation: 37
Sample chosen: [649, 65, 327, 558, 433, 19, 211, 942, 537, 941, 909, 118, 266, 470, 691, 507]


********** Running generation 37 **********

Full population's fitness overview:
	-       best fitness: 0.33944
	-       mean fitness: 0.17753
	-      worst fitness: 0.00211
	- standard deviation: 0.09209
Best genome overview:
	- fitness: 0.33944
	- size (hid, conn): (4, 16)
	- genome id: 4513
	- belongs to specie: 2
Genetic distance:
	- Maximum: 3.215
	- Mean: 1.647
	- Minimum: 0.254
	- Standard deviation: 0.497

Population of 128 members in 2 species:
	 SID    age    size    fitness    adj fit    stag 
	=====  =====  ======  =========  =========  ======
	  1     37      54      0.260      0.389      3   
	  2     37      74      0.339      0.531      6   

Generation time: 75.124 sec  (74.485 average)
Population 'distance_repr_1' saved! Current generation: 38
Sample chosen: [411, 51, 320, 961, 633, 398, 580, 989, 719, 9, 393, 641, 137, 803, 996, 871]


********** Running generation 38 **********

Full population's fitness overview:
	-       best fitness: 0.29662
	-       mean fitness: 0.15096
	-      worst fitness: 0.00207
	- standard deviation: 0.07386
Best genome overview:
	- fitness: 0.29662
	- size (hid, conn): (0, 5)
	- genome id: 4764
	- belongs to specie: 2
Genetic distance:
	- Maximum: 2.805
	- Mean: 1.577
	- Minimum: 0.275
	- Standard deviation: 0.436

Population of 128 members in 2 species:
	 SID    age    size    fitness    adj fit    stag 
	=====  =====  ======  =========  =========  ======
	  1     38      49      0.280      0.518      4   
	  2     38      79      0.297      0.496      7   

Generation time: 75.478 sec  (74.821 average)
Population 'distance_repr_1' saved! Current generation: 39
Sample chosen: [681, 420, 415, 613, 230, 473, 378, 987, 453, 264, 336, 645, 141, 364, 546, 606]


********** Running generation 39 **********

Full population's fitness overview:
	-       best fitness: 0.31030
	-       mean fitness: 0.15388
	-      worst fitness: 0.00231
	- standard deviation: 0.08234
Best genome overview:
	- fitness: 0.31030
	- size (hid, conn): (3, 9)
	- genome id: 4932
	- belongs to specie: 2
Genetic distance:
	- Maximum: 2.870
	- Mean: 1.661
	- Minimum: 0.393
	- Standard deviation: 0.419

Population of 128 members in 2 species:
	 SID    age    size    fitness    adj fit    stag 
	=====  =====  ======  =========  =========  ======
	  1     39      52      0.273      0.536      5   
	  2     39      76      0.310      0.465      8   

Generation time: 78.303 sec  (75.117 average)
Population 'distance_repr_1' saved! Current generation: 40
Sample chosen: [761, 158, 299, 54, 839, 90, 963, 302, 891, 658, 144, 228, 36, 626, 849, 985]


********** Running generation 40 **********

Full population's fitness overview:
	-       best fitness: 0.40636
	-       mean fitness: 0.19234
	-      worst fitness: 0.00284
	- standard deviation: 0.11896
Best genome overview:
	- fitness: 0.40636
	- size (hid, conn): (1, 7)
	- genome id: 5069
	- belongs to specie: 2
Genetic distance:
	- Maximum: 2.962
	- Mean: 1.695
	- Minimum: 0.326
	- Standard deviation: 0.426

Population of 128 members in 2 species:
	 SID    age    size    fitness    adj fit    stag 
	=====  =====  ======  =========  =========  ======
	  1     40      34      0.357      0.474      6   
	  2     40      94      0.406      0.467      9   

Generation time: 74.110 sec  (75.117 average)
Population 'distance_repr_1' saved! Current generation: 41
Sample chosen: [842, 223, 469, 351, 463, 648, 458, 348, 928, 101, 455, 167, 642, 678, 138, 960]


********** Running generation 41 **********

Full population's fitness overview:
	-       best fitness: 0.43128
	-       mean fitness: 0.20697
	-      worst fitness: 0.00356
	- standard deviation: 0.13863
Best genome overview:
	- fitness: 0.43128
	- size (hid, conn): (1, 7)
	- genome id: 5195
	- belongs to specie: 2
Genetic distance:
	- Maximum: 3.001
	- Mean: 1.621
	- Minimum: 0.229
	- Standard deviation: 0.395

Population of 128 members in 2 species:
	 SID    age    size    fitness    adj fit    stag 
	=====  =====  ======  =========  =========  ======
	  1     41      69      0.415      0.484      0   
	  2     41      59      0.431      0.473      0   

Generation time: 73.656 sec  (74.619 average)
Population 'distance_repr_1' saved! Current generation: 42
Sample chosen: [458, 234, 951, 730, 23, 994, 572, 479, 436, 788, 230, 890, 154, 438, 4, 915]


********** Running generation 42 **********

Full population's fitness overview:
	-       best fitness: 0.30977
	-       mean fitness: 0.16291
	-      worst fitness: 0.00208
	- standard deviation: 0.07591
Best genome overview:
	- fitness: 0.30977
	- size (hid, conn): (1, 7)
	- genome id: 5195
	- belongs to specie: 2
Genetic distance:
	- Maximum: 2.925
	- Mean: 1.577
	- Minimum: 0.203
	- Standard deviation: 0.392

Population of 128 members in 2 species:
	 SID    age    size    fitness    adj fit    stag 
	=====  =====  ======  =========  =========  ======
	  1     42      15      0.297      0.529      1   
	  2     42     113      0.310      0.516      1   

Generation time: 78.261 sec  (75.030 average)
Population 'distance_repr_1' saved! Current generation: 43
Sample chosen: [967, 898, 338, 976, 498, 610, 150, 365, 647, 543, 206, 629, 569, 405, 73, 18]


********** Running generation 43 **********

Full population's fitness overview:
	-       best fitness: 0.40778
	-       mean fitness: 0.20323
	-      worst fitness: 0.00193
	- standard deviation: 0.11381
Best genome overview:
	- fitness: 0.40778
	- size (hid, conn): (2, 11)
	- genome id: 5460
	- belongs to specie: 2
Genetic distance:
	- Maximum: 2.622
	- Mean: 1.637
	- Minimum: 0.338
	- Standard deviation: 0.454

Population of 128 members in 2 species:
	 SID    age    size    fitness    adj fit    stag 
	=====  =====  ======  =========  =========  ======
	  1     43      47      0.349      0.518      2   
	  2     43      81      0.408      0.493      2   

Generation time: 76.863 sec  (75.311 average)
Population 'distance_repr_1' saved! Current generation: 44
Sample chosen: [885, 704, 520, 105, 532, 994, 795, 874, 610, 427, 5, 397, 999, 619, 696, 566]


********** Running generation 44 **********

Full population's fitness overview:
	-       best fitness: 0.31880
	-       mean fitness: 0.15469
	-      worst fitness: 0.00207
	- standard deviation: 0.08797
Best genome overview:
	- fitness: 0.31880
	- size (hid, conn): (0, 5)
	- genome id: 5554
	- belongs to specie: 2
Genetic distance:
	- Maximum: 2.871
	- Mean: 1.729
	- Minimum: 0.531
	- Standard deviation: 0.419

Population of 128 members in 2 species:
	 SID    age    size    fitness    adj fit    stag 
	=====  =====  ======  =========  =========  ======
	  1     44      29      0.273      0.427      3   
	  2     44      99      0.319      0.514      3   

Generation time: 72.625 sec  (75.241 average)
Population 'distance_repr_1' saved! Current generation: 45
Sample chosen: [796, 131, 885, 152, 753, 69, 149, 51, 779, 307, 32, 645, 909, 20, 169, 812]


********** Running generation 45 **********

Full population's fitness overview:
	-       best fitness: 0.28152
	-       mean fitness: 0.16961
	-      worst fitness: 0.00216
	- standard deviation: 0.08524
Best genome overview:
	- fitness: 0.28152
	- size (hid, conn): (4, 13)
	- genome id: 5669
	- belongs to specie: 2
Genetic distance:
	- Maximum: 3.023
	- Mean: 1.610
	- Minimum: 0.169
	- Standard deviation: 0.473

Population of 128 members in 2 species:
	 SID    age    size    fitness    adj fit    stag 
	=====  =====  ======  =========  =========  ======
	  1     45      52      0.258      0.551      4   
	  2     45      76      0.282      0.614      4   

Generation time: 73.256 sec  (75.146 average)
Population 'distance_repr_1' saved! Current generation: 46
Sample chosen: [382, 432, 512, 542, 462, 219, 696, 144, 210, 438, 222, 808, 893, 606, 317, 762]


********** Running generation 46 **********

Full population's fitness overview:
	-       best fitness: 0.37698
	-       mean fitness: 0.18716
	-      worst fitness: 0.00205
	- standard deviation: 0.10863
Best genome overview:
	- fitness: 0.37698
	- size (hid, conn): (0, 4)
	- genome id: 5807
	- belongs to specie: 2
Genetic distance:
	- Maximum: 2.891
	- Mean: 1.613
	- Minimum: 0.000
	- Standard deviation: 0.543

Population of 128 members in 2 species:
	 SID    age    size    fitness    adj fit    stag 
	=====  =====  ======  =========  =========  ======
	  1     46      57      0.333      0.488      5   
	  2     46      71      0.377      0.498      5   

Generation time: 71.409 sec  (74.908 average)
Population 'distance_repr_1' saved! Current generation: 47
Sample chosen: [577, 337, 690, 140, 602, 456, 390, 734, 489, 807, 102, 970, 655, 151, 432, 198]


********** Running generation 47 **********

Full population's fitness overview:
	-       best fitness: 0.40037
	-       mean fitness: 0.18764
	-      worst fitness: 0.00211
	- standard deviation: 0.11014
Best genome overview:
	- fitness: 0.40037
	- size (hid, conn): (1, 7)
	- genome id: 5902
	- belongs to specie: 2
Genetic distance:
	- Maximum: 3.319
	- Mean: 1.574
	- Minimum: 0.092
	- Standard deviation: 0.542

Population of 128 members in 2 species:
	 SID    age    size    fitness    adj fit    stag 
	=====  =====  ======  =========  =========  ======
	  1     47      48      0.368      0.435      6   
	  2     47      80      0.400      0.491      6   

Generation time: 70.729 sec  (74.469 average)
Population 'distance_repr_1' saved! Current generation: 48
Sample chosen: [659, 108, 530, 544, 954, 77, 157, 514, 341, 870, 15, 285, 912, 349, 988, 24]


********** Running generation 48 **********

Full population's fitness overview:
	-       best fitness: 0.43138
	-       mean fitness: 0.22690
	-      worst fitness: 0.00320
	- standard deviation: 0.11737
Best genome overview:
	- fitness: 0.43138
	- size (hid, conn): (1, 7)
	- genome id: 5902
	- belongs to specie: 2
Genetic distance:
	- Maximum: 2.715
	- Mean: 1.521
	- Minimum: 0.034
	- Standard deviation: 0.472

Population of 128 members in 2 species:
	 SID    age    size    fitness    adj fit    stag 
	=====  =====  ======  =========  =========  ======
	  1     48      46      0.418      0.522      0   
	  2     48      82      0.431      0.523      0   

Generation time: 69.247 sec  (73.846 average)
Population 'distance_repr_1' saved! Current generation: 49
Sample chosen: [240, 300, 179, 307, 772, 327, 603, 560, 113, 531, 802, 973, 567, 58, 404, 652]


********** Running generation 49 **********

Full population's fitness overview:
	-       best fitness: 0.32834
	-       mean fitness: 0.14838
	-      worst fitness: 0.00207
	- standard deviation: 0.09696
Best genome overview:
	- fitness: 0.32834
	- size (hid, conn): (1, 7)
	- genome id: 6160
	- belongs to specie: 2
Genetic distance:
	- Maximum: 2.732
	- Mean: 1.415
	- Minimum: 0.102
	- Standard deviation: 0.468

Population of 128 members in 2 species:
	 SID    age    size    fitness    adj fit    stag 
	=====  =====  ======  =========  =========  ======
	  1     49      59      0.314      0.427      1   
	  2     49      69      0.328      0.460      1   

Generation time: 67.091 sec  (72.725 average)
Population 'distance_repr_1' saved! Current generation: 50
Sample chosen: [503, 515, 148, 94, 504, 139, 754, 768, 46, 719, 75, 665, 229, 789, 704, 293]


********** Running generation 50 **********

Full population's fitness overview:
	-       best fitness: 0.32534
	-       mean fitness: 0.15312
	-      worst fitness: 0.00207
	- standard deviation: 0.09432
Best genome overview:
	- fitness: 0.32534
	- size (hid, conn): (1, 7)
	- genome id: 6238
	- belongs to specie: 2
Genetic distance:
	- Maximum: 2.144
	- Mean: 1.385
	- Minimum: 0.222
	- Standard deviation: 0.392

Population of 128 members in 2 species:
	 SID    age    size    fitness    adj fit    stag 
	=====  =====  ======  =========  =========  ======
	  1     50      60      0.301      0.470      2   
	  2     50      68      0.325      0.465      2   

Generation time: 72.441 sec  (72.558 average)
Population 'distance_repr_1' saved! Current generation: 51
Sample chosen: [672, 187, 613, 474, 606, 796, 756, 489, 622, 399, 608, 742, 941, 597, 122, 252]


********** Running generation 51 **********

Full population's fitness overview:
	-       best fitness: 0.42705
	-       mean fitness: 0.19278
	-      worst fitness: 0.00213
	- standard deviation: 0.12679
Best genome overview:
	- fitness: 0.42705
	- size (hid, conn): (2, 11)
	- genome id: 6338
	- belongs to specie: 1
Genetic distance:
	- Maximum: 2.138
	- Mean: 1.452
	- Minimum: 0.150
	- Standard deviation: 0.372

Population of 128 members in 2 species:
	 SID    age    size    fitness    adj fit    stag 
	=====  =====  ======  =========  =========  ======
	  1     51      53      0.427      0.469      0   
	  2     51      75      0.406      0.431      3   

Generation time: 69.217 sec  (72.114 average)
Population 'distance_repr_1' saved! Current generation: 52
Sample chosen: [399, 500, 419, 295, 917, 955, 306, 862, 75, 847, 74, 932, 187, 246, 236, 501]


********** Running generation 52 **********

Full population's fitness overview:
	-       best fitness: 0.39764
	-       mean fitness: 0.19333
	-      worst fitness: 0.00209
	- standard deviation: 0.11301
Best genome overview:
	- fitness: 0.39764
	- size (hid, conn): (1, 7)
	- genome id: 6508
	- belongs to specie: 2
Genetic distance:
	- Maximum: 2.171
	- Mean: 1.526
	- Minimum: 0.242
	- Standard deviation: 0.310

Population of 128 members in 2 species:
	 SID    age    size    fitness    adj fit    stag 
	=====  =====  ======  =========  =========  ======
	  1     52      53      0.393      0.534      1   
	  2     52      75      0.398      0.448      4   

Generation time: 71.107 sec  (71.398 average)
Population 'distance_repr_1' saved! Current generation: 53
Sample chosen: [269, 890, 278, 565, 611, 923, 901, 629, 874, 324, 928, 59, 506, 866, 395, 353]


********** Running generation 53 **********

Full population's fitness overview:
	-       best fitness: 0.30843
	-       mean fitness: 0.14130
	-      worst fitness: 0.00207
	- standard deviation: 0.08991
Best genome overview:
	- fitness: 0.30843
	- size (hid, conn): (1, 6)
	- genome id: 6638
	- belongs to specie: 2
Genetic distance:
	- Maximum: 2.090
	- Mean: 1.557
	- Minimum: 0.187
	- Standard deviation: 0.328

Population of 128 members in 2 species:
	 SID    age    size    fitness    adj fit    stag 
	=====  =====  ======  =========  =========  ======
	  1     53      57      0.290      0.481      2   
	  2     53      71      0.308      0.436      5   

Generation time: 69.895 sec  (70.702 average)
Population 'distance_repr_1' saved! Current generation: 54
Sample chosen: [247, 19, 64, 833, 871, 936, 318, 394, 416, 214, 492, 853, 315, 451, 907, 676]


********** Running generation 54 **********

Full population's fitness overview:
	-       best fitness: 0.46715
	-       mean fitness: 0.20790
	-      worst fitness: 0.00207
	- standard deviation: 0.14673
Best genome overview:
	- fitness: 0.46715
	- size (hid, conn): (1, 5)
	- genome id: 6784
	- belongs to specie: 2
Genetic distance:
	- Maximum: 2.592
	- Mean: 1.720
	- Minimum: 0.158
	- Standard deviation: 0.344

Population of 128 members in 2 species:
	 SID    age    size    fitness    adj fit    stag 
	=====  =====  ======  =========  =========  ======
	  1     54      71      0.446      0.419      0   
	  2     54      57      0.467      0.461      0   

Generation time: 72.998 sec  (70.739 average)
Population 'distance_repr_1' saved! Current generation: 55
Sample chosen: [471, 641, 793, 600, 183, 21, 354, 637, 213, 634, 360, 221, 364, 373, 468, 168]


********** Running generation 55 **********

Full population's fitness overview:
	-       best fitness: 0.28188
	-       mean fitness: 0.12202
	-      worst fitness: 0.00206
	- standard deviation: 0.07582
Best genome overview:
	- fitness: 0.28188
	- size (hid, conn): (1, 8)
	- genome id: 6754
	- belongs to specie: 1
Genetic distance:
	- Maximum: 2.611
	- Mean: 1.861
	- Minimum: 0.000
	- Standard deviation: 0.359

Population of 128 members in 2 species:
	 SID    age    size    fitness    adj fit    stag 
	=====  =====  ======  =========  =========  ======
	  1     55      53      0.282      0.456      1   
	  2     55      75      0.260      0.394      1   

Generation time: 72.424 sec  (70.656 average)
Population 'distance_repr_1' saved! Current generation: 56
Sample chosen: [763, 223, 111, 508, 792, 157, 929, 852, 935, 215, 255, 626, 767, 998, 31, 291]


********** Running generation 56 **********

Full population's fitness overview:
	-       best fitness: 0.53542
	-       mean fitness: 0.22501
	-      worst fitness: 0.00207
	- standard deviation: 0.15255
Best genome overview:
	- fitness: 0.53542
	- size (hid, conn): (1, 8)
	- genome id: 6754
	- belongs to specie: 1
Genetic distance:
	- Maximum: 2.724
	- Mean: 1.890
	- Minimum: 0.000
	- Standard deviation: 0.460

Population of 128 members in 3 species:
	 SID    age    size    fitness    adj fit    stag 
	=====  =====  ======  =========  =========  ======
	  1     56      44      0.535      0.418      0   
	  2     56      76      0.521      0.418      0   
	  3      0      8        --         --        0   

Generation time: 76.102 sec  (71.125 average)
Population 'distance_repr_1' saved! Current generation: 57
Sample chosen: [289, 214, 80, 320, 852, 108, 45, 997, 666, 783, 719, 564, 699, 167, 525, 495]


********** Running generation 57 **********

Full population's fitness overview:
	-       best fitness: 0.42355
	-       mean fitness: 0.19659
	-      worst fitness: 0.00222
	- standard deviation: 0.13351
Best genome overview:
	- fitness: 0.42355
	- size (hid, conn): (1, 7)
	- genome id: 7143
	- belongs to specie: 2
Genetic distance:
	- Maximum: 2.885
	- Mean: 1.958
	- Minimum: 0.000
	- Standard deviation: 0.589

Population of 127 members in 3 species:
	 SID    age    size    fitness    adj fit    stag 
	=====  =====  ======  =========  =========  ======
	  1     57      76      0.414      0.438      1   
	  2     57      15      0.424      0.481      1   
	  3      1      36      0.346      0.400      0   

Generation time: 71.693 sec  (71.221 average)
Population 'distance_repr_1' saved! Current generation: 58
Sample chosen: [410, 520, 682, 160, 689, 872, 266, 913, 510, 864, 200, 848, 168, 811, 120, 538]


********** Running generation 58 **********

Full population's fitness overview:
	-       best fitness: 0.36286
	-       mean fitness: 0.15253
	-      worst fitness: 0.00197
	- standard deviation: 0.10539
Best genome overview:
	- fitness: 0.36286
	- size (hid, conn): (1, 7)
	- genome id: 7143
	- belongs to specie: 1
Genetic distance:
	- Maximum: 3.208
	- Mean: 1.995
	- Minimum: 0.053
	- Standard deviation: 0.675

Population of 128 members in 3 species:
	 SID    age    size    fitness    adj fit    stag 
	=====  =====  ======  =========  =========  ======
	  1     58      6       0.363      0.456      2   
	  2     58      77      0.279      0.266      2   
	  3      2      45      0.350      0.399      0   

Generation time: 70.012 sec  (71.298 average)
Population 'distance_repr_1' saved! Current generation: 59
Sample chosen: [259, 141, 192, 468, 933, 25, 759, 237, 359, 791, 753, 219, 878, 509, 110, 185]


********** Running generation 59 **********

Full population's fitness overview:
	-       best fitness: 0.34982
	-       mean fitness: 0.15911
	-      worst fitness: 0.00203
	- standard deviation: 0.10295
Best genome overview:
	- fitness: 0.34982
	- size (hid, conn): (0, 4)
	- genome id: 7371
	- belongs to specie: 3
Genetic distance:
	- Maximum: 2.893
	- Mean: 1.900
	- Minimum: 0.000
	- Standard deviation: 0.638

Population of 128 members in 3 species:
	 SID    age    size    fitness    adj fit    stag 
	=====  =====  ======  =========  =========  ======
	  1     59      44      0.265      0.284      3   
	  2     59      33      0.349      0.422      3   
	  3      3      51      0.350      0.525      1   

Generation time: 70.785 sec  (71.667 average)
Population 'distance_repr_1' saved! Current generation: 60
Sample chosen: [153, 15, 100, 487, 733, 928, 311, 504, 537, 233, 472, 45, 672, 747, 35, 758]


********** Running generation 60 **********

Full population's fitness overview:
	-       best fitness: 0.35122
	-       mean fitness: 0.17966
	-      worst fitness: 0.00203
	- standard deviation: 0.10763
Best genome overview:
	- fitness: 0.35122
	- size (hid, conn): (0, 4)
	- genome id: 7508
	- belongs to specie: 2
Genetic distance:
	- Maximum: 3.209
	- Mean: 1.937
	- Minimum: 0.135
	- Standard deviation: 0.660

Population of 127 members in 3 species:
	 SID    age    size    fitness    adj fit    stag 
	=====  =====  ======  =========  =========  ======
	  1     60      64      0.340      0.420      4   
	  2     60      16      0.351      0.596      4   
	  3      4      47      0.328      0.529      2   

Generation time: 70.688 sec  (71.492 average)
Population 'distance_repr_1' saved! Current generation: 61
Sample chosen: [26, 972, 342, 260, 582, 809, 134, 406, 282, 921, 454, 864, 243, 571, 3, 698]


********** Running generation 61 **********

Full population's fitness overview:
	-       best fitness: 0.38716
	-       mean fitness: 0.15331
	-      worst fitness: 0.00348
	- standard deviation: 0.10636
Best genome overview:
	- fitness: 0.38716
	- size (hid, conn): (1, 7)
	- genome id: 7456
	- belongs to specie: 1
Genetic distance:
	- Maximum: 3.130
	- Mean: 1.817
	- Minimum: 0.139
	- Standard deviation: 0.631

Population of 127 members in 3 species:
	 SID    age    size    fitness    adj fit    stag 
	=====  =====  ======  =========  =========  ======
	  1     61      2       0.387      0.392      5   
	  2     61      71      0.339      0.238      5   
	  3      5      54      0.307      0.440      3   

Generation time: 68.106 sec  (71.381 average)
Population 'distance_repr_1' saved! Current generation: 62
Sample chosen: [848, 624, 18, 351, 641, 245, 837, 611, 364, 1, 355, 490, 793, 287, 278, 147]


********** Running generation 62 **********

Full population's fitness overview:
	-       best fitness: 0.37462
	-       mean fitness: 0.14881
	-      worst fitness: 0.00192
	- standard deviation: 0.11105
Best genome overview:
	- fitness: 0.37462
	- size (hid, conn): (0, 5)
	- genome id: 7755
	- belongs to specie: 2
Genetic distance:
	- Maximum: 2.992
	- Mean: 1.697
	- Minimum: 0.000
	- Standard deviation: 0.644

Population of 129 members in 3 species:
	 SID    age    size    fitness    adj fit    stag 
	=====  =====  ======  =========  =========  ======
	  1     62      19      0.006      0.010      6   
	  2     62      47      0.375      0.400      6   
	  3      6      63      0.324      0.401      4   

Generation time: 68.414 sec  (71.112 average)
Population 'distance_repr_1' saved! Current generation: 63
Sample chosen: [632, 899, 91, 779, 169, 338, 269, 411, 771, 549, 997, 578, 223, 160, 655, 790]


********** Running generation 63 **********

Full population's fitness overview:
	-       best fitness: 0.38179
	-       mean fitness: 0.15591
	-      worst fitness: 0.00216
	- standard deviation: 0.10620
Best genome overview:
	- fitness: 0.38179
	- size (hid, conn): (0, 4)
	- genome id: 7886
	- belongs to specie: 2
Genetic distance:
	- Maximum: 3.334
	- Mean: 1.727
	- Minimum: 0.039
	- Standard deviation: 0.563

Population of 129 members in 3 species:
	 SID    age    size    fitness    adj fit    stag 
	=====  =====  ======  =========  =========  ======
	  1     63      3       0.272      0.327      7   
	  2     63      74      0.382      0.385      7   
	  3      7      52      0.370      0.443      0   

Generation time: 66.861 sec  (70.808 average)
Population 'distance_repr_1' saved! Current generation: 64
Sample chosen: [114, 630, 142, 116, 587, 608, 108, 489, 239, 238, 18, 558, 203, 616, 261, 690]


********** Running generation 64 **********

Full population's fitness overview:
	-       best fitness: 0.29647
	-       mean fitness: 0.16370
	-      worst fitness: 0.00211
	- standard deviation: 0.09292
Best genome overview:
	- fitness: 0.29647
	- size (hid, conn): (0, 4)
	- genome id: 7951
	- belongs to specie: 2
Genetic distance:
	- Maximum: 3.189
	- Mean: 1.703
	- Minimum: 0.119
	- Standard deviation: 0.549

Population of 129 members in 3 species:
	 SID    age    size    fitness    adj fit    stag 
	=====  =====  ======  =========  =========  ======
	  1     64      11      0.220      0.249      8   
	  2     64      65      0.296      0.546      8   
	  3      8      53      0.288      0.570      1   

Generation time: 70.475 sec  (70.556 average)
Population 'distance_repr_1' saved! Current generation: 65
Sample chosen: [466, 662, 165, 738, 588, 123, 232, 860, 694, 562, 473, 138, 342, 26, 785, 461]


********** Running generation 65 **********

Full population's fitness overview:
	-       best fitness: 0.37788
	-       mean fitness: 0.18115
	-      worst fitness: 0.00251
	- standard deviation: 0.11808
Best genome overview:
	- fitness: 0.37788
	- size (hid, conn): (0, 4)
	- genome id: 8114
	- belongs to specie: 2
Genetic distance:
	- Maximum: 3.305
	- Mean: 1.658
	- Minimum: 0.084
	- Standard deviation: 0.550

Population of 128 members in 3 species:
	 SID    age    size    fitness    adj fit    stag 
	=====  =====  ======  =========  =========  ======
	  1     65      51      0.278      0.347      9   
	  2     65      24      0.378      0.471      9   
	  3      9      53      0.370      0.509      2   

Generation time: 70.636 sec  (70.377 average)
Population 'distance_repr_1' saved! Current generation: 66
Sample chosen: [612, 762, 508, 813, 433, 968, 219, 164, 121, 657, 362, 580, 488, 162, 495, 681]


********** Running generation 66 **********

Full population's fitness overview:
	-       best fitness: 0.32217
	-       mean fitness: 0.15286
	-      worst fitness: 0.00202
	- standard deviation: 0.08906
Best genome overview:
	- fitness: 0.32217
	- size (hid, conn): (1, 5)
	- genome id: 8275
	- belongs to specie: 1
Genetic distance:
	- Maximum: 2.574
	- Mean: 1.681
	- Minimum: 0.105
	- Standard deviation: 0.427

Population of 128 members in 3 species:
	 SID    age    size    fitness    adj fit    stag 
	=====  =====  ======  =========  =========  ======
	  1     66      62      0.322      0.442      10  
	  2     66      20      0.320      0.540      10  
	  3     10      46      0.298      0.468      3   

Generation time: 68.406 sec  (69.608 average)
Population 'distance_repr_1' saved! Current generation: 67
Sample chosen: [430, 569, 774, 799, 186, 243, 746, 773, 353, 564, 222, 642, 869, 370, 372, 754]


********** Running generation 67 **********

Full population's fitness overview:
	-       best fitness: 0.45785
	-       mean fitness: 0.18838
	-      worst fitness: 0.00196
	- standard deviation: 0.12883
Best genome overview:
	- fitness: 0.45785
	- size (hid, conn): (2, 12)
	- genome id: 8355
	- belongs to specie: 1
Genetic distance:
	- Maximum: 2.703
	- Mean: 1.744
	- Minimum: 0.048
	- Standard deviation: 0.465

Population of 128 members in 3 species:
	 SID    age    size    fitness    adj fit    stag 
	=====  =====  ======  =========  =========  ======
	  1     67      18      0.458      0.408      11  
	  2     67      58      0.370      0.333      11  
	  3     11      52      0.400      0.444      0   

Generation time: 71.301 sec  (69.568 average)
Population 'distance_repr_1' saved! Current generation: 68
Sample chosen: [227, 46, 73, 896, 669, 793, 117, 486, 423, 733, 449, 403, 833, 473, 635, 108]


********** Running generation 68 **********

Full population's fitness overview:
	-       best fitness: 0.34602
	-       mean fitness: 0.17270
	-      worst fitness: 0.00201
	- standard deviation: 0.09412
Best genome overview:
	- fitness: 0.34602
	- size (hid, conn): (0, 7)
	- genome id: 8307
	- belongs to specie: 3
Genetic distance:
	- Maximum: 2.721
	- Mean: 1.779
	- Minimum: 0.000
	- Standard deviation: 0.473

Population of 128 members in 3 species:
	 SID    age    size    fitness    adj fit    stag 
	=====  =====  ======  =========  =========  ======
	  1     68      42      0.271      0.374      12  
	  2     68      26      0.312      0.503      12  
	  3     12      60      0.346      0.531      1   

Generation time: 68.061 sec  (69.373 average)
Population 'distance_repr_1' saved! Current generation: 69
Sample chosen: [959, 651, 97, 15, 637, 214, 483, 316, 135, 834, 287, 643, 912, 346, 770, 171]


********** Running generation 69 **********

Full population's fitness overview:
	-       best fitness: 0.38855
	-       mean fitness: 0.17028
	-      worst fitness: 0.00206
	- standard deviation: 0.11288
Best genome overview:
	- fitness: 0.38855
	- size (hid, conn): (0, 4)
	- genome id: 8596
	- belongs to specie: 1
Genetic distance:
	- Maximum: 3.615
	- Mean: 1.855
	- Minimum: 0.041
	- Standard deviation: 0.576

Population of 129 members in 5 species:
	 SID    age    size    fitness    adj fit    stag 
	=====  =====  ======  =========  =========  ======
	  1     69      74      0.389      0.477      13  
	  2     69      30      0.338      0.501      13  
	  3     13      12      0.369      0.378      2   
	  4      0      10       --         --        0   
	  5      0      3        --         --        0   

Generation time: 71.106 sec  (69.405 average)
Population 'distance_repr_1' saved! Current generation: 70
Sample chosen: [803, 323, 929, 755, 660, 47, 9, 274, 87, 844, 457, 907, 322, 882, 855, 147]


********** Running generation 70 **********

Full population's fitness overview:
	-       best fitness: 0.36040
	-       mean fitness: 0.17548
	-      worst fitness: 0.00249
	- standard deviation: 0.09768
Best genome overview:
	- fitness: 0.36040
	- size (hid, conn): (2, 7)
	- genome id: 8682
	- belongs to specie: 2
Genetic distance:
	- Maximum: 3.398
	- Mean: 1.931
	- Minimum: 0.105
	- Standard deviation: 0.570

Population of 129 members in 5 species:
	 SID    age    size    fitness    adj fit    stag 
	=====  =====  ======  =========  =========  ======
	  1     70      2       0.307      0.532      14  
	  2     70      11      0.360      0.418      14  
	  3     14      88      0.277      0.307      3   
	  4      1      17      0.341      0.537      0   
	  5      1      11      0.238      0.466      0   

Generation time: 68.675 sec  (69.204 average)
Population 'distance_repr_1' saved! Current generation: 71
Sample chosen: [15, 33, 393, 229, 600, 439, 387, 430, 507, 936, 92, 692, 674, 883, 537, 609]


********** Running generation 71 **********

Full population's fitness overview:
	-       best fitness: 0.33512
	-       mean fitness: 0.14150
	-      worst fitness: 0.00198
	- standard deviation: 0.09700
Best genome overview:
	- fitness: 0.33512
	- size (hid, conn): (3, 11)
	- genome id: 8843
	- belongs to specie: 3

Species 1 with 2 members is stagnated: removing it

Species 2 with 11 members is stagnated: removing it
Genetic distance:
	- Maximum: 3.605
	- Mean: 1.822
	- Minimum: 0.335
	- Standard deviation: 0.739

Population of 128 members in 3 species:
	 SID    age    size    fitness    adj fit    stag 
	=====  =====  ======  =========  =========  ======
	  3     15      80      0.335      0.383      4   
	  4      2      35      0.325      0.590      1   
	  5      2      13      0.271      0.437      0   

Generation time: 66.711 sec  (69.065 average)
Population 'distance_repr_1' saved! Current generation: 72
Sample chosen: [756, 187, 138, 20, 858, 755, 203, 353, 562, 373, 63, 42, 108, 762, 757, 659]


********** Running generation 72 **********

Full population's fitness overview:
	-       best fitness: 0.32625
	-       mean fitness: 0.16604
	-      worst fitness: 0.00190
	- standard deviation: 0.09390
Best genome overview:
	- fitness: 0.32625
	- size (hid, conn): (0, 4)
	- genome id: 8909
	- belongs to specie: 3
Genetic distance:
	- Maximum: 3.264
	- Mean: 1.695
	- Minimum: 0.111
	- Standard deviation: 0.700

Population of 128 members in 3 species:
	 SID    age    size    fitness    adj fit    stag 
	=====  =====  ======  =========  =========  ======
	  3     16      68      0.326      0.521      5   
	  4      3      36      0.319      0.514      2   
	  5      3      24      0.240      0.394      1   

Generation time: 67.194 sec  (68.943 average)
Population 'distance_repr_1' saved! Current generation: 73
Sample chosen: [329, 597, 434, 752, 843, 129, 159, 860, 819, 568, 893, 946, 140, 145, 644, 808]


********** Running generation 73 **********

Full population's fitness overview:
	-       best fitness: 0.35182
	-       mean fitness: 0.17739
	-      worst fitness: 0.00195
	- standard deviation: 0.09464
Best genome overview:
	- fitness: 0.35182
	- size (hid, conn): (2, 10)
	- genome id: 9084
	- belongs to specie: 4
Genetic distance:
	- Maximum: 3.258
	- Mean: 1.738
	- Minimum: 0.224
	- Standard deviation: 0.682

Population of 128 members in 3 species:
	 SID    age    size    fitness    adj fit    stag 
	=====  =====  ======  =========  =========  ======
	  3     17      69      0.322      0.491      6   
	  4      4      28      0.352      0.525      0   
	  5      4      31      0.270      0.496      2   

Generation time: 67.009 sec  (68.957 average)
Population 'distance_repr_1' saved! Current generation: 74
Sample chosen: [926, 175, 742, 476, 755, 986, 443, 853, 542, 946, 910, 503, 731, 737, 405, 758]


********** Running generation 74 **********

Full population's fitness overview:
	-       best fitness: 0.37562
	-       mean fitness: 0.18256
	-      worst fitness: 0.00201
	- standard deviation: 0.08741
Best genome overview:
	- fitness: 0.37562
	- size (hid, conn): (0, 4)
	- genome id: 9161
	- belongs to specie: 5
Genetic distance:
	- Maximum: 3.046
	- Mean: 1.757
	- Minimum: 0.079
	- Standard deviation: 0.608

Population of 128 members in 3 species:
	 SID    age    size    fitness    adj fit    stag 
	=====  =====  ======  =========  =========  ======
	  3     18      20      0.317      0.444      7   
	  4      5      72      0.365      0.511      0   
	  5      5      36      0.376      0.546      0   

Generation time: 68.483 sec  (68.758 average)
Population 'distance_repr_1' saved! Current generation: 75
Sample chosen: [602, 838, 109, 436, 415, 337, 906, 996, 521, 696, 972, 261, 376, 11, 31, 453]


********** Running generation 75 **********

Full population's fitness overview:
	-       best fitness: 0.40890
	-       mean fitness: 0.19080
	-      worst fitness: 0.00198
	- standard deviation: 0.10878
Best genome overview:
	- fitness: 0.40890
	- size (hid, conn): (2, 10)
	- genome id: 9312
	- belongs to specie: 4
Genetic distance:
	- Maximum: 3.294
	- Mean: 1.697
	- Minimum: 0.230
	- Standard deviation: 0.623

Population of 128 members in 3 species:
	 SID    age    size    fitness    adj fit    stag 
	=====  =====  ======  =========  =========  ======
	  3     19      58      0.320      0.417      8   
	  4      6      59      0.409      0.491      0   
	  5      6      11      0.325      0.437      1   

Generation time: 67.671 sec  (68.462 average)
Population 'distance_repr_1' saved! Current generation: 76
Sample chosen: [363, 546, 409, 154, 178, 183, 129, 545, 590, 63, 319, 453, 6, 206, 143, 532]


********** Running generation 76 **********

Full population's fitness overview:
	-       best fitness: 0.35427
	-       mean fitness: 0.16404
	-      worst fitness: 0.00208
	- standard deviation: 0.09652
Best genome overview:
	- fitness: 0.35427
	- size (hid, conn): (2, 11)
	- genome id: 9469
	- belongs to specie: 4
Genetic distance:
	- Maximum: 3.251
	- Mean: 1.561
	- Minimum: 0.000
	- Standard deviation: 0.631

Population of 128 members in 3 species:
	 SID    age    size    fitness    adj fit    stag 
	=====  =====  ======  =========  =========  ======
	  3     20      66      0.337      0.443      9   
	  4      7      51      0.354      0.481      1   
	  5      7      11      0.274      0.436      2   

Generation time: 68.581 sec  (68.479 average)
Population 'distance_repr_1' saved! Current generation: 77
Sample chosen: [82, 904, 643, 379, 393, 916, 358, 955, 563, 12, 826, 781, 202, 893, 211, 488]


********** Running generation 77 **********

Full population's fitness overview:
	-       best fitness: 0.36646
	-       mean fitness: 0.16074
	-      worst fitness: 0.00197
	- standard deviation: 0.09823
Best genome overview:
	- fitness: 0.36646
	- size (hid, conn): (2, 11)
	- genome id: 9593
	- belongs to specie: 4
Genetic distance:
	- Maximum: 3.336
	- Mean: 1.696
	- Minimum: 0.136
	- Standard deviation: 0.713

Population of 127 members in 3 species:
	 SID    age    size    fitness    adj fit    stag 
	=====  =====  ======  =========  =========  ======
	  3     21      50      0.354      0.365      10  
	  4      8      48      0.366      0.502      2   
	  5      8      29      0.310      0.550      3   

Generation time: 68.847 sec  (68.234 average)
Population 'distance_repr_1' saved! Current generation: 78
Sample chosen: [345, 754, 109, 595, 966, 916, 244, 729, 843, 624, 650, 376, 288, 229, 887, 710]


********** Running generation 78 **********

Full population's fitness overview:
	-       best fitness: 0.34594
	-       mean fitness: 0.16189
	-      worst fitness: 0.00190
	- standard deviation: 0.09014
Best genome overview:
	- fitness: 0.34594
	- size (hid, conn): (2, 7)
	- genome id: 9677
	- belongs to specie: 3
Genetic distance:
	- Maximum: 2.894
	- Mean: 1.704
	- Minimum: 0.301
	- Standard deviation: 0.557

Population of 128 members in 3 species:
	 SID    age    size    fitness    adj fit    stag 
	=====  =====  ======  =========  =========  ======
	  3     22      61      0.346      0.435      11  
	  4      9      45      0.320      0.461      3   
	  5      9      22      0.327      0.523      4   

Generation time: 66.566 sec  (68.084 average)
Population 'distance_repr_1' saved! Current generation: 79
Sample chosen: [300, 219, 894, 964, 633, 766, 95, 747, 238, 527, 565, 551, 211, 99, 909, 870]


********** Running generation 79 **********

Full population's fitness overview:
	-       best fitness: 0.38538
	-       mean fitness: 0.17694
	-      worst fitness: 0.00213
	- standard deviation: 0.10557
Best genome overview:
	- fitness: 0.38538
	- size (hid, conn): (1, 6)
	- genome id: 9816
	- belongs to specie: 5
Genetic distance:
	- Maximum: 3.121
	- Mean: 1.690
	- Minimum: 0.360
	- Standard deviation: 0.631

Population of 129 members in 3 species:
	 SID    age    size    fitness    adj fit    stag 
	=====  =====  ======  =========  =========  ======
	  3     23      12      0.354      0.454      12  
	  4     10      37      0.366      0.455      4   
	  5     10      80      0.385      0.464      0   

Generation time: 70.466 sec  (68.020 average)
Population 'distance_repr_1' saved! Current generation: 80
Sample chosen: [608, 881, 426, 573, 58, 943, 575, 598, 480, 824, 40, 124, 325, 99, 860, 846]


********** Running generation 80 **********

Full population's fitness overview:
	-       best fitness: 0.35769
	-       mean fitness: 0.15800
	-      worst fitness: 0.00198
	- standard deviation: 0.10518
Best genome overview:
	- fitness: 0.35769
	- size (hid, conn): (0, 4)
	- genome id: 9887
	- belongs to specie: 5
Genetic distance:
	- Maximum: 3.017
	- Mean: 1.598
	- Minimum: 0.285
	- Standard deviation: 0.628

Population of 129 members in 3 species:
	 SID    age    size    fitness    adj fit    stag 
	=====  =====  ======  =========  =========  ======
	  3     24      24      0.309      0.380      13  
	  4     11      39      0.355      0.438      5   
	  5     11      66      0.358      0.448      1   

Generation time: 70.513 sec  (68.204 average)
Population 'distance_repr_1' saved! Current generation: 81
Sample chosen: [277, 869, 716, 852, 941, 197, 794, 606, 341, 166, 271, 679, 389, 298, 791, 580]


********** Running generation 81 **********

Full population's fitness overview:
	-       best fitness: 0.46631
	-       mean fitness: 0.18660
	-      worst fitness: 0.00196
	- standard deviation: 0.11628
Best genome overview:
	- fitness: 0.46631
	- size (hid, conn): (0, 5)
	- genome id: 10111
	- belongs to specie: 5
Genetic distance:
	- Maximum: 3.179
	- Mean: 1.698
	- Minimum: 0.342
	- Standard deviation: 0.691

Population of 128 members in 3 species:
	 SID    age    size    fitness    adj fit    stag 
	=====  =====  ======  =========  =========  ======
	  3     25      77      0.358      0.381      14  
	  4     12      35      0.420      0.358      0   
	  5     12      16      0.466      0.427      0   

Generation time: 70.509 sec  (68.584 average)
Population 'distance_repr_1' saved! Current generation: 82
Sample chosen: [422, 509, 906, 64, 941, 620, 565, 354, 948, 386, 893, 601, 121, 607, 126, 308]


********** Running generation 82 **********

Full population's fitness overview:
	-       best fitness: 0.33366
	-       mean fitness: 0.16834
	-      worst fitness: 0.00232
	- standard deviation: 0.09230
Best genome overview:
	- fitness: 0.33366
	- size (hid, conn): (1, 6)
	- genome id: 10228
	- belongs to specie: 3
Genetic distance:
	- Maximum: 3.335
	- Mean: 1.863
	- Minimum: 0.382
	- Standard deviation: 0.774

Population of 128 members in 3 species:
	 SID    age    size    fitness    adj fit    stag 
	=====  =====  ======  =========  =========  ======
	  3     26      86      0.334      0.538      15  
	  4     13      32      0.326      0.431      1   
	  5     13      10      0.281      0.474      1   

Generation time: 69.498 sec  (68.814 average)
Population 'distance_repr_1' saved! Current generation: 83
Sample chosen: [901, 981, 8, 150, 493, 251, 181, 433, 687, 200, 875, 9, 121, 830, 871, 742]


********** Running generation 83 **********

Full population's fitness overview:
	-       best fitness: 0.32102
	-       mean fitness: 0.16746
	-      worst fitness: 0.00212
	- standard deviation: 0.09213
Best genome overview:
	- fitness: 0.32102
	- size (hid, conn): (2, 10)
	- genome id: 10288
	- belongs to specie: 4
Genetic distance:
	- Maximum: 3.123
	- Mean: 1.660
	- Minimum: 0.000
	- Standard deviation: 0.652

Population of 128 members in 3 species:
	 SID    age    size    fitness    adj fit    stag 
	=====  =====  ======  =========  =========  ======
	  3     27      49      0.315      0.500      16  
	  4     14      36      0.321      0.552      2   
	  5     14      43      0.284      0.567      2   

Generation time: 71.510 sec  (69.264 average)
Population 'distance_repr_1' saved! Current generation: 84
Sample chosen: [328, 539, 128, 856, 504, 970, 520, 604, 299, 12, 785, 755, 836, 381, 796, 935]


********** Running generation 84 **********

Full population's fitness overview:
	-       best fitness: 0.41996
	-       mean fitness: 0.21305
	-      worst fitness: 0.00208
	- standard deviation: 0.10969
Best genome overview:
	- fitness: 0.41996
	- size (hid, conn): (4, 14)
	- genome id: 10471
	- belongs to specie: 4

Species 3 with 49 members is stagnated: removing it
Genetic distance:
	- Maximum: 3.132
	- Mean: 1.901
	- Minimum: 0.268
	- Standard deviation: 0.828

Population of 128 members in 2 species:
	 SID    age    size    fitness    adj fit    stag 
	=====  =====  ======  =========  =========  ======
	  4     15      62      0.420      0.499      3   
	  5     15      66      0.411      0.504      3   

Generation time: 67.423 sec  (69.158 average)
Population 'distance_repr_1' saved! Current generation: 85
Sample chosen: [678, 339, 241, 770, 450, 813, 553, 316, 479, 831, 41, 215, 69, 883, 891, 176]


********** Running generation 85 **********

Full population's fitness overview:
	-       best fitness: 0.43607
	-       mean fitness: 0.21294
	-      worst fitness: 0.00195
	- standard deviation: 0.11140
Best genome overview:
	- fitness: 0.43607
	- size (hid, conn): (2, 11)
	- genome id: 10579
	- belongs to specie: 4
Genetic distance:
	- Maximum: 3.190
	- Mean: 2.059
	- Minimum: 0.071
	- Standard deviation: 0.781

Population of 128 members in 3 species:
	 SID    age    size    fitness    adj fit    stag 
	=====  =====  ======  =========  =========  ======
	  4     16      64      0.436      0.500      0   
	  5     16      63      0.399      0.473      4   
	  6      0      1        --         --        0   

Generation time: 69.584 sec  (69.350 average)
Population 'distance_repr_1' saved! Current generation: 86
Sample chosen: [755, 398, 286, 592, 613, 218, 948, 175, 881, 392, 943, 677, 966, 451, 939, 239]


********** Running generation 86 **********

Full population's fitness overview:
	-       best fitness: 0.34394
	-       mean fitness: 0.16938
	-      worst fitness: 0.00210
	- standard deviation: 0.09448
Best genome overview:
	- fitness: 0.34394
	- size (hid, conn): (2, 11)
	- genome id: 10680
	- belongs to specie: 4
Genetic distance:
	- Maximum: 3.207
	- Mean: 2.083
	- Minimum: 0.000
	- Standard deviation: 0.688

Population of 128 members in 3 species:
	 SID    age    size    fitness    adj fit    stag 
	=====  =====  ======  =========  =========  ======
	  4     17      58      0.344      0.514      1   
	  5     17      39      0.333      0.468      5   
	  6      1      31      0.097      0.279      0   

Generation time: 71.867 sec  (69.678 average)
Population 'distance_repr_1' saved! Current generation: 87
Sample chosen: [544, 193, 651, 932, 322, 527, 674, 56, 400, 699, 38, 231, 914, 939, 117, 653]


********** Running generation 87 **********

Full population's fitness overview:
	-       best fitness: 0.44006
	-       mean fitness: 0.21245
	-      worst fitness: 0.00206
	- standard deviation: 0.11285
Best genome overview:
	- fitness: 0.44006
	- size (hid, conn): (2, 11)
	- genome id: 10854
	- belongs to specie: 4
Genetic distance:
	- Maximum: 3.487
	- Mean: 2.040
	- Minimum: 0.316
	- Standard deviation: 0.750

Population of 128 members in 3 species:
	 SID    age    size    fitness    adj fit    stag 
	=====  =====  ======  =========  =========  ======
	  4     18      49      0.440      0.488      0   
	  5     18      31      0.381      0.490      6   
	  6      2      48      0.356      0.455      0   

Generation time: 70.059 sec  (69.800 average)
Population 'distance_repr_1' saved! Current generation: 88
Sample chosen: [749, 401, 743, 918, 398, 771, 850, 130, 244, 95, 646, 88, 439, 555, 447, 525]


********** Running generation 88 **********

Full population's fitness overview:
	-       best fitness: 0.29330
	-       mean fitness: 0.13359
	-      worst fitness: 0.00202
	- standard deviation: 0.08549
Best genome overview:
	- fitness: 0.29330
	- size (hid, conn): (0, 5)
	- genome id: 10928
	- belongs to specie: 5
Genetic distance:
	- Maximum: 3.528
	- Mean: 1.886
	- Minimum: 0.000
	- Standard deviation: 0.751

Population of 128 members in 3 species:
	 SID    age    size    fitness    adj fit    stag 
	=====  =====  ======  =========  =========  ======
	  4     19      46      0.291      0.466      1   
	  5     19      19      0.293      0.535      7   
	  6      3      63      0.267      0.384      1   

Generation time: 69.928 sec  (70.136 average)
Population 'distance_repr_1' saved! Current generation: 89
Sample chosen: [611, 74, 569, 932, 700, 933, 58, 203, 666, 396, 111, 909, 944, 971, 601, 177]


********** Running generation 89 **********

Full population's fitness overview:
	-       best fitness: 0.29818
	-       mean fitness: 0.15334
	-      worst fitness: 0.00195
	- standard deviation: 0.08316
Best genome overview:
	- fitness: 0.29818
	- size (hid, conn): (0, 5)
	- genome id: 10928
	- belongs to specie: 6
Genetic distance:
	- Maximum: 3.138
	- Mean: 1.734
	- Minimum: 0.180
	- Standard deviation: 0.697

Population of 127 members in 3 species:
	 SID    age    size    fitness    adj fit    stag 
	=====  =====  ======  =========  =========  ======
	  4     20      47      0.253      0.578      2   
	  5     20      42      0.281      0.470      8   
	  6      4      38      0.298      0.475      2   

Generation time: 69.429 sec  (70.032 average)
Population 'distance_repr_1' saved! Current generation: 90
Sample chosen: [262, 999, 349, 26, 796, 612, 685, 899, 208, 31, 686, 168, 464, 933, 565, 19]


********** Running generation 90 **********

Full population's fitness overview:
	-       best fitness: 0.38216
	-       mean fitness: 0.20286
	-      worst fitness: 0.00205
	- standard deviation: 0.09922
Best genome overview:
	- fitness: 0.38216
	- size (hid, conn): (2, 11)
	- genome id: 11109
	- belongs to specie: 4
Genetic distance:
	- Maximum: 3.159
	- Mean: 1.785
	- Minimum: 0.061
	- Standard deviation: 0.724

Population of 128 members in 3 species:
	 SID    age    size    fitness    adj fit    stag 
	=====  =====  ======  =========  =========  ======
	  4     21      48      0.382      0.591      3   
	  5     21      38      0.333      0.507      9   
	  6      5      42      0.296      0.474      3   

Generation time: 70.100 sec  (69.991 average)
Population 'distance_repr_1' saved! Current generation: 91
Sample chosen: [974, 64, 17, 701, 8, 959, 267, 859, 240, 965, 92, 619, 881, 592, 765, 103]


********** Running generation 91 **********

Full population's fitness overview:
	-       best fitness: 0.31088
	-       mean fitness: 0.13359
	-      worst fitness: 0.00209
	- standard deviation: 0.07648
Best genome overview:
	- fitness: 0.31088
	- size (hid, conn): (2, 11)
	- genome id: 11109
	- belongs to specie: 4
Genetic distance:
	- Maximum: 3.355
	- Mean: 1.843
	- Minimum: 0.200
	- Standard deviation: 0.672

Population of 128 members in 3 species:
	 SID    age    size    fitness    adj fit    stag 
	=====  =====  ======  =========  =========  ======
	  4     22      43      0.311      0.435      4   
	  5     22      29      0.225      0.348      10  
	  6      6      56      0.262      0.485      4   

Generation time: 70.797 sec  (70.020 average)
Population 'distance_repr_1' saved! Current generation: 92
Sample chosen: [391, 451, 126, 357, 956, 47, 70, 54, 489, 771, 775, 505, 689, 463, 419, 639]


********** Running generation 92 **********

Full population's fitness overview:
	-       best fitness: 0.39437
	-       mean fitness: 0.17808
	-      worst fitness: 0.00192
	- standard deviation: 0.10435
Best genome overview:
	- fitness: 0.39437
	- size (hid, conn): (0, 4)
	- genome id: 11277
	- belongs to specie: 5
Genetic distance:
	- Maximum: 3.491
	- Mean: 1.743
	- Minimum: 0.146
	- Standard deviation: 0.659

Population of 128 members in 3 species:
	 SID    age    size    fitness    adj fit    stag 
	=====  =====  ======  =========  =========  ======
	  4     23      39      0.346      0.429      5   
	  5     23      30      0.394      0.452      11  
	  6      7      59      0.378      0.463      0   

Generation time: 71.090 sec  (70.179 average)
Population 'distance_repr_1' saved! Current generation: 93
Sample chosen: [953, 903, 231, 683, 769, 687, 765, 875, 801, 817, 874, 877, 127, 773, 662, 278]


********** Running generation 93 **********

Full population's fitness overview:
	-       best fitness: 0.32442
	-       mean fitness: 0.13872
	-      worst fitness: 0.00212
	- standard deviation: 0.07760
Best genome overview:
	- fitness: 0.32442
	- size (hid, conn): (0, 4)
	- genome id: 11572
	- belongs to specie: 6
Genetic distance:
	- Maximum: 3.008
	- Mean: 1.777
	- Minimum: 0.145
	- Standard deviation: 0.626

Population of 128 members in 3 species:
	 SID    age    size    fitness    adj fit    stag 
	=====  =====  ======  =========  =========  ======
	  4     24      40      0.293      0.398      6   
	  5     24      35      0.264      0.360      12  
	  6      8      53      0.324      0.473      1   

Generation time: 72.473 sec  (70.275 average)
Population 'distance_repr_1' saved! Current generation: 94
Sample chosen: [521, 433, 729, 568, 498, 372, 726, 116, 124, 69, 852, 870, 821, 203, 549, 156]


********** Running generation 94 **********

Full population's fitness overview:
	-       best fitness: 0.35391
	-       mean fitness: 0.15570
	-      worst fitness: 0.00305
	- standard deviation: 0.09595
Best genome overview:
	- fitness: 0.35391
	- size (hid, conn): (2, 11)
	- genome id: 11115
	- belongs to specie: 4
Genetic distance:
	- Maximum: 3.273
	- Mean: 1.866
	- Minimum: 0.000
	- Standard deviation: 0.599

Population of 128 members in 3 species:
	 SID    age    size    fitness    adj fit    stag 
	=====  =====  ======  =========  =========  ======
	  4     25      43      0.354      0.500      7   
	  5     25      41      0.352      0.468      13  
	  6      9      44      0.324      0.364      2   

Generation time: 68.072 sec  (70.340 average)
Population 'distance_repr_1' saved! Current generation: 95
Sample chosen: [417, 727, 692, 748, 317, 577, 557, 747, 429, 929, 412, 480, 895, 361, 501, 372]


********** Running generation 95 **********

Full population's fitness overview:
	-       best fitness: 0.40576
	-       mean fitness: 0.18706
	-      worst fitness: 0.00202
	- standard deviation: 0.11218
Best genome overview:
	- fitness: 0.40576
	- size (hid, conn): (1, 7)
	- genome id: 11741
	- belongs to specie: 6
Genetic distance:
	- Maximum: 3.602
	- Mean: 1.960
	- Minimum: 0.000
	- Standard deviation: 0.593

Population of 128 members in 3 species:
	 SID    age    size    fitness    adj fit    stag 
	=====  =====  ======  =========  =========  ======
	  4     26      38      0.381      0.512      8   
	  5     26      18      0.347      0.452      14  
	  6     10      72      0.406      0.411      0   

Generation time: 68.239 sec  (70.205 average)
Population 'distance_repr_1' saved! Current generation: 96
Sample chosen: [541, 647, 443, 412, 930, 485, 202, 433, 111, 581, 700, 865, 482, 249, 280, 762]


********** Running generation 96 **********

Full population's fitness overview:
	-       best fitness: 0.31802
	-       mean fitness: 0.16755
	-      worst fitness: 0.00282
	- standard deviation: 0.07770
Best genome overview:
	- fitness: 0.31802
	- size (hid, conn): (0, 7)
	- genome id: 11881
	- belongs to specie: 6

Species 5 with 18 members is stagnated: removing it
Genetic distance:
	- Maximum: 3.385
	- Mean: 1.643
	- Minimum: 0.000
	- Standard deviation: 0.585

Population of 128 members in 2 species:
	 SID    age    size    fitness    adj fit    stag 
	=====  =====  ======  =========  =========  ======
	  4     27      43      0.303      0.514      9   
	  6     11      85      0.318      0.527      1   

Generation time: 68.537 sec  (69.872 average)
Population 'distance_repr_1' saved! Current generation: 97
Sample chosen: [193, 169, 589, 763, 788, 133, 479, 673, 446, 119, 121, 65, 895, 260, 224, 776]


********** Running generation 97 **********

Full population's fitness overview:
	-       best fitness: 0.34571
	-       mean fitness: 0.18575
	-      worst fitness: 0.00194
	- standard deviation: 0.10064
Best genome overview:
	- fitness: 0.34571
	- size (hid, conn): (2, 11)
	- genome id: 11979
	- belongs to specie: 4
Genetic distance:
	- Maximum: 3.274
	- Mean: 1.609
	- Minimum: 0.191
	- Standard deviation: 0.614

Population of 128 members in 2 species:
	 SID    age    size    fitness    adj fit    stag 
	=====  =====  ======  =========  =========  ======
	  4     28      52      0.346      0.513      10  
	  6     12      76      0.342      0.545      2   

Generation time: 68.341 sec  (69.700 average)
Population 'distance_repr_1' saved! Current generation: 98
Sample chosen: [449, 994, 402, 609, 69, 498, 181, 23, 150, 580, 569, 268, 287, 157, 680, 523]


********** Running generation 98 **********

Full population's fitness overview:
	-       best fitness: 0.37539
	-       mean fitness: 0.19570
	-      worst fitness: 0.00201
	- standard deviation: 0.10889
Best genome overview:
	- fitness: 0.37539
	- size (hid, conn): (1, 9)
	- genome id: 12191
	- belongs to specie: 4
Genetic distance:
	- Maximum: 3.328
	- Mean: 1.581
	- Minimum: 0.270
	- Standard deviation: 0.579

Population of 128 members in 2 species:
	 SID    age    size    fitness    adj fit    stag 
	=====  =====  ======  =========  =========  ======
	  4     29      60      0.375      0.584      11  
	  6     13      68      0.371      0.474      3   

Generation time: 68.506 sec  (69.558 average)
Population 'distance_repr_1' saved! Current generation: 99
Sample chosen: [656, 926, 806, 558, 852, 669, 747, 664, 776, 147, 315, 960, 611, 44, 557, 332]


********** Running generation 99 **********

Full population's fitness overview:
	-       best fitness: 0.42804
	-       mean fitness: 0.19904
	-      worst fitness: 0.00232
	- standard deviation: 0.12566
Best genome overview:
	- fitness: 0.42804
	- size (hid, conn): (1, 6)
	- genome id: 12237
	- belongs to specie: 6
Genetic distance:
	- Maximum: 3.303
	- Mean: 1.816
	- Minimum: 0.207
	- Standard deviation: 0.624

Population of 128 members in 4 species:
	 SID    age    size    fitness    adj fit    stag 
	=====  =====  ======  =========  =========  ======
	  4     30      63      0.420      0.437      12  
	  6     14      41      0.428      0.484      0   
	  7      0      23       --         --        0   
	  8      0      1        --         --        0   

Generation time: 68.651 sec  (69.480 average)
Population 'distance_repr_1' saved! Current generation: 100

===> CREATING BLUEPRINTS <===

Creating blueprints for games: [1, 2, 3, 4, 5]

===> CREATING TRACES <===

Creating traces for games: [1, 2, 3, 4, 5]
