Population 'distance_repr_1' saved! Current generation: 0

===> SAME GAME TRAINING <===

Repetitive evaluating games: [99995, 99996, 99997, 99998, 99999]

********** Running generation 0 **********

Full population's fitness overview:
	-       best fitness: 0.42260
	-       mean fitness: 0.03579
	-      worst fitness: 0.00590
	- standard deviation: 0.08314
Best genome overview:
	- fitness: 0.42260
	- size (hid, conn): (1, 4)
	- genome id: 58
	- belongs to specie: 3
Genetic distance:
	- Maximum: 3.439
	- Mean: 2.881
	- Minimum: 0.000
	- Standard deviation: 0.627

Population of 129 members in 7 species:
	 specie    age    size    fitness    adj fit    stag 
	========  =====  ======  =========  =========  ======
	   1        0      36     0.38031    0.15618     0   
	   2        0      12     0.00963    0.00197     0   
	   3        0      14     0.42260    0.09907     0   
	   4        0      18     0.07724    0.01786     0   
	   5        0      11     0.23642    0.05363     0   
	   6        0      12     0.01026    0.00801     0   
	   7        0      26     0.40974    0.22567     0   

Generation time: 9.928 sec
Population 'distance_repr_1' saved! Current generation: 1

********** Running generation 1 **********

Full population's fitness overview:
	-       best fitness: 0.42263
	-       mean fitness: 0.12948
	-      worst fitness: 0.00593
	- standard deviation: 0.16662
Best genome overview:
	- fitness: 0.42263
	- size (hid, conn): (1, 4)
	- genome id: 167
	- belongs to specie: 7
Genetic distance:
	- Maximum: 3.375
	- Mean: 2.643
	- Minimum: 0.000
	- Standard deviation: 0.857

Population of 126 members in 7 species:
	 specie    age    size    fitness    adj fit    stag 
	========  =====  ======  =========  =========  ======
	   1        1      30     0.42260    0.33921     0   
	   2        1      12     0.01029    0.00728     0   
	   3        1      23     0.42260    0.42787     1   
	   4        1      11     0.23438    0.08925     0   
	   5        1      12     0.42247    0.22907     0   
	   6        1      13     0.38694    0.27696     0   
	   7        1      25     0.42263    0.48110     0   

Generation time: 10.068 sec  (9.998 average)
Population 'distance_repr_1' saved! Current generation: 2

********** Running generation 2 **********

Full population's fitness overview:
	-       best fitness: 0.42280
	-       mean fitness: 0.22782
	-      worst fitness: 0.00595
	- standard deviation: 0.18153
Best genome overview:
	- fitness: 0.42280
	- size (hid, conn): (1, 4)
	- genome id: 249
	- belongs to specie: 7
Genetic distance:
	- Maximum: 3.413
	- Mean: 2.605
	- Minimum: 0.000
	- Standard deviation: 0.906

Population of 126 members in 7 species:
	 specie    age    size    fitness    adj fit    stag 
	========  =====  ======  =========  =========  ======
	   1        2      25     0.42260    0.60131     1   
	   2        2      11     0.01029    0.00763     0   
	   3        2      25     0.42260    0.66437     2   
	   4        2      12     0.23438    0.16409     1   
	   5        2      16     0.42247    0.53213     0   
	   6        2      13     0.38516    0.43151     1   
	   7        2      24     0.42280    0.79404     0   

Generation time: 8.359 sec  (9.452 average)
Population 'distance_repr_1' saved! Current generation: 3

********** Running generation 3 **********

Full population's fitness overview:
	-       best fitness: 0.42282
	-       mean fitness: 0.25093
	-      worst fitness: 0.00600
	- standard deviation: 0.18488
Best genome overview:
	- fitness: 0.42282
	- size (hid, conn): (1, 4)
	- genome id: 347
	- belongs to specie: 7
Genetic distance:
	- Maximum: 3.539
	- Mean: 2.652
	- Minimum: 0.000
	- Standard deviation: 0.892

Population of 127 members in 7 species:
	 specie    age    size    fitness    adj fit    stag 
	========  =====  ======  =========  =========  ======
	   1        3      22     0.42261    0.69386     0   
	   2        3      13     0.01052    0.00824     0   
	   3        3      28     0.42260    0.78410     3   
	   4        3      11     0.32101    0.21079     0   
	   5        3      16     0.42247    0.46039     0   
	   6        3      14     0.38835    0.54776     0   
	   7        3      23     0.42282    0.83256     0   

Generation time: 8.026 sec  (9.095 average)
Population 'distance_repr_1' saved! Current generation: 4

********** Running generation 4 **********

Full population's fitness overview:
	-       best fitness: 0.42282
	-       mean fitness: 0.27426
	-      worst fitness: 0.00764
	- standard deviation: 0.17401
Best genome overview:
	- fitness: 0.42282
	- size (hid, conn): (1, 4)
	- genome id: 347
	- belongs to specie: 7
Genetic distance:
	- Maximum: 3.470
	- Mean: 2.570
	- Minimum: 0.000
	- Standard deviation: 0.908

Population of 126 members in 7 species:
	 specie    age    size    fitness    adj fit    stag 
	========  =====  ======  =========  =========  ======
	   1        4      22     0.42261    0.93007     1   
	   2        4      12     0.01054    0.00524     0   
	   3        4      26     0.42260    0.80838     4   
	   4        4      15     0.40932    0.62662     0   
	   5        4      16     0.42260    0.59758     0   
	   6        4      14     0.24915    0.29359     1   
	   7        4      21     0.42282    0.77508     1   

Generation time: 8.679 sec  (9.012 average)
Population 'distance_repr_1' saved! Current generation: 5

********** Running generation 5 **********

Full population's fitness overview:
	-       best fitness: 0.42283
	-       mean fitness: 0.30712
	-      worst fitness: 0.00597
	- standard deviation: 0.16932
Best genome overview:
	- fitness: 0.42283
	- size (hid, conn): (1, 4)
	- genome id: 560
	- belongs to specie: 7
Genetic distance:
	- Maximum: 3.607
	- Mean: 2.564
	- Minimum: 0.000
	- Standard deviation: 0.930

Population of 126 members in 7 species:
	 specie    age    size    fitness    adj fit    stag 
	========  =====  ======  =========  =========  ======
	   1        5      19     0.42261    0.94796     2   
	   2        5      13     0.01062    0.00748     0   
	   3        5      23     0.42260    0.83000     5   
	   4        5      16     0.41245    0.61804     0   
	   5        5      20     0.42260    0.86954     0   
	   6        5      18     0.42272    0.73999     0   
	   7        5      17     0.42283    0.71228     0   

Generation time: 8.112 sec  (8.862 average)
Population 'distance_repr_1' saved! Current generation: 6

********** Running generation 6 **********

Full population's fitness overview:
	-       best fitness: 0.42283
	-       mean fitness: 0.29606
	-      worst fitness: 0.00517
	- standard deviation: 0.18144
Best genome overview:
	- fitness: 0.42283
	- size (hid, conn): (1, 4)
	- genome id: 560
	- belongs to specie: 7
Genetic distance:
	- Maximum: 3.517
	- Mean: 2.508
	- Minimum: 0.000
	- Standard deviation: 0.955

Population of 128 members in 7 species:
	 specie    age    size    fitness    adj fit    stag 
	========  =====  ======  =========  =========  ======
	   1        6      12     0.42261    0.98505     3   
	   2        6      13     0.01061    0.00936     1   
	   3        6      22     0.42260    0.82945     6   
	   4        6      18     0.41467    0.66964     0   
	   5        6      21     0.42260    0.81586     0   
	   6        6      25     0.42272    0.49317     1   
	   7        6      17     0.42283    0.81957     1   

Generation time: 7.782 sec  (8.708 average)
Population 'distance_repr_1' saved! Current generation: 7

********** Running generation 7 **********

Full population's fitness overview:
	-       best fitness: 0.42283
	-       mean fitness: 0.29322
	-      worst fitness: 0.00540
	- standard deviation: 0.17986
Best genome overview:
	- fitness: 0.42283
	- size (hid, conn): (1, 4)
	- genome id: 560
	- belongs to specie: 7
Genetic distance:
	- Maximum: 3.366
	- Mean: 2.502
	- Minimum: 0.000
	- Standard deviation: 0.992

Population of 125 members in 7 species:
	 specie    age    size    fitness    adj fit    stag 
	========  =====  ======  =========  =========  ======
	   1        7      7      0.42260    0.86678     4   
	   2        7      13     0.04463    0.01612     0   
	   3        7      20     0.42260    0.75501     7   
	   4        7      18     0.42260    0.74507     0   
	   5        7      20     0.42260    0.76289     0   
	   6        7      30     0.42272    0.63941     2   
	   7        7      17     0.42283    0.91873     2   

Generation time: 8.249 sec  (8.650 average)
Population 'distance_repr_1' saved! Current generation: 8

********** Running generation 8 **********

Full population's fitness overview:
	-       best fitness: 0.42283
	-       mean fitness: 0.32219
	-      worst fitness: 0.00644
	- standard deviation: 0.16841
Best genome overview:
	- fitness: 0.42283
	- size (hid, conn): (1, 4)
	- genome id: 560
	- belongs to specie: 7
Genetic distance:
	- Maximum: 3.544
	- Mean: 2.495
	- Minimum: 0.000
	- Standard deviation: 0.954

Population of 126 members in 7 species:
	 specie    age    size    fitness    adj fit    stag 
	========  =====  ======  =========  =========  ======
	   1        8      7      0.42260    0.98171     5   
	   2        8      13     0.03982    0.02099     1   
	   3        8      20     0.42260    0.89823     8   
	   4        8      18     0.42260    0.77946     1   
	   5        8      19     0.42260    0.80247     1   
	   6        8      34     0.42272    0.85756     3   
	   7        8      15     0.42283    0.81593     3   

Generation time: 7.415 sec  (8.513 average)
Population 'distance_repr_1' saved! Current generation: 9

********** Running generation 9 **********

Full population's fitness overview:
	-       best fitness: 0.42283
	-       mean fitness: 0.32077
	-      worst fitness: 0.00547
	- standard deviation: 0.17009
Best genome overview:
	- fitness: 0.42283
	- size (hid, conn): (1, 4)
	- genome id: 560
	- belongs to specie: 7
Genetic distance:
	- Maximum: 3.595
	- Mean: 2.461
	- Minimum: 0.000
	- Standard deviation: 0.965

Population of 126 members in 7 species:
	 specie    age    size    fitness    adj fit    stag 
	========  =====  ======  =========  =========  ======
	   1        9      9      0.42260    0.99923     6   
	   2        9      13     0.03696    0.03791     2   
	   3        9      20     0.42260    0.84871     9   
	   4        9      19     0.42260    0.85106     0   
	   5        9      18     0.42260    0.76127     0   
	   6        9      33     0.42272    0.83534     4   
	   7        9      14     0.42283    0.83606     4   

Generation time: 7.335 sec  (8.395 average)
Population 'distance_repr_1' saved! Current generation: 10

********** Running generation 10 **********

Full population's fitness overview:
	-       best fitness: 0.42283
	-       mean fitness: 0.31565
	-      worst fitness: 0.00505
	- standard deviation: 0.16963
Best genome overview:
	- fitness: 0.42283
	- size (hid, conn): (1, 4)
	- genome id: 560
	- belongs to specie: 7
Genetic distance:
	- Maximum: 3.628
	- Mean: 2.438
	- Minimum: 0.000
	- Standard deviation: 0.977

Population of 129 members in 7 species:
	 specie    age    size    fitness    adj fit    stag 
	========  =====  ======  =========  =========  ======
	   1       10      13     0.42271    0.89332     0   
	   2       10      13     0.04040    0.05931     3   
	   3       10      19     0.42260    0.73060     10  
	   4       10      19     0.42260    0.63740     1   
	   5       10      19     0.42260    0.88950     0   
	   6       10      31     0.42272    0.91392     5   
	   7       10      15     0.42283    0.85492     5   

Generation time: 7.392 sec  (8.142 average)
Population 'distance_repr_1' saved! Current generation: 11

********** Running generation 11 **********

Full population's fitness overview:
	-       best fitness: 0.42283
	-       mean fitness: 0.30588
	-      worst fitness: 0.00489
	- standard deviation: 0.17368
Best genome overview:
	- fitness: 0.42283
	- size (hid, conn): (1, 4)
	- genome id: 560
	- belongs to specie: 7
Genetic distance:
	- Maximum: 3.656
	- Mean: 2.437
	- Minimum: 0.000
	- Standard deviation: 0.991

Population of 125 members in 7 species:
	 specie    age    size    fitness    adj fit    stag 
	========  =====  ======  =========  =========  ======
	   1       11      16     0.42271    0.82587     1   
	   2       11      13     0.03991    0.07183     4   
	   3       11      20     0.42260    0.88929     11  
	   4       11      17     0.42260    0.64316     0   
	   5       11      18     0.42260    0.69087     0   
	   6       11      25     0.42272    0.77885     6   
	   7       11      16     0.42283    0.98967     6   

Generation time: 8.044 sec  (7.939 average)
Population 'distance_repr_1' saved! Current generation: 12

********** Running generation 12 **********

Full population's fitness overview:
	-       best fitness: 0.42283
	-       mean fitness: 0.31837
	-      worst fitness: 0.00636
	- standard deviation: 0.17181
Best genome overview:
	- fitness: 0.42283
	- size (hid, conn): (1, 4)
	- genome id: 560
	- belongs to specie: 7
Genetic distance:
	- Maximum: 3.511
	- Mean: 2.440
	- Minimum: 0.000
	- Standard deviation: 0.985

Population of 129 members in 7 species:
	 specie    age    size    fitness    adj fit    stag 
	========  =====  ======  =========  =========  ======
	   1       12      20     0.42271    0.93273     0   
	   2       12      13     0.03936    0.05695     5   
	   3       12      20     0.42260    0.80321     12  
	   4       12      18     0.42260    0.77199     0   
	   5       12      20     0.42260    0.83404     1   
	   6       12      24     0.42272    0.90652     7   
	   7       12      14     0.42283    0.69488     7   

Generation time: 7.635 sec  (7.867 average)
Population 'distance_repr_1' saved! Current generation: 13

********** Running generation 13 **********

Full population's fitness overview:
	-       best fitness: 0.42283
	-       mean fitness: 0.28221
	-      worst fitness: 0.00596
	- standard deviation: 0.18907
Best genome overview:
	- fitness: 0.42283
	- size (hid, conn): (1, 4)
	- genome id: 560
	- belongs to specie: 7
Genetic distance:
	- Maximum: 3.741
	- Mean: 2.441
	- Minimum: 0.000
	- Standard deviation: 0.924

Population of 126 members in 7 species:
	 specie    age    size    fitness    adj fit    stag 
	========  =====  ======  =========  =========  ======
	   1       13      14     0.42271    0.25759     1   
	   2       13      13     0.04451    0.04771     6   
	   3       13      21     0.42260    0.85035     13  
	   4       13      22     0.42260    0.79371     1   
	   5       13      18     0.42260    0.63094     2   
	   6       13      22     0.42274    0.95115     0   
	   7       13      16     0.42283    0.92670     8   

Generation time: 8.354 sec  (7.900 average)
Population 'distance_repr_1' saved! Current generation: 14

********** Running generation 14 **********

Full population's fitness overview:
	-       best fitness: 0.42283
	-       mean fitness: 0.31404
	-      worst fitness: 0.00885
	- standard deviation: 0.17466
Best genome overview:
	- fitness: 0.42283
	- size (hid, conn): (1, 4)
	- genome id: 1485
	- belongs to specie: 7
Genetic distance:
	- Maximum: 3.751
	- Mean: 2.467
	- Minimum: 0.000
	- Standard deviation: 0.942

Population of 128 members in 7 species:
	 specie    age    size    fitness    adj fit    stag 
	========  =====  ======  =========  =========  ======
	   1       14      16     0.42271    0.69005     2   
	   2       14      12     0.04783    0.06245     0   
	   3       14      21     0.42260    0.78797     14  
	   4       14      23     0.42260    0.90595     2   
	   5       14      19     0.42260    0.77839     3   
	   6       14      23     0.42278    0.94956     0   
	   7       14      14     0.42283    0.68973     0   

Generation time: 8.254 sec  (7.857 average)
Population 'distance_repr_1' saved! Current generation: 15

********** Running generation 15 **********

Full population's fitness overview:
	-       best fitness: 0.42284
	-       mean fitness: 0.31587
	-      worst fitness: 0.00504
	- standard deviation: 0.17271
Best genome overview:
	- fitness: 0.42284
	- size (hid, conn): (1, 4)
	- genome id: 1590
	- belongs to specie: 7

Species 3 with 21 members is stagnated (fitness: 0.4226): removed!
Genetic distance:
	- Maximum: 3.355
	- Mean: 2.351
	- Minimum: 0.000
	- Standard deviation: 1.018

Population of 127 members in 6 species:
	 specie    age    size    fitness    adj fit    stag 
	========  =====  ======  =========  =========  ======
	   1       15      18     0.42271    0.58849     0   
	   2       15      13     0.04729    0.05369     1   
	   4       15      28     0.42260    0.90359     3   
	   5       15      22     0.42260    0.69611     0   
	   6       15      27     0.42278    0.94423     1   
	   7       15      19     0.42284    0.85140     0   

Generation time: 7.664 sec  (7.812 average)
Population 'distance_repr_1' saved! Current generation: 16

********** Running generation 16 **********

Full population's fitness overview:
	-       best fitness: 0.42284
	-       mean fitness: 0.29422
	-      worst fitness: 0.00619
	- standard deviation: 0.18490
Best genome overview:
	- fitness: 0.42284
	- size (hid, conn): (1, 4)
	- genome id: 1590
	- belongs to specie: 7
Genetic distance:
	- Maximum: 3.346
	- Mean: 2.348
	- Minimum: 0.000
	- Standard deviation: 1.027

Population of 130 members in 6 species:
	 specie    age    size    fitness    adj fit    stag 
	========  =====  ======  =========  =========  ======
	   1       16      22     0.42271    0.78903     1   
	   2       16      14     0.03265    0.05182     2   
	   4       16      28     0.42260    0.85149     4   
	   5       16      22     0.42260    0.68127     1   
	   6       16      28     0.42278    0.88436     2   
	   7       16      16     0.42284    0.53757     1   

Generation time: 7.578 sec  (7.792 average)
Population 'distance_repr_1' saved! Current generation: 17

********** Running generation 17 **********

Full population's fitness overview:
	-       best fitness: 0.42284
	-       mean fitness: 0.32394
	-      worst fitness: 0.00702
	- standard deviation: 0.16934
Best genome overview:
	- fitness: 0.42284
	- size (hid, conn): (1, 4)
	- genome id: 1590
	- belongs to specie: 7
Genetic distance:
	- Maximum: 3.375
	- Mean: 2.336
	- Minimum: 0.000
	- Standard deviation: 0.989

Population of 128 members in 6 species:
	 specie    age    size    fitness    adj fit    stag 
	========  =====  ======  =========  =========  ======
	   1       17      25     0.42271    0.99897     2   
	   2       17      16     0.04908    0.05190     0   
	   4       17      25     0.42260    0.77923     5   
	   5       17      22     0.42260    0.89681     2   
	   6       17      24     0.42278    0.77923     3   
	   7       17      16     0.42284    0.81312     2   

Generation time: 7.878 sec  (7.755 average)
Population 'distance_repr_1' saved! Current generation: 18

********** Running generation 18 **********

Full population's fitness overview:
	-       best fitness: 0.42284
	-       mean fitness: 0.33540
	-      worst fitness: 0.00600
	- standard deviation: 0.15971
Best genome overview:
	- fitness: 0.42284
	- size (hid, conn): (1, 5)
	- genome id: 1909
	- belongs to specie: 7
Genetic distance:
	- Maximum: 3.365
	- Mean: 2.326
	- Minimum: 0.000
	- Standard deviation: 0.994

Population of 126 members in 6 species:
	 specie    age    size    fitness    adj fit    stag 
	========  =====  ======  =========  =========  ======
	   1       18      25     0.42271    0.95675     3   
	   2       18      15     0.04702    0.05267     1   
	   4       18      23     0.42260    0.84264     6   
	   5       18      22     0.42260    0.84029     3   
	   6       18      23     0.42278    0.86887     0   
	   7       18      18     0.42284    0.99900     0   

Generation time: 8.284 sec  (7.842 average)
Population 'distance_repr_1' saved! Current generation: 19

********** Running generation 19 **********

Full population's fitness overview:
	-       best fitness: 0.42284
	-       mean fitness: 0.31335
	-      worst fitness: 0.00487
	- standard deviation: 0.17240
Best genome overview:
	- fitness: 0.42284
	- size (hid, conn): (1, 5)
	- genome id: 1909
	- belongs to specie: 7
Genetic distance:
	- Maximum: 3.407
	- Mean: 2.312
	- Minimum: 0.000
	- Standard deviation: 0.944

Population of 127 members in 6 species:
	 specie    age    size    fitness    adj fit    stag 
	========  =====  ======  =========  =========  ======
	   1       19      24     0.42271    0.84274     4   
	   2       19      16     0.06218    0.06511     0   
	   4       19      24     0.42260    0.87019     7   
	   5       19      21     0.42260    0.73153     4   
	   6       19      24     0.42278    0.86548     1   
	   7       19      18     0.42284    0.82978     1   

Generation time: 8.159 sec  (7.924 average)
Population 'distance_repr_1' saved! Current generation: 20

********** Running generation 20 **********

Full population's fitness overview:
	-       best fitness: 0.42284
	-       mean fitness: 0.31856
	-      worst fitness: 0.00897
	- standard deviation: 0.17315
Best genome overview:
	- fitness: 0.42284
	- size (hid, conn): (1, 3)
	- genome id: 2129
	- belongs to specie: 7
Genetic distance:
	- Maximum: 3.390
	- Mean: 2.327
	- Minimum: 0.000
	- Standard deviation: 0.980

Population of 127 members in 6 species:
	 specie    age    size    fitness    adj fit    stag 
	========  =====  ======  =========  =========  ======
	   1       20      25     0.42272    0.91638     0   
	   2       20      16     0.05640    0.06137     1   
	   4       20      22     0.42260    0.74981     0   
	   5       20      22     0.42260    0.83621     5   
	   6       20      24     0.42278    0.90187     2   
	   7       20      18     0.42284    0.82358     0   

Generation time: 8.136 sec  (7.999 average)
Population 'distance_repr_1' saved! Current generation: 21

********** Running generation 21 **********

Full population's fitness overview:
	-       best fitness: 0.42284
	-       mean fitness: 0.30817
	-      worst fitness: 0.00601
	- standard deviation: 0.17997
Best genome overview:
	- fitness: 0.42284
	- size (hid, conn): (1, 3)
	- genome id: 2129
	- belongs to specie: 7
Genetic distance:
	- Maximum: 3.390
	- Mean: 2.282
	- Minimum: 0.000
	- Standard deviation: 1.004

Population of 125 members in 6 species:
	 specie    age    size    fitness    adj fit    stag 
	========  =====  ======  =========  =========  ======
	   1       21      26     0.42272    0.95626     1   
	   2       21      15     0.06163    0.05479     2   
	   4       21      22     0.42260    0.79372     1   
	   5       21      21     0.42260    0.71816     6   
	   6       21      23     0.42278    0.79304     3   
	   7       21      18     0.42284    0.83236     1   

Generation time: 8.606 sec  (8.055 average)
Population 'distance_repr_1' saved! Current generation: 22

********** Running generation 22 **********

Full population's fitness overview:
	-       best fitness: 0.42284
	-       mean fitness: 0.32380
	-      worst fitness: 0.00486
	- standard deviation: 0.16985
Best genome overview:
	- fitness: 0.42284
	- size (hid, conn): (1, 3)
	- genome id: 2342
	- belongs to specie: 7
Genetic distance:
	- Maximum: 3.415
	- Mean: 2.327
	- Minimum: 0.000
	- Standard deviation: 0.920

Population of 126 members in 6 species:
	 specie    age    size    fitness    adj fit    stag 
	========  =====  ======  =========  =========  ======
	   1       22      25     0.42272    0.92068     2   
	   2       22      15     0.06286    0.04879     0   
	   4       22      24     0.42260    0.86370     2   
	   5       22      23     0.42260    0.86975     0   
	   6       22      23     0.42278    0.86806     4   
	   7       22      16     0.42284    0.74881     0   

Generation time: 7.974 sec  (8.089 average)
Population 'distance_repr_1' saved! Current generation: 23

********** Running generation 23 **********

Full population's fitness overview:
	-       best fitness: 0.42285
	-       mean fitness: 0.32895
	-      worst fitness: 0.00796
	- standard deviation: 0.16097
Best genome overview:
	- fitness: 0.42285
	- size (hid, conn): (1, 3)
	- genome id: 2442
	- belongs to specie: 7
Genetic distance:
	- Maximum: 3.406
	- Mean: 2.297
	- Minimum: 0.000
	- Standard deviation: 0.969

Population of 126 members in 6 species:
	 specie    age    size    fitness    adj fit    stag 
	========  =====  ======  =========  =========  ======
	   1       23      24     0.42272    0.84053     0   
	   2       23      15     0.06788    0.07525     0   
	   4       23      27     0.42260    0.95209     3   
	   5       23      24     0.42260    0.89154     1   
	   6       23      21     0.42278    0.85251     5   
	   7       23      15     0.42285    0.77372     0   

Generation time: 8.120 sec  (8.065 average)
Population 'distance_repr_1' saved! Current generation: 24

********** Running generation 24 **********

Full population's fitness overview:
	-       best fitness: 0.42285
	-       mean fitness: 0.31308
	-      worst fitness: 0.00640
	- standard deviation: 0.17218
Best genome overview:
	- fitness: 0.42285
	- size (hid, conn): (1, 3)
	- genome id: 2442
	- belongs to specie: 7
Genetic distance:
	- Maximum: 3.468
	- Mean: 2.303
	- Minimum: 0.000
	- Standard deviation: 0.997

Population of 126 members in 6 species:
	 specie    age    size    fitness    adj fit    stag 
	========  =====  ======  =========  =========  ======
	   1       24      24     0.42284    0.86309     0   
	   2       24      15     0.04720    0.04085     1   
	   4       24      26     0.42260    0.90746     4   
	   5       24      21     0.42260    0.67389     2   
	   6       24      23     0.42283    0.89850     0   
	   7       24      17     0.42285    0.79452     1   

Generation time: 8.043 sec  (8.044 average)
Population 'distance_repr_1' saved! Current generation: 25

********** Running generation 25 **********

Full population's fitness overview:
	-       best fitness: 0.42285
	-       mean fitness: 0.32545
	-      worst fitness: 0.00599
	- standard deviation: 0.16791
Best genome overview:
	- fitness: 0.42285
	- size (hid, conn): (1, 3)
	- genome id: 2442
	- belongs to specie: 7
Genetic distance:
	- Maximum: 3.611
	- Mean: 2.338
	- Minimum: 0.000
	- Standard deviation: 0.977

Population of 125 members in 6 species:
	 specie    age    size    fitness    adj fit    stag 
	========  =====  ======  =========  =========  ======
	   1       25      23     0.42284    0.95989     1   
	   2       25      15     0.04234    0.04189     2   
	   4       25      24     0.42260    0.82225     5   
	   5       25      21     0.42260    0.74238     3   
	   6       25      25     0.42283    0.95693     1   
	   7       25      17     0.42285    0.81871     2   

Generation time: 7.976 sec  (8.076 average)
Population 'distance_repr_1' saved! Current generation: 26

********** Running generation 26 **********

Full population's fitness overview:
	-       best fitness: 0.42285
	-       mean fitness: 0.32288
	-      worst fitness: 0.00490
	- standard deviation: 0.17064
Best genome overview:
	- fitness: 0.42285
	- size (hid, conn): (1, 3)
	- genome id: 2442
	- belongs to specie: 7
Genetic distance:
	- Maximum: 3.361
	- Mean: 2.274
	- Minimum: 0.000
	- Standard deviation: 0.965

Population of 126 members in 6 species:
	 specie    age    size    fitness    adj fit    stag 
	========  =====  ======  =========  =========  ======
	   1       26      21     0.42284    0.91444     2   
	   2       26      14     0.04001    0.05511     3   
	   4       26      26     0.42260    0.95605     6   
	   5       26      21     0.42260    0.69592     4   
	   6       26      27     0.42283    0.94548     2   
	   7       26      17     0.42285    0.70853     3   

Generation time: 7.738 sec  (8.092 average)
Population 'distance_repr_1' saved! Current generation: 27

********** Running generation 27 **********

Full population's fitness overview:
	-       best fitness: 0.42285
	-       mean fitness: 0.33358
	-      worst fitness: 0.00533
	- standard deviation: 0.15959
Best genome overview:
	- fitness: 0.42285
	- size (hid, conn): (1, 3)
	- genome id: 2442
	- belongs to specie: 7
Genetic distance:
	- Maximum: 4.257
	- Mean: 2.291
	- Minimum: 0.000
	- Standard deviation: 0.963

Population of 127 members in 6 species:
	 specie    age    size    fitness    adj fit    stag 
	========  =====  ======  =========  =========  ======
	   1       27      18     0.42284    0.85416     3   
	   2       27      15     0.03913    0.06083     4   
	   4       27      27     0.42284    0.94068     0   
	   5       27      21     0.42260    0.79034     0   
	   6       27      28     0.42283    0.92541     3   
	   7       27      18     0.42285    0.83709     4   

Generation time: 9.509 sec  (8.255 average)
Population 'distance_repr_1' saved! Current generation: 28

********** Running generation 28 **********

Full population's fitness overview:
	-       best fitness: 0.42285
	-       mean fitness: 0.33019
	-      worst fitness: 0.00652
	- standard deviation: 0.16361
Best genome overview:
	- fitness: 0.42285
	- size (hid, conn): (1, 3)
	- genome id: 2761
	- belongs to specie: 7
Genetic distance:
	- Maximum: 3.381
	- Mean: 2.276
	- Minimum: 0.000
	- Standard deviation: 0.925

Population of 127 members in 6 species:
	 specie    age    size    fitness    adj fit    stag 
	========  =====  ======  =========  =========  ======
	   1       28      23     0.42284    0.94539     4   
	   2       28      16     0.05271    0.05266     5   
	   4       28      26     0.42284    0.85654     1   
	   5       28      21     0.42260    0.78025     0   
	   6       28      25     0.42284    0.97871     0   
	   7       28      16     0.42285    0.77843     5   

Generation time: 8.019 sec  (8.228 average)
Population 'distance_repr_1' saved! Current generation: 29

********** Running generation 29 **********

Full population's fitness overview:
	-       best fitness: 0.42285
	-       mean fitness: 0.31448
	-      worst fitness: 0.00599
	- standard deviation: 0.16945
Best genome overview:
	- fitness: 0.42285
	- size (hid, conn): (1, 3)
	- genome id: 3077
	- belongs to specie: 7
Genetic distance:
	- Maximum: 3.714
	- Mean: 2.326
	- Minimum: 0.000
	- Standard deviation: 0.840

Population of 124 members in 6 species:
	 specie    age    size    fitness    adj fit    stag 
	========  =====  ======  =========  =========  ======
	   1       29      21     0.42284    0.81881     5   
	   2       29      13     0.05276    0.06246     6   
	   4       29      27     0.42284    0.80590     2   
	   5       29      21     0.42260    0.74425     1   
	   6       29      25     0.42284    0.93226     1   
	   7       29      17     0.42285    0.89141     0   

Generation time: 7.743 sec  (8.186 average)
Population 'distance_repr_1' saved! Current generation: 30

********** Running generation 30 **********

Full population's fitness overview:
	-       best fitness: 0.42285
	-       mean fitness: 0.33086
	-      worst fitness: 0.00632
	- standard deviation: 0.16236
Best genome overview:
	- fitness: 0.42285
	- size (hid, conn): (1, 3)
	- genome id: 3077
	- belongs to specie: 7
Traceback (most recent call last):
  File "main.py", line 176, in <module>
    debug=args.debug,
  File "main.py", line 40, in train_same_games
    parallel=not debug,
  File "/mnt/c/Users/Ruben/Documents/Projects/RobotSimulator2D/environment/env_training.py", line 230, in evaluate_same_games_and_evolve
    pop.evolve()
  File "/mnt/c/Users/Ruben/Documents/Projects/RobotSimulator2D/population/population.py", line 187, in evolve
    logger=self.log,
  File "/mnt/c/Users/Ruben/Documents/Projects/RobotSimulator2D/population/utils/population_util/reproduction.py", line 202, in reproduce
    if child.distance(genome, config=config.genome_config) == 0:
  File "/mnt/c/Users/Ruben/Documents/Projects/RobotSimulator2D/population/utils/genome_util/genome.py", line 307, in distance
    node_distance += n1.distance(n2, config)  # Homologous genes compute their own distance value.
  File "/mnt/c/Users/Ruben/Documents/Projects/RobotSimulator2D/population/utils/genome_util/genes.py", line 253, in distance
    if k in self.input_keys: s[:, i] = self.gru_full_weight_ih[:, self.full_input_keys.index(k)]
IndexError: index 3 is out of bounds for dimension 1 with size 3

