Population 'novelty_1' saved! Current generation: 0

===> RUNNING FOR THE FOLLOWING CONFIGURATION: <===
	> fitness: novelty
	> gru_enabled: True
	> sexual_reproduction: False
	> Saving under folder: NEAT-GRU
	> Train: True (100 iterations)
	> Create blueprints: True
	> Create traces: True


===> TRAINING <===

Sample chosen: [596, 92, 465, 380, 696, 840, 393, 815, 305, 728]

********** Running generation 0 **********

Full population's fitness overview:
	-       best fitness: 0.50709
	-       mean fitness: 0.06670
	-      worst fitness: 0.00043
	- standard deviation: 0.08672
Best genome overview:
	- fitness: 0.50709
	- size (hid, conn): (0, 16)
	- genome id: 90
	- belongs to specie: 1
Genetic distance:
	- Maximum: 2.594
	- Mean: 1.819
	- Minimum: 0.007
	- Standard deviation: 0.441

Population of 128 members in 2 species:
	 SID    age    size    fitness    adj fit    stag 
	=====  =====  ======  =========  =========  ======
	  1      0      66      0.507      0.142      0   
	  2      0      62      0.235      0.090      0   

Generation time: 70.773 sec
Population 'novelty_1' saved! Current generation: 1
Sample chosen: [191, 363, 626, 202, 503, 97, 536, 976, 355, 606]

********** Running generation 1 **********

Full population's fitness overview:
	-       best fitness: 0.26759
	-       mean fitness: 0.08244
	-      worst fitness: 0.00021
	- standard deviation: 0.05684
Best genome overview:
	- fitness: 0.26759
	- size (hid, conn): (0, 16)
	- genome id: 147
	- belongs to specie: 1
Genetic distance:
	- Maximum: 2.470
	- Mean: 1.742
	- Minimum: 0.045
	- Standard deviation: 0.366

Population of 128 members in 2 species:
	 SID    age    size    fitness    adj fit    stag 
	=====  =====  ======  =========  =========  ======
	  1      1     107      0.268      0.322      1   
	  2      1      21      0.194      0.292      1   

Generation time: 76.349 sec  (73.561 average)
Population 'novelty_1' saved! Current generation: 2
Sample chosen: [909, 149, 544, 98, 397, 163, 712, 324, 903, 429]

********** Running generation 2 **********

Full population's fitness overview:
	-       best fitness: 0.24718
	-       mean fitness: 0.09097
	-      worst fitness: 0.00151
	- standard deviation: 0.05376
Best genome overview:
	- fitness: 0.24718
	- size (hid, conn): (0, 17)
	- genome id: 369
	- belongs to specie: 1
Genetic distance:
	- Maximum: 2.755
	- Mean: 1.711
	- Minimum: 0.118
	- Standard deviation: 0.323

Population of 128 members in 2 species:
	 SID    age    size    fitness    adj fit    stag 
	=====  =====  ======  =========  =========  ======
	  1      2     106      0.247      0.353      2   
	  2      2      22      0.208      0.422      2   

Generation time: 76.482 sec  (74.535 average)
Population 'novelty_1' saved! Current generation: 3
Sample chosen: [238, 660, 845, 57, 463, 251, 783, 684, 524, 959]

********** Running generation 3 **********

Full population's fitness overview:
	-       best fitness: 0.32560
	-       mean fitness: 0.10134
	-      worst fitness: 0.00483
	- standard deviation: 0.05960
Best genome overview:
	- fitness: 0.32560
	- size (hid, conn): (0, 15)
	- genome id: 476
	- belongs to specie: 1
Genetic distance:
	- Maximum: 2.621
	- Mean: 1.652
	- Minimum: 0.015
	- Standard deviation: 0.550

Population of 128 members in 2 species:
	 SID    age    size    fitness    adj fit    stag 
	=====  =====  ======  =========  =========  ======
	  1      3      91      0.326      0.307      3   
	  2      3      37      0.219      0.272      3   

Generation time: 77.143 sec  (75.187 average)
Population 'novelty_1' saved! Current generation: 4
Sample chosen: [347, 54, 379, 24, 522, 756, 765, 266, 376, 435]

********** Running generation 4 **********

Full population's fitness overview:
	-       best fitness: 0.39353
	-       mean fitness: 0.10773
	-      worst fitness: 0.00749
	- standard deviation: 0.06472
Best genome overview:
	- fitness: 0.39353
	- size (hid, conn): (0, 14)
	- genome id: 507
	- belongs to specie: 1
Genetic distance:
	- Maximum: 2.536
	- Mean: 1.550
	- Minimum: 0.000
	- Standard deviation: 0.596

Population of 127 members in 2 species:
	 SID    age    size    fitness    adj fit    stag 
	=====  =====  ======  =========  =========  ======
	  1      4      79      0.394      0.280      4   
	  2      4      48      0.228      0.209      4   

Generation time: 79.642 sec  (76.078 average)
Population 'novelty_1' saved! Current generation: 5
Sample chosen: [782, 105, 997, 770, 269, 223, 373, 29, 21, 793]

********** Running generation 5 **********

Full population's fitness overview:
	-       best fitness: 0.31257
	-       mean fitness: 0.11368
	-      worst fitness: 0.00732
	- standard deviation: 0.06559
Best genome overview:
	- fitness: 0.31257
	- size (hid, conn): (0, 14)
	- genome id: 717
	- belongs to specie: 2
Genetic distance:
	- Maximum: 2.301
	- Mean: 1.471
	- Minimum: 0.006
	- Standard deviation: 0.642

Population of 128 members in 2 species:
	 SID    age    size    fitness    adj fit    stag 
	=====  =====  ======  =========  =========  ======
	  1      5      79      0.298      0.374      5   
	  2      5      49      0.313      0.306      0   

Generation time: 77.176 sec  (76.261 average)
Population 'novelty_1' saved! Current generation: 6
Sample chosen: [483, 493, 44, 154, 16, 472, 617, 222, 172, 528]

********** Running generation 6 **********

Full population's fitness overview:
	-       best fitness: 0.38107
	-       mean fitness: 0.10039
	-      worst fitness: 0.00719
	- standard deviation: 0.06129
Best genome overview:
	- fitness: 0.38107
	- size (hid, conn): (1, 16)
	- genome id: 802
	- belongs to specie: 2
Genetic distance:
	- Maximum: 2.321
	- Mean: 1.509
	- Minimum: 0.084
	- Standard deviation: 0.594

Population of 128 members in 2 species:
	 SID    age    size    fitness    adj fit    stag 
	=====  =====  ======  =========  =========  ======
	  1      6      53      0.242      0.256      6   
	  2      6      75      0.381      0.238      0   

Generation time: 79.455 sec  (76.717 average)
Population 'novelty_1' saved! Current generation: 7
Sample chosen: [89, 80, 636, 655, 347, 591, 298, 957, 246, 912]

********** Running generation 7 **********

Full population's fitness overview:
	-       best fitness: 0.34658
	-       mean fitness: 0.12076
	-      worst fitness: 0.02420
	- standard deviation: 0.06307
Best genome overview:
	- fitness: 0.34658
	- size (hid, conn): (1, 16)
	- genome id: 910
	- belongs to specie: 2
Genetic distance:
	- Maximum: 2.159
	- Mean: 1.339
	- Minimum: 0.039
	- Standard deviation: 0.646

Population of 128 members in 2 species:
	 SID    age    size    fitness    adj fit    stag 
	=====  =====  ======  =========  =========  ======
	  1      7      63      0.318      0.315      7   
	  2      7      65      0.347      0.289      1   

Generation time: 78.991 sec  (77.001 average)
Population 'novelty_1' saved! Current generation: 8
Sample chosen: [467, 926, 258, 125, 782, 356, 96, 880, 238, 82]

********** Running generation 8 **********

Full population's fitness overview:
	-       best fitness: 0.34926
	-       mean fitness: 0.09493
	-      worst fitness: 0.00212
	- standard deviation: 0.05985
Best genome overview:
	- fitness: 0.34926
	- size (hid, conn): (1, 14)
	- genome id: 966
	- belongs to specie: 2
Genetic distance:
	- Maximum: 2.130
	- Mean: 1.326
	- Minimum: 0.004
	- Standard deviation: 0.636

Population of 128 members in 2 species:
	 SID    age    size    fitness    adj fit    stag 
	=====  =====  ======  =========  =========  ======
	  1      8      68      0.237      0.258      8   
	  2      8      60      0.349      0.277      2   

Generation time: 87.539 sec  (78.172 average)
Population 'novelty_1' saved! Current generation: 9
Sample chosen: [9, 528, 402, 788, 447, 664, 847, 146, 129, 680]

********** Running generation 9 **********

Full population's fitness overview:
	-       best fitness: 0.28838
	-       mean fitness: 0.10669
	-      worst fitness: 0.01708
	- standard deviation: 0.05104
Best genome overview:
	- fitness: 0.28838
	- size (hid, conn): (0, 15)
	- genome id: 1143
	- belongs to specie: 2
Genetic distance:
	- Maximum: 2.205
	- Mean: 1.314
	- Minimum: 0.021
	- Standard deviation: 0.643

Population of 127 members in 2 species:
	 SID    age    size    fitness    adj fit    stag 
	=====  =====  ======  =========  =========  ======
	  1      9      71      0.260      0.339      9   
	  2      9      56      0.288      0.320      3   

Generation time: 86.451 sec  (79.000 average)
Population 'novelty_1' saved! Current generation: 10
Sample chosen: [546, 40, 318, 304, 473, 461, 942, 940, 764, 617]

********** Running generation 10 **********

Full population's fitness overview:
	-       best fitness: 0.25348
	-       mean fitness: 0.11969
	-      worst fitness: 0.03046
	- standard deviation: 0.05128
Best genome overview:
	- fitness: 0.25348
	- size (hid, conn): (0, 16)
	- genome id: 1291
	- belongs to specie: 1
Genetic distance:
	- Maximum: 2.125
	- Mean: 1.289
	- Minimum: 0.011
	- Standard deviation: 0.649

Population of 128 members in 2 species:
	 SID    age    size    fitness    adj fit    stag 
	=====  =====  ======  =========  =========  ======
	  1     10      72      0.253      0.412      10  
	  2     10      56      0.246      0.384      4   

Generation time: 84.157 sec  (80.339 average)
Population 'novelty_1' saved! Current generation: 11
Sample chosen: [876, 996, 840, 263, 636, 678, 207, 792, 343, 94]

********** Running generation 11 **********

Full population's fitness overview:
	-       best fitness: 0.30966
	-       mean fitness: 0.11244
	-      worst fitness: 0.01248
	- standard deviation: 0.06082
Best genome overview:
	- fitness: 0.30966
	- size (hid, conn): (0, 14)
	- genome id: 1358
	- belongs to specie: 1
Genetic distance:
	- Maximum: 2.098
	- Mean: 1.250
	- Minimum: 0.006
	- Standard deviation: 0.642

Population of 128 members in 2 species:
	 SID    age    size    fitness    adj fit    stag 
	=====  =====  ======  =========  =========  ======
	  1     11      66      0.310      0.335      11  
	  2     11      62      0.307      0.339      5   

Generation time: 84.581 sec  (81.162 average)
Population 'novelty_1' saved! Current generation: 12
Sample chosen: [87, 234, 705, 196, 737, 407, 922, 726, 462, 233]

********** Running generation 12 **********

Full population's fitness overview:
	-       best fitness: 0.47692
	-       mean fitness: 0.11751
	-      worst fitness: 0.01404
	- standard deviation: 0.06865
Best genome overview:
	- fitness: 0.47692
	- size (hid, conn): (1, 13)
	- genome id: 1522
	- belongs to specie: 2
Genetic distance:
	- Maximum: 2.191
	- Mean: 1.251
	- Minimum: 0.000
	- Standard deviation: 0.631

Population of 128 members in 2 species:
	 SID    age    size    fitness    adj fit    stag 
	=====  =====  ======  =========  =========  ======
	  1     12      64      0.290      0.222      12  
	  2     12      64      0.477      0.226      0   

Generation time: 85.013 sec  (82.015 average)
Population 'novelty_1' saved! Current generation: 13
Sample chosen: [287, 228, 403, 619, 384, 28, 600, 453, 290, 773]

********** Running generation 13 **********

Full population's fitness overview:
	-       best fitness: 0.27012
	-       mean fitness: 0.10965
	-      worst fitness: 0.01182
	- standard deviation: 0.05352
Best genome overview:
	- fitness: 0.27012
	- size (hid, conn): (0, 13)
	- genome id: 1564
	- belongs to specie: 2
Genetic distance:
	- Maximum: 2.088
	- Mean: 1.259
	- Minimum: 0.000
	- Standard deviation: 0.598

Population of 128 members in 2 species:
	 SID    age    size    fitness    adj fit    stag 
	=====  =====  ======  =========  =========  ======
	  1     13      72      0.261      0.432      13  
	  2     13      56      0.270      0.326      1   

Generation time: 83.817 sec  (82.682 average)
Population 'novelty_1' saved! Current generation: 14
Sample chosen: [679, 82, 599, 665, 222, 802, 393, 46, 379, 444]

********** Running generation 14 **********

Full population's fitness overview:
	-       best fitness: 0.31032
	-       mean fitness: 0.10422
	-      worst fitness: 0.01980
	- standard deviation: 0.05295
Best genome overview:
	- fitness: 0.31032
	- size (hid, conn): (0, 12)
	- genome id: 1690
	- belongs to specie: 2
Genetic distance:
	- Maximum: 2.127
	- Mean: 1.205
	- Minimum: 0.003
	- Standard deviation: 0.673

Population of 128 members in 2 species:
	 SID    age    size    fitness    adj fit    stag 
	=====  =====  ======  =========  =========  ======
	  1     14      74      0.269      0.276      14  
	  2     14      54      0.310      0.309      2   

Generation time: 85.125 sec  (83.231 average)
Population 'novelty_1' saved! Current generation: 15
Sample chosen: [265, 749, 663, 403, 950, 653, 572, 270, 536, 103]

********** Running generation 15 **********

Full population's fitness overview:
	-       best fitness: 0.32468
	-       mean fitness: 0.13830
	-      worst fitness: 0.03116
	- standard deviation: 0.05782
Best genome overview:
	- fitness: 0.32468
	- size (hid, conn): (0, 11)
	- genome id: 1883
	- belongs to specie: 1
Genetic distance:
	- Maximum: 2.247
	- Mean: 1.197
	- Minimum: 0.000
	- Standard deviation: 0.646

Population of 128 members in 2 species:
	 SID    age    size    fitness    adj fit    stag 
	=====  =====  ======  =========  =========  ======
	  1     15      70      0.325      0.373      15  
	  2     15      58      0.303      0.355      3   

Generation time: 85.108 sec  (84.024 average)
Population 'novelty_1' saved! Current generation: 16
Sample chosen: [535, 785, 424, 613, 841, 427, 971, 339, 986, 179]

********** Running generation 16 **********

Full population's fitness overview:
	-       best fitness: 0.38966
	-       mean fitness: 0.10925
	-      worst fitness: 0.01932
	- standard deviation: 0.05900
Best genome overview:
	- fitness: 0.38966
	- size (hid, conn): (0, 12)
	- genome id: 2026
	- belongs to specie: 2
Genetic distance:
	- Maximum: 2.199
	- Mean: 1.205
	- Minimum: 0.000
	- Standard deviation: 0.673

Population of 128 members in 2 species:
	 SID    age    size    fitness    adj fit    stag 
	=====  =====  ======  =========  =========  ======
	  1     16      68      0.248      0.241      16  
	  2     16      60      0.390      0.245      4   

Generation time: 84.137 sec  (84.492 average)
Population 'novelty_1' saved! Current generation: 17
Sample chosen: [331, 815, 442, 907, 952, 42, 856, 392, 523, 807]

********** Running generation 17 **********

Full population's fitness overview:
	-       best fitness: 0.24060
	-       mean fitness: 0.08702
	-      worst fitness: 0.01370
	- standard deviation: 0.04797
Best genome overview:
	- fitness: 0.24060
	- size (hid, conn): (0, 12)
	- genome id: 2075
	- belongs to specie: 2
Genetic distance:
	- Maximum: 2.273
	- Mean: 1.282
	- Minimum: 0.071
	- Standard deviation: 0.644

Population of 128 members in 2 species:
	 SID    age    size    fitness    adj fit    stag 
	=====  =====  ======  =========  =========  ======
	  1     17      68      0.175      0.313      17  
	  2     17      60      0.241      0.334      5   

Generation time: 86.526 sec  (85.245 average)
Population 'novelty_1' saved! Current generation: 18
Sample chosen: [975, 256, 543, 291, 692, 1, 399, 557, 690, 676]

********** Running generation 18 **********

Full population's fitness overview:
	-       best fitness: 0.29078
	-       mean fitness: 0.11430
	-      worst fitness: 0.01247
	- standard deviation: 0.06211
Best genome overview:
	- fitness: 0.29078
	- size (hid, conn): (2, 17)
	- genome id: 2244
	- belongs to specie: 1
Genetic distance:
	- Maximum: 2.174
	- Mean: 1.279
	- Minimum: 0.000
	- Standard deviation: 0.629

Population of 128 members in 2 species:
	 SID    age    size    fitness    adj fit    stag 
	=====  =====  ======  =========  =========  ======
	  1     18      65      0.291      0.359      18  
	  2     18      63      0.272      0.374      6   

Generation time: 86.873 sec  (85.179 average)
Population 'novelty_1' saved! Current generation: 19
Sample chosen: [415, 769, 295, 508, 784, 675, 507, 258, 921, 516]

********** Running generation 19 **********

Full population's fitness overview:
	-       best fitness: 0.28776
	-       mean fitness: 0.11062
	-      worst fitness: 0.00326
	- standard deviation: 0.05910
Best genome overview:
	- fitness: 0.28776
	- size (hid, conn): (1, 14)
	- genome id: 2335
	- belongs to specie: 2
Genetic distance:
	- Maximum: 2.160
	- Mean: 1.305
	- Minimum: 0.082
	- Standard deviation: 0.619

Population of 128 members in 2 species:
	 SID    age    size    fitness    adj fit    stag 
	=====  =====  ======  =========  =========  ======
	  1     19      64      0.258      0.372      19  
	  2     19      64      0.288      0.383      7   

Generation time: 88.627 sec  (85.396 average)
Population 'novelty_1' saved! Current generation: 20
Sample chosen: [950, 947, 269, 570, 718, 701, 772, 631, 116, 126]

********** Running generation 20 **********

Full population's fitness overview:
	-       best fitness: 0.27996
	-       mean fitness: 0.10856
	-      worst fitness: 0.01430
	- standard deviation: 0.05360
Best genome overview:
	- fitness: 0.27996
	- size (hid, conn): (1, 13)
	- genome id: 2433
	- belongs to specie: 2
Genetic distance:
	- Maximum: 2.206
	- Mean: 1.357
	- Minimum: 0.000
	- Standard deviation: 0.601

Population of 128 members in 2 species:
	 SID    age    size    fitness    adj fit    stag 
	=====  =====  ======  =========  =========  ======
	  1     20      65      0.230      0.337      20  
	  2     20      63      0.280      0.372      8   

Generation time: 81.464 sec  (85.127 average)
Population 'novelty_1' saved! Current generation: 21
Sample chosen: [267, 6, 641, 729, 146, 473, 655, 232, 843, 374]

********** Running generation 21 **********

Full population's fitness overview:
	-       best fitness: 0.30456
	-       mean fitness: 0.10144
	-      worst fitness: 0.00180
	- standard deviation: 0.05301
Best genome overview:
	- fitness: 0.30456
	- size (hid, conn): (1, 12)
	- genome id: 2629
	- belongs to specie: 1
Genetic distance:
	- Maximum: 2.290
	- Mean: 1.367
	- Minimum: 0.000
	- Standard deviation: 0.580

Population of 128 members in 2 species:
	 SID    age    size    fitness    adj fit    stag 
	=====  =====  ======  =========  =========  ======
	  1     21      65      0.305      0.333      21  
	  2     21      63      0.236      0.325      9   

Generation time: 86.007 sec  (85.270 average)
Population 'novelty_1' saved! Current generation: 22
Sample chosen: [166, 121, 682, 301, 955, 632, 848, 140, 986, 800]

********** Running generation 22 **********

Full population's fitness overview:
	-       best fitness: 0.34701
	-       mean fitness: 0.10490
	-      worst fitness: 0.00346
	- standard deviation: 0.06454
Best genome overview:
	- fitness: 0.34701
	- size (hid, conn): (0, 12)
	- genome id: 2674
	- belongs to specie: 1
Genetic distance:
	- Maximum: 2.216
	- Mean: 1.371
	- Minimum: 0.083
	- Standard deviation: 0.592

Population of 128 members in 2 species:
	 SID    age    size    fitness    adj fit    stag 
	=====  =====  ======  =========  =========  ======
	  1     22      61      0.347      0.288      22  
	  2     22      67      0.262      0.303      10  

Generation time: 86.149 sec  (85.383 average)
Population 'novelty_1' saved! Current generation: 23
Sample chosen: [118, 939, 298, 309, 235, 243, 102, 919, 594, 441]

********** Running generation 23 **********

Full population's fitness overview:
	-       best fitness: 0.27334
	-       mean fitness: 0.11288
	-      worst fitness: 0.00887
	- standard deviation: 0.05903
Best genome overview:
	- fitness: 0.27334
	- size (hid, conn): (0, 11)
	- genome id: 2736
	- belongs to specie: 2
Genetic distance:
	- Maximum: 2.384
	- Mean: 1.389
	- Minimum: 0.036
	- Standard deviation: 0.645

Population of 128 members in 2 species:
	 SID    age    size    fitness    adj fit    stag 
	=====  =====  ======  =========  =========  ======
	  1     23      64      0.269      0.408      23  
	  2     23      64      0.273      0.380      11  

Generation time: 88.095 sec  (85.811 average)
Population 'novelty_1' saved! Current generation: 24
Sample chosen: [853, 511, 402, 3, 173, 694, 413, 752, 577, 31]

********** Running generation 24 **********

Full population's fitness overview:
	-       best fitness: 0.36765
	-       mean fitness: 0.12100
	-      worst fitness: 0.00540
	- standard deviation: 0.07149
Best genome overview:
	- fitness: 0.36765
	- size (hid, conn): (2, 14)
	- genome id: 2827
	- belongs to specie: 2
Genetic distance:
	- Maximum: 2.221
	- Mean: 1.437
	- Minimum: 0.000
	- Standard deviation: 0.646

Population of 128 members in 2 species:
	 SID    age    size    fitness    adj fit    stag 
	=====  =====  ======  =========  =========  ======
	  1     24      65      0.356      0.304      24  
	  2     24      63      0.368      0.334      12  

Generation time: 88.853 sec  (86.184 average)
Population 'novelty_1' saved! Current generation: 25
Sample chosen: [18, 709, 766, 740, 698, 34, 665, 409, 603, 138]

********** Running generation 25 **********

Full population's fitness overview:
	-       best fitness: 0.29057
	-       mean fitness: 0.11159
	-      worst fitness: 0.00400
	- standard deviation: 0.06027
Best genome overview:
	- fitness: 0.29057
	- size (hid, conn): (0, 12)
	- genome id: 3002
	- belongs to specie: 2
Genetic distance:
	- Maximum: 2.255
	- Mean: 1.390
	- Minimum: 0.000
	- Standard deviation: 0.762

Population of 127 members in 2 species:
	 SID    age    size    fitness    adj fit    stag 
	=====  =====  ======  =========  =========  ======
	  1     25      67      0.270      0.380      25  
	  2     25      60      0.291      0.371      13  

Generation time: 89.543 sec  (86.627 average)
Population 'novelty_1' saved! Current generation: 26
Sample chosen: [542, 1, 672, 340, 823, 821, 851, 937, 707, 27]

********** Running generation 26 **********

Full population's fitness overview:
	-       best fitness: 0.36133
	-       mean fitness: 0.11179
	-      worst fitness: 0.02754
	- standard deviation: 0.05844
Best genome overview:
	- fitness: 0.36133
	- size (hid, conn): (0, 11)
	- genome id: 3119
	- belongs to specie: 2
Genetic distance:
	- Maximum: 2.473
	- Mean: 1.405
	- Minimum: 0.000
	- Standard deviation: 0.769

Population of 128 members in 2 species:
	 SID    age    size    fitness    adj fit    stag 
	=====  =====  ======  =========  =========  ======
	  1     26      64      0.267      0.218      26  
	  2     26      64      0.361      0.291      14  

Generation time: 86.858 sec  (86.900 average)
Population 'novelty_1' saved! Current generation: 27
Sample chosen: [381, 993, 946, 635, 703, 401, 359, 634, 514, 114]

********** Running generation 27 **********

Full population's fitness overview:
	-       best fitness: 0.36819
	-       mean fitness: 0.14172
	-      worst fitness: 0.04044
	- standard deviation: 0.06784
Best genome overview:
	- fitness: 0.36819
	- size (hid, conn): (0, 11)
	- genome id: 3244
	- belongs to specie: 2
Genetic distance:
	- Maximum: 2.374
	- Mean: 1.281
	- Minimum: 0.013
	- Standard deviation: 0.840

Population of 128 members in 2 species:
	 SID    age    size    fitness    adj fit    stag 
	=====  =====  ======  =========  =========  ======
	  1     27      63      0.301      0.270      27  
	  2     27      65      0.368      0.348      15  

Generation time: 90.145 sec  (87.262 average)
Population 'novelty_1' saved! Current generation: 28
Sample chosen: [651, 964, 673, 747, 32, 839, 965, 502, 838, 906]

********** Running generation 28 **********

Full population's fitness overview:
	-       best fitness: 0.27400
	-       mean fitness: 0.11381
	-      worst fitness: 0.00718
	- standard deviation: 0.05339
Best genome overview:
	- fitness: 0.27400
	- size (hid, conn): (1, 13)
	- genome id: 3452
	- belongs to specie: 1
Genetic distance:
	- Maximum: 2.343
	- Mean: 1.294
	- Minimum: 0.019
	- Standard deviation: 0.812

Population of 128 members in 2 species:
	 SID    age    size    fitness    adj fit    stag 
	=====  =====  ======  =========  =========  ======
	  1     28      62      0.274      0.379      28  
	  2     28      66      0.238      0.420      16  

Generation time: 87.810 sec  (87.355 average)
Population 'novelty_1' saved! Current generation: 29
Sample chosen: [336, 102, 13, 868, 466, 928, 913, 320, 740, 721]

********** Running generation 29 **********

Full population's fitness overview:
	-       best fitness: 0.43653
	-       mean fitness: 0.12367
	-      worst fitness: 0.03133
	- standard deviation: 0.06926
Best genome overview:
	- fitness: 0.43653
	- size (hid, conn): (0, 12)
	- genome id: 3524
	- belongs to specie: 2
Genetic distance:
	- Maximum: 2.275
	- Mean: 1.227
	- Minimum: 0.004
	- Standard deviation: 0.862

Population of 128 members in 2 species:
	 SID    age    size    fitness    adj fit    stag 
	=====  =====  ======  =========  =========  ======
	  1     29      55      0.231      0.172      29  
	  2     29      73      0.437      0.281      17  

Generation time: 89.969 sec  (87.489 average)
Population 'novelty_1' saved! Current generation: 30
Sample chosen: [211, 871, 145, 559, 397, 643, 945, 486, 694, 819]

********** Running generation 30 **********

Full population's fitness overview:
	-       best fitness: 0.37588
	-       mean fitness: 0.12114
	-      worst fitness: 0.00505
	- standard deviation: 0.06190
Best genome overview:
	- fitness: 0.37588
	- size (hid, conn): (0, 12)
	- genome id: 3593
	- belongs to specie: 2
Genetic distance:
	- Maximum: 2.318
	- Mean: 1.200
	- Minimum: 0.000
	- Standard deviation: 0.860

Population of 128 members in 2 species:
	 SID    age    size    fitness    adj fit    stag 
	=====  =====  ======  =========  =========  ======
	  1     30      59      0.309      0.276      30  
	  2     30      69      0.376      0.341      18  

Generation time: 84.727 sec  (87.816 average)
Population 'novelty_1' saved! Current generation: 31
Sample chosen: [146, 469, 40, 662, 65, 462, 264, 840, 46, 472]

********** Running generation 31 **********

Full population's fitness overview:
	-       best fitness: 0.30521
	-       mean fitness: 0.13092
	-      worst fitness: 0.03153
	- standard deviation: 0.05911
Best genome overview:
	- fitness: 0.30521
	- size (hid, conn): (1, 11)
	- genome id: 3746
	- belongs to specie: 2
Genetic distance:
	- Maximum: 2.314
	- Mean: 1.291
	- Minimum: 0.005
	- Standard deviation: 0.752

Population of 128 members in 2 species:
	 SID    age    size    fitness    adj fit    stag 
	=====  =====  ======  =========  =========  ======
	  1     31      59      0.271      0.292      31  
	  2     31      69      0.305      0.424      19  

Generation time: 87.014 sec  (87.916 average)
Population 'novelty_1' saved! Current generation: 32
Sample chosen: [861, 581, 290, 322, 232, 492, 742, 762, 308, 788]

********** Running generation 32 **********

Full population's fitness overview:
	-       best fitness: 0.43574
	-       mean fitness: 0.12598
	-      worst fitness: 0.02453
	- standard deviation: 0.06730
Best genome overview:
	- fitness: 0.43574
	- size (hid, conn): (0, 11)
	- genome id: 3882
	- belongs to specie: 2
Genetic distance:
	- Maximum: 2.414
	- Mean: 1.348
	- Minimum: 0.006
	- Standard deviation: 0.720

Population of 128 members in 2 species:
	 SID    age    size    fitness    adj fit    stag 
	=====  =====  ======  =========  =========  ======
	  1     32      62      0.244      0.224      32  
	  2     32      66      0.436      0.266      20  

Generation time: 86.001 sec  (87.902 average)
Population 'novelty_1' saved! Current generation: 33
Sample chosen: [426, 926, 294, 127, 301, 176, 746, 616, 324, 766]

********** Running generation 33 **********

Full population's fitness overview:
	-       best fitness: 0.50404
	-       mean fitness: 0.12335
	-      worst fitness: 0.02583
	- standard deviation: 0.07606
Best genome overview:
	- fitness: 0.50404
	- size (hid, conn): (0, 11)
	- genome id: 3991
	- belongs to specie: 2
Genetic distance:
	- Maximum: 2.357
	- Mean: 1.369
	- Minimum: 0.031
	- Standard deviation: 0.705

Population of 128 members in 2 species:
	 SID    age    size    fitness    adj fit    stag 
	=====  =====  ======  =========  =========  ======
	  1     33      60      0.238      0.163      33  
	  2     33      68      0.504      0.242      0   

Generation time: 86.630 sec  (87.755 average)
Population 'novelty_1' saved! Current generation: 34
Sample chosen: [108, 797, 192, 699, 264, 757, 899, 668, 49, 372]

********** Running generation 34 **********

Full population's fitness overview:
	-       best fitness: 0.43059
	-       mean fitness: 0.12426
	-      worst fitness: 0.01329
	- standard deviation: 0.06998
Best genome overview:
	- fitness: 0.43059
	- size (hid, conn): (0, 11)
	- genome id: 4071
	- belongs to specie: 2
Genetic distance:
	- Maximum: 2.387
	- Mean: 1.404
	- Minimum: 0.049
	- Standard deviation: 0.615

Population of 128 members in 2 species:
	 SID    age    size    fitness    adj fit    stag 
	=====  =====  ======  =========  =========  ======
	  1     34      60      0.229      0.223      34  
	  2     34      68      0.431      0.303      1   

Generation time: 88.781 sec  (87.748 average)
Population 'novelty_1' saved! Current generation: 35
Sample chosen: [479, 976, 504, 405, 650, 527, 763, 780, 838, 852]

********** Running generation 35 **********

Full population's fitness overview:
	-       best fitness: 0.34192
	-       mean fitness: 0.12412
	-      worst fitness: 0.01361
	- standard deviation: 0.06768
Best genome overview:
	- fitness: 0.34192
	- size (hid, conn): (0, 11)
	- genome id: 4232
	- belongs to specie: 2
Genetic distance:
	- Maximum: 2.442
	- Mean: 1.374
	- Minimum: 0.002
	- Standard deviation: 0.607

Population of 128 members in 2 species:
	 SID    age    size    fitness    adj fit    stag 
	=====  =====  ======  =========  =========  ======
	  1     35      62      0.266      0.300      35  
	  2     35      66      0.342      0.369      2   

Generation time: 92.294 sec  (88.023 average)
Population 'novelty_1' saved! Current generation: 36
Sample chosen: [613, 304, 212, 24, 837, 532, 497, 88, 4, 998]

********** Running generation 36 **********

Full population's fitness overview:
	-       best fitness: 0.39401
	-       mean fitness: 0.12904
	-      worst fitness: 0.03477
	- standard deviation: 0.06964
Best genome overview:
	- fitness: 0.39401
	- size (hid, conn): (1, 13)
	- genome id: 4326
	- belongs to specie: 2
Genetic distance:
	- Maximum: 2.725
	- Mean: 1.421
	- Minimum: 0.006
	- Standard deviation: 0.556

Population of 128 members in 2 species:
	 SID    age    size    fitness    adj fit    stag 
	=====  =====  ======  =========  =========  ======
	  1     36      59      0.207      0.202      36  
	  2     36      69      0.394      0.319      3   

Generation time: 92.339 sec  (88.571 average)
Population 'novelty_1' saved! Current generation: 37
Sample chosen: [135, 868, 823, 62, 36, 362, 152, 417, 237, 266]

********** Running generation 37 **********

Full population's fitness overview:
	-       best fitness: 0.44855
	-       mean fitness: 0.11045
	-      worst fitness: 0.00779
	- standard deviation: 0.06376
Best genome overview:
	- fitness: 0.44855
	- size (hid, conn): (0, 11)
	- genome id: 4422
	- belongs to specie: 2
Genetic distance:
	- Maximum: 2.853
	- Mean: 1.503
	- Minimum: 0.143
	- Standard deviation: 0.605

Population of 128 members in 2 species:
	 SID    age    size    fitness    adj fit    stag 
	=====  =====  ======  =========  =========  ======
	  1     37      64      0.232      0.210      37  
	  2     37      64      0.449      0.252      4   

Generation time: 89.850 sec  (88.542 average)
Population 'novelty_1' saved! Current generation: 38
Sample chosen: [710, 73, 968, 977, 713, 157, 608, 529, 545, 221]

********** Running generation 38 **********

Full population's fitness overview:
	-       best fitness: 0.33115
	-       mean fitness: 0.11128
	-      worst fitness: 0.00551
	- standard deviation: 0.06249
Best genome overview:
	- fitness: 0.33115
	- size (hid, conn): (0, 11)
	- genome id: 4335
	- belongs to specie: 2
Genetic distance:
	- Maximum: 2.837
	- Mean: 1.593
	- Minimum: 0.029
	- Standard deviation: 0.651

Population of 127 members in 2 species:
	 SID    age    size    fitness    adj fit    stag 
	=====  =====  ======  =========  =========  ======
	  1     38      63      0.277      0.290      38  
	  2     38      64      0.331      0.360      5   

Generation time: 92.816 sec  (89.042 average)
Population 'novelty_1' saved! Current generation: 39
Sample chosen: [658, 948, 834, 310, 937, 462, 304, 123, 620, 951]

********** Running generation 39 **********

Full population's fitness overview:
	-       best fitness: 0.30866
	-       mean fitness: 0.13278
	-      worst fitness: 0.01201
	- standard deviation: 0.06216
Best genome overview:
	- fitness: 0.30866
	- size (hid, conn): (0, 10)
	- genome id: 4688
	- belongs to specie: 2
Genetic distance:
	- Maximum: 2.830
	- Mean: 1.724
	- Minimum: 0.017
	- Standard deviation: 0.582

Population of 128 members in 2 species:
	 SID    age    size    fitness    adj fit    stag 
	=====  =====  ======  =========  =========  ======
	  1     39      61      0.292      0.333      39  
	  2     39      67      0.309      0.480      6   

Generation time: 94.533 sec  (89.498 average)
Population 'novelty_1' saved! Current generation: 40
Sample chosen: [103, 80, 902, 91, 265, 533, 401, 912, 687, 49]

********** Running generation 40 **********

Full population's fitness overview:
	-       best fitness: 0.34705
	-       mean fitness: 0.13199
	-      worst fitness: 0.00303
	- standard deviation: 0.07013
Best genome overview:
	- fitness: 0.34705
	- size (hid, conn): (0, 11)
	- genome id: 4823
	- belongs to specie: 2
Genetic distance:
	- Maximum: 2.866
	- Mean: 1.822
	- Minimum: 0.030
	- Standard deviation: 0.595

Population of 128 members in 2 species:
	 SID    age    size    fitness    adj fit    stag 
	=====  =====  ======  =========  =========  ======
	  1     40      60      0.255      0.312      40  
	  2     40      68      0.347      0.432      7   

Generation time: 95.279 sec  (90.554 average)
Population 'novelty_1' saved! Current generation: 41
Sample chosen: [660, 410, 379, 8, 38, 606, 703, 217, 558, 63]

********** Running generation 41 **********

Full population's fitness overview:
	-       best fitness: 0.49957
	-       mean fitness: 0.11385
	-      worst fitness: 0.02863
	- standard deviation: 0.06820
Best genome overview:
	- fitness: 0.49957
	- size (hid, conn): (0, 11)
	- genome id: 4901
	- belongs to specie: 2
Genetic distance:
	- Maximum: 3.062
	- Mean: 1.899
	- Minimum: 0.117
	- Standard deviation: 0.637

Population of 128 members in 3 species:
	 SID    age    size    fitness    adj fit    stag 
	=====  =====  ======  =========  =========  ======
	  1     41      56      0.240      0.165      41  
	  2     41      66      0.500      0.195      8   
	  3      0      6        --         --        0   

Generation time: 90.847 sec  (90.937 average)
Population 'novelty_1' saved! Current generation: 42
Sample chosen: [315, 828, 258, 668, 111, 35, 409, 719, 15, 933]

********** Running generation 42 **********

Full population's fitness overview:
	-       best fitness: 0.37557
	-       mean fitness: 0.12004
	-      worst fitness: 0.01353
	- standard deviation: 0.07126
Best genome overview:
	- fitness: 0.37557
	- size (hid, conn): (0, 11)
	- genome id: 5033
	- belongs to specie: 2
Genetic distance:
	- Maximum: 3.007
	- Mean: 1.919
	- Minimum: 0.000
	- Standard deviation: 0.686

Population of 127 members in 4 species:
	 SID    age    size    fitness    adj fit    stag 
	=====  =====  ======  =========  =========  ======
	  1     42      47      0.222      0.220      42  
	  2     42      59      0.376      0.363      9   
	  3      1      14      0.135      0.226      0   
	  4      0      7        --         --        0   

Generation time: 95.929 sec  (91.930 average)
Population 'novelty_1' saved! Current generation: 43
Sample chosen: [857, 620, 66, 457, 968, 835, 973, 296, 390, 7]

********** Running generation 43 **********

Full population's fitness overview:
	-       best fitness: 0.36809
	-       mean fitness: 0.11739
	-      worst fitness: 0.01345
	- standard deviation: 0.06527
Best genome overview:
	- fitness: 0.36809
	- size (hid, conn): (0, 11)
	- genome id: 5044
	- belongs to specie: 2
Genetic distance:
	- Maximum: 3.202
	- Mean: 2.123
	- Minimum: 0.000
	- Standard deviation: 0.607

Population of 126 members in 4 species:
	 SID    age    size    fitness    adj fit    stag 
	=====  =====  ======  =========  =========  ======
	  1     43      28      0.265      0.241      43  
	  2     43      45      0.368      0.343      10  
	  3      2      17      0.175      0.168      0   
	  4      1      36      0.220      0.468      0   

Generation time: 92.147 sec  (92.481 average)
Population 'novelty_1' saved! Current generation: 44
Sample chosen: [269, 265, 632, 447, 966, 388, 737, 684, 844, 127]

********** Running generation 44 **********

Full population's fitness overview:
	-       best fitness: 0.32200
	-       mean fitness: 0.11440
	-      worst fitness: 0.01195
	- standard deviation: 0.06508
Best genome overview:
	- fitness: 0.32200
	- size (hid, conn): (0, 11)
	- genome id: 5286
	- belongs to specie: 2
Genetic distance:
	- Maximum: 3.272
	- Mean: 2.165
	- Minimum: 0.132
	- Standard deviation: 0.502

Population of 126 members in 4 species:
	 SID    age    size    fitness    adj fit    stag 
	=====  =====  ======  =========  =========  ======
	  1     44      40      0.192      0.282      44  
	  2     44      38      0.322      0.368      11  
	  3      3      23      0.203      0.267      0   
	  4      2      25      0.256      0.351      0   

Generation time: 95.880 sec  (93.191 average)
Population 'novelty_1' saved! Current generation: 45
Sample chosen: [558, 986, 560, 629, 862, 250, 415, 944, 262, 761]

********** Running generation 45 **********

Full population's fitness overview:
	-       best fitness: 0.43678
	-       mean fitness: 0.10293
	-      worst fitness: 0.01490
	- standard deviation: 0.07010
Best genome overview:
	- fitness: 0.43678
	- size (hid, conn): (0, 11)
	- genome id: 5286
	- belongs to specie: 2
Genetic distance:
	- Maximum: 3.399
	- Mean: 2.045
	- Minimum: 0.000
	- Standard deviation: 0.599

Population of 127 members in 4 species:
	 SID    age    size    fitness    adj fit    stag 
	=====  =====  ======  =========  =========  ======
	  1     45      10      0.229      0.206      45  
	  2     45      59      0.437      0.301      12  
	  3      4      12      0.169      0.096      1   
	  4      3      46      0.179      0.177      1   

Generation time: 98.872 sec  (93.849 average)
Population 'novelty_1' saved! Current generation: 46
Sample chosen: [454, 676, 740, 545, 77, 404, 85, 383, 515, 370]

********** Running generation 46 **********

Full population's fitness overview:
	-       best fitness: 0.36803
	-       mean fitness: 0.11339
	-      worst fitness: 0.01124
	- standard deviation: 0.06946
Best genome overview:
	- fitness: 0.36803
	- size (hid, conn): (0, 11)
	- genome id: 5482
	- belongs to specie: 2
Genetic distance:
	- Maximum: 3.196
	- Mean: 1.941
	- Minimum: 0.000
	- Standard deviation: 0.641

Population of 127 members in 4 species:
	 SID    age    size    fitness    adj fit    stag 
	=====  =====  ======  =========  =========  ======
	  1     46      26      0.222      0.347      46  
	  2     46      52      0.368      0.330      13  
	  3      5      12      0.162      0.205      2   
	  4      4      37      0.250      0.238      2   

Generation time: 97.117 sec  (94.327 average)
Population 'novelty_1' saved! Current generation: 47
Sample chosen: [893, 492, 396, 314, 966, 771, 103, 827, 476, 375]

********** Running generation 47 **********

Full population's fitness overview:
	-       best fitness: 0.41629
	-       mean fitness: 0.12383
	-      worst fitness: 0.02435
	- standard deviation: 0.06541
Best genome overview:
	- fitness: 0.41629
	- size (hid, conn): (0, 11)
	- genome id: 5286
	- belongs to specie: 2

Species 1 with 26 members is stagnated: removing it
Genetic distance:
	- Maximum: 3.315
	- Mean: 2.076
	- Minimum: 0.000
	- Standard deviation: 0.721

Population of 129 members in 3 species:
	 SID    age    size    fitness    adj fit    stag 
	=====  =====  ======  =========  =========  ======
	  2     47      69      0.416      0.303      14  
	  3      6      17      0.178      0.178      3   
	  4      5      43      0.253      0.225      3   

Generation time: 100.261 sec  (95.368 average)
Population 'novelty_1' saved! Current generation: 48
Sample chosen: [976, 568, 607, 728, 442, 488, 528, 225, 10, 717]

********** Running generation 48 **********

Full population's fitness overview:
	-       best fitness: 0.39021
	-       mean fitness: 0.12137
	-      worst fitness: 0.01256
	- standard deviation: 0.07401
Best genome overview:
	- fitness: 0.39021
	- size (hid, conn): (0, 11)
	- genome id: 5712
	- belongs to specie: 2
Genetic distance:
	- Maximum: 3.384
	- Mean: 1.927
	- Minimum: 0.013
	- Standard deviation: 0.799

Population of 127 members in 3 species:
	 SID    age    size    fitness    adj fit    stag 
	=====  =====  ======  =========  =========  ======
	  2     48      60      0.390      0.329      15  
	  3      7      23      0.147      0.150      4   
	  4      6      44      0.264      0.277      0   

Generation time: 94.346 sec  (95.521 average)
Population 'novelty_1' saved! Current generation: 49
Sample chosen: [132, 351, 725, 939, 192, 181, 273, 204, 298, 206]

********** Running generation 49 **********

Full population's fitness overview:
	-       best fitness: 0.35953
	-       mean fitness: 0.09831
	-      worst fitness: 0.01289
	- standard deviation: 0.05619
Best genome overview:
	- fitness: 0.35953
	- size (hid, conn): (0, 10)
	- genome id: 5839
	- belongs to specie: 2
Genetic distance:
	- Maximum: 3.308
	- Mean: 1.887
	- Minimum: 0.009
	- Standard deviation: 0.806

Population of 126 members in 3 species:
	 SID    age    size    fitness    adj fit    stag 
	=====  =====  ======  =========  =========  ======
	  2     49      56      0.360      0.291      16  
	  3      8      29      0.160      0.168      5   
	  4      7      41      0.186      0.227      1   

Generation time: 87.045 sec  (94.772 average)
Population 'novelty_1' saved! Current generation: 50
Sample chosen: [702, 281, 755, 704, 960, 149, 518, 722, 802, 684]

********** Running generation 50 **********

Full population's fitness overview:
	-       best fitness: 0.41682
	-       mean fitness: 0.11496
	-      worst fitness: 0.00546
	- standard deviation: 0.07851
Best genome overview:
	- fitness: 0.41682
	- size (hid, conn): (0, 12)
	- genome id: 5934
	- belongs to specie: 2
Genetic distance:
	- Maximum: 3.222
	- Mean: 1.889
	- Minimum: 0.056
	- Standard deviation: 0.796

Population of 127 members in 3 species:
	 SID    age    size    fitness    adj fit    stag 
	=====  =====  ======  =========  =========  ======
	  2     50      55      0.417      0.330      17  
	  3      9      33      0.201      0.183      6   
	  4      8      39      0.290      0.238      0   

Generation time: 86.450 sec  (93.889 average)
Population 'novelty_1' saved! Current generation: 51
Sample chosen: [610, 749, 29, 6, 812, 570, 727, 694, 318, 454]

********** Running generation 51 **********

Full population's fitness overview:
	-       best fitness: 0.33499
	-       mean fitness: 0.10284
	-      worst fitness: 0.00371
	- standard deviation: 0.06361
Best genome overview:
	- fitness: 0.33499
	- size (hid, conn): (0, 12)
	- genome id: 6078
	- belongs to specie: 2
Genetic distance:
	- Maximum: 3.306
	- Mean: 1.984
	- Minimum: 0.000
	- Standard deviation: 0.733

Population of 127 members in 3 species:
	 SID    age    size    fitness    adj fit    stag 
	=====  =====  ======  =========  =========  ======
	  2     51      57      0.335      0.364      18  
	  3     10      35      0.182      0.214      7   
	  4      9      35      0.192      0.279      1   

Generation time: 87.937 sec  (93.598 average)
Population 'novelty_1' saved! Current generation: 52
Sample chosen: [355, 1000, 171, 34, 884, 547, 128, 659, 60, 45]

********** Running generation 52 **********

Full population's fitness overview:
	-       best fitness: 0.33312
	-       mean fitness: 0.11290
	-      worst fitness: 0.00977
	- standard deviation: 0.06712
Best genome overview:
	- fitness: 0.33312
	- size (hid, conn): (0, 11)
	- genome id: 6087
	- belongs to specie: 2
Genetic distance:
	- Maximum: 3.425
	- Mean: 1.865
	- Minimum: 0.013
	- Standard deviation: 0.783

Population of 128 members in 3 species:
	 SID    age    size    fitness    adj fit    stag 
	=====  =====  ======  =========  =========  ======
	  2     52      51      0.333      0.366      19  
	  3     11      37      0.194      0.241      8   
	  4     10      40      0.236      0.320      2   

Generation time: 91.768 sec  (93.182 average)
Population 'novelty_1' saved! Current generation: 53
Sample chosen: [263, 20, 646, 852, 781, 688, 405, 767, 169, 394]

********** Running generation 53 **********

Full population's fitness overview:
	-       best fitness: 0.40758
	-       mean fitness: 0.11329
	-      worst fitness: 0.01704
	- standard deviation: 0.07403
Best genome overview:
	- fitness: 0.40758
	- size (hid, conn): (0, 11)
	- genome id: 6087
	- belongs to specie: 2
Genetic distance:
	- Maximum: 3.330
	- Mean: 1.791
	- Minimum: 0.016
	- Standard deviation: 0.798

Population of 127 members in 3 species:
	 SID    age    size    fitness    adj fit    stag 
	=====  =====  ======  =========  =========  ======
	  2     53      54      0.408      0.350      20  
	  3     12      36      0.242      0.164      0   
	  4     11      37      0.203      0.191      3   

Generation time: 90.114 sec  (92.979 average)
Population 'novelty_1' saved! Current generation: 54
Sample chosen: [261, 356, 257, 421, 279, 642, 993, 413, 905, 386]

********** Running generation 54 **********

Full population's fitness overview:
	-       best fitness: 0.40946
	-       mean fitness: 0.10815
	-      worst fitness: 0.01229
	- standard deviation: 0.07333
Best genome overview:
	- fitness: 0.40946
	- size (hid, conn): (0, 11)
	- genome id: 6087
	- belongs to specie: 2
Genetic distance:
	- Maximum: 3.181
	- Mean: 1.814
	- Minimum: 0.000
	- Standard deviation: 0.747

Population of 128 members in 3 species:
	 SID    age    size    fitness    adj fit    stag 
	=====  =====  ======  =========  =========  ======
	  2     54      55      0.409      0.317      21  
	  3     13      31      0.161      0.153      1   
	  4     12      42      0.278      0.217      4   

Generation time: 87.691 sec  (92.160 average)
Population 'novelty_1' saved! Current generation: 55
Sample chosen: [947, 23, 887, 96, 134, 423, 688, 63, 798, 415]

********** Running generation 55 **********

Full population's fitness overview:
	-       best fitness: 0.39019
	-       mean fitness: 0.10050
	-      worst fitness: 0.00910
	- standard deviation: 0.06945
Best genome overview:
	- fitness: 0.39019
	- size (hid, conn): (0, 11)
	- genome id: 6543
	- belongs to specie: 2
Genetic distance:
	- Maximum: 3.239
	- Mean: 1.718
	- Minimum: 0.000
	- Standard deviation: 0.831

Population of 128 members in 3 species:
	 SID    age    size    fitness    adj fit    stag 
	=====  =====  ======  =========  =========  ======
	  2     55      60      0.390      0.347      22  
	  3     14      34      0.159      0.158      2   
	  4     13      34      0.146      0.160      5   

Generation time: 93.572 sec  (91.630 average)
Population 'novelty_1' saved! Current generation: 56
Sample chosen: [765, 194, 448, 404, 233, 29, 350, 156, 368, 208]

********** Running generation 56 **********

Full population's fitness overview:
	-       best fitness: 0.38257
	-       mean fitness: 0.12239
	-      worst fitness: 0.02004
	- standard deviation: 0.07598
Best genome overview:
	- fitness: 0.38257
	- size (hid, conn): (0, 11)
	- genome id: 6649
	- belongs to specie: 2
Genetic distance:
	- Maximum: 3.314
	- Mean: 1.758
	- Minimum: 0.000
	- Standard deviation: 0.869

Population of 129 members in 3 species:
	 SID    age    size    fitness    adj fit    stag 
	=====  =====  ======  =========  =========  ======
	  2     56      62      0.383      0.375      23  
	  3     15      33      0.215      0.188      3   
	  4     14      34      0.259      0.213      6   

Generation time: 89.889 sec  (90.907 average)
Population 'novelty_1' saved! Current generation: 57
Sample chosen: [502, 137, 714, 581, 220, 164, 570, 162, 929, 437]

********** Running generation 57 **********

Full population's fitness overview:
	-       best fitness: 0.35996
	-       mean fitness: 0.11652
	-      worst fitness: 0.00797
	- standard deviation: 0.07476
Best genome overview:
	- fitness: 0.35996
	- size (hid, conn): (0, 11)
	- genome id: 6649
	- belongs to specie: 2
Genetic distance:
	- Maximum: 3.461
	- Mean: 2.000
	- Minimum: 0.000
	- Standard deviation: 0.821

Population of 128 members in 3 species:
	 SID    age    size    fitness    adj fit    stag 
	=====  =====  ======  =========  =========  ======
	  2     57      73      0.360      0.371      24  
	  3     16      35      0.253      0.211      0   
	  4     15      20      0.274      0.289      7   

Generation time: 90.499 sec  (89.931 average)
Population 'novelty_1' saved! Current generation: 58
Sample chosen: [396, 321, 951, 702, 626, 270, 102, 41, 348, 773]

********** Running generation 58 **********

Full population's fitness overview:
	-       best fitness: 0.35418
	-       mean fitness: 0.11693
	-      worst fitness: 0.00093
	- standard deviation: 0.07001
Best genome overview:
	- fitness: 0.35418
	- size (hid, conn): (0, 11)
	- genome id: 6879
	- belongs to specie: 2
Genetic distance:
	- Maximum: 3.382
	- Mean: 1.834
	- Minimum: 0.021
	- Standard deviation: 0.899

Population of 127 members in 3 species:
	 SID    age    size    fitness    adj fit    stag 
	=====  =====  ======  =========  =========  ======
	  2     58      62      0.354      0.375      25  
	  3     17      40      0.209      0.279      1   
	  4     16      25      0.231      0.245      8   

Generation time: 94.891 sec  (89.986 average)
Population 'novelty_1' saved! Current generation: 59
Sample chosen: [923, 459, 334, 176, 566, 387, 44, 928, 49, 394]

********** Running generation 59 **********

Full population's fitness overview:
	-       best fitness: 0.41859
	-       mean fitness: 0.11639
	-      worst fitness: 0.01285
	- standard deviation: 0.07428
Best genome overview:
	- fitness: 0.41859
	- size (hid, conn): (0, 12)
	- genome id: 6871
	- belongs to specie: 2
Genetic distance:
	- Maximum: 3.424
	- Mean: 1.843
	- Minimum: 0.018
	- Standard deviation: 0.883

Population of 128 members in 3 species:
	 SID    age    size    fitness    adj fit    stag 
	=====  =====  ======  =========  =========  ======
	  2     59      62      0.419      0.325      26  
	  3     18      37      0.221      0.158      2   
	  4     17      29      0.273      0.238      9   

Generation time: 89.562 sec  (90.237 average)
Population 'novelty_1' saved! Current generation: 60
Sample chosen: [906, 722, 933, 564, 309, 844, 734, 252, 577, 789]

********** Running generation 60 **********

Full population's fitness overview:
	-       best fitness: 0.36547
	-       mean fitness: 0.13104
	-      worst fitness: 0.01296
	- standard deviation: 0.06329
Best genome overview:
	- fitness: 0.36547
	- size (hid, conn): (0, 11)
	- genome id: 7140
	- belongs to specie: 2
Genetic distance:
	- Maximum: 3.373
	- Mean: 1.917
	- Minimum: 0.000
	- Standard deviation: 0.852

Population of 127 members in 3 species:
	 SID    age    size    fitness    adj fit    stag 
	=====  =====  ======  =========  =========  ======
	  2     60      56      0.365      0.405      27  
	  3     19      38      0.347      0.264      0   
	  4     18      33      0.210      0.276      10  

Generation time: 89.563 sec  (90.549 average)
Population 'novelty_1' saved! Current generation: 61
Sample chosen: [342, 434, 960, 412, 227, 583, 340, 3, 908, 972]

********** Running generation 61 **********

Full population's fitness overview:
	-       best fitness: 0.44237
	-       mean fitness: 0.11430
	-      worst fitness: 0.01106
	- standard deviation: 0.08145
Best genome overview:
	- fitness: 0.44237
	- size (hid, conn): (0, 10)
	- genome id: 7137
	- belongs to specie: 2
Genetic distance:
	- Maximum: 3.443
	- Mean: 1.850
	- Minimum: 0.000
	- Standard deviation: 0.869

Population of 128 members in 3 species:
	 SID    age    size    fitness    adj fit    stag 
	=====  =====  ======  =========  =========  ======
	  2     61      57      0.442      0.324      28  
	  3     20      34      0.196      0.154      1   
	  4     19      37      0.247      0.194      11  

Generation time: 89.746 sec  (90.730 average)
Population 'novelty_1' saved! Current generation: 62
Sample chosen: [892, 365, 858, 851, 195, 900, 727, 890, 925, 40]

********** Running generation 62 **********

Full population's fitness overview:
	-       best fitness: 0.35760
	-       mean fitness: 0.13519
	-      worst fitness: 0.00211
	- standard deviation: 0.07439
Best genome overview:
	- fitness: 0.35760
	- size (hid, conn): (0, 11)
	- genome id: 7361
	- belongs to specie: 2
Genetic distance:
	- Maximum: 3.538
	- Mean: 1.854
	- Minimum: 0.000
	- Standard deviation: 0.881

Population of 127 members in 3 species:
	 SID    age    size    fitness    adj fit    stag 
	=====  =====  ======  =========  =========  ======
	  2     62      56      0.358      0.464      29  
	  3     21      37      0.236      0.305      2   
	  4     20      34      0.244      0.300      12  

Generation time: 91.861 sec  (90.739 average)
Population 'novelty_1' saved! Current generation: 63
Sample chosen: [442, 966, 409, 339, 435, 606, 430, 306, 696, 832]

********** Running generation 63 **********

Full population's fitness overview:
	-       best fitness: 0.33347
	-       mean fitness: 0.12045
	-      worst fitness: 0.03148
	- standard deviation: 0.06616
Best genome overview:
	- fitness: 0.33347
	- size (hid, conn): (0, 10)
	- genome id: 7467
	- belongs to specie: 2
Genetic distance:
	- Maximum: 3.466
	- Mean: 1.847
	- Minimum: 0.000
	- Standard deviation: 0.941

Population of 127 members in 3 species:
	 SID    age    size    fitness    adj fit    stag 
	=====  =====  ======  =========  =========  ======
	  2     63      62      0.333      0.361      30  
	  3     22      37      0.224      0.209      3   
	  4     21      28      0.232      0.278      13  

Generation time: 89.838 sec  (90.711 average)
Population 'novelty_1' saved! Current generation: 64
Sample chosen: [514, 920, 954, 772, 111, 682, 29, 657, 284, 196]

********** Running generation 64 **********

Full population's fitness overview:
	-       best fitness: 0.33882
	-       mean fitness: 0.10663
	-      worst fitness: 0.01202
	- standard deviation: 0.06466
Best genome overview:
	- fitness: 0.33882
	- size (hid, conn): (0, 10)
	- genome id: 7599
	- belongs to specie: 2
Genetic distance:
	- Maximum: 3.479
	- Mean: 1.948
	- Minimum: 0.014
	- Standard deviation: 0.908

Population of 127 members in 3 species:
	 SID    age    size    fitness    adj fit    stag 
	=====  =====  ======  =========  =========  ======
	  2     64      56      0.339      0.330      31  
	  3     23      34      0.137      0.205      4   
	  4     22      37      0.241      0.311      14  

Generation time: 94.042 sec  (91.346 average)
Population 'novelty_1' saved! Current generation: 65
Sample chosen: [346, 365, 345, 464, 157, 717, 650, 724, 679, 706]

********** Running generation 65 **********

Full population's fitness overview:
	-       best fitness: 0.40620
	-       mean fitness: 0.11721
	-      worst fitness: 0.01180
	- standard deviation: 0.07104
Best genome overview:
	- fitness: 0.40620
	- size (hid, conn): (0, 11)
	- genome id: 7715
	- belongs to specie: 2
Genetic distance:
	- Maximum: 3.428
	- Mean: 1.963
	- Minimum: 0.006
	- Standard deviation: 0.822

Population of 128 members in 3 species:
	 SID    age    size    fitness    adj fit    stag 
	=====  =====  ======  =========  =========  ======
	  2     65      72      0.406      0.308      32  
	  3     24      34      0.264      0.240      5   
	  4     23      22      0.187      0.231      15  

Generation time: 92.129 sec  (91.202 average)
Population 'novelty_1' saved! Current generation: 66
Sample chosen: [639, 676, 898, 37, 82, 915, 310, 44, 607, 853]

********** Running generation 66 **********

Full population's fitness overview:
	-       best fitness: 0.48948
	-       mean fitness: 0.12612
	-      worst fitness: 0.03206
	- standard deviation: 0.07079
Best genome overview:
	- fitness: 0.48948
	- size (hid, conn): (0, 9)
	- genome id: 7791
	- belongs to specie: 2

Species 4 with 22 members is stagnated: removing it
Genetic distance:
	- Maximum: 3.389
	- Mean: 1.617
	- Minimum: 0.008
	- Standard deviation: 0.792

Population of 128 members in 2 species:
	 SID    age    size    fitness    adj fit    stag 
	=====  =====  ======  =========  =========  ======
	  2     66      81      0.489      0.234      33  
	  3     25      47      0.284      0.159      6   

Generation time: 91.205 sec  (91.334 average)
Population 'novelty_1' saved! Current generation: 67
Sample chosen: [279, 154, 913, 992, 636, 29, 757, 2, 348, 314]

********** Running generation 67 **********

Full population's fitness overview:
	-       best fitness: 0.44435
	-       mean fitness: 0.11525
	-      worst fitness: 0.00666
	- standard deviation: 0.07668
Best genome overview:
	- fitness: 0.44435
	- size (hid, conn): (0, 11)
	- genome id: 7916
	- belongs to specie: 2
Genetic distance:
	- Maximum: 2.967
	- Mean: 1.400
	- Minimum: 0.009
	- Standard deviation: 0.859

Population of 128 members in 2 species:
	 SID    age    size    fitness    adj fit    stag 
	=====  =====  ======  =========  =========  ======
	  2     67      79      0.444      0.296      34  
	  3     26      49      0.220      0.166      7   

Generation time: 81.026 sec  (90.387 average)
Population 'novelty_1' saved! Current generation: 68
Sample chosen: [587, 992, 629, 17, 749, 80, 698, 701, 317, 85]

********** Running generation 68 **********

Full population's fitness overview:
	-       best fitness: 0.32189
	-       mean fitness: 0.11967
	-      worst fitness: 0.00479
	- standard deviation: 0.06768
Best genome overview:
	- fitness: 0.32189
	- size (hid, conn): (0, 11)
	- genome id: 7916
	- belongs to specie: 2
Genetic distance:
	- Maximum: 2.845
	- Mean: 1.419
	- Minimum: 0.018
	- Standard deviation: 0.904

Population of 128 members in 2 species:
	 SID    age    size    fitness    adj fit    stag 
	=====  =====  ======  =========  =========  ======
	  2     68      74      0.322      0.408      35  
	  3     27      54      0.299      0.289      8   

Generation time: 77.390 sec  (88.636 average)
Population 'novelty_1' saved! Current generation: 69
Sample chosen: [149, 73, 222, 13, 403, 494, 951, 992, 83, 700]

********** Running generation 69 **********

Full population's fitness overview:
	-       best fitness: 0.39037
	-       mean fitness: 0.12244
	-      worst fitness: 0.00056
	- standard deviation: 0.07036
Best genome overview:
	- fitness: 0.39037
	- size (hid, conn): (0, 11)
	- genome id: 8152
	- belongs to specie: 2
Genetic distance:
	- Maximum: 2.630
	- Mean: 1.388
	- Minimum: 0.011
	- Standard deviation: 0.863

Population of 127 members in 2 species:
	 SID    age    size    fitness    adj fit    stag 
	=====  =====  ======  =========  =========  ======
	  2     69      77      0.390      0.396      36  
	  3     28      50      0.224      0.198      9   

Generation time: 80.067 sec  (87.687 average)
Population 'novelty_1' saved! Current generation: 70
Sample chosen: [75, 368, 421, 343, 4, 364, 617, 961, 561, 105]

********** Running generation 70 **********

Full population's fitness overview:
	-       best fitness: 0.36254
	-       mean fitness: 0.11290
	-      worst fitness: 0.00325
	- standard deviation: 0.06866
Best genome overview:
	- fitness: 0.36254
	- size (hid, conn): (1, 10)
	- genome id: 8276
	- belongs to specie: 2
Genetic distance:
	- Maximum: 2.629
	- Mean: 1.414
	- Minimum: 0.024
	- Standard deviation: 0.853

Population of 128 members in 2 species:
	 SID    age    size    fitness    adj fit    stag 
	=====  =====  ======  =========  =========  ======
	  2     70      76      0.363      0.363      37  
	  3     29      52      0.189      0.216      10  

Generation time: 78.179 sec  (86.548 average)
Population 'novelty_1' saved! Current generation: 71
Sample chosen: [58, 188, 459, 578, 633, 308, 57, 774, 207, 658]

********** Running generation 71 **********

Full population's fitness overview:
	-       best fitness: 0.32312
	-       mean fitness: 0.10322
	-      worst fitness: 0.00424
	- standard deviation: 0.06128
Best genome overview:
	- fitness: 0.32312
	- size (hid, conn): (0, 11)
	- genome id: 8424
	- belongs to specie: 2
Genetic distance:
	- Maximum: 2.808
	- Mean: 1.511
	- Minimum: 0.001
	- Standard deviation: 0.804

Population of 128 members in 2 species:
	 SID    age    size    fitness    adj fit    stag 
	=====  =====  ======  =========  =========  ======
	  2     71      72      0.323      0.350      38  
	  3     30      56      0.190      0.253      11  

Generation time: 76.897 sec  (85.263 average)
Population 'novelty_1' saved! Current generation: 72
Sample chosen: [346, 415, 622, 59, 647, 202, 677, 273, 849, 635]

********** Running generation 72 **********

Full population's fitness overview:
	-       best fitness: 0.37712
	-       mean fitness: 0.10689
	-      worst fitness: 0.00694
	- standard deviation: 0.06942
Best genome overview:
	- fitness: 0.37712
	- size (hid, conn): (0, 11)
	- genome id: 8496
	- belongs to specie: 2
Genetic distance:
	- Maximum: 2.692
	- Mean: 1.499
	- Minimum: 0.014
	- Standard deviation: 0.804

Population of 128 members in 2 species:
	 SID    age    size    fitness    adj fit    stag 
	=====  =====  ======  =========  =========  ======
	  2     72      75      0.377      0.339      39  
	  3     31      53      0.217      0.181      12  

Generation time: 80.875 sec  (84.165 average)
Population 'novelty_1' saved! Current generation: 73
Sample chosen: [34, 638, 661, 724, 792, 208, 215, 980, 42, 909]

********** Running generation 73 **********

Full population's fitness overview:
	-       best fitness: 0.32891
	-       mean fitness: 0.11193
	-      worst fitness: 0.00617
	- standard deviation: 0.06682
Best genome overview:
	- fitness: 0.32891
	- size (hid, conn): (0, 11)
	- genome id: 8496
	- belongs to specie: 2
Genetic distance:
	- Maximum: 2.700
	- Mean: 1.541
	- Minimum: 0.029
	- Standard deviation: 0.799

Population of 128 members in 2 species:
	 SID    age    size    fitness    adj fit    stag 
	=====  =====  ======  =========  =========  ======
	  2     73      76      0.329      0.408      40  
	  3     32      52      0.189      0.215      13  

Generation time: 80.352 sec  (83.216 average)
Population 'novelty_1' saved! Current generation: 74
Sample chosen: [392, 130, 751, 187, 377, 607, 65, 731, 884, 445]

********** Running generation 74 **********

Full population's fitness overview:
	-       best fitness: 0.36614
	-       mean fitness: 0.11030
	-      worst fitness: 0.00107
	- standard deviation: 0.07280
Best genome overview:
	- fitness: 0.36614
	- size (hid, conn): (0, 11)
	- genome id: 8754
	- belongs to specie: 2
Genetic distance:
	- Maximum: 2.652
	- Mean: 1.465
	- Minimum: 0.009
	- Standard deviation: 0.819

Population of 128 members in 2 species:
	 SID    age    size    fitness    adj fit    stag 
	=====  =====  ======  =========  =========  ======
	  2     74      74      0.366      0.350      41  
	  3     33      54      0.320      0.225      14  

Generation time: 79.267 sec  (81.739 average)
Population 'novelty_1' saved! Current generation: 75
Sample chosen: [684, 774, 176, 293, 63, 617, 698, 944, 385, 749]

********** Running generation 75 **********

Full population's fitness overview:
	-       best fitness: 0.41558
	-       mean fitness: 0.11778
	-      worst fitness: 0.00527
	- standard deviation: 0.07298
Best genome overview:
	- fitness: 0.41558
	- size (hid, conn): (0, 11)
	- genome id: 8919
	- belongs to specie: 2
Genetic distance:
	- Maximum: 2.749
	- Mean: 1.573
	- Minimum: 0.000
	- Standard deviation: 0.791

Population of 127 members in 2 species:
	 SID    age    size    fitness    adj fit    stag 
	=====  =====  ======  =========  =========  ======
	  2     75      73      0.416      0.322      42  
	  3     34      54      0.190      0.209      15  

Generation time: 76.418 sec  (80.168 average)
Population 'novelty_1' saved! Current generation: 76
Sample chosen: [56, 985, 618, 432, 657, 641, 741, 697, 428, 518]

********** Running generation 76 **********

Full population's fitness overview:
	-       best fitness: 0.53594
	-       mean fitness: 0.12317
	-      worst fitness: 0.00522
	- standard deviation: 0.07885
Best genome overview:
	- fitness: 0.53594
	- size (hid, conn): (0, 11)
	- genome id: 8972
	- belongs to specie: 2
Genetic distance:
	- Maximum: 2.756
	- Mean: 1.498
	- Minimum: 0.000
	- Standard deviation: 0.780

Population of 128 members in 2 species:
	 SID    age    size    fitness    adj fit    stag 
	=====  =====  ======  =========  =========  ======
	  2     76      72      0.536      0.259      0   
	  3     35      56      0.257      0.173      16  

Generation time: 80.736 sec  (79.121 average)
Population 'novelty_1' saved! Current generation: 77
Sample chosen: [793, 710, 18, 360, 569, 840, 310, 755, 99, 990]

********** Running generation 77 **********

Full population's fitness overview:
	-       best fitness: 0.39385
	-       mean fitness: 0.12949
	-      worst fitness: 0.01988
	- standard deviation: 0.08038
Best genome overview:
	- fitness: 0.39385
	- size (hid, conn): (0, 11)
	- genome id: 8496
	- belongs to specie: 2
Genetic distance:
	- Maximum: 2.538
	- Mean: 1.488
	- Minimum: 0.000
	- Standard deviation: 0.732

Population of 128 members in 2 species:
	 SID    age    size    fitness    adj fit    stag 
	=====  =====  ======  =========  =========  ======
	  2     77      72      0.394      0.345      1   
	  3     36      56      0.290      0.227      17  

Generation time: 83.263 sec  (79.344 average)
Population 'novelty_1' saved! Current generation: 78
Sample chosen: [147, 109, 176, 466, 3, 202, 248, 608, 471, 307]

********** Running generation 78 **********

Full population's fitness overview:
	-       best fitness: 0.43484
	-       mean fitness: 0.11169
	-      worst fitness: 0.00361
	- standard deviation: 0.07118
Best genome overview:
	- fitness: 0.43484
	- size (hid, conn): (0, 11)
	- genome id: 9120
	- belongs to specie: 2
Genetic distance:
	- Maximum: 2.675
	- Mean: 1.350
	- Minimum: 0.001
	- Standard deviation: 0.770

Population of 128 members in 2 species:
	 SID    age    size    fitness    adj fit    stag 
	=====  =====  ======  =========  =========  ======
	  2     78      68      0.435      0.274      2   
	  3     37      60      0.250      0.220      18  

Generation time: 79.199 sec  (79.525 average)
Population 'novelty_1' saved! Current generation: 79
Sample chosen: [376, 607, 98, 64, 546, 933, 976, 510, 386, 831]

********** Running generation 79 **********

Full population's fitness overview:
	-       best fitness: 0.32482
	-       mean fitness: 0.12077
	-      worst fitness: 0.00468
	- standard deviation: 0.07396
Best genome overview:
	- fitness: 0.32482
	- size (hid, conn): (0, 11)
	- genome id: 9120
	- belongs to specie: 2
Genetic distance:
	- Maximum: 2.567
	- Mean: 1.402
	- Minimum: 0.028
	- Standard deviation: 0.727

Population of 128 members in 2 species:
	 SID    age    size    fitness    adj fit    stag 
	=====  =====  ======  =========  =========  ======
	  2     79      68      0.325      0.415      3   
	  3     38      60      0.234      0.304      19  

Generation time: 81.658 sec  (79.684 average)
Population 'novelty_1' saved! Current generation: 80
Sample chosen: [659, 160, 917, 485, 181, 114, 565, 216, 290, 599]

********** Running generation 80 **********

Full population's fitness overview:
	-       best fitness: 0.36576
	-       mean fitness: 0.10518
	-      worst fitness: 0.00290
	- standard deviation: 0.06138
Best genome overview:
	- fitness: 0.36576
	- size (hid, conn): (1, 13)
	- genome id: 9477
	- belongs to specie: 2
Genetic distance:
	- Maximum: 2.602
	- Mean: 1.407
	- Minimum: 0.044
	- Standard deviation: 0.680

Population of 128 members in 2 species:
	 SID    age    size    fitness    adj fit    stag 
	=====  =====  ======  =========  =========  ======
	  2     80      69      0.366      0.332      4   
	  3     39      59      0.216      0.225      20  

Generation time: 80.329 sec  (79.899 average)
Population 'novelty_1' saved! Current generation: 81
Sample chosen: [928, 126, 370, 389, 934, 984, 470, 149, 142, 411]

********** Running generation 81 **********

Full population's fitness overview:
	-       best fitness: 0.45041
	-       mean fitness: 0.11373
	-      worst fitness: 0.01105
	- standard deviation: 0.07001
Best genome overview:
	- fitness: 0.45041
	- size (hid, conn): (0, 11)
	- genome id: 9574
	- belongs to specie: 2
Genetic distance:
	- Maximum: 2.467
	- Mean: 1.419
	- Minimum: 0.102
	- Standard deviation: 0.655

Population of 128 members in 2 species:
	 SID    age    size    fitness    adj fit    stag 
	=====  =====  ======  =========  =========  ======
	  2     81      70      0.450      0.275      5   
	  3     40      58      0.223      0.186      21  

Generation time: 77.386 sec  (79.948 average)
Population 'novelty_1' saved! Current generation: 82
Sample chosen: [566, 706, 54, 854, 677, 280, 508, 271, 565, 628]

********** Running generation 82 **********

Full population's fitness overview:
	-       best fitness: 0.42621
	-       mean fitness: 0.11351
	-      worst fitness: 0.01452
	- standard deviation: 0.06673
Best genome overview:
	- fitness: 0.42621
	- size (hid, conn): (1, 13)
	- genome id: 9722
	- belongs to specie: 2
Genetic distance:
	- Maximum: 2.420
	- Mean: 1.481
	- Minimum: 0.008
	- Standard deviation: 0.652

Population of 128 members in 2 species:
	 SID    age    size    fitness    adj fit    stag 
	=====  =====  ======  =========  =========  ======
	  2     82      67      0.426      0.259      6   
	  3     41      61      0.260      0.218      22  

Generation time: 78.425 sec  (79.703 average)
Population 'novelty_1' saved! Current generation: 83
Sample chosen: [567, 552, 220, 854, 28, 377, 978, 31, 224, 489]

********** Running generation 83 **********

Full population's fitness overview:
	-       best fitness: 0.37753
	-       mean fitness: 0.11274
	-      worst fitness: 0.00576
	- standard deviation: 0.07013
Best genome overview:
	- fitness: 0.37753
	- size (hid, conn): (1, 13)
	- genome id: 9804
	- belongs to specie: 2
Genetic distance:
	- Maximum: 2.347
	- Mean: 1.465
	- Minimum: 0.085
	- Standard deviation: 0.658

Population of 128 members in 2 species:
	 SID    age    size    fitness    adj fit    stag 
	=====  =====  ======  =========  =========  ======
	  2     83      68      0.378      0.338      7   
	  3     42      60      0.230      0.233      23  

Generation time: 80.460 sec  (79.714 average)
Population 'novelty_1' saved! Current generation: 84
Sample chosen: [578, 246, 651, 456, 852, 600, 196, 745, 805, 224]

********** Running generation 84 **********

Full population's fitness overview:
	-       best fitness: 0.33914
	-       mean fitness: 0.13154
	-      worst fitness: 0.00849
	- standard deviation: 0.06992
Best genome overview:
	- fitness: 0.33914
	- size (hid, conn): (1, 13)
	- genome id: 9925
	- belongs to specie: 2
Genetic distance:
	- Maximum: 2.451
	- Mean: 1.558
	- Minimum: 0.004
	- Standard deviation: 0.595

Population of 128 members in 2 species:
	 SID    age    size    fitness    adj fit    stag 
	=====  =====  ======  =========  =========  ======
	  2     84      69      0.339      0.439      8   
	  3     43      59      0.238      0.296      24  

Generation time: 80.585 sec  (79.846 average)
Population 'novelty_1' saved! Current generation: 85
Sample chosen: [112, 865, 907, 895, 846, 591, 836, 576, 433, 645]

********** Running generation 85 **********

Full population's fitness overview:
	-       best fitness: 0.37547
	-       mean fitness: 0.11199
	-      worst fitness: 0.00479
	- standard deviation: 0.07205
Best genome overview:
	- fitness: 0.37547
	- size (hid, conn): (1, 13)
	- genome id: 10091
	- belongs to specie: 2
Genetic distance:
	- Maximum: 2.400
	- Mean: 1.551
	- Minimum: 0.004
	- Standard deviation: 0.604

Population of 128 members in 2 species:
	 SID    age    size    fitness    adj fit    stag 
	=====  =====  ======  =========  =========  ======
	  2     85      69      0.375      0.332      9   
	  3     44      59      0.230      0.239      25  

Generation time: 81.712 sec  (80.375 average)
Population 'novelty_1' saved! Current generation: 86
Sample chosen: [929, 31, 124, 677, 102, 63, 925, 880, 979, 648]

********** Running generation 86 **********

Full population's fitness overview:
	-       best fitness: 0.61946
	-       mean fitness: 0.11904
	-      worst fitness: 0.01128
	- standard deviation: 0.07793
Best genome overview:
	- fitness: 0.61946
	- size (hid, conn): (1, 13)
	- genome id: 10182
	- belongs to specie: 2
Genetic distance:
	- Maximum: 2.590
	- Mean: 1.787
	- Minimum: 0.524
	- Standard deviation: 0.487

Population of 128 members in 2 species:
	 SID    age    size    fitness    adj fit    stag 
	=====  =====  ======  =========  =========  ======
	  2     86      68      0.619      0.201      0   
	  3     45      60      0.245      0.149      26  

Generation time: 78.771 sec  (80.179 average)
Population 'novelty_1' saved! Current generation: 87
Sample chosen: [62, 992, 952, 743, 311, 383, 273, 804, 832, 569]

********** Running generation 87 **********

Full population's fitness overview:
	-       best fitness: 0.33208
	-       mean fitness: 0.13157
	-      worst fitness: 0.02861
	- standard deviation: 0.06309
Best genome overview:
	- fitness: 0.33208
	- size (hid, conn): (2, 14)
	- genome id: 10313
	- belongs to specie: 2
Genetic distance:
	- Maximum: 2.702
	- Mean: 1.750
	- Minimum: 0.226
	- Standard deviation: 0.615

Population of 128 members in 2 species:
	 SID    age    size    fitness    adj fit    stag 
	=====  =====  ======  =========  =========  ======
	  2     87      70      0.332      0.405      1   
	  3     46      58      0.219      0.264      27  

Generation time: 81.159 sec  (79.968 average)
Population 'novelty_1' saved! Current generation: 88
Sample chosen: [949, 572, 113, 117, 86, 765, 164, 16, 841, 230]

********** Running generation 88 **********

Full population's fitness overview:
	-       best fitness: 0.35413
	-       mean fitness: 0.13671
	-      worst fitness: 0.01493
	- standard deviation: 0.06856
Best genome overview:
	- fitness: 0.35413
	- size (hid, conn): (1, 12)
	- genome id: 10444
	- belongs to specie: 2
Genetic distance:
	- Maximum: 2.753
	- Mean: 1.532
	- Minimum: 0.098
	- Standard deviation: 0.717

Population of 128 members in 2 species:
	 SID    age    size    fitness    adj fit    stag 
	=====  =====  ======  =========  =========  ======
	  2     88      67      0.354      0.393      2   
	  3     47      61      0.317      0.318      28  

Generation time: 83.871 sec  (80.436 average)
Population 'novelty_1' saved! Current generation: 89
Sample chosen: [408, 419, 411, 457, 517, 156, 472, 261, 723, 365]

********** Running generation 89 **********

Full population's fitness overview:
	-       best fitness: 0.36913
	-       mean fitness: 0.12395
	-      worst fitness: 0.00577
	- standard deviation: 0.07181
Best genome overview:
	- fitness: 0.36913
	- size (hid, conn): (1, 13)
	- genome id: 10413
	- belongs to specie: 2
Genetic distance:
	- Maximum: 2.814
	- Mean: 1.580
	- Minimum: 0.085
	- Standard deviation: 0.672

Population of 128 members in 2 species:
	 SID    age    size    fitness    adj fit    stag 
	=====  =====  ======  =========  =========  ======
	  2     89      68      0.369      0.382      3   
	  3     48      60      0.265      0.263      29  

Generation time: 83.620 sec  (80.632 average)
Population 'novelty_1' saved! Current generation: 90
Sample chosen: [340, 174, 728, 954, 491, 12, 225, 163, 957, 855]

********** Running generation 90 **********

Full population's fitness overview:
	-       best fitness: 0.32856
	-       mean fitness: 0.11292
	-      worst fitness: 0.00872
	- standard deviation: 0.06681
Best genome overview:
	- fitness: 0.32856
	- size (hid, conn): (1, 12)
	- genome id: 10681
	- belongs to specie: 2
Genetic distance:
	- Maximum: 2.727
	- Mean: 1.562
	- Minimum: 0.015
	- Standard deviation: 0.695

Population of 128 members in 2 species:
	 SID    age    size    fitness    adj fit    stag 
	=====  =====  ======  =========  =========  ======
	  2     90      71      0.329      0.400      4   
	  3     49      57      0.206      0.242      30  

Generation time: 83.242 sec  (80.923 average)
Population 'novelty_1' saved! Current generation: 91
Sample chosen: [695, 447, 947, 742, 616, 638, 700, 385, 958, 65]

********** Running generation 91 **********

Full population's fitness overview:
	-       best fitness: 0.27958
	-       mean fitness: 0.10676
	-      worst fitness: 0.00868
	- standard deviation: 0.05647
Best genome overview:
	- fitness: 0.27958
	- size (hid, conn): (2, 14)
	- genome id: 10814
	- belongs to specie: 2
Genetic distance:
	- Maximum: 2.780
	- Mean: 1.537
	- Minimum: 0.000
	- Standard deviation: 0.682

Population of 128 members in 2 species:
	 SID    age    size    fitness    adj fit    stag 
	=====  =====  ======  =========  =========  ======
	  2     91      72      0.280      0.437      5   
	  3     50      56      0.194      0.269      31  

Generation time: 89.793 sec  (82.164 average)
Population 'novelty_1' saved! Current generation: 92
Sample chosen: [100, 574, 944, 949, 636, 539, 43, 974, 129, 96]

********** Running generation 92 **********

Full population's fitness overview:
	-       best fitness: 0.32119
	-       mean fitness: 0.12542
	-      worst fitness: 0.01323
	- standard deviation: 0.06542
Best genome overview:
	- fitness: 0.32119
	- size (hid, conn): (1, 8)
	- genome id: 10946
	- belongs to specie: 3
Genetic distance:
	- Maximum: 2.924
	- Mean: 1.676
	- Minimum: 0.028
	- Standard deviation: 0.658

Population of 128 members in 2 species:
	 SID    age    size    fitness    adj fit    stag 
	=====  =====  ======  =========  =========  ======
	  2     92      65      0.313      0.336      6   
	  3     51      63      0.321      0.401      32  

Generation time: 86.803 sec  (83.002 average)
Population 'novelty_1' saved! Current generation: 93
Sample chosen: [769, 109, 739, 901, 859, 978, 396, 741, 668, 669]

********** Running generation 93 **********

Full population's fitness overview:
	-       best fitness: 0.45620
	-       mean fitness: 0.11076
	-      worst fitness: 0.00526
	- standard deviation: 0.07174
Best genome overview:
	- fitness: 0.45620
	- size (hid, conn): (3, 14)
	- genome id: 11110
	- belongs to specie: 2
Genetic distance:
	- Maximum: 2.947
	- Mean: 1.771
	- Minimum: 0.011
	- Standard deviation: 0.648

Population of 128 members in 2 species:
	 SID    age    size    fitness    adj fit    stag 
	=====  =====  ======  =========  =========  ======
	  2     93      70      0.456      0.274      7   
	  3     52      58      0.294      0.193      33  

Generation time: 88.272 sec  (83.783 average)
Population 'novelty_1' saved! Current generation: 94
Sample chosen: [787, 911, 380, 803, 420, 638, 597, 413, 978, 23]

********** Running generation 94 **********

Full population's fitness overview:
	-       best fitness: 0.38864
	-       mean fitness: 0.11154
	-      worst fitness: 0.01565
	- standard deviation: 0.06868
Best genome overview:
	- fitness: 0.38864
	- size (hid, conn): (3, 15)
	- genome id: 10914
	- belongs to specie: 2
Genetic distance:
	- Maximum: 3.127
	- Mean: 1.762
	- Minimum: 0.013
	- Standard deviation: 0.724

Population of 128 members in 2 species:
	 SID    age    size    fitness    adj fit    stag 
	=====  =====  ======  =========  =========  ======
	  2     94      72      0.389      0.311      8   
	  3     53      56      0.177      0.192      34  

Generation time: 86.531 sec  (84.377 average)
Population 'novelty_1' saved! Current generation: 95
Sample chosen: [274, 640, 116, 79, 470, 72, 282, 129, 503, 541]

********** Running generation 95 **********

Full population's fitness overview:
	-       best fitness: 0.32265
	-       mean fitness: 0.11783
	-      worst fitness: 0.01477
	- standard deviation: 0.06087
Best genome overview:
	- fitness: 0.32265
	- size (hid, conn): (3, 15)
	- genome id: 10914
	- belongs to specie: 2
Genetic distance:
	- Maximum: 2.960
	- Mean: 1.656
	- Minimum: 0.037
	- Standard deviation: 0.765

Population of 128 members in 2 species:
	 SID    age    size    fitness    adj fit    stag 
	=====  =====  ======  =========  =========  ======
	  2     95      65      0.323      0.337      9   
	  3     54      63      0.261      0.332      35  

Generation time: 89.246 sec  (85.131 average)
Population 'novelty_1' saved! Current generation: 96
Sample chosen: [466, 964, 148, 361, 661, 350, 3, 956, 203, 333]

********** Running generation 96 **********

Full population's fitness overview:
	-       best fitness: 0.30581
	-       mean fitness: 0.11200
	-      worst fitness: 0.01316
	- standard deviation: 0.05655
Best genome overview:
	- fitness: 0.30581
	- size (hid, conn): (1, 10)
	- genome id: 11392
	- belongs to specie: 2
Genetic distance:
	- Maximum: 2.990
	- Mean: 1.685
	- Minimum: 0.067
	- Standard deviation: 0.762

Population of 128 members in 2 species:
	 SID    age    size    fitness    adj fit    stag 
	=====  =====  ======  =========  =========  ======
	  2     96      67      0.306      0.389      10  
	  3     55      61      0.245      0.285      36  

Generation time: 90.350 sec  (86.289 average)
Population 'novelty_1' saved! Current generation: 97
Sample chosen: [358, 432, 582, 679, 254, 766, 699, 456, 565, 135]

********** Running generation 97 **********

Full population's fitness overview:
	-       best fitness: 0.34553
	-       mean fitness: 0.10600
	-      worst fitness: 0.02080
	- standard deviation: 0.06510
Best genome overview:
	- fitness: 0.34553
	- size (hid, conn): (1, 10)
	- genome id: 11392
	- belongs to specie: 2
Genetic distance:
	- Maximum: 2.952
	- Mean: 1.689
	- Minimum: 0.174
	- Standard deviation: 0.712

Population of 128 members in 2 species:
	 SID    age    size    fitness    adj fit    stag 
	=====  =====  ======  =========  =========  ======
	  2     97      71      0.346      0.312      11  
	  3     56      57      0.200      0.208      37  

Generation time: 89.877 sec  (87.161 average)
Population 'novelty_1' saved! Current generation: 98
Sample chosen: [273, 586, 91, 254, 197, 469, 560, 975, 362, 552]

********** Running generation 98 **********

Full population's fitness overview:
	-       best fitness: 0.44649
	-       mean fitness: 0.10857
	-      worst fitness: 0.01294
	- standard deviation: 0.06909
Best genome overview:
	- fitness: 0.44649
	- size (hid, conn): (2, 12)
	- genome id: 11491
	- belongs to specie: 2
Genetic distance:
	- Maximum: 3.059
	- Mean: 1.702
	- Minimum: 0.159
	- Standard deviation: 0.699

Population of 128 members in 2 species:
	 SID    age    size    fitness    adj fit    stag 
	=====  =====  ======  =========  =========  ======
	  2     98      73      0.446      0.263      12  
	  3     57      55      0.286      0.168      38  

Generation time: 90.022 sec  (87.776 average)
Population 'novelty_1' saved! Current generation: 99
Sample chosen: [324, 326, 666, 527, 87, 964, 151, 392, 949, 96]

********** Running generation 99 **********

Full population's fitness overview:
	-       best fitness: 0.29109
	-       mean fitness: 0.10295
	-      worst fitness: 0.00475
	- standard deviation: 0.05809
Best genome overview:
	- fitness: 0.29109
	- size (hid, conn): (2, 11)
	- genome id: 11779
	- belongs to specie: 3
Genetic distance:
	- Maximum: 3.070
	- Mean: 1.714
	- Minimum: 0.000
	- Standard deviation: 0.723

Population of 128 members in 2 species:
	 SID    age    size    fitness    adj fit    stag 
	=====  =====  ======  =========  =========  ======
	  2     99      69      0.255      0.345      13  
	  3     58      59      0.291      0.340      39  

Generation time: 87.110 sec  (88.125 average)
Population 'novelty_1' saved! Current generation: 100

===> CREATING BLUEPRINTS <===

Creating blueprints for games: [1, 2, 3, 4, 5]

===> CREATING TRACES <===

Creating traces for games: [1, 2, 3, 4, 5]
