Population 'novelty_3' saved! Current generation: 0

===> RUNNING FOR THE FOLLOWING CONFIGURATION: <===
	> fitness: novelty
	> gru_enabled: True
	> sexual_reproduction: False
	> Saving under folder: NEAT-GRU
	> Train: True (100 iterations)
	> Create blueprints: True
	> Create traces: True


===> TRAINING <===

Sample chosen: [197, 444, 368, 84, 671, 117, 20, 210, 354, 836, 921, 510, 750, 13, 112, 173]

********** Running generation 0 **********

Full population's fitness overview:
	-       best fitness: 0.39893
	-       mean fitness: 0.06981
	-      worst fitness: 0.00000
	- standard deviation: 0.08163
Best genome overview:
	- fitness: 0.39893
	- size (hid, conn): (0, 16)
	- genome id: 96
	- belongs to specie: 3
Genetic distance:
	- Maximum: 2.837
	- Mean: 1.857
	- Minimum: 0.000
	- Standard deviation: 0.423

Population of 131 members in 4 species:
	 SID    age    size    fitness    adj fit    stag 
	=====  =====  ======  =========  =========  ======
	  1      0      31      0.239      0.149      0   
	  2      0      35      0.392      0.222      0   
	  3      0      41      0.399      0.216      0   
	  4      0      24      0.004      0.005      0   

Generation time: 71.699 sec
Population 'novelty_3' saved! Current generation: 1
Sample chosen: [505, 898, 590, 334, 712, 849, 143, 583, 230, 755, 393, 917, 552, 745, 880, 277]

********** Running generation 1 **********

Full population's fitness overview:
	-       best fitness: 0.37522
	-       mean fitness: 0.09671
	-      worst fitness: 0.00495
	- standard deviation: 0.06562
Best genome overview:
	- fitness: 0.37522
	- size (hid, conn): (0, 16)
	- genome id: 134
	- belongs to specie: 3
Genetic distance:
	- Maximum: 3.017
	- Mean: 1.890
	- Minimum: 0.000
	- Standard deviation: 0.435

Population of 129 members in 7 species:
	 SID    age    size    fitness    adj fit    stag 
	=====  =====  ======  =========  =========  ======
	  1      1      37      0.194      0.223      1   
	  2      1      9       0.248      0.253      1   
	  3      1      45      0.375      0.302      1   
	  4      1      29      0.245      0.181      0   
	  5      0      6        --         --        0   
	  6      0      1        --         --        0   
	  7      0      2        --         --        0   

Generation time: 70.797 sec  (71.248 average)
Population 'novelty_3' saved! Current generation: 2
Sample chosen: [200, 127, 266, 466, 330, 297, 368, 775, 251, 627, 537, 900, 761, 942, 46, 422]

********** Running generation 2 **********

Full population's fitness overview:
	-       best fitness: 0.25870
	-       mean fitness: 0.10580
	-      worst fitness: 0.00346
	- standard deviation: 0.05545
Best genome overview:
	- fitness: 0.25870
	- size (hid, conn): (0, 17)
	- genome id: 252
	- belongs to specie: 3
Genetic distance:
	- Maximum: 3.027
	- Mean: 1.882
	- Minimum: 0.000
	- Standard deviation: 0.555

Population of 134 members in 7 species:
	 SID    age    size    fitness    adj fit    stag 
	=====  =====  ======  =========  =========  ======
	  1      2      18      0.240      0.356      0   
	  2      2      10      0.168      0.468      2   
	  3      2      17      0.259      0.409      2   
	  4      2      24      0.229      0.402      1   
	  5      1      25      0.218      0.552      0   
	  6      1      19      0.158      0.605      0   
	  7      1      21      0.075      0.187      0   

Generation time: 70.372 sec  (70.956 average)
Population 'novelty_3' saved! Current generation: 3
Sample chosen: [668, 802, 211, 210, 738, 534, 5, 481, 13, 436, 248, 403, 665, 630, 52, 416]

********** Running generation 3 **********

Full population's fitness overview:
	-       best fitness: 0.36582
	-       mean fitness: 0.09320
	-      worst fitness: 0.00619
	- standard deviation: 0.05661
Best genome overview:
	- fitness: 0.36582
	- size (hid, conn): (0, 15)
	- genome id: 397
	- belongs to specie: 1
Genetic distance:
	- Maximum: 3.005
	- Mean: 1.817
	- Minimum: 0.000
	- Standard deviation: 0.573

Population of 130 members in 7 species:
	 SID    age    size    fitness    adj fit    stag 
	=====  =====  ======  =========  =========  ======
	  1      3      20      0.366      0.266      0   
	  2      3      12      0.156      0.191      3   
	  3      3      23      0.295      0.289      3   
	  4      3      14      0.233      0.202      2   
	  5      2      23      0.304      0.296      0   
	  6      2      18      0.147      0.230      1   
	  7      2      20      0.163      0.199      0   

Generation time: 77.469 sec  (72.584 average)
Population 'novelty_3' saved! Current generation: 4
Sample chosen: [512, 644, 924, 638, 78, 260, 438, 659, 241, 592, 139, 956, 90, 525, 581, 154]

********** Running generation 4 **********

Full population's fitness overview:
	-       best fitness: 0.22032
	-       mean fitness: 0.09869
	-      worst fitness: 0.00460
	- standard deviation: 0.04407
Best genome overview:
	- fitness: 0.22032
	- size (hid, conn): (0, 17)
	- genome id: 537
	- belongs to specie: 3
Genetic distance:
	- Maximum: 2.792
	- Mean: 1.768
	- Minimum: 0.000
	- Standard deviation: 0.568

Population of 129 members in 7 species:
	 SID    age    size    fitness    adj fit    stag 
	=====  =====  ======  =========  =========  ======
	  1      4      21      0.176      0.488      1   
	  2      4      13      0.167      0.339      4   
	  3      4      19      0.220      0.526      4   
	  4      4      17      0.201      0.449      3   
	  5      3      23      0.165      0.478      1   
	  6      3      19      0.143      0.353      2   
	  7      3      17      0.180      0.357      0   

Generation time: 72.820 sec  (72.631 average)
Population 'novelty_3' saved! Current generation: 5
Sample chosen: [512, 158, 855, 123, 279, 595, 793, 120, 695, 544, 513, 860, 914, 110, 725, 128]

********** Running generation 5 **********

Full population's fitness overview:
	-       best fitness: 0.40316
	-       mean fitness: 0.10652
	-      worst fitness: 0.01550
	- standard deviation: 0.05205
Best genome overview:
	- fitness: 0.40316
	- size (hid, conn): (0, 14)
	- genome id: 633
	- belongs to specie: 1
Genetic distance:
	- Maximum: 2.786
	- Mean: 1.771
	- Minimum: 0.000
	- Standard deviation: 0.562

Population of 128 members in 7 species:
	 SID    age    size    fitness    adj fit    stag 
	=====  =====  ======  =========  =========  ======
	  1      5      18      0.403      0.273      0   
	  2      5      14      0.149      0.196      5   
	  3      5      20      0.178      0.261      5   
	  4      5      18      0.172      0.253      4   
	  5      4      21      0.198      0.242      2   
	  6      4      22      0.228      0.237      0   
	  7      4      15      0.216      0.159      0   

Generation time: 72.755 sec  (72.652 average)
Population 'novelty_3' saved! Current generation: 6
Sample chosen: [477, 707, 46, 624, 104, 611, 709, 144, 297, 343, 936, 116, 596, 204, 801, 555]

********** Running generation 6 **********

Full population's fitness overview:
	-       best fitness: 0.37247
	-       mean fitness: 0.09611
	-      worst fitness: 0.01792
	- standard deviation: 0.06032
Best genome overview:
	- fitness: 0.37247
	- size (hid, conn): (0, 16)
	- genome id: 762
	- belongs to specie: 3
Genetic distance:
	- Maximum: 2.813
	- Mean: 1.745
	- Minimum: 0.000
	- Standard deviation: 0.538

Population of 127 members in 7 species:
	 SID    age    size    fitness    adj fit    stag 
	=====  =====  ======  =========  =========  ======
	  1      6      18      0.215      0.227      1   
	  2      6      16      0.242      0.176      6   
	  3      6      19      0.372      0.328      6   
	  4      6      16      0.164      0.174      5   
	  5      5      20      0.129      0.172      3   
	  6      5      20      0.198      0.207      1   
	  7      5      18      0.243      0.255      0   

Generation time: 72.350 sec  (72.609 average)
Population 'novelty_3' saved! Current generation: 7
Sample chosen: [768, 225, 533, 207, 418, 597, 737, 11, 70, 265, 844, 536, 804, 103, 91, 124]

********** Running generation 7 **********

Full population's fitness overview:
	-       best fitness: 0.29041
	-       mean fitness: 0.11179
	-      worst fitness: 0.01367
	- standard deviation: 0.05567
Best genome overview:
	- fitness: 0.29041
	- size (hid, conn): (0, 15)
	- genome id: 822
	- belongs to specie: 7
Genetic distance:
	- Maximum: 2.813
	- Mean: 1.752
	- Minimum: 0.000
	- Standard deviation: 0.568

Population of 129 members in 8 species:
	 SID    age    size    fitness    adj fit    stag 
	=====  =====  ======  =========  =========  ======
	  1      7      13      0.256      0.484      2   
	  2      7      14      0.143      0.218      7   
	  3      7      18      0.211      0.386      7   
	  4      7      15      0.197      0.278      6   
	  5      6      25      0.217      0.383      4   
	  6      6      17      0.152      0.270      2   
	  7      6      12      0.290      0.445      0   
	  8      0      15       --         --        0   

Generation time: 70.670 sec  (72.367 average)
Population 'novelty_3' saved! Current generation: 8
Sample chosen: [606, 31, 215, 860, 37, 263, 642, 964, 830, 124, 954, 259, 463, 502, 245, 627]

********** Running generation 8 **********

Full population's fitness overview:
	-       best fitness: 0.30520
	-       mean fitness: 0.10804
	-      worst fitness: 0.01893
	- standard deviation: 0.05087
Best genome overview:
	- fitness: 0.30520
	- size (hid, conn): (0, 13)
	- genome id: 914
	- belongs to specie: 1
Genetic distance:
	- Maximum: 3.002
	- Mean: 1.805
	- Minimum: 0.000
	- Standard deviation: 0.622

Population of 126 members in 8 species:
	 SID    age    size    fitness    adj fit    stag 
	=====  =====  ======  =========  =========  ======
	  1      8      4       0.305      0.346      3   
	  2      8      15      0.140      0.237      8   
	  3      8      17      0.182      0.251      8   
	  4      8      16      0.163      0.315      7   
	  5      7      19      0.200      0.348      5   
	  6      7      15      0.183      0.268      3   
	  7      7      11      0.217      0.323      1   
	  8      1      29      0.288      0.397      0   

Generation time: 73.621 sec  (72.506 average)
Population 'novelty_3' saved! Current generation: 9
Sample chosen: [194, 988, 284, 228, 85, 804, 98, 262, 995, 239, 912, 218, 788, 416, 192, 95]

********** Running generation 9 **********

Full population's fitness overview:
	-       best fitness: 0.28717
	-       mean fitness: 0.11448
	-      worst fitness: 0.00825
	- standard deviation: 0.05275
Best genome overview:
	- fitness: 0.28717
	- size (hid, conn): (0, 12)
	- genome id: 1077
	- belongs to specie: 3
Genetic distance:
	- Maximum: 2.833
	- Mean: 1.743
	- Minimum: 0.000
	- Standard deviation: 0.603

Population of 126 members in 8 species:
	 SID    age    size    fitness    adj fit    stag 
	=====  =====  ======  =========  =========  ======
	  1      9      8       0.216      0.371      4   
	  2      9      16      0.209      0.328      9   
	  3      9      15      0.287      0.424      9   
	  4      9      15      0.186      0.339      8   
	  5      8      19      0.248      0.458      6   
	  6      8      15      0.193      0.331      4   
	  7      8      15      0.190      0.361      2   
	  8      2      23      0.277      0.390      1   

Generation time: 70.804 sec  (72.336 average)
Population 'novelty_3' saved! Current generation: 10
Sample chosen: [971, 208, 852, 928, 251, 66, 124, 897, 629, 240, 608, 894, 450, 42, 719, 63]

********** Running generation 10 **********

Full population's fitness overview:
	-       best fitness: 0.35543
	-       mean fitness: 0.10295
	-      worst fitness: 0.01090
	- standard deviation: 0.05331
Best genome overview:
	- fitness: 0.35543
	- size (hid, conn): (0, 11)
	- genome id: 1111
	- belongs to specie: 3
Genetic distance:
	- Maximum: 2.825
	- Mean: 1.764
	- Minimum: 0.000
	- Standard deviation: 0.625

Population of 128 members in 8 species:
	 SID    age    size    fitness    adj fit    stag 
	=====  =====  ======  =========  =========  ======
	  1     10      14      0.162      0.232      5   
	  2     10      15      0.133      0.238      10  
	  3     10      16      0.355      0.366      10  
	  4     10      18      0.158      0.235      9   
	  5      9      20      0.226      0.331      7   
	  6      9      13      0.135      0.164      5   
	  7      9      12      0.237      0.252      3   
	  8      3      20      0.213      0.281      2   

Generation time: 70.755 sec  (72.241 average)
Population 'novelty_3' saved! Current generation: 11
Sample chosen: [76, 529, 823, 198, 140, 336, 963, 191, 738, 889, 626, 21, 870, 39, 867, 75]

********** Running generation 11 **********

Full population's fitness overview:
	-       best fitness: 0.24548
	-       mean fitness: 0.10769
	-      worst fitness: 0.00818
	- standard deviation: 0.05780
Best genome overview:
	- fitness: 0.24548
	- size (hid, conn): (0, 14)
	- genome id: 1233
	- belongs to specie: 5
Genetic distance:
	- Maximum: 2.827
	- Mean: 1.745
	- Minimum: 0.000
	- Standard deviation: 0.629

Population of 127 members in 8 species:
	 SID    age    size    fitness    adj fit    stag 
	=====  =====  ======  =========  =========  ======
	  1     11      3       0.137      0.330      6   
	  2     11      17      0.217      0.411      11  
	  3     11      16      0.198      0.385      11  
	  4     11      16      0.204      0.377      10  
	  5     10      18      0.245      0.545      8   
	  6     10      13      0.128      0.305      6   
	  7     10      23      0.162      0.326      4   
	  8      4      21      0.239      0.559      3   

Generation time: 72.133 sec  (72.375 average)
Population 'novelty_3' saved! Current generation: 12
Sample chosen: [729, 409, 194, 792, 519, 318, 252, 469, 137, 611, 639, 230, 814, 258, 704, 122]

********** Running generation 12 **********

Full population's fitness overview:
	-       best fitness: 0.22401
	-       mean fitness: 0.10236
	-      worst fitness: 0.01060
	- standard deviation: 0.04372
Best genome overview:
	- fitness: 0.22401
	- size (hid, conn): (0, 14)
	- genome id: 1388
	- belongs to specie: 7
Genetic distance:
	- Maximum: 2.769
	- Mean: 1.769
	- Minimum: 0.000
	- Standard deviation: 0.628

Population of 127 members in 8 species:
	 SID    age    size    fitness    adj fit    stag 
	=====  =====  ======  =========  =========  ======
	  1     12      10      0.143      0.438      7   
	  2     12      15      0.157      0.348      12  
	  3     12      20      0.223      0.623      12  
	  4     12      14      0.153      0.331      11  
	  5     11      17      0.151      0.426      9   
	  6     11      16      0.136      0.393      7   
	  7     11      16      0.224      0.425      5   
	  8      5      19      0.223      0.457      4   

Generation time: 73.402 sec  (72.678 average)
Population 'novelty_3' saved! Current generation: 13
Sample chosen: [302, 575, 81, 654, 653, 553, 290, 487, 331, 361, 595, 296, 616, 259, 360, 70]

********** Running generation 13 **********

Full population's fitness overview:
	-       best fitness: 0.29007
	-       mean fitness: 0.11829
	-      worst fitness: 0.01529
	- standard deviation: 0.05292
Best genome overview:
	- fitness: 0.29007
	- size (hid, conn): (0, 14)
	- genome id: 1321
	- belongs to specie: 8
Genetic distance:
	- Maximum: 2.845
	- Mean: 1.745
	- Minimum: 0.000
	- Standard deviation: 0.616

Population of 127 members in 8 species:
	 SID    age    size    fitness    adj fit    stag 
	=====  =====  ======  =========  =========  ======
	  1     13      6       0.164      0.326      8   
	  2     13      15      0.216      0.339      13  
	  3     13      17      0.214      0.324      13  
	  4     13      14      0.175      0.345      12  
	  5     12      18      0.239      0.448      10  
	  6     12      19      0.159      0.364      8   
	  7     12      21      0.206      0.312      6   
	  8      6      17      0.290      0.500      0   

Generation time: 73.618 sec  (72.293 average)
Population 'novelty_3' saved! Current generation: 14
Sample chosen: [836, 844, 660, 440, 532, 26, 748, 211, 365, 315, 674, 575, 264, 61, 301, 363]

********** Running generation 14 **********

Full population's fitness overview:
	-       best fitness: 0.22341
	-       mean fitness: 0.08783
	-      worst fitness: 0.00915
	- standard deviation: 0.04561
Best genome overview:
	- fitness: 0.22341
	- size (hid, conn): (0, 13)
	- genome id: 1560
	- belongs to specie: 7
Genetic distance:
	- Maximum: 2.817
	- Mean: 1.825
	- Minimum: 0.000
	- Standard deviation: 0.593

Population of 126 members in 8 species:
	 SID    age    size    fitness    adj fit    stag 
	=====  =====  ======  =========  =========  ======
	  1     14      1       0.142      0.341      9   
	  2     14      14      0.104      0.279      14  
	  3     14      16      0.194      0.355      14  
	  4     14      15      0.175      0.348      13  
	  5     13      16      0.149      0.335      11  
	  6     13      21      0.218      0.405      9   
	  7     13      23      0.223      0.319      7   
	  8      7      20      0.209      0.534      1   

Generation time: 70.494 sec  (72.060 average)
Population 'novelty_3' saved! Current generation: 15
Sample chosen: [417, 811, 915, 618, 902, 954, 431, 920, 441, 604, 123, 833, 869, 311, 329, 552]

********** Running generation 15 **********

Full population's fitness overview:
	-       best fitness: 0.20667
	-       mean fitness: 0.10343
	-      worst fitness: 0.01803
	- standard deviation: 0.04092
Best genome overview:
	- fitness: 0.20667
	- size (hid, conn): (0, 11)
	- genome id: 1647
	- belongs to specie: 8

Species 3 with 16 members is stagnated (fitness: 0.18009372112765973): removing it

Species 2 with 14 members is stagnated (fitness: 0.13384210792373633): removing it
Genetic distance:
	- Maximum: 2.792
	- Mean: 1.641
	- Minimum: 0.000
	- Standard deviation: 0.669

Population of 128 members in 6 species:
	 SID    age    size    fitness    adj fit    stag 
	=====  =====  ======  =========  =========  ======
	  1     15      14      0.121      0.543      10  
	  4     15      18      0.154      0.382      14  
	  5     14      23      0.167      0.495      12  
	  6     14      23      0.170      0.432      10  
	  7     14      27      0.184      0.436      8   
	  8      8      23      0.207      0.575      2   

Generation time: 70.829 sec  (71.868 average)
Population 'novelty_3' saved! Current generation: 16
Sample chosen: [201, 414, 748, 679, 213, 907, 60, 256, 372, 716, 394, 967, 860, 929, 199, 195]

********** Running generation 16 **********

Full population's fitness overview:
	-       best fitness: 0.27134
	-       mean fitness: 0.10152
	-      worst fitness: 0.00147
	- standard deviation: 0.05395
Best genome overview:
	- fitness: 0.27134
	- size (hid, conn): (0, 12)
	- genome id: 1608
	- belongs to specie: 7

Species 4 with 18 members is stagnated (fitness: 0.17771529251698892): removing it
Genetic distance:
	- Maximum: 2.736
	- Mean: 1.541
	- Minimum: 0.000
	- Standard deviation: 0.644

Population of 128 members in 5 species:
	 SID    age    size    fitness    adj fit    stag 
	=====  =====  ======  =========  =========  ======
	  1     16      23      0.137      0.334      11  
	  5     15      24      0.187      0.320      13  
	  6     15      25      0.223      0.348      11  
	  7     15      28      0.271      0.464      9   
	  8      9      28      0.211      0.441      3   

Generation time: 71.440 sec  (71.777 average)
Population 'novelty_3' saved! Current generation: 17
Sample chosen: [82, 135, 570, 36, 939, 842, 40, 542, 765, 981, 381, 541, 238, 809, 807, 356]

********** Running generation 17 **********

Full population's fitness overview:
	-       best fitness: 0.22085
	-       mean fitness: 0.10550
	-      worst fitness: 0.00812
	- standard deviation: 0.04563
Best genome overview:
	- fitness: 0.22085
	- size (hid, conn): (0, 14)
	- genome id: 1900
	- belongs to specie: 5
Genetic distance:
	- Maximum: 2.444
	- Mean: 1.500
	- Minimum: 0.002
	- Standard deviation: 0.603

Population of 128 members in 5 species:
	 SID    age    size    fitness    adj fit    stag 
	=====  =====  ======  =========  =========  ======
	  1     17      2       0.202      0.385      12  
	  5     16      24      0.221      0.555      14  
	  6     16      26      0.204      0.474      12  
	  7     16      50      0.213      0.454      10  
	  8     10      26      0.164      0.424      4   

Generation time: 71.720 sec  (71.882 average)
Population 'novelty_3' saved! Current generation: 18
Sample chosen: [552, 539, 201, 37, 165, 171, 402, 613, 298, 91, 537, 485, 326, 293, 820, 839]

********** Running generation 18 **********

Full population's fitness overview:
	-       best fitness: 0.31843
	-       mean fitness: 0.11672
	-      worst fitness: 0.03517
	- standard deviation: 0.04898
Best genome overview:
	- fitness: 0.31843
	- size (hid, conn): (0, 11)
	- genome id: 1715
	- belongs to specie: 8
Genetic distance:
	- Maximum: 2.548
	- Mean: 1.463
	- Minimum: 0.022
	- Standard deviation: 0.608

Population of 128 members in 5 species:
	 SID    age    size    fitness    adj fit    stag 
	=====  =====  ======  =========  =========  ======
	  1     18      8       0.143      0.338      13  
	  5     17      23      0.198      0.258      15  
	  6     17      26      0.226      0.296      13  
	  7     17      44      0.223      0.275      11  
	  8     11      27      0.318      0.329      0   

Generation time: 68.703 sec  (71.390 average)
Population 'novelty_3' saved! Current generation: 19
Sample chosen: [262, 819, 39, 867, 441, 528, 117, 902, 707, 226, 557, 69, 971, 980, 92, 306]

********** Running generation 19 **********

Full population's fitness overview:
	-       best fitness: 0.28698
	-       mean fitness: 0.12116
	-      worst fitness: 0.05217
	- standard deviation: 0.04612
Best genome overview:
	- fitness: 0.28698
	- size (hid, conn): (0, 16)
	- genome id: 2001
	- belongs to specie: 7

Species 5 with 23 members is stagnated (fitness: 0.17435410506333046): removing it
Genetic distance:
	- Maximum: 2.345
	- Mean: 1.324
	- Minimum: 0.000
	- Standard deviation: 0.669

Population of 128 members in 4 species:
	 SID    age    size    fitness    adj fit    stag 
	=====  =====  ======  =========  =========  ======
	  1     19      18      0.170      0.265      14  
	  6     18      33      0.248      0.308      0   
	  7     18      42      0.287      0.261      12  
	  8     12      35      0.275      0.343      1   

Generation time: 70.891 sec  (71.398 average)
Population 'novelty_3' saved! Current generation: 20
Sample chosen: [697, 550, 384, 10, 95, 963, 681, 792, 946, 500, 639, 203, 505, 169, 81, 133]

********** Running generation 20 **********

Full population's fitness overview:
	-       best fitness: 0.26773
	-       mean fitness: 0.11056
	-      worst fitness: 0.02935
	- standard deviation: 0.04565
Best genome overview:
	- fitness: 0.26773
	- size (hid, conn): (0, 16)
	- genome id: 2163
	- belongs to specie: 7

Species 1 with 18 members is stagnated (fitness: 0.21627104724372165): removing it
Genetic distance:
	- Maximum: 2.589
	- Mean: 1.378
	- Minimum: 0.000
	- Standard deviation: 0.613

Population of 128 members in 3 species:
	 SID    age    size    fitness    adj fit    stag 
	=====  =====  ======  =========  =========  ======
	  6     19      42      0.229      0.365      1   
	  7     19      45      0.268      0.350      13  
	  8     13      41      0.237      0.336      2   

Generation time: 69.606 sec  (71.284 average)
Population 'novelty_3' saved! Current generation: 21
Sample chosen: [525, 211, 911, 153, 549, 237, 727, 139, 960, 181, 925, 469, 649, 62, 796, 989]

********** Running generation 21 **********

Full population's fitness overview:
	-       best fitness: 0.23388
	-       mean fitness: 0.10965
	-      worst fitness: 0.01331
	- standard deviation: 0.04118
Best genome overview:
	- fitness: 0.23388
	- size (hid, conn): (0, 11)
	- genome id: 2311
	- belongs to specie: 8
Genetic distance:
	- Maximum: 2.469
	- Mean: 1.370
	- Minimum: 0.000
	- Standard deviation: 0.609

Population of 128 members in 3 species:
	 SID    age    size    fitness    adj fit    stag 
	=====  =====  ======  =========  =========  ======
	  6     20      47      0.232      0.470      2   
	  7     20      46      0.203      0.476      14  
	  8     14      35      0.234      0.360      3   

Generation time: 70.557 sec  (71.126 average)
Population 'novelty_3' saved! Current generation: 22
Sample chosen: [721, 650, 855, 888, 282, 560, 488, 517, 315, 661, 90, 642, 449, 519, 989, 752]

********** Running generation 22 **********

Full population's fitness overview:
	-       best fitness: 0.33480
	-       mean fitness: 0.11229
	-      worst fitness: 0.01142
	- standard deviation: 0.04996
Best genome overview:
	- fitness: 0.33480
	- size (hid, conn): (0, 11)
	- genome id: 2453
	- belongs to specie: 7
Genetic distance:
	- Maximum: 2.383
	- Mean: 1.425
	- Minimum: 0.000
	- Standard deviation: 0.578

Population of 127 members in 3 species:
	 SID    age    size    fitness    adj fit    stag 
	=====  =====  ======  =========  =========  ======
	  6     21      45      0.208      0.316      3   
	  7     21      45      0.335      0.327      0   
	  8     15      37      0.205      0.287      4   

Generation time: 74.583 sec  (71.244 average)
Population 'novelty_3' saved! Current generation: 23
Sample chosen: [283, 801, 182, 597, 696, 38, 902, 7, 953, 406, 467, 34, 41, 116, 228, 78]

********** Running generation 23 **********

Full population's fitness overview:
	-       best fitness: 0.33363
	-       mean fitness: 0.12177
	-      worst fitness: 0.00308
	- standard deviation: 0.05451
Best genome overview:
	- fitness: 0.33363
	- size (hid, conn): (0, 11)
	- genome id: 2497
	- belongs to specie: 7
Genetic distance:
	- Maximum: 2.305
	- Mean: 1.443
	- Minimum: 0.002
	- Standard deviation: 0.572

Population of 128 members in 3 species:
	 SID    age    size    fitness    adj fit    stag 
	=====  =====  ======  =========  =========  ======
	  6     22      44      0.225      0.353      4   
	  7     22      45      0.334      0.418      1   
	  8     16      39      0.198      0.294      5   

Generation time: 73.090 sec  (71.191 average)
Population 'novelty_3' saved! Current generation: 24
Sample chosen: [293, 511, 458, 120, 394, 486, 479, 384, 922, 976, 191, 974, 480, 561, 208, 247]

********** Running generation 24 **********

Full population's fitness overview:
	-       best fitness: 0.28164
	-       mean fitness: 0.11429
	-      worst fitness: 0.01344
	- standard deviation: 0.04877
Best genome overview:
	- fitness: 0.28164
	- size (hid, conn): (0, 16)
	- genome id: 2638
	- belongs to specie: 7
Genetic distance:
	- Maximum: 2.336
	- Mean: 1.510
	- Minimum: 0.000
	- Standard deviation: 0.569

Population of 129 members in 3 species:
	 SID    age    size    fitness    adj fit    stag 
	=====  =====  ======  =========  =========  ======
	  6     23      41      0.207      0.342      5   
	  7     23      46      0.282      0.458      2   
	  8     17      42      0.159      0.320      6   

Generation time: 70.138 sec  (71.156 average)
Population 'novelty_3' saved! Current generation: 25
Sample chosen: [849, 748, 877, 87, 38, 771, 878, 21, 841, 821, 786, 565, 409, 221, 653, 598]

********** Running generation 25 **********

Full population's fitness overview:
	-       best fitness: 0.28553
	-       mean fitness: 0.12795
	-      worst fitness: 0.03934
	- standard deviation: 0.05136
Best genome overview:
	- fitness: 0.28553
	- size (hid, conn): (0, 12)
	- genome id: 2730
	- belongs to specie: 7
Genetic distance:
	- Maximum: 2.366
	- Mean: 1.475
	- Minimum: 0.002
	- Standard deviation: 0.564

Population of 129 members in 3 species:
	 SID    age    size    fitness    adj fit    stag 
	=====  =====  ======  =========  =========  ======
	  6     24      41      0.229      0.324      6   
	  7     24      47      0.286      0.445      3   
	  8     18      41      0.203      0.301      7   

Generation time: 71.817 sec  (71.255 average)
Population 'novelty_3' saved! Current generation: 26
Sample chosen: [180, 176, 195, 904, 123, 802, 198, 919, 869, 227, 377, 287, 984, 778, 277, 412]

********** Running generation 26 **********

Full population's fitness overview:
	-       best fitness: 0.27091
	-       mean fitness: 0.11298
	-      worst fitness: 0.01575
	- standard deviation: 0.05331
Best genome overview:
	- fitness: 0.27091
	- size (hid, conn): (1, 16)
	- genome id: 2891
	- belongs to specie: 6
Genetic distance:
	- Maximum: 2.592
	- Mean: 1.588
	- Minimum: 0.032
	- Standard deviation: 0.533

Population of 129 members in 3 species:
	 SID    age    size    fitness    adj fit    stag 
	=====  =====  ======  =========  =========  ======
	  6     25      10      0.271      0.408      0   
	  7     25      67      0.237      0.442      4   
	  8     19      52      0.227      0.284      8   

Generation time: 72.783 sec  (71.389 average)
Population 'novelty_3' saved! Current generation: 27
Sample chosen: [654, 473, 266, 559, 577, 2, 734, 320, 131, 123, 53, 422, 919, 3, 262, 563]

********** Running generation 27 **********

Full population's fitness overview:
	-       best fitness: 0.29981
	-       mean fitness: 0.13220
	-      worst fitness: 0.01830
	- standard deviation: 0.05092
Best genome overview:
	- fitness: 0.29981
	- size (hid, conn): (0, 11)
	- genome id: 2880
	- belongs to specie: 7
Genetic distance:
	- Maximum: 2.542
	- Mean: 1.620
	- Minimum: 0.008
	- Standard deviation: 0.509

Population of 129 members in 3 species:
	 SID    age    size    fitness    adj fit    stag 
	=====  =====  ======  =========  =========  ======
	  6     26      34      0.230      0.443      1   
	  7     26      34      0.300      0.411      5   
	  8     20      61      0.239      0.390      9   

Generation time: 71.455 sec  (71.362 average)
Population 'novelty_3' saved! Current generation: 28
Sample chosen: [730, 952, 885, 27, 472, 117, 967, 768, 881, 340, 260, 436, 524, 588, 119, 43]

********** Running generation 28 **********

Full population's fitness overview:
	-       best fitness: 0.31812
	-       mean fitness: 0.11932
	-      worst fitness: 0.01366
	- standard deviation: 0.05343
Best genome overview:
	- fitness: 0.31812
	- size (hid, conn): (0, 11)
	- genome id: 3124
	- belongs to specie: 7
Genetic distance:
	- Maximum: 2.511
	- Mean: 1.612
	- Minimum: 0.000
	- Standard deviation: 0.480

Population of 128 members in 3 species:
	 SID    age    size    fitness    adj fit    stag 
	=====  =====  ======  =========  =========  ======
	  6     27      37      0.183      0.275      2   
	  7     27      38      0.318      0.451      6   
	  8     21      53      0.194      0.329      10  

Generation time: 73.993 sec  (71.891 average)
Population 'novelty_3' saved! Current generation: 29
Sample chosen: [560, 525, 831, 363, 368, 546, 999, 469, 413, 779, 97, 448, 405, 70, 254, 204]

********** Running generation 29 **********

Full population's fitness overview:
	-       best fitness: 0.32799
	-       mean fitness: 0.12829
	-      worst fitness: 0.01571
	- standard deviation: 0.05514
Best genome overview:
	- fitness: 0.32799
	- size (hid, conn): (1, 16)
	- genome id: 3237
	- belongs to specie: 8
Genetic distance:
	- Maximum: 2.526
	- Mean: 1.568
	- Minimum: 0.007
	- Standard deviation: 0.537

Population of 128 members in 3 species:
	 SID    age    size    fitness    adj fit    stag 
	=====  =====  ======  =========  =========  ======
	  6     28      62      0.222      0.303      3   
	  7     28      46      0.306      0.462      7   
	  8     22      20      0.328      0.328      0   

Generation time: 70.658 sec  (71.868 average)
Population 'novelty_3' saved! Current generation: 30
Sample chosen: [800, 243, 617, 531, 792, 336, 113, 207, 84, 110, 707, 683, 911, 572, 330, 976]

********** Running generation 30 **********

Full population's fitness overview:
	-       best fitness: 0.29426
	-       mean fitness: 0.13052
	-      worst fitness: 0.02739
	- standard deviation: 0.05587
Best genome overview:
	- fitness: 0.29426
	- size (hid, conn): (1, 16)
	- genome id: 3237
	- belongs to specie: 6
Genetic distance:
	- Maximum: 2.447
	- Mean: 1.481
	- Minimum: 0.000
	- Standard deviation: 0.601

Population of 127 members in 3 species:
	 SID    age    size    fitness    adj fit    stag 
	=====  =====  ======  =========  =========  ======
	  6     29      51      0.294      0.361      0   
	  7     29      48      0.261      0.449      8   
	  8     23      28      0.206      0.322      1   

Generation time: 71.710 sec  (72.079 average)
Population 'novelty_3' saved! Current generation: 31
Sample chosen: [772, 83, 655, 749, 279, 129, 142, 42, 463, 88, 757, 592, 676, 911, 152, 193]

********** Running generation 31 **********

Full population's fitness overview:
	-       best fitness: 0.28023
	-       mean fitness: 0.12438
	-      worst fitness: 0.03119
	- standard deviation: 0.05010
Best genome overview:
	- fitness: 0.28023
	- size (hid, conn): (0, 10)
	- genome id: 3312
	- belongs to specie: 8
Genetic distance:
	- Maximum: 2.490
	- Mean: 1.497
	- Minimum: 0.000
	- Standard deviation: 0.630

Population of 127 members in 3 species:
	 SID    age    size    fitness    adj fit    stag 
	=====  =====  ======  =========  =========  ======
	  6     30      45      0.256      0.342      1   
	  7     30      49      0.246      0.434      9   
	  8     24      33      0.280      0.330      2   

Generation time: 71.004 sec  (72.123 average)
Population 'novelty_3' saved! Current generation: 32
Sample chosen: [305, 505, 998, 761, 509, 117, 561, 584, 771, 371, 263, 910, 642, 928, 9, 618]

********** Running generation 32 **********

Full population's fitness overview:
	-       best fitness: 0.30735
	-       mean fitness: 0.12299
	-      worst fitness: 0.02107
	- standard deviation: 0.05192
Best genome overview:
	- fitness: 0.30735
	- size (hid, conn): (0, 11)
	- genome id: 3648
	- belongs to specie: 7
Genetic distance:
	- Maximum: 2.827
	- Mean: 1.500
	- Minimum: 0.000
	- Standard deviation: 0.719

Population of 127 members in 3 species:
	 SID    age    size    fitness    adj fit    stag 
	=====  =====  ======  =========  =========  ======
	  6     31      45      0.218      0.368      2   
	  7     31      50      0.307      0.419      10  
	  8     25      32      0.158      0.245      3   

Generation time: 70.842 sec  (71.749 average)
Population 'novelty_3' saved! Current generation: 33
Sample chosen: [127, 350, 134, 709, 696, 415, 887, 765, 930, 661, 205, 459, 135, 822, 790, 792]

********** Running generation 33 **********

Full population's fitness overview:
	-       best fitness: 0.44043
	-       mean fitness: 0.12373
	-      worst fitness: 0.01240
	- standard deviation: 0.06701
Best genome overview:
	- fitness: 0.44043
	- size (hid, conn): (0, 11)
	- genome id: 3615
	- belongs to specie: 7
Genetic distance:
	- Maximum: 2.767
	- Mean: 1.540
	- Minimum: 0.000
	- Standard deviation: 0.685

Population of 128 members in 3 species:
	 SID    age    size    fitness    adj fit    stag 
	=====  =====  ======  =========  =========  ======
	  6     32      42      0.296      0.226      0   
	  7     32      49      0.440      0.318      0   
	  8     26      37      0.184      0.217      4   

Generation time: 71.547 sec  (71.595 average)
Population 'novelty_3' saved! Current generation: 34
Sample chosen: [56, 504, 519, 144, 803, 600, 983, 959, 493, 390, 905, 812, 711, 113, 575, 736]

********** Running generation 34 **********

Full population's fitness overview:
	-       best fitness: 0.31626
	-       mean fitness: 0.13595
	-      worst fitness: 0.04976
	- standard deviation: 0.05503
Best genome overview:
	- fitness: 0.31626
	- size (hid, conn): (1, 11)
	- genome id: 3806
	- belongs to specie: 7
Genetic distance:
	- Maximum: 2.748
	- Mean: 1.547
	- Minimum: 0.000
	- Standard deviation: 0.692

Population of 129 members in 3 species:
	 SID    age    size    fitness    adj fit    stag 
	=====  =====  ======  =========  =========  ======
	  6     33      46      0.243      0.367      1   
	  7     33      46      0.316      0.358      1   
	  8     27      37      0.258      0.228      5   

Generation time: 74.681 sec  (72.049 average)
Population 'novelty_3' saved! Current generation: 35
Sample chosen: [270, 646, 362, 838, 503, 160, 754, 131, 212, 976, 743, 826, 896, 392, 54, 393]

********** Running generation 35 **********

Full population's fitness overview:
	-       best fitness: 0.30574
	-       mean fitness: 0.13363
	-      worst fitness: 0.02142
	- standard deviation: 0.05958
Best genome overview:
	- fitness: 0.30574
	- size (hid, conn): (1, 11)
	- genome id: 3896
	- belongs to specie: 7
Genetic distance:
	- Maximum: 2.385
	- Mean: 1.556
	- Minimum: 0.044
	- Standard deviation: 0.677

Population of 127 members in 3 species:
	 SID    age    size    fitness    adj fit    stag 
	=====  =====  ======  =========  =========  ======
	  6     34      46      0.272      0.385      2   
	  7     34      45      0.306      0.457      2   
	  8     28      36      0.209      0.329      6   

Generation time: 70.099 sec  (71.877 average)
Population 'novelty_3' saved! Current generation: 36
Sample chosen: [647, 795, 76, 809, 574, 764, 628, 907, 305, 178, 127, 723, 909, 28, 651, 999]

********** Running generation 36 **********

Full population's fitness overview:
	-       best fitness: 0.39822
	-       mean fitness: 0.13761
	-      worst fitness: 0.03902
	- standard deviation: 0.06129
Best genome overview:
	- fitness: 0.39822
	- size (hid, conn): (1, 11)
	- genome id: 4017
	- belongs to specie: 7
Genetic distance:
	- Maximum: 2.516
	- Mean: 1.544
	- Minimum: 0.002
	- Standard deviation: 0.677

Population of 127 members in 3 species:
	 SID    age    size    fitness    adj fit    stag 
	=====  =====  ======  =========  =========  ======
	  6     35      44      0.334      0.272      0   
	  7     35      45      0.398      0.322      3   
	  8     29      38      0.244      0.218      7   

Generation time: 70.962 sec  (71.695 average)
Population 'novelty_3' saved! Current generation: 37
Sample chosen: [996, 321, 350, 308, 563, 497, 352, 743, 186, 159, 60, 509, 564, 932, 41, 351]

********** Running generation 37 **********

Full population's fitness overview:
	-       best fitness: 0.31307
	-       mean fitness: 0.12761
	-      worst fitness: 0.01745
	- standard deviation: 0.06225
Best genome overview:
	- fitness: 0.31307
	- size (hid, conn): (0, 10)
	- genome id: 4141
	- belongs to specie: 7
Genetic distance:
	- Maximum: 2.615
	- Mean: 1.613
	- Minimum: 0.011
	- Standard deviation: 0.644

Population of 128 members in 3 species:
	 SID    age    size    fitness    adj fit    stag 
	=====  =====  ======  =========  =========  ======
	  6     36      44      0.284      0.372      1   
	  7     36      48      0.313      0.485      4   
	  8     30      36      0.168      0.240      8   

Generation time: 72.064 sec  (71.756 average)
Population 'novelty_3' saved! Current generation: 38
Sample chosen: [651, 232, 162, 915, 117, 762, 80, 561, 896, 754, 905, 921, 500, 633, 798, 770]

********** Running generation 38 **********

Full population's fitness overview:
	-       best fitness: 0.33532
	-       mean fitness: 0.13647
	-      worst fitness: 0.02646
	- standard deviation: 0.06388
Best genome overview:
	- fitness: 0.33532
	- size (hid, conn): (0, 10)
	- genome id: 4253
	- belongs to specie: 7
Genetic distance:
	- Maximum: 2.610
	- Mean: 1.656
	- Minimum: 0.091
	- Standard deviation: 0.613

Population of 128 members in 3 species:
	 SID    age    size    fitness    adj fit    stag 
	=====  =====  ======  =========  =========  ======
	  6     37      44      0.292      0.355      2   
	  7     37      46      0.335      0.412      5   
	  8     31      38      0.212      0.284      9   

Generation time: 73.602 sec  (71.717 average)
Population 'novelty_3' saved! Current generation: 39
Sample chosen: [52, 818, 275, 298, 22, 19, 180, 30, 429, 354, 42, 168, 455, 94, 833, 530]

********** Running generation 39 **********

Full population's fitness overview:
	-       best fitness: 0.32886
	-       mean fitness: 0.13932
	-      worst fitness: 0.04561
	- standard deviation: 0.05764
Best genome overview:
	- fitness: 0.32886
	- size (hid, conn): (1, 15)
	- genome id: 3737
	- belongs to specie: 6
Genetic distance:
	- Maximum: 2.695
	- Mean: 1.659
	- Minimum: 0.012
	- Standard deviation: 0.661

Population of 127 members in 3 species:
	 SID    age    size    fitness    adj fit    stag 
	=====  =====  ======  =========  =========  ======
	  6     38      40      0.329      0.325      3   
	  7     38      50      0.279      0.415      6   
	  8     32      37      0.280      0.236      10  

Generation time: 69.301 sec  (71.581 average)
Population 'novelty_3' saved! Current generation: 40
Sample chosen: [292, 482, 895, 990, 842, 73, 201, 384, 418, 250, 238, 373, 453, 120, 382, 124]

********** Running generation 40 **********

Full population's fitness overview:
	-       best fitness: 0.30982
	-       mean fitness: 0.14074
	-      worst fitness: 0.01127
	- standard deviation: 0.05650
Best genome overview:
	- fitness: 0.30982
	- size (hid, conn): (0, 10)
	- genome id: 4545
	- belongs to specie: 7
Genetic distance:
	- Maximum: 2.771
	- Mean: 1.618
	- Minimum: 0.011
	- Standard deviation: 0.701

Population of 128 members in 3 species:
	 SID    age    size    fitness    adj fit    stag 
	=====  =====  ======  =========  =========  ======
	  6     39      41      0.283      0.418      4   
	  7     39      50      0.310      0.500      7   
	  8     33      37      0.206      0.361      11  

Generation time: 69.190 sec  (71.329 average)
Population 'novelty_3' saved! Current generation: 41
Sample chosen: [444, 545, 638, 167, 623, 731, 399, 229, 598, 410, 764, 254, 390, 660, 301, 148]

********** Running generation 41 **********

Full population's fitness overview:
	-       best fitness: 0.35279
	-       mean fitness: 0.12186
	-      worst fitness: 0.00994
	- standard deviation: 0.06249
Best genome overview:
	- fitness: 0.35279
	- size (hid, conn): (1, 15)
	- genome id: 4634
	- belongs to specie: 6
Genetic distance:
	- Maximum: 2.710
	- Mean: 1.583
	- Minimum: 0.029
	- Standard deviation: 0.715

Population of 127 members in 3 species:
	 SID    age    size    fitness    adj fit    stag 
	=====  =====  ======  =========  =========  ======
	  6     40      43      0.353      0.375      0   
	  7     40      50      0.300      0.375      8   
	  8     34      34      0.168      0.208      12  

Generation time: 73.084 sec  (71.537 average)
Population 'novelty_3' saved! Current generation: 42
Sample chosen: [943, 155, 35, 317, 937, 873, 532, 310, 270, 453, 736, 106, 143, 186, 998, 455]

********** Running generation 42 **********

Full population's fitness overview:
	-       best fitness: 0.27664
	-       mean fitness: 0.13017
	-      worst fitness: 0.01614
	- standard deviation: 0.05604
Best genome overview:
	- fitness: 0.27664
	- size (hid, conn): (1, 13)
	- genome id: 4707
	- belongs to specie: 6
Genetic distance:
	- Maximum: 2.581
	- Mean: 1.600
	- Minimum: 0.028
	- Standard deviation: 0.706

Population of 127 members in 3 species:
	 SID    age    size    fitness    adj fit    stag 
	=====  =====  ======  =========  =========  ======
	  6     41      41      0.277      0.450      1   
	  7     41      50      0.247      0.508      9   
	  8     35      36      0.179      0.319      13  

Generation time: 70.444 sec  (71.498 average)
Population 'novelty_3' saved! Current generation: 43
Sample chosen: [969, 669, 538, 423, 345, 309, 401, 687, 698, 461, 191, 634, 713, 916, 120, 360]

********** Running generation 43 **********

Full population's fitness overview:
	-       best fitness: 0.29400
	-       mean fitness: 0.14346
	-      worst fitness: 0.03276
	- standard deviation: 0.05987
Best genome overview:
	- fitness: 0.29400
	- size (hid, conn): (1, 14)
	- genome id: 4834
	- belongs to specie: 6
Genetic distance:
	- Maximum: 2.625
	- Mean: 1.667
	- Minimum: 0.000
	- Standard deviation: 0.675

Population of 126 members in 3 species:
	 SID    age    size    fitness    adj fit    stag 
	=====  =====  ======  =========  =========  ======
	  6     42      42      0.294      0.491      2   
	  7     42      47      0.281      0.427      10  
	  8     36      37      0.229      0.343      14  

Generation time: 69.931 sec  (71.336 average)
Population 'novelty_3' saved! Current generation: 44
Sample chosen: [525, 217, 328, 277, 273, 837, 287, 89, 48, 851, 353, 187, 733, 771, 122, 123]

********** Running generation 44 **********

Full population's fitness overview:
	-       best fitness: 0.29548
	-       mean fitness: 0.12502
	-      worst fitness: 0.01177
	- standard deviation: 0.05590
Best genome overview:
	- fitness: 0.29548
	- size (hid, conn): (2, 17)
	- genome id: 4939
	- belongs to specie: 6

Species 8 with 37 members is stagnated (fitness: 0.15254189588097467): removing it
Genetic distance:
	- Maximum: 2.949
	- Mean: 1.734
	- Minimum: 0.071
	- Standard deviation: 0.684

Population of 128 members in 3 species:
	 SID    age    size    fitness    adj fit    stag 
	=====  =====  ======  =========  =========  ======
	  6     43      60      0.295      0.445      3   
	  7     43      66      0.261      0.456      11  
	  9      0      2        --         --        0   

Generation time: 70.145 sec  (70.882 average)
Population 'novelty_3' saved! Current generation: 45
Sample chosen: [980, 810, 994, 482, 470, 331, 151, 131, 317, 533, 86, 462, 203, 423, 509, 870]

********** Running generation 45 **********

Full population's fitness overview:
	-       best fitness: 0.39038
	-       mean fitness: 0.13802
	-      worst fitness: 0.02405
	- standard deviation: 0.05119
Best genome overview:
	- fitness: 0.39038
	- size (hid, conn): (1, 12)
	- genome id: 4929
	- belongs to specie: 6
Genetic distance:
	- Maximum: 2.867
	- Mean: 1.837
	- Minimum: 0.000
	- Standard deviation: 0.660

Population of 129 members in 3 species:
	 SID    age    size    fitness    adj fit    stag 
	=====  =====  ======  =========  =========  ======
	  6     44      50      0.390      0.301      0   
	  7     44      61      0.271      0.323      12  
	  9      1      18      0.112      0.217      0   

Generation time: 71.097 sec  (70.982 average)
Population 'novelty_3' saved! Current generation: 46
Sample chosen: [703, 383, 163, 881, 574, 466, 571, 573, 191, 38, 42, 909, 482, 597, 443, 799]

********** Running generation 46 **********

Full population's fitness overview:
	-       best fitness: 0.33497
	-       mean fitness: 0.12860
	-      worst fitness: 0.02361
	- standard deviation: 0.05209
Best genome overview:
	- fitness: 0.33497
	- size (hid, conn): (1, 12)
	- genome id: 4929
	- belongs to specie: 6
Genetic distance:
	- Maximum: 3.031
	- Mean: 1.770
	- Minimum: 0.000
	- Standard deviation: 0.669

Population of 128 members in 3 species:
	 SID    age    size    fitness    adj fit    stag 
	=====  =====  ======  =========  =========  ======
	  6     45      48      0.335      0.353      1   
	  7     45      54      0.260      0.348      13  
	  9      2      26      0.197      0.258      0   

Generation time: 71.724 sec  (71.058 average)
Population 'novelty_3' saved! Current generation: 47
Sample chosen: [473, 8, 676, 761, 443, 428, 993, 848, 799, 453, 603, 196, 199, 818, 125, 944]

********** Running generation 47 **********

Full population's fitness overview:
	-       best fitness: 0.34707
	-       mean fitness: 0.13230
	-      worst fitness: 0.00608
	- standard deviation: 0.06862
Best genome overview:
	- fitness: 0.34707
	- size (hid, conn): (0, 9)
	- genome id: 5344
	- belongs to specie: 7
Genetic distance:
	- Maximum: 2.771
	- Mean: 1.774
	- Minimum: 0.013
	- Standard deviation: 0.663

Population of 127 members in 3 species:
	 SID    age    size    fitness    adj fit    stag 
	=====  =====  ======  =========  =========  ======
	  6     46      49      0.328      0.407      2   
	  7     46      49      0.347      0.401      14  
	  9      3      29      0.185      0.237      1   

Generation time: 75.246 sec  (71.377 average)
Population 'novelty_3' saved! Current generation: 48
Sample chosen: [664, 141, 502, 337, 174, 922, 620, 557, 759, 136, 400, 612, 736, 748, 575, 890]

********** Running generation 48 **********

Full population's fitness overview:
	-       best fitness: 0.34120
	-       mean fitness: 0.12674
	-      worst fitness: 0.01388
	- standard deviation: 0.07041
Best genome overview:
	- fitness: 0.34120
	- size (hid, conn): (1, 12)
	- genome id: 4929
	- belongs to specie: 6
Genetic distance:
	- Maximum: 3.007
	- Mean: 1.835
	- Minimum: 0.013
	- Standard deviation: 0.667

Population of 127 members in 4 species:
	 SID    age    size    fitness    adj fit    stag 
	=====  =====  ======  =========  =========  ======
	  6     47      43      0.341      0.333      3   
	  7     47      52      0.289      0.429      15  
	  9      4      25      0.226      0.222      0   
	 10      0      7        --         --        0   

Generation time: 72.469 sec  (71.263 average)
Population 'novelty_3' saved! Current generation: 49
Sample chosen: [291, 961, 1000, 508, 202, 918, 177, 57, 284, 417, 277, 388, 823, 537, 410, 351]

********** Running generation 49 **********

Full population's fitness overview:
	-       best fitness: 0.30986
	-       mean fitness: 0.13350
	-      worst fitness: 0.02199
	- standard deviation: 0.05502
Best genome overview:
	- fitness: 0.30986
	- size (hid, conn): (1, 12)
	- genome id: 5529
	- belongs to specie: 6
Genetic distance:
	- Maximum: 3.007
	- Mean: 1.769
	- Minimum: 0.000
	- Standard deviation: 0.633

Population of 128 members in 4 species:
	 SID    age    size    fitness    adj fit    stag 
	=====  =====  ======  =========  =========  ======
	  6     48      38      0.310      0.426      4   
	  7     48      45      0.250      0.420      16  
	  9      5      11      0.156      0.277      1   
	 10      1      34      0.229      0.303      0   

Generation time: 70.773 sec  (71.410 average)
Population 'novelty_3' saved! Current generation: 50
Sample chosen: [290, 724, 852, 662, 193, 172, 881, 542, 713, 712, 722, 345, 660, 346, 416, 821]

********** Running generation 50 **********

Full population's fitness overview:
	-       best fitness: 0.33302
	-       mean fitness: 0.13906
	-      worst fitness: 0.02922
	- standard deviation: 0.05933
Best genome overview:
	- fitness: 0.33302
	- size (hid, conn): (2, 14)
	- genome id: 5641
	- belongs to specie: 6
Genetic distance:
	- Maximum: 2.928
	- Mean: 1.690
	- Minimum: 0.000
	- Standard deviation: 0.685

Population of 127 members in 4 species:
	 SID    age    size    fitness    adj fit    stag 
	=====  =====  ======  =========  =========  ======
	  6     49      35      0.333      0.404      5   
	  7     49      43      0.266      0.422      17  
	  9      6      16      0.143      0.222      2   
	 10      2      33      0.190      0.279      1   

Generation time: 71.269 sec  (71.618 average)
Population 'novelty_3' saved! Current generation: 51
Sample chosen: [134, 518, 337, 418, 101, 286, 390, 783, 759, 505, 669, 948, 533, 793, 270, 888]

********** Running generation 51 **********

Full population's fitness overview:
	-       best fitness: 0.37744
	-       mean fitness: 0.12076
	-      worst fitness: 0.01665
	- standard deviation: 0.06638
Best genome overview:
	- fitness: 0.37744
	- size (hid, conn): (1, 11)
	- genome id: 5661
	- belongs to specie: 6
Genetic distance:
	- Maximum: 3.013
	- Mean: 1.684
	- Minimum: 0.000
	- Standard deviation: 0.684

Population of 127 members in 4 species:
	 SID    age    size    fitness    adj fit    stag 
	=====  =====  ======  =========  =========  ======
	  6     50      35      0.377      0.334      6   
	  7     50      44      0.282      0.378      18  
	  9      7      20      0.195      0.163      3   
	 10      3      28      0.136      0.185      2   

Generation time: 72.998 sec  (71.610 average)
Population 'novelty_3' saved! Current generation: 52
Sample chosen: [94, 72, 638, 874, 813, 523, 653, 297, 325, 878, 209, 778, 77, 46, 726, 333]

********** Running generation 52 **********

Full population's fitness overview:
	-       best fitness: 0.29525
	-       mean fitness: 0.12826
	-      worst fitness: 0.02020
	- standard deviation: 0.06014
Best genome overview:
	- fitness: 0.29525
	- size (hid, conn): (0, 9)
	- genome id: 5925
	- belongs to specie: 7
Genetic distance:
	- Maximum: 3.133
	- Mean: 1.760
	- Minimum: 0.007
	- Standard deviation: 0.649

Population of 127 members in 4 species:
	 SID    age    size    fitness    adj fit    stag 
	=====  =====  ======  =========  =========  ======
	  6     51      34      0.278      0.380      7   
	  7     51      39      0.295      0.480      19  
	  9      8      23      0.258      0.317      0   
	 10      4      31      0.225      0.327      3   

Generation time: 68.928 sec  (71.458 average)
Population 'novelty_3' saved! Current generation: 53
Sample chosen: [346, 969, 997, 705, 440, 9, 796, 974, 26, 873, 171, 241, 893, 89, 836, 581]

********** Running generation 53 **********

Full population's fitness overview:
	-       best fitness: 0.31190
	-       mean fitness: 0.12388
	-      worst fitness: 0.03280
	- standard deviation: 0.06031
Best genome overview:
	- fitness: 0.31190
	- size (hid, conn): (0, 9)
	- genome id: 5983
	- belongs to specie: 7
Genetic distance:
	- Maximum: 3.045
	- Mean: 1.802
	- Minimum: 0.000
	- Standard deviation: 0.634

Population of 128 members in 4 species:
	 SID    age    size    fitness    adj fit    stag 
	=====  =====  ======  =========  =========  ======
	  6     52      35      0.267      0.358      8   
	  7     52      38      0.312      0.427      20  
	  9      9      28      0.232      0.324      1   
	 10      5      27      0.148      0.166      4   

Generation time: 69.702 sec  (71.435 average)
Population 'novelty_3' saved! Current generation: 54
Sample chosen: [1, 754, 105, 909, 259, 355, 222, 469, 862, 622, 20, 499, 114, 633, 195, 826]

********** Running generation 54 **********

Full population's fitness overview:
	-       best fitness: 0.39093
	-       mean fitness: 0.13018
	-      worst fitness: 0.02287
	- standard deviation: 0.06729
Best genome overview:
	- fitness: 0.39093
	- size (hid, conn): (3, 15)
	- genome id: 6118
	- belongs to specie: 6
Genetic distance:
	- Maximum: 3.371
	- Mean: 1.885
	- Minimum: 0.000
	- Standard deviation: 0.651

Population of 127 members in 4 species:
	 SID    age    size    fitness    adj fit    stag 
	=====  =====  ======  =========  =========  ======
	  6     53      32      0.391      0.315      0   
	  7     53      40      0.351      0.374      21  
	  9     10      27      0.215      0.232      2   
	 10      6      28      0.213      0.207      5   

Generation time: 71.203 sec  (71.541 average)
Population 'novelty_3' saved! Current generation: 55
Sample chosen: [747, 558, 557, 302, 151, 393, 832, 752, 931, 543, 114, 283, 134, 578, 705, 959]

********** Running generation 55 **********

Full population's fitness overview:
	-       best fitness: 0.31258
	-       mean fitness: 0.12444
	-      worst fitness: 0.03135
	- standard deviation: 0.05831
Best genome overview:
	- fitness: 0.31258
	- size (hid, conn): (2, 12)
	- genome id: 6274
	- belongs to specie: 9
Genetic distance:
	- Maximum: 3.058
	- Mean: 1.869
	- Minimum: 0.000
	- Standard deviation: 0.663

Population of 127 members in 4 species:
	 SID    age    size    fitness    adj fit    stag 
	=====  =====  ======  =========  =========  ======
	  6     54      35      0.291      0.388      1   
	  7     54      38      0.263      0.374      22  
	  9     11      25      0.313      0.294      0   
	 10      7      29      0.158      0.239      6   

Generation time: 69.558 sec  (71.387 average)
Population 'novelty_3' saved! Current generation: 56
Sample chosen: [176, 170, 29, 40, 473, 965, 632, 736, 289, 945, 483, 222, 777, 573, 781, 788]

********** Running generation 56 **********

Full population's fitness overview:
	-       best fitness: 0.37177
	-       mean fitness: 0.12352
	-      worst fitness: 0.03585
	- standard deviation: 0.06215
Best genome overview:
	- fitness: 0.37177
	- size (hid, conn): (1, 11)
	- genome id: 6332
	- belongs to specie: 6

Species 7 with 38 members is stagnated (fitness: 0.23995487845145855): removing it
Genetic distance:
	- Maximum: 2.562
	- Mean: 1.584
	- Minimum: 0.000
	- Standard deviation: 0.719

Population of 128 members in 3 species:
	 SID    age    size    fitness    adj fit    stag 
	=====  =====  ======  =========  =========  ======
	  6     55      45      0.372      0.289      2   
	  9     12      42      0.275      0.288      1   
	 10      8      41      0.221      0.211      7   

Generation time: 71.296 sec  (71.344 average)
Population 'novelty_3' saved! Current generation: 57
Sample chosen: [878, 5, 585, 703, 574, 985, 644, 427, 548, 980, 43, 550, 297, 564, 562, 547]

********** Running generation 57 **********

Full population's fitness overview:
	-       best fitness: 0.37138
	-       mean fitness: 0.11708
	-      worst fitness: 0.02444
	- standard deviation: 0.06361
Best genome overview:
	- fitness: 0.37138
	- size (hid, conn): (1, 11)
	- genome id: 6332
	- belongs to specie: 6
Genetic distance:
	- Maximum: 2.588
	- Mean: 1.516
	- Minimum: 0.000
	- Standard deviation: 0.706

Population of 128 members in 3 species:
	 SID    age    size    fitness    adj fit    stag 
	=====  =====  ======  =========  =========  ======
	  6     56      47      0.371      0.335      3   
	  9     13      44      0.268      0.283      2   
	 10      9      37      0.228      0.176      8   

Generation time: 71.803 sec  (71.000 average)
Population 'novelty_3' saved! Current generation: 58
Sample chosen: [324, 627, 456, 961, 153, 498, 163, 614, 213, 948, 122, 230, 500, 353, 532, 881]

********** Running generation 58 **********

Full population's fitness overview:
	-       best fitness: 0.36911
	-       mean fitness: 0.11891
	-      worst fitness: 0.02086
	- standard deviation: 0.06262
Best genome overview:
	- fitness: 0.36911
	- size (hid, conn): (1, 11)
	- genome id: 6448
	- belongs to specie: 6
Genetic distance:
	- Maximum: 2.602
	- Mean: 1.525
	- Minimum: 0.000
	- Standard deviation: 0.714

Population of 129 members in 3 species:
	 SID    age    size    fitness    adj fit    stag 
	=====  =====  ======  =========  =========  ======
	  6     57      47      0.369      0.340      4   
	  9     14      43      0.266      0.268      3   
	 10     10      39      0.171      0.224      9   

Generation time: 73.734 sec  (71.127 average)
Population 'novelty_3' saved! Current generation: 59
Sample chosen: [799, 676, 458, 694, 715, 193, 852, 895, 598, 239, 776, 669, 565, 655, 494, 498]

********** Running generation 59 **********

Full population's fitness overview:
	-       best fitness: 0.39569
	-       mean fitness: 0.12621
	-      worst fitness: 0.04174
	- standard deviation: 0.06203
Best genome overview:
	- fitness: 0.39569
	- size (hid, conn): (1, 11)
	- genome id: 6665
	- belongs to specie: 6
Genetic distance:
	- Maximum: 2.634
	- Mean: 1.497
	- Minimum: 0.000
	- Standard deviation: 0.681

Population of 129 members in 3 species:
	 SID    age    size    fitness    adj fit    stag 
	=====  =====  ======  =========  =========  ======
	  6     58      48      0.396      0.301      0   
	  9     15      44      0.254      0.246      4   
	 10     11      37      0.172      0.155      10  

Generation time: 74.732 sec  (71.522 average)
Population 'novelty_3' saved! Current generation: 60
Sample chosen: [445, 777, 476, 440, 612, 528, 982, 325, 419, 685, 866, 797, 317, 932, 586, 870]

********** Running generation 60 **********

Full population's fitness overview:
	-       best fitness: 0.36599
	-       mean fitness: 0.11981
	-      worst fitness: 0.02748
	- standard deviation: 0.05796
Best genome overview:
	- fitness: 0.36599
	- size (hid, conn): (2, 13)
	- genome id: 6816
	- belongs to specie: 9
Genetic distance:
	- Maximum: 2.640
	- Mean: 1.543
	- Minimum: 0.002
	- Standard deviation: 0.687

Population of 128 members in 3 species:
	 SID    age    size    fitness    adj fit    stag 
	=====  =====  ======  =========  =========  ======
	  6     59      48      0.329      0.305      1   
	  9     16      43      0.366      0.304      0   
	 10     12      37      0.191      0.194      11  

Generation time: 73.700 sec  (71.766 average)
Population 'novelty_3' saved! Current generation: 61
Sample chosen: [54, 545, 795, 334, 157, 709, 638, 156, 528, 786, 517, 712, 240, 496, 614, 569]

********** Running generation 61 **********

Full population's fitness overview:
	-       best fitness: 0.33140
	-       mean fitness: 0.12599
	-      worst fitness: 0.01635
	- standard deviation: 0.06740
Best genome overview:
	- fitness: 0.33140
	- size (hid, conn): (1, 11)
	- genome id: 6962
	- belongs to specie: 6
Genetic distance:
	- Maximum: 2.672
	- Mean: 1.594
	- Minimum: 0.002
	- Standard deviation: 0.649

Population of 127 members in 3 species:
	 SID    age    size    fitness    adj fit    stag 
	=====  =====  ======  =========  =========  ======
	  6     60      45      0.331      0.388      2   
	  9     17      47      0.329      0.404      1   
	 10     13      35      0.178      0.230      12  

Generation time: 72.247 sec  (71.690 average)
Population 'novelty_3' saved! Current generation: 62
Sample chosen: [783, 32, 999, 967, 372, 826, 496, 766, 955, 591, 534, 621, 219, 750, 82, 777]

********** Running generation 62 **********

Full population's fitness overview:
	-       best fitness: 0.37304
	-       mean fitness: 0.13231
	-      worst fitness: 0.02696
	- standard deviation: 0.06491
Best genome overview:
	- fitness: 0.37304
	- size (hid, conn): (1, 11)
	- genome id: 6792
	- belongs to specie: 6
Genetic distance:
	- Maximum: 2.717
	- Mean: 1.549
	- Minimum: 0.000
	- Standard deviation: 0.623

Population of 128 members in 3 species:
	 SID    age    size    fitness    adj fit    stag 
	=====  =====  ======  =========  =========  ======
	  6     61      46      0.373      0.373      3   
	  9     18      46      0.305      0.308      2   
	 10     14      36      0.166      0.211      13  

Generation time: 71.893 sec  (71.987 average)
Population 'novelty_3' saved! Current generation: 63
Sample chosen: [374, 441, 182, 7, 150, 464, 792, 22, 944, 217, 189, 87, 45, 551, 960, 147]

********** Running generation 63 **********

Full population's fitness overview:
	-       best fitness: 0.28924
	-       mean fitness: 0.12426
	-      worst fitness: 0.02888
	- standard deviation: 0.05669
Best genome overview:
	- fitness: 0.28924
	- size (hid, conn): (0, 7)
	- genome id: 7172
	- belongs to specie: 9
Genetic distance:
	- Maximum: 2.637
	- Mean: 1.520
	- Minimum: 0.000
	- Standard deviation: 0.624

Population of 128 members in 3 species:
	 SID    age    size    fitness    adj fit    stag 
	=====  =====  ======  =========  =========  ======
	  6     62      45      0.285      0.374      4   
	  9     19      45      0.289      0.424      3   
	 10     15      38      0.186      0.284      14  

Generation time: 72.770 sec  (72.294 average)
Population 'novelty_3' saved! Current generation: 64
Sample chosen: [582, 530, 372, 756, 680, 116, 594, 685, 242, 38, 938, 188, 265, 261, 676, 592]

********** Running generation 64 **********

Full population's fitness overview:
	-       best fitness: 0.29995
	-       mean fitness: 0.11159
	-      worst fitness: 0.02719
	- standard deviation: 0.05760
Best genome overview:
	- fitness: 0.29995
	- size (hid, conn): (1, 11)
	- genome id: 6792
	- belongs to specie: 6

Species 10 with 38 members is stagnated (fitness: 0.20231463385931603): removing it
Genetic distance:
	- Maximum: 2.366
	- Mean: 1.452
	- Minimum: 0.000
	- Standard deviation: 0.679

Population of 128 members in 2 species:
	 SID    age    size    fitness    adj fit    stag 
	=====  =====  ======  =========  =========  ======
	  6     63      59      0.300      0.332      5   
	  9     20      69      0.299      0.366      4   

Generation time: 72.815 sec  (72.455 average)
Population 'novelty_3' saved! Current generation: 65
Sample chosen: [790, 247, 677, 740, 914, 795, 657, 365, 233, 300, 822, 856, 38, 13, 648, 617]

********** Running generation 65 **********

Full population's fitness overview:
	-       best fitness: 0.29504
	-       mean fitness: 0.13027
	-      worst fitness: 0.02554
	- standard deviation: 0.06001
Best genome overview:
	- fitness: 0.29504
	- size (hid, conn): (1, 9)
	- genome id: 7455
	- belongs to specie: 9
Genetic distance:
	- Maximum: 2.448
	- Mean: 1.448
	- Minimum: 0.016
	- Standard deviation: 0.701

Population of 128 members in 2 species:
	 SID    age    size    fitness    adj fit    stag 
	=====  =====  ======  =========  =========  ======
	  6     64      57      0.232      0.334      6   
	  9     21      71      0.295      0.435      5   

Generation time: 73.812 sec  (72.880 average)
Population 'novelty_3' saved! Current generation: 66
Sample chosen: [916, 585, 438, 60, 42, 589, 681, 84, 380, 702, 657, 653, 987, 283, 726, 455]

********** Running generation 66 **********

Full population's fitness overview:
	-       best fitness: 0.32383
	-       mean fitness: 0.13048
	-      worst fitness: 0.01664
	- standard deviation: 0.06088
Best genome overview:
	- fitness: 0.32383
	- size (hid, conn): (3, 13)
	- genome id: 7407
	- belongs to specie: 9
Genetic distance:
	- Maximum: 2.432
	- Mean: 1.426
	- Minimum: 0.000
	- Standard deviation: 0.687

Population of 127 members in 2 species:
	 SID    age    size    fitness    adj fit    stag 
	=====  =====  ======  =========  =========  ======
	  6     65      63      0.321      0.373      7   
	  9     22      64      0.324      0.368      6   

Generation time: 70.906 sec  (72.841 average)
Population 'novelty_3' saved! Current generation: 67
Sample chosen: [650, 376, 535, 195, 962, 488, 90, 584, 295, 647, 288, 417, 45, 462, 406, 331]

********** Running generation 67 **********

Full population's fitness overview:
	-       best fitness: 0.30486
	-       mean fitness: 0.12118
	-      worst fitness: 0.03269
	- standard deviation: 0.05386
Best genome overview:
	- fitness: 0.30486
	- size (hid, conn): (0, 7)
	- genome id: 7613
	- belongs to specie: 9
Genetic distance:
	- Maximum: 2.372
	- Mean: 1.419
	- Minimum: 0.000
	- Standard deviation: 0.671

Population of 128 members in 2 species:
	 SID    age    size    fitness    adj fit    stag 
	=====  =====  ======  =========  =========  ======
	  6     66      65      0.239      0.312      8   
	  9     23      63      0.305      0.338      7   

Generation time: 71.519 sec  (72.813 average)
Population 'novelty_3' saved! Current generation: 68
Sample chosen: [382, 359, 378, 5, 922, 1000, 865, 653, 242, 305, 929, 672, 414, 251, 355, 805]

********** Running generation 68 **********

Full population's fitness overview:
	-       best fitness: 0.36424
	-       mean fitness: 0.11878
	-      worst fitness: 0.01900
	- standard deviation: 0.06893
Best genome overview:
	- fitness: 0.36424
	- size (hid, conn): (3, 12)
	- genome id: 7764
	- belongs to specie: 9
Genetic distance:
	- Maximum: 2.563
	- Mean: 1.533
	- Minimum: 0.015
	- Standard deviation: 0.609

Population of 128 members in 2 species:
	 SID    age    size    fitness    adj fit    stag 
	=====  =====  ======  =========  =========  ======
	  6     67      68      0.296      0.294      9   
	  9     24      60      0.364      0.284      8   

Generation time: 71.385 sec  (72.578 average)
Population 'novelty_3' saved! Current generation: 69
Sample chosen: [42, 453, 876, 367, 514, 647, 848, 832, 244, 902, 947, 693, 537, 880, 502, 143]

********** Running generation 69 **********

Full population's fitness overview:
	-       best fitness: 0.36619
	-       mean fitness: 0.11395
	-      worst fitness: 0.01863
	- standard deviation: 0.06018
Best genome overview:
	- fitness: 0.36619
	- size (hid, conn): (1, 12)
	- genome id: 7670
	- belongs to specie: 6
Genetic distance:
	- Maximum: 2.540
	- Mean: 1.540
	- Minimum: 0.000
	- Standard deviation: 0.661

Population of 128 members in 2 species:
	 SID    age    size    fitness    adj fit    stag 
	=====  =====  ======  =========  =========  ======
	  6     68      65      0.366      0.263      10  
	  9     25      63      0.326      0.287      9   

Generation time: 74.758 sec  (72.581 average)
Population 'novelty_3' saved! Current generation: 70
Sample chosen: [950, 693, 578, 364, 378, 311, 905, 174, 277, 453, 213, 597, 647, 912, 103, 88]

********** Running generation 70 **********

Full population's fitness overview:
	-       best fitness: 0.33498
	-       mean fitness: 0.12055
	-      worst fitness: 0.02546
	- standard deviation: 0.06786
Best genome overview:
	- fitness: 0.33498
	- size (hid, conn): (0, 9)
	- genome id: 7989
	- belongs to specie: 6
Genetic distance:
	- Maximum: 2.480
	- Mean: 1.423
	- Minimum: 0.000
	- Standard deviation: 0.655

Population of 128 members in 2 species:
	 SID    age    size    fitness    adj fit    stag 
	=====  =====  ======  =========  =========  ======
	  6     69      64      0.335      0.335      11  
	  9     26      64      0.274      0.279      10  

Generation time: 71.423 sec  (72.353 average)
Population 'novelty_3' saved! Current generation: 71
Sample chosen: [967, 821, 71, 209, 502, 907, 765, 440, 632, 79, 370, 181, 198, 509, 936, 239]

********** Running generation 71 **********

Full population's fitness overview:
	-       best fitness: 0.35933
	-       mean fitness: 0.13113
	-      worst fitness: 0.02731
	- standard deviation: 0.06711
Best genome overview:
	- fitness: 0.35933
	- size (hid, conn): (2, 10)
	- genome id: 8140
	- belongs to specie: 9
Genetic distance:
	- Maximum: 2.626
	- Mean: 1.364
	- Minimum: 0.061
	- Standard deviation: 0.643

Population of 128 members in 2 species:
	 SID    age    size    fitness    adj fit    stag 
	=====  =====  ======  =========  =========  ======
	  6     70      62      0.320      0.296      12  
	  9     27      66      0.359      0.330      11  

Generation time: 73.408 sec  (72.469 average)
Population 'novelty_3' saved! Current generation: 72
Sample chosen: [151, 651, 891, 912, 887, 67, 645, 687, 534, 329, 115, 210, 737, 978, 181, 353]

********** Running generation 72 **********

Full population's fitness overview:
	-       best fitness: 0.34580
	-       mean fitness: 0.12890
	-      worst fitness: 0.01502
	- standard deviation: 0.06136
Best genome overview:
	- fitness: 0.34580
	- size (hid, conn): (3, 13)
	- genome id: 8199
	- belongs to specie: 9
Genetic distance:
	- Maximum: 2.321
	- Mean: 1.344
	- Minimum: 0.009
	- Standard deviation: 0.651

Population of 127 members in 2 species:
	 SID    age    size    fitness    adj fit    stag 
	=====  =====  ======  =========  =========  ======
	  6     71      65      0.310      0.341      13  
	  9     28      62      0.346      0.347      12  

Generation time: 76.068 sec  (72.886 average)
Population 'novelty_3' saved! Current generation: 73
Sample chosen: [874, 936, 412, 986, 496, 958, 800, 886, 897, 163, 569, 823, 709, 450, 45, 577]

********** Running generation 73 **********

Full population's fitness overview:
	-       best fitness: 0.37490
	-       mean fitness: 0.12704
	-      worst fitness: 0.03627
	- standard deviation: 0.05496
Best genome overview:
	- fitness: 0.37490
	- size (hid, conn): (0, 7)
	- genome id: 8131
	- belongs to specie: 9
Genetic distance:
	- Maximum: 2.278
	- Mean: 1.405
	- Minimum: 0.011
	- Standard deviation: 0.637

Population of 127 members in 2 species:
	 SID    age    size    fitness    adj fit    stag 
	=====  =====  ======  =========  =========  ======
	  6     72      65      0.279      0.259      14  
	  9     29      62      0.375      0.277      0   

Generation time: 73.465 sec  (72.956 average)
Population 'novelty_3' saved! Current generation: 74
Sample chosen: [713, 831, 873, 257, 716, 415, 479, 9, 911, 82, 924, 895, 793, 1, 327, 935]

********** Running generation 74 **********

Full population's fitness overview:
	-       best fitness: 0.29693
	-       mean fitness: 0.11596
	-      worst fitness: 0.02841
	- standard deviation: 0.05565
Best genome overview:
	- fitness: 0.29693
	- size (hid, conn): (1, 12)
	- genome id: 8535
	- belongs to specie: 6
Genetic distance:
	- Maximum: 2.312
	- Mean: 1.360
	- Minimum: 0.000
	- Standard deviation: 0.623

Population of 128 members in 2 species:
	 SID    age    size    fitness    adj fit    stag 
	=====  =====  ======  =========  =========  ======
	  6     73      65      0.297      0.321      15  
	  9     30      63      0.270      0.331      1   

Generation time: 72.401 sec  (72.915 average)
Population 'novelty_3' saved! Current generation: 75
Sample chosen: [84, 301, 352, 729, 251, 193, 557, 516, 441, 49, 179, 9, 915, 387, 875, 641]

********** Running generation 75 **********

Full population's fitness overview:
	-       best fitness: 0.29253
	-       mean fitness: 0.12107
	-      worst fitness: 0.01832
	- standard deviation: 0.06341
Best genome overview:
	- fitness: 0.29253
	- size (hid, conn): (1, 11)
	- genome id: 8547
	- belongs to specie: 6
Genetic distance:
	- Maximum: 2.276
	- Mean: 1.359
	- Minimum: 0.000
	- Standard deviation: 0.605

Population of 128 members in 2 species:
	 SID    age    size    fitness    adj fit    stag 
	=====  =====  ======  =========  =========  ======
	  6     74      62      0.293      0.379      16  
	  9     31      66      0.287      0.371      2   

Generation time: 72.474 sec  (72.781 average)
Population 'novelty_3' saved! Current generation: 76
Sample chosen: [349, 80, 355, 890, 863, 264, 668, 638, 714, 427, 504, 656, 975, 127, 900, 971]

********** Running generation 76 **********

Full population's fitness overview:
	-       best fitness: 0.33880
	-       mean fitness: 0.13176
	-      worst fitness: 0.02077
	- standard deviation: 0.06716
Best genome overview:
	- fitness: 0.33880
	- size (hid, conn): (1, 12)
	- genome id: 8691
	- belongs to specie: 6
Genetic distance:
	- Maximum: 2.340
	- Mean: 1.340
	- Minimum: 0.020
	- Standard deviation: 0.627

Population of 127 members in 2 species:
	 SID    age    size    fitness    adj fit    stag 
	=====  =====  ======  =========  =========  ======
	  6     75      61      0.339      0.356      17  
	  9     32      66      0.275      0.343      3   

Generation time: 72.871 sec  (72.977 average)
Population 'novelty_3' saved! Current generation: 77
Sample chosen: [4, 443, 35, 771, 693, 243, 618, 270, 252, 237, 488, 450, 406, 144, 852, 917]

********** Running generation 77 **********

Full population's fitness overview:
	-       best fitness: 0.30529
	-       mean fitness: 0.13195
	-      worst fitness: 0.03556
	- standard deviation: 0.05417
Best genome overview:
	- fitness: 0.30529
	- size (hid, conn): (1, 12)
	- genome id: 8691
	- belongs to specie: 6
Genetic distance:
	- Maximum: 2.298
	- Mean: 1.374
	- Minimum: 0.000
	- Standard deviation: 0.587

Population of 127 members in 2 species:
	 SID    age    size    fitness    adj fit    stag 
	=====  =====  ======  =========  =========  ======
	  6     76      56      0.305      0.317      18  
	  9     33      71      0.276      0.395      4   

Generation time: 68.840 sec  (72.709 average)
Population 'novelty_3' saved! Current generation: 78
Sample chosen: [852, 260, 51, 522, 921, 576, 855, 621, 501, 241, 840, 372, 39, 673, 829, 870]

********** Running generation 78 **********

Full population's fitness overview:
	-       best fitness: 0.34810
	-       mean fitness: 0.12391
	-      worst fitness: 0.02979
	- standard deviation: 0.06404
Best genome overview:
	- fitness: 0.34810
	- size (hid, conn): (1, 11)
	- genome id: 8939
	- belongs to specie: 6
Genetic distance:
	- Maximum: 2.346
	- Mean: 1.428
	- Minimum: 0.000
	- Standard deviation: 0.589

Population of 127 members in 2 species:
	 SID    age    size    fitness    adj fit    stag 
	=====  =====  ======  =========  =========  ======
	  6     77      53      0.348      0.252      19  
	  9     34      74      0.276      0.330      5   

Generation time: 69.130 sec  (72.484 average)
Population 'novelty_3' saved! Current generation: 79
Sample chosen: [638, 174, 906, 711, 473, 997, 864, 913, 947, 99, 470, 323, 553, 709, 8, 345]

********** Running generation 79 **********

Full population's fitness overview:
	-       best fitness: 0.29338
	-       mean fitness: 0.11691
	-      worst fitness: 0.01911
	- standard deviation: 0.06089
Best genome overview:
	- fitness: 0.29338
	- size (hid, conn): (0, 7)
	- genome id: 9071
	- belongs to specie: 9
Genetic distance:
	- Maximum: 2.325
	- Mean: 1.352
	- Minimum: 0.000
	- Standard deviation: 0.608

Population of 128 members in 2 species:
	 SID    age    size    fitness    adj fit    stag 
	=====  =====  ======  =========  =========  ======
	  6     78      55      0.287      0.314      20  
	  9     35      73      0.293      0.387      6   

Generation time: 71.467 sec  (72.155 average)
Population 'novelty_3' saved! Current generation: 80
Sample chosen: [773, 274, 953, 546, 715, 366, 742, 207, 423, 613, 749, 347, 685, 946, 559, 891]

********** Running generation 80 **********

Full population's fitness overview:
	-       best fitness: 0.40837
	-       mean fitness: 0.13707
	-      worst fitness: 0.03569
	- standard deviation: 0.06087
Best genome overview:
	- fitness: 0.40837
	- size (hid, conn): (2, 10)
	- genome id: 8964
	- belongs to specie: 9
Genetic distance:
	- Maximum: 2.359
	- Mean: 1.307
	- Minimum: 0.000
	- Standard deviation: 0.624

Population of 127 members in 2 species:
	 SID    age    size    fitness    adj fit    stag 
	=====  =====  ======  =========  =========  ======
	  6     79      60      0.282      0.258      21  
	  9     36      67      0.408      0.283      0   

Generation time: 72.563 sec  (72.269 average)
Population 'novelty_3' saved! Current generation: 81
Sample chosen: [687, 26, 234, 791, 209, 714, 776, 273, 561, 307, 712, 369, 89, 20, 619, 289]

********** Running generation 81 **********

Full population's fitness overview:
	-       best fitness: 0.35399
	-       mean fitness: 0.13419
	-      worst fitness: 0.03575
	- standard deviation: 0.06669
Best genome overview:
	- fitness: 0.35399
	- size (hid, conn): (2, 10)
	- genome id: 9283
	- belongs to specie: 9
Genetic distance:
	- Maximum: 2.448
	- Mean: 1.348
	- Minimum: 0.018
	- Standard deviation: 0.665

Population of 128 members in 2 species:
	 SID    age    size    fitness    adj fit    stag 
	=====  =====  ======  =========  =========  ======
	  6     80      63      0.263      0.286      22  
	  9     37      65      0.354      0.330      1   

Generation time: 71.402 sec  (72.068 average)
Population 'novelty_3' saved! Current generation: 82
Sample chosen: [224, 343, 318, 164, 351, 689, 290, 197, 502, 84, 541, 200, 159, 356, 517, 116]

********** Running generation 82 **********

Full population's fitness overview:
	-       best fitness: 0.32549
	-       mean fitness: 0.13213
	-      worst fitness: 0.01312
	- standard deviation: 0.06668
Best genome overview:
	- fitness: 0.32549
	- size (hid, conn): (4, 15)
	- genome id: 9429
	- belongs to specie: 9
Genetic distance:
	- Maximum: 2.378
	- Mean: 1.346
	- Minimum: 0.004
	- Standard deviation: 0.647

Population of 128 members in 2 species:
	 SID    age    size    fitness    adj fit    stag 
	=====  =====  ======  =========  =========  ======
	  6     81      66      0.283      0.375      23  
	  9     38      62      0.325      0.387      2   

Generation time: 73.937 sec  (71.855 average)
Population 'novelty_3' saved! Current generation: 83
Sample chosen: [37, 326, 561, 797, 935, 865, 708, 906, 782, 527, 261, 792, 30, 683, 807, 435]

********** Running generation 83 **********

Full population's fitness overview:
	-       best fitness: 0.28748
	-       mean fitness: 0.12289
	-      worst fitness: 0.01233
	- standard deviation: 0.06161
Best genome overview:
	- fitness: 0.28748
	- size (hid, conn): (4, 14)
	- genome id: 9543
	- belongs to specie: 9
Genetic distance:
	- Maximum: 2.403
	- Mean: 1.343
	- Minimum: 0.003
	- Standard deviation: 0.613

Population of 128 members in 2 species:
	 SID    age    size    fitness    adj fit    stag 
	=====  =====  ======  =========  =========  ======
	  6     82      65      0.266      0.369      24  
	  9     39      63      0.287      0.436      3   

Generation time: 71.062 sec  (71.615 average)
Population 'novelty_3' saved! Current generation: 84
Sample chosen: [615, 766, 861, 563, 699, 844, 660, 39, 335, 963, 920, 878, 608, 761, 272, 916]

********** Running generation 84 **********

Full population's fitness overview:
	-       best fitness: 0.35127
	-       mean fitness: 0.12818
	-      worst fitness: 0.02020
	- standard deviation: 0.06256
Best genome overview:
	- fitness: 0.35127
	- size (hid, conn): (1, 8)
	- genome id: 9641
	- belongs to specie: 9
Genetic distance:
	- Maximum: 2.325
	- Mean: 1.411
	- Minimum: 0.072
	- Standard deviation: 0.557

Population of 127 members in 2 species:
	 SID    age    size    fitness    adj fit    stag 
	=====  =====  ======  =========  =========  ======
	  6     83      65      0.326      0.310      25  
	  9     40      62      0.351      0.342      4   

Generation time: 74.217 sec  (71.796 average)
Population 'novelty_3' saved! Current generation: 85
Sample chosen: [954, 689, 789, 707, 918, 33, 444, 799, 296, 125, 369, 484, 50, 613, 636, 276]

********** Running generation 85 **********

Full population's fitness overview:
	-       best fitness: 0.33780
	-       mean fitness: 0.11931
	-      worst fitness: 0.01848
	- standard deviation: 0.06025
Best genome overview:
	- fitness: 0.33780
	- size (hid, conn): (1, 7)
	- genome id: 9772
	- belongs to specie: 9
Genetic distance:
	- Maximum: 2.658
	- Mean: 1.488
	- Minimum: 0.160
	- Standard deviation: 0.586

Population of 128 members in 2 species:
	 SID    age    size    fitness    adj fit    stag 
	=====  =====  ======  =========  =========  ======
	  6     84      69      0.264      0.321      26  
	  9     41      59      0.338      0.311      5   

Generation time: 72.806 sec  (71.830 average)
Population 'novelty_3' saved! Current generation: 86
Sample chosen: [577, 407, 74, 267, 121, 114, 662, 194, 4, 340, 182, 389, 911, 716, 473, 223]

********** Running generation 86 **********

Full population's fitness overview:
	-       best fitness: 0.29634
	-       mean fitness: 0.13652
	-      worst fitness: 0.03928
	- standard deviation: 0.05530
Best genome overview:
	- fitness: 0.29634
	- size (hid, conn): (1, 11)
	- genome id: 9914
	- belongs to specie: 6
Genetic distance:
	- Maximum: 2.834
	- Mean: 1.560
	- Minimum: 0.033
	- Standard deviation: 0.628

Population of 128 members in 2 species:
	 SID    age    size    fitness    adj fit    stag 
	=====  =====  ======  =========  =========  ======
	  6     85      66      0.296      0.376      27  
	  9     42      62      0.295      0.381      6   

Generation time: 73.490 sec  (71.891 average)
Population 'novelty_3' saved! Current generation: 87
Sample chosen: [250, 227, 424, 560, 309, 594, 681, 634, 787, 847, 146, 625, 497, 489, 902, 909]

********** Running generation 87 **********

Full population's fitness overview:
	-       best fitness: 0.33502
	-       mean fitness: 0.11902
	-      worst fitness: 0.03215
	- standard deviation: 0.05426
Best genome overview:
	- fitness: 0.33502
	- size (hid, conn): (2, 11)
	- genome id: 10067
	- belongs to specie: 9
Genetic distance:
	- Maximum: 2.713
	- Mean: 1.493
	- Minimum: 0.000
	- Standard deviation: 0.642

Population of 128 members in 2 species:
	 SID    age    size    fitness    adj fit    stag 
	=====  =====  ======  =========  =========  ======
	  6     86      63      0.232      0.272      28  
	  9     43      65      0.335      0.302      7   

Generation time: 73.030 sec  (72.310 average)
Population 'novelty_3' saved! Current generation: 88
Sample chosen: [241, 289, 383, 716, 257, 215, 239, 235, 895, 540, 651, 280, 498, 119, 936, 166]

********** Running generation 88 **********

Full population's fitness overview:
	-       best fitness: 0.29546
	-       mean fitness: 0.12126
	-      worst fitness: 0.02478
	- standard deviation: 0.05922
Best genome overview:
	- fitness: 0.29546
	- size (hid, conn): (2, 12)
	- genome id: 10176
	- belongs to specie: 6
Genetic distance:
	- Maximum: 2.859
	- Mean: 1.588
	- Minimum: 0.016
	- Standard deviation: 0.649

Population of 128 members in 2 species:
	 SID    age    size    fitness    adj fit    stag 
	=====  =====  ======  =========  =========  ======
	  6     87      67      0.295      0.316      29  
	  9     44      61      0.294      0.395      8   

Generation time: 75.144 sec  (72.912 average)
Population 'novelty_3' saved! Current generation: 89
Sample chosen: [344, 980, 317, 778, 961, 966, 449, 51, 513, 99, 163, 467, 646, 580, 743, 831]

********** Running generation 89 **********

Full population's fitness overview:
	-       best fitness: 0.32939
	-       mean fitness: 0.13098
	-      worst fitness: 0.02142
	- standard deviation: 0.06084
Best genome overview:
	- fitness: 0.32939
	- size (hid, conn): (1, 12)
	- genome id: 9973
	- belongs to specie: 6
Genetic distance:
	- Maximum: 2.879
	- Mean: 1.611
	- Minimum: 0.030
	- Standard deviation: 0.610

Population of 128 members in 2 species:
	 SID    age    size    fitness    adj fit    stag 
	=====  =====  ======  =========  =========  ======
	  6     88      61      0.329      0.344      30  
	  9     45      67      0.271      0.369      9   

Generation time: 75.278 sec  (73.293 average)
Population 'novelty_3' saved! Current generation: 90
Sample chosen: [243, 521, 852, 696, 150, 305, 608, 82, 218, 745, 866, 454, 879, 771, 783, 640]

********** Running generation 90 **********

Full population's fitness overview:
	-       best fitness: 0.26672
	-       mean fitness: 0.12681
	-      worst fitness: 0.02028
	- standard deviation: 0.05324
Best genome overview:
	- fitness: 0.26672
	- size (hid, conn): (0, 5)
	- genome id: 10389
	- belongs to specie: 9
Genetic distance:
	- Maximum: 2.873
	- Mean: 1.795
	- Minimum: 0.037
	- Standard deviation: 0.635

Population of 128 members in 5 species:
	 SID    age    size    fitness    adj fit    stag 
	=====  =====  ======  =========  =========  ======
	  6     89      18      0.265      0.433      31  
	  9     46      65      0.267      0.432      10  
	 11      0      25       --         --        0   
	 12      0      5        --         --        0   
	 13      0      15       --         --        0   

Generation time: 76.166 sec  (73.653 average)
Population 'novelty_3' saved! Current generation: 91
Sample chosen: [516, 444, 804, 84, 674, 35, 289, 201, 590, 523, 339, 383, 306, 847, 883, 375]

********** Running generation 91 **********

Full population's fitness overview:
	-       best fitness: 0.31063
	-       mean fitness: 0.13516
	-      worst fitness: 0.02691
	- standard deviation: 0.06612
Best genome overview:
	- fitness: 0.31063
	- size (hid, conn): (2, 11)
	- genome id: 10450
	- belongs to specie: 9
Genetic distance:
	- Maximum: 2.944
	- Mean: 1.929
	- Minimum: 0.000
	- Standard deviation: 0.577

Population of 127 members in 5 species:
	 SID    age    size    fitness    adj fit    stag 
	=====  =====  ======  =========  =========  ======
	  6     90      14      0.225      0.339      32  
	  9     47      46      0.311      0.436      11  
	 11      1      52      0.298      0.352      0   
	 12      1      10      0.140      0.249      0   
	 13      1      5       0.162      0.291      0   

Generation time: 76.142 sec  (74.127 average)
Population 'novelty_3' saved! Current generation: 92
Sample chosen: [302, 427, 258, 763, 330, 708, 832, 459, 769, 506, 41, 192, 876, 706, 191, 407]

********** Running generation 92 **********

Full population's fitness overview:
	-       best fitness: 0.32638
	-       mean fitness: 0.12232
	-      worst fitness: 0.00397
	- standard deviation: 0.06977
Best genome overview:
	- fitness: 0.32638
	- size (hid, conn): (3, 12)
	- genome id: 10592
	- belongs to specie: 9

Species 6 with 14 members is stagnated (fitness: 0.244086697116713): removing it
Genetic distance:
	- Maximum: 2.859
	- Mean: 1.825
	- Minimum: 0.000
	- Standard deviation: 0.669

Population of 127 members in 5 species:
	 SID    age    size    fitness    adj fit    stag 
	=====  =====  ======  =========  =========  ======
	  9     48      43      0.326      0.459      12  
	 11      2      46      0.320      0.319      0   
	 12      2      18      0.149      0.195      0   
	 13      2      17      0.115      0.291      1   
	 14      0      3        --         --        0   

Generation time: 73.563 sec  (74.090 average)
Population 'novelty_3' saved! Current generation: 93
Sample chosen: [244, 823, 463, 124, 277, 241, 154, 949, 419, 352, 392, 420, 563, 715, 439, 917]

********** Running generation 93 **********

Full population's fitness overview:
	-       best fitness: 0.40101
	-       mean fitness: 0.11792
	-      worst fitness: 0.01188
	- standard deviation: 0.07431
Best genome overview:
	- fitness: 0.40101
	- size (hid, conn): (5, 17)
	- genome id: 10691
	- belongs to specie: 9
Genetic distance:
	- Maximum: 2.957
	- Mean: 1.957
	- Minimum: 0.000
	- Standard deviation: 0.637

Population of 127 members in 6 species:
	 SID    age    size    fitness    adj fit    stag 
	=====  =====  ======  =========  =========  ======
	  9     49      30      0.401      0.362      13  
	 11      3      19      0.322      0.269      0   
	 12      3      17      0.137      0.170      1   
	 13      3      20      0.122      0.146      2   
	 14      1      26      0.237      0.379      0   
	 15      0      15       --         --        0   

Generation time: 73.703 sec  (74.354 average)
Population 'novelty_3' saved! Current generation: 94
Sample chosen: [516, 312, 602, 69, 491, 957, 603, 21, 734, 488, 412, 161, 14, 554, 400, 847]

********** Running generation 94 **********

Full population's fitness overview:
	-       best fitness: 0.34222
	-       mean fitness: 0.12164
	-      worst fitness: 0.01882
	- standard deviation: 0.06768
Best genome overview:
	- fitness: 0.34222
	- size (hid, conn): (1, 13)
	- genome id: 10737
	- belongs to specie: 15
Genetic distance:
	- Maximum: 2.908
	- Mean: 2.054
	- Minimum: 0.000
	- Standard deviation: 0.574

Population of 128 members in 7 species:
	 SID    age    size    fitness    adj fit    stag 
	=====  =====  ======  =========  =========  ======
	  9     50      29      0.302      0.410      14  
	 11      4      4       0.165      0.219      1   
	 12      4      17      0.133      0.235      2   
	 13      4      28      0.261      0.320      0   
	 14      2      24      0.278      0.315      0   
	 15      1      22      0.342      0.356      0   
	 16      0      4        --         --        0   

Generation time: 74.144 sec  (74.347 average)
Population 'novelty_3' saved! Current generation: 95
Sample chosen: [230, 434, 356, 629, 387, 696, 64, 136, 95, 485, 74, 144, 768, 472, 432, 7]

********** Running generation 95 **********

Full population's fitness overview:
	-       best fitness: 0.37277
	-       mean fitness: 0.12757
	-      worst fitness: 0.02482
	- standard deviation: 0.06762
Best genome overview:
	- fitness: 0.37277
	- size (hid, conn): (1, 13)
	- genome id: 10737
	- belongs to specie: 15
Genetic distance:
	- Maximum: 2.867
	- Mean: 2.081
	- Minimum: 0.000
	- Standard deviation: 0.592

Population of 131 members in 7 species:
	 SID    age    size    fitness    adj fit    stag 
	=====  =====  ======  =========  =========  ======
	  9     51      26      0.275      0.302      15  
	 11      5      2       0.205      0.243      2   
	 12      5      17      0.184      0.163      0   
	 13      5      21      0.225      0.225      1   
	 14      3      23      0.255      0.359      1   
	 15      2      32      0.373      0.446      0   
	 16      1      10      0.102      0.144      0   

Generation time: 77.686 sec  (74.835 average)
Population 'novelty_3' saved! Current generation: 96
Sample chosen: [338, 199, 673, 216, 12, 749, 309, 707, 978, 923, 672, 840, 343, 660, 444, 680]

********** Running generation 96 **********

Full population's fitness overview:
	-       best fitness: 0.41126
	-       mean fitness: 0.12498
	-      worst fitness: 0.01063
	- standard deviation: 0.07689
Best genome overview:
	- fitness: 0.41126
	- size (hid, conn): (0, 5)
	- genome id: 10958
	- belongs to specie: 14
Genetic distance:
	- Maximum: 2.916
	- Mean: 2.016
	- Minimum: 0.000
	- Standard deviation: 0.622

Population of 133 members in 7 species:
	 SID    age    size    fitness    adj fit    stag 
	=====  =====  ======  =========  =========  ======
	  9     52      30      0.317      0.402      16  
	 11      6      5       0.083      0.131      3   
	 12      6      15      0.138      0.180      1   
	 13      6      20      0.186      0.179      2   
	 14      4      20      0.411      0.342      0   
	 15      3      31      0.339      0.341      1   
	 16      2      12      0.101      0.108      1   

Generation time: 79.910 sec  (75.477 average)
Population 'novelty_3' saved! Current generation: 97
Sample chosen: [164, 266, 915, 372, 66, 981, 890, 807, 552, 261, 375, 260, 315, 115, 182, 392]

********** Running generation 97 **********

Full population's fitness overview:
	-       best fitness: 0.32440
	-       mean fitness: 0.12985
	-      worst fitness: 0.02174
	- standard deviation: 0.06833
Best genome overview:
	- fitness: 0.32440
	- size (hid, conn): (1, 13)
	- genome id: 11150
	- belongs to specie: 15
Genetic distance:
	- Maximum: 2.989
	- Mean: 2.014
	- Minimum: 0.000
	- Standard deviation: 0.592

Population of 133 members in 8 species:
	 SID    age    size    fitness    adj fit    stag 
	=====  =====  ======  =========  =========  ======
	  9     53      10      0.297      0.447      17  
	 11      7      13      0.121      0.167      4   
	 12      7      20      0.141      0.205      2   
	 13      7      13      0.216      0.269      3   
	 14      5      23      0.248      0.384      1   
	 15      4      26      0.324      0.479      2   
	 16      3      12      0.129      0.190      0   
	 17      0      16       --         --        0   

Generation time: 78.253 sec  (75.999 average)
Population 'novelty_3' saved! Current generation: 98
Sample chosen: [340, 85, 604, 102, 518, 256, 547, 782, 824, 372, 449, 911, 116, 439, 409, 110]

********** Running generation 98 **********

Full population's fitness overview:
	-       best fitness: 0.38776
	-       mean fitness: 0.12495
	-      worst fitness: 0.01452
	- standard deviation: 0.07041
Best genome overview:
	- fitness: 0.38776
	- size (hid, conn): (1, 12)
	- genome id: 11224
	- belongs to specie: 15
Genetic distance:
	- Maximum: 3.119
	- Mean: 2.017
	- Minimum: 0.000
	- Standard deviation: 0.591

Population of 129 members in 8 species:
	 SID    age    size    fitness    adj fit    stag 
	=====  =====  ======  =========  =========  ======
	  9     54      24      0.346      0.336      18  
	 11      8      1       0.177      0.214      5   
	 12      8      15      0.189      0.264      0   
	 13      8      28      0.247      0.252      4   
	 14      6      3       0.237      0.312      2   
	 15      5      22      0.388      0.405      0   
	 16      4      12      0.144      0.220      0   
	 17      1      24      0.261      0.269      0   

Generation time: 80.319 sec  (76.517 average)
Population 'novelty_3' saved! Current generation: 99
Sample chosen: [434, 70, 151, 466, 715, 891, 771, 150, 134, 939, 722, 641, 601, 766, 682, 407]

********** Running generation 99 **********

Full population's fitness overview:
	-       best fitness: 0.32698
	-       mean fitness: 0.12369
	-      worst fitness: 0.02458
	- standard deviation: 0.05930
Best genome overview:
	- fitness: 0.32698
	- size (hid, conn): (2, 15)
	- genome id: 11347
	- belongs to specie: 15
Genetic distance:
	- Maximum: 2.984
	- Mean: 2.051
	- Minimum: 0.000
	- Standard deviation: 0.591

Population of 133 members in 9 species:
	 SID    age    size    fitness    adj fit    stag 
	=====  =====  ======  =========  =========  ======
	  9     55      22      0.226      0.300      19  
	 11      9      1       0.098      0.244      6   
	 12      9      13      0.144      0.201      1   
	 13      9      11      0.257      0.327      5   
	 14      7      10      0.204      0.404      3   
	 15      6      18      0.327      0.475      1   
	 16      5      15      0.166      0.228      0   
	 17      2      21      0.206      0.346      1   
	 18      0      22       --         --        0   

Generation time: 75.204 sec  (76.509 average)
Population 'novelty_3' saved! Current generation: 100

===> CREATING BLUEPRINTS <===

Creating blueprints for games: [1, 2, 3, 4, 5]

===> CREATING TRACES <===

Creating traces for games: [1, 2, 3, 4, 5]

===> EVALUATING <===

