Population 'novelty_repr_1' saved! Current generation: 0

===> RUNNING FOR THE FOLLOWING CONFIGURATION: <===
	> fitness: novelty
	> gru_enabled: False
	> sexual_reproduction: True
	> Saving under folder: NEAT
	> Train: True (100 iterations)
	> Create blueprints: True
	> Create traces: True


===> TRAINING <===

Sample chosen: [856, 193, 599, 808, 673, 862, 587, 368, 58, 963, 752, 227, 366, 257, 377, 330]


********** Running generation 0 **********

Full population's fitness overview:
	-       best fitness: 0.39961
	-       mean fitness: 0.05876
	-      worst fitness: 0.00010
	- standard deviation: 0.07163
Best genome overview:
	- fitness: 0.39961
	- size (hid, conn): (0, 9)
	- genome id: 34
	- belongs to specie: 1
Genetic distance:
	- Maximum: 3.470
	- Mean: 2.003
	- Minimum: 0.347
	- Standard deviation: 0.441

Population of 127 members in 3 species:
	 SID    age    size    fitness    adj fit    stag 
	=====  =====  ======  =========  =========  ======
	  1      0      47      0.400      0.172      0   
	  2      0      63      0.240      0.132      0   
	  3      0      17      0.185      0.100      0   

Generation time: 171.116 sec
Population 'novelty_repr_1' saved! Current generation: 1
Sample chosen: [91, 489, 681, 765, 39, 254, 504, 627, 944, 893, 706, 789, 414, 49, 68, 182]


********** Running generation 1 **********

Full population's fitness overview:
	-       best fitness: 0.31121
	-       mean fitness: 0.08943
	-      worst fitness: 0.00131
	- standard deviation: 0.07170
Best genome overview:
	- fitness: 0.31121
	- size (hid, conn): (0, 9)
	- genome id: 201
	- belongs to specie: 1
Genetic distance:
	- Maximum: 2.789
	- Mean: 1.812
	- Minimum: 0.130
	- Standard deviation: 0.480

Population of 128 members in 3 species:
	 SID    age    size    fitness    adj fit    stag 
	=====  =====  ======  =========  =========  ======
	  1      1      46      0.311      0.301      1   
	  2      1      46      0.308      0.286      0   
	  3      1      36      0.220      0.230      0   

Generation time: 172.081 sec  (171.599 average)
Population 'novelty_repr_1' saved! Current generation: 2
Sample chosen: [387, 18, 969, 111, 380, 268, 166, 564, 681, 971, 999, 484, 830, 136, 54, 101]


********** Running generation 2 **********

Full population's fitness overview:
	-       best fitness: 0.28970
	-       mean fitness: 0.08759
	-      worst fitness: 0.00063
	- standard deviation: 0.06229
Best genome overview:
	- fitness: 0.28970
	- size (hid, conn): (0, 7)
	- genome id: 296
	- belongs to specie: 2
Genetic distance:
	- Maximum: 2.811
	- Mean: 1.831
	- Minimum: 0.258
	- Standard deviation: 0.486

Population of 128 members in 3 species:
	 SID    age    size    fitness    adj fit    stag 
	=====  =====  ======  =========  =========  ======
	  1      2      44      0.265      0.320      2   
	  2      2      47      0.290      0.333      1   
	  3      2      37      0.179      0.235      1   

Generation time: 173.136 sec  (172.111 average)
Population 'novelty_repr_1' saved! Current generation: 3
Sample chosen: [285, 776, 292, 546, 535, 801, 635, 703, 431, 792, 845, 573, 287, 657, 3, 104]


********** Running generation 3 **********

Full population's fitness overview:
	-       best fitness: 0.33488
	-       mean fitness: 0.07856
	-      worst fitness: 0.00071
	- standard deviation: 0.06228
Best genome overview:
	- fitness: 0.33488
	- size (hid, conn): (0, 7)
	- genome id: 473
	- belongs to specie: 1
Genetic distance:
	- Maximum: 2.989
	- Mean: 1.893
	- Minimum: 0.340
	- Standard deviation: 0.455

Population of 128 members in 3 species:
	 SID    age    size    fitness    adj fit    stag 
	=====  =====  ======  =========  =========  ======
	  1      3      31      0.335      0.210      3   
	  2      3      63      0.268      0.286      2   
	  3      3      34      0.208      0.192      2   

Generation time: 169.589 sec  (171.480 average)
Population 'novelty_repr_1' saved! Current generation: 4
Sample chosen: [640, 141, 15, 302, 996, 697, 152, 332, 126, 813, 625, 144, 539, 409, 517, 370]


********** Running generation 4 **********

Full population's fitness overview:
	-       best fitness: 0.27780
	-       mean fitness: 0.11894
	-      worst fitness: 0.01049
	- standard deviation: 0.05781
Best genome overview:
	- fitness: 0.27780
	- size (hid, conn): (0, 7)
	- genome id: 473
	- belongs to specie: 1
Genetic distance:
	- Maximum: 2.854
	- Mean: 1.802
	- Minimum: 0.306
	- Standard deviation: 0.480

Population of 128 members in 3 species:
	 SID    age    size    fitness    adj fit    stag 
	=====  =====  ======  =========  =========  ======
	  1      4      22      0.278      0.391      4   
	  2      4      45      0.266      0.423      3   
	  3      4      61      0.232      0.388      0   

Generation time: 180.061 sec  (173.197 average)
Population 'novelty_repr_1' saved! Current generation: 5
Sample chosen: [401, 564, 469, 403, 419, 730, 567, 690, 963, 9, 929, 106, 170, 167, 463, 906]


********** Running generation 5 **********

Full population's fitness overview:
	-       best fitness: 0.37934
	-       mean fitness: 0.09778
	-      worst fitness: 0.00100
	- standard deviation: 0.07031
Best genome overview:
	- fitness: 0.37934
	- size (hid, conn): (1, 9)
	- genome id: 651
	- belongs to specie: 3
Genetic distance:
	- Maximum: 3.257
	- Mean: 1.861
	- Minimum: 0.140
	- Standard deviation: 0.501

Population of 128 members in 3 species:
	 SID    age    size    fitness    adj fit    stag 
	=====  =====  ======  =========  =========  ======
	  1      5      1       0.133      0.151      5   
	  2      5      87      0.306      0.282      4   
	  3      5      40      0.379      0.274      0   

Generation time: 178.579 sec  (174.094 average)
Population 'novelty_repr_1' saved! Current generation: 6
Sample chosen: [515, 426, 192, 279, 324, 91, 371, 984, 516, 817, 412, 408, 975, 762, 419, 681]


********** Running generation 6 **********

Full population's fitness overview:
	-       best fitness: 0.31980
	-       mean fitness: 0.11017
	-      worst fitness: 0.01543
	- standard deviation: 0.05884
Best genome overview:
	- fitness: 0.31980
	- size (hid, conn): (1, 8)
	- genome id: 846
	- belongs to specie: 3
Genetic distance:
	- Maximum: 3.068
	- Mean: 1.767
	- Minimum: 0.000
	- Standard deviation: 0.598

Population of 128 members in 3 species:
	 SID    age    size    fitness    adj fit    stag 
	=====  =====  ======  =========  =========  ======
	  1      6      20      0.100      0.277      6   
	  2      6      75      0.265      0.284      5   
	  3      6      33      0.320      0.371      1   

Generation time: 176.875 sec  (174.491 average)
Population 'novelty_repr_1' saved! Current generation: 7
Sample chosen: [546, 426, 300, 792, 340, 826, 132, 135, 28, 348, 893, 465, 776, 290, 143, 367]


********** Running generation 7 **********

Full population's fitness overview:
	-       best fitness: 0.29927
	-       mean fitness: 0.10397
	-      worst fitness: 0.00067
	- standard deviation: 0.06867
Best genome overview:
	- fitness: 0.29927
	- size (hid, conn): (1, 9)
	- genome id: 879
	- belongs to specie: 2
Genetic distance:
	- Maximum: 3.021
	- Mean: 1.805
	- Minimum: 0.054
	- Standard deviation: 0.682

Population of 127 members in 3 species:
	 SID    age    size    fitness    adj fit    stag 
	=====  =====  ======  =========  =========  ======
	  1      7      24      0.195      0.223      7   
	  2      7      59      0.299      0.340      6   
	  3      7      44      0.271      0.434      2   

Generation time: 180.520 sec  (175.245 average)
Population 'novelty_repr_1' saved! Current generation: 8
Sample chosen: [632, 658, 185, 477, 750, 481, 450, 894, 488, 644, 541, 17, 696, 917, 787, 244]


********** Running generation 8 **********

Full population's fitness overview:
	-       best fitness: 0.26277
	-       mean fitness: 0.10707
	-      worst fitness: 0.00396
	- standard deviation: 0.05912
Best genome overview:
	- fitness: 0.26277
	- size (hid, conn): (2, 10)
	- genome id: 1015
	- belongs to specie: 3
Genetic distance:
	- Maximum: 3.016
	- Mean: 1.845
	- Minimum: 0.139
	- Standard deviation: 0.661

Population of 128 members in 3 species:
	 SID    age    size    fitness    adj fit    stag 
	=====  =====  ======  =========  =========  ======
	  1      8      26      0.182      0.247      8   
	  2      8      55      0.250      0.436      7   
	  3      8      47      0.263      0.431      3   

Generation time: 175.137 sec  (175.233 average)
Population 'novelty_repr_1' saved! Current generation: 9
Sample chosen: [405, 145, 32, 117, 167, 848, 322, 856, 684, 756, 693, 603, 872, 976, 383, 170]


********** Running generation 9 **********

Full population's fitness overview:
	-       best fitness: 0.32561
	-       mean fitness: 0.11028
	-      worst fitness: 0.00156
	- standard deviation: 0.06969
Best genome overview:
	- fitness: 0.32561
	- size (hid, conn): (0, 8)
	- genome id: 1201
	- belongs to specie: 3
Genetic distance:
	- Maximum: 3.027
	- Mean: 1.685
	- Minimum: 0.000
	- Standard deviation: 0.575

Population of 128 members in 3 species:
	 SID    age    size    fitness    adj fit    stag 
	=====  =====  ======  =========  =========  ======
	  1      9      29      0.218      0.242      9   
	  2      9      50      0.306      0.342      8   
	  3      9      49      0.326      0.380      4   

Generation time: 174.315 sec  (175.141 average)
Population 'novelty_repr_1' saved! Current generation: 10
Sample chosen: [169, 10, 931, 259, 447, 357, 586, 643, 662, 142, 286, 544, 790, 923, 188, 409]


********** Running generation 10 **********

Full population's fitness overview:
	-       best fitness: 0.32932
	-       mean fitness: 0.11246
	-      worst fitness: 0.00308
	- standard deviation: 0.07257
Best genome overview:
	- fitness: 0.32932
	- size (hid, conn): (0, 8)
	- genome id: 1309
	- belongs to specie: 3
Genetic distance:
	- Maximum: 3.010
	- Mean: 1.637
	- Minimum: 0.000
	- Standard deviation: 0.618

Population of 128 members in 3 species:
	 SID    age    size    fitness    adj fit    stag 
	=====  =====  ======  =========  =========  ======
	  1     10      29      0.168      0.225      10  
	  2     10      46      0.301      0.327      9   
	  3     10      53      0.329      0.409      5   

Generation time: 178.058 sec  (175.835 average)
Population 'novelty_repr_1' saved! Current generation: 11
Sample chosen: [601, 148, 414, 38, 416, 181, 303, 57, 110, 523, 773, 83, 707, 329, 89, 948]


********** Running generation 11 **********

Full population's fitness overview:
	-       best fitness: 0.33242
	-       mean fitness: 0.09980
	-      worst fitness: 0.00596
	- standard deviation: 0.06183
Best genome overview:
	- fitness: 0.33242
	- size (hid, conn): (1, 8)
	- genome id: 1255
	- belongs to specie: 2
Genetic distance:
	- Maximum: 3.117
	- Mean: 1.741
	- Minimum: 0.067
	- Standard deviation: 0.683

Population of 128 members in 3 species:
	 SID    age    size    fitness    adj fit    stag 
	=====  =====  ======  =========  =========  ======
	  1     11      31      0.163      0.213      11  
	  2     11      44      0.332      0.288      0   
	  3     11      53      0.296      0.327      6   

Generation time: 179.956 sec  (176.623 average)
Population 'novelty_repr_1' saved! Current generation: 12
Sample chosen: [444, 523, 275, 467, 922, 320, 655, 640, 376, 91, 279, 960, 938, 242, 800, 420]


********** Running generation 12 **********

Full population's fitness overview:
	-       best fitness: 0.37606
	-       mean fitness: 0.10665
	-      worst fitness: 0.00428
	- standard deviation: 0.07736
Best genome overview:
	- fitness: 0.37606
	- size (hid, conn): (0, 5)
	- genome id: 1410
	- belongs to specie: 2
Genetic distance:
	- Maximum: 2.907
	- Mean: 1.842
	- Minimum: 0.179
	- Standard deviation: 0.629

Population of 128 members in 3 species:
	 SID    age    size    fitness    adj fit    stag 
	=====  =====  ======  =========  =========  ======
	  1     12      31      0.154      0.191      12  
	  2     12      47      0.376      0.312      0   
	  3     12      50      0.375      0.294      7   

Generation time: 172.429 sec  (176.552 average)
Population 'novelty_repr_1' saved! Current generation: 13
Sample chosen: [63, 959, 488, 518, 680, 709, 490, 225, 167, 535, 448, 322, 26, 314, 414, 617]


********** Running generation 13 **********

Full population's fitness overview:
	-       best fitness: 0.35203
	-       mean fitness: 0.10814
	-      worst fitness: 0.00616
	- standard deviation: 0.07088
Best genome overview:
	- fitness: 0.35203
	- size (hid, conn): (1, 8)
	- genome id: 1646
	- belongs to specie: 3
Genetic distance:
	- Maximum: 3.227
	- Mean: 1.979
	- Minimum: 0.203
	- Standard deviation: 0.628

Population of 128 members in 3 species:
	 SID    age    size    fitness    adj fit    stag 
	=====  =====  ======  =========  =========  ======
	  1     13      31      0.163      0.220      13  
	  2     13      28      0.256      0.303      1   
	  3     13      69      0.352      0.334      8   

Generation time: 180.192 sec  (177.612 average)
Population 'novelty_repr_1' saved! Current generation: 14
Sample chosen: [145, 641, 577, 534, 680, 835, 489, 64, 313, 559, 711, 685, 221, 676, 189, 590]


********** Running generation 14 **********

Full population's fitness overview:
	-       best fitness: 0.36972
	-       mean fitness: 0.10222
	-      worst fitness: 0.00236
	- standard deviation: 0.06408
Best genome overview:
	- fitness: 0.36972
	- size (hid, conn): (0, 8)
	- genome id: 1548
	- belongs to specie: 3
Genetic distance:
	- Maximum: 3.399
	- Mean: 2.219
	- Minimum: 0.201
	- Standard deviation: 0.672

Population of 127 members in 4 species:
	 SID    age    size    fitness    adj fit    stag 
	=====  =====  ======  =========  =========  ======
	  1     14      29      0.162      0.227      14  
	  2     14      32      0.300      0.307      2   
	  3     14      62      0.370      0.278      9   
	  4      0      4        --         --        0   

Generation time: 184.364 sec  (178.042 average)
Population 'novelty_repr_1' saved! Current generation: 15
Sample chosen: [469, 308, 793, 72, 340, 884, 192, 601, 970, 427, 222, 388, 904, 193, 423, 345]


********** Running generation 15 **********

Full population's fitness overview:
	-       best fitness: 0.36156
	-       mean fitness: 0.11430
	-      worst fitness: 0.00495
	- standard deviation: 0.06380
Best genome overview:
	- fitness: 0.36156
	- size (hid, conn): (0, 8)
	- genome id: 1548
	- belongs to specie: 3
Genetic distance:
	- Maximum: 3.433
	- Mean: 2.206
	- Minimum: 0.000
	- Standard deviation: 0.726

Population of 128 members in 4 species:
	 SID    age    size    fitness    adj fit    stag 
	=====  =====  ======  =========  =========  ======
	  1     15      26      0.184      0.242      15  
	  2     15      32      0.271      0.306      3   
	  3     15      51      0.362      0.339      10  
	  4      1      19      0.160      0.277      0   

Generation time: 181.460 sec  (178.330 average)
Population 'novelty_repr_1' saved! Current generation: 16
Sample chosen: [155, 669, 21, 938, 792, 226, 233, 461, 444, 512, 590, 199, 396, 278, 367, 980]


********** Running generation 16 **********

Full population's fitness overview:
	-       best fitness: 0.33367
	-       mean fitness: 0.11893
	-      worst fitness: 0.00121
	- standard deviation: 0.06902
Best genome overview:
	- fitness: 0.33367
	- size (hid, conn): (1, 8)
	- genome id: 2056
	- belongs to specie: 3
Genetic distance:
	- Maximum: 3.427
	- Mean: 2.185
	- Minimum: 0.034
	- Standard deviation: 0.744

Population of 128 members in 4 species:
	 SID    age    size    fitness    adj fit    stag 
	=====  =====  ======  =========  =========  ======
	  1     16      31      0.201      0.290      16  
	  2     16      36      0.257      0.400      4   
	  3     16      47      0.334      0.404      11  
	  4      2      14      0.127      0.230      1   

Generation time: 185.795 sec  (179.223 average)
Population 'novelty_repr_1' saved! Current generation: 17
Sample chosen: [417, 645, 629, 956, 991, 355, 724, 195, 357, 184, 449, 478, 530, 726, 419, 813]


********** Running generation 17 **********

Full population's fitness overview:
	-       best fitness: 0.46752
	-       mean fitness: 0.11867
	-      worst fitness: 0.01200
	- standard deviation: 0.08019
Best genome overview:
	- fitness: 0.46752
	- size (hid, conn): (1, 8)
	- genome id: 2056
	- belongs to specie: 3
Genetic distance:
	- Maximum: 3.534
	- Mean: 2.270
	- Minimum: 0.000
	- Standard deviation: 0.759

Population of 127 members in 5 species:
	 SID    age    size    fitness    adj fit    stag 
	=====  =====  ======  =========  =========  ======
	  1     17      29      0.308      0.166      17  
	  2     17      35      0.361      0.250      5   
	  3     17      51      0.468      0.286      0   
	  4      3      9       0.246      0.170      0   
	  5      0      3        --         --        0   

Generation time: 176.928 sec  (178.863 average)
Population 'novelty_repr_1' saved! Current generation: 18
Sample chosen: [386, 890, 946, 834, 119, 309, 110, 844, 261, 237, 381, 780, 587, 954, 54, 91]


********** Running generation 18 **********

Full population's fitness overview:
	-       best fitness: 0.38495
	-       mean fitness: 0.11710
	-      worst fitness: 0.00342
	- standard deviation: 0.07168
Best genome overview:
	- fitness: 0.38495
	- size (hid, conn): (1, 9)
	- genome id: 2162
	- belongs to specie: 3

Species 1 with 29 members is stagnated: removing it
Genetic distance:
	- Maximum: 3.588
	- Mean: 2.258
	- Minimum: 0.000
	- Standard deviation: 0.845

Population of 128 members in 4 species:
	 SID    age    size    fitness    adj fit    stag 
	=====  =====  ======  =========  =========  ======
	  2     18      41      0.241      0.306      6   
	  3     18      53      0.385      0.348      1   
	  4      4      11      0.222      0.231      1   
	  5      1      23      0.169      0.163      0   

Generation time: 177.565 sec  (179.106 average)
Population 'novelty_repr_1' saved! Current generation: 19
Sample chosen: [311, 511, 433, 78, 17, 453, 605, 121, 338, 261, 748, 463, 849, 977, 916, 352]


********** Running generation 19 **********

Full population's fitness overview:
	-       best fitness: 0.40731
	-       mean fitness: 0.11596
	-      worst fitness: 0.01616
	- standard deviation: 0.06970
Best genome overview:
	- fitness: 0.40731
	- size (hid, conn): (2, 9)
	- genome id: 2279
	- belongs to specie: 3
Genetic distance:
	- Maximum: 3.457
	- Mean: 2.279
	- Minimum: 0.061
	- Standard deviation: 0.844

Population of 128 members in 4 species:
	 SID    age    size    fitness    adj fit    stag 
	=====  =====  ======  =========  =========  ======
	  2     19      38      0.313      0.263      7   
	  3     19      46      0.407      0.282      2   
	  4      5      19      0.142      0.200      2   
	  5      2      25      0.236      0.205      0   

Generation time: 183.690 sec  (180.044 average)
Population 'novelty_repr_1' saved! Current generation: 20
Sample chosen: [906, 914, 534, 592, 216, 415, 910, 110, 482, 330, 777, 992, 285, 55, 162, 278]


********** Running generation 20 **********

Full population's fitness overview:
	-       best fitness: 0.46860
	-       mean fitness: 0.11516
	-      worst fitness: 0.01946
	- standard deviation: 0.06791
Best genome overview:
	- fitness: 0.46860
	- size (hid, conn): (0, 7)
	- genome id: 2538
	- belongs to specie: 3
Genetic distance:
	- Maximum: 3.394
	- Mean: 2.287
	- Minimum: 0.000
	- Standard deviation: 0.859

Population of 127 members in 4 species:
	 SID    age    size    fitness    adj fit    stag 
	=====  =====  ======  =========  =========  ======
	  2     20      35      0.237      0.209      8   
	  3     20      41      0.469      0.236      0   
	  4      6      21      0.186      0.150      3   
	  5      3      30      0.253      0.225      0   

Generation time: 180.905 sec  (180.328 average)
Population 'novelty_repr_1' saved! Current generation: 21
Sample chosen: [889, 577, 315, 717, 232, 722, 726, 23, 472, 505, 830, 676, 112, 914, 508, 422]


********** Running generation 21 **********

Full population's fitness overview:
	-       best fitness: 0.37884
	-       mean fitness: 0.13186
	-      worst fitness: 0.01878
	- standard deviation: 0.07477
Best genome overview:
	- fitness: 0.37884
	- size (hid, conn): (0, 8)
	- genome id: 2638
	- belongs to specie: 3
Genetic distance:
	- Maximum: 3.378
	- Mean: 2.176
	- Minimum: 0.059
	- Standard deviation: 0.787

Population of 128 members in 4 species:
	 SID    age    size    fitness    adj fit    stag 
	=====  =====  ======  =========  =========  ======
	  2     21      32      0.288      0.302      9   
	  3     21      43      0.379      0.401      1   
	  4      7      26      0.211      0.290      4   
	  5      4      27      0.314      0.226      0   

Generation time: 181.410 sec  (180.474 average)
Population 'novelty_repr_1' saved! Current generation: 22
Sample chosen: [317, 582, 17, 194, 249, 834, 872, 510, 930, 353, 970, 856, 273, 522, 587, 156]


********** Running generation 22 **********

Full population's fitness overview:
	-       best fitness: 0.33804
	-       mean fitness: 0.12550
	-      worst fitness: 0.00490
	- standard deviation: 0.05364
Best genome overview:
	- fitness: 0.33804
	- size (hid, conn): (0, 8)
	- genome id: 2764
	- belongs to specie: 3
Genetic distance:
	- Maximum: 3.468
	- Mean: 2.136
	- Minimum: 0.000
	- Standard deviation: 0.795

Population of 128 members in 4 species:
	 SID    age    size    fitness    adj fit    stag 
	=====  =====  ======  =========  =========  ======
	  2     22      31      0.183      0.333      10  
	  3     22      39      0.338      0.400      2   
	  4      8      28      0.187      0.328      5   
	  5      5      30      0.226      0.369      1   

Generation time: 182.151 sec  (181.446 average)
Population 'novelty_repr_1' saved! Current generation: 23
Sample chosen: [966, 303, 514, 95, 897, 19, 872, 71, 102, 328, 685, 682, 280, 944, 708, 999]


********** Running generation 23 **********

Full population's fitness overview:
	-       best fitness: 0.39499
	-       mean fitness: 0.13575
	-      worst fitness: 0.02580
	- standard deviation: 0.06207
Best genome overview:
	- fitness: 0.39499
	- size (hid, conn): (1, 7)
	- genome id: 2888
	- belongs to specie: 3
Genetic distance:
	- Maximum: 3.468
	- Mean: 2.188
	- Minimum: 0.000
	- Standard deviation: 0.760

Population of 129 members in 4 species:
	 SID    age    size    fitness    adj fit    stag 
	=====  =====  ======  =========  =========  ======
	  2     23      31      0.205      0.277      11  
	  3     23      39      0.395      0.354      3   
	  4      9      28      0.212      0.248      6   
	  5      6      31      0.255      0.293      2   

Generation time: 180.049 sec  (181.432 average)
Population 'novelty_repr_1' saved! Current generation: 24
Sample chosen: [857, 348, 621, 60, 54, 463, 666, 78, 128, 230, 154, 849, 493, 987, 302, 96]


********** Running generation 24 **********

Full population's fitness overview:
	-       best fitness: 0.29499
	-       mean fitness: 0.12841
	-      worst fitness: 0.01257
	- standard deviation: 0.05609
Best genome overview:
	- fitness: 0.29499
	- size (hid, conn): (0, 8)
	- genome id: 3025
	- belongs to specie: 3
Genetic distance:
	- Maximum: 3.362
	- Mean: 2.213
	- Minimum: 0.000
	- Standard deviation: 0.806

Population of 129 members in 4 species:
	 SID    age    size    fitness    adj fit    stag 
	=====  =====  ======  =========  =========  ======
	  2     24      32      0.263      0.416      12  
	  3     24      37      0.295      0.447      4   
	  4     10      29      0.250      0.371      0   
	  5      7      31      0.220      0.394      3   

Generation time: 185.162 sec  (181.511 average)
Population 'novelty_repr_1' saved! Current generation: 25
Sample chosen: [22, 381, 324, 155, 722, 370, 961, 619, 569, 327, 929, 925, 960, 119, 612, 159]


********** Running generation 25 **********

Full population's fitness overview:
	-       best fitness: 0.43052
	-       mean fitness: 0.12768
	-      worst fitness: 0.00228
	- standard deviation: 0.07919
Best genome overview:
	- fitness: 0.43052
	- size (hid, conn): (2, 8)
	- genome id: 3139
	- belongs to specie: 3
Genetic distance:
	- Maximum: 3.321
	- Mean: 2.213
	- Minimum: 0.000
	- Standard deviation: 0.748

Population of 128 members in 4 species:
	 SID    age    size    fitness    adj fit    stag 
	=====  =====  ======  =========  =========  ======
	  2     25      31      0.359      0.277      13  
	  3     25      37      0.431      0.343      5   
	  4     11      31      0.380      0.292      0   
	  5      8      29      0.241      0.250      4   

Generation time: 184.580 sec  (181.823 average)
Population 'novelty_repr_1' saved! Current generation: 26
Sample chosen: [265, 501, 77, 634, 573, 255, 718, 454, 271, 725, 208, 875, 687, 439, 765, 802]


********** Running generation 26 **********

Full population's fitness overview:
	-       best fitness: 0.41752
	-       mean fitness: 0.12218
	-      worst fitness: 0.00920
	- standard deviation: 0.07379
Best genome overview:
	- fitness: 0.41752
	- size (hid, conn): (0, 8)
	- genome id: 3025
	- belongs to specie: 3
Genetic distance:
	- Maximum: 3.494
	- Mean: 2.224
	- Minimum: 0.000
	- Standard deviation: 0.719

Population of 128 members in 4 species:
	 SID    age    size    fitness    adj fit    stag 
	=====  =====  ======  =========  =========  ======
	  2     26      33      0.400      0.303      0   
	  3     26      36      0.418      0.299      6   
	  4     12      31      0.353      0.270      1   
	  5      9      28      0.217      0.228      5   

Generation time: 181.534 sec  (181.397 average)
Population 'novelty_repr_1' saved! Current generation: 27
Sample chosen: [698, 70, 142, 81, 658, 709, 48, 598, 477, 506, 729, 351, 632, 802, 552, 728]


********** Running generation 27 **********

Full population's fitness overview:
	-       best fitness: 0.29458
	-       mean fitness: 0.12709
	-      worst fitness: 0.00620
	- standard deviation: 0.06288
Best genome overview:
	- fitness: 0.29458
	- size (hid, conn): (2, 11)
	- genome id: 3371
	- belongs to specie: 3
Genetic distance:
	- Maximum: 3.659
	- Mean: 2.157
	- Minimum: 0.100
	- Standard deviation: 0.767

Population of 128 members in 4 species:
	 SID    age    size    fitness    adj fit    stag 
	=====  =====  ======  =========  =========  ======
	  2     27      31      0.274      0.390      1   
	  3     27      36      0.295      0.477      7   
	  4     13      31      0.285      0.395      2   
	  5     10      30      0.269      0.406      6   

Generation time: 177.776 sec  (181.482 average)
Population 'novelty_repr_1' saved! Current generation: 28
Sample chosen: [50, 209, 185, 793, 229, 32, 221, 730, 575, 334, 583, 148, 48, 718, 180, 230]


********** Running generation 28 **********

Full population's fitness overview:
	-       best fitness: 0.30746
	-       mean fitness: 0.14356
	-      worst fitness: 0.02166
	- standard deviation: 0.06073
Best genome overview:
	- fitness: 0.30746
	- size (hid, conn): (3, 7)
	- genome id: 3478
	- belongs to specie: 4
Genetic distance:
	- Maximum: 3.479
	- Mean: 2.166
	- Minimum: 0.000
	- Standard deviation: 0.823

Population of 129 members in 4 species:
	 SID    age    size    fitness    adj fit    stag 
	=====  =====  ======  =========  =========  ======
	  2     28      33      0.295      0.456      2   
	  3     28      32      0.294      0.376      8   
	  4     14      32      0.307      0.440      3   
	  5     11      32      0.240      0.443      7   

Generation time: 186.008 sec  (182.326 average)
Population 'novelty_repr_1' saved! Current generation: 29
Sample chosen: [285, 525, 42, 467, 148, 119, 428, 111, 501, 889, 238, 605, 532, 910, 383, 257]


********** Running generation 29 **********

Full population's fitness overview:
	-       best fitness: 0.38326
	-       mean fitness: 0.12361
	-      worst fitness: 0.02420
	- standard deviation: 0.06477
Best genome overview:
	- fitness: 0.38326
	- size (hid, conn): (3, 8)
	- genome id: 3522
	- belongs to specie: 5
Genetic distance:
	- Maximum: 3.426
	- Mean: 2.054
	- Minimum: 0.084
	- Standard deviation: 0.813

Population of 128 members in 4 species:
	 SID    age    size    fitness    adj fit    stag 
	=====  =====  ======  =========  =========  ======
	  2     29      36      0.260      0.342      3   
	  3     29      33      0.301      0.302      9   
	  4     15      28      0.305      0.205      4   
	  5     12      31      0.383      0.257      0   

Generation time: 186.239 sec  (182.581 average)
Population 'novelty_repr_1' saved! Current generation: 30
Sample chosen: [144, 176, 712, 350, 776, 982, 423, 562, 185, 674, 621, 346, 836, 691, 960, 954]


********** Running generation 30 **********

Full population's fitness overview:
	-       best fitness: 0.34532
	-       mean fitness: 0.12432
	-      worst fitness: 0.02775
	- standard deviation: 0.05836
Best genome overview:
	- fitness: 0.34532
	- size (hid, conn): (3, 8)
	- genome id: 3522
	- belongs to specie: 5
Genetic distance:
	- Maximum: 3.203
	- Mean: 2.072
	- Minimum: 0.097
	- Standard deviation: 0.752

Population of 129 members in 4 species:
	 SID    age    size    fitness    adj fit    stag 
	=====  =====  ======  =========  =========  ======
	  2     30      31      0.204      0.242      4   
	  3     30      35      0.340      0.354      10  
	  4     16      31      0.257      0.320      5   
	  5     13      32      0.345      0.307      1   

Generation time: 180.398 sec  (182.531 average)
Population 'novelty_repr_1' saved! Current generation: 31
Sample chosen: [356, 291, 178, 727, 340, 188, 166, 552, 613, 241, 763, 459, 638, 191, 504, 87]


********** Running generation 31 **********

Full population's fitness overview:
	-       best fitness: 0.34922
	-       mean fitness: 0.13015
	-      worst fitness: 0.02053
	- standard deviation: 0.06433
Best genome overview:
	- fitness: 0.34922
	- size (hid, conn): (0, 6)
	- genome id: 3821
	- belongs to specie: 3
Genetic distance:
	- Maximum: 3.107
	- Mean: 2.023
	- Minimum: 0.000
	- Standard deviation: 0.734

Population of 128 members in 4 species:
	 SID    age    size    fitness    adj fit    stag 
	=====  =====  ======  =========  =========  ======
	  2     31      29      0.264      0.288      5   
	  3     31      35      0.349      0.366      11  
	  4     17      30      0.237      0.297      6   
	  5     14      34      0.299      0.378      2   

Generation time: 191.039 sec  (183.493 average)
Population 'novelty_repr_1' saved! Current generation: 32
Sample chosen: [751, 439, 92, 268, 804, 88, 834, 833, 316, 799, 451, 567, 693, 850, 621, 725]


********** Running generation 32 **********

Full population's fitness overview:
	-       best fitness: 0.35706
	-       mean fitness: 0.14134
	-      worst fitness: 0.02111
	- standard deviation: 0.07214
Best genome overview:
	- fitness: 0.35706
	- size (hid, conn): (1, 4)
	- genome id: 3889
	- belongs to specie: 4
Genetic distance:
	- Maximum: 3.238
	- Mean: 2.085
	- Minimum: 0.138
	- Standard deviation: 0.679

Population of 128 members in 4 species:
	 SID    age    size    fitness    adj fit    stag 
	=====  =====  ======  =========  =========  ======
	  2     32      29      0.256      0.321      6   
	  3     32      34      0.334      0.371      12  
	  4     18      32      0.357      0.373      7   
	  5     15      33      0.307      0.362      3   

Generation time: 179.116 sec  (183.190 average)
Population 'novelty_repr_1' saved! Current generation: 33
Sample chosen: [704, 716, 432, 592, 90, 327, 876, 387, 119, 982, 766, 972, 79, 864, 167, 298]


********** Running generation 33 **********

Full population's fitness overview:
	-       best fitness: 0.42815
	-       mean fitness: 0.13487
	-      worst fitness: 0.03755
	- standard deviation: 0.07093
Best genome overview:
	- fitness: 0.42815
	- size (hid, conn): (0, 6)
	- genome id: 4088
	- belongs to specie: 3
Genetic distance:
	- Maximum: 3.172
	- Mean: 2.095
	- Minimum: 0.000
	- Standard deviation: 0.662

Population of 128 members in 4 species:
	 SID    age    size    fitness    adj fit    stag 
	=====  =====  ======  =========  =========  ======
	  2     33      29      0.222      0.226      7   
	  3     33      34      0.428      0.259      13  
	  4     19      33      0.370      0.268      8   
	  5     16      32      0.362      0.241      4   

Generation time: 180.877 sec  (183.273 average)
Population 'novelty_repr_1' saved! Current generation: 34
Sample chosen: [567, 592, 518, 791, 79, 671, 171, 28, 428, 209, 3, 37, 503, 937, 286, 739]


********** Running generation 34 **********

Full population's fitness overview:
	-       best fitness: 0.35889
	-       mean fitness: 0.11858
	-      worst fitness: 0.02554
	- standard deviation: 0.05336
Best genome overview:
	- fitness: 0.35889
	- size (hid, conn): (1, 3)
	- genome id: 4029
	- belongs to specie: 5
Genetic distance:
	- Maximum: 3.253
	- Mean: 2.113
	- Minimum: 0.000
	- Standard deviation: 0.615

Population of 129 members in 4 species:
	 SID    age    size    fitness    adj fit    stag 
	=====  =====  ======  =========  =========  ======
	  2     34      28      0.163      0.237      8   
	  3     34      34      0.240      0.288      14  
	  4     20      34      0.260      0.296      9   
	  5     17      33      0.359      0.290      5   

Generation time: 179.531 sec  (182.710 average)
Population 'novelty_repr_1' saved! Current generation: 35
Sample chosen: [55, 382, 504, 855, 324, 468, 634, 231, 931, 20, 403, 927, 258, 967, 177, 448]


********** Running generation 35 **********

Full population's fitness overview:
	-       best fitness: 0.32153
	-       mean fitness: 0.12618
	-      worst fitness: 0.01184
	- standard deviation: 0.06625
Best genome overview:
	- fitness: 0.32153
	- size (hid, conn): (3, 8)
	- genome id: 4349
	- belongs to specie: 5

Species 3 with 34 members is stagnated: removing it
Genetic distance:
	- Maximum: 3.234
	- Mean: 2.105
	- Minimum: 0.000
	- Standard deviation: 0.629

Population of 128 members in 3 species:
	 SID    age    size    fitness    adj fit    stag 
	=====  =====  ======  =========  =========  ======
	  2     35      37      0.248      0.292      9   
	  4     21      45      0.283      0.396      10  
	  5     18      46      0.322      0.392      6   

Generation time: 187.346 sec  (182.986 average)
Population 'novelty_repr_1' saved! Current generation: 36
Sample chosen: [971, 239, 757, 357, 340, 224, 85, 498, 928, 157, 710, 452, 453, 490, 26, 370]


********** Running generation 36 **********

Full population's fitness overview:
	-       best fitness: 0.39090
	-       mean fitness: 0.12705
	-      worst fitness: 0.00754
	- standard deviation: 0.06476
Best genome overview:
	- fitness: 0.39090
	- size (hid, conn): (2, 6)
	- genome id: 4473
	- belongs to specie: 5
Genetic distance:
	- Maximum: 3.357
	- Mean: 2.154
	- Minimum: 0.246
	- Standard deviation: 0.654

Population of 128 members in 3 species:
	 SID    age    size    fitness    adj fit    stag 
	=====  =====  ======  =========  =========  ======
	  2     36      38      0.219      0.285      10  
	  4     22      45      0.291      0.344      11  
	  5     19      45      0.391      0.302      0   

Generation time: 176.183 sec  (182.451 average)
Population 'novelty_repr_1' saved! Current generation: 37
Sample chosen: [479, 423, 662, 819, 136, 397, 481, 260, 219, 961, 404, 653, 408, 908, 399, 930]


********** Running generation 37 **********

Full population's fitness overview:
	-       best fitness: 0.40466
	-       mean fitness: 0.14264
	-      worst fitness: 0.02715
	- standard deviation: 0.06982
Best genome overview:
	- fitness: 0.40466
	- size (hid, conn): (3, 7)
	- genome id: 4595
	- belongs to specie: 5
Genetic distance:
	- Maximum: 3.340
	- Mean: 2.207
	- Minimum: 0.029
	- Standard deviation: 0.759

Population of 128 members in 3 species:
	 SID    age    size    fitness    adj fit    stag 
	=====  =====  ======  =========  =========  ======
	  2     37      37      0.244      0.255      11  
	  4     23      46      0.304      0.330      12  
	  5     20      45      0.405      0.325      0   

Generation time: 188.789 sec  (183.552 average)
Population 'novelty_repr_1' saved! Current generation: 38
Sample chosen: [197, 588, 332, 884, 461, 314, 560, 465, 870, 705, 965, 46, 703, 353, 993, 462]


********** Running generation 38 **********

Full population's fitness overview:
	-       best fitness: 0.35936
	-       mean fitness: 0.12029
	-      worst fitness: 0.00893
	- standard deviation: 0.07157
Best genome overview:
	- fitness: 0.35936
	- size (hid, conn): (3, 7)
	- genome id: 4595
	- belongs to specie: 5
Genetic distance:
	- Maximum: 3.424
	- Mean: 2.166
	- Minimum: 0.063
	- Standard deviation: 0.774

Population of 128 members in 3 species:
	 SID    age    size    fitness    adj fit    stag 
	=====  =====  ======  =========  =========  ======
	  2     38      40      0.280      0.318      12  
	  4     24      46      0.302      0.340      13  
	  5     21      42      0.359      0.294      1   

Generation time: 185.068 sec  (183.458 average)
Population 'novelty_repr_1' saved! Current generation: 39
Sample chosen: [828, 727, 553, 455, 900, 743, 533, 584, 387, 758, 219, 291, 419, 973, 94, 207]


********** Running generation 39 **********

Full population's fitness overview:
	-       best fitness: 0.30105
	-       mean fitness: 0.13249
	-      worst fitness: 0.03149
	- standard deviation: 0.05194
Best genome overview:
	- fitness: 0.30105
	- size (hid, conn): (4, 9)
	- genome id: 4823
	- belongs to specie: 5
Genetic distance:
	- Maximum: 3.509
	- Mean: 2.209
	- Minimum: 0.093
	- Standard deviation: 0.729

Population of 129 members in 3 species:
	 SID    age    size    fitness    adj fit    stag 
	=====  =====  ======  =========  =========  ======
	  2     39      38      0.210      0.306      13  
	  4     25      47      0.220      0.416      14  
	  5     22      44      0.301      0.395      2   

Generation time: 185.152 sec  (183.350 average)
Population 'novelty_repr_1' saved! Current generation: 40
Sample chosen: [495, 472, 847, 909, 444, 576, 764, 851, 736, 708, 783, 551, 49, 863, 138, 48]


********** Running generation 40 **********

Full population's fitness overview:
	-       best fitness: 0.31091
	-       mean fitness: 0.13117
	-      worst fitness: 0.00965
	- standard deviation: 0.07354
Best genome overview:
	- fitness: 0.31091
	- size (hid, conn): (3, 9)
	- genome id: 4964
	- belongs to specie: 5
Genetic distance:
	- Maximum: 3.389
	- Mean: 2.126
	- Minimum: 0.126
	- Standard deviation: 0.742

Population of 128 members in 3 species:
	 SID    age    size    fitness    adj fit    stag 
	=====  =====  ======  =========  =========  ======
	  2     40      39      0.294      0.386      14  
	  4     26      44      0.226      0.388      15  
	  5     23      45      0.311      0.435      3   

Generation time: 184.896 sec  (183.800 average)
Population 'novelty_repr_1' saved! Current generation: 41
Sample chosen: [180, 460, 5, 182, 435, 307, 815, 436, 132, 708, 261, 154, 265, 939, 799, 368]


********** Running generation 41 **********

Full population's fitness overview:
	-       best fitness: 0.40409
	-       mean fitness: 0.12331
	-      worst fitness: 0.01705
	- standard deviation: 0.06791
Best genome overview:
	- fitness: 0.40409
	- size (hid, conn): (4, 9)
	- genome id: 5059
	- belongs to specie: 5

Species 4 with 44 members is stagnated: removing it

Species 2 with 39 members is stagnated: removing it
Genetic distance:
	- Maximum: 1.787
	- Mean: 1.234
	- Minimum: 0.000
	- Standard deviation: 0.424

Population of 128 members in 1 species:
	 SID    age    size    fitness    adj fit    stag 
	=====  =====  ======  =========  =========  ======
	  5     24     128      0.404      0.310      4   

Generation time: 184.191 sec  (183.115 average)
Population 'novelty_repr_1' saved! Current generation: 42
Sample chosen: [782, 545, 463, 955, 743, 124, 787, 355, 757, 684, 669, 786, 671, 193, 892, 719]


********** Running generation 42 **********

Full population's fitness overview:
	-       best fitness: 0.34704
	-       mean fitness: 0.11836
	-      worst fitness: 0.00638
	- standard deviation: 0.06984
Best genome overview:
	- fitness: 0.34704
	- size (hid, conn): (4, 9)
	- genome id: 5196
	- belongs to specie: 5
Genetic distance:
	- Maximum: 2.186
	- Mean: 1.459
	- Minimum: 0.213
	- Standard deviation: 0.310

Population of 128 members in 1 species:
	 SID    age    size    fitness    adj fit    stag 
	=====  =====  ======  =========  =========  ======
	  5     25     128      0.347      0.329      5   

Generation time: 186.063 sec  (183.810 average)
Population 'novelty_repr_1' saved! Current generation: 43
Sample chosen: [815, 933, 280, 658, 478, 925, 788, 807, 174, 402, 693, 760, 598, 527, 835, 610]


********** Running generation 43 **********

Full population's fitness overview:
	-       best fitness: 0.31230
	-       mean fitness: 0.12155
	-      worst fitness: 0.01392
	- standard deviation: 0.06417
Best genome overview:
	- fitness: 0.31230
	- size (hid, conn): (3, 6)
	- genome id: 5338
	- belongs to specie: 5
Genetic distance:
	- Maximum: 2.031
	- Mean: 1.452
	- Minimum: 0.361
	- Standard deviation: 0.242

Population of 128 members in 1 species:
	 SID    age    size    fitness    adj fit    stag 
	=====  =====  ======  =========  =========  ======
	  5     26     128      0.312      0.361      6   

Generation time: 188.239 sec  (184.546 average)
Population 'novelty_repr_1' saved! Current generation: 44
Sample chosen: [241, 476, 219, 557, 345, 105, 762, 544, 649, 478, 708, 607, 540, 848, 23, 786]


********** Running generation 44 **********

Full population's fitness overview:
	-       best fitness: 0.36057
	-       mean fitness: 0.11332
	-      worst fitness: 0.01240
	- standard deviation: 0.07303
Best genome overview:
	- fitness: 0.36057
	- size (hid, conn): (4, 9)
	- genome id: 5418
	- belongs to specie: 5
Genetic distance:
	- Maximum: 2.017
	- Mean: 1.223
	- Minimum: 0.512
	- Standard deviation: 0.327

Population of 128 members in 1 species:
	 SID    age    size    fitness    adj fit    stag 
	=====  =====  ======  =========  =========  ======
	  5     27     128      0.361      0.290      7   

Generation time: 185.120 sec  (185.105 average)
Population 'novelty_repr_1' saved! Current generation: 45
Sample chosen: [473, 825, 344, 518, 909, 847, 963, 585, 222, 453, 528, 740, 200, 393, 783, 201]


********** Running generation 45 **********

Full population's fitness overview:
	-       best fitness: 0.36461
	-       mean fitness: 0.11911
	-      worst fitness: 0.00852
	- standard deviation: 0.07607
Best genome overview:
	- fitness: 0.36461
	- size (hid, conn): (4, 9)
	- genome id: 5418
	- belongs to specie: 5
Genetic distance:
	- Maximum: 2.047
	- Mean: 1.104
	- Minimum: 0.242
	- Standard deviation: 0.360

Population of 128 members in 1 species:
	 SID    age    size    fitness    adj fit    stag 
	=====  =====  ======  =========  =========  ======
	  5     28     128      0.365      0.311      8   

Generation time: 186.558 sec  (185.026 average)
Population 'novelty_repr_1' saved! Current generation: 46
Sample chosen: [482, 950, 628, 553, 273, 129, 557, 560, 45, 664, 179, 656, 959, 841, 146, 893]


********** Running generation 46 **********

Full population's fitness overview:
	-       best fitness: 0.32788
	-       mean fitness: 0.10907
	-      worst fitness: 0.01429
	- standard deviation: 0.06468
Best genome overview:
	- fitness: 0.32788
	- size (hid, conn): (4, 9)
	- genome id: 5684
	- belongs to specie: 5
Genetic distance:
	- Maximum: 1.976
	- Mean: 1.056
	- Minimum: 0.411
	- Standard deviation: 0.333

Population of 128 members in 1 species:
	 SID    age    size    fitness    adj fit    stag 
	=====  =====  ======  =========  =========  ======
	  5     29     128      0.328      0.302      9   

Generation time: 186.884 sec  (186.096 average)
Population 'novelty_repr_1' saved! Current generation: 47
Sample chosen: [289, 529, 348, 197, 916, 899, 720, 800, 866, 770, 620, 299, 640, 705, 519, 838]


********** Running generation 47 **********

Full population's fitness overview:
	-       best fitness: 0.35531
	-       mean fitness: 0.12126
	-      worst fitness: 0.01398
	- standard deviation: 0.07110
Best genome overview:
	- fitness: 0.35531
	- size (hid, conn): (4, 9)
	- genome id: 5418
	- belongs to specie: 5
Genetic distance:
	- Maximum: 1.862
	- Mean: 0.944
	- Minimum: 0.213
	- Standard deviation: 0.282

Population of 128 members in 1 species:
	 SID    age    size    fitness    adj fit    stag 
	=====  =====  ======  =========  =========  ======
	  5     30     128      0.355      0.314      10  

Generation time: 185.066 sec  (185.724 average)
Population 'novelty_repr_1' saved! Current generation: 48
Sample chosen: [752, 401, 528, 403, 302, 570, 246, 695, 479, 677, 821, 139, 300, 282, 600, 142]


********** Running generation 48 **********

Full population's fitness overview:
	-       best fitness: 0.39789
	-       mean fitness: 0.11418
	-      worst fitness: 0.01107
	- standard deviation: 0.06675
Best genome overview:
	- fitness: 0.39789
	- size (hid, conn): (4, 9)
	- genome id: 5684
	- belongs to specie: 5
Genetic distance:
	- Maximum: 1.762
	- Mean: 1.007
	- Minimum: 0.448
	- Standard deviation: 0.277

Population of 128 members in 1 species:
	 SID    age    size    fitness    adj fit    stag 
	=====  =====  ======  =========  =========  ======
	  5     31     128      0.398      0.267      11  

Generation time: 181.086 sec  (185.326 average)
Population 'novelty_repr_1' saved! Current generation: 49
Sample chosen: [907, 499, 31, 841, 612, 798, 117, 971, 704, 543, 747, 39, 140, 364, 24, 199]


********** Running generation 49 **********

Full population's fitness overview:
	-       best fitness: 0.37069
	-       mean fitness: 0.10699
	-      worst fitness: 0.00827
	- standard deviation: 0.07146
Best genome overview:
	- fitness: 0.37069
	- size (hid, conn): (4, 9)
	- genome id: 5684
	- belongs to specie: 5
Genetic distance:
	- Maximum: 1.906
	- Mean: 1.151
	- Minimum: 0.648
	- Standard deviation: 0.248

Population of 128 members in 1 species:
	 SID    age    size    fitness    adj fit    stag 
	=====  =====  ======  =========  =========  ======
	  5     32     128      0.371      0.272      12  

Generation time: 187.163 sec  (185.527 average)
Population 'novelty_repr_1' saved! Current generation: 50
Sample chosen: [29, 582, 757, 513, 36, 386, 442, 246, 652, 94, 870, 645, 996, 267, 223, 863]


********** Running generation 50 **********

Full population's fitness overview:
	-       best fitness: 0.28644
	-       mean fitness: 0.11220
	-      worst fitness: 0.00714
	- standard deviation: 0.06997
Best genome overview:
	- fitness: 0.28644
	- size (hid, conn): (4, 9)
	- genome id: 6216
	- belongs to specie: 5
Genetic distance:
	- Maximum: 1.701
	- Mean: 1.102
	- Minimum: 0.501
	- Standard deviation: 0.248

Population of 128 members in 1 species:
	 SID    age    size    fitness    adj fit    stag 
	=====  =====  ======  =========  =========  ======
	  5     33     128      0.286      0.376      13  

Generation time: 185.655 sec  (185.603 average)
Population 'novelty_repr_1' saved! Current generation: 51
Sample chosen: [397, 555, 205, 423, 35, 983, 377, 664, 104, 284, 294, 45, 345, 84, 338, 741]


********** Running generation 51 **********

Full population's fitness overview:
	-       best fitness: 0.36101
	-       mean fitness: 0.12826
	-      worst fitness: 0.01317
	- standard deviation: 0.06063
Best genome overview:
	- fitness: 0.36101
	- size (hid, conn): (5, 11)
	- genome id: 6291
	- belongs to specie: 5
Genetic distance:
	- Maximum: 1.823
	- Mean: 1.148
	- Minimum: 0.370
	- Standard deviation: 0.266

Population of 128 members in 1 species:
	 SID    age    size    fitness    adj fit    stag 
	=====  =====  ======  =========  =========  ======
	  5     34     128      0.361      0.331      14  

Generation time: 189.386 sec  (186.122 average)
Population 'novelty_repr_1' saved! Current generation: 52
Sample chosen: [716, 992, 539, 948, 269, 836, 954, 976, 788, 886, 534, 285, 144, 775, 150, 493]


********** Running generation 52 **********

Full population's fitness overview:
	-       best fitness: 0.35824
	-       mean fitness: 0.12222
	-      worst fitness: 0.01363
	- standard deviation: 0.06866
Best genome overview:
	- fitness: 0.35824
	- size (hid, conn): (6, 12)
	- genome id: 6397
	- belongs to specie: 5

Species 5 with 128 members is stagnated: removing it
All species are extinct.
Genetic distance:
	- Maximum: 2.731
	- Mean: 1.945
	- Minimum: 1.127
	- Standard deviation: 0.322

Population of 128 members in 2 species:
	 SID    age    size    fitness    adj fit    stag 
	=====  =====  ======  =========  =========  ======
	  6      0      96       --         --        0   
	  7      0      32       --         --        0   

Total extinctions: 1
Generation time: 185.716 sec  (186.087 average)
Population 'novelty_repr_1' saved! Current generation: 53
Sample chosen: [527, 946, 512, 707, 657, 403, 462, 32, 746, 940, 961, 672, 71, 380, 933, 866]


********** Running generation 53 **********

Full population's fitness overview:
	-       best fitness: 0.49297
	-       mean fitness: 0.05232
	-      worst fitness: 0.00000
	- standard deviation: 0.08483
Best genome overview:
	- fitness: 0.49297
	- size (hid, conn): (0, 8)
	- genome id: 6594
	- belongs to specie: 7
Genetic distance:
	- Maximum: 2.810
	- Mean: 1.882
	- Minimum: 0.014
	- Standard deviation: 0.391

Population of 128 members in 2 species:
	 SID    age    size    fitness    adj fit    stag 
	=====  =====  ======  =========  =========  ======
	  6      1      77      0.289      0.093      0   
	  7      1      51      0.493      0.147      0   

Total extinctions: 1
Generation time: 176.524 sec  (184.916 average)
Population 'novelty_repr_1' saved! Current generation: 54
Sample chosen: [334, 6, 99, 846, 799, 396, 638, 35, 283, 461, 162, 626, 924, 67, 925, 577]


********** Running generation 54 **********

Full population's fitness overview:
	-       best fitness: 0.44616
	-       mean fitness: 0.08171
	-      worst fitness: 0.00036
	- standard deviation: 0.08202
Best genome overview:
	- fitness: 0.44616
	- size (hid, conn): (0, 7)
	- genome id: 6701
	- belongs to specie: 6
Genetic distance:
	- Maximum: 2.755
	- Mean: 1.849
	- Minimum: 0.374
	- Standard deviation: 0.396

Population of 128 members in 2 species:
	 SID    age    size    fitness    adj fit    stag 
	=====  =====  ======  =========  =========  ======
	  6      2      60      0.446      0.179      0   
	  7      2      68      0.325      0.188      1   

Total extinctions: 1
Generation time: 178.047 sec  (184.208 average)
Population 'novelty_repr_1' saved! Current generation: 55
Sample chosen: [680, 548, 343, 172, 973, 61, 52, 70, 63, 948, 770, 287, 90, 314, 438, 465]


********** Running generation 55 **********

Full population's fitness overview:
	-       best fitness: 0.30071
	-       mean fitness: 0.09905
	-      worst fitness: 0.00210
	- standard deviation: 0.07543
Best genome overview:
	- fitness: 0.30071
	- size (hid, conn): (0, 8)
	- genome id: 6793
	- belongs to specie: 7
Genetic distance:
	- Maximum: 2.775
	- Mean: 1.658
	- Minimum: 0.189
	- Standard deviation: 0.472

Population of 128 members in 2 species:
	 SID    age    size    fitness    adj fit    stag 
	=====  =====  ======  =========  =========  ======
	  6      3      61      0.294      0.294      1   
	  7      3      67      0.301      0.352      2   

Total extinctions: 1
Generation time: 179.025 sec  (183.455 average)
Population 'novelty_repr_1' saved! Current generation: 56
Sample chosen: [183, 797, 141, 127, 547, 859, 421, 600, 32, 161, 937, 995, 557, 582, 4, 626]


********** Running generation 56 **********

Full population's fitness overview:
	-       best fitness: 0.32118
	-       mean fitness: 0.08728
	-      worst fitness: 0.00235
	- standard deviation: 0.06377
Best genome overview:
	- fitness: 0.32118
	- size (hid, conn): (0, 8)
	- genome id: 6938
	- belongs to specie: 7
Genetic distance:
	- Maximum: 2.289
	- Mean: 1.612
	- Minimum: 0.204
	- Standard deviation: 0.401

Population of 128 members in 2 species:
	 SID    age    size    fitness    adj fit    stag 
	=====  =====  ======  =========  =========  ======
	  6      4      56      0.221      0.226      2   
	  7      4      72      0.321      0.303      3   

Total extinctions: 1
Generation time: 180.922 sec  (182.859 average)
Population 'novelty_repr_1' saved! Current generation: 57
Sample chosen: [997, 779, 526, 36, 234, 759, 635, 217, 716, 700, 25, 726, 159, 451, 41, 495]


********** Running generation 57 **********

Full population's fitness overview:
	-       best fitness: 0.35005
	-       mean fitness: 0.12055
	-      worst fitness: 0.00121
	- standard deviation: 0.07940
Best genome overview:
	- fitness: 0.35005
	- size (hid, conn): (0, 6)
	- genome id: 6999
	- belongs to specie: 6
Genetic distance:
	- Maximum: 2.608
	- Mean: 1.519
	- Minimum: 0.225
	- Standard deviation: 0.408

Population of 128 members in 2 species:
	 SID    age    size    fitness    adj fit    stag 
	=====  =====  ======  =========  =========  ======
	  6      5      60      0.350      0.319      3   
	  7      5      68      0.337      0.360      4   

Total extinctions: 1
Generation time: 175.345 sec  (181.887 average)
Population 'novelty_repr_1' saved! Current generation: 58
Sample chosen: [390, 25, 272, 915, 87, 654, 58, 105, 35, 399, 456, 423, 550, 886, 111, 119]


********** Running generation 58 **********

Full population's fitness overview:
	-       best fitness: 0.30673
	-       mean fitness: 0.09486
	-      worst fitness: 0.00072
	- standard deviation: 0.06190
Best genome overview:
	- fitness: 0.30673
	- size (hid, conn): (0, 7)
	- genome id: 7148
	- belongs to specie: 6
Genetic distance:
	- Maximum: 2.301
	- Mean: 1.467
	- Minimum: 0.000
	- Standard deviation: 0.362

Population of 128 members in 2 species:
	 SID    age    size    fitness    adj fit    stag 
	=====  =====  ======  =========  =========  ======
	  6      6      52      0.307      0.277      4   
	  7      6      76      0.250      0.335      5   

Total extinctions: 1
Generation time: 180.583 sec  (181.836 average)
Population 'novelty_repr_1' saved! Current generation: 59
Sample chosen: [548, 357, 764, 191, 857, 972, 113, 317, 977, 761, 834, 726, 207, 41, 628, 186]


********** Running generation 59 **********

Full population's fitness overview:
	-       best fitness: 0.29955
	-       mean fitness: 0.09430
	-      worst fitness: 0.00445
	- standard deviation: 0.06380
Best genome overview:
	- fitness: 0.29955
	- size (hid, conn): (1, 11)
	- genome id: 7272
	- belongs to specie: 7
Genetic distance:
	- Maximum: 2.146
	- Mean: 1.443
	- Minimum: 0.185
	- Standard deviation: 0.338

Population of 128 members in 2 species:
	 SID    age    size    fitness    adj fit    stag 
	=====  =====  ======  =========  =========  ======
	  6      7      55      0.247      0.259      5   
	  7      7      73      0.300      0.335      6   

Total extinctions: 1
Generation time: 181.800 sec  (181.300 average)
Population 'novelty_repr_1' saved! Current generation: 60
Sample chosen: [49, 476, 823, 436, 737, 826, 682, 206, 719, 769, 815, 270, 165, 61, 620, 35]


********** Running generation 60 **********

Full population's fitness overview:
	-       best fitness: 0.29928
	-       mean fitness: 0.11283
	-      worst fitness: 0.00073
	- standard deviation: 0.06628
Best genome overview:
	- fitness: 0.29928
	- size (hid, conn): (0, 9)
	- genome id: 7457
	- belongs to specie: 7
Genetic distance:
	- Maximum: 2.102
	- Mean: 1.436
	- Minimum: 0.215
	- Standard deviation: 0.341

Population of 128 members in 2 species:
	 SID    age    size    fitness    adj fit    stag 
	=====  =====  ======  =========  =========  ======
	  6      8      34      0.231      0.350      6   
	  7      8      94      0.299      0.394      7   

Total extinctions: 1
Generation time: 178.653 sec  (180.600 average)
Population 'novelty_repr_1' saved! Current generation: 61
Sample chosen: [407, 759, 548, 27, 913, 676, 189, 372, 900, 308, 942, 753, 858, 520, 826, 402]


********** Running generation 61 **********

Full population's fitness overview:
	-       best fitness: 0.31895
	-       mean fitness: 0.10994
	-      worst fitness: 0.00199
	- standard deviation: 0.06404
Best genome overview:
	- fitness: 0.31895
	- size (hid, conn): (0, 8)
	- genome id: 7467
	- belongs to specie: 7
Genetic distance:
	- Maximum: 2.118
	- Mean: 1.339
	- Minimum: 0.078
	- Standard deviation: 0.446

Population of 128 members in 2 species:
	 SID    age    size    fitness    adj fit    stag 
	=====  =====  ======  =========  =========  ======
	  6      9      56      0.316      0.386      7   
	  7      9      72      0.319      0.324      8   

Total extinctions: 1
Generation time: 183.443 sec  (180.006 average)
Population 'novelty_repr_1' saved! Current generation: 62
Sample chosen: [175, 849, 337, 89, 696, 523, 758, 659, 147, 421, 630, 310, 150, 463, 271, 377]


********** Running generation 62 **********

Full population's fitness overview:
	-       best fitness: 0.30930
	-       mean fitness: 0.11213
	-      worst fitness: 0.00073
	- standard deviation: 0.06746
Best genome overview:
	- fitness: 0.30930
	- size (hid, conn): (0, 8)
	- genome id: 7467
	- belongs to specie: 7
Genetic distance:
	- Maximum: 2.098
	- Mean: 1.335
	- Minimum: 0.083
	- Standard deviation: 0.461

Population of 128 members in 2 species:
	 SID    age    size    fitness    adj fit    stag 
	=====  =====  ======  =========  =========  ======
	  6     10      56      0.275      0.320      8   
	  7     10      72      0.309      0.393      9   

Total extinctions: 1
Generation time: 181.658 sec  (179.600 average)
Population 'novelty_repr_1' saved! Current generation: 63
Sample chosen: [24, 772, 644, 798, 89, 917, 6, 358, 242, 647, 401, 217, 766, 298, 711, 703]


********** Running generation 63 **********

Full population's fitness overview:
	-       best fitness: 0.25954
	-       mean fitness: 0.10811
	-      worst fitness: 0.00135
	- standard deviation: 0.05796
Best genome overview:
	- fitness: 0.25954
	- size (hid, conn): (0, 6)
	- genome id: 7627
	- belongs to specie: 6
Genetic distance:
	- Maximum: 2.388
	- Mean: 1.430
	- Minimum: 0.280
	- Standard deviation: 0.473

Population of 128 members in 2 species:
	 SID    age    size    fitness    adj fit    stag 
	=====  =====  ======  =========  =========  ======
	  6     11      63      0.260      0.394      9   
	  7     11      65      0.258      0.429      10  

Total extinctions: 1
Generation time: 178.860 sec  (179.834 average)
Population 'novelty_repr_1' saved! Current generation: 64
Sample chosen: [71, 102, 380, 818, 364, 203, 178, 417, 439, 562, 721, 240, 548, 96, 991, 947]


********** Running generation 64 **********

Full population's fitness overview:
	-       best fitness: 0.33975
	-       mean fitness: 0.11968
	-      worst fitness: 0.00866
	- standard deviation: 0.05999
Best genome overview:
	- fitness: 0.33975
	- size (hid, conn): (0, 6)
	- genome id: 7848
	- belongs to specie: 7
Genetic distance:
	- Maximum: 2.354
	- Mean: 1.441
	- Minimum: 0.221
	- Standard deviation: 0.450

Population of 128 members in 2 species:
	 SID    age    size    fitness    adj fit    stag 
	=====  =====  ======  =========  =========  ======
	  6     12      58      0.262      0.311      10  
	  7     12      70      0.340      0.358      11  

Total extinctions: 1
Generation time: 175.143 sec  (179.543 average)
Population 'novelty_repr_1' saved! Current generation: 65
Sample chosen: [898, 981, 646, 784, 308, 87, 363, 581, 479, 80, 251, 949, 133, 999, 788, 657]


********** Running generation 65 **********

Full population's fitness overview:
	-       best fitness: 0.52452
	-       mean fitness: 0.11812
	-      worst fitness: 0.00557
	- standard deviation: 0.07107
Best genome overview:
	- fitness: 0.52452
	- size (hid, conn): (0, 6)
	- genome id: 7848
	- belongs to specie: 7
Genetic distance:
	- Maximum: 2.311
	- Mean: 1.480
	- Minimum: 0.181
	- Standard deviation: 0.428

Population of 128 members in 2 species:
	 SID    age    size    fitness    adj fit    stag 
	=====  =====  ======  =========  =========  ======
	  6     13      60      0.246      0.178      11  
	  7     13      68      0.525      0.249      0   

Total extinctions: 1
Generation time: 178.929 sec  (179.534 average)
Population 'novelty_repr_1' saved! Current generation: 66
Sample chosen: [591, 1, 836, 163, 433, 379, 537, 385, 577, 894, 664, 649, 117, 227, 956, 522]


********** Running generation 66 **********

Full population's fitness overview:
	-       best fitness: 0.47474
	-       mean fitness: 0.12477
	-      worst fitness: 0.00635
	- standard deviation: 0.08387
Best genome overview:
	- fitness: 0.47474
	- size (hid, conn): (0, 6)
	- genome id: 7848
	- belongs to specie: 7
Genetic distance:
	- Maximum: 2.578
	- Mean: 1.472
	- Minimum: 0.130
	- Standard deviation: 0.469

Population of 128 members in 2 species:
	 SID    age    size    fitness    adj fit    stag 
	=====  =====  ======  =========  =========  ======
	  6     14      59      0.322      0.228      12  
	  7     14      69      0.475      0.275      1   

Total extinctions: 1
Generation time: 178.831 sec  (179.324 average)
Population 'novelty_repr_1' saved! Current generation: 67
Sample chosen: [27, 486, 669, 685, 765, 776, 149, 1000, 393, 726, 572, 206, 361, 295, 414, 878]


********** Running generation 67 **********

Full population's fitness overview:
	-       best fitness: 0.40814
	-       mean fitness: 0.10763
	-      worst fitness: 0.00162
	- standard deviation: 0.07895
Best genome overview:
	- fitness: 0.40814
	- size (hid, conn): (0, 6)
	- genome id: 7848
	- belongs to specie: 7
Genetic distance:
	- Maximum: 2.567
	- Mean: 1.481
	- Minimum: 0.218
	- Standard deviation: 0.466

Population of 128 members in 2 species:
	 SID    age    size    fitness    adj fit    stag 
	=====  =====  ======  =========  =========  ======
	  6     15      55      0.223      0.207      13  
	  7     15      73      0.408      0.306      2   

Total extinctions: 1
Generation time: 179.696 sec  (179.760 average)
Population 'novelty_repr_1' saved! Current generation: 68
Sample chosen: [534, 209, 39, 457, 975, 642, 575, 829, 369, 364, 783, 240, 921, 690, 285, 475]


********** Running generation 68 **********

Full population's fitness overview:
	-       best fitness: 0.41133
	-       mean fitness: 0.11353
	-      worst fitness: 0.01066
	- standard deviation: 0.06343
Best genome overview:
	- fitness: 0.41133
	- size (hid, conn): (0, 6)
	- genome id: 7848
	- belongs to specie: 7
Genetic distance:
	- Maximum: 2.533
	- Mean: 1.527
	- Minimum: 0.300
	- Standard deviation: 0.463

Population of 128 members in 2 species:
	 SID    age    size    fitness    adj fit    stag 
	=====  =====  ======  =========  =========  ======
	  6     16      56      0.281      0.223      14  
	  7     16      72      0.411      0.282      3   

Total extinctions: 1
Generation time: 178.417 sec  (179.543 average)
Population 'novelty_repr_1' saved! Current generation: 69
Sample chosen: [654, 803, 412, 645, 821, 605, 21, 104, 27, 478, 139, 154, 690, 759, 889, 73]


********** Running generation 69 **********

Full population's fitness overview:
	-       best fitness: 0.38744
	-       mean fitness: 0.13064
	-      worst fitness: 0.00858
	- standard deviation: 0.06904
Best genome overview:
	- fitness: 0.38744
	- size (hid, conn): (1, 7)
	- genome id: 8529
	- belongs to specie: 7
Genetic distance:
	- Maximum: 2.454
	- Mean: 1.565
	- Minimum: 0.403
	- Standard deviation: 0.468

Population of 128 members in 2 species:
	 SID    age    size    fitness    adj fit    stag 
	=====  =====  ======  =========  =========  ======
	  6     17      56      0.321      0.282      15  
	  7     17      72      0.387      0.353      4   

Total extinctions: 1
Generation time: 178.534 sec  (179.216 average)
Population 'novelty_repr_1' saved! Current generation: 70
Sample chosen: [46, 151, 495, 563, 543, 266, 923, 577, 731, 746, 826, 780, 185, 636, 766, 739]


********** Running generation 70 **********

Full population's fitness overview:
	-       best fitness: 0.45546
	-       mean fitness: 0.10402
	-      worst fitness: 0.00739
	- standard deviation: 0.06692
Best genome overview:
	- fitness: 0.45546
	- size (hid, conn): (0, 5)
	- genome id: 8699
	- belongs to specie: 7
Genetic distance:
	- Maximum: 2.510
	- Mean: 1.485
	- Minimum: 0.167
	- Standard deviation: 0.540

Population of 128 members in 2 species:
	 SID    age    size    fitness    adj fit    stag 
	=====  =====  ======  =========  =========  ======
	  6     18      56      0.223      0.184      16  
	  7     18      72      0.455      0.241      5   

Total extinctions: 1
Generation time: 179.355 sec  (179.287 average)
Population 'novelty_repr_1' saved! Current generation: 71
Sample chosen: [629, 179, 428, 919, 65, 371, 461, 22, 440, 691, 23, 492, 206, 316, 640, 487]


********** Running generation 71 **********

Full population's fitness overview:
	-       best fitness: 0.41982
	-       mean fitness: 0.13172
	-      worst fitness: 0.00359
	- standard deviation: 0.07816
Best genome overview:
	- fitness: 0.41982
	- size (hid, conn): (0, 4)
	- genome id: 8785
	- belongs to specie: 7

Species 6 with 56 members is stagnated: removing it
Genetic distance:
	- Maximum: 1.705
	- Mean: 1.035
	- Minimum: 0.298
	- Standard deviation: 0.328

Population of 128 members in 1 species:
	 SID    age    size    fitness    adj fit    stag 
	=====  =====  ======  =========  =========  ======
	  7     19     128      0.420      0.337      6   

Total extinctions: 1
Generation time: 176.110 sec  (178.553 average)
Population 'novelty_repr_1' saved! Current generation: 72
Sample chosen: [243, 915, 750, 408, 907, 61, 409, 165, 878, 359, 364, 217, 224, 176, 334, 570]


********** Running generation 72 **********

Full population's fitness overview:
	-       best fitness: 0.32833
	-       mean fitness: 0.11999
	-      worst fitness: 0.01812
	- standard deviation: 0.06348
Best genome overview:
	- fitness: 0.32833
	- size (hid, conn): (0, 4)
	- genome id: 8785
	- belongs to specie: 7
Genetic distance:
	- Maximum: 1.837
	- Mean: 1.161
	- Minimum: 0.271
	- Standard deviation: 0.317

Population of 128 members in 1 species:
	 SID    age    size    fitness    adj fit    stag 
	=====  =====  ======  =========  =========  ======
	  7     20     128      0.328      0.328      7   

Total extinctions: 1
Generation time: 174.508 sec  (177.838 average)
Population 'novelty_repr_1' saved! Current generation: 73
Sample chosen: [281, 585, 699, 736, 615, 282, 375, 266, 610, 999, 768, 700, 952, 146, 964, 307]


********** Running generation 73 **********

Full population's fitness overview:
	-       best fitness: 0.34307
	-       mean fitness: 0.11652
	-      worst fitness: 0.01799
	- standard deviation: 0.06321
Best genome overview:
	- fitness: 0.34307
	- size (hid, conn): (0, 4)
	- genome id: 9024
	- belongs to specie: 7
Genetic distance:
	- Maximum: 1.763
	- Mean: 1.068
	- Minimum: 0.351
	- Standard deviation: 0.303

Population of 128 members in 1 species:
	 SID    age    size    fitness    adj fit    stag 
	=====  =====  ======  =========  =========  ======
	  7     21     128      0.343      0.303      8   

Total extinctions: 1
Generation time: 179.336 sec  (177.886 average)
Population 'novelty_repr_1' saved! Current generation: 74
Sample chosen: [982, 773, 759, 391, 671, 414, 913, 264, 124, 93, 853, 761, 874, 300, 543, 553]


********** Running generation 74 **********

Full population's fitness overview:
	-       best fitness: 0.38578
	-       mean fitness: 0.12313
	-      worst fitness: 0.01718
	- standard deviation: 0.05953
Best genome overview:
	- fitness: 0.38578
	- size (hid, conn): (0, 7)
	- genome id: 9099
	- belongs to specie: 7
Genetic distance:
	- Maximum: 1.830
	- Mean: 0.977
	- Minimum: 0.199
	- Standard deviation: 0.339

Population of 128 members in 1 species:
	 SID    age    size    fitness    adj fit    stag 
	=====  =====  ======  =========  =========  ======
	  7     22     128      0.386      0.287      9   

Total extinctions: 1
Generation time: 181.400 sec  (178.512 average)
Population 'novelty_repr_1' saved! Current generation: 75
Sample chosen: [705, 620, 699, 621, 235, 50, 142, 470, 59, 173, 192, 950, 771, 355, 448, 671]


********** Running generation 75 **********

Full population's fitness overview:
	-       best fitness: 0.35387
	-       mean fitness: 0.13032
	-      worst fitness: 0.00190
	- standard deviation: 0.07922
Best genome overview:
	- fitness: 0.35387
	- size (hid, conn): (0, 6)
	- genome id: 9227
	- belongs to specie: 7
Genetic distance:
	- Maximum: 1.948
	- Mean: 1.091
	- Minimum: 0.223
	- Standard deviation: 0.307

Population of 128 members in 1 species:
	 SID    age    size    fitness    adj fit    stag 
	=====  =====  ======  =========  =========  ======
	  7     23     128      0.354      0.365      10  

Total extinctions: 1
Generation time: 177.386 sec  (178.357 average)
Population 'novelty_repr_1' saved! Current generation: 76
Sample chosen: [613, 454, 34, 463, 277, 43, 7, 580, 626, 326, 758, 263, 618, 824, 731, 227]


********** Running generation 76 **********

Full population's fitness overview:
	-       best fitness: 0.36031
	-       mean fitness: 0.13135
	-      worst fitness: 0.01603
	- standard deviation: 0.07923
Best genome overview:
	- fitness: 0.36031
	- size (hid, conn): (0, 6)
	- genome id: 9227
	- belongs to specie: 7
Genetic distance:
	- Maximum: 2.131
	- Mean: 1.255
	- Minimum: 0.357
	- Standard deviation: 0.246

Population of 128 members in 1 species:
	 SID    age    size    fitness    adj fit    stag 
	=====  =====  ======  =========  =========  ======
	  7     24     128      0.360      0.335      11  

Total extinctions: 1
Generation time: 184.022 sec  (178.876 average)
Population 'novelty_repr_1' saved! Current generation: 77
Sample chosen: [363, 109, 462, 245, 393, 67, 166, 649, 263, 509, 506, 913, 357, 475, 350, 899]


********** Running generation 77 **********

Full population's fitness overview:
	-       best fitness: 0.34205
	-       mean fitness: 0.12856
	-      worst fitness: 0.00265
	- standard deviation: 0.06931
Best genome overview:
	- fitness: 0.34205
	- size (hid, conn): (1, 7)
	- genome id: 9547
	- belongs to specie: 7
Genetic distance:
	- Maximum: 1.779
	- Mean: 1.282
	- Minimum: 0.457
	- Standard deviation: 0.285

Population of 128 members in 1 species:
	 SID    age    size    fitness    adj fit    stag 
	=====  =====  ======  =========  =========  ======
	  7     25     128      0.342      0.371      12  

Total extinctions: 1
Generation time: 183.344 sec  (179.241 average)
Population 'novelty_repr_1' saved! Current generation: 78
Sample chosen: [475, 117, 928, 913, 279, 89, 853, 634, 721, 80, 135, 731, 744, 360, 864, 566]


********** Running generation 78 **********

Full population's fitness overview:
	-       best fitness: 0.34153
	-       mean fitness: 0.11912
	-      worst fitness: 0.00574
	- standard deviation: 0.06971
Best genome overview:
	- fitness: 0.34153
	- size (hid, conn): (2, 6)
	- genome id: 9573
	- belongs to specie: 7
Genetic distance:
	- Maximum: 1.784
	- Mean: 1.222
	- Minimum: 0.305
	- Standard deviation: 0.307

Population of 128 members in 1 species:
	 SID    age    size    fitness    adj fit    stag 
	=====  =====  ======  =========  =========  ======
	  7     26     128      0.342      0.338      13  

Total extinctions: 1
Generation time: 179.245 sec  (179.324 average)
Population 'novelty_repr_1' saved! Current generation: 79
Sample chosen: [123, 500, 531, 974, 242, 351, 797, 774, 678, 714, 142, 275, 356, 886, 466, 1]


********** Running generation 79 **********

Full population's fitness overview:
	-       best fitness: 0.34584
	-       mean fitness: 0.13111
	-      worst fitness: 0.00599
	- standard deviation: 0.07161
Best genome overview:
	- fitness: 0.34584
	- size (hid, conn): (1, 5)
	- genome id: 9729
	- belongs to specie: 7
Genetic distance:
	- Maximum: 1.711
	- Mean: 1.214
	- Minimum: 0.128
	- Standard deviation: 0.333

Population of 128 members in 1 species:
	 SID    age    size    fitness    adj fit    stag 
	=====  =====  ======  =========  =========  ======
	  7     27     128      0.346      0.368      14  

Total extinctions: 1
Generation time: 178.731 sec  (179.344 average)
Population 'novelty_repr_1' saved! Current generation: 80
Sample chosen: [234, 964, 604, 413, 959, 188, 209, 518, 818, 835, 651, 468, 564, 944, 923, 766]


********** Running generation 80 **********

Full population's fitness overview:
	-       best fitness: 0.28644
	-       mean fitness: 0.11821
	-      worst fitness: 0.00672
	- standard deviation: 0.06350
Best genome overview:
	- fitness: 0.28644
	- size (hid, conn): (0, 5)
	- genome id: 9853
	- belongs to specie: 7
Genetic distance:
	- Maximum: 1.780
	- Mean: 1.130
	- Minimum: 0.000
	- Standard deviation: 0.402

Population of 128 members in 1 species:
	 SID    age    size    fitness    adj fit    stag 
	=====  =====  ======  =========  =========  ======
	  7     28     128      0.286      0.399      15  

Total extinctions: 1
Generation time: 180.430 sec  (179.451 average)
Population 'novelty_repr_1' saved! Current generation: 81
Sample chosen: [977, 320, 583, 430, 360, 332, 589, 824, 354, 945, 384, 293, 782, 545, 809, 792]


********** Running generation 81 **********

Full population's fitness overview:
	-       best fitness: 0.38275
	-       mean fitness: 0.12328
	-      worst fitness: 0.01289
	- standard deviation: 0.06813
Best genome overview:
	- fitness: 0.38275
	- size (hid, conn): (1, 6)
	- genome id: 9937
	- belongs to specie: 7
Genetic distance:
	- Maximum: 1.676
	- Mean: 1.053
	- Minimum: 0.063
	- Standard deviation: 0.390

Population of 128 members in 1 species:
	 SID    age    size    fitness    adj fit    stag 
	=====  =====  ======  =========  =========  ======
	  7     29     128      0.383      0.298      16  

Total extinctions: 1
Generation time: 180.452 sec  (179.885 average)
Population 'novelty_repr_1' saved! Current generation: 82
Sample chosen: [205, 168, 870, 327, 851, 343, 998, 345, 855, 47, 563, 570, 490, 696, 628, 730]


********** Running generation 82 **********

Full population's fitness overview:
	-       best fitness: 0.36600
	-       mean fitness: 0.12793
	-      worst fitness: 0.01995
	- standard deviation: 0.06218
Best genome overview:
	- fitness: 0.36600
	- size (hid, conn): (4, 12)
	- genome id: 10159
	- belongs to specie: 7

Species 7 with 128 members is stagnated: removing it
All species are extinct.
Genetic distance:
	- Maximum: 2.760
	- Mean: 1.981
	- Minimum: 1.197
	- Standard deviation: 0.325

Population of 128 members in 2 species:
	 SID    age    size    fitness    adj fit    stag 
	=====  =====  ======  =========  =========  ======
	  8      0      70       --         --        0   
	  9      0      58       --         --        0   

Total extinctions: 2
Generation time: 178.415 sec  (180.276 average)
Population 'novelty_repr_1' saved! Current generation: 83
Sample chosen: [243, 496, 69, 246, 556, 441, 760, 79, 880, 536, 591, 678, 149, 812, 850, 820]


********** Running generation 83 **********

Full population's fitness overview:
	-       best fitness: 0.44173
	-       mean fitness: 0.05487
	-      worst fitness: 0.00000
	- standard deviation: 0.07323
Best genome overview:
	- fitness: 0.44173
	- size (hid, conn): (0, 8)
	- genome id: 10301
	- belongs to specie: 9
Genetic distance:
	- Maximum: 2.770
	- Mean: 1.943
	- Minimum: 0.176
	- Standard deviation: 0.366

Population of 128 members in 2 species:
	 SID    age    size    fitness    adj fit    stag 
	=====  =====  ======  =========  =========  ======
	  8      1      60      0.239      0.115      0   
	  9      1      68      0.442      0.136      0   

Total extinctions: 2
Generation time: 175.625 sec  (179.905 average)
Population 'novelty_repr_1' saved! Current generation: 84
Sample chosen: [301, 875, 465, 521, 44, 648, 617, 933, 748, 224, 879, 920, 658, 62, 968, 383]


********** Running generation 84 **********

Full population's fitness overview:
	-       best fitness: 0.40668
	-       mean fitness: 0.09906
	-      worst fitness: 0.00049
	- standard deviation: 0.07581
Best genome overview:
	- fitness: 0.40668
	- size (hid, conn): (1, 9)
	- genome id: 10365
	- belongs to specie: 9
Genetic distance:
	- Maximum: 2.916
	- Mean: 1.895
	- Minimum: 0.143
	- Standard deviation: 0.481

Population of 128 members in 2 species:
	 SID    age    size    fitness    adj fit    stag 
	=====  =====  ======  =========  =========  ======
	  8      2      67      0.346      0.228      0   
	  9      2      61      0.407      0.256      1   

Total extinctions: 2
Generation time: 174.513 sec  (179.216 average)
Population 'novelty_repr_1' saved! Current generation: 85
Sample chosen: [995, 994, 558, 164, 596, 738, 869, 512, 914, 734, 174, 114, 312, 633, 510, 53]


********** Running generation 85 **********

Full population's fitness overview:
	-       best fitness: 0.28964
	-       mean fitness: 0.10008
	-      worst fitness: 0.00422
	- standard deviation: 0.06823
Best genome overview:
	- fitness: 0.28964
	- size (hid, conn): (1, 9)
	- genome id: 10568
	- belongs to specie: 9
Genetic distance:
	- Maximum: 2.742
	- Mean: 1.888
	- Minimum: 0.773
	- Standard deviation: 0.363

Population of 128 members in 2 species:
	 SID    age    size    fitness    adj fit    stag 
	=====  =====  ======  =========  =========  ======
	  8      3      28      0.258      0.329      1   
	  9      3     100      0.290      0.344      2   

Total extinctions: 2
Generation time: 176.137 sec  (179.091 average)
Population 'novelty_repr_1' saved! Current generation: 86
Sample chosen: [514, 444, 885, 672, 362, 778, 154, 312, 543, 784, 195, 568, 5, 209, 977, 812]


********** Running generation 86 **********

Full population's fitness overview:
	-       best fitness: 0.28025
	-       mean fitness: 0.10514
	-      worst fitness: 0.00689
	- standard deviation: 0.06785
Best genome overview:
	- fitness: 0.28025
	- size (hid, conn): (0, 6)
	- genome id: 10617
	- belongs to specie: 8
Genetic distance:
	- Maximum: 2.465
	- Mean: 1.726
	- Minimum: 0.260
	- Standard deviation: 0.428

Population of 128 members in 2 species:
	 SID    age    size    fitness    adj fit    stag 
	=====  =====  ======  =========  =========  ======
	  8      4      91      0.280      0.380      2   
	  9      4      37      0.277      0.354      3   

Total extinctions: 2
Generation time: 179.743 sec  (178.663 average)
Population 'novelty_repr_1' saved! Current generation: 87
Sample chosen: [790, 614, 954, 987, 618, 894, 458, 257, 992, 285, 778, 4, 341, 460, 236, 547]


********** Running generation 87 **********

Full population's fitness overview:
	-       best fitness: 0.39690
	-       mean fitness: 0.11048
	-      worst fitness: 0.00332
	- standard deviation: 0.06402
Best genome overview:
	- fitness: 0.39690
	- size (hid, conn): (0, 10)
	- genome id: 10803
	- belongs to specie: 9
Genetic distance:
	- Maximum: 2.524
	- Mean: 1.659
	- Minimum: 0.000
	- Standard deviation: 0.486

Population of 128 members in 2 species:
	 SID    age    size    fitness    adj fit    stag 
	=====  =====  ======  =========  =========  ======
	  8      5      80      0.281      0.254      3   
	  9      5      48      0.397      0.316      4   

Total extinctions: 2
Generation time: 179.635 sec  (178.292 average)
Population 'novelty_repr_1' saved! Current generation: 88
Sample chosen: [56, 111, 519, 965, 481, 241, 534, 880, 566, 892, 351, 580, 364, 441, 379, 464]


********** Running generation 88 **********

Full population's fitness overview:
	-       best fitness: 0.33132
	-       mean fitness: 0.11058
	-      worst fitness: 0.00823
	- standard deviation: 0.06525
Best genome overview:
	- fitness: 0.33132
	- size (hid, conn): (0, 7)
	- genome id: 10742
	- belongs to specie: 9
Genetic distance:
	- Maximum: 2.688
	- Mean: 1.589
	- Minimum: 0.156
	- Standard deviation: 0.506

Population of 128 members in 2 species:
	 SID    age    size    fitness    adj fit    stag 
	=====  =====  ======  =========  =========  ======
	  8      6      65      0.323      0.274      4   
	  9      6      63      0.331      0.388      5   

Total extinctions: 2
Generation time: 178.755 sec  (178.243 average)
Population 'novelty_repr_1' saved! Current generation: 89
Sample chosen: [212, 850, 526, 441, 154, 635, 325, 896, 218, 736, 1000, 852, 489, 490, 17, 976]


********** Running generation 89 **********

Full population's fitness overview:
	-       best fitness: 0.35324
	-       mean fitness: 0.11126
	-      worst fitness: 0.01061
	- standard deviation: 0.05932
Best genome overview:
	- fitness: 0.35324
	- size (hid, conn): (0, 5)
	- genome id: 11087
	- belongs to specie: 9
Genetic distance:
	- Maximum: 2.562
	- Mean: 1.517
	- Minimum: 0.311
	- Standard deviation: 0.517

Population of 128 members in 2 species:
	 SID    age    size    fitness    adj fit    stag 
	=====  =====  ======  =========  =========  ======
	  8      7      55      0.267      0.239      5   
	  9      7      73      0.353      0.351      6   

Total extinctions: 2
Generation time: 177.121 sec  (178.082 average)
Population 'novelty_repr_1' saved! Current generation: 90
Sample chosen: [57, 262, 225, 43, 367, 261, 64, 707, 286, 191, 874, 862, 650, 815, 529, 857]


********** Running generation 90 **********

Full population's fitness overview:
	-       best fitness: 0.37670
	-       mean fitness: 0.11040
	-      worst fitness: 0.01313
	- standard deviation: 0.06933
Best genome overview:
	- fitness: 0.37670
	- size (hid, conn): (0, 5)
	- genome id: 11087
	- belongs to specie: 9
Genetic distance:
	- Maximum: 2.517
	- Mean: 1.458
	- Minimum: 0.040
	- Standard deviation: 0.542

Population of 128 members in 2 species:
	 SID    age    size    fitness    adj fit    stag 
	=====  =====  ======  =========  =========  ======
	  8      8      55      0.222      0.229      6   
	  9      8      73      0.377      0.297      7   

Total extinctions: 2
Generation time: 182.870 sec  (178.327 average)
Population 'novelty_repr_1' saved! Current generation: 91
Sample chosen: [342, 406, 578, 608, 443, 848, 897, 435, 812, 595, 982, 419, 415, 344, 289, 272]


********** Running generation 91 **********

Full population's fitness overview:
	-       best fitness: 0.34194
	-       mean fitness: 0.11737
	-      worst fitness: 0.01778
	- standard deviation: 0.06606
Best genome overview:
	- fitness: 0.34194
	- size (hid, conn): (0, 3)
	- genome id: 11249
	- belongs to specie: 8
Genetic distance:
	- Maximum: 2.566
	- Mean: 1.357
	- Minimum: 0.125
	- Standard deviation: 0.564

Population of 128 members in 2 species:
	 SID    age    size    fitness    adj fit    stag 
	=====  =====  ======  =========  =========  ======
	  8      9      59      0.342      0.325      7   
	  9      9      69      0.337      0.294      8   

Total extinctions: 2
Generation time: 177.354 sec  (178.017 average)
Population 'novelty_repr_1' saved! Current generation: 92
Sample chosen: [221, 635, 597, 188, 340, 925, 936, 655, 514, 883, 608, 511, 107, 534, 733, 414]


********** Running generation 92 **********

Full population's fitness overview:
	-       best fitness: 0.30252
	-       mean fitness: 0.12094
	-      worst fitness: 0.01148
	- standard deviation: 0.06513
Best genome overview:
	- fitness: 0.30252
	- size (hid, conn): (0, 4)
	- genome id: 11329
	- belongs to specie: 9
Genetic distance:
	- Maximum: 2.604
	- Mean: 1.373
	- Minimum: 0.076
	- Standard deviation: 0.551

Population of 128 members in 2 species:
	 SID    age    size    fitness    adj fit    stag 
	=====  =====  ======  =========  =========  ======
	  8     10      58      0.298      0.353      8   
	  9     10      70      0.303      0.396      9   

Total extinctions: 2
Generation time: 180.333 sec  (178.208 average)
Population 'novelty_repr_1' saved! Current generation: 93
Sample chosen: [624, 942, 239, 464, 507, 950, 871, 744, 561, 34, 854, 970, 486, 417, 47, 194]


********** Running generation 93 **********

Full population's fitness overview:
	-       best fitness: 0.43928
	-       mean fitness: 0.12711
	-      worst fitness: 0.01955
	- standard deviation: 0.06653
Best genome overview:
	- fitness: 0.43928
	- size (hid, conn): (0, 6)
	- genome id: 11235
	- belongs to specie: 8
Genetic distance:
	- Maximum: 2.638
	- Mean: 1.426
	- Minimum: 0.102
	- Standard deviation: 0.569

Population of 128 members in 2 species:
	 SID    age    size    fitness    adj fit    stag 
	=====  =====  ======  =========  =========  ======
	  8     11      58      0.439      0.235      0   
	  9     11      70      0.312      0.274      10  

Total extinctions: 2
Generation time: 181.942 sec  (178.840 average)
Population 'novelty_repr_1' saved! Current generation: 94
Sample chosen: [85, 864, 145, 265, 598, 409, 492, 697, 571, 832, 354, 419, 931, 666, 209, 418]


********** Running generation 94 **********

Full population's fitness overview:
	-       best fitness: 0.36894
	-       mean fitness: 0.14573
	-      worst fitness: 0.02739
	- standard deviation: 0.07185
Best genome overview:
	- fitness: 0.36894
	- size (hid, conn): (1, 11)
	- genome id: 11627
	- belongs to specie: 9
Genetic distance:
	- Maximum: 2.642
	- Mean: 1.481
	- Minimum: 0.000
	- Standard deviation: 0.626

Population of 128 members in 2 species:
	 SID    age    size    fitness    adj fit    stag 
	=====  =====  ======  =========  =========  ======
	  8     12      59      0.363      0.323      1   
	  9     12      69      0.369      0.366      11  

Total extinctions: 2
Generation time: 180.408 sec  (179.430 average)
Population 'novelty_repr_1' saved! Current generation: 95
Sample chosen: [416, 752, 907, 917, 609, 509, 419, 222, 988, 535, 896, 638, 555, 873, 154, 472]


********** Running generation 95 **********

Full population's fitness overview:
	-       best fitness: 0.38245
	-       mean fitness: 0.11488
	-      worst fitness: 0.00780
	- standard deviation: 0.07425
Best genome overview:
	- fitness: 0.38245
	- size (hid, conn): (0, 6)
	- genome id: 11757
	- belongs to specie: 8
Genetic distance:
	- Maximum: 2.724
	- Mean: 1.509
	- Minimum: 0.058
	- Standard deviation: 0.658

Population of 128 members in 2 species:
	 SID    age    size    fitness    adj fit    stag 
	=====  =====  ======  =========  =========  ======
	  8     13      59      0.382      0.264      2   
	  9     13      69      0.313      0.304      12  

Total extinctions: 2
Generation time: 180.788 sec  (179.895 average)
Population 'novelty_repr_1' saved! Current generation: 96
Sample chosen: [293, 487, 516, 375, 152, 721, 99, 698, 938, 465, 59, 789, 174, 922, 904, 330]


********** Running generation 96 **********

Full population's fitness overview:
	-       best fitness: 0.40158
	-       mean fitness: 0.13281
	-      worst fitness: 0.01704
	- standard deviation: 0.07919
Best genome overview:
	- fitness: 0.40158
	- size (hid, conn): (0, 4)
	- genome id: 11932
	- belongs to specie: 8
Genetic distance:
	- Maximum: 2.761
	- Mean: 1.568
	- Minimum: 0.093
	- Standard deviation: 0.604

Population of 128 members in 2 species:
	 SID    age    size    fitness    adj fit    stag 
	=====  =====  ======  =========  =========  ======
	  8     14      60      0.402      0.286      3   
	  9     14      68      0.391      0.314      13  

Total extinctions: 2
Generation time: 178.474 sec  (179.768 average)
Population 'novelty_repr_1' saved! Current generation: 97
Sample chosen: [846, 456, 246, 459, 690, 667, 927, 722, 692, 620, 513, 319, 819, 74, 324, 274]


********** Running generation 97 **********

Full population's fitness overview:
	-       best fitness: 0.44098
	-       mean fitness: 0.13064
	-      worst fitness: 0.03500
	- standard deviation: 0.06505
Best genome overview:
	- fitness: 0.44098
	- size (hid, conn): (0, 5)
	- genome id: 11958
	- belongs to specie: 8
Genetic distance:
	- Maximum: 2.761
	- Mean: 1.605
	- Minimum: 0.242
	- Standard deviation: 0.598

Population of 128 members in 2 species:
	 SID    age    size    fitness    adj fit    stag 
	=====  =====  ======  =========  =========  ======
	  8     15      61      0.441      0.226      0   
	  9     15      67      0.337      0.244      14  

Total extinctions: 2
Generation time: 187.705 sec  (180.575 average)
Population 'novelty_repr_1' saved! Current generation: 98
Sample chosen: [423, 276, 505, 513, 414, 333, 246, 489, 197, 151, 687, 110, 122, 278, 317, 742]


********** Running generation 98 **********

Full population's fitness overview:
	-       best fitness: 0.43497
	-       mean fitness: 0.12824
	-      worst fitness: 0.01680
	- standard deviation: 0.06961
Best genome overview:
	- fitness: 0.43497
	- size (hid, conn): (1, 10)
	- genome id: 12118
	- belongs to specie: 9
Genetic distance:
	- Maximum: 2.746
	- Mean: 1.652
	- Minimum: 0.384
	- Standard deviation: 0.568

Population of 128 members in 2 species:
	 SID    age    size    fitness    adj fit    stag 
	=====  =====  ======  =========  =========  ======
	  8     16      64      0.316      0.280      1   
	  9     16      64      0.435      0.255      15  

Total extinctions: 2
Generation time: 182.807 sec  (180.980 average)
Population 'novelty_repr_1' saved! Current generation: 99
Sample chosen: [405, 96, 94, 951, 766, 159, 737, 902, 567, 288, 420, 606, 654, 160, 352, 113]


********** Running generation 99 **********

Full population's fitness overview:
	-       best fitness: 0.41739
	-       mean fitness: 0.13017
	-      worst fitness: 0.02031
	- standard deviation: 0.06187
Best genome overview:
	- fitness: 0.41739
	- size (hid, conn): (0, 5)
	- genome id: 12239
	- belongs to specie: 8
Genetic distance:
	- Maximum: 2.722
	- Mean: 1.606
	- Minimum: 0.000
	- Standard deviation: 0.652

Population of 128 members in 2 species:
	 SID    age    size    fitness    adj fit    stag 
	=====  =====  ======  =========  =========  ======
	  8     17      62      0.417      0.261      2   
	  9     17      66      0.263      0.292      16  

Total extinctions: 2
Generation time: 175.742 sec  (180.842 average)
Population 'novelty_repr_1' saved! Current generation: 100

===> CREATING BLUEPRINTS <===

Creating blueprints for games: [1, 2, 3, 4, 5]

===> CREATING TRACES <===

Creating traces for games: [1, 2, 3, 4, 5]
