Population 'distance_repr_3' saved! Current generation: 0

===> RUNNING FOR THE FOLLOWING CONFIGURATION: <===
	> fitness: distance
	> gru_enabled: False
	> sexual_reproduction: True
	> Saving under folder: NEAT
	> Train: True (100 iterations)
	> Create blueprints: True
	> Create traces: True


===> TRAINING <===

Sample chosen: [462, 977, 821, 130, 646, 211, 475, 543, 710, 227, 482, 553, 858, 485, 281, 74]

********** Running generation 0 **********

Full population's fitness overview:
	-       best fitness: 0.29750
	-       mean fitness: 0.11210
	-      worst fitness: 0.06463
	- standard deviation: 0.05695
Best genome overview:
	- fitness: 0.29750
	- size (hid, conn): (0, 16)
	- genome id: 38
	- belongs to specie: 1
Genetic distance:
	- Maximum: 2.881
	- Mean: 1.862
	- Minimum: 0.000
	- Standard deviation: 0.416

Population of 128 members in 4 species:
	 SID    age    size    fitness    adj fit    stag 
	=====  =====  ======  =========  =========  ======
	  1      0      46      0.297      0.182      0   
	  2      0      35      0.265      0.250      0   
	  3      0      31      0.201      0.131      0   
	  4      0      16      0.280      0.251      0   

Generation time: 190.510 sec
Population 'distance_repr_3' saved! Current generation: 1
Sample chosen: [224, 307, 366, 153, 776, 975, 555, 404, 748, 338, 930, 538, 588, 669, 598, 959]

********** Running generation 1 **********

Full population's fitness overview:
	-       best fitness: 0.27079
	-       mean fitness: 0.12215
	-      worst fitness: 0.03427
	- standard deviation: 0.05246
Best genome overview:
	- fitness: 0.27079
	- size (hid, conn): (0, 16)
	- genome id: 73
	- belongs to specie: 2
Genetic distance:
	- Maximum: 2.925
	- Mean: 1.765
	- Minimum: 0.012
	- Standard deviation: 0.423

Population of 128 members in 4 species:
	 SID    age    size    fitness    adj fit    stag 
	=====  =====  ======  =========  =========  ======
	  1      1      42      0.233      0.335      1   
	  2      1      27      0.271      0.414      0   
	  3      1      36      0.203      0.354      0   
	  4      1      23      0.183      0.418      1   

Generation time: 198.624 sec  (194.567 average)
Population 'distance_repr_3' saved! Current generation: 2
Sample chosen: [544, 294, 366, 285, 142, 253, 385, 494, 665, 109, 143, 44, 581, 987, 258, 830]

********** Running generation 2 **********

Full population's fitness overview:
	-       best fitness: 0.29948
	-       mean fitness: 0.22057
	-      worst fitness: 0.07227
	- standard deviation: 0.05541
Best genome overview:
	- fitness: 0.29948
	- size (hid, conn): (0, 16)
	- genome id: 73
	- belongs to specie: 2
Genetic distance:
	- Maximum: 2.617
	- Mean: 1.610
	- Minimum: 0.000
	- Standard deviation: 0.498

Population of 126 members in 4 species:
	 SID    age    size    fitness    adj fit    stag 
	=====  =====  ======  =========  =========  ======
	  1      2      27      0.295      0.689      2   
	  2      2      25      0.299      0.597      0   
	  3      2      33      0.277      0.686      0   
	  4      2      41      0.251      0.601      2   

Generation time: 203.715 sec  (197.616 average)
Population 'distance_repr_3' saved! Current generation: 3
Sample chosen: [916, 557, 991, 395, 884, 994, 422, 25, 196, 600, 358, 287, 103, 460, 150, 648]

********** Running generation 3 **********

Full population's fitness overview:
	-       best fitness: 0.28179
	-       mean fitness: 0.14034
	-      worst fitness: 0.03459
	- standard deviation: 0.05596
Best genome overview:
	- fitness: 0.28179
	- size (hid, conn): (0, 16)
	- genome id: 73
	- belongs to specie: 2
Genetic distance:
	- Maximum: 2.565
	- Mean: 1.408
	- Minimum: 0.000
	- Standard deviation: 0.587

Population of 127 members in 4 species:
	 SID    age    size    fitness    adj fit    stag 
	=====  =====  ======  =========  =========  ======
	  1      3      32      0.261      0.485      3   
	  2      3      24      0.282      0.399      1   
	  3      3      33      0.198      0.441      1   
	  4      3      38      0.215      0.398      3   

Generation time: 198.818 sec  (197.917 average)
Population 'distance_repr_3' saved! Current generation: 4
Sample chosen: [136, 739, 304, 202, 324, 158, 498, 466, 44, 792, 94, 471, 413, 21, 616, 140]

********** Running generation 4 **********

Full population's fitness overview:
	-       best fitness: 0.30318
	-       mean fitness: 0.17383
	-      worst fitness: 0.06573
	- standard deviation: 0.06376
Best genome overview:
	- fitness: 0.30318
	- size (hid, conn): (0, 14)
	- genome id: 491
	- belongs to specie: 1
Genetic distance:
	- Maximum: 2.574
	- Mean: 1.391
	- Minimum: 0.000
	- Standard deviation: 0.607

Population of 128 members in 4 species:
	 SID    age    size    fitness    adj fit    stag 
	=====  =====  ======  =========  =========  ======
	  1      4      32      0.303      0.521      0   
	  2      4      24      0.284      0.325      2   
	  3      4      37      0.272      0.506      2   
	  4      4      35      0.269      0.438      4   

Generation time: 200.863 sec  (198.506 average)
Population 'distance_repr_3' saved! Current generation: 5
Sample chosen: [184, 480, 829, 408, 314, 432, 4, 70, 413, 206, 823, 407, 279, 330, 919, 757]

********** Running generation 5 **********

Full population's fitness overview:
	-       best fitness: 0.31514
	-       mean fitness: 0.21171
	-      worst fitness: 0.06333
	- standard deviation: 0.06217
Best genome overview:
	- fitness: 0.31514
	- size (hid, conn): (0, 15)
	- genome id: 372
	- belongs to specie: 2
Genetic distance:
	- Maximum: 2.613
	- Mean: 1.410
	- Minimum: 0.000
	- Standard deviation: 0.578

Population of 128 members in 4 species:
	 SID    age    size    fitness    adj fit    stag 
	=====  =====  ======  =========  =========  ======
	  1      5      35      0.266      0.687      1   
	  2      5      19      0.315      0.355      0   
	  3      5      36      0.293      0.630      0   
	  4      5      38      0.300      0.617      0   

Generation time: 201.322 sec  (198.975 average)
Population 'distance_repr_3' saved! Current generation: 6
Sample chosen: [691, 274, 647, 668, 710, 296, 921, 390, 756, 495, 575, 582, 181, 294, 187, 302]

********** Running generation 6 **********

Full population's fitness overview:
	-       best fitness: 0.37322
	-       mean fitness: 0.23208
	-      worst fitness: 0.05804
	- standard deviation: 0.07700
Best genome overview:
	- fitness: 0.37322
	- size (hid, conn): (0, 15)
	- genome id: 696
	- belongs to specie: 2
Genetic distance:
	- Maximum: 2.609
	- Mean: 1.484
	- Minimum: 0.000
	- Standard deviation: 0.566

Population of 128 members in 4 species:
	 SID    age    size    fitness    adj fit    stag 
	=====  =====  ======  =========  =========  ======
	  1      6      44      0.352      0.680      0   
	  2      6      20      0.373      0.456      0   
	  3      6      31      0.329      0.555      0   
	  4      6      33      0.334      0.480      0   

Generation time: 204.086 sec  (199.705 average)
Population 'distance_repr_3' saved! Current generation: 7
Sample chosen: [258, 337, 542, 240, 163, 225, 694, 428, 892, 902, 866, 119, 831, 737, 533, 429]

********** Running generation 7 **********

Full population's fitness overview:
	-       best fitness: 0.31829
	-       mean fitness: 0.21559
	-      worst fitness: 0.07237
	- standard deviation: 0.06279
Best genome overview:
	- fitness: 0.31829
	- size (hid, conn): (0, 15)
	- genome id: 822
	- belongs to specie: 2
Genetic distance:
	- Maximum: 2.527
	- Mean: 1.479
	- Minimum: 0.000
	- Standard deviation: 0.544

Population of 127 members in 4 species:
	 SID    age    size    fitness    adj fit    stag 
	=====  =====  ======  =========  =========  ======
	  1      7      41      0.303      0.671      1   
	  2      7      20      0.318      0.475      1   
	  3      7      36      0.269      0.641      1   
	  4      7      30      0.278      0.475      1   

Generation time: 207.995 sec  (200.742 average)
Population 'distance_repr_3' saved! Current generation: 8
Sample chosen: [103, 137, 479, 982, 768, 946, 253, 707, 646, 726, 134, 902, 445, 676, 656, 339]

********** Running generation 8 **********

Full population's fitness overview:
	-       best fitness: 0.29420
	-       mean fitness: 0.13642
	-      worst fitness: 0.03016
	- standard deviation: 0.05840
Best genome overview:
	- fitness: 0.29420
	- size (hid, conn): (0, 15)
	- genome id: 822
	- belongs to specie: 2
Genetic distance:
	- Maximum: 2.324
	- Mean: 1.522
	- Minimum: 0.000
	- Standard deviation: 0.485

Population of 128 members in 4 species:
	 SID    age    size    fitness    adj fit    stag 
	=====  =====  ======  =========  =========  ======
	  1      8      37      0.217      0.403      2   
	  2      8      24      0.294      0.417      2   
	  3      8      38      0.218      0.434      2   
	  4      8      29      0.250      0.353      2   

Generation time: 200.892 sec  (200.758 average)
Population 'distance_repr_3' saved! Current generation: 9
Sample chosen: [227, 765, 565, 595, 572, 125, 756, 943, 197, 256, 957, 435, 731, 708, 101, 647]

********** Running generation 9 **********

Full population's fitness overview:
	-       best fitness: 0.25073
	-       mean fitness: 0.13326
	-      worst fitness: 0.03662
	- standard deviation: 0.04512
Best genome overview:
	- fitness: 0.25073
	- size (hid, conn): (0, 13)
	- genome id: 1132
	- belongs to specie: 1
Genetic distance:
	- Maximum: 2.268
	- Mean: 1.470
	- Minimum: 0.000
	- Standard deviation: 0.519

Population of 128 members in 4 species:
	 SID    age    size    fitness    adj fit    stag 
	=====  =====  ======  =========  =========  ======
	  1      9      36      0.251      0.496      3   
	  2      9      23      0.186      0.359      3   
	  3      9      38      0.161      0.468      3   
	  4      9      31      0.210      0.450      3   

Generation time: 207.846 sec  (201.467 average)
Population 'distance_repr_3' saved! Current generation: 10
Sample chosen: [415, 853, 762, 780, 47, 363, 868, 614, 963, 88, 356, 979, 500, 461, 840, 255]

********** Running generation 10 **********

Full population's fitness overview:
	-       best fitness: 0.38043
	-       mean fitness: 0.18700
	-      worst fitness: 0.05075
	- standard deviation: 0.06426
Best genome overview:
	- fitness: 0.38043
	- size (hid, conn): (0, 15)
	- genome id: 1218
	- belongs to specie: 2
Genetic distance:
	- Maximum: 2.486
	- Mean: 1.459
	- Minimum: 0.000
	- Standard deviation: 0.572

Population of 128 members in 5 species:
	 SID    age    size    fitness    adj fit    stag 
	=====  =====  ======  =========  =========  ======
	  1     10      43      0.311      0.449      4   
	  2     10      9       0.380      0.433      0   
	  3     10      17      0.275      0.402      4   
	  4     10      31      0.327      0.371      4   
	  5      0      28       --         --        0   

Generation time: 208.210 sec  (203.237 average)
Population 'distance_repr_3' saved! Current generation: 11
Sample chosen: [183, 652, 148, 49, 644, 216, 858, 675, 524, 733, 434, 343, 94, 393, 451, 12]

********** Running generation 11 **********

Full population's fitness overview:
	-       best fitness: 0.37265
	-       mean fitness: 0.23289
	-      worst fitness: 0.08379
	- standard deviation: 0.07116
Best genome overview:
	- fitness: 0.37265
	- size (hid, conn): (1, 16)
	- genome id: 1282
	- belongs to specie: 2
Genetic distance:
	- Maximum: 2.870
	- Mean: 1.542
	- Minimum: 0.000
	- Standard deviation: 0.633

Population of 128 members in 5 species:
	 SID    age    size    fitness    adj fit    stag 
	=====  =====  ======  =========  =========  ======
	  1     11      37      0.326      0.599      5   
	  2     11      17      0.373      0.475      1   
	  3     11      16      0.347      0.421      0   
	  4     11      27      0.341      0.435      0   
	  5      1      31      0.310      0.549      0   

Generation time: 210.117 sec  (204.386 average)
Population 'distance_repr_3' saved! Current generation: 12
Sample chosen: [592, 928, 470, 438, 263, 752, 243, 320, 996, 216, 349, 774, 300, 70, 525, 547]

********** Running generation 12 **********

Full population's fitness overview:
	-       best fitness: 0.36498
	-       mean fitness: 0.19092
	-      worst fitness: 0.06542
	- standard deviation: 0.06800
Best genome overview:
	- fitness: 0.36498
	- size (hid, conn): (0, 13)
	- genome id: 1459
	- belongs to specie: 1
Genetic distance:
	- Maximum: 2.891
	- Mean: 1.508
	- Minimum: 0.000
	- Standard deviation: 0.641

Population of 128 members in 5 species:
	 SID    age    size    fitness    adj fit    stag 
	=====  =====  ======  =========  =========  ======
	  1     12      33      0.365      0.544      0   
	  2     12      21      0.244      0.296      2   
	  3     12      17      0.287      0.368      1   
	  4     12      25      0.291      0.345      1   
	  5      2      32      0.242      0.428      1   

Generation time: 208.804 sec  (204.895 average)
Population 'distance_repr_3' saved! Current generation: 13
Sample chosen: [963, 545, 178, 333, 920, 680, 408, 712, 330, 612, 482, 938, 986, 174, 697, 445]

********** Running generation 13 **********

Full population's fitness overview:
	-       best fitness: 0.28019
	-       mean fitness: 0.15444
	-      worst fitness: 0.03401
	- standard deviation: 0.05828
Best genome overview:
	- fitness: 0.28019
	- size (hid, conn): (0, 15)
	- genome id: 1218
	- belongs to specie: 3
Genetic distance:
	- Maximum: 2.954
	- Mean: 1.485
	- Minimum: 0.000
	- Standard deviation: 0.643

Population of 126 members in 5 species:
	 SID    age    size    fitness    adj fit    stag 
	=====  =====  ======  =========  =========  ======
	  1     13      31      0.213      0.548      1   
	  2     13      19      0.264      0.441      3   
	  3     13      22      0.280      0.521      2   
	  4     13      24      0.267      0.419      2   
	  5      3      30      0.198      0.498      2   

Generation time: 207.128 sec  (205.726 average)
Population 'distance_repr_3' saved! Current generation: 14
Sample chosen: [671, 207, 862, 534, 256, 167, 673, 299, 455, 913, 690, 909, 623, 236, 301, 691]

********** Running generation 14 **********

Full population's fitness overview:
	-       best fitness: 0.37327
	-       mean fitness: 0.21549
	-      worst fitness: 0.07038
	- standard deviation: 0.07610
Best genome overview:
	- fitness: 0.37327
	- size (hid, conn): (1, 16)
	- genome id: 1596
	- belongs to specie: 3
Genetic distance:
	- Maximum: 2.738
	- Mean: 1.512
	- Minimum: 0.015
	- Standard deviation: 0.630

Population of 126 members in 5 species:
	 SID    age    size    fitness    adj fit    stag 
	=====  =====  ======  =========  =========  ======
	  1     14      32      0.373      0.621      0   
	  2     14      5       0.345      0.458      4   
	  3     14      36      0.373      0.410      0   
	  4     14      23      0.316      0.389      3   
	  5      4      30      0.301      0.468      3   

Generation time: 201.506 sec  (205.791 average)
Population 'distance_repr_3' saved! Current generation: 15
Sample chosen: [769, 761, 316, 541, 941, 997, 866, 977, 9, 754, 315, 286, 204, 758, 547, 727]

********** Running generation 15 **********

Full population's fitness overview:
	-       best fitness: 0.43340
	-       mean fitness: 0.25983
	-      worst fitness: 0.06352
	- standard deviation: 0.10292
Best genome overview:
	- fitness: 0.43340
	- size (hid, conn): (1, 15)
	- genome id: 1783
	- belongs to specie: 4
Genetic distance:
	- Maximum: 2.762
	- Mean: 1.529
	- Minimum: 0.000
	- Standard deviation: 0.629

Population of 127 members in 5 species:
	 SID    age    size    fitness    adj fit    stag 
	=====  =====  ======  =========  =========  ======
	  1     15      33      0.371      0.715      1   
	  2     15      27      0.357      0.501      5   
	  3     15      15      0.395      0.367      0   
	  4     15      19      0.433      0.438      0   
	  5      5      33      0.353      0.607      0   

Generation time: 200.704 sec  (205.729 average)
Population 'distance_repr_3' saved! Current generation: 16
Sample chosen: [750, 789, 243, 416, 883, 238, 844, 622, 547, 400, 313, 330, 42, 51, 364, 57]

********** Running generation 16 **********

Full population's fitness overview:
	-       best fitness: 0.50201
	-       mean fitness: 0.22075
	-      worst fitness: 0.04936
	- standard deviation: 0.11477
Best genome overview:
	- fitness: 0.50201
	- size (hid, conn): (1, 15)
	- genome id: 1820
	- belongs to specie: 4
Genetic distance:
	- Maximum: 2.832
	- Mean: 1.518
	- Minimum: 0.000
	- Standard deviation: 0.666

Population of 127 members in 5 species:
	 SID    age    size    fitness    adj fit    stag 
	=====  =====  ======  =========  =========  ======
	  1     16      33      0.358      0.474      2   
	  2     16      29      0.386      0.347      0   
	  3     16      13      0.382      0.287      1   
	  4     16      22      0.502      0.450      0   
	  5      6      30      0.323      0.310      1   

Generation time: 200.982 sec  (205.419 average)
Population 'distance_repr_3' saved! Current generation: 17
Sample chosen: [115, 484, 156, 31, 601, 96, 3, 367, 144, 800, 813, 873, 290, 257, 107, 574]

********** Running generation 17 **********

Full population's fitness overview:
	-       best fitness: 0.40352
	-       mean fitness: 0.19100
	-      worst fitness: 0.06691
	- standard deviation: 0.08053
Best genome overview:
	- fitness: 0.40352
	- size (hid, conn): (1, 15)
	- genome id: 1820
	- belongs to specie: 4
Genetic distance:
	- Maximum: 2.696
	- Mean: 1.501
	- Minimum: 0.000
	- Standard deviation: 0.687

Population of 128 members in 5 species:
	 SID    age    size    fitness    adj fit    stag 
	=====  =====  ======  =========  =========  ======
	  1     17      36      0.368      0.506      3   
	  2     17      10      0.288      0.232      1   
	  3     17      28      0.251      0.240      2   
	  4     17      25      0.404      0.458      1   
	  5      7      29      0.217      0.340      2   

Generation time: 198.313 sec  (204.450 average)
Population 'distance_repr_3' saved! Current generation: 18
Sample chosen: [820, 646, 367, 618, 955, 151, 8, 158, 515, 383, 207, 963, 810, 425, 828, 97]

********** Running generation 18 **********

Full population's fitness overview:
	-       best fitness: 0.50260
	-       mean fitness: 0.29723
	-      worst fitness: 0.05635
	- standard deviation: 0.12048
Best genome overview:
	- fitness: 0.50260
	- size (hid, conn): (1, 16)
	- genome id: 1828
	- belongs to specie: 4
Genetic distance:
	- Maximum: 2.783
	- Mean: 1.532
	- Minimum: 0.000
	- Standard deviation: 0.690

Population of 127 members in 5 species:
	 SID    age    size    fitness    adj fit    stag 
	=====  =====  ======  =========  =========  ======
	  1     18      33      0.413      0.603      0   
	  2     18      13      0.391      0.289      0   
	  3     18      24      0.439      0.422      0   
	  4     18      26      0.503      0.647      0   
	  5      8      31      0.382      0.568      0   

Generation time: 198.126 sec  (204.174 average)
Population 'distance_repr_3' saved! Current generation: 19
Sample chosen: [98, 474, 223, 30, 165, 792, 160, 192, 744, 627, 830, 57, 226, 915, 71, 926]

********** Running generation 19 **********

Full population's fitness overview:
	-       best fitness: 0.53099
	-       mean fitness: 0.27521
	-      worst fitness: 0.05374
	- standard deviation: 0.10061
Best genome overview:
	- fitness: 0.53099
	- size (hid, conn): (0, 12)
	- genome id: 2160
	- belongs to specie: 4
Genetic distance:
	- Maximum: 2.667
	- Mean: 1.462
	- Minimum: 0.000
	- Standard deviation: 0.718

Population of 128 members in 5 species:
	 SID    age    size    fitness    adj fit    stag 
	=====  =====  ======  =========  =========  ======
	  1     19      30      0.347      0.493      1   
	  2     19      18      0.445      0.415      0   
	  3     19      24      0.419      0.424      1   
	  4     19      26      0.531      0.561      0   
	  5      9      30      0.311      0.404      1   

Generation time: 202.921 sec  (203.681 average)
Population 'distance_repr_3' saved! Current generation: 20
Sample chosen: [249, 478, 32, 907, 196, 125, 241, 723, 20, 784, 745, 760, 23, 605, 267, 383]

********** Running generation 20 **********

Full population's fitness overview:
	-       best fitness: 0.49250
	-       mean fitness: 0.22489
	-      worst fitness: 0.04847
	- standard deviation: 0.10491
Best genome overview:
	- fitness: 0.49250
	- size (hid, conn): (0, 14)
	- genome id: 2256
	- belongs to specie: 4
Genetic distance:
	- Maximum: 2.680
	- Mean: 1.437
	- Minimum: 0.000
	- Standard deviation: 0.722

Population of 129 members in 5 species:
	 SID    age    size    fitness    adj fit    stag 
	=====  =====  ======  =========  =========  ======
	  1     20      29      0.317      0.421      2   
	  2     20      18      0.374      0.270      1   
	  3     20      23      0.426      0.326      2   
	  4     20      29      0.493      0.568      1   
	  5     10      30      0.241      0.358      2   

Generation time: 204.802 sec  (203.340 average)
Population 'distance_repr_3' saved! Current generation: 21
Sample chosen: [497, 218, 432, 536, 418, 896, 386, 549, 479, 830, 77, 886, 46, 227, 909, 182]

********** Running generation 21 **********

Full population's fitness overview:
	-       best fitness: 0.34430
	-       mean fitness: 0.14327
	-      worst fitness: 0.03691
	- standard deviation: 0.06163
Best genome overview:
	- fitness: 0.34430
	- size (hid, conn): (0, 14)
	- genome id: 2377
	- belongs to specie: 4
Genetic distance:
	- Maximum: 2.779
	- Mean: 1.418
	- Minimum: 0.000
	- Standard deviation: 0.721

Population of 127 members in 5 species:
	 SID    age    size    fitness    adj fit    stag 
	=====  =====  ======  =========  =========  ======
	  1     21      29      0.215      0.372      3   
	  2     21      19      0.217      0.270      2   
	  3     21      24      0.213      0.338      3   
	  4     21      28      0.344      0.444      2   
	  5     11      27      0.151      0.278      3   

Generation time: 206.869 sec  (203.015 average)
Population 'distance_repr_3' saved! Current generation: 22
Sample chosen: [773, 799, 274, 439, 518, 997, 641, 968, 696, 398, 170, 680, 927, 35, 92, 241]

********** Running generation 22 **********

Full population's fitness overview:
	-       best fitness: 0.39879
	-       mean fitness: 0.21524
	-      worst fitness: 0.03593
	- standard deviation: 0.10625
Best genome overview:
	- fitness: 0.39879
	- size (hid, conn): (0, 13)
	- genome id: 2478
	- belongs to specie: 4
Genetic distance:
	- Maximum: 2.605
	- Mean: 1.423
	- Minimum: 0.000
	- Standard deviation: 0.742

Population of 124 members in 5 species:
	 SID    age    size    fitness    adj fit    stag 
	=====  =====  ======  =========  =========  ======
	  1     22      27      0.309      0.496      4   
	  2     22      22      0.352      0.491      3   
	  3     22      26      0.378      0.525      4   
	  4     22      26      0.399      0.582      3   
	  5     12      23      0.261      0.376      4   

Generation time: 201.456 sec  (202.281 average)
Population 'distance_repr_3' saved! Current generation: 23
Sample chosen: [505, 20, 491, 608, 10, 133, 884, 51, 86, 841, 9, 709, 176, 647, 533, 454]

********** Running generation 23 **********

Full population's fitness overview:
	-       best fitness: 0.56390
	-       mean fitness: 0.19241
	-      worst fitness: 0.05150
	- standard deviation: 0.09374
Best genome overview:
	- fitness: 0.56390
	- size (hid, conn): (0, 13)
	- genome id: 2478
	- belongs to specie: 4
Genetic distance:
	- Maximum: 2.657
	- Mean: 1.433
	- Minimum: 0.000
	- Standard deviation: 0.747

Population of 130 members in 5 species:
	 SID    age    size    fitness    adj fit    stag 
	=====  =====  ======  =========  =========  ======
	  1     23      29      0.300      0.309      5   
	  2     23      23      0.349      0.236      4   
	  3     23      27      0.335      0.286      5   
	  4     23      26      0.564      0.325      0   
	  5     13      25      0.230      0.205      5   

Generation time: 197.660 sec  (201.334 average)
Population 'distance_repr_3' saved! Current generation: 24
Sample chosen: [77, 721, 474, 187, 59, 899, 991, 829, 765, 172, 216, 191, 999, 132, 399, 290]

********** Running generation 24 **********

Full population's fitness overview:
	-       best fitness: 0.45595
	-       mean fitness: 0.20712
	-      worst fitness: 0.04184
	- standard deviation: 0.08841
Best genome overview:
	- fitness: 0.45595
	- size (hid, conn): (0, 14)
	- genome id: 2599
	- belongs to specie: 4
Genetic distance:
	- Maximum: 2.652
	- Mean: 1.535
	- Minimum: 0.038
	- Standard deviation: 0.734

Population of 128 members in 5 species:
	 SID    age    size    fitness    adj fit    stag 
	=====  =====  ======  =========  =========  ======
	  1     24      30      0.313      0.486      6   
	  2     24      22      0.275      0.306      5   
	  3     24      22      0.315      0.285      6   
	  4     24      27      0.456      0.511      1   
	  5     14      27      0.334      0.390      6   

Generation time: 211.656 sec  (202.349 average)
Population 'distance_repr_3' saved! Current generation: 25
Sample chosen: [257, 802, 789, 703, 699, 486, 173, 28, 252, 553, 455, 753, 546, 8, 736, 352]

********** Running generation 25 **********

Full population's fitness overview:
	-       best fitness: 0.43298
	-       mean fitness: 0.22430
	-      worst fitness: 0.03895
	- standard deviation: 0.10511
Best genome overview:
	- fitness: 0.43298
	- size (hid, conn): (1, 17)
	- genome id: 2887
	- belongs to specie: 1
Genetic distance:
	- Maximum: 2.549
	- Mean: 1.505
	- Minimum: 0.000
	- Standard deviation: 0.711

Population of 127 members in 5 species:
	 SID    age    size    fitness    adj fit    stag 
	=====  =====  ======  =========  =========  ======
	  1     25      29      0.433      0.628      0   
	  2     25      26      0.395      0.449      6   
	  3     25      22      0.352      0.415      7   
	  4     25      28      0.423      0.508      2   
	  5     15      22      0.254      0.320      7   

Generation time: 207.132 sec  (202.992 average)
Population 'distance_repr_3' saved! Current generation: 26
Sample chosen: [569, 217, 838, 147, 505, 143, 409, 42, 852, 769, 620, 177, 27, 919, 996, 492]

********** Running generation 26 **********

Full population's fitness overview:
	-       best fitness: 0.61523
	-       mean fitness: 0.22875
	-      worst fitness: 0.06514
	- standard deviation: 0.09949
Best genome overview:
	- fitness: 0.61523
	- size (hid, conn): (0, 14)
	- genome id: 2942
	- belongs to specie: 4
Genetic distance:
	- Maximum: 2.681
	- Mean: 1.477
	- Minimum: 0.000
	- Standard deviation: 0.718

Population of 128 members in 5 species:
	 SID    age    size    fitness    adj fit    stag 
	=====  =====  ======  =========  =========  ======
	  1     26      30      0.386      0.342      1   
	  2     26      24      0.284      0.231      7   
	  3     26      20      0.350      0.221      8   
	  4     26      29      0.615      0.411      0   
	  5     16      25      0.278      0.249      8   

Generation time: 203.014 sec  (203.195 average)
Population 'distance_repr_3' saved! Current generation: 27
Sample chosen: [473, 166, 607, 453, 750, 426, 59, 592, 361, 210, 716, 341, 347, 192, 967, 710]

********** Running generation 27 **********

Full population's fitness overview:
	-       best fitness: 0.48661
	-       mean fitness: 0.23738
	-      worst fitness: 0.05070
	- standard deviation: 0.10986
Best genome overview:
	- fitness: 0.48661
	- size (hid, conn): (0, 15)
	- genome id: 3024
	- belongs to specie: 4
Genetic distance:
	- Maximum: 2.689
	- Mean: 1.569
	- Minimum: 0.000
	- Standard deviation: 0.716

Population of 127 members in 5 species:
	 SID    age    size    fitness    adj fit    stag 
	=====  =====  ======  =========  =========  ======
	  1     27      30      0.337      0.473      2   
	  2     27      23      0.376      0.363      8   
	  3     27      20      0.327      0.335      9   
	  4     27      30      0.487      0.589      1   
	  5     17      24      0.312      0.326      9   

Generation time: 204.719 sec  (203.835 average)
Population 'distance_repr_3' saved! Current generation: 28
Sample chosen: [35, 72, 28, 287, 105, 718, 248, 151, 242, 301, 931, 524, 702, 349, 243, 646]

********** Running generation 28 **********

Full population's fitness overview:
	-       best fitness: 0.54067
	-       mean fitness: 0.23995
	-      worst fitness: 0.03587
	- standard deviation: 0.11608
Best genome overview:
	- fitness: 0.54067
	- size (hid, conn): (0, 13)
	- genome id: 2960
	- belongs to specie: 4
Genetic distance:
	- Maximum: 2.662
	- Mean: 1.528
	- Minimum: 0.000
	- Standard deviation: 0.733

Population of 126 members in 5 species:
	 SID    age    size    fitness    adj fit    stag 
	=====  =====  ======  =========  =========  ======
	  1     28      28      0.345      0.404      3   
	  2     28      20      0.352      0.326      9   
	  3     28      25      0.424      0.388      10  
	  4     28      29      0.541      0.528      2   
	  5     18      24      0.358      0.339      10  

Generation time: 199.193 sec  (203.942 average)
Population 'distance_repr_3' saved! Current generation: 29
Sample chosen: [838, 855, 547, 831, 930, 687, 767, 857, 834, 711, 59, 553, 163, 969, 502, 263]

********** Running generation 29 **********

Full population's fitness overview:
	-       best fitness: 0.57482
	-       mean fitness: 0.29138
	-      worst fitness: 0.07258
	- standard deviation: 0.12658
Best genome overview:
	- fitness: 0.57482
	- size (hid, conn): (0, 13)
	- genome id: 3247
	- belongs to specie: 4
Genetic distance:
	- Maximum: 2.870
	- Mean: 1.625
	- Minimum: 0.000
	- Standard deviation: 0.728

Population of 127 members in 5 species:
	 SID    age    size    fitness    adj fit    stag 
	=====  =====  ======  =========  =========  ======
	  1     29      35      0.467      0.578      0   
	  2     29      19      0.396      0.291      10  
	  3     29      23      0.387      0.343      11  
	  4     29      29      0.575      0.586      3   
	  5     19      21      0.343      0.306      11  

Generation time: 200.493 sec  (203.699 average)
Population 'distance_repr_3' saved! Current generation: 30
Sample chosen: [310, 475, 994, 231, 688, 595, 277, 199, 94, 735, 827, 913, 922, 208, 499, 290]

********** Running generation 30 **********

Full population's fitness overview:
	-       best fitness: 0.47669
	-       mean fitness: 0.26660
	-      worst fitness: 0.06441
	- standard deviation: 0.11309
Best genome overview:
	- fitness: 0.47669
	- size (hid, conn): (0, 13)
	- genome id: 2908
	- belongs to specie: 2
Genetic distance:
	- Maximum: 2.910
	- Mean: 1.581
	- Minimum: 0.000
	- Standard deviation: 0.754

Population of 126 members in 5 species:
	 SID    age    size    fitness    adj fit    stag 
	=====  =====  ======  =========  =========  ======
	  1     30      33      0.398      0.579      1   
	  2     30      20      0.477      0.493      0   
	  3     30      20      0.438      0.332      12  
	  4     30      29      0.458      0.535      4   
	  5     20      24      0.418      0.453      0   

Generation time: 200.686 sec  (203.288 average)
Population 'distance_repr_3' saved! Current generation: 31
Sample chosen: [137, 644, 455, 749, 847, 538, 944, 154, 990, 370, 542, 364, 150, 867, 898, 619]

********** Running generation 31 **********

Full population's fitness overview:
	-       best fitness: 0.53767
	-       mean fitness: 0.23854
	-      worst fitness: 0.05011
	- standard deviation: 0.11344
Best genome overview:
	- fitness: 0.53767
	- size (hid, conn): (1, 15)
	- genome id: 3367
	- belongs to specie: 4
Genetic distance:
	- Maximum: 2.818
	- Mean: 1.595
	- Minimum: 0.000
	- Standard deviation: 0.765

Population of 127 members in 5 species:
	 SID    age    size    fitness    adj fit    stag 
	=====  =====  ======  =========  =========  ======
	  1     31      39      0.389      0.523      2   
	  2     31      18      0.377      0.265      1   
	  3     31      22      0.393      0.325      13  
	  4     31      27      0.538      0.452      5   
	  5     21      21      0.241      0.272      1   

Generation time: 196.016 sec  (202.203 average)
Population 'distance_repr_3' saved! Current generation: 32
Sample chosen: [830, 443, 643, 748, 89, 869, 513, 150, 986, 313, 797, 281, 838, 187, 532, 922]

********** Running generation 32 **********

Full population's fitness overview:
	-       best fitness: 0.51199
	-       mean fitness: 0.23517
	-      worst fitness: 0.06352
	- standard deviation: 0.09859
Best genome overview:
	- fitness: 0.51199
	- size (hid, conn): (1, 15)
	- genome id: 3367
	- belongs to specie: 4
Genetic distance:
	- Maximum: 2.714
	- Mean: 1.528
	- Minimum: 0.000
	- Standard deviation: 0.745

Population of 128 members in 5 species:
	 SID    age    size    fitness    adj fit    stag 
	=====  =====  ======  =========  =========  ======
	  1     32      38      0.412      0.522      3   
	  2     32      19      0.320      0.249      2   
	  3     32      21      0.390      0.296      14  
	  4     32      24      0.512      0.369      6   
	  5     22      26      0.293      0.348      2   

Generation time: 201.499 sec  (202.207 average)
Population 'distance_repr_3' saved! Current generation: 33
Sample chosen: [868, 433, 164, 128, 361, 805, 233, 502, 653, 592, 341, 716, 87, 169, 473, 711]

********** Running generation 33 **********

Full population's fitness overview:
	-       best fitness: 0.63146
	-       mean fitness: 0.21823
	-      worst fitness: 0.03620
	- standard deviation: 0.11392
Best genome overview:
	- fitness: 0.63146
	- size (hid, conn): (0, 13)
	- genome id: 3247
	- belongs to specie: 4
Genetic distance:
	- Maximum: 2.825
	- Mean: 1.603
	- Minimum: 0.000
	- Standard deviation: 0.761

Population of 128 members in 5 species:
	 SID    age    size    fitness    adj fit    stag 
	=====  =====  ======  =========  =========  ======
	  1     33      34      0.336      0.341      4   
	  2     33      20      0.360      0.255      3   
	  3     33      24      0.406      0.315      15  
	  4     33      25      0.631      0.388      0   
	  5     23      25      0.254      0.207      3   

Generation time: 204.165 sec  (202.857 average)
Population 'distance_repr_3' saved! Current generation: 34
Sample chosen: [279, 468, 156, 326, 532, 818, 496, 336, 945, 329, 659, 864, 997, 958, 795, 950]

********** Running generation 34 **********

Full population's fitness overview:
	-       best fitness: 0.41372
	-       mean fitness: 0.21049
	-      worst fitness: 0.06184
	- standard deviation: 0.08512
Best genome overview:
	- fitness: 0.41372
	- size (hid, conn): (0, 13)
	- genome id: 3247
	- belongs to specie: 4
Genetic distance:
	- Maximum: 2.763
	- Mean: 1.571
	- Minimum: 0.000
	- Standard deviation: 0.748

Population of 126 members in 5 species:
	 SID    age    size    fitness    adj fit    stag 
	=====  =====  ======  =========  =========  ======
	  1     34      34      0.384      0.544      5   
	  2     34      19      0.374      0.297      4   
	  3     34      24      0.269      0.377      16  
	  4     34      23      0.414      0.434      1   
	  5     24      26      0.293      0.390      4   

Generation time: 205.081 sec  (202.200 average)
Population 'distance_repr_3' saved! Current generation: 35
Sample chosen: [64, 112, 432, 377, 971, 848, 767, 268, 294, 421, 830, 441, 151, 470, 528, 157]

********** Running generation 35 **********

Full population's fitness overview:
	-       best fitness: 0.47471
	-       mean fitness: 0.23042
	-      worst fitness: 0.05424
	- standard deviation: 0.10186
Best genome overview:
	- fitness: 0.47471
	- size (hid, conn): (0, 13)
	- genome id: 3247
	- belongs to specie: 4

Species 3 with 24 members is stagnated (fitness: 0.3469188023559071): removing it
Genetic distance:
	- Maximum: 2.903
	- Mean: 1.636
	- Minimum: 0.000
	- Standard deviation: 0.745

Population of 128 members in 4 species:
	 SID    age    size    fitness    adj fit    stag 
	=====  =====  ======  =========  =========  ======
	  1     35      40      0.375      0.510      6   
	  2     35      31      0.408      0.399      5   
	  4     35      29      0.475      0.461      2   
	  5     25      28      0.276      0.315      5   

Generation time: 200.524 sec  (201.539 average)
Population 'distance_repr_3' saved! Current generation: 36
Sample chosen: [837, 489, 746, 895, 22, 331, 845, 204, 596, 792, 645, 962, 432, 84, 44, 54]

********** Running generation 36 **********

Full population's fitness overview:
	-       best fitness: 0.45653
	-       mean fitness: 0.23375
	-      worst fitness: 0.04914
	- standard deviation: 0.09970
Best genome overview:
	- fitness: 0.45653
	- size (hid, conn): (0, 13)
	- genome id: 4035
	- belongs to specie: 4
Genetic distance:
	- Maximum: 2.942
	- Mean: 1.629
	- Minimum: 0.014
	- Standard deviation: 0.756

Population of 128 members in 4 species:
	 SID    age    size    fitness    adj fit    stag 
	=====  =====  ======  =========  =========  ======
	  1     36      38      0.372      0.496      7   
	  2     36      30      0.375      0.394      6   
	  4     36      29      0.457      0.483      3   
	  5     26      31      0.361      0.426      6   

Generation time: 201.529 sec  (201.391 average)
Population 'distance_repr_3' saved! Current generation: 37
Sample chosen: [377, 910, 50, 784, 873, 608, 677, 131, 531, 683, 816, 282, 206, 393, 214, 638]

********** Running generation 37 **********

Full population's fitness overview:
	-       best fitness: 0.65581
	-       mean fitness: 0.30688
	-      worst fitness: 0.05818
	- standard deviation: 0.14684
Best genome overview:
	- fitness: 0.65581
	- size (hid, conn): (0, 13)
	- genome id: 4135
	- belongs to specie: 4
Genetic distance:
	- Maximum: 2.836
	- Mean: 1.609
	- Minimum: 0.000
	- Standard deviation: 0.757

Population of 126 members in 4 species:
	 SID    age    size    fitness    adj fit    stag 
	=====  =====  ======  =========  =========  ======
	  1     37      36      0.497      0.448      0   
	  2     37      31      0.497      0.406      0   
	  4     37      30      0.656      0.471      0   
	  5     27      29      0.352      0.336      7   

Generation time: 194.658 sec  (200.384 average)
Population 'distance_repr_3' saved! Current generation: 38
Sample chosen: [908, 248, 97, 871, 885, 445, 151, 951, 630, 340, 235, 997, 544, 95, 993, 998]

********** Running generation 38 **********

Full population's fitness overview:
	-       best fitness: 0.46171
	-       mean fitness: 0.22986
	-      worst fitness: 0.05516
	- standard deviation: 0.10568
Best genome overview:
	- fitness: 0.46171
	- size (hid, conn): (0, 13)
	- genome id: 4135
	- belongs to specie: 4
Genetic distance:
	- Maximum: 2.672
	- Mean: 1.553
	- Minimum: 0.000
	- Standard deviation: 0.734

Population of 126 members in 4 species:
	 SID    age    size    fitness    adj fit    stag 
	=====  =====  ======  =========  =========  ======
	  1     38      38      0.374      0.536      1   
	  2     38      27      0.310      0.309      1   
	  4     38      31      0.462      0.507      1   
	  5     28      30      0.344      0.347      8   

Generation time: 198.937 sec  (200.359 average)
Population 'distance_repr_3' saved! Current generation: 39
Sample chosen: [215, 50, 335, 918, 328, 429, 164, 520, 46, 354, 880, 30, 440, 657, 75, 179]

********** Running generation 39 **********

Full population's fitness overview:
	-       best fitness: 0.56432
	-       mean fitness: 0.31715
	-      worst fitness: 0.07670
	- standard deviation: 0.11703
Best genome overview:
	- fitness: 0.56432
	- size (hid, conn): (0, 13)
	- genome id: 4135
	- belongs to specie: 4
Genetic distance:
	- Maximum: 2.884
	- Mean: 1.598
	- Minimum: 0.000
	- Standard deviation: 0.737

Population of 126 members in 4 species:
	 SID    age    size    fitness    adj fit    stag 
	=====  =====  ======  =========  =========  ======
	  1     39      38      0.467      0.572      2   
	  2     39      27      0.405      0.351      2   
	  4     39      32      0.564      0.581      2   
	  5     29      29      0.382      0.430      9   

Generation time: 196.898 sec  (199.999 average)
Population 'distance_repr_3' saved! Current generation: 40
Sample chosen: [985, 162, 995, 303, 348, 939, 925, 528, 77, 285, 125, 9, 437, 767, 869, 8]

********** Running generation 40 **********

Full population's fitness overview:
	-       best fitness: 0.42983
	-       mean fitness: 0.21645
	-      worst fitness: 0.07270
	- standard deviation: 0.08954
Best genome overview:
	- fitness: 0.42983
	- size (hid, conn): (0, 12)
	- genome id: 4473
	- belongs to specie: 4
Genetic distance:
	- Maximum: 2.830
	- Mean: 1.620
	- Minimum: 0.000
	- Standard deviation: 0.719

Population of 127 members in 4 species:
	 SID    age    size    fitness    adj fit    stag 
	=====  =====  ======  =========  =========  ======
	  1     40      41      0.383      0.534      3   
	  2     40      26      0.315      0.309      3   
	  4     40      29      0.430      0.386      3   
	  5     30      31      0.269      0.335      10  

Generation time: 196.477 sec  (199.578 average)
Population 'distance_repr_3' saved! Current generation: 41
Sample chosen: [442, 497, 873, 128, 729, 993, 278, 164, 234, 939, 962, 719, 418, 850, 663, 851]

********** Running generation 41 **********

Full population's fitness overview:
	-       best fitness: 0.61337
	-       mean fitness: 0.30268
	-      worst fitness: 0.06385
	- standard deviation: 0.11512
Best genome overview:
	- fitness: 0.61337
	- size (hid, conn): (0, 12)
	- genome id: 4473
	- belongs to specie: 4
Genetic distance:
	- Maximum: 2.780
	- Mean: 1.618
	- Minimum: 0.000
	- Standard deviation: 0.736

Population of 127 members in 4 species:
	 SID    age    size    fitness    adj fit    stag 
	=====  =====  ======  =========  =========  ======
	  1     41      39      0.434      0.485      4   
	  2     41      25      0.450      0.332      4   
	  4     41      31      0.613      0.520      4   
	  5     31      32      0.367      0.374      11  

Generation time: 194.862 sec  (199.463 average)
Population 'distance_repr_3' saved! Current generation: 42
Sample chosen: [258, 514, 961, 506, 894, 842, 885, 614, 150, 331, 963, 400, 348, 620, 692, 941]

********** Running generation 42 **********

Full population's fitness overview:
	-       best fitness: 0.66133
	-       mean fitness: 0.26701
	-      worst fitness: 0.05638
	- standard deviation: 0.14906
Best genome overview:
	- fitness: 0.66133
	- size (hid, conn): (0, 11)
	- genome id: 4696
	- belongs to specie: 4
Genetic distance:
	- Maximum: 2.843
	- Mean: 1.600
	- Minimum: 0.000
	- Standard deviation: 0.764

Population of 127 members in 4 species:
	 SID    age    size    fitness    adj fit    stag 
	=====  =====  ======  =========  =========  ======
	  1     42      33      0.326      0.300      5   
	  2     42      22      0.394      0.210      5   
	  4     42      40      0.661      0.589      0   
	  5     32      32      0.377      0.281      12  

Generation time: 194.339 sec  (198.747 average)
Population 'distance_repr_3' saved! Current generation: 43
Sample chosen: [694, 479, 14, 107, 746, 667, 662, 134, 105, 619, 98, 984, 352, 594, 828, 632]

********** Running generation 43 **********

Full population's fitness overview:
	-       best fitness: 0.61645
	-       mean fitness: 0.32503
	-      worst fitness: 0.06565
	- standard deviation: 0.13131
Best genome overview:
	- fitness: 0.61645
	- size (hid, conn): (0, 12)
	- genome id: 4805
	- belongs to specie: 4
Genetic distance:
	- Maximum: 2.872
	- Mean: 1.656
	- Minimum: 0.000
	- Standard deviation: 0.767

Population of 127 members in 4 species:
	 SID    age    size    fitness    adj fit    stag 
	=====  =====  ======  =========  =========  ======
	  1     43      36      0.447      0.467      6   
	  2     43      24      0.511      0.377      0   
	  4     43      36      0.616      0.556      1   
	  5     33      31      0.467      0.434      0   

Generation time: 193.522 sec  (197.683 average)
Population 'distance_repr_3' saved! Current generation: 44
Sample chosen: [7, 134, 828, 841, 19, 904, 686, 333, 261, 417, 717, 790, 974, 235, 113, 672]

********** Running generation 44 **********

Full population's fitness overview:
	-       best fitness: 0.56813
	-       mean fitness: 0.28565
	-      worst fitness: 0.05909
	- standard deviation: 0.12190
Best genome overview:
	- fitness: 0.56813
	- size (hid, conn): (0, 12)
	- genome id: 4916
	- belongs to specie: 4
Genetic distance:
	- Maximum: 2.863
	- Mean: 1.675
	- Minimum: 0.000
	- Standard deviation: 0.806

Population of 126 members in 4 species:
	 SID    age    size    fitness    adj fit    stag 
	=====  =====  ======  =========  =========  ======
	  1     44      37      0.393      0.477      7   
	  2     44      25      0.382      0.354      1   
	  4     44      35      0.568      0.549      2   
	  5     34      29      0.444      0.358      1   

Generation time: 196.694 sec  (196.844 average)
Population 'distance_repr_3' saved! Current generation: 45
Sample chosen: [700, 560, 628, 177, 203, 604, 871, 406, 266, 121, 118, 996, 481, 897, 861, 691]

********** Running generation 45 **********

Full population's fitness overview:
	-       best fitness: 0.59312
	-       mean fitness: 0.24503
	-      worst fitness: 0.04169
	- standard deviation: 0.12370
Best genome overview:
	- fitness: 0.59312
	- size (hid, conn): (0, 11)
	- genome id: 4804
	- belongs to specie: 4
Genetic distance:
	- Maximum: 2.887
	- Mean: 1.635
	- Minimum: 0.000
	- Standard deviation: 0.790

Population of 126 members in 4 species:
	 SID    age    size    fitness    adj fit    stag 
	=====  =====  ======  =========  =========  ======
	  1     45      34      0.394      0.357      8   
	  2     45      27      0.281      0.276      2   
	  4     45      39      0.593      0.543      3   
	  5     35      26      0.258      0.254      2   

Generation time: 195.981 sec  (196.390 average)
Population 'distance_repr_3' saved! Current generation: 46
Sample chosen: [442, 669, 472, 890, 277, 381, 439, 764, 870, 814, 543, 965, 691, 306, 360, 222]

********** Running generation 46 **********

Full population's fitness overview:
	-       best fitness: 0.63251
	-       mean fitness: 0.25902
	-      worst fitness: 0.04187
	- standard deviation: 0.14592
Best genome overview:
	- fitness: 0.63251
	- size (hid, conn): (0, 12)
	- genome id: 5148
	- belongs to specie: 4
Genetic distance:
	- Maximum: 2.835
	- Mean: 1.601
	- Minimum: 0.000
	- Standard deviation: 0.755

Population of 126 members in 4 species:
	 SID    age    size    fitness    adj fit    stag 
	=====  =====  ======  =========  =========  ======
	  1     46      31      0.345      0.311      9   
	  2     46      25      0.387      0.255      3   
	  4     46      41      0.633      0.531      4   
	  5     36      29      0.353      0.313      3   

Generation time: 195.920 sec  (195.829 average)
Population 'distance_repr_3' saved! Current generation: 47
Sample chosen: [811, 955, 136, 685, 598, 729, 913, 547, 620, 868, 939, 410, 173, 202, 44, 612]

********** Running generation 47 **********

Full population's fitness overview:
	-       best fitness: 0.49348
	-       mean fitness: 0.22321
	-      worst fitness: 0.06601
	- standard deviation: 0.10794
Best genome overview:
	- fitness: 0.49348
	- size (hid, conn): (0, 12)
	- genome id: 5273
	- belongs to specie: 4
Genetic distance:
	- Maximum: 2.886
	- Mean: 1.653
	- Minimum: 0.000
	- Standard deviation: 0.781

Population of 126 members in 4 species:
	 SID    age    size    fitness    adj fit    stag 
	=====  =====  ======  =========  =========  ======
	  1     47      34      0.301      0.379      10  
	  2     47      27      0.454      0.325      4   
	  4     47      36      0.493      0.409      5   
	  5     37      29      0.278      0.335      4   

Generation time: 197.953 sec  (196.158 average)
Population 'distance_repr_3' saved! Current generation: 48
Sample chosen: [652, 671, 609, 92, 937, 226, 208, 327, 678, 533, 544, 227, 318, 981, 942, 186]

********** Running generation 48 **********

Full population's fitness overview:
	-       best fitness: 0.66248
	-       mean fitness: 0.27576
	-      worst fitness: 0.04912
	- standard deviation: 0.15035
Best genome overview:
	- fitness: 0.66248
	- size (hid, conn): (0, 12)
	- genome id: 5170
	- belongs to specie: 4
Genetic distance:
	- Maximum: 2.749
	- Mean: 1.635
	- Minimum: 0.021
	- Standard deviation: 0.767

Population of 127 members in 4 species:
	 SID    age    size    fitness    adj fit    stag 
	=====  =====  ======  =========  =========  ======
	  1     48      35      0.419      0.387      11  
	  2     48      25      0.357      0.257      5   
	  4     48      38      0.662      0.502      0   
	  5     38      29      0.362      0.288      5   

Generation time: 187.389 sec  (195.003 average)
Population 'distance_repr_3' saved! Current generation: 49
Sample chosen: [840, 87, 8, 21, 335, 442, 737, 467, 842, 432, 293, 732, 414, 109, 68, 315]

********** Running generation 49 **********

Full population's fitness overview:
	-       best fitness: 0.66629
	-       mean fitness: 0.26605
	-      worst fitness: 0.05726
	- standard deviation: 0.12784
Best genome overview:
	- fitness: 0.66629
	- size (hid, conn): (0, 12)
	- genome id: 5170
	- belongs to specie: 4
Genetic distance:
	- Maximum: 2.765
	- Mean: 1.620
	- Minimum: 0.000
	- Standard deviation: 0.755

Population of 128 members in 4 species:
	 SID    age    size    fitness    adj fit    stag 
	=====  =====  ======  =========  =========  ======
	  1     49      35      0.392      0.354      12  
	  2     49      27      0.355      0.254      6   
	  4     49      37      0.666      0.427      0   
	  5     39      29      0.357      0.296      6   

Generation time: 194.516 sec  (194.765 average)
Population 'distance_repr_3' saved! Current generation: 50
Sample chosen: [981, 854, 799, 150, 644, 589, 264, 540, 614, 848, 262, 750, 939, 785, 115, 663]

********** Running generation 50 **********

Full population's fitness overview:
	-       best fitness: 0.52562
	-       mean fitness: 0.23911
	-      worst fitness: 0.05000
	- standard deviation: 0.10802
Best genome overview:
	- fitness: 0.52562
	- size (hid, conn): (0, 12)
	- genome id: 5482
	- belongs to specie: 4
Genetic distance:
	- Maximum: 2.811
	- Mean: 1.622
	- Minimum: 0.000
	- Standard deviation: 0.770

Population of 128 members in 4 species:
	 SID    age    size    fitness    adj fit    stag 
	=====  =====  ======  =========  =========  ======
	  1     50      35      0.427      0.411      13  
	  2     50      28      0.304      0.267      7   
	  4     50      39      0.526      0.567      1   
	  5     40      26      0.286      0.286      7   

Generation time: 190.514 sec  (194.169 average)
Population 'distance_repr_3' saved! Current generation: 51
Sample chosen: [346, 372, 882, 869, 171, 797, 968, 217, 168, 64, 302, 807, 131, 655, 33, 288]

********** Running generation 51 **********

Full population's fitness overview:
	-       best fitness: 0.56464
	-       mean fitness: 0.29034
	-      worst fitness: 0.05615
	- standard deviation: 0.12463
Best genome overview:
	- fitness: 0.56464
	- size (hid, conn): (0, 12)
	- genome id: 5482
	- belongs to specie: 4
Genetic distance:
	- Maximum: 2.813
	- Mean: 1.648
	- Minimum: 0.000
	- Standard deviation: 0.785

Population of 128 members in 4 species:
	 SID    age    size    fitness    adj fit    stag 
	=====  =====  ======  =========  =========  ======
	  1     51      39      0.453      0.593      14  
	  2     51      28      0.461      0.392      8   
	  4     51      34      0.565      0.479      2   
	  5     41      27      0.360      0.329      8   

Generation time: 193.127 sec  (193.996 average)
Population 'distance_repr_3' saved! Current generation: 52
Sample chosen: [509, 14, 120, 960, 910, 962, 441, 11, 256, 331, 98, 828, 765, 25, 160, 245]

********** Running generation 52 **********

Full population's fitness overview:
	-       best fitness: 0.67873
	-       mean fitness: 0.27063
	-      worst fitness: 0.06921
	- standard deviation: 0.13646
Best genome overview:
	- fitness: 0.67873
	- size (hid, conn): (0, 12)
	- genome id: 5482
	- belongs to specie: 4

Species 1 with 39 members is stagnated (fitness: 0.4278940177105782): removing it
Genetic distance:
	- Maximum: 2.684
	- Mean: 1.428
	- Minimum: 0.000
	- Standard deviation: 0.868

Population of 126 members in 3 species:
	 SID    age    size    fitness    adj fit    stag 
	=====  =====  ======  =========  =========  ======
	  2     52      39      0.489      0.261      9   
	  4     52      50      0.679      0.392      0   
	  5     42      37      0.357      0.239      9   

Generation time: 199.143 sec  (194.476 average)
Population 'distance_repr_3' saved! Current generation: 53
Sample chosen: [560, 694, 48, 325, 284, 291, 779, 995, 659, 72, 812, 370, 528, 846, 663, 761]

********** Running generation 53 **********

Full population's fitness overview:
	-       best fitness: 0.43183
	-       mean fitness: 0.19743
	-      worst fitness: 0.05649
	- standard deviation: 0.09761
Best genome overview:
	- fitness: 0.43183
	- size (hid, conn): (0, 12)
	- genome id: 5942
	- belongs to specie: 4
Genetic distance:
	- Maximum: 2.673
	- Mean: 1.414
	- Minimum: 0.000
	- Standard deviation: 0.867

Population of 127 members in 3 species:
	 SID    age    size    fitness    adj fit    stag 
	=====  =====  ======  =========  =========  ======
	  2     53      41      0.387      0.370      10  
	  4     53      47      0.432      0.429      1   
	  5     43      39      0.293      0.310      10  

Generation time: 205.040 sec  (195.628 average)
Population 'distance_repr_3' saved! Current generation: 54
Sample chosen: [270, 241, 200, 232, 7, 719, 851, 884, 143, 672, 287, 823, 68, 786, 554, 780]

********** Running generation 54 **********

Full population's fitness overview:
	-       best fitness: 0.54755
	-       mean fitness: 0.23092
	-      worst fitness: 0.04296
	- standard deviation: 0.12777
Best genome overview:
	- fitness: 0.54755
	- size (hid, conn): (1, 12)
	- genome id: 6053
	- belongs to specie: 4
Genetic distance:
	- Maximum: 2.693
	- Mean: 1.451
	- Minimum: 0.008
	- Standard deviation: 0.880

Population of 125 members in 3 species:
	 SID    age    size    fitness    adj fit    stag 
	=====  =====  ======  =========  =========  ======
	  2     54      36      0.368      0.272      11  
	  4     54      52      0.548      0.533      2   
	  5     44      37      0.299      0.285      11  

Generation time: 201.382 sec  (196.097 average)
Population 'distance_repr_3' saved! Current generation: 55
Sample chosen: [115, 417, 543, 135, 809, 697, 144, 940, 482, 413, 902, 857, 845, 558, 479, 34]

********** Running generation 55 **********

Full population's fitness overview:
	-       best fitness: 0.48123
	-       mean fitness: 0.22098
	-      worst fitness: 0.06452
	- standard deviation: 0.10301
Best genome overview:
	- fitness: 0.48123
	- size (hid, conn): (0, 11)
	- genome id: 6194
	- belongs to specie: 4
Genetic distance:
	- Maximum: 2.746
	- Mean: 1.446
	- Minimum: 0.000
	- Standard deviation: 0.851

Population of 128 members in 3 species:
	 SID    age    size    fitness    adj fit    stag 
	=====  =====  ======  =========  =========  ======
	  2     55      37      0.392      0.309      12  
	  4     55      54      0.481      0.504      3   
	  5     45      37      0.284      0.260      12  

Generation time: 198.787 sec  (196.377 average)
Population 'distance_repr_3' saved! Current generation: 56
Sample chosen: [414, 432, 868, 228, 592, 45, 183, 342, 590, 718, 734, 775, 512, 771, 219, 247]

********** Running generation 56 **********

Full population's fitness overview:
	-       best fitness: 0.58208
	-       mean fitness: 0.25966
	-      worst fitness: 0.04424
	- standard deviation: 0.12690
Best genome overview:
	- fitness: 0.58208
	- size (hid, conn): (1, 13)
	- genome id: 6324
	- belongs to specie: 4
Genetic distance:
	- Maximum: 2.731
	- Mean: 1.439
	- Minimum: 0.000
	- Standard deviation: 0.866

Population of 127 members in 3 species:
	 SID    age    size    fitness    adj fit    stag 
	=====  =====  ======  =========  =========  ======
	  2     56      36      0.394      0.308      13  
	  4     56      52      0.582      0.505      4   
	  5     46      39      0.313      0.340      13  

Generation time: 198.469 sec  (196.632 average)
Population 'distance_repr_3' saved! Current generation: 57
Sample chosen: [793, 184, 486, 827, 146, 504, 642, 672, 761, 626, 423, 45, 826, 884, 413, 374]

********** Running generation 57 **********

Full population's fitness overview:
	-       best fitness: 0.56996
	-       mean fitness: 0.27092
	-      worst fitness: 0.05566
	- standard deviation: 0.12381
Best genome overview:
	- fitness: 0.56996
	- size (hid, conn): (0, 12)
	- genome id: 6392
	- belongs to specie: 4
Genetic distance:
	- Maximum: 2.730
	- Mean: 1.457
	- Minimum: 0.000
	- Standard deviation: 0.877

Population of 126 members in 3 species:
	 SID    age    size    fitness    adj fit    stag 
	=====  =====  ======  =========  =========  ======
	  2     57      38      0.437      0.391      14  
	  4     57      45      0.570      0.430      5   
	  5     47      43      0.376      0.429      14  

Generation time: 205.741 sec  (197.411 average)
Population 'distance_repr_3' saved! Current generation: 58
Sample chosen: [214, 55, 171, 543, 487, 586, 434, 985, 505, 691, 330, 625, 907, 338, 614, 648]

********** Running generation 58 **********

Full population's fitness overview:
	-       best fitness: 0.56451
	-       mean fitness: 0.24343
	-      worst fitness: 0.06453
	- standard deviation: 0.11327
Best genome overview:
	- fitness: 0.56451
	- size (hid, conn): (0, 12)
	- genome id: 6541
	- belongs to specie: 4

Species 5 with 43 members is stagnated (fitness: 0.31736875603968884): removing it
Genetic distance:
	- Maximum: 2.692
	- Mean: 1.247
	- Minimum: 0.000
	- Standard deviation: 0.831

Population of 128 members in 3 species:
	 SID    age    size    fitness    adj fit    stag 
	=====  =====  ======  =========  =========  ======
	  2     58      56      0.410      0.307      15  
	  4     58      69      0.565      0.430      6   
	  6      0      3        --         --        0   

Generation time: 204.021 sec  (199.074 average)
Population 'distance_repr_3' saved! Current generation: 59
Sample chosen: [554, 140, 928, 935, 294, 331, 941, 694, 415, 408, 256, 291, 220, 213, 575, 808]

********** Running generation 59 **********

Full population's fitness overview:
	-       best fitness: 0.59531
	-       mean fitness: 0.27385
	-      worst fitness: 0.04998
	- standard deviation: 0.15756
Best genome overview:
	- fitness: 0.59531
	- size (hid, conn): (0, 12)
	- genome id: 6659
	- belongs to specie: 4
Genetic distance:
	- Maximum: 2.743
	- Mean: 1.447
	- Minimum: 0.000
	- Standard deviation: 0.862

Population of 128 members in 3 species:
	 SID    age    size    fitness    adj fit    stag 
	=====  =====  ======  =========  =========  ======
	  2     59      46      0.403      0.281      16  
	  4     59      58      0.595      0.515      7   
	  6      1      24      0.312      0.436      0   

Generation time: 204.924 sec  (200.115 average)
Population 'distance_repr_3' saved! Current generation: 60
Sample chosen: [53, 19, 607, 964, 181, 558, 637, 127, 546, 197, 427, 231, 478, 213, 423, 867]

********** Running generation 60 **********

Full population's fitness overview:
	-       best fitness: 0.52603
	-       mean fitness: 0.23219
	-      worst fitness: 0.04331
	- standard deviation: 0.12898
Best genome overview:
	- fitness: 0.52603
	- size (hid, conn): (0, 12)
	- genome id: 6783
	- belongs to specie: 4
Genetic distance:
	- Maximum: 2.682
	- Mean: 1.482
	- Minimum: 0.000
	- Standard deviation: 0.843

Population of 127 members in 3 species:
	 SID    age    size    fitness    adj fit    stag 
	=====  =====  ======  =========  =========  ======
	  2     60      43      0.510      0.358      17  
	  4     60      52      0.526      0.450      8   
	  6      2      32      0.321      0.315      0   

Generation time: 204.073 sec  (201.471 average)
Population 'distance_repr_3' saved! Current generation: 61
Sample chosen: [777, 529, 274, 507, 798, 165, 101, 156, 836, 484, 750, 63, 281, 316, 814, 620]

********** Running generation 61 **********

Full population's fitness overview:
	-       best fitness: 0.52489
	-       mean fitness: 0.25262
	-      worst fitness: 0.05160
	- standard deviation: 0.12403
Best genome overview:
	- fitness: 0.52489
	- size (hid, conn): (0, 11)
	- genome id: 6886
	- belongs to specie: 4
Genetic distance:
	- Maximum: 2.678
	- Mean: 1.578
	- Minimum: 0.000
	- Standard deviation: 0.858

Population of 128 members in 3 species:
	 SID    age    size    fitness    adj fit    stag 
	=====  =====  ======  =========  =========  ======
	  2     61      41      0.431      0.375      18  
	  4     61      51      0.525      0.531      9   
	  6      3      36      0.364      0.319      0   

Generation time: 201.701 sec  (202.328 average)
Population 'distance_repr_3' saved! Current generation: 62
Sample chosen: [420, 422, 977, 950, 321, 58, 697, 670, 324, 814, 910, 513, 703, 439, 758, 720]

********** Running generation 62 **********

Full population's fitness overview:
	-       best fitness: 0.55900
	-       mean fitness: 0.25246
	-      worst fitness: 0.05930
	- standard deviation: 0.12650
Best genome overview:
	- fitness: 0.55900
	- size (hid, conn): (0, 12)
	- genome id: 7016
	- belongs to specie: 4
Genetic distance:
	- Maximum: 2.817
	- Mean: 1.578
	- Minimum: 0.000
	- Standard deviation: 0.853

Population of 127 members in 3 species:
	 SID    age    size    fitness    adj fit    stag 
	=====  =====  ======  =========  =========  ======
	  2     62      39      0.426      0.336      19  
	  4     62      48      0.559      0.451      10  
	  6      4      40      0.397      0.352      0   

Generation time: 202.279 sec  (202.642 average)
Population 'distance_repr_3' saved! Current generation: 63
Sample chosen: [477, 601, 185, 426, 888, 531, 821, 903, 847, 104, 993, 620, 241, 560, 839, 145]

********** Running generation 63 **********

Full population's fitness overview:
	-       best fitness: 0.57828
	-       mean fitness: 0.20342
	-      worst fitness: 0.04267
	- standard deviation: 0.12603
Best genome overview:
	- fitness: 0.57828
	- size (hid, conn): (0, 12)
	- genome id: 7123
	- belongs to specie: 4
Genetic distance:
	- Maximum: 2.756
	- Mean: 1.529
	- Minimum: 0.012
	- Standard deviation: 0.844

Population of 127 members in 3 species:
	 SID    age    size    fitness    adj fit    stag 
	=====  =====  ======  =========  =========  ======
	  2     63      37      0.425      0.242      20  
	  4     63      50      0.578      0.399      11  
	  6      5      40      0.280      0.238      1   

Generation time: 205.979 sec  (202.735 average)
Population 'distance_repr_3' saved! Current generation: 64
Sample chosen: [49, 552, 381, 411, 45, 743, 990, 555, 816, 420, 256, 384, 751, 981, 439, 929]

********** Running generation 64 **********

Full population's fitness overview:
	-       best fitness: 0.60910
	-       mean fitness: 0.26521
	-      worst fitness: 0.05024
	- standard deviation: 0.14419
Best genome overview:
	- fitness: 0.60910
	- size (hid, conn): (0, 12)
	- genome id: 7016
	- belongs to specie: 4
Genetic distance:
	- Maximum: 2.654
	- Mean: 1.542
	- Minimum: 0.023
	- Standard deviation: 0.839

Population of 126 members in 3 species:
	 SID    age    size    fitness    adj fit    stag 
	=====  =====  ======  =========  =========  ======
	  2     64      40      0.600      0.386      0   
	  4     64      48      0.609      0.458      12  
	  6      6      38      0.355      0.292      2   

Generation time: 202.323 sec  (202.829 average)
Population 'distance_repr_3' saved! Current generation: 65
Sample chosen: [666, 924, 870, 836, 717, 594, 942, 163, 830, 599, 741, 495, 806, 840, 827, 826]

********** Running generation 65 **********

Full population's fitness overview:
	-       best fitness: 0.48569
	-       mean fitness: 0.24984
	-      worst fitness: 0.05073
	- standard deviation: 0.12130
Best genome overview:
	- fitness: 0.48569
	- size (hid, conn): (2, 18)
	- genome id: 7365
	- belongs to specie: 2
Genetic distance:
	- Maximum: 2.716
	- Mean: 1.575
	- Minimum: 0.000
	- Standard deviation: 0.803

Population of 126 members in 3 species:
	 SID    age    size    fitness    adj fit    stag 
	=====  =====  ======  =========  =========  ======
	  2     65      39      0.486      0.474      1   
	  4     65      46      0.413      0.467      13  
	  6      7      41      0.373      0.428      3   

Generation time: 204.536 sec  (203.404 average)
Population 'distance_repr_3' saved! Current generation: 66
Sample chosen: [530, 681, 993, 420, 754, 398, 851, 184, 351, 293, 190, 927, 937, 811, 784, 695]

********** Running generation 66 **********

Full population's fitness overview:
	-       best fitness: 0.36993
	-       mean fitness: 0.16388
	-      worst fitness: 0.02848
	- standard deviation: 0.09232
Best genome overview:
	- fitness: 0.36993
	- size (hid, conn): (0, 12)
	- genome id: 7507
	- belongs to specie: 4
Genetic distance:
	- Maximum: 2.689
	- Mean: 1.608
	- Minimum: 0.000
	- Standard deviation: 0.780

Population of 128 members in 3 species:
	 SID    age    size    fitness    adj fit    stag 
	=====  =====  ======  =========  =========  ======
	  2     66      42      0.319      0.407      2   
	  4     66      40      0.370      0.363      14  
	  6      8      46      0.318      0.424      4   

Generation time: 208.626 sec  (204.420 average)
Population 'distance_repr_3' saved! Current generation: 67
Sample chosen: [137, 318, 336, 742, 257, 5, 33, 486, 924, 141, 319, 649, 191, 252, 429, 235]

********** Running generation 67 **********

Full population's fitness overview:
	-       best fitness: 0.39929
	-       mean fitness: 0.16519
	-      worst fitness: 0.02850
	- standard deviation: 0.08921
Best genome overview:
	- fitness: 0.39929
	- size (hid, conn): (1, 15)
	- genome id: 7458
	- belongs to specie: 2
Genetic distance:
	- Maximum: 2.797
	- Mean: 1.637
	- Minimum: 0.000
	- Standard deviation: 0.800

Population of 128 members in 3 species:
	 SID    age    size    fitness    adj fit    stag 
	=====  =====  ======  =========  =========  ======
	  2     67      41      0.399      0.399      3   
	  4     67      42      0.359      0.388      15  
	  6      9      45      0.275      0.324      5   

Generation time: 213.003 sec  (205.146 average)
Population 'distance_repr_3' saved! Current generation: 68
Sample chosen: [542, 718, 546, 883, 193, 304, 505, 443, 644, 86, 966, 315, 501, 656, 906, 919]

********** Running generation 68 **********

Full population's fitness overview:
	-       best fitness: 0.46417
	-       mean fitness: 0.21802
	-      worst fitness: 0.05998
	- standard deviation: 0.10528
Best genome overview:
	- fitness: 0.46417
	- size (hid, conn): (0, 12)
	- genome id: 7210
	- belongs to specie: 4
Genetic distance:
	- Maximum: 2.724
	- Mean: 1.693
	- Minimum: 0.000
	- Standard deviation: 0.823

Population of 128 members in 3 species:
	 SID    age    size    fitness    adj fit    stag 
	=====  =====  ======  =========  =========  ======
	  2     68      41      0.412      0.386      4   
	  4     68      44      0.464      0.476      16  
	  6     10      43      0.261      0.317      6   

Generation time: 208.097 sec  (205.554 average)
Population 'distance_repr_3' saved! Current generation: 69
Sample chosen: [390, 567, 792, 257, 852, 14, 685, 932, 578, 945, 654, 643, 594, 585, 795, 810]

********** Running generation 69 **********

Full population's fitness overview:
	-       best fitness: 0.59557
	-       mean fitness: 0.26059
	-      worst fitness: 0.05952
	- standard deviation: 0.12823
Best genome overview:
	- fitness: 0.59557
	- size (hid, conn): (0, 12)
	- genome id: 7785
	- belongs to specie: 4
Genetic distance:
	- Maximum: 2.774
	- Mean: 1.626
	- Minimum: 0.000
	- Standard deviation: 0.902

Population of 127 members in 3 species:
	 SID    age    size    fitness    adj fit    stag 
	=====  =====  ======  =========  =========  ======
	  2     69      38      0.491      0.310      5   
	  4     69      45      0.596      0.462      17  
	  6     11      44      0.388      0.348      7   

Generation time: 213.381 sec  (206.400 average)
Population 'distance_repr_3' saved! Current generation: 70
Sample chosen: [250, 121, 717, 386, 138, 544, 117, 186, 106, 193, 315, 463, 457, 847, 491, 501]

********** Running generation 70 **********

Full population's fitness overview:
	-       best fitness: 0.52975
	-       mean fitness: 0.22424
	-      worst fitness: 0.06451
	- standard deviation: 0.10697
Best genome overview:
	- fitness: 0.52975
	- size (hid, conn): (0, 12)
	- genome id: 7905
	- belongs to specie: 4
Genetic distance:
	- Maximum: 2.750
	- Mean: 1.625
	- Minimum: 0.000
	- Standard deviation: 0.882

Population of 126 members in 3 species:
	 SID    age    size    fitness    adj fit    stag 
	=====  =====  ======  =========  =========  ======
	  2     70      40      0.407      0.342      6   
	  4     70      42      0.530      0.362      18  
	  6     12      44      0.333      0.325      8   

Generation time: 209.825 sec  (206.975 average)
Population 'distance_repr_3' saved! Current generation: 71
Sample chosen: [688, 987, 206, 887, 761, 668, 93, 583, 245, 549, 410, 829, 428, 571, 938, 366]

********** Running generation 71 **********

Full population's fitness overview:
	-       best fitness: 0.59608
	-       mean fitness: 0.29936
	-      worst fitness: 0.07963
	- standard deviation: 0.13338
Best genome overview:
	- fitness: 0.59608
	- size (hid, conn): (0, 12)
	- genome id: 7904
	- belongs to specie: 4
Genetic distance:
	- Maximum: 2.873
	- Mean: 1.635
	- Minimum: 0.000
	- Standard deviation: 0.837

Population of 127 members in 3 species:
	 SID    age    size    fitness    adj fit    stag 
	=====  =====  ======  =========  =========  ======
	  2     71      43      0.557      0.467      7   
	  4     71      43      0.596      0.504      19  
	  6     13      41      0.389      0.312      9   

Generation time: 201.195 sec  (206.924 average)
Population 'distance_repr_3' saved! Current generation: 72
Sample chosen: [757, 214, 992, 429, 651, 497, 317, 896, 766, 139, 269, 170, 280, 233, 86, 177]

********** Running generation 72 **********

Full population's fitness overview:
	-       best fitness: 0.57298
	-       mean fitness: 0.27417
	-      worst fitness: 0.07124
	- standard deviation: 0.12287
Best genome overview:
	- fitness: 0.57298
	- size (hid, conn): (1, 17)
	- genome id: 8208
	- belongs to specie: 2
Genetic distance:
	- Maximum: 2.777
	- Mean: 1.657
	- Minimum: 0.000
	- Standard deviation: 0.901

Population of 126 members in 3 species:
	 SID    age    size    fitness    adj fit    stag 
	=====  =====  ======  =========  =========  ======
	  2     72      42      0.573      0.446      8   
	  4     72      44      0.544      0.424      20  
	  6     14      40      0.318      0.341      10  

Generation time: 203.466 sec  (207.043 average)
Population 'distance_repr_3' saved! Current generation: 73
Sample chosen: [418, 496, 635, 92, 545, 629, 615, 162, 295, 329, 455, 621, 33, 875, 141, 512]

********** Running generation 73 **********

Full population's fitness overview:
	-       best fitness: 0.54214
	-       mean fitness: 0.27062
	-      worst fitness: 0.06064
	- standard deviation: 0.13191
Best genome overview:
	- fitness: 0.54214
	- size (hid, conn): (0, 12)
	- genome id: 8293
	- belongs to specie: 4
Genetic distance:
	- Maximum: 2.734
	- Mean: 1.580
	- Minimum: 0.000
	- Standard deviation: 0.877

Population of 127 members in 3 species:
	 SID    age    size    fitness    adj fit    stag 
	=====  =====  ======  =========  =========  ======
	  2     73      42      0.496      0.427      9   
	  4     73      44      0.542      0.515      21  
	  6     15      41      0.338      0.358      11  

Generation time: 202.530 sec  (206.698 average)
Population 'distance_repr_3' saved! Current generation: 74
Sample chosen: [63, 56, 457, 733, 128, 575, 331, 791, 610, 325, 869, 716, 660, 718, 951, 176]

********** Running generation 74 **********

Full population's fitness overview:
	-       best fitness: 0.54289
	-       mean fitness: 0.25440
	-      worst fitness: 0.07301
	- standard deviation: 0.10869
Best genome overview:
	- fitness: 0.54289
	- size (hid, conn): (0, 12)
	- genome id: 8293
	- belongs to specie: 4
Genetic distance:
	- Maximum: 2.824
	- Mean: 1.629
	- Minimum: 0.015
	- Standard deviation: 0.857

Population of 127 members in 3 species:
	 SID    age    size    fitness    adj fit    stag 
	=====  =====  ======  =========  =========  ======
	  2     74      43      0.478      0.390      10  
	  4     74      45      0.543      0.467      22  
	  6     16      39      0.307      0.296      12  

Generation time: 201.742 sec  (206.640 average)
Population 'distance_repr_3' saved! Current generation: 75
Sample chosen: [140, 326, 841, 11, 880, 548, 482, 150, 206, 840, 911, 178, 106, 893, 471, 990]

********** Running generation 75 **********

Full population's fitness overview:
	-       best fitness: 0.62211
	-       mean fitness: 0.30215
	-      worst fitness: 0.07180
	- standard deviation: 0.14099
Best genome overview:
	- fitness: 0.62211
	- size (hid, conn): (0, 9)
	- genome id: 8494
	- belongs to specie: 4
Genetic distance:
	- Maximum: 2.770
	- Mean: 1.650
	- Minimum: 0.050
	- Standard deviation: 0.846

Population of 127 members in 3 species:
	 SID    age    size    fitness    adj fit    stag 
	=====  =====  ======  =========  =========  ======
	  2     75      39      0.514      0.336      11  
	  4     75      50      0.622      0.583      23  
	  6     17      38      0.365      0.319      13  

Generation time: 200.973 sec  (206.284 average)
Population 'distance_repr_3' saved! Current generation: 76
Sample chosen: [27, 824, 327, 814, 755, 603, 342, 794, 866, 916, 371, 894, 268, 79, 247, 754]

********** Running generation 76 **********

Full population's fitness overview:
	-       best fitness: 0.59504
	-       mean fitness: 0.26337
	-      worst fitness: 0.04013
	- standard deviation: 0.16091
Best genome overview:
	- fitness: 0.59504
	- size (hid, conn): (0, 12)
	- genome id: 8478
	- belongs to specie: 4
Genetic distance:
	- Maximum: 2.795
	- Mean: 1.648
	- Minimum: 0.092
	- Standard deviation: 0.819

Population of 127 members in 3 species:
	 SID    age    size    fitness    adj fit    stag 
	=====  =====  ======  =========  =========  ======
	  2     76      41      0.565      0.397      12  
	  4     76      52      0.595      0.547      24  
	  6     18      34      0.332      0.217      14  

Generation time: 204.573 sec  (205.879 average)
Population 'distance_repr_3' saved! Current generation: 77
Sample chosen: [910, 510, 687, 454, 62, 554, 189, 771, 516, 190, 971, 874, 552, 903, 637, 485]

********** Running generation 77 **********

Full population's fitness overview:
	-       best fitness: 0.53998
	-       mean fitness: 0.24054
	-      worst fitness: 0.04361
	- standard deviation: 0.13447
Best genome overview:
	- fitness: 0.53998
	- size (hid, conn): (2, 17)
	- genome id: 8785
	- belongs to specie: 2

Species 6 with 34 members is stagnated (fitness: 0.3655705429556535): removing it
Genetic distance:
	- Maximum: 2.458
	- Mean: 1.281
	- Minimum: 0.045
	- Standard deviation: 0.729

Population of 128 members in 3 species:
	 SID    age    size    fitness    adj fit    stag 
	=====  =====  ======  =========  =========  ======
	  2     77      60      0.540      0.434      13  
	  4     77      65      0.538      0.394      25  
	  7      0      3        --         --        0   

Generation time: 207.820 sec  (205.360 average)
Population 'distance_repr_3' saved! Current generation: 78
Sample chosen: [374, 467, 64, 459, 110, 554, 803, 330, 146, 919, 187, 816, 415, 786, 663, 850]

********** Running generation 78 **********

Full population's fitness overview:
	-       best fitness: 0.53607
	-       mean fitness: 0.26125
	-      worst fitness: 0.03770
	- standard deviation: 0.13596
Best genome overview:
	- fitness: 0.53607
	- size (hid, conn): (0, 12)
	- genome id: 8888
	- belongs to specie: 4
Genetic distance:
	- Maximum: 2.889
	- Mean: 1.624
	- Minimum: 0.000
	- Standard deviation: 0.770

Population of 127 members in 3 species:
	 SID    age    size    fitness    adj fit    stag 
	=====  =====  ======  =========  =========  ======
	  2     78      48      0.471      0.387      14  
	  4     78      56      0.536      0.505      26  
	  7      1      23      0.307      0.462      0   

Generation time: 198.884 sec  (204.439 average)
Population 'distance_repr_3' saved! Current generation: 79
Sample chosen: [834, 252, 386, 275, 955, 4, 986, 90, 625, 159, 662, 367, 355, 580, 185, 156]

********** Running generation 79 **********

Full population's fitness overview:
	-       best fitness: 0.53459
	-       mean fitness: 0.23482
	-      worst fitness: 0.04209
	- standard deviation: 0.12628
Best genome overview:
	- fitness: 0.53459
	- size (hid, conn): (0, 12)
	- genome id: 8888
	- belongs to specie: 4
Genetic distance:
	- Maximum: 3.068
	- Mean: 1.621
	- Minimum: 0.000
	- Standard deviation: 0.821

Population of 127 members in 3 species:
	 SID    age    size    fitness    adj fit    stag 
	=====  =====  ======  =========  =========  ======
	  2     79      47      0.523      0.400      15  
	  4     79      51      0.535      0.440      27  
	  7      2      29      0.295      0.255      1   

Generation time: 203.482 sec  (203.449 average)
Population 'distance_repr_3' saved! Current generation: 80
Sample chosen: [890, 769, 582, 14, 858, 543, 366, 907, 501, 290, 94, 772, 39, 510, 571, 349]

********** Running generation 80 **********

Full population's fitness overview:
	-       best fitness: 0.60019
	-       mean fitness: 0.31074
	-      worst fitness: 0.07680
	- standard deviation: 0.14017
Best genome overview:
	- fitness: 0.60019
	- size (hid, conn): (2, 17)
	- genome id: 9132
	- belongs to specie: 2
Genetic distance:
	- Maximum: 2.883
	- Mean: 1.687
	- Minimum: 0.000
	- Standard deviation: 0.816

Population of 126 members in 3 species:
	 SID    age    size    fitness    adj fit    stag 
	=====  =====  ======  =========  =========  ======
	  2     80      40      0.600      0.414      0   
	  4     80      47      0.580      0.459      28  
	  7      3      39      0.429      0.479      0   

Generation time: 205.442 sec  (203.011 average)
Population 'distance_repr_3' saved! Current generation: 81
Sample chosen: [859, 174, 593, 108, 842, 43, 371, 445, 304, 521, 898, 89, 786, 186, 811, 133]

********** Running generation 81 **********

Full population's fitness overview:
	-       best fitness: 0.56235
	-       mean fitness: 0.22367
	-      worst fitness: 0.04364
	- standard deviation: 0.10987
Best genome overview:
	- fitness: 0.56235
	- size (hid, conn): (1, 14)
	- genome id: 9056
	- belongs to specie: 4
Genetic distance:
	- Maximum: 2.884
	- Mean: 1.755
	- Minimum: 0.000
	- Standard deviation: 0.786

Population of 126 members in 3 species:
	 SID    age    size    fitness    adj fit    stag 
	=====  =====  ======  =========  =========  ======
	  2     81      39      0.418      0.307      1   
	  4     81      47      0.562      0.428      29  
	  7      4      40      0.294      0.292      1   

Generation time: 206.294 sec  (203.521 average)
Population 'distance_repr_3' saved! Current generation: 82
Sample chosen: [693, 334, 999, 285, 197, 394, 663, 53, 671, 880, 500, 906, 72, 405, 561, 517]

********** Running generation 82 **********

Full population's fitness overview:
	-       best fitness: 0.57745
	-       mean fitness: 0.24890
	-      worst fitness: 0.07127
	- standard deviation: 0.11877
Best genome overview:
	- fitness: 0.57745
	- size (hid, conn): (1, 14)
	- genome id: 9218
	- belongs to specie: 4
Genetic distance:
	- Maximum: 2.858
	- Mean: 1.741
	- Minimum: 0.000
	- Standard deviation: 0.797

Population of 127 members in 3 species:
	 SID    age    size    fitness    adj fit    stag 
	=====  =====  ======  =========  =========  ======
	  2     82      39      0.427      0.312      2   
	  4     82      45      0.577      0.392      30  
	  7      5      43      0.332      0.340      2   

Generation time: 208.951 sec  (204.069 average)
Population 'distance_repr_3' saved! Current generation: 83
Sample chosen: [22, 658, 820, 995, 764, 621, 885, 267, 20, 23, 42, 365, 691, 558, 680, 171]

********** Running generation 83 **********

Full population's fitness overview:
	-       best fitness: 0.63416
	-       mean fitness: 0.29232
	-      worst fitness: 0.07882
	- standard deviation: 0.13945
Best genome overview:
	- fitness: 0.63416
	- size (hid, conn): (1, 14)
	- genome id: 9425
	- belongs to specie: 4
Genetic distance:
	- Maximum: 3.037
	- Mean: 1.770
	- Minimum: 0.136
	- Standard deviation: 0.859

Population of 125 members in 3 species:
	 SID    age    size    fitness    adj fit    stag 
	=====  =====  ======  =========  =========  ======
	  2     83      38      0.536      0.332      3   
	  4     83      44      0.634      0.444      31  
	  7      6      43      0.421      0.370      3   

Generation time: 203.476 sec  (204.164 average)
Population 'distance_repr_3' saved! Current generation: 84
Sample chosen: [165, 209, 111, 104, 841, 260, 541, 389, 469, 775, 470, 10, 876, 302, 339, 416]

********** Running generation 84 **********

Full population's fitness overview:
	-       best fitness: 0.52355
	-       mean fitness: 0.22925
	-      worst fitness: 0.04220
	- standard deviation: 0.12576
Best genome overview:
	- fitness: 0.52355
	- size (hid, conn): (2, 17)
	- genome id: 9196
	- belongs to specie: 2
Genetic distance:
	- Maximum: 2.853
	- Mean: 1.760
	- Minimum: 0.000
	- Standard deviation: 0.842

Population of 126 members in 3 species:
	 SID    age    size    fitness    adj fit    stag 
	=====  =====  ======  =========  =========  ======
	  2     84      37      0.524      0.380      4   
	  4     84      47      0.498      0.451      32  
	  7      7      42      0.359      0.333      4   

Generation time: 203.603 sec  (204.350 average)
Population 'distance_repr_3' saved! Current generation: 85
Sample chosen: [622, 423, 880, 122, 563, 745, 21, 876, 257, 312, 840, 57, 274, 699, 62, 150]

********** Running generation 85 **********

Full population's fitness overview:
	-       best fitness: 0.58448
	-       mean fitness: 0.26177
	-      worst fitness: 0.05742
	- standard deviation: 0.13659
Best genome overview:
	- fitness: 0.58448
	- size (hid, conn): (1, 14)
	- genome id: 9534
	- belongs to specie: 4
Genetic distance:
	- Maximum: 2.922
	- Mean: 1.823
	- Minimum: 0.081
	- Standard deviation: 0.806

Population of 127 members in 3 species:
	 SID    age    size    fitness    adj fit    stag 
	=====  =====  ======  =========  =========  ======
	  2     85      37      0.531      0.324      5   
	  4     85      46      0.584      0.455      33  
	  7      8      44      0.365      0.369      5   

Generation time: 205.821 sec  (204.835 average)
Population 'distance_repr_3' saved! Current generation: 86
Sample chosen: [822, 133, 179, 130, 559, 286, 352, 791, 18, 444, 91, 823, 371, 58, 283, 112]

********** Running generation 86 **********

Full population's fitness overview:
	-       best fitness: 0.63124
	-       mean fitness: 0.19776
	-      worst fitness: 0.02916
	- standard deviation: 0.14332
Best genome overview:
	- fitness: 0.63124
	- size (hid, conn): (1, 14)
	- genome id: 9677
	- belongs to specie: 4
Genetic distance:
	- Maximum: 2.965
	- Mean: 1.828
	- Minimum: 0.000
	- Standard deviation: 0.775

Population of 126 members in 3 species:
	 SID    age    size    fitness    adj fit    stag 
	=====  =====  ======  =========  =========  ======
	  2     86      38      0.574      0.252      6   
	  4     86      49      0.631      0.379      34  
	  7      9      39      0.260      0.201      6   

Generation time: 205.192 sec  (204.896 average)
Population 'distance_repr_3' saved! Current generation: 87
Sample chosen: [230, 303, 127, 273, 707, 909, 1, 835, 386, 398, 687, 528, 594, 370, 901, 24]

********** Running generation 87 **********

Full population's fitness overview:
	-       best fitness: 0.53826
	-       mean fitness: 0.16260
	-      worst fitness: 0.02099
	- standard deviation: 0.11867
Best genome overview:
	- fitness: 0.53826
	- size (hid, conn): (1, 14)
	- genome id: 9872
	- belongs to specie: 4
Genetic distance:
	- Maximum: 3.064
	- Mean: 1.836
	- Minimum: 0.000
	- Standard deviation: 0.807

Population of 126 members in 3 species:
	 SID    age    size    fitness    adj fit    stag 
	=====  =====  ======  =========  =========  ======
	  2     87      38      0.481      0.243      7   
	  4     87      49      0.538      0.345      35  
	  7     10      39      0.216      0.214      7   

Generation time: 207.045 sec  (204.819 average)
Population 'distance_repr_3' saved! Current generation: 88
Sample chosen: [426, 428, 854, 369, 733, 387, 768, 367, 66, 350, 556, 417, 954, 261, 104, 64]

********** Running generation 88 **********

Full population's fitness overview:
	-       best fitness: 0.61944
	-       mean fitness: 0.27945
	-      worst fitness: 0.06645
	- standard deviation: 0.14632
Best genome overview:
	- fitness: 0.61944
	- size (hid, conn): (3, 21)
	- genome id: 9924
	- belongs to specie: 2
Genetic distance:
	- Maximum: 3.120
	- Mean: 1.948
	- Minimum: 0.000
	- Standard deviation: 0.827

Population of 127 members in 3 species:
	 SID    age    size    fitness    adj fit    stag 
	=====  =====  ======  =========  =========  ======
	  2     88      33      0.619      0.297      0   
	  4     88      51      0.549      0.465      36  
	  7     11      43      0.467      0.371      0   

Generation time: 203.980 sec  (205.328 average)
Population 'distance_repr_3' saved! Current generation: 89
Sample chosen: [152, 682, 938, 484, 137, 991, 252, 209, 757, 926, 179, 165, 737, 68, 316, 160]

********** Running generation 89 **********

Full population's fitness overview:
	-       best fitness: 0.50242
	-       mean fitness: 0.18804
	-      worst fitness: 0.03426
	- standard deviation: 0.11194
Best genome overview:
	- fitness: 0.50242
	- size (hid, conn): (1, 14)
	- genome id: 10154
	- belongs to specie: 4
Genetic distance:
	- Maximum: 3.177
	- Mean: 1.832
	- Minimum: 0.000
	- Standard deviation: 0.849

Population of 126 members in 3 species:
	 SID    age    size    fitness    adj fit    stag 
	=====  =====  ======  =========  =========  ======
	  2     89      35      0.451      0.284      1   
	  4     89      48      0.502      0.380      37  
	  7     12      43      0.320      0.301      1   

Generation time: 209.787 sec  (205.959 average)
Population 'distance_repr_3' saved! Current generation: 90
Sample chosen: [278, 809, 411, 610, 366, 193, 181, 421, 881, 644, 572, 586, 147, 656, 39, 983]

********** Running generation 90 **********

Full population's fitness overview:
	-       best fitness: 0.51598
	-       mean fitness: 0.22541
	-      worst fitness: 0.06529
	- standard deviation: 0.10520
Best genome overview:
	- fitness: 0.51598
	- size (hid, conn): (1, 14)
	- genome id: 10154
	- belongs to specie: 4
Genetic distance:
	- Maximum: 3.034
	- Mean: 1.794
	- Minimum: 0.000
	- Standard deviation: 0.838

Population of 126 members in 3 species:
	 SID    age    size    fitness    adj fit    stag 
	=====  =====  ======  =========  =========  ======
	  2     90      39      0.512      0.350      2   
	  4     90      44      0.516      0.386      38  
	  7     13      43      0.305      0.325      2   

Generation time: 207.795 sec  (206.194 average)
Population 'distance_repr_3' saved! Current generation: 91
Sample chosen: [592, 174, 395, 787, 44, 920, 706, 717, 983, 165, 810, 848, 667, 987, 480, 408]

********** Running generation 91 **********

Full population's fitness overview:
	-       best fitness: 0.65886
	-       mean fitness: 0.28759
	-      worst fitness: 0.07774
	- standard deviation: 0.14436
Best genome overview:
	- fitness: 0.65886
	- size (hid, conn): (2, 15)
	- genome id: 10023
	- belongs to specie: 4
Genetic distance:
	- Maximum: 3.091
	- Mean: 1.761
	- Minimum: 0.000
	- Standard deviation: 0.822

Population of 126 members in 3 species:
	 SID    age    size    fitness    adj fit    stag 
	=====  =====  ======  =========  =========  ======
	  2     91      40      0.561      0.339      3   
	  4     91      44      0.659      0.427      39  
	  7     14      42      0.429      0.313      3   

Generation time: 204.495 sec  (206.014 average)
Population 'distance_repr_3' saved! Current generation: 92
Sample chosen: [125, 111, 110, 866, 175, 492, 367, 289, 762, 149, 317, 332, 836, 760, 113, 568]

********** Running generation 92 **********

Full population's fitness overview:
	-       best fitness: 0.52146
	-       mean fitness: 0.20945
	-      worst fitness: 0.04164
	- standard deviation: 0.12001
Best genome overview:
	- fitness: 0.52146
	- size (hid, conn): (1, 14)
	- genome id: 10476
	- belongs to specie: 4
Genetic distance:
	- Maximum: 3.058
	- Mean: 1.799
	- Minimum: 0.000
	- Standard deviation: 0.869

Population of 125 members in 3 species:
	 SID    age    size    fitness    adj fit    stag 
	=====  =====  ======  =========  =========  ======
	  2     92      39      0.471      0.308      4   
	  4     92      45      0.521      0.424      40  
	  7     15      41      0.327      0.312      4   

Generation time: 205.342 sec  (205.653 average)
Population 'distance_repr_3' saved! Current generation: 93
Sample chosen: [148, 202, 433, 133, 602, 270, 773, 649, 673, 633, 839, 565, 125, 62, 942, 302]

********** Running generation 93 **********

Full population's fitness overview:
	-       best fitness: 0.49306
	-       mean fitness: 0.20208
	-      worst fitness: 0.03666
	- standard deviation: 0.12190
Best genome overview:
	- fitness: 0.49306
	- size (hid, conn): (3, 17)
	- genome id: 10496
	- belongs to specie: 2
Genetic distance:
	- Maximum: 3.134
	- Mean: 1.851
	- Minimum: 0.000
	- Standard deviation: 0.825

Population of 128 members in 3 species:
	 SID    age    size    fitness    adj fit    stag 
	=====  =====  ======  =========  =========  ======
	  2     93      39      0.493      0.370      5   
	  4     93      43      0.474      0.336      41  
	  7     16      46      0.375      0.383      5   

Generation time: 210.411 sec  (206.347 average)
Population 'distance_repr_3' saved! Current generation: 94
Sample chosen: [157, 419, 588, 62, 545, 50, 637, 388, 299, 102, 77, 792, 457, 938, 910, 587]

********** Running generation 94 **********

Full population's fitness overview:
	-       best fitness: 0.61235
	-       mean fitness: 0.26112
	-      worst fitness: 0.07505
	- standard deviation: 0.12705
Best genome overview:
	- fitness: 0.61235
	- size (hid, conn): (2, 15)
	- genome id: 10708
	- belongs to specie: 4
Genetic distance:
	- Maximum: 3.159
	- Mean: 1.849
	- Minimum: 0.000
	- Standard deviation: 0.805

Population of 127 members in 3 species:
	 SID    age    size    fitness    adj fit    stag 
	=====  =====  ======  =========  =========  ======
	  2     94      38      0.465      0.297      6   
	  4     94      40      0.612      0.350      42  
	  7     17      49      0.439      0.385      6   

Generation time: 214.392 sec  (207.426 average)
Population 'distance_repr_3' saved! Current generation: 95
Sample chosen: [26, 650, 328, 897, 832, 900, 117, 826, 266, 273, 678, 159, 13, 960, 749, 70]

********** Running generation 95 **********

Full population's fitness overview:
	-       best fitness: 0.59540
	-       mean fitness: 0.22519
	-      worst fitness: 0.04854
	- standard deviation: 0.12037
Best genome overview:
	- fitness: 0.59540
	- size (hid, conn): (2, 15)
	- genome id: 10708
	- belongs to specie: 4
Genetic distance:
	- Maximum: 3.158
	- Mean: 1.870
	- Minimum: 0.060
	- Standard deviation: 0.932

Population of 127 members in 3 species:
	 SID    age    size    fitness    adj fit    stag 
	=====  =====  ======  =========  =========  ======
	  2     95      33      0.417      0.211      7   
	  4     95      43      0.595      0.393      43  
	  7     18      51      0.413      0.353      7   

Generation time: 213.602 sec  (208.204 average)
Population 'distance_repr_3' saved! Current generation: 96
Sample chosen: [503, 894, 357, 408, 981, 986, 103, 231, 41, 152, 473, 104, 562, 514, 804, 760]

********** Running generation 96 **********

Full population's fitness overview:
	-       best fitness: 0.61992
	-       mean fitness: 0.28141
	-      worst fitness: 0.05125
	- standard deviation: 0.14839
Best genome overview:
	- fitness: 0.61992
	- size (hid, conn): (4, 19)
	- genome id: 10837
	- belongs to specie: 2
Genetic distance:
	- Maximum: 3.161
	- Mean: 1.855
	- Minimum: 0.010
	- Standard deviation: 1.002

Population of 127 members in 3 species:
	 SID    age    size    fitness    adj fit    stag 
	=====  =====  ======  =========  =========  ======
	  2     96      33      0.620      0.363      0   
	  4     96      42      0.617      0.381      44  
	  7     19      52      0.530      0.452      0   

Generation time: 205.591 sec  (208.244 average)
Population 'distance_repr_3' saved! Current generation: 97
Sample chosen: [73, 640, 110, 72, 53, 420, 413, 478, 846, 783, 594, 119, 695, 279, 255, 352]

********** Running generation 97 **********

Full population's fitness overview:
	-       best fitness: 0.46127
	-       mean fitness: 0.23767
	-      worst fitness: 0.04229
	- standard deviation: 0.11342
Best genome overview:
	- fitness: 0.46127
	- size (hid, conn): (2, 15)
	- genome id: 10708
	- belongs to specie: 4
Genetic distance:
	- Maximum: 3.130
	- Mean: 1.901
	- Minimum: 0.142
	- Standard deviation: 1.028

Population of 125 members in 3 species:
	 SID    age    size    fitness    adj fit    stag 
	=====  =====  ======  =========  =========  ======
	  2     97      36      0.424      0.429      1   
	  4     97      38      0.461      0.441      45  
	  7     20      51      0.452      0.511      1   

Generation time: 210.259 sec  (208.565 average)
Population 'distance_repr_3' saved! Current generation: 98
Sample chosen: [431, 284, 393, 176, 588, 192, 283, 124, 139, 665, 670, 695, 608, 708, 141, 222]

********** Running generation 98 **********

Full population's fitness overview:
	-       best fitness: 0.58540
	-       mean fitness: 0.28974
	-      worst fitness: 0.05421
	- standard deviation: 0.13085
Best genome overview:
	- fitness: 0.58540
	- size (hid, conn): (0, 13)
	- genome id: 11054
	- belongs to specie: 4
Genetic distance:
	- Maximum: 3.181
	- Mean: 1.954
	- Minimum: 0.000
	- Standard deviation: 1.083

Population of 127 members in 3 species:
	 SID    age    size    fitness    adj fit    stag 
	=====  =====  ======  =========  =========  ======
	  2     98      41      0.543      0.444      2   
	  4     98      38      0.585      0.435      46  
	  7     21      48      0.465      0.449      2   

Generation time: 202.819 sec  (208.449 average)
Population 'distance_repr_3' saved! Current generation: 99
Sample chosen: [222, 805, 559, 605, 846, 522, 411, 319, 699, 990, 268, 163, 32, 406, 809, 903]

********** Running generation 99 **********

Full population's fitness overview:
	-       best fitness: 0.68951
	-       mean fitness: 0.25394
	-      worst fitness: 0.05117
	- standard deviation: 0.14498
Best genome overview:
	- fitness: 0.68951
	- size (hid, conn): (4, 19)
	- genome id: 11284
	- belongs to specie: 2
Genetic distance:
	- Maximum: 3.269
	- Mean: 1.926
	- Minimum: 0.040
	- Standard deviation: 1.041

Population of 127 members in 3 species:
	 SID    age    size    fitness    adj fit    stag 
	=====  =====  ======  =========  =========  ======
	  2     99      40      0.690      0.346      0   
	  4     99      43      0.622      0.359      47  
	  7     22      44      0.427      0.261      3   

Generation time: 212.551 sec  (208.726 average)
Population 'distance_repr_3' saved! Current generation: 100

===> CREATING BLUEPRINTS <===

Creating blueprints for games: [1, 2, 3, 4, 5]

===> CREATING TRACES <===

Creating traces for games: [1, 2, 3, 4, 5]

===> EVALUATING <===

