Population 'novelty_repr_1' saved! Current generation: 0

===> RUNNING FOR THE FOLLOWING CONFIGURATION: <===
	> fitness: novelty
	> gru_enabled: True
	> sexual_reproduction: True
	> Saving under folder: NEAT-GRU
	> Train: True (100 iterations)
	> Create blueprints: True
	> Create traces: True


===> TRAINING <===

Sample chosen: [356, 939, 578, 863, 946, 36, 490, 907, 625, 738, 466, 881, 761, 229, 605, 935]


********** Running generation 0 **********

Full population's fitness overview:
	-       best fitness: 0.50099
	-       mean fitness: 0.06165
	-      worst fitness: 0.00000
	- standard deviation: 0.08509
Best genome overview:
	- fitness: 0.50099
	- size (hid, conn): (0, 8)
	- genome id: 24
	- belongs to specie: 1
Genetic distance:
	- Maximum: 3.006
	- Mean: 1.869
	- Minimum: 0.253
	- Standard deviation: 0.402

Population of 128 members in 2 species:
	 SID    age    size    fitness    adj fit    stag 
	=====  =====  ======  =========  =========  ======
	  1      0      49      0.501      0.139      0   
	  2      0      79      0.377      0.114      0   

Generation time: 58.385 sec
Population 'novelty_repr_1' saved! Current generation: 1
Sample chosen: [36, 305, 476, 518, 686, 737, 354, 216, 971, 510, 406, 997, 780, 655, 363, 261]


********** Running generation 1 **********

Full population's fitness overview:
	-       best fitness: 0.42212
	-       mean fitness: 0.09080
	-      worst fitness: 0.00051
	- standard deviation: 0.06974
Best genome overview:
	- fitness: 0.42212
	- size (hid, conn): (0, 7)
	- genome id: 177
	- belongs to specie: 2
Genetic distance:
	- Maximum: 2.673
	- Mean: 1.764
	- Minimum: 0.136
	- Standard deviation: 0.455

Population of 128 members in 2 species:
	 SID    age    size    fitness    adj fit    stag 
	=====  =====  ======  =========  =========  ======
	  1      1      52      0.205      0.191      1   
	  2      1      76      0.422      0.228      0   

Generation time: 62.932 sec  (60.658 average)
Population 'novelty_repr_1' saved! Current generation: 2
Sample chosen: [792, 405, 798, 100, 889, 304, 367, 691, 442, 217, 886, 634, 402, 728, 664, 161]


********** Running generation 2 **********

Full population's fitness overview:
	-       best fitness: 0.35550
	-       mean fitness: 0.09134
	-      worst fitness: 0.00077
	- standard deviation: 0.06552
Best genome overview:
	- fitness: 0.35550
	- size (hid, conn): (0, 9)
	- genome id: 263
	- belongs to specie: 1
Genetic distance:
	- Maximum: 2.893
	- Mean: 1.845
	- Minimum: 0.325
	- Standard deviation: 0.433

Population of 128 members in 2 species:
	 SID    age    size    fitness    adj fit    stag 
	=====  =====  ======  =========  =========  ======
	  1      2      35      0.355      0.226      2   
	  2      2      93      0.293      0.275      1   

Generation time: 62.473 sec  (61.263 average)
Population 'novelty_repr_1' saved! Current generation: 3
Sample chosen: [722, 491, 940, 1000, 820, 413, 823, 588, 541, 766, 763, 591, 127, 85, 399, 71]


********** Running generation 3 **********

Full population's fitness overview:
	-       best fitness: 0.38906
	-       mean fitness: 0.10232
	-      worst fitness: 0.00254
	- standard deviation: 0.06662
Best genome overview:
	- fitness: 0.38906
	- size (hid, conn): (2, 12)
	- genome id: 435
	- belongs to specie: 2
Genetic distance:
	- Maximum: 2.867
	- Mean: 1.904
	- Minimum: 0.687
	- Standard deviation: 0.403

Population of 128 members in 2 species:
	 SID    age    size    fitness    adj fit    stag 
	=====  =====  ======  =========  =========  ======
	  1      3      52      0.220      0.215      3   
	  2      3      76      0.389      0.274      2   

Generation time: 62.569 sec  (61.590 average)
Population 'novelty_repr_1' saved! Current generation: 4
Sample chosen: [733, 998, 892, 363, 999, 796, 768, 324, 104, 326, 781, 329, 379, 830, 210, 714]


********** Running generation 4 **********

Full population's fitness overview:
	-       best fitness: 0.57248
	-       mean fitness: 0.10032
	-      worst fitness: 0.00373
	- standard deviation: 0.07495
Best genome overview:
	- fitness: 0.57248
	- size (hid, conn): (2, 12)
	- genome id: 567
	- belongs to specie: 2
Genetic distance:
	- Maximum: 2.824
	- Mean: 1.879
	- Minimum: 0.147
	- Standard deviation: 0.408

Population of 128 members in 2 species:
	 SID    age    size    fitness    adj fit    stag 
	=====  =====  ======  =========  =========  ======
	  1      4      55      0.205      0.136      4   
	  2      4      73      0.572      0.193      0   

Generation time: 62.750 sec  (61.822 average)
Population 'novelty_repr_1' saved! Current generation: 5
Sample chosen: [225, 32, 590, 246, 245, 460, 204, 433, 101, 127, 210, 375, 903, 155, 993, 423]


********** Running generation 5 **********

Full population's fitness overview:
	-       best fitness: 0.36191
	-       mean fitness: 0.09611
	-      worst fitness: 0.00047
	- standard deviation: 0.07467
Best genome overview:
	- fitness: 0.36191
	- size (hid, conn): (2, 12)
	- genome id: 567
	- belongs to specie: 2
Genetic distance:
	- Maximum: 2.627
	- Mean: 1.802
	- Minimum: 0.359
	- Standard deviation: 0.385

Population of 128 members in 2 species:
	 SID    age    size    fitness    adj fit    stag 
	=====  =====  ======  =========  =========  ======
	  1      5      55      0.322      0.217      5   
	  2      5      73      0.362      0.300      1   

Generation time: 65.684 sec  (62.465 average)
Population 'novelty_repr_1' saved! Current generation: 6
Sample chosen: [322, 730, 606, 114, 830, 809, 958, 116, 655, 688, 118, 569, 591, 119, 844, 810]


********** Running generation 6 **********

Full population's fitness overview:
	-       best fitness: 0.35741
	-       mean fitness: 0.10825
	-      worst fitness: 0.00080
	- standard deviation: 0.06561
Best genome overview:
	- fitness: 0.35741
	- size (hid, conn): (0, 7)
	- genome id: 759
	- belongs to specie: 1
Genetic distance:
	- Maximum: 2.475
	- Mean: 1.701
	- Minimum: 0.011
	- Standard deviation: 0.415

Population of 128 members in 2 species:
	 SID    age    size    fitness    adj fit    stag 
	=====  =====  ======  =========  =========  ======
	  1      6      51      0.357      0.246      6   
	  2      6      77      0.335      0.343      2   

Generation time: 68.076 sec  (63.267 average)
Population 'novelty_repr_1' saved! Current generation: 7
Sample chosen: [207, 728, 560, 630, 657, 566, 682, 881, 297, 449, 517, 590, 82, 724, 530, 613]


********** Running generation 7 **********

Full population's fitness overview:
	-       best fitness: 0.33292
	-       mean fitness: 0.10303
	-      worst fitness: 0.00406
	- standard deviation: 0.06530
Best genome overview:
	- fitness: 0.33292
	- size (hid, conn): (2, 12)
	- genome id: 875
	- belongs to specie: 2
Genetic distance:
	- Maximum: 2.479
	- Mean: 1.646
	- Minimum: 0.026
	- Standard deviation: 0.559

Population of 128 members in 2 species:
	 SID    age    size    fitness    adj fit    stag 
	=====  =====  ======  =========  =========  ======
	  1      7      73      0.229      0.254      7   
	  2      7      55      0.333      0.332      3   

Generation time: 64.229 sec  (63.387 average)
Population 'novelty_repr_1' saved! Current generation: 8
Sample chosen: [569, 323, 661, 125, 974, 665, 963, 850, 972, 690, 737, 357, 545, 119, 782, 982]


********** Running generation 8 **********

Full population's fitness overview:
	-       best fitness: 0.32583
	-       mean fitness: 0.11286
	-      worst fitness: 0.00155
	- standard deviation: 0.06510
Best genome overview:
	- fitness: 0.32583
	- size (hid, conn): (2, 13)
	- genome id: 1098
	- belongs to specie: 2
Genetic distance:
	- Maximum: 2.717
	- Mean: 1.700
	- Minimum: 0.080
	- Standard deviation: 0.570

Population of 128 members in 2 species:
	 SID    age    size    fitness    adj fit    stag 
	=====  =====  ======  =========  =========  ======
	  1      8      68      0.224      0.291      8   
	  2      8      60      0.326      0.413      4   

Generation time: 64.804 sec  (63.545 average)
Population 'novelty_repr_1' saved! Current generation: 9
Sample chosen: [222, 757, 898, 857, 442, 507, 538, 245, 613, 978, 450, 818, 295, 496, 15, 481]


********** Running generation 9 **********

Full population's fitness overview:
	-       best fitness: 0.31443
	-       mean fitness: 0.10560
	-      worst fitness: 0.00652
	- standard deviation: 0.06972
Best genome overview:
	- fitness: 0.31443
	- size (hid, conn): (2, 11)
	- genome id: 1191
	- belongs to specie: 2
Genetic distance:
	- Maximum: 2.831
	- Mean: 1.705
	- Minimum: 0.089
	- Standard deviation: 0.552

Population of 128 members in 2 species:
	 SID    age    size    fitness    adj fit    stag 
	=====  =====  ======  =========  =========  ======
	  1      9      60      0.242      0.279      9   
	  2      9      68      0.314      0.371      5   

Generation time: 67.265 sec  (63.917 average)
Population 'novelty_repr_1' saved! Current generation: 10
Sample chosen: [267, 897, 917, 762, 239, 471, 567, 32, 6, 345, 132, 253, 434, 981, 955, 639]


********** Running generation 10 **********

Full population's fitness overview:
	-       best fitness: 0.40561
	-       mean fitness: 0.11340
	-      worst fitness: 0.00626
	- standard deviation: 0.06816
Best genome overview:
	- fitness: 0.40561
	- size (hid, conn): (2, 11)
	- genome id: 1328
	- belongs to specie: 2
Genetic distance:
	- Maximum: 2.595
	- Mean: 1.752
	- Minimum: 0.107
	- Standard deviation: 0.507

Population of 128 members in 2 species:
	 SID    age    size    fitness    adj fit    stag 
	=====  =====  ======  =========  =========  ======
	  1     10      52      0.283      0.231      10  
	  2     10      76      0.406      0.301      6   

Generation time: 66.493 sec  (64.727 average)
Population 'novelty_repr_1' saved! Current generation: 11
Sample chosen: [746, 652, 698, 6, 596, 583, 370, 665, 629, 501, 135, 330, 258, 401, 235, 526]


********** Running generation 11 **********

Full population's fitness overview:
	-       best fitness: 0.37795
	-       mean fitness: 0.11786
	-      worst fitness: 0.00718
	- standard deviation: 0.06553
Best genome overview:
	- fitness: 0.37795
	- size (hid, conn): (0, 6)
	- genome id: 1435
	- belongs to specie: 2
Genetic distance:
	- Maximum: 2.556
	- Mean: 1.780
	- Minimum: 0.143
	- Standard deviation: 0.553

Population of 128 members in 2 species:
	 SID    age    size    fitness    adj fit    stag 
	=====  =====  ======  =========  =========  ======
	  1     11      51      0.285      0.286      11  
	  2     11      77      0.378      0.307      7   

Generation time: 67.904 sec  (65.225 average)
Population 'novelty_repr_1' saved! Current generation: 12
Sample chosen: [327, 529, 138, 810, 582, 868, 908, 294, 438, 262, 702, 269, 949, 712, 923, 864]


********** Running generation 12 **********

Full population's fitness overview:
	-       best fitness: 0.29037
	-       mean fitness: 0.10972
	-      worst fitness: 0.00591
	- standard deviation: 0.05687
Best genome overview:
	- fitness: 0.29037
	- size (hid, conn): (2, 12)
	- genome id: 1463
	- belongs to specie: 2
Genetic distance:
	- Maximum: 2.673
	- Mean: 1.749
	- Minimum: 0.203
	- Standard deviation: 0.494

Population of 128 members in 2 species:
	 SID    age    size    fitness    adj fit    stag 
	=====  =====  ======  =========  =========  ======
	  1     12      59      0.217      0.323      12  
	  2     12      69      0.290      0.393      8   

Generation time: 66.600 sec  (65.637 average)
Population 'novelty_repr_1' saved! Current generation: 13
Sample chosen: [148, 923, 285, 532, 134, 456, 369, 798, 675, 866, 660, 425, 203, 996, 451, 370]


********** Running generation 13 **********

Full population's fitness overview:
	-       best fitness: 0.35687
	-       mean fitness: 0.12263
	-      worst fitness: 0.00644
	- standard deviation: 0.06797
Best genome overview:
	- fitness: 0.35687
	- size (hid, conn): (2, 11)
	- genome id: 1549
	- belongs to specie: 2
Genetic distance:
	- Maximum: 2.620
	- Mean: 1.702
	- Minimum: 0.220
	- Standard deviation: 0.527

Population of 128 members in 2 species:
	 SID    age    size    fitness    adj fit    stag 
	=====  =====  ======  =========  =========  ======
	  1     13      66      0.309      0.333      13  
	  2     13      62      0.357      0.330      9   

Generation time: 66.487 sec  (66.029 average)
Population 'novelty_repr_1' saved! Current generation: 14
Sample chosen: [794, 360, 15, 57, 863, 613, 848, 817, 495, 467, 836, 735, 538, 377, 117, 292]


********** Running generation 14 **********

Full population's fitness overview:
	-       best fitness: 0.36524
	-       mean fitness: 0.11138
	-      worst fitness: 0.00267
	- standard deviation: 0.06699
Best genome overview:
	- fitness: 0.36524
	- size (hid, conn): (1, 9)
	- genome id: 1826
	- belongs to specie: 2
Genetic distance:
	- Maximum: 2.677
	- Mean: 1.668
	- Minimum: 0.468
	- Standard deviation: 0.510

Population of 128 members in 2 species:
	 SID    age    size    fitness    adj fit    stag 
	=====  =====  ======  =========  =========  ======
	  1     14      77      0.272      0.319      14  
	  2     14      51      0.365      0.279      10  

Generation time: 67.072 sec  (66.461 average)
Population 'novelty_repr_1' saved! Current generation: 15
Sample chosen: [483, 496, 715, 194, 177, 1, 694, 611, 11, 20, 792, 995, 738, 458, 87, 722]


********** Running generation 15 **********

Full population's fitness overview:
	-       best fitness: 0.31629
	-       mean fitness: 0.12019
	-      worst fitness: 0.00702
	- standard deviation: 0.06170
Best genome overview:
	- fitness: 0.31629
	- size (hid, conn): (2, 12)
	- genome id: 1969
	- belongs to specie: 2
Genetic distance:
	- Maximum: 2.780
	- Mean: 1.680
	- Minimum: 0.428
	- Standard deviation: 0.566

Population of 128 members in 2 species:
	 SID    age    size    fitness    adj fit    stag 
	=====  =====  ======  =========  =========  ======
	  1     15      74      0.216      0.348      15  
	  2     15      54      0.316      0.393      11  

Generation time: 69.521 sec  (66.845 average)
Population 'novelty_repr_1' saved! Current generation: 16
Sample chosen: [146, 225, 68, 349, 117, 624, 699, 997, 993, 832, 668, 396, 806, 555, 336, 120]


********** Running generation 16 **********

Full population's fitness overview:
	-       best fitness: 0.30930
	-       mean fitness: 0.11235
	-      worst fitness: 0.01624
	- standard deviation: 0.05743
Best genome overview:
	- fitness: 0.30930
	- size (hid, conn): (3, 13)
	- genome id: 2108
	- belongs to specie: 2
Genetic distance:
	- Maximum: 3.164
	- Mean: 1.848
	- Minimum: 0.381
	- Standard deviation: 0.661

Population of 128 members in 3 species:
	 SID    age    size    fitness    adj fit    stag 
	=====  =====  ======  =========  =========  ======
	  1     16      30      0.258      0.326      16  
	  2     16      49      0.309      0.331      12  
	  3      0      49       --         --        0   

Generation time: 69.744 sec  (67.012 average)
Population 'novelty_repr_1' saved! Current generation: 17
Sample chosen: [452, 61, 860, 348, 163, 299, 86, 810, 872, 439, 390, 675, 293, 740, 246, 680]


********** Running generation 17 **********

Full population's fitness overview:
	-       best fitness: 0.33065
	-       mean fitness: 0.11957
	-      worst fitness: 0.01394
	- standard deviation: 0.05712
Best genome overview:
	- fitness: 0.33065
	- size (hid, conn): (2, 12)
	- genome id: 2230
	- belongs to specie: 1
Genetic distance:
	- Maximum: 3.177
	- Mean: 1.861
	- Minimum: 0.147
	- Standard deviation: 0.807

Population of 128 members in 3 species:
	 SID    age    size    fitness    adj fit    stag 
	=====  =====  ======  =========  =========  ======
	  1     17      28      0.331      0.351      17  
	  2     17      41      0.327      0.336      13  
	  3      1      59      0.211      0.321      0   

Generation time: 68.550 sec  (67.444 average)
Population 'novelty_repr_1' saved! Current generation: 18
Sample chosen: [799, 708, 57, 990, 955, 904, 195, 117, 257, 874, 881, 889, 913, 905, 819, 335]


********** Running generation 18 **********

Full population's fitness overview:
	-       best fitness: 0.39008
	-       mean fitness: 0.11437
	-      worst fitness: 0.00230
	- standard deviation: 0.06394
Best genome overview:
	- fitness: 0.39008
	- size (hid, conn): (2, 12)
	- genome id: 2307
	- belongs to specie: 2

Species 1 with 28 members is stagnated: removing it
Genetic distance:
	- Maximum: 2.961
	- Mean: 1.774
	- Minimum: 0.269
	- Standard deviation: 0.905

Population of 128 members in 2 species:
	 SID    age    size    fitness    adj fit    stag 
	=====  =====  ======  =========  =========  ======
	  2     18      60      0.390      0.305      14  
	  3      2      68      0.302      0.306      0   

Generation time: 66.515 sec  (67.615 average)
Population 'novelty_repr_1' saved! Current generation: 19
Sample chosen: [682, 597, 284, 240, 536, 102, 594, 478, 289, 851, 667, 236, 436, 316, 424, 819]


********** Running generation 19 **********

Full population's fitness overview:
	-       best fitness: 0.37895
	-       mean fitness: 0.12285
	-      worst fitness: 0.01862
	- standard deviation: 0.06640
Best genome overview:
	- fitness: 0.37895
	- size (hid, conn): (1, 9)
	- genome id: 2471
	- belongs to specie: 2

Species 2 with 60 members is stagnated: removing it
Genetic distance:
	- Maximum: 2.400
	- Mean: 1.118
	- Minimum: 0.137
	- Standard deviation: 0.432

Population of 128 members in 1 species:
	 SID    age    size    fitness    adj fit    stag 
	=====  =====  ======  =========  =========  ======
	  3      3     128      0.278      0.390      1   

Generation time: 67.171 sec  (67.606 average)
Population 'novelty_repr_1' saved! Current generation: 20
Sample chosen: [340, 665, 710, 53, 568, 498, 194, 744, 489, 702, 563, 236, 881, 268, 864, 318]


********** Running generation 20 **********

Full population's fitness overview:
	-       best fitness: 0.35602
	-       mean fitness: 0.12839
	-      worst fitness: 0.00790
	- standard deviation: 0.05525
Best genome overview:
	- fitness: 0.35602
	- size (hid, conn): (3, 11)
	- genome id: 2491
	- belongs to specie: 3
Genetic distance:
	- Maximum: 2.310
	- Mean: 1.148
	- Minimum: 0.225
	- Standard deviation: 0.429

Population of 128 members in 1 species:
	 SID    age    size    fitness    adj fit    stag 
	=====  =====  ======  =========  =========  ======
	  3      4     128      0.356      0.346      0   

Generation time: 65.980 sec  (67.554 average)
Population 'novelty_repr_1' saved! Current generation: 21
Sample chosen: [29, 958, 264, 401, 124, 705, 911, 714, 205, 60, 908, 17, 739, 752, 600, 923]


********** Running generation 21 **********

Full population's fitness overview:
	-       best fitness: 0.40986
	-       mean fitness: 0.13078
	-      worst fitness: 0.02000
	- standard deviation: 0.05921
Best genome overview:
	- fitness: 0.40986
	- size (hid, conn): (2, 9)
	- genome id: 2678
	- belongs to specie: 3
Genetic distance:
	- Maximum: 2.491
	- Mean: 1.230
	- Minimum: 0.363
	- Standard deviation: 0.450

Population of 128 members in 1 species:
	 SID    age    size    fitness    adj fit    stag 
	=====  =====  ======  =========  =========  ======
	  3      5     128      0.410      0.284      0   

Generation time: 65.785 sec  (67.342 average)
Population 'novelty_repr_1' saved! Current generation: 22
Sample chosen: [291, 872, 726, 635, 450, 812, 818, 942, 398, 747, 178, 160, 238, 17, 496, 999]


********** Running generation 22 **********

Full population's fitness overview:
	-       best fitness: 0.34409
	-       mean fitness: 0.11949
	-      worst fitness: 0.01372
	- standard deviation: 0.05222
Best genome overview:
	- fitness: 0.34409
	- size (hid, conn): (1, 6)
	- genome id: 2748
	- belongs to specie: 3
Genetic distance:
	- Maximum: 2.930
	- Mean: 1.564
	- Minimum: 0.556
	- Standard deviation: 0.447

Population of 128 members in 2 species:
	 SID    age    size    fitness    adj fit    stag 
	=====  =====  ======  =========  =========  ======
	  3      6     125      0.344      0.320      1   
	  4      0      3        --         --        0   

Generation time: 63.922 sec  (67.075 average)
Population 'novelty_repr_1' saved! Current generation: 23
Sample chosen: [114, 592, 981, 154, 321, 955, 394, 364, 354, 722, 810, 709, 864, 518, 603, 891]


********** Running generation 23 **********

Full population's fitness overview:
	-       best fitness: 0.29824
	-       mean fitness: 0.11699
	-      worst fitness: 0.01135
	- standard deviation: 0.06056
Best genome overview:
	- fitness: 0.29824
	- size (hid, conn): (0, 3)
	- genome id: 2978
	- belongs to specie: 3
Genetic distance:
	- Maximum: 3.048
	- Mean: 1.813
	- Minimum: 0.000
	- Standard deviation: 0.531

Population of 128 members in 3 species:
	 SID    age    size    fitness    adj fit    stag 
	=====  =====  ======  =========  =========  ======
	  3      7     100      0.298      0.374      2   
	  4      1      27      0.080      0.132      0   
	  5      0      1        --         --        0   

Generation time: 62.206 sec  (66.647 average)
Population 'novelty_repr_1' saved! Current generation: 24
Sample chosen: [34, 211, 26, 32, 119, 218, 110, 20, 772, 137, 281, 28, 927, 194, 294, 701]


********** Running generation 24 **********

Full population's fitness overview:
	-       best fitness: 0.34506
	-       mean fitness: 0.11302
	-      worst fitness: 0.00829
	- standard deviation: 0.06355
Best genome overview:
	- fitness: 0.34506
	- size (hid, conn): (2, 8)
	- genome id: 3086
	- belongs to specie: 3
Genetic distance:
	- Maximum: 3.364
	- Mean: 1.932
	- Minimum: 0.000
	- Standard deviation: 0.578

Population of 128 members in 3 species:
	 SID    age    size    fitness    adj fit    stag 
	=====  =====  ======  =========  =========  ======
	  3      8      59      0.345      0.342      3   
	  4      2      49      0.213      0.200      0   
	  5      1      20      0.089      0.240      0   

Generation time: 63.758 sec  (66.315 average)
Population 'novelty_repr_1' saved! Current generation: 25
Sample chosen: [771, 584, 498, 986, 707, 677, 973, 733, 884, 300, 569, 896, 877, 258, 55, 833]


********** Running generation 25 **********

Full population's fitness overview:
	-       best fitness: 0.30446
	-       mean fitness: 0.11211
	-      worst fitness: 0.00047
	- standard deviation: 0.06310
Best genome overview:
	- fitness: 0.30446
	- size (hid, conn): (3, 11)
	- genome id: 3162
	- belongs to specie: 4
Genetic distance:
	- Maximum: 3.232
	- Mean: 1.955
	- Minimum: 0.492
	- Standard deviation: 0.577

Population of 129 members in 3 species:
	 SID    age    size    fitness    adj fit    stag 
	=====  =====  ======  =========  =========  ======
	  3      9      65      0.293      0.426      4   
	  4      3      43      0.304      0.380      0   
	  5      2      21      0.137      0.164      0   

Generation time: 66.717 sec  (66.035 average)
Population 'novelty_repr_1' saved! Current generation: 26
Sample chosen: [459, 894, 222, 376, 672, 39, 814, 151, 891, 534, 333, 456, 393, 322, 192, 270]


********** Running generation 26 **********

Full population's fitness overview:
	-       best fitness: 0.25443
	-       mean fitness: 0.11201
	-      worst fitness: 0.01019
	- standard deviation: 0.05169
Best genome overview:
	- fitness: 0.25443
	- size (hid, conn): (0, 4)
	- genome id: 3290
	- belongs to specie: 3
Genetic distance:
	- Maximum: 3.344
	- Mean: 1.977
	- Minimum: 0.452
	- Standard deviation: 0.494

Population of 129 members in 3 species:
	 SID    age    size    fitness    adj fit    stag 
	=====  =====  ======  =========  =========  ======
	  3     10      56      0.254      0.476      5   
	  4      4      50      0.230      0.421      1   
	  5      3      23      0.177      0.226      0   

Generation time: 67.120 sec  (65.772 average)
Population 'novelty_repr_1' saved! Current generation: 27
Sample chosen: [973, 674, 946, 133, 974, 375, 534, 822, 512, 53, 69, 659, 223, 202, 83, 434]


********** Running generation 27 **********

Full population's fitness overview:
	-       best fitness: 0.31418
	-       mean fitness: 0.10263
	-      worst fitness: 0.00893
	- standard deviation: 0.05236
Best genome overview:
	- fitness: 0.31418
	- size (hid, conn): (0, 2)
	- genome id: 3279
	- belongs to specie: 3
Genetic distance:
	- Maximum: 3.153
	- Mean: 1.932
	- Minimum: 0.516
	- Standard deviation: 0.458

Population of 129 members in 3 species:
	 SID    age    size    fitness    adj fit    stag 
	=====  =====  ======  =========  =========  ======
	  3     11      25      0.314      0.347      6   
	  4      5      72      0.202      0.278      2   
	  5      4      32      0.222      0.272      0   

Generation time: 65.591 sec  (65.476 average)
Population 'novelty_repr_1' saved! Current generation: 28
Sample chosen: [88, 746, 400, 38, 308, 735, 601, 486, 460, 455, 154, 100, 226, 928, 664, 158]


********** Running generation 28 **********

Full population's fitness overview:
	-       best fitness: 0.48861
	-       mean fitness: 0.12242
	-      worst fitness: 0.00430
	- standard deviation: 0.06715
Best genome overview:
	- fitness: 0.48861
	- size (hid, conn): (2, 10)
	- genome id: 3573
	- belongs to specie: 4
Genetic distance:
	- Maximum: 3.226
	- Mean: 1.948
	- Minimum: 0.550
	- Standard deviation: 0.492

Population of 129 members in 3 species:
	 SID    age    size    fitness    adj fit    stag 
	=====  =====  ======  =========  =========  ======
	  3     12      95      0.220      0.255      7   
	  4      6      4       0.489      0.269      0   
	  5      5      30      0.221      0.178      1   

Generation time: 63.693 sec  (65.194 average)
Population 'novelty_repr_1' saved! Current generation: 29
Sample chosen: [298, 475, 698, 277, 647, 439, 445, 838, 301, 858, 11, 770, 950, 743, 143, 176]


********** Running generation 29 **********

Full population's fitness overview:
	-       best fitness: 0.50124
	-       mean fitness: 0.11543
	-      worst fitness: 0.01027
	- standard deviation: 0.06768
Best genome overview:
	- fitness: 0.50124
	- size (hid, conn): (0, 1)
	- genome id: 3640
	- belongs to specie: 3
Genetic distance:
	- Maximum: 3.092
	- Mean: 1.980
	- Minimum: 0.000
	- Standard deviation: 0.541

Population of 128 members in 3 species:
	 SID    age    size    fitness    adj fit    stag 
	=====  =====  ======  =========  =========  ======
	  3     13      62      0.501      0.230      0   
	  4      7      28      0.219      0.270      1   
	  5      6      38      0.206      0.158      2   

Generation time: 66.718 sec  (65.149 average)
Population 'novelty_repr_1' saved! Current generation: 30
Sample chosen: [834, 675, 340, 734, 930, 660, 759, 199, 663, 975, 227, 229, 502, 490, 7, 772]


********** Running generation 30 **********

Full population's fitness overview:
	-       best fitness: 0.42280
	-       mean fitness: 0.13623
	-      worst fitness: 0.01128
	- standard deviation: 0.06347
Best genome overview:
	- fitness: 0.42280
	- size (hid, conn): (0, 3)
	- genome id: 3814
	- belongs to specie: 3
Genetic distance:
	- Maximum: 2.958
	- Mean: 2.043
	- Minimum: 0.386
	- Standard deviation: 0.511

Population of 128 members in 3 species:
	 SID    age    size    fitness    adj fit    stag 
	=====  =====  ======  =========  =========  ======
	  3     14      67      0.423      0.329      1   
	  4      8      31      0.228      0.294      2   
	  5      7      30      0.335      0.270      0   

Generation time: 65.466 sec  (65.098 average)
Population 'novelty_repr_1' saved! Current generation: 31
Sample chosen: [280, 890, 546, 299, 246, 500, 955, 834, 774, 998, 301, 963, 917, 491, 805, 795]


********** Running generation 31 **********

Full population's fitness overview:
	-       best fitness: 0.40474
	-       mean fitness: 0.12789
	-      worst fitness: 0.02323
	- standard deviation: 0.06535
Best genome overview:
	- fitness: 0.40474
	- size (hid, conn): (1, 3)
	- genome id: 3886
	- belongs to specie: 3
Genetic distance:
	- Maximum: 3.075
	- Mean: 1.915
	- Minimum: 0.172
	- Standard deviation: 0.507

Population of 127 members in 3 species:
	 SID    age    size    fitness    adj fit    stag 
	=====  =====  ======  =========  =========  ======
	  3     15      16      0.405      0.288      2   
	  4      9      37      0.186      0.249      3   
	  5      8      74      0.391      0.271      0   

Generation time: 63.809 sec  (64.900 average)
Population 'novelty_repr_1' saved! Current generation: 32
Sample chosen: [780, 966, 466, 981, 431, 364, 468, 227, 781, 986, 970, 734, 433, 366, 340, 899]


********** Running generation 32 **********

Full population's fitness overview:
	-       best fitness: 0.27924
	-       mean fitness: 0.12820
	-      worst fitness: 0.01547
	- standard deviation: 0.05564
Best genome overview:
	- fitness: 0.27924
	- size (hid, conn): (0, 1)
	- genome id: 4019
	- belongs to specie: 5
Genetic distance:
	- Maximum: 2.403
	- Mean: 1.702
	- Minimum: 0.288
	- Standard deviation: 0.421

Population of 128 members in 3 species:
	 SID    age    size    fitness    adj fit    stag 
	=====  =====  ======  =========  =========  ======
	  3     16      40      0.254      0.417      3   
	  4     10      40      0.252      0.423      4   
	  5      9      48      0.279      0.432      1   

Generation time: 65.756 sec  (65.083 average)
Population 'novelty_repr_1' saved! Current generation: 33
Sample chosen: [825, 298, 283, 330, 678, 692, 8, 429, 249, 357, 524, 302, 373, 949, 265, 215]


********** Running generation 33 **********

Full population's fitness overview:
	-       best fitness: 0.40627
	-       mean fitness: 0.11520
	-      worst fitness: 0.02937
	- standard deviation: 0.06875
Best genome overview:
	- fitness: 0.40627
	- size (hid, conn): (2, 8)
	- genome id: 4159
	- belongs to specie: 3
Genetic distance:
	- Maximum: 2.731
	- Mean: 1.742
	- Minimum: 0.600
	- Standard deviation: 0.431

Population of 128 members in 3 species:
	 SID    age    size    fitness    adj fit    stag 
	=====  =====  ======  =========  =========  ======
	  3     17      43      0.406      0.264      4   
	  4     11      39      0.205      0.191      5   
	  5     10      46      0.259      0.228      2   

Generation time: 64.175 sec  (65.280 average)
Population 'novelty_repr_1' saved! Current generation: 34
Sample chosen: [339, 735, 411, 324, 785, 306, 508, 43, 790, 962, 901, 374, 650, 273, 84, 908]


********** Running generation 34 **********

Full population's fitness overview:
	-       best fitness: 0.36377
	-       mean fitness: 0.12713
	-      worst fitness: 0.03121
	- standard deviation: 0.05830
Best genome overview:
	- fitness: 0.36377
	- size (hid, conn): (2, 11)
	- genome id: 4298
	- belongs to specie: 3
Genetic distance:
	- Maximum: 2.964
	- Mean: 1.844
	- Minimum: 0.033
	- Standard deviation: 0.517

Population of 128 members in 3 species:
	 SID    age    size    fitness    adj fit    stag 
	=====  =====  ======  =========  =========  ======
	  3     18      48      0.364      0.316      5   
	  4     12      23      0.264      0.268      6   
	  5     11      57      0.235      0.280      3   

Generation time: 68.049 sec  (65.709 average)
Population 'novelty_repr_1' saved! Current generation: 35
Sample chosen: [606, 759, 41, 741, 817, 809, 580, 685, 537, 591, 613, 932, 102, 49, 974, 69]


********** Running generation 35 **********

Full population's fitness overview:
	-       best fitness: 0.30728
	-       mean fitness: 0.12921
	-      worst fitness: 0.03601
	- standard deviation: 0.04828
Best genome overview:
	- fitness: 0.30728
	- size (hid, conn): (2, 11)
	- genome id: 4420
	- belongs to specie: 3
Genetic distance:
	- Maximum: 2.964
	- Mean: 1.963
	- Minimum: 0.018
	- Standard deviation: 0.579

Population of 128 members in 3 species:
	 SID    age    size    fitness    adj fit    stag 
	=====  =====  ======  =========  =========  ======
	  3     19      48      0.307      0.349      6   
	  4     13      48      0.178      0.287      7   
	  5     12      32      0.256      0.361      4   

Generation time: 65.125 sec  (65.550 average)
Population 'novelty_repr_1' saved! Current generation: 36
Sample chosen: [605, 193, 67, 237, 924, 509, 864, 178, 195, 824, 945, 667, 96, 489, 296, 857]


********** Running generation 36 **********

Full population's fitness overview:
	-       best fitness: 0.32601
	-       mean fitness: 0.11879
	-      worst fitness: 0.01318
	- standard deviation: 0.06484
Best genome overview:
	- fitness: 0.32601
	- size (hid, conn): (1, 8)
	- genome id: 4575
	- belongs to specie: 3
Genetic distance:
	- Maximum: 2.958
	- Mean: 1.969
	- Minimum: 0.000
	- Standard deviation: 0.624

Population of 128 members in 3 species:
	 SID    age    size    fitness    adj fit    stag 
	=====  =====  ======  =========  =========  ======
	  3     20      54      0.326      0.381      7   
	  4     14      40      0.172      0.263      8   
	  5     13      34      0.312      0.384      5   

Generation time: 67.835 sec  (65.622 average)
Population 'novelty_repr_1' saved! Current generation: 37
Sample chosen: [403, 379, 799, 290, 103, 644, 83, 410, 110, 462, 539, 292, 540, 771, 25, 818]


********** Running generation 37 **********

Full population's fitness overview:
	-       best fitness: 0.32443
	-       mean fitness: 0.13307
	-      worst fitness: 0.00897
	- standard deviation: 0.05915
Best genome overview:
	- fitness: 0.32443
	- size (hid, conn): (1, 8)
	- genome id: 4663
	- belongs to specie: 3
Genetic distance:
	- Maximum: 3.030
	- Mean: 2.023
	- Minimum: 0.062
	- Standard deviation: 0.602

Population of 127 members in 3 species:
	 SID    age    size    fitness    adj fit    stag 
	=====  =====  ======  =========  =========  ======
	  3     21      57      0.324      0.443      8   
	  4     15      37      0.248      0.334      9   
	  5     14      33      0.232      0.385      6   

Generation time: 62.379 sec  (65.301 average)
Population 'novelty_repr_1' saved! Current generation: 38
Sample chosen: [913, 327, 419, 531, 298, 804, 991, 528, 793, 311, 931, 176, 37, 556, 98, 595]


********** Running generation 38 **********

Full population's fitness overview:
	-       best fitness: 0.27794
	-       mean fitness: 0.11278
	-      worst fitness: 0.01345
	- standard deviation: 0.05830
Best genome overview:
	- fitness: 0.27794
	- size (hid, conn): (1, 3)
	- genome id: 4732
	- belongs to specie: 5
Genetic distance:
	- Maximum: 2.988
	- Mean: 2.025
	- Minimum: 0.000
	- Standard deviation: 0.631

Population of 127 members in 3 species:
	 SID    age    size    fitness    adj fit    stag 
	=====  =====  ======  =========  =========  ======
	  3     22      56      0.236      0.400      9   
	  4     16      35      0.245      0.288      10  
	  5     15      36      0.278      0.432      7   

Generation time: 62.401 sec  (65.171 average)
Population 'novelty_repr_1' saved! Current generation: 39
Sample chosen: [888, 808, 208, 987, 979, 629, 190, 287, 235, 688, 87, 661, 139, 796, 150, 475]


********** Running generation 39 **********

Full population's fitness overview:
	-       best fitness: 0.29410
	-       mean fitness: 0.13545
	-      worst fitness: 0.02969
	- standard deviation: 0.05256
Best genome overview:
	- fitness: 0.29410
	- size (hid, conn): (0, 4)
	- genome id: 4866
	- belongs to specie: 3
Genetic distance:
	- Maximum: 3.088
	- Mean: 1.967
	- Minimum: 0.090
	- Standard deviation: 0.609

Population of 127 members in 3 species:
	 SID    age    size    fitness    adj fit    stag 
	=====  =====  ======  =========  =========  ======
	  3     23      49      0.294      0.379      10  
	  4     17      38      0.275      0.390      11  
	  5     16      40      0.254      0.441      8   

Generation time: 66.677 sec  (65.167 average)
Population 'novelty_repr_1' saved! Current generation: 40
Sample chosen: [403, 170, 872, 539, 291, 442, 763, 335, 457, 852, 123, 503, 133, 583, 571, 687]


********** Running generation 40 **********

Full population's fitness overview:
	-       best fitness: 0.28694
	-       mean fitness: 0.12551
	-      worst fitness: 0.01477
	- standard deviation: 0.05915
Best genome overview:
	- fitness: 0.28694
	- size (hid, conn): (0, 1)
	- genome id: 4976
	- belongs to specie: 5
Genetic distance:
	- Maximum: 3.082
	- Mean: 1.915
	- Minimum: 0.082
	- Standard deviation: 0.611

Population of 128 members in 3 species:
	 SID    age    size    fitness    adj fit    stag 
	=====  =====  ======  =========  =========  ======
	  3     24      52      0.248      0.403      11  
	  4     18      36      0.206      0.327      12  
	  5     17      40      0.287      0.488      9   

Generation time: 64.634 sec  (65.084 average)
Population 'novelty_repr_1' saved! Current generation: 41
Sample chosen: [583, 985, 896, 37, 773, 667, 408, 849, 580, 712, 172, 579, 413, 10, 219, 829]


********** Running generation 41 **********

Full population's fitness overview:
	-       best fitness: 0.29703
	-       mean fitness: 0.12754
	-      worst fitness: 0.01515
	- standard deviation: 0.05661
Best genome overview:
	- fitness: 0.29703
	- size (hid, conn): (1, 8)
	- genome id: 5122
	- belongs to specie: 3
Genetic distance:
	- Maximum: 3.012
	- Mean: 1.918
	- Minimum: 0.140
	- Standard deviation: 0.616

Population of 128 members in 3 species:
	 SID    age    size    fitness    adj fit    stag 
	=====  =====  ======  =========  =========  ======
	  3     25      56      0.297      0.416      12  
	  4     19      35      0.203      0.323      13  
	  5     18      37      0.262      0.444      10  

Generation time: 64.998 sec  (65.203 average)
Population 'novelty_repr_1' saved! Current generation: 42
Sample chosen: [720, 357, 168, 507, 838, 929, 739, 862, 640, 908, 217, 64, 636, 121, 631, 973]


********** Running generation 42 **********

Full population's fitness overview:
	-       best fitness: 0.29563
	-       mean fitness: 0.12772
	-      worst fitness: 0.01535
	- standard deviation: 0.06087
Best genome overview:
	- fitness: 0.29563
	- size (hid, conn): (0, 1)
	- genome id: 5256
	- belongs to specie: 5
Genetic distance:
	- Maximum: 3.013
	- Mean: 1.932
	- Minimum: 0.000
	- Standard deviation: 0.665

Population of 128 members in 3 species:
	 SID    age    size    fitness    adj fit    stag 
	=====  =====  ======  =========  =========  ======
	  3     26      45      0.293      0.407      13  
	  4     20      36      0.226      0.351      14  
	  5     19      47      0.296      0.439      11  

Generation time: 64.221 sec  (65.049 average)
Population 'novelty_repr_1' saved! Current generation: 43
Sample chosen: [148, 146, 332, 34, 659, 910, 264, 176, 463, 208, 856, 352, 842, 188, 784, 797]


********** Running generation 43 **********

Full population's fitness overview:
	-       best fitness: 0.31430
	-       mean fitness: 0.12833
	-      worst fitness: 0.02283
	- standard deviation: 0.05729
Best genome overview:
	- fitness: 0.31430
	- size (hid, conn): (1, 7)
	- genome id: 5368
	- belongs to specie: 3

Species 4 with 36 members is stagnated: removing it
Genetic distance:
	- Maximum: 3.469
	- Mean: 1.692
	- Minimum: 0.013
	- Standard deviation: 0.695

Population of 128 members in 2 species:
	 SID    age    size    fitness    adj fit    stag 
	=====  =====  ======  =========  =========  ======
	  3     27      64      0.314      0.354      14  
	  5     20      64      0.294      0.407      12  

Generation time: 63.909 sec  (65.023 average)
Population 'novelty_repr_1' saved! Current generation: 44
Sample chosen: [520, 863, 19, 271, 608, 675, 49, 354, 97, 48, 118, 9, 337, 974, 838, 268]


********** Running generation 44 **********

Full population's fitness overview:
	-       best fitness: 0.26682
	-       mean fitness: 0.12599
	-      worst fitness: 0.03313
	- standard deviation: 0.04885
Best genome overview:
	- fitness: 0.26682
	- size (hid, conn): (1, 7)
	- genome id: 5499
	- belongs to specie: 3
Genetic distance:
	- Maximum: 2.982
	- Mean: 1.963
	- Minimum: 0.030
	- Standard deviation: 0.666

Population of 128 members in 4 species:
	 SID    age    size    fitness    adj fit    stag 
	=====  =====  ======  =========  =========  ======
	  3     28      62      0.267      0.428      15  
	  5     21      60      0.225      0.367      13  
	  6      0      5        --         --        0   
	  7      0      1        --         --        0   

Generation time: 66.519 sec  (64.870 average)
Population 'novelty_repr_1' saved! Current generation: 45
Sample chosen: [146, 130, 939, 529, 578, 309, 834, 194, 389, 631, 667, 370, 465, 789, 304, 443]


********** Running generation 45 **********

Full population's fitness overview:
	-       best fitness: 0.25596
	-       mean fitness: 0.12405
	-      worst fitness: 0.01632
	- standard deviation: 0.05189
Best genome overview:
	- fitness: 0.25596
	- size (hid, conn): (0, 1)
	- genome id: 5579
	- belongs to specie: 5
Genetic distance:
	- Maximum: 3.211
	- Mean: 2.040
	- Minimum: 0.000
	- Standard deviation: 0.693

Population of 128 members in 4 species:
	 SID    age    size    fitness    adj fit    stag 
	=====  =====  ======  =========  =========  ======
	  3     29      52      0.230      0.445      16  
	  5     22      45      0.256      0.461      14  
	  6      1      25      0.172      0.447      0   
	  7      1      6       0.037      0.088      0   

Generation time: 64.547 sec  (64.812 average)
Population 'novelty_repr_1' saved! Current generation: 46
Sample chosen: [21, 826, 919, 726, 89, 63, 779, 868, 799, 694, 989, 313, 471, 591, 615, 590]


********** Running generation 46 **********

Full population's fitness overview:
	-       best fitness: 0.29443
	-       mean fitness: 0.12132
	-      worst fitness: 0.02346
	- standard deviation: 0.05585
Best genome overview:
	- fitness: 0.29443
	- size (hid, conn): (0, 1)
	- genome id: 5579
	- belongs to specie: 5

Species 3 with 52 members is stagnated: removing it

Species 5 with 45 members is stagnated: removing it
Genetic distance:
	- Maximum: 3.472
	- Mean: 2.086
	- Minimum: 0.134
	- Standard deviation: 0.591

Population of 128 members in 4 species:
	 SID    age    size    fitness    adj fit    stag 
	=====  =====  ======  =========  =========  ======
	  6      2      80      0.178      0.547      0   
	  7      2      34      0.079      0.181      0   
	  8      0      7        --         --        0   
	  9      0      7        --         --        0   

Generation time: 66.397 sec  (64.668 average)
Population 'novelty_repr_1' saved! Current generation: 47
Sample chosen: [74, 585, 238, 896, 521, 680, 970, 21, 474, 668, 915, 335, 877, 162, 247, 916]


********** Running generation 47 **********

Full population's fitness overview:
	-       best fitness: 0.31595
	-       mean fitness: 0.10486
	-      worst fitness: 0.00661
	- standard deviation: 0.06097
Best genome overview:
	- fitness: 0.31595
	- size (hid, conn): (0, 1)
	- genome id: 5862
	- belongs to specie: 6
Genetic distance:
	- Maximum: 3.637
	- Mean: 1.989
	- Minimum: 0.094
	- Standard deviation: 0.433

Population of 128 members in 4 species:
	 SID    age    size    fitness    adj fit    stag 
	=====  =====  ======  =========  =========  ======
	  6      3      33      0.316      0.356      0   
	  7      3      17      0.263      0.229      0   
	  8      1      65      0.215      0.282      0   
	  9      1      13      0.178      0.340      0   

Generation time: 65.814 sec  (65.012 average)
Population 'novelty_repr_1' saved! Current generation: 48
Sample chosen: [203, 335, 476, 965, 866, 390, 357, 625, 551, 687, 263, 950, 983, 308, 883, 941]


********** Running generation 48 **********

Full population's fitness overview:
	-       best fitness: 0.26064
	-       mean fitness: 0.11783
	-      worst fitness: 0.01822
	- standard deviation: 0.05993
Best genome overview:
	- fitness: 0.26064
	- size (hid, conn): (0, 1)
	- genome id: 5862
	- belongs to specie: 8
Genetic distance:
	- Maximum: 3.221
	- Mean: 1.891
	- Minimum: 0.205
	- Standard deviation: 0.455

Population of 128 members in 4 species:
	 SID    age    size    fitness    adj fit    stag 
	=====  =====  ======  =========  =========  ======
	  6      4      18      0.261      0.510      1   
	  7      4      11      0.246      0.464      1   
	  8      2      19      0.261      0.323      0   
	  9      2      80      0.255      0.529      0   

Generation time: 65.131 sec  (65.285 average)
Population 'novelty_repr_1' saved! Current generation: 49
Sample chosen: [698, 822, 6, 238, 159, 427, 542, 713, 247, 113, 581, 845, 376, 111, 1, 851]


********** Running generation 49 **********

Full population's fitness overview:
	-       best fitness: 0.30702
	-       mean fitness: 0.11706
	-      worst fitness: 0.02249
	- standard deviation: 0.05598
Best genome overview:
	- fitness: 0.30702
	- size (hid, conn): (1, 3)
	- genome id: 6146
	- belongs to specie: 9
Genetic distance:
	- Maximum: 3.252
	- Mean: 1.885
	- Minimum: 0.000
	- Standard deviation: 0.532

Population of 128 members in 4 species:
	 SID    age    size    fitness    adj fit    stag 
	=====  =====  ======  =========  =========  ======
	  6      5      18      0.211      0.329      2   
	  7      5      19      0.138      0.258      2   
	  8      3      15      0.282      0.282      0   
	  9      3      76      0.307      0.355      0   

Generation time: 65.218 sec  (65.139 average)
Population 'novelty_repr_1' saved! Current generation: 50
Sample chosen: [467, 90, 182, 936, 773, 968, 635, 727, 928, 926, 994, 74, 982, 1, 214, 46]


********** Running generation 50 **********

Full population's fitness overview:
	-       best fitness: 0.33336
	-       mean fitness: 0.12371
	-      worst fitness: 0.01689
	- standard deviation: 0.06028
Best genome overview:
	- fitness: 0.33336
	- size (hid, conn): (0, 1)
	- genome id: 6095
	- belongs to specie: 9
Genetic distance:
	- Maximum: 3.150
	- Mean: 1.875
	- Minimum: 0.105
	- Standard deviation: 0.496

Population of 127 members in 4 species:
	 SID    age    size    fitness    adj fit    stag 
	=====  =====  ======  =========  =========  ======
	  6      6      28      0.321      0.415      0   
	  7      6      62      0.257      0.246      3   
	  8      4      27      0.184      0.305      1   
	  9      4      10      0.333      0.348      0   

Generation time: 65.553 sec  (65.231 average)
Population 'novelty_repr_1' saved! Current generation: 51
Sample chosen: [950, 993, 467, 23, 872, 881, 489, 823, 900, 765, 57, 594, 122, 81, 980, 608]


********** Running generation 51 **********

Full population's fitness overview:
	-       best fitness: 0.24749
	-       mean fitness: 0.11550
	-      worst fitness: 0.02334
	- standard deviation: 0.05269
Best genome overview:
	- fitness: 0.24749
	- size (hid, conn): (0, 1)
	- genome id: 6349
	- belongs to specie: 7
Genetic distance:
	- Maximum: 3.216
	- Mean: 1.741
	- Minimum: 0.028
	- Standard deviation: 0.489

Population of 127 members in 4 species:
	 SID    age    size    fitness    adj fit    stag 
	=====  =====  ======  =========  =========  ======
	  6      7      30      0.238      0.455      1   
	  7      7      47      0.247      0.386      4   
	  8      5      28      0.169      0.379      2   
	  9      5      22      0.238      0.533      1   

Generation time: 63.537 sec  (65.084 average)
Population 'novelty_repr_1' saved! Current generation: 52
Sample chosen: [247, 124, 716, 789, 28, 703, 453, 470, 472, 648, 853, 277, 136, 635, 851, 930]


********** Running generation 52 **********

Full population's fitness overview:
	-       best fitness: 0.31817
	-       mean fitness: 0.12242
	-      worst fitness: 0.01007
	- standard deviation: 0.05322
Best genome overview:
	- fitness: 0.31817
	- size (hid, conn): (2, 4)
	- genome id: 6513
	- belongs to specie: 7
Genetic distance:
	- Maximum: 3.186
	- Mean: 1.763
	- Minimum: 0.097
	- Standard deviation: 0.513

Population of 127 members in 4 species:
	 SID    age    size    fitness    adj fit    stag 
	=====  =====  ======  =========  =========  ======
	  6      8      29      0.239      0.332      2   
	  7      8      47      0.318      0.408      0   
	  8      6      34      0.213      0.361      3   
	  9      6      17      0.204      0.321      2   

Generation time: 65.316 sec  (65.194 average)
Population 'novelty_repr_1' saved! Current generation: 53
Sample chosen: [380, 240, 889, 905, 396, 987, 103, 819, 736, 163, 972, 537, 991, 276, 354, 652]


********** Running generation 53 **********

Full population's fitness overview:
	-       best fitness: 0.26123
	-       mean fitness: 0.12562
	-      worst fitness: 0.03781
	- standard deviation: 0.05200
Best genome overview:
	- fitness: 0.26123
	- size (hid, conn): (1, 4)
	- genome id: 6631
	- belongs to specie: 7
Genetic distance:
	- Maximum: 3.241
	- Mean: 1.850
	- Minimum: 0.030
	- Standard deviation: 0.554

Population of 127 members in 4 species:
	 SID    age    size    fitness    adj fit    stag 
	=====  =====  ======  =========  =========  ======
	  6      9      28      0.260      0.375      3   
	  7      9      39      0.261      0.440      1   
	  8      7      45      0.235      0.382      4   
	  9      7      15      0.248      0.317      3   

Generation time: 66.152 sec  (65.418 average)
Population 'novelty_repr_1' saved! Current generation: 54
Sample chosen: [114, 176, 452, 982, 406, 30, 426, 892, 413, 350, 600, 490, 476, 909, 287, 220]


********** Running generation 54 **********

Full population's fitness overview:
	-       best fitness: 0.35494
	-       mean fitness: 0.11030
	-      worst fitness: 0.00367
	- standard deviation: 0.06299
Best genome overview:
	- fitness: 0.35494
	- size (hid, conn): (2, 5)
	- genome id: 6725
	- belongs to specie: 7
Genetic distance:
	- Maximum: 3.363
	- Mean: 1.854
	- Minimum: 0.246
	- Standard deviation: 0.533

Population of 127 members in 4 species:
	 SID    age    size    fitness    adj fit    stag 
	=====  =====  ======  =========  =========  ======
	  6     10      30      0.247      0.296      4   
	  7     10      46      0.355      0.314      0   
	  8      8      29      0.227      0.323      5   
	  9      8      22      0.196      0.234      4   

Generation time: 66.532 sec  (65.420 average)
Population 'novelty_repr_1' saved! Current generation: 55
Sample chosen: [619, 350, 867, 376, 227, 672, 8, 221, 612, 119, 918, 977, 394, 807, 219, 903]


********** Running generation 55 **********

Full population's fitness overview:
	-       best fitness: 0.24603
	-       mean fitness: 0.10953
	-      worst fitness: 0.02535
	- standard deviation: 0.04707
Best genome overview:
	- fitness: 0.24603
	- size (hid, conn): (0, 1)
	- genome id: 6843
	- belongs to specie: 7
Genetic distance:
	- Maximum: 3.497
	- Mean: 1.868
	- Minimum: 0.075
	- Standard deviation: 0.529

Population of 128 members in 4 species:
	 SID    age    size    fitness    adj fit    stag 
	=====  =====  ======  =========  =========  ======
	  6     11      29      0.200      0.324      5   
	  7     11      59      0.246      0.404      1   
	  8      9      22      0.203      0.374      6   
	  9      9      18      0.218      0.422      5   

Generation time: 64.701 sec  (65.435 average)
Population 'novelty_repr_1' saved! Current generation: 56
Sample chosen: [951, 232, 712, 737, 655, 571, 864, 884, 500, 259, 71, 133, 204, 169, 255, 383]


********** Running generation 56 **********

Full population's fitness overview:
	-       best fitness: 0.30416
	-       mean fitness: 0.11458
	-      worst fitness: 0.01403
	- standard deviation: 0.06193
Best genome overview:
	- fitness: 0.30416
	- size (hid, conn): (0, 1)
	- genome id: 6949
	- belongs to specie: 9
Genetic distance:
	- Maximum: 3.528
	- Mean: 1.848
	- Minimum: 0.117
	- Standard deviation: 0.481

Population of 128 members in 4 species:
	 SID    age    size    fitness    adj fit    stag 
	=====  =====  ======  =========  =========  ======
	  6     12      23      0.228      0.399      6   
	  7     12      49      0.277      0.329      2   
	  8     10      25      0.233      0.313      7   
	  9     10      31      0.304      0.359      6   

Generation time: 65.317 sec  (65.327 average)
Population 'novelty_repr_1' saved! Current generation: 57
Sample chosen: [10, 628, 180, 490, 856, 150, 980, 188, 996, 22, 220, 585, 86, 924, 77, 418]


********** Running generation 57 **********

Full population's fitness overview:
	-       best fitness: 0.29967
	-       mean fitness: 0.12341
	-      worst fitness: 0.00444
	- standard deviation: 0.05893
Best genome overview:
	- fitness: 0.29967
	- size (hid, conn): (0, 1)
	- genome id: 7102
	- belongs to specie: 9
Genetic distance:
	- Maximum: 3.890
	- Mean: 1.890
	- Minimum: 0.117
	- Standard deviation: 0.519

Population of 128 members in 4 species:
	 SID    age    size    fitness    adj fit    stag 
	=====  =====  ======  =========  =========  ======
	  6     13      28      0.257      0.382      7   
	  7     13      14      0.246      0.415      3   
	  8     11      63      0.284      0.376      0   
	  9     11      23      0.300      0.421      7   

Generation time: 64.119 sec  (65.158 average)
Population 'novelty_repr_1' saved! Current generation: 58
Sample chosen: [809, 817, 195, 105, 858, 174, 650, 718, 318, 971, 944, 787, 390, 612, 574, 171]


********** Running generation 58 **********

Full population's fitness overview:
	-       best fitness: 0.31691
	-       mean fitness: 0.12997
	-      worst fitness: 0.03979
	- standard deviation: 0.05131
Best genome overview:
	- fitness: 0.31691
	- size (hid, conn): (0, 1)
	- genome id: 7216
	- belongs to specie: 9
Genetic distance:
	- Maximum: 3.419
	- Mean: 1.880
	- Minimum: 0.361
	- Standard deviation: 0.487

Population of 128 members in 4 species:
	 SID    age    size    fitness    adj fit    stag 
	=====  =====  ======  =========  =========  ======
	  6     14      23      0.237      0.313      8   
	  7     14      49      0.220      0.394      4   
	  8     12      32      0.273      0.328      1   
	  9     12      24      0.317      0.292      8   

Generation time: 66.468 sec  (65.291 average)
Population 'novelty_repr_1' saved! Current generation: 59
Sample chosen: [822, 170, 888, 433, 786, 422, 679, 650, 613, 368, 927, 923, 94, 396, 388, 745]


********** Running generation 59 **********

Full population's fitness overview:
	-       best fitness: 0.28673
	-       mean fitness: 0.13979
	-      worst fitness: 0.03903
	- standard deviation: 0.04995
Best genome overview:
	- fitness: 0.28673
	- size (hid, conn): (2, 6)
	- genome id: 7244
	- belongs to specie: 7
Genetic distance:
	- Maximum: 4.064
	- Mean: 1.945
	- Minimum: 0.091
	- Standard deviation: 0.547

Population of 128 members in 4 species:
	 SID    age    size    fitness    adj fit    stag 
	=====  =====  ======  =========  =========  ======
	  6     15      28      0.229      0.467      9   
	  7     15      21      0.287      0.427      5   
	  8     13      27      0.278      0.354      2   
	  9     13      52      0.237      0.378      9   

Generation time: 63.649 sec  (65.135 average)
Population 'novelty_repr_1' saved! Current generation: 60
Sample chosen: [486, 509, 184, 757, 166, 366, 332, 18, 297, 295, 557, 479, 611, 769, 663, 686]


********** Running generation 60 **********

Full population's fitness overview:
	-       best fitness: 0.35484
	-       mean fitness: 0.13024
	-      worst fitness: 0.03033
	- standard deviation: 0.05838
Best genome overview:
	- fitness: 0.35484
	- size (hid, conn): (2, 5)
	- genome id: 7441
	- belongs to specie: 9
Genetic distance:
	- Maximum: 3.986
	- Mean: 2.129
	- Minimum: 0.000
	- Standard deviation: 0.614

Population of 128 members in 4 species:
	 SID    age    size    fitness    adj fit    stag 
	=====  =====  ======  =========  =========  ======
	  6     16      29      0.272      0.350      10  
	  7     16      54      0.232      0.426      6   
	  8     14      25      0.239      0.235      3   
	  9     14      20      0.355      0.275      0   

Generation time: 64.681 sec  (65.047 average)
Population 'novelty_repr_1' saved! Current generation: 61
Sample chosen: [815, 759, 636, 535, 686, 339, 651, 801, 150, 825, 171, 866, 52, 836, 66, 67]


********** Running generation 61 **********

Full population's fitness overview:
	-       best fitness: 0.24436
	-       mean fitness: 0.12055
	-      worst fitness: 0.02640
	- standard deviation: 0.05278
Best genome overview:
	- fitness: 0.24436
	- size (hid, conn): (2, 5)
	- genome id: 7596
	- belongs to specie: 7
Genetic distance:
	- Maximum: 2.940
	- Mean: 2.050
	- Minimum: 0.058
	- Standard deviation: 0.604

Population of 128 members in 4 species:
	 SID    age    size    fitness    adj fit    stag 
	=====  =====  ======  =========  =========  ======
	  6     17      31      0.240      0.430      11  
	  7     17      42      0.244      0.419      7   
	  8     15      28      0.243      0.422      4   
	  9     15      27      0.244      0.483      1   

Generation time: 66.905 sec  (65.384 average)
Population 'novelty_repr_1' saved! Current generation: 62
Sample chosen: [425, 535, 28, 329, 450, 368, 284, 581, 4, 797, 109, 79, 974, 319, 824, 687]


********** Running generation 62 **********

Full population's fitness overview:
	-       best fitness: 0.35366
	-       mean fitness: 0.12831
	-      worst fitness: 0.04183
	- standard deviation: 0.05486
Best genome overview:
	- fitness: 0.35366
	- size (hid, conn): (0, 2)
	- genome id: 7594
	- belongs to specie: 9
Genetic distance:
	- Maximum: 3.414
	- Mean: 2.010
	- Minimum: 0.000
	- Standard deviation: 0.597

Population of 128 members in 4 species:
	 SID    age    size    fitness    adj fit    stag 
	=====  =====  ======  =========  =========  ======
	  6     18      27      0.230      0.281      12  
	  7     18      41      0.278      0.295      8   
	  8     16      29      0.325      0.247      0   
	  9     16      31      0.354      0.276      2   

Generation time: 68.036 sec  (65.656 average)
Population 'novelty_repr_1' saved! Current generation: 63
Sample chosen: [551, 684, 973, 689, 698, 774, 28, 183, 455, 464, 697, 805, 753, 656, 67, 472]


********** Running generation 63 **********

Full population's fitness overview:
	-       best fitness: 0.36697
	-       mean fitness: 0.13261
	-      worst fitness: 0.01865
	- standard deviation: 0.06363
Best genome overview:
	- fitness: 0.36697
	- size (hid, conn): (1, 4)
	- genome id: 7786
	- belongs to specie: 8
Genetic distance:
	- Maximum: 3.449
	- Mean: 2.006
	- Minimum: 0.000
	- Standard deviation: 0.613

Population of 127 members in 4 species:
	 SID    age    size    fitness    adj fit    stag 
	=====  =====  ======  =========  =========  ======
	  6     19      25      0.256      0.361      13  
	  7     19      40      0.305      0.305      9   
	  8     17      31      0.367      0.306      0   
	  9     17      31      0.242      0.346      3   

Generation time: 70.842 sec  (66.125 average)
Population 'novelty_repr_1' saved! Current generation: 64
Sample chosen: [124, 819, 205, 652, 759, 509, 239, 998, 82, 557, 959, 83, 364, 513, 151, 541]


********** Running generation 64 **********

Full population's fitness overview:
	-       best fitness: 0.36025
	-       mean fitness: 0.13165
	-      worst fitness: 0.01772
	- standard deviation: 0.06125
Best genome overview:
	- fitness: 0.36025
	- size (hid, conn): (2, 6)
	- genome id: 7758
	- belongs to specie: 7
Genetic distance:
	- Maximum: 2.922
	- Mean: 2.001
	- Minimum: 0.000
	- Standard deviation: 0.619

Population of 127 members in 4 species:
	 SID    age    size    fitness    adj fit    stag 
	=====  =====  ======  =========  =========  ======
	  6     20      27      0.204      0.308      14  
	  7     20      37      0.360      0.358      0   
	  8     18      31      0.243      0.331      1   
	  9     18      32      0.269      0.322      4   

Generation time: 69.299 sec  (66.402 average)
Population 'novelty_repr_1' saved! Current generation: 65
Sample chosen: [480, 899, 719, 225, 901, 942, 838, 322, 614, 776, 648, 580, 523, 260, 862, 782]


********** Running generation 65 **********

Full population's fitness overview:
	-       best fitness: 0.30298
	-       mean fitness: 0.12758
	-      worst fitness: 0.02620
	- standard deviation: 0.05419
Best genome overview:
	- fitness: 0.30298
	- size (hid, conn): (0, 4)
	- genome id: 7992
	- belongs to specie: 8

Species 6 with 27 members is stagnated: removing it
Genetic distance:
	- Maximum: 3.117
	- Mean: 1.938
	- Minimum: 0.037
	- Standard deviation: 0.725

Population of 128 members in 3 species:
	 SID    age    size    fitness    adj fit    stag 
	=====  =====  ======  =========  =========  ======
	  7     21      36      0.293      0.364      1   
	  8     19      48      0.303      0.323      2   
	  9     19      44      0.275      0.396      5   

Generation time: 67.603 sec  (66.692 average)
Population 'novelty_repr_1' saved! Current generation: 66
Sample chosen: [139, 556, 539, 421, 93, 725, 655, 915, 532, 717, 413, 326, 492, 463, 375, 142]


********** Running generation 66 **********

Full population's fitness overview:
	-       best fitness: 0.32639
	-       mean fitness: 0.11518
	-      worst fitness: 0.01449
	- standard deviation: 0.05600
Best genome overview:
	- fitness: 0.32639
	- size (hid, conn): (0, 1)
	- genome id: 8113
	- belongs to specie: 9
Genetic distance:
	- Maximum: 3.417
	- Mean: 2.014
	- Minimum: 0.031
	- Standard deviation: 0.689

Population of 128 members in 3 species:
	 SID    age    size    fitness    adj fit    stag 
	=====  =====  ======  =========  =========  ======
	  7     22      40      0.210      0.330      2   
	  8     20      42      0.196      0.281      3   
	  9     20      46      0.326      0.363      6   

Generation time: 69.369 sec  (67.097 average)
Population 'novelty_repr_1' saved! Current generation: 67
Sample chosen: [414, 563, 499, 644, 801, 890, 461, 456, 237, 610, 11, 299, 515, 113, 502, 498]


********** Running generation 67 **********

Full population's fitness overview:
	-       best fitness: 0.26670
	-       mean fitness: 0.11797
	-      worst fitness: 0.03064
	- standard deviation: 0.05312
Best genome overview:
	- fitness: 0.26670
	- size (hid, conn): (0, 2)
	- genome id: 8297
	- belongs to specie: 9
Genetic distance:
	- Maximum: 3.333
	- Mean: 2.207
	- Minimum: 0.000
	- Standard deviation: 0.676

Population of 128 members in 5 species:
	 SID    age    size    fitness    adj fit    stag 
	=====  =====  ======  =========  =========  ======
	  7     23      41      0.243      0.340      3   
	  8     21      22      0.183      0.261      4   
	  9     21      56      0.267      0.495      7   
	 10      0      5        --         --        0   
	 11      0      4        --         --        0   

Generation time: 73.312 sec  (68.017 average)
Population 'novelty_repr_1' saved! Current generation: 68
Sample chosen: [30, 946, 290, 991, 744, 426, 748, 885, 863, 573, 486, 273, 929, 394, 576, 900]


********** Running generation 68 **********

Full population's fitness overview:
	-       best fitness: 0.27933
	-       mean fitness: 0.12595
	-      worst fitness: 0.01634
	- standard deviation: 0.05211
Best genome overview:
	- fitness: 0.27933
	- size (hid, conn): (1, 3)
	- genome id: 8380
	- belongs to specie: 7
Genetic distance:
	- Maximum: 3.344
	- Mean: 2.306
	- Minimum: 0.000
	- Standard deviation: 0.615

Population of 127 members in 5 species:
	 SID    age    size    fitness    adj fit    stag 
	=====  =====  ======  =========  =========  ======
	  7     24      34      0.279      0.443      4   
	  8     22      24      0.198      0.369      5   
	  9     22      39      0.270      0.415      8   
	 10      1      18      0.178      0.506      0   
	 11      1      12      0.178      0.332      0   

Generation time: 66.790 sec  (68.049 average)
Population 'novelty_repr_1' saved! Current generation: 69
Sample chosen: [845, 383, 556, 596, 520, 93, 384, 114, 692, 703, 36, 777, 443, 952, 699, 922]


********** Running generation 69 **********

Full population's fitness overview:
	-       best fitness: 0.34749
	-       mean fitness: 0.12561
	-      worst fitness: 0.02162
	- standard deviation: 0.06178
Best genome overview:
	- fitness: 0.34749
	- size (hid, conn): (0, 2)
	- genome id: 8489
	- belongs to specie: 9
Genetic distance:
	- Maximum: 3.314
	- Mean: 2.353
	- Minimum: 0.000
	- Standard deviation: 0.651

Population of 128 members in 5 species:
	 SID    age    size    fitness    adj fit    stag 
	=====  =====  ======  =========  =========  ======
	  7     25      29      0.267      0.290      5   
	  8     23      29      0.283      0.367      6   
	  9     23      32      0.347      0.349      9   
	 10      2      18      0.169      0.234      1   
	 11      2      20      0.259      0.336      0   

Generation time: 66.767 sec  (68.361 average)
Population 'novelty_repr_1' saved! Current generation: 70
Sample chosen: [228, 834, 528, 214, 347, 404, 197, 206, 441, 718, 316, 253, 589, 972, 663, 711]


********** Running generation 70 **********

Full population's fitness overview:
	-       best fitness: 0.27495
	-       mean fitness: 0.13203
	-      worst fitness: 0.03142
	- standard deviation: 0.06068
Best genome overview:
	- fitness: 0.27495
	- size (hid, conn): (5, 10)
	- genome id: 8583
	- belongs to specie: 11
Genetic distance:
	- Maximum: 3.561
	- Mean: 2.393
	- Minimum: 0.000
	- Standard deviation: 0.552

Population of 128 members in 5 species:
	 SID    age    size    fitness    adj fit    stag 
	=====  =====  ======  =========  =========  ======
	  7     26      24      0.247      0.368      6   
	  8     24      11      0.261      0.369      7   
	  9     24      51      0.264      0.457      10  
	 10      3      20      0.266      0.388      0   
	 11      3      22      0.275      0.495      0   

Generation time: 70.132 sec  (68.906 average)
Population 'novelty_repr_1' saved! Current generation: 71
Sample chosen: [404, 274, 116, 224, 934, 565, 183, 44, 249, 755, 761, 313, 418, 690, 948, 437]


********** Running generation 71 **********

Full population's fitness overview:
	-       best fitness: 0.37272
	-       mean fitness: 0.14226
	-      worst fitness: 0.04500
	- standard deviation: 0.06682
Best genome overview:
	- fitness: 0.37272
	- size (hid, conn): (0, 2)
	- genome id: 8727
	- belongs to specie: 9
Genetic distance:
	- Maximum: 3.811
	- Mean: 2.357
	- Minimum: 0.064
	- Standard deviation: 0.605

Population of 127 members in 5 species:
	 SID    age    size    fitness    adj fit    stag 
	=====  =====  ======  =========  =========  ======
	  7     27      39      0.301      0.300      7   
	  8     25      19      0.167      0.211      8   
	  9     25      32      0.373      0.301      0   
	 10      4      15      0.206      0.229      1   
	 11      4      22      0.354      0.388      0   

Generation time: 69.286 sec  (69.144 average)
Population 'novelty_repr_1' saved! Current generation: 72
Sample chosen: [580, 788, 18, 145, 221, 182, 661, 930, 378, 754, 969, 597, 897, 180, 211, 385]


********** Running generation 72 **********

Full population's fitness overview:
	-       best fitness: 0.28386
	-       mean fitness: 0.12598
	-      worst fitness: 0.02898
	- standard deviation: 0.05602
Best genome overview:
	- fitness: 0.28386
	- size (hid, conn): (0, 1)
	- genome id: 8797
	- belongs to specie: 8
Genetic distance:
	- Maximum: 3.908
	- Mean: 2.273
	- Minimum: 0.060
	- Standard deviation: 0.553

Population of 127 members in 5 species:
	 SID    age    size    fitness    adj fit    stag 
	=====  =====  ======  =========  =========  ======
	  7     28      39      0.250      0.348      8   
	  8     26      16      0.284      0.373      9   
	  9     26      37      0.256      0.428      1   
	 10      5      16      0.190      0.316      2   
	 11      5      19      0.226      0.420      1   

Generation time: 72.002 sec  (69.540 average)
Population 'novelty_repr_1' saved! Current generation: 73
Sample chosen: [554, 158, 80, 515, 293, 994, 747, 873, 263, 634, 94, 789, 409, 329, 721, 468]


********** Running generation 73 **********

Full population's fitness overview:
	-       best fitness: 0.35657
	-       mean fitness: 0.13659
	-      worst fitness: 0.03003
	- standard deviation: 0.05821
Best genome overview:
	- fitness: 0.35657
	- size (hid, conn): (0, 3)
	- genome id: 8999
	- belongs to specie: 9
Genetic distance:
	- Maximum: 3.612
	- Mean: 2.230
	- Minimum: 0.000
	- Standard deviation: 0.545

Population of 128 members in 5 species:
	 SID    age    size    fitness    adj fit    stag 
	=====  =====  ======  =========  =========  ======
	  7     29      42      0.267      0.318      9   
	  8     27      17      0.230      0.310      10  
	  9     27      35      0.357      0.359      2   
	 10      6      12      0.232      0.343      3   
	 11      6      22      0.169      0.280      2   

Generation time: 69.520 sec  (69.408 average)
Population 'novelty_repr_1' saved! Current generation: 74
Sample chosen: [59, 445, 782, 643, 695, 899, 892, 99, 36, 216, 146, 84, 898, 233, 826, 709]


********** Running generation 74 **********

Full population's fitness overview:
	-       best fitness: 0.30823
	-       mean fitness: 0.12746
	-      worst fitness: 0.02896
	- standard deviation: 0.05435
Best genome overview:
	- fitness: 0.30823
	- size (hid, conn): (0, 2)
	- genome id: 9124
	- belongs to specie: 9
Genetic distance:
	- Maximum: 3.289
	- Mean: 2.037
	- Minimum: 0.000
	- Standard deviation: 0.549

Population of 128 members in 5 species:
	 SID    age    size    fitness    adj fit    stag 
	=====  =====  ======  =========  =========  ======
	  7     30      13      0.270      0.346      10  
	  8     28      9       0.215      0.321      11  
	  9     28      3       0.308      0.417      3   
	 10      7      82      0.194      0.387      4   
	 11      7      21      0.216      0.269      3   

Generation time: 68.216 sec  (69.300 average)
Population 'novelty_repr_1' saved! Current generation: 75
Sample chosen: [841, 594, 786, 161, 780, 720, 888, 466, 844, 407, 684, 91, 118, 462, 10, 693]


********** Running generation 75 **********

Full population's fitness overview:
	-       best fitness: 0.29668
	-       mean fitness: 0.11518
	-      worst fitness: 0.01452
	- standard deviation: 0.05882
Best genome overview:
	- fitness: 0.29668
	- size (hid, conn): (0, 2)
	- genome id: 9124
	- belongs to specie: 10
Genetic distance:
	- Maximum: 3.257
	- Mean: 1.902
	- Minimum: 0.000
	- Standard deviation: 0.606

Population of 128 members in 5 species:
	 SID    age    size    fitness    adj fit    stag 
	=====  =====  ======  =========  =========  ======
	  7     31      15      0.148      0.275      11  
	  8     29      18      0.185      0.295      12  
	  9     29      17      0.168      0.470      4   
	 10      8      66      0.297      0.397      0   
	 11      8      12      0.181      0.262      4   

Generation time: 68.677 sec  (69.407 average)
Population 'novelty_repr_1' saved! Current generation: 76
Sample chosen: [265, 680, 99, 759, 619, 172, 294, 885, 693, 174, 821, 386, 33, 565, 137, 860]


********** Running generation 76 **********

Full population's fitness overview:
	-       best fitness: 0.36203
	-       mean fitness: 0.11320
	-      worst fitness: 0.03181
	- standard deviation: 0.05741
Best genome overview:
	- fitness: 0.36203
	- size (hid, conn): (0, 2)
	- genome id: 9332
	- belongs to specie: 10
Genetic distance:
	- Maximum: 3.230
	- Mean: 1.960
	- Minimum: 0.014
	- Standard deviation: 0.633

Population of 128 members in 5 species:
	 SID    age    size    fitness    adj fit    stag 
	=====  =====  ======  =========  =========  ======
	  7     32      19      0.238      0.324      12  
	  8     30      17      0.159      0.157      13  
	  9     30      18      0.169      0.239      5   
	 10      9      57      0.362      0.264      0   
	 11      9      17      0.132      0.197      5   

Generation time: 68.834 sec  (69.354 average)
Population 'novelty_repr_1' saved! Current generation: 77
Sample chosen: [712, 58, 498, 289, 115, 371, 88, 230, 595, 744, 497, 943, 188, 45, 913, 960]


********** Running generation 77 **********

Full population's fitness overview:
	-       best fitness: 0.39949
	-       mean fitness: 0.13837
	-      worst fitness: 0.00329
	- standard deviation: 0.06930
Best genome overview:
	- fitness: 0.39949
	- size (hid, conn): (0, 2)
	- genome id: 9332
	- belongs to specie: 10
Genetic distance:
	- Maximum: 3.703
	- Mean: 1.934
	- Minimum: 0.000
	- Standard deviation: 0.650

Population of 128 members in 5 species:
	 SID    age    size    fitness    adj fit    stag 
	=====  =====  ======  =========  =========  ======
	  7     33      22      0.250      0.350      13  
	  8     31      22      0.203      0.290      14  
	  9     31      22      0.243      0.393      6   
	 10     10      45      0.399      0.356      0   
	 11     10      17      0.224      0.275      6   

Generation time: 64.438 sec  (68.466 average)
Population 'novelty_repr_1' saved! Current generation: 78
Sample chosen: [214, 664, 795, 670, 47, 548, 928, 676, 519, 750, 41, 73, 171, 742, 902, 998]


********** Running generation 78 **********

Full population's fitness overview:
	-       best fitness: 0.37655
	-       mean fitness: 0.14068
	-      worst fitness: 0.01741
	- standard deviation: 0.06263
Best genome overview:
	- fitness: 0.37655
	- size (hid, conn): (0, 2)
	- genome id: 9124
	- belongs to specie: 10

Species 8 with 22 members is stagnated: removing it
Genetic distance:
	- Maximum: 3.650
	- Mean: 1.790
	- Minimum: 0.041
	- Standard deviation: 0.583

Population of 128 members in 4 species:
	 SID    age    size    fitness    adj fit    stag 
	=====  =====  ======  =========  =========  ======
	  7     34      28      0.270      0.337      14  
	  9     32      25      0.248      0.297      7   
	 10     11      25      0.377      0.390      1   
	 11     11      50      0.217      0.315      7   

Generation time: 64.176 sec  (68.205 average)
Population 'novelty_repr_1' saved! Current generation: 79
Sample chosen: [73, 447, 620, 749, 640, 735, 691, 626, 840, 391, 628, 382, 246, 646, 791, 115]


********** Running generation 79 **********

Full population's fitness overview:
	-       best fitness: 0.34864
	-       mean fitness: 0.12746
	-      worst fitness: 0.00510
	- standard deviation: 0.06499
Best genome overview:
	- fitness: 0.34864
	- size (hid, conn): (0, 1)
	- genome id: 9664
	- belongs to specie: 9

Species 7 with 28 members is stagnated: removing it
Genetic distance:
	- Maximum: 2.523
	- Mean: 1.516
	- Minimum: 0.000
	- Standard deviation: 0.536

Population of 128 members in 3 species:
	 SID    age    size    fitness    adj fit    stag 
	=====  =====  ======  =========  =========  ======
	  9     33      39      0.349      0.401      8   
	 10     12      34      0.300      0.330      2   
	 11     12      55      0.221      0.343      8   

Generation time: 64.787 sec  (68.007 average)
Population 'novelty_repr_1' saved! Current generation: 80
Sample chosen: [644, 86, 975, 429, 219, 875, 221, 74, 955, 469, 824, 108, 966, 396, 482, 235]


********** Running generation 80 **********

Full population's fitness overview:
	-       best fitness: 0.35948
	-       mean fitness: 0.13085
	-      worst fitness: 0.01544
	- standard deviation: 0.06123
Best genome overview:
	- fitness: 0.35948
	- size (hid, conn): (0, 2)
	- genome id: 9610
	- belongs to specie: 10
Genetic distance:
	- Maximum: 2.561
	- Mean: 1.507
	- Minimum: 0.000
	- Standard deviation: 0.486

Population of 128 members in 3 species:
	 SID    age    size    fitness    adj fit    stag 
	=====  =====  ======  =========  =========  ======
	  9     34      36      0.318      0.321      9   
	 10     13      47      0.359      0.348      3   
	 11     13      45      0.276      0.338      9   

Generation time: 65.905 sec  (67.584 average)
Population 'novelty_repr_1' saved! Current generation: 81
Sample chosen: [909, 3, 894, 892, 323, 196, 831, 816, 276, 301, 327, 669, 651, 218, 111, 127]


********** Running generation 81 **********

Full population's fitness overview:
	-       best fitness: 0.38705
	-       mean fitness: 0.12991
	-      worst fitness: 0.00573
	- standard deviation: 0.06632
Best genome overview:
	- fitness: 0.38705
	- size (hid, conn): (0, 2)
	- genome id: 9610
	- belongs to specie: 10
Genetic distance:
	- Maximum: 2.935
	- Mean: 1.488
	- Minimum: 0.000
	- Standard deviation: 0.509

Population of 127 members in 3 species:
	 SID    age    size    fitness    adj fit    stag 
	=====  =====  ======  =========  =========  ======
	  9     35      34      0.297      0.342      10  
	 10     14      41      0.387      0.305      4   
	 11     14      52      0.355      0.334      0   

Generation time: 66.906 sec  (67.346 average)
Population 'novelty_repr_1' saved! Current generation: 82
Sample chosen: [413, 890, 638, 610, 578, 437, 735, 581, 248, 151, 319, 315, 61, 226, 358, 500]


********** Running generation 82 **********

Full population's fitness overview:
	-       best fitness: 0.32095
	-       mean fitness: 0.12099
	-      worst fitness: 0.00700
	- standard deviation: 0.06368
Best genome overview:
	- fitness: 0.32095
	- size (hid, conn): (0, 2)
	- genome id: 10076
	- belongs to specie: 10
Genetic distance:
	- Maximum: 2.943
	- Mean: 1.533
	- Minimum: 0.092
	- Standard deviation: 0.484

Population of 127 members in 3 species:
	 SID    age    size    fitness    adj fit    stag 
	=====  =====  ======  =========  =========  ======
	  9     36      33      0.266      0.334      11  
	 10     15      56      0.321      0.348      5   
	 11     15      38      0.309      0.394      1   

Generation time: 65.375 sec  (66.683 average)
Population 'novelty_repr_1' saved! Current generation: 83
Sample chosen: [477, 611, 498, 724, 771, 453, 344, 687, 812, 601, 362, 415, 148, 720, 818, 536]


********** Running generation 83 **********

Full population's fitness overview:
	-       best fitness: 0.38252
	-       mean fitness: 0.12135
	-      worst fitness: 0.00984
	- standard deviation: 0.06263
Best genome overview:
	- fitness: 0.38252
	- size (hid, conn): (1, 4)
	- genome id: 10212
	- belongs to specie: 10
Genetic distance:
	- Maximum: 2.647
	- Mean: 1.461
	- Minimum: 0.000
	- Standard deviation: 0.479

Population of 127 members in 3 species:
	 SID    age    size    fitness    adj fit    stag 
	=====  =====  ======  =========  =========  ======
	  9     37      34      0.225      0.280      12  
	 10     16      49      0.383      0.322      6   
	 11     16      44      0.263      0.283      2   

Generation time: 64.667 sec  (66.198 average)
Population 'novelty_repr_1' saved! Current generation: 84
Sample chosen: [370, 86, 97, 626, 640, 491, 138, 323, 747, 397, 971, 588, 667, 165, 30, 897]


********** Running generation 84 **********

Full population's fitness overview:
	-       best fitness: 0.33828
	-       mean fitness: 0.13317
	-      worst fitness: 0.00709
	- standard deviation: 0.05886
Best genome overview:
	- fitness: 0.33828
	- size (hid, conn): (1, 4)
	- genome id: 10212
	- belongs to specie: 11
Genetic distance:
	- Maximum: 2.948
	- Mean: 1.589
	- Minimum: 0.126
	- Standard deviation: 0.489

Population of 128 members in 3 species:
	 SID    age    size    fitness    adj fit    stag 
	=====  =====  ======  =========  =========  ======
	  9     38      35      0.289      0.394      13  
	 10     17      48      0.274      0.364      7   
	 11     17      45      0.338      0.389      3   

Generation time: 67.412 sec  (66.118 average)
Population 'novelty_repr_1' saved! Current generation: 85
Sample chosen: [373, 910, 534, 887, 835, 621, 420, 552, 757, 950, 191, 131, 496, 244, 817, 722]


********** Running generation 85 **********

Full population's fitness overview:
	-       best fitness: 0.29721
	-       mean fitness: 0.14546
	-      worst fitness: 0.02294
	- standard deviation: 0.05889
Best genome overview:
	- fitness: 0.29721
	- size (hid, conn): (0, 1)
	- genome id: 10434
	- belongs to specie: 10
Genetic distance:
	- Maximum: 2.868
	- Mean: 1.542
	- Minimum: 0.052
	- Standard deviation: 0.493

Population of 127 members in 3 species:
	 SID    age    size    fitness    adj fit    stag 
	=====  =====  ======  =========  =========  ======
	  9     39      37      0.292      0.481      14  
	 10     18      42      0.297      0.471      8   
	 11     18      48      0.268      0.394      4   

Generation time: 66.262 sec  (65.876 average)
Population 'novelty_repr_1' saved! Current generation: 86
Sample chosen: [58, 358, 805, 21, 89, 598, 510, 610, 752, 365, 42, 84, 976, 162, 554, 819]


********** Running generation 86 **********

Full population's fitness overview:
	-       best fitness: 0.33091
	-       mean fitness: 0.14324
	-      worst fitness: 0.01541
	- standard deviation: 0.06540
Best genome overview:
	- fitness: 0.33091
	- size (hid, conn): (2, 6)
	- genome id: 10507
	- belongs to specie: 9

Species 9 with 37 members is stagnated: removing it
Genetic distance:
	- Maximum: 2.292
	- Mean: 1.257
	- Minimum: 0.173
	- Standard deviation: 0.326

Population of 128 members in 2 species:
	 SID    age    size    fitness    adj fit    stag 
	=====  =====  ======  =========  =========  ======
	 10     19      43      0.321      0.368      9   
	 11     19      85      0.289      0.427      5   

Generation time: 66.008 sec  (65.594 average)
Population 'novelty_repr_1' saved! Current generation: 87
Sample chosen: [686, 314, 151, 100, 806, 392, 149, 761, 955, 451, 386, 171, 123, 978, 139, 682]


********** Running generation 87 **********

Full population's fitness overview:
	-       best fitness: 0.27602
	-       mean fitness: 0.12814
	-      worst fitness: 0.01140
	- standard deviation: 0.05632
Best genome overview:
	- fitness: 0.27602
	- size (hid, conn): (2, 6)
	- genome id: 10493
	- belongs to specie: 10
Genetic distance:
	- Maximum: 2.475
	- Mean: 1.339
	- Minimum: 0.223
	- Standard deviation: 0.309

Population of 128 members in 2 species:
	 SID    age    size    fitness    adj fit    stag 
	=====  =====  ======  =========  =========  ======
	 10     20      41      0.276      0.483      10  
	 11     20      87      0.261      0.420      6   

Generation time: 68.129 sec  (65.963 average)
Population 'novelty_repr_1' saved! Current generation: 88
Sample chosen: [221, 132, 607, 245, 539, 375, 608, 465, 45, 118, 164, 701, 130, 218, 335, 126]


********** Running generation 88 **********

Full population's fitness overview:
	-       best fitness: 0.30260
	-       mean fitness: 0.12917
	-      worst fitness: 0.01428
	- standard deviation: 0.06295
Best genome overview:
	- fitness: 0.30260
	- size (hid, conn): (1, 5)
	- genome id: 10778
	- belongs to specie: 11
Genetic distance:
	- Maximum: 2.624
	- Mean: 1.456
	- Minimum: 0.377
	- Standard deviation: 0.309

Population of 128 members in 2 species:
	 SID    age    size    fitness    adj fit    stag 
	=====  =====  ======  =========  =========  ======
	 10     21      50      0.284      0.389      11  
	 11     21      78      0.303      0.403      7   

Generation time: 67.151 sec  (66.260 average)
Population 'novelty_repr_1' saved! Current generation: 89
Sample chosen: [717, 86, 981, 90, 187, 559, 603, 58, 421, 564, 695, 465, 279, 402, 200, 239]


********** Running generation 89 **********

Full population's fitness overview:
	-       best fitness: 0.32636
	-       mean fitness: 0.13174
	-      worst fitness: 0.02009
	- standard deviation: 0.05418
Best genome overview:
	- fitness: 0.32636
	- size (hid, conn): (2, 6)
	- genome id: 10941
	- belongs to specie: 11
Genetic distance:
	- Maximum: 2.376
	- Mean: 1.511
	- Minimum: 0.011
	- Standard deviation: 0.379

Population of 128 members in 2 species:
	 SID    age    size    fitness    adj fit    stag 
	=====  =====  ======  =========  =========  ======
	 10     22      68      0.275      0.332      12  
	 11     22      60      0.326      0.385      8   

Generation time: 67.225 sec  (66.504 average)
Population 'novelty_repr_1' saved! Current generation: 90
Sample chosen: [381, 662, 62, 150, 684, 317, 191, 571, 666, 517, 614, 896, 801, 123, 605, 878]


********** Running generation 90 **********

Full population's fitness overview:
	-       best fitness: 0.33170
	-       mean fitness: 0.12689
	-      worst fitness: 0.00730
	- standard deviation: 0.06413
Best genome overview:
	- fitness: 0.33170
	- size (hid, conn): (3, 7)
	- genome id: 11062
	- belongs to specie: 10
Genetic distance:
	- Maximum: 2.560
	- Mean: 1.492
	- Minimum: 0.043
	- Standard deviation: 0.392

Population of 128 members in 2 species:
	 SID    age    size    fitness    adj fit    stag 
	=====  =====  ======  =========  =========  ======
	 10     23      37      0.332      0.396      13  
	 11     23      91      0.265      0.337      9   

Generation time: 68.135 sec  (66.727 average)
Population 'novelty_repr_1' saved! Current generation: 91
Sample chosen: [995, 208, 210, 263, 442, 419, 945, 497, 82, 919, 284, 635, 436, 431, 410, 68]


********** Running generation 91 **********

Full population's fitness overview:
	-       best fitness: 0.31963
	-       mean fitness: 0.12797
	-      worst fitness: 0.01003
	- standard deviation: 0.05921
Best genome overview:
	- fitness: 0.31963
	- size (hid, conn): (1, 4)
	- genome id: 11202
	- belongs to specie: 10
Genetic distance:
	- Maximum: 2.385
	- Mean: 1.468
	- Minimum: 0.180
	- Standard deviation: 0.448

Population of 128 members in 2 species:
	 SID    age    size    fitness    adj fit    stag 
	=====  =====  ======  =========  =========  ======
	 10     24      73      0.320      0.381      14  
	 11     24      55      0.260      0.381      10  

Generation time: 65.443 sec  (66.581 average)
Population 'novelty_repr_1' saved! Current generation: 92
Sample chosen: [944, 290, 737, 225, 58, 45, 85, 743, 400, 636, 961, 709, 199, 933, 527, 593]


********** Running generation 92 **********

Full population's fitness overview:
	-       best fitness: 0.35000
	-       mean fitness: 0.13663
	-      worst fitness: 0.03741
	- standard deviation: 0.05163
Best genome overview:
	- fitness: 0.35000
	- size (hid, conn): (0, 3)
	- genome id: 11238
	- belongs to specie: 11
Genetic distance:
	- Maximum: 2.472
	- Mean: 1.352
	- Minimum: 0.000
	- Standard deviation: 0.460

Population of 128 members in 2 species:
	 SID    age    size    fitness    adj fit    stag 
	=====  =====  ======  =========  =========  ======
	 10     25      52      0.230      0.292      15  
	 11     25      76      0.350      0.351      11  

Generation time: 67.043 sec  (66.748 average)
Population 'novelty_repr_1' saved! Current generation: 93
Sample chosen: [672, 555, 762, 356, 862, 618, 81, 309, 295, 825, 787, 694, 38, 498, 887, 466]


********** Running generation 93 **********

Full population's fitness overview:
	-       best fitness: 0.33994
	-       mean fitness: 0.12642
	-      worst fitness: 0.00779
	- standard deviation: 0.06313
Best genome overview:
	- fitness: 0.33994
	- size (hid, conn): (0, 3)
	- genome id: 11238
	- belongs to specie: 11

Species 10 with 52 members is stagnated: removing it
Genetic distance:
	- Maximum: 2.121
	- Mean: 0.888
	- Minimum: 0.000
	- Standard deviation: 0.511

Population of 128 members in 1 species:
	 SID    age    size    fitness    adj fit    stag 
	=====  =====  ======  =========  =========  ======
	 11     26     128      0.340      0.368      12  

Generation time: 68.014 sec  (67.082 average)
Population 'novelty_repr_1' saved! Current generation: 94
Sample chosen: [927, 666, 774, 275, 203, 527, 623, 234, 10, 847, 855, 210, 711, 788, 669, 473]


********** Running generation 94 **********

Full population's fitness overview:
	-       best fitness: 0.41220
	-       mean fitness: 0.13307
	-      worst fitness: 0.01953
	- standard deviation: 0.06935
Best genome overview:
	- fitness: 0.41220
	- size (hid, conn): (0, 3)
	- genome id: 11581
	- belongs to specie: 11
Genetic distance:
	- Maximum: 2.175
	- Mean: 0.927
	- Minimum: 0.084
	- Standard deviation: 0.495

Population of 128 members in 1 species:
	 SID    age    size    fitness    adj fit    stag 
	=====  =====  ======  =========  =========  ======
	 11     27     128      0.412      0.289      0   

Generation time: 64.362 sec  (66.777 average)
Population 'novelty_repr_1' saved! Current generation: 95
Sample chosen: [560, 676, 771, 961, 409, 505, 231, 983, 860, 254, 738, 278, 52, 150, 203, 617]


********** Running generation 95 **********

Full population's fitness overview:
	-       best fitness: 0.31990
	-       mean fitness: 0.12348
	-      worst fitness: 0.02111
	- standard deviation: 0.06383
Best genome overview:
	- fitness: 0.31990
	- size (hid, conn): (0, 3)
	- genome id: 11653
	- belongs to specie: 11
Genetic distance:
	- Maximum: 1.902
	- Mean: 0.927
	- Minimum: 0.026
	- Standard deviation: 0.406

Population of 128 members in 1 species:
	 SID    age    size    fitness    adj fit    stag 
	=====  =====  ======  =========  =========  ======
	 11     28     128      0.320      0.343      1   

Generation time: 66.087 sec  (66.760 average)
Population 'novelty_repr_1' saved! Current generation: 96
Sample chosen: [588, 319, 567, 210, 323, 978, 580, 603, 100, 479, 908, 3, 240, 92, 68, 378]


********** Running generation 96 **********

Full population's fitness overview:
	-       best fitness: 0.28670
	-       mean fitness: 0.11719
	-      worst fitness: 0.01428
	- standard deviation: 0.05662
Best genome overview:
	- fitness: 0.28670
	- size (hid, conn): (0, 2)
	- genome id: 11550
	- belongs to specie: 11
Genetic distance:
	- Maximum: 1.812
	- Mean: 0.988
	- Minimum: 0.186
	- Standard deviation: 0.380

Population of 128 members in 1 species:
	 SID    age    size    fitness    adj fit    stag 
	=====  =====  ======  =========  =========  ======
	 11     29     128      0.287      0.378      2   

Generation time: 65.882 sec  (66.747 average)
Population 'novelty_repr_1' saved! Current generation: 97
Sample chosen: [533, 57, 128, 45, 461, 733, 732, 320, 308, 862, 786, 228, 852, 527, 882, 345]


********** Running generation 97 **********

Full population's fitness overview:
	-       best fitness: 0.39754
	-       mean fitness: 0.13468
	-      worst fitness: 0.01044
	- standard deviation: 0.06345
Best genome overview:
	- fitness: 0.39754
	- size (hid, conn): (0, 3)
	- genome id: 11903
	- belongs to specie: 11
Genetic distance:
	- Maximum: 1.792
	- Mean: 1.110
	- Minimum: 0.191
	- Standard deviation: 0.366

Population of 128 members in 1 species:
	 SID    age    size    fitness    adj fit    stag 
	=====  =====  ======  =========  =========  ======
	 11     30     128      0.398      0.321      3   

Generation time: 63.734 sec  (66.308 average)
Population 'novelty_repr_1' saved! Current generation: 98
Sample chosen: [123, 839, 517, 754, 546, 713, 995, 432, 288, 410, 939, 575, 97, 790, 173, 724]


********** Running generation 98 **********

Full population's fitness overview:
	-       best fitness: 0.32146
	-       mean fitness: 0.13343
	-      worst fitness: 0.02491
	- standard deviation: 0.05858
Best genome overview:
	- fitness: 0.32146
	- size (hid, conn): (0, 2)
	- genome id: 12055
	- belongs to specie: 11
Genetic distance:
	- Maximum: 1.901
	- Mean: 1.129
	- Minimum: 0.197
	- Standard deviation: 0.398

Population of 128 members in 1 species:
	 SID    age    size    fitness    adj fit    stag 
	=====  =====  ======  =========  =========  ======
	 11     31     128      0.321      0.366      4   

Generation time: 63.453 sec  (65.938 average)
Population 'novelty_repr_1' saved! Current generation: 99
Sample chosen: [779, 610, 218, 563, 533, 449, 950, 693, 551, 912, 300, 228, 121, 359, 981, 390]


********** Running generation 99 **********

Full population's fitness overview:
	-       best fitness: 0.33877
	-       mean fitness: 0.12406
	-      worst fitness: 0.03132
	- standard deviation: 0.06257
Best genome overview:
	- fitness: 0.33877
	- size (hid, conn): (0, 2)
	- genome id: 12120
	- belongs to specie: 11
Genetic distance:
	- Maximum: 2.103
	- Mean: 1.298
	- Minimum: 0.453
	- Standard deviation: 0.355

Population of 128 members in 1 species:
	 SID    age    size    fitness    adj fit    stag 
	=====  =====  ======  =========  =========  ======
	 11     32     128      0.339      0.302      5   

Generation time: 65.202 sec  (65.735 average)
Population 'novelty_repr_1' saved! Current generation: 100

===> CREATING BLUEPRINTS <===

Creating blueprints for games: [1, 2, 3, 4, 5]

===> CREATING TRACES <===

Creating traces for games: [1, 2, 3, 4, 5]
