Population 'novelty_1' saved! Current generation: 0

===> RUNNING FOR THE FOLLOWING CONFIGURATION: <===
	> fitness: novelty
	> gru_enabled: False
	> sexual_reproduction: False
	> Saving under folder: NEAT
	> Train: True (100 iterations)
	> Create blueprints: True
	> Create traces: True


===> TRAINING <===

Sample chosen: [934, 568, 546, 833, 102, 759, 840, 649, 324, 668, 38, 376, 788, 226, 950, 741]


********** Running generation 0 **********

Full population's fitness overview:
	-       best fitness: 0.41584
	-       mean fitness: 0.06481
	-      worst fitness: 0.00004
	- standard deviation: 0.09056
Best genome overview:
	- fitness: 0.41584
	- size (hid, conn): (0, 7)
	- genome id: 125
	- belongs to specie: 1
Genetic distance:
	- Maximum: 3.098
	- Mean: 1.857
	- Minimum: 0.106
	- Standard deviation: 0.459

Population of 128 members in 2 species:
	 SID    age    size    fitness    adj fit    stag 
	=====  =====  ======  =========  =========  ======
	  1      0      86      0.416      0.159      0   
	  2      0      42      0.166      0.089      0   

Generation time: 175.742 sec
Population 'novelty_1' saved! Current generation: 1
Sample chosen: [348, 892, 315, 860, 513, 373, 649, 289, 98, 563, 757, 259, 928, 585, 555, 473]


********** Running generation 1 **********

Full population's fitness overview:
	-       best fitness: 0.31370
	-       mean fitness: 0.08125
	-      worst fitness: 0.00011
	- standard deviation: 0.06722
Best genome overview:
	- fitness: 0.31370
	- size (hid, conn): (0, 6)
	- genome id: 247
	- belongs to specie: 1
Genetic distance:
	- Maximum: 3.129
	- Mean: 1.764
	- Minimum: 0.043
	- Standard deviation: 0.524

Population of 128 members in 3 species:
	 SID    age    size    fitness    adj fit    stag 
	=====  =====  ======  =========  =========  ======
	  1      1      56      0.314      0.280      1   
	  2      1      70      0.213      0.214      0   
	  3      0      2        --         --        0   

Generation time: 171.958 sec  (173.850 average)
Population 'novelty_1' saved! Current generation: 2
Sample chosen: [205, 184, 604, 618, 267, 163, 25, 926, 385, 3, 576, 117, 762, 730, 421, 664]


********** Running generation 2 **********

Full population's fitness overview:
	-       best fitness: 0.30960
	-       mean fitness: 0.09634
	-      worst fitness: 0.00899
	- standard deviation: 0.05259
Best genome overview:
	- fitness: 0.30960
	- size (hid, conn): (0, 8)
	- genome id: 175
	- belongs to specie: 1
Genetic distance:
	- Maximum: 3.051
	- Mean: 1.834
	- Minimum: 0.000
	- Standard deviation: 0.587

Population of 128 members in 3 species:
	 SID    age    size    fitness    adj fit    stag 
	=====  =====  ======  =========  =========  ======
	  1      2      54      0.310      0.338      2   
	  2      2      42      0.258      0.253      0   
	  3      1      32      0.162      0.270      0   

Generation time: 170.684 sec  (172.794 average)
Population 'novelty_1' saved! Current generation: 3
Sample chosen: [209, 384, 710, 690, 8, 114, 681, 171, 465, 422, 509, 206, 876, 181, 820, 121]


********** Running generation 3 **********

Full population's fitness overview:
	-       best fitness: 0.21087
	-       mean fitness: 0.10041
	-      worst fitness: 0.00970
	- standard deviation: 0.04709
Best genome overview:
	- fitness: 0.21087
	- size (hid, conn): (1, 9)
	- genome id: 495
	- belongs to specie: 1
Genetic distance:
	- Maximum: 2.831
	- Mean: 1.913
	- Minimum: 0.099
	- Standard deviation: 0.578

Population of 128 members in 3 species:
	 SID    age    size    fitness    adj fit    stag 
	=====  =====  ======  =========  =========  ======
	  1      3      43      0.211      0.516      3   
	  2      3      52      0.210      0.437      1   
	  3      2      33      0.169      0.359      0   

Generation time: 176.463 sec  (173.712 average)
Population 'novelty_1' saved! Current generation: 4
Sample chosen: [921, 217, 253, 508, 938, 950, 427, 369, 865, 320, 267, 165, 425, 93, 240, 94]


********** Running generation 4 **********

Full population's fitness overview:
	-       best fitness: 0.28356
	-       mean fitness: 0.11500
	-      worst fitness: 0.01488
	- standard deviation: 0.05020
Best genome overview:
	- fitness: 0.28356
	- size (hid, conn): (0, 7)
	- genome id: 543
	- belongs to specie: 2
Genetic distance:
	- Maximum: 3.035
	- Mean: 1.949
	- Minimum: 0.134
	- Standard deviation: 0.535

Population of 127 members in 3 species:
	 SID    age    size    fitness    adj fit    stag 
	=====  =====  ======  =========  =========  ======
	  1      4      79      0.238      0.377      4   
	  2      4      13      0.284      0.387      0   
	  3      3      35      0.253      0.344      0   

Generation time: 172.446 sec  (173.458 average)
Population 'novelty_1' saved! Current generation: 5
Sample chosen: [615, 344, 860, 970, 49, 375, 136, 276, 414, 3, 86, 453, 214, 208, 929, 827]


********** Running generation 5 **********

Full population's fitness overview:
	-       best fitness: 0.32881
	-       mean fitness: 0.10690
	-      worst fitness: 0.00086
	- standard deviation: 0.05484
Best genome overview:
	- fitness: 0.32881
	- size (hid, conn): (0, 7)
	- genome id: 543
	- belongs to specie: 1
Genetic distance:
	- Maximum: 3.246
	- Mean: 1.935
	- Minimum: 0.022
	- Standard deviation: 0.584

Population of 127 members in 3 species:
	 SID    age    size    fitness    adj fit    stag 
	=====  =====  ======  =========  =========  ======
	  1      5      50      0.329      0.340      5   
	  2      5      40      0.170      0.323      1   
	  3      4      37      0.186      0.287      1   

Generation time: 173.489 sec  (173.463 average)
Population 'novelty_1' saved! Current generation: 6
Sample chosen: [849, 640, 368, 989, 790, 735, 482, 284, 430, 143, 70, 168, 936, 697, 725, 965]


********** Running generation 6 **********

Full population's fitness overview:
	-       best fitness: 0.26860
	-       mean fitness: 0.11278
	-      worst fitness: 0.02542
	- standard deviation: 0.05197
Best genome overview:
	- fitness: 0.26860
	- size (hid, conn): (0, 7)
	- genome id: 543
	- belongs to specie: 2
Genetic distance:
	- Maximum: 3.478
	- Mean: 1.925
	- Minimum: 0.095
	- Standard deviation: 0.639

Population of 127 members in 3 species:
	 SID    age    size    fitness    adj fit    stag 
	=====  =====  ======  =========  =========  ======
	  1      6      39      0.258      0.362      6   
	  2      6      47      0.269      0.328      2   
	  3      5      41      0.239      0.389      2   

Generation time: 175.678 sec  (173.780 average)
Population 'novelty_1' saved! Current generation: 7
Sample chosen: [836, 714, 891, 987, 142, 453, 288, 217, 399, 307, 940, 119, 109, 410, 970, 879]


********** Running generation 7 **********

Full population's fitness overview:
	-       best fitness: 0.27909
	-       mean fitness: 0.10528
	-      worst fitness: 0.02645
	- standard deviation: 0.05277
Best genome overview:
	- fitness: 0.27909
	- size (hid, conn): (0, 4)
	- genome id: 949
	- belongs to specie: 2
Genetic distance:
	- Maximum: 3.322
	- Mean: 1.979
	- Minimum: 0.013
	- Standard deviation: 0.643

Population of 127 members in 3 species:
	 SID    age    size    fitness    adj fit    stag 
	=====  =====  ======  =========  =========  ======
	  1      7      52      0.267      0.359      7   
	  2      7      35      0.279      0.289      3   
	  3      6      40      0.207      0.294      3   

Generation time: 171.660 sec  (173.515 average)
Population 'novelty_1' saved! Current generation: 8
Sample chosen: [870, 418, 35, 639, 950, 630, 195, 259, 580, 66, 657, 245, 495, 948, 184, 157]


********** Running generation 8 **********

Full population's fitness overview:
	-       best fitness: 0.33510
	-       mean fitness: 0.11664
	-      worst fitness: 0.00995
	- standard deviation: 0.05996
Best genome overview:
	- fitness: 0.33510
	- size (hid, conn): (0, 8)
	- genome id: 1032
	- belongs to specie: 1
Genetic distance:
	- Maximum: 3.318
	- Mean: 1.944
	- Minimum: 0.071
	- Standard deviation: 0.640

Population of 128 members in 3 species:
	 SID    age    size    fitness    adj fit    stag 
	=====  =====  ======  =========  =========  ======
	  1      8      54      0.335      0.378      8   
	  2      8      43      0.283      0.355      4   
	  3      7      31      0.218      0.240      4   

Generation time: 174.781 sec  (173.656 average)
Population 'novelty_1' saved! Current generation: 9
Sample chosen: [200, 235, 11, 995, 9, 113, 178, 878, 567, 226, 536, 639, 51, 77, 687, 807]


********** Running generation 9 **********

Full population's fitness overview:
	-       best fitness: 0.27119
	-       mean fitness: 0.12616
	-      worst fitness: 0.03872
	- standard deviation: 0.04759
Best genome overview:
	- fitness: 0.27119
	- size (hid, conn): (1, 7)
	- genome id: 1154
	- belongs to specie: 2
Genetic distance:
	- Maximum: 3.324
	- Mean: 1.919
	- Minimum: 0.079
	- Standard deviation: 0.641

Population of 128 members in 3 species:
	 SID    age    size    fitness    adj fit    stag 
	=====  =====  ======  =========  =========  ======
	  1      9      26      0.244      0.381      9   
	  2      9      68      0.271      0.405      5   
	  3      8      34      0.206      0.328      5   

Generation time: 180.012 sec  (174.291 average)
Population 'novelty_1' saved! Current generation: 10
Sample chosen: [194, 837, 868, 384, 986, 530, 632, 629, 300, 981, 355, 88, 132, 286, 931, 930]


********** Running generation 10 **********

Full population's fitness overview:
	-       best fitness: 0.29001
	-       mean fitness: 0.10324
	-      worst fitness: 0.00844
	- standard deviation: 0.04923
Best genome overview:
	- fitness: 0.29001
	- size (hid, conn): (2, 6)
	- genome id: 1299
	- belongs to specie: 2
Genetic distance:
	- Maximum: 3.105
	- Mean: 1.952
	- Minimum: 0.145
	- Standard deviation: 0.619

Population of 128 members in 3 species:
	 SID    age    size    fitness    adj fit    stag 
	=====  =====  ======  =========  =========  ======
	  1     10      70      0.207      0.375      10  
	  2     10      26      0.290      0.360      0   
	  3      9      32      0.268      0.261      0   

Generation time: 179.324 sec  (174.649 average)
Population 'novelty_1' saved! Current generation: 11
Sample chosen: [947, 731, 31, 223, 44, 955, 274, 600, 314, 727, 234, 700, 432, 633, 802, 660]


********** Running generation 11 **********

Full population's fitness overview:
	-       best fitness: 0.24780
	-       mean fitness: 0.11147
	-      worst fitness: 0.02181
	- standard deviation: 0.05013
Best genome overview:
	- fitness: 0.24780
	- size (hid, conn): (1, 8)
	- genome id: 1366
	- belongs to specie: 1
Genetic distance:
	- Maximum: 3.228
	- Mean: 1.984
	- Minimum: 0.024
	- Standard deviation: 0.491

Population of 128 members in 3 species:
	 SID    age    size    fitness    adj fit    stag 
	=====  =====  ======  =========  =========  ======
	  1     11      38      0.248      0.430      11  
	  2     11      47      0.207      0.384      1   
	  3     10      43      0.166      0.334      1   

Generation time: 180.269 sec  (175.480 average)
Population 'novelty_1' saved! Current generation: 12
Sample chosen: [835, 804, 745, 291, 208, 47, 335, 345, 100, 125, 951, 283, 619, 13, 157, 782]


********** Running generation 12 **********

Full population's fitness overview:
	-       best fitness: 0.28244
	-       mean fitness: 0.10883
	-      worst fitness: 0.01514
	- standard deviation: 0.05090
Best genome overview:
	- fitness: 0.28244
	- size (hid, conn): (0, 6)
	- genome id: 1501
	- belongs to specie: 3
Genetic distance:
	- Maximum: 2.904
	- Mean: 1.904
	- Minimum: 0.000
	- Standard deviation: 0.538

Population of 128 members in 3 species:
	 SID    age    size    fitness    adj fit    stag 
	=====  =====  ======  =========  =========  ======
	  1     12      43      0.191      0.306      12  
	  2     12      51      0.274      0.403      2   
	  3     11      34      0.282      0.333      0   

Generation time: 184.277 sec  (176.840 average)
Population 'novelty_1' saved! Current generation: 13
Sample chosen: [918, 788, 638, 88, 505, 316, 371, 53, 456, 93, 424, 308, 54, 259, 681, 385]


********** Running generation 13 **********

Full population's fitness overview:
	-       best fitness: 0.29780
	-       mean fitness: 0.11923
	-      worst fitness: 0.01204
	- standard deviation: 0.05656
Best genome overview:
	- fitness: 0.29780
	- size (hid, conn): (0, 6)
	- genome id: 1695
	- belongs to specie: 3
Genetic distance:
	- Maximum: 2.977
	- Mean: 1.890
	- Minimum: 0.070
	- Standard deviation: 0.587

Population of 128 members in 3 species:
	 SID    age    size    fitness    adj fit    stag 
	=====  =====  ======  =========  =========  ======
	  1     13      6       0.268      0.404      13  
	  2     13      92      0.262      0.391      3   
	  3     12      30      0.298      0.315      0   

Generation time: 180.360 sec  (177.229 average)
Population 'novelty_1' saved! Current generation: 14
Sample chosen: [409, 716, 133, 635, 969, 213, 533, 62, 386, 523, 7, 614, 36, 759, 120, 878]


********** Running generation 14 **********

Full population's fitness overview:
	-       best fitness: 0.32001
	-       mean fitness: 0.11938
	-      worst fitness: 0.03125
	- standard deviation: 0.05129
Best genome overview:
	- fitness: 0.32001
	- size (hid, conn): (0, 5)
	- genome id: 1776
	- belongs to specie: 1
Genetic distance:
	- Maximum: 3.260
	- Mean: 1.905
	- Minimum: 0.000
	- Standard deviation: 0.710

Population of 128 members in 3 species:
	 SID    age    size    fitness    adj fit    stag 
	=====  =====  ======  =========  =========  ======
	  1     14      49      0.320      0.352      14  
	  2     14      58      0.288      0.302      4   
	  3     13      21      0.201      0.306      1   

Generation time: 181.629 sec  (178.148 average)
Population 'novelty_1' saved! Current generation: 15
Sample chosen: [504, 839, 780, 344, 421, 136, 674, 325, 152, 676, 377, 294, 875, 771, 27, 170]


********** Running generation 15 **********

Full population's fitness overview:
	-       best fitness: 0.30212
	-       mean fitness: 0.11213
	-      worst fitness: 0.00325
	- standard deviation: 0.05688
Best genome overview:
	- fitness: 0.30212
	- size (hid, conn): (0, 5)
	- genome id: 1776
	- belongs to specie: 1
Genetic distance:
	- Maximum: 3.280
	- Mean: 1.914
	- Minimum: 0.000
	- Standard deviation: 0.687

Population of 128 members in 3 species:
	 SID    age    size    fitness    adj fit    stag 
	=====  =====  ======  =========  =========  ======
	  1     15      42      0.302      0.318      15  
	  2     15      59      0.254      0.424      5   
	  3     14      27      0.164      0.309      2   

Generation time: 181.804 sec  (178.979 average)
Population 'novelty_1' saved! Current generation: 16
Sample chosen: [394, 314, 380, 101, 880, 916, 292, 469, 546, 565, 960, 907, 494, 504, 640, 747]


********** Running generation 16 **********

Full population's fitness overview:
	-       best fitness: 0.32541
	-       mean fitness: 0.10440
	-      worst fitness: 0.00360
	- standard deviation: 0.05571
Best genome overview:
	- fitness: 0.32541
	- size (hid, conn): (0, 6)
	- genome id: 2024
	- belongs to specie: 2
Genetic distance:
	- Maximum: 3.153
	- Mean: 1.892
	- Minimum: 0.068
	- Standard deviation: 0.656

Population of 128 members in 3 species:
	 SID    age    size    fitness    adj fit    stag 
	=====  =====  ======  =========  =========  ======
	  1     16      9       0.312      0.280      16  
	  2     16      91      0.325      0.367      0   
	  3     15      28      0.141      0.248      3   

Generation time: 178.236 sec  (179.235 average)
Population 'novelty_1' saved! Current generation: 17
Sample chosen: [436, 558, 629, 195, 495, 811, 20, 332, 974, 425, 644, 635, 33, 590, 937, 618]


********** Running generation 17 **********

Full population's fitness overview:
	-       best fitness: 0.37124
	-       mean fitness: 0.10706
	-      worst fitness: 0.00595
	- standard deviation: 0.05958
Best genome overview:
	- fitness: 0.37124
	- size (hid, conn): (0, 6)
	- genome id: 2128
	- belongs to specie: 2
Genetic distance:
	- Maximum: 3.140
	- Mean: 1.854
	- Minimum: 0.000
	- Standard deviation: 0.714

Population of 128 members in 3 species:
	 SID    age    size    fitness    adj fit    stag 
	=====  =====  ======  =========  =========  ======
	  1     17      26      0.155      0.206      17  
	  2     17      66      0.371      0.296      0   
	  3     16      36      0.204      0.236      4   

Generation time: 178.683 sec  (179.937 average)
Population 'novelty_1' saved! Current generation: 18
Sample chosen: [467, 145, 805, 567, 169, 665, 442, 440, 808, 104, 912, 972, 819, 165, 308, 23]


********** Running generation 18 **********

Full population's fitness overview:
	-       best fitness: 0.47506
	-       mean fitness: 0.11507
	-      worst fitness: 0.00417
	- standard deviation: 0.07391
Best genome overview:
	- fitness: 0.47506
	- size (hid, conn): (0, 6)
	- genome id: 2300
	- belongs to specie: 3

Species 1 with 26 members is stagnated: removing it
Genetic distance:
	- Maximum: 3.055
	- Mean: 1.811
	- Minimum: 0.039
	- Standard deviation: 0.737

Population of 128 members in 2 species:
	 SID    age    size    fitness    adj fit    stag 
	=====  =====  ======  =========  =========  ======
	  2     18      84      0.311      0.259      1   
	  3     17      44      0.475      0.181      0   

Generation time: 182.844 sec  (180.744 average)
Population 'novelty_1' saved! Current generation: 19
Sample chosen: [818, 473, 830, 159, 401, 165, 847, 833, 529, 622, 762, 854, 759, 720, 91, 369]


********** Running generation 19 **********

Full population's fitness overview:
	-       best fitness: 0.32643
	-       mean fitness: 0.10938
	-      worst fitness: 0.01480
	- standard deviation: 0.05782
Best genome overview:
	- fitness: 0.32643
	- size (hid, conn): (0, 6)
	- genome id: 2412
	- belongs to specie: 3
Genetic distance:
	- Maximum: 3.118
	- Mean: 1.719
	- Minimum: 0.031
	- Standard deviation: 0.693

Population of 128 members in 2 species:
	 SID    age    size    fitness    adj fit    stag 
	=====  =====  ======  =========  =========  ======
	  2     19      71      0.261      0.301      2   
	  3     18      57      0.326      0.307      1   

Generation time: 178.749 sec  (180.617 average)
Population 'novelty_1' saved! Current generation: 20
Sample chosen: [761, 330, 175, 798, 775, 249, 919, 246, 642, 799, 608, 926, 445, 292, 606, 892]


********** Running generation 20 **********

Full population's fitness overview:
	-       best fitness: 0.35786
	-       mean fitness: 0.12707
	-      worst fitness: 0.01502
	- standard deviation: 0.06696
Best genome overview:
	- fitness: 0.35786
	- size (hid, conn): (0, 6)
	- genome id: 2500
	- belongs to specie: 2
Genetic distance:
	- Maximum: 2.515
	- Mean: 1.621
	- Minimum: 0.038
	- Standard deviation: 0.609

Population of 128 members in 2 species:
	 SID    age    size    fitness    adj fit    stag 
	=====  =====  ======  =========  =========  ======
	  2     20      70      0.358      0.349      3   
	  3     19      58      0.356      0.299      2   

Generation time: 179.866 sec  (180.672 average)
Population 'novelty_1' saved! Current generation: 21
Sample chosen: [550, 498, 77, 15, 248, 277, 304, 619, 174, 953, 334, 442, 239, 766, 394, 136]


********** Running generation 21 **********

Full population's fitness overview:
	-       best fitness: 0.23898
	-       mean fitness: 0.11313
	-      worst fitness: 0.00173
	- standard deviation: 0.05887
Best genome overview:
	- fitness: 0.23898
	- size (hid, conn): (0, 4)
	- genome id: 2680
	- belongs to specie: 2
Genetic distance:
	- Maximum: 2.433
	- Mean: 1.632
	- Minimum: 0.000
	- Standard deviation: 0.621

Population of 128 members in 2 species:
	 SID    age    size    fitness    adj fit    stag 
	=====  =====  ======  =========  =========  ======
	  2     21      72      0.239      0.535      4   
	  3     20      56      0.233      0.391      3   

Generation time: 177.089 sec  (180.354 average)
Population 'novelty_1' saved! Current generation: 22
Sample chosen: [592, 217, 997, 812, 857, 402, 238, 543, 549, 254, 627, 607, 64, 916, 806, 854]


********** Running generation 22 **********

Full population's fitness overview:
	-       best fitness: 0.28461
	-       mean fitness: 0.10561
	-      worst fitness: 0.00942
	- standard deviation: 0.05118
Best genome overview:
	- fitness: 0.28461
	- size (hid, conn): (0, 6)
	- genome id: 2747
	- belongs to specie: 3
Genetic distance:
	- Maximum: 2.624
	- Mean: 1.641
	- Minimum: 0.000
	- Standard deviation: 0.619

Population of 128 members in 2 species:
	 SID    age    size    fitness    adj fit    stag 
	=====  =====  ======  =========  =========  ======
	  2     22      68      0.219      0.347      5   
	  3     21      60      0.285      0.353      4   

Generation time: 179.918 sec  (179.918 average)
Population 'novelty_1' saved! Current generation: 23
Sample chosen: [96, 146, 592, 187, 998, 142, 339, 332, 535, 214, 328, 467, 40, 527, 961, 291]


********** Running generation 23 **********

Full population's fitness overview:
	-       best fitness: 0.33913
	-       mean fitness: 0.12262
	-      worst fitness: 0.00481
	- standard deviation: 0.06393
Best genome overview:
	- fitness: 0.33913
	- size (hid, conn): (0, 6)
	- genome id: 2859
	- belongs to specie: 2
Genetic distance:
	- Maximum: 2.440
	- Mean: 1.637
	- Minimum: 0.100
	- Standard deviation: 0.598

Population of 128 members in 2 species:
	 SID    age    size    fitness    adj fit    stag 
	=====  =====  ======  =========  =========  ======
	  2     23      69      0.339      0.384      6   
	  3     22      59      0.242      0.317      5   

Generation time: 175.872 sec  (179.469 average)
Population 'novelty_1' saved! Current generation: 24
Sample chosen: [649, 472, 210, 433, 386, 535, 847, 158, 58, 444, 639, 841, 543, 418, 34, 101]


********** Running generation 24 **********

Full population's fitness overview:
	-       best fitness: 0.40564
	-       mean fitness: 0.11784
	-      worst fitness: 0.00915
	- standard deviation: 0.05951
Best genome overview:
	- fitness: 0.40564
	- size (hid, conn): (0, 7)
	- genome id: 2729
	- belongs to specie: 3
Genetic distance:
	- Maximum: 2.532
	- Mean: 1.704
	- Minimum: 0.186
	- Standard deviation: 0.516

Population of 128 members in 2 species:
	 SID    age    size    fitness    adj fit    stag 
	=====  =====  ======  =========  =========  ======
	  2     24      70      0.272      0.299      7   
	  3     23      58      0.406      0.245      6   

Generation time: 181.612 sec  (179.467 average)
Population 'novelty_1' saved! Current generation: 25
Sample chosen: [909, 561, 557, 139, 664, 602, 603, 898, 973, 720, 465, 529, 304, 170, 382, 937]


********** Running generation 25 **********

Full population's fitness overview:
	-       best fitness: 0.28102
	-       mean fitness: 0.12471
	-      worst fitness: 0.00992
	- standard deviation: 0.05601
Best genome overview:
	- fitness: 0.28102
	- size (hid, conn): (0, 6)
	- genome id: 3110
	- belongs to specie: 2
Genetic distance:
	- Maximum: 2.506
	- Mean: 1.698
	- Minimum: 0.002
	- Standard deviation: 0.536

Population of 128 members in 2 species:
	 SID    age    size    fitness    adj fit    stag 
	=====  =====  ======  =========  =========  ======
	  2     25      68      0.281      0.443      8   
	  3     24      60      0.247      0.400      7   

Generation time: 179.032 sec  (179.190 average)
Population 'novelty_1' saved! Current generation: 26
Sample chosen: [871, 824, 35, 300, 414, 836, 434, 396, 830, 84, 894, 837, 934, 208, 526, 486]


********** Running generation 26 **********

Full population's fitness overview:
	-       best fitness: 0.26818
	-       mean fitness: 0.11352
	-      worst fitness: 0.00725
	- standard deviation: 0.05553
Best genome overview:
	- fitness: 0.26818
	- size (hid, conn): (0, 7)
	- genome id: 3245
	- belongs to specie: 3
Genetic distance:
	- Maximum: 2.603
	- Mean: 1.670
	- Minimum: 0.018
	- Standard deviation: 0.552

Population of 128 members in 2 species:
	 SID    age    size    fitness    adj fit    stag 
	=====  =====  ======  =========  =========  ======
	  2     26      70      0.246      0.444      9   
	  3     25      58      0.268      0.366      8   

Generation time: 179.074 sec  (179.274 average)
Population 'novelty_1' saved! Current generation: 27
Sample chosen: [721, 512, 984, 727, 664, 300, 304, 913, 289, 632, 557, 654, 179, 791, 808, 659]


********** Running generation 27 **********

Full population's fitness overview:
	-       best fitness: 0.34251
	-       mean fitness: 0.11379
	-      worst fitness: 0.01100
	- standard deviation: 0.05144
Best genome overview:
	- fitness: 0.34251
	- size (hid, conn): (0, 3)
	- genome id: 3431
	- belongs to specie: 3
Genetic distance:
	- Maximum: 2.633
	- Mean: 1.700
	- Minimum: 0.023
	- Standard deviation: 0.527

Population of 128 members in 2 species:
	 SID    age    size    fitness    adj fit    stag 
	=====  =====  ======  =========  =========  ======
	  2     27      71      0.242      0.323      10  
	  3     26      57      0.343      0.295      9   

Generation time: 178.984 sec  (179.304 average)
Population 'novelty_1' saved! Current generation: 28
Sample chosen: [759, 392, 951, 450, 315, 300, 641, 146, 320, 88, 747, 505, 51, 182, 244, 214]


********** Running generation 28 **********

Full population's fitness overview:
	-       best fitness: 0.28960
	-       mean fitness: 0.12251
	-      worst fitness: 0.02026
	- standard deviation: 0.05440
Best genome overview:
	- fitness: 0.28960
	- size (hid, conn): (0, 4)
	- genome id: 3502
	- belongs to specie: 2
Genetic distance:
	- Maximum: 2.567
	- Mean: 1.631
	- Minimum: 0.036
	- Standard deviation: 0.517

Population of 128 members in 2 species:
	 SID    age    size    fitness    adj fit    stag 
	=====  =====  ======  =========  =========  ======
	  2     28      71      0.290      0.412      11  
	  3     27      57      0.239      0.339      10  

Generation time: 182.374 sec  (179.257 average)
Population 'novelty_1' saved! Current generation: 29
Sample chosen: [165, 442, 301, 159, 863, 845, 24, 236, 682, 705, 29, 815, 253, 462, 905, 612]


********** Running generation 29 **********

Full population's fitness overview:
	-       best fitness: 0.31980
	-       mean fitness: 0.11946
	-      worst fitness: 0.02631
	- standard deviation: 0.05705
Best genome overview:
	- fitness: 0.31980
	- size (hid, conn): (0, 3)
	- genome id: 3609
	- belongs to specie: 3
Genetic distance:
	- Maximum: 2.537
	- Mean: 1.577
	- Minimum: 0.031
	- Standard deviation: 0.560

Population of 128 members in 2 species:
	 SID    age    size    fitness    adj fit    stag 
	=====  =====  ======  =========  =========  ======
	  2     29      65      0.285      0.296      12  
	  3     28      63      0.320      0.345      11  

Generation time: 178.730 sec  (179.255 average)
Population 'novelty_1' saved! Current generation: 30
Sample chosen: [882, 754, 125, 716, 389, 103, 197, 686, 499, 77, 467, 735, 158, 31, 65, 938]


********** Running generation 30 **********

Full population's fitness overview:
	-       best fitness: 0.29563
	-       mean fitness: 0.12006
	-      worst fitness: 0.00615
	- standard deviation: 0.06279
Best genome overview:
	- fitness: 0.29563
	- size (hid, conn): (0, 4)
	- genome id: 3788
	- belongs to specie: 3
Genetic distance:
	- Maximum: 2.532
	- Mean: 1.541
	- Minimum: 0.000
	- Standard deviation: 0.582

Population of 128 members in 2 species:
	 SID    age    size    fitness    adj fit    stag 
	=====  =====  ======  =========  =========  ======
	  2     30      64      0.273      0.374      13  
	  3     29      64      0.296      0.414      12  

Generation time: 180.364 sec  (179.305 average)
Population 'novelty_1' saved! Current generation: 31
Sample chosen: [818, 398, 310, 254, 353, 407, 793, 157, 787, 684, 84, 926, 550, 124, 749, 834]


********** Running generation 31 **********

Full population's fitness overview:
	-       best fitness: 0.32320
	-       mean fitness: 0.12043
	-      worst fitness: 0.01710
	- standard deviation: 0.05540
Best genome overview:
	- fitness: 0.32320
	- size (hid, conn): (0, 3)
	- genome id: 3792
	- belongs to specie: 3
Genetic distance:
	- Maximum: 2.461
	- Mean: 1.588
	- Minimum: 0.000
	- Standard deviation: 0.529

Population of 128 members in 2 species:
	 SID    age    size    fitness    adj fit    stag 
	=====  =====  ======  =========  =========  ======
	  2     31      61      0.212      0.300      14  
	  3     30      67      0.323      0.375      13  

Generation time: 186.279 sec  (180.224 average)
Population 'novelty_1' saved! Current generation: 32
Sample chosen: [537, 767, 165, 375, 146, 354, 307, 893, 597, 879, 558, 885, 388, 694, 730, 144]


********** Running generation 32 **********

Full population's fitness overview:
	-       best fitness: 0.30356
	-       mean fitness: 0.11480
	-      worst fitness: 0.00358
	- standard deviation: 0.05885
Best genome overview:
	- fitness: 0.30356
	- size (hid, conn): (1, 5)
	- genome id: 4055
	- belongs to specie: 3

Species 2 with 61 members is stagnated: removing it
Genetic distance:
	- Maximum: 1.970
	- Mean: 0.758
	- Minimum: 0.001
	- Standard deviation: 0.483

Population of 128 members in 1 species:
	 SID    age    size    fitness    adj fit    stag 
	=====  =====  ======  =========  =========  ======
	  3     31     128      0.304      0.386      14  

Generation time: 183.966 sec  (180.629 average)
Population 'novelty_1' saved! Current generation: 33
Sample chosen: [19, 256, 9, 385, 736, 280, 681, 183, 822, 956, 47, 215, 908, 538, 922, 52]


********** Running generation 33 **********

Full population's fitness overview:
	-       best fitness: 0.26338
	-       mean fitness: 0.10707
	-      worst fitness: 0.00737
	- standard deviation: 0.05258
Best genome overview:
	- fitness: 0.26338
	- size (hid, conn): (0, 3)
	- genome id: 4063
	- belongs to specie: 3
Genetic distance:
	- Maximum: 1.922
	- Mean: 0.793
	- Minimum: 0.047
	- Standard deviation: 0.404

Population of 128 members in 1 species:
	 SID    age    size    fitness    adj fit    stag 
	=====  =====  ======  =========  =========  ======
	  3     32     128      0.263      0.389      15  

Generation time: 185.222 sec  (181.564 average)
Population 'novelty_1' saved! Current generation: 34
Sample chosen: [665, 711, 386, 59, 226, 967, 551, 17, 112, 770, 419, 61, 848, 441, 375, 465]


********** Running generation 34 **********

Full population's fitness overview:
	-       best fitness: 0.27563
	-       mean fitness: 0.11574
	-      worst fitness: 0.01815
	- standard deviation: 0.05291
Best genome overview:
	- fitness: 0.27563
	- size (hid, conn): (0, 3)
	- genome id: 4298
	- belongs to specie: 3
Genetic distance:
	- Maximum: 1.947
	- Mean: 0.897
	- Minimum: 0.000
	- Standard deviation: 0.433

Population of 128 members in 1 species:
	 SID    age    size    fitness    adj fit    stag 
	=====  =====  ======  =========  =========  ======
	  3     33     128      0.276      0.379      16  

Generation time: 178.609 sec  (181.263 average)
Population 'novelty_1' saved! Current generation: 35
Sample chosen: [674, 667, 68, 58, 867, 448, 521, 579, 713, 689, 858, 104, 817, 620, 728, 31]


********** Running generation 35 **********

Full population's fitness overview:
	-       best fitness: 0.27490
	-       mean fitness: 0.10596
	-      worst fitness: 0.00850
	- standard deviation: 0.05558
Best genome overview:
	- fitness: 0.27490
	- size (hid, conn): (0, 3)
	- genome id: 4407
	- belongs to specie: 3

Species 3 with 128 members is stagnated: removing it
All species are extinct.
Genetic distance:
	- Maximum: 3.181
	- Mean: 1.948
	- Minimum: 1.111
	- Standard deviation: 0.402

Population of 128 members in 2 species:
	 SID    age    size    fitness    adj fit    stag 
	=====  =====  ======  =========  =========  ======
	  4      0     110       --         --        0   
	  5      0      18       --         --        0   

Total extinctions: 1
Generation time: 178.548 sec  (181.215 average)
Population 'novelty_1' saved! Current generation: 36
Sample chosen: [533, 857, 558, 745, 546, 717, 732, 406, 150, 119, 728, 989, 858, 680, 729, 809]


********** Running generation 36 **********

Full population's fitness overview:
	-       best fitness: 0.38068
	-       mean fitness: 0.05179
	-      worst fitness: 0.00000
	- standard deviation: 0.07089
Best genome overview:
	- fitness: 0.38068
	- size (hid, conn): (0, 7)
	- genome id: 4451
	- belongs to specie: 4
Genetic distance:
	- Maximum: 3.095
	- Mean: 1.919
	- Minimum: 0.047
	- Standard deviation: 0.495

Population of 128 members in 2 species:
	 SID    age    size    fitness    adj fit    stag 
	=====  =====  ======  =========  =========  ======
	  4      1      76      0.381      0.136      0   
	  5      1      52      0.220      0.139      0   

Total extinctions: 1
Generation time: 180.463 sec  (181.354 average)
Population 'novelty_1' saved! Current generation: 37
Sample chosen: [182, 154, 610, 669, 902, 754, 946, 895, 153, 598, 942, 155, 884, 384, 693, 134]


********** Running generation 37 **********

Full population's fitness overview:
	-       best fitness: 0.44106
	-       mean fitness: 0.08497
	-      worst fitness: 0.00026
	- standard deviation: 0.07448
Best genome overview:
	- fitness: 0.44106
	- size (hid, conn): (0, 6)
	- genome id: 4690
	- belongs to specie: 4
Genetic distance:
	- Maximum: 2.926
	- Mean: 1.757
	- Minimum: 0.052
	- Standard deviation: 0.523

Population of 128 members in 2 species:
	 SID    age    size    fitness    adj fit    stag 
	=====  =====  ======  =========  =========  ======
	  4      2      49      0.441      0.223      0   
	  5      2      79      0.189      0.147      1   

Total extinctions: 1
Generation time: 168.714 sec  (180.327 average)
Population 'novelty_1' saved! Current generation: 38
Sample chosen: [749, 176, 241, 711, 699, 310, 414, 921, 174, 98, 920, 236, 642, 616, 285, 450]


********** Running generation 38 **********

Full population's fitness overview:
	-       best fitness: 0.43578
	-       mean fitness: 0.10818
	-      worst fitness: 0.00873
	- standard deviation: 0.06605
Best genome overview:
	- fitness: 0.43578
	- size (hid, conn): (0, 7)
	- genome id: 4795
	- belongs to specie: 5
Genetic distance:
	- Maximum: 2.475
	- Mean: 1.656
	- Minimum: 0.000
	- Standard deviation: 0.462

Population of 128 members in 2 species:
	 SID    age    size    fitness    adj fit    stag 
	=====  =====  ======  =========  =========  ======
	  4      3      64      0.316      0.272      1   
	  5      3      64      0.436      0.209      0   

Total extinctions: 1
Generation time: 173.255 sec  (179.415 average)
Population 'novelty_1' saved! Current generation: 39
Sample chosen: [517, 950, 717, 592, 598, 322, 181, 174, 847, 882, 788, 223, 412, 25, 333, 317]


********** Running generation 39 **********

Full population's fitness overview:
	-       best fitness: 0.43598
	-       mean fitness: 0.11429
	-      worst fitness: 0.01251
	- standard deviation: 0.06048
Best genome overview:
	- fitness: 0.43598
	- size (hid, conn): (0, 7)
	- genome id: 4881
	- belongs to specie: 5
Genetic distance:
	- Maximum: 2.941
	- Mean: 1.829
	- Minimum: 0.011
	- Standard deviation: 0.548

Population of 128 members in 2 species:
	 SID    age    size    fitness    adj fit    stag 
	=====  =====  ======  =========  =========  ======
	  4      4     115      0.269      0.253      2   
	  5      4      13      0.436      0.227      0   

Total extinctions: 1
Generation time: 176.443 sec  (179.186 average)
Population 'novelty_1' saved! Current generation: 40
Sample chosen: [473, 690, 121, 829, 788, 950, 736, 337, 225, 688, 661, 374, 555, 680, 577, 760]


********** Running generation 40 **********

Full population's fitness overview:
	-       best fitness: 0.43407
	-       mean fitness: 0.09857
	-      worst fitness: 0.01247
	- standard deviation: 0.06011
Best genome overview:
	- fitness: 0.43407
	- size (hid, conn): (0, 8)
	- genome id: 4990
	- belongs to specie: 4
Genetic distance:
	- Maximum: 2.841
	- Mean: 1.850
	- Minimum: 0.026
	- Standard deviation: 0.649

Population of 128 members in 3 species:
	 SID    age    size    fitness    adj fit    stag 
	=====  =====  ======  =========  =========  ======
	  4      5      70      0.434      0.208      3   
	  5      5      28      0.177      0.168      1   
	  6      0      30       --         --        0   

Total extinctions: 1
Generation time: 180.774 sec  (179.227 average)
Population 'novelty_1' saved! Current generation: 41
Sample chosen: [746, 325, 22, 615, 785, 273, 602, 945, 650, 676, 632, 289, 984, 272, 228, 803]


********** Running generation 41 **********

Full population's fitness overview:
	-       best fitness: 0.41926
	-       mean fitness: 0.11130
	-      worst fitness: 0.00614
	- standard deviation: 0.06991
Best genome overview:
	- fitness: 0.41926
	- size (hid, conn): (0, 7)
	- genome id: 5138
	- belongs to specie: 4
Genetic distance:
	- Maximum: 2.886
	- Mean: 1.899
	- Minimum: 0.041
	- Standard deviation: 0.561

Population of 128 members in 3 species:
	 SID    age    size    fitness    adj fit    stag 
	=====  =====  ======  =========  =========  ======
	  4      6      39      0.419      0.275      4   
	  5      6      25      0.412      0.185      2   
	  6      1      64      0.208      0.270      0   

Total extinctions: 1
Generation time: 178.971 sec  (178.496 average)
Population 'novelty_1' saved! Current generation: 42
Sample chosen: [718, 756, 229, 226, 177, 152, 337, 32, 553, 905, 59, 786, 60, 415, 848, 826]


********** Running generation 42 **********

Full population's fitness overview:
	-       best fitness: 0.27894
	-       mean fitness: 0.11291
	-      worst fitness: 0.01855
	- standard deviation: 0.05924
Best genome overview:
	- fitness: 0.27894
	- size (hid, conn): (0, 7)
	- genome id: 5218
	- belongs to specie: 6
Genetic distance:
	- Maximum: 3.017
	- Mean: 1.884
	- Minimum: 0.151
	- Standard deviation: 0.527

Population of 127 members in 3 species:
	 SID    age    size    fitness    adj fit    stag 
	=====  =====  ======  =========  =========  ======
	  4      7      39      0.257      0.424      5   
	  5      7      26      0.203      0.255      3   
	  6      2      62      0.279      0.367      0   

Total extinctions: 1
Generation time: 180.229 sec  (178.123 average)
Population 'novelty_1' saved! Current generation: 43
Sample chosen: [478, 995, 781, 734, 265, 619, 659, 574, 965, 638, 417, 181, 573, 590, 1000, 243]


********** Running generation 43 **********

Full population's fitness overview:
	-       best fitness: 0.31822
	-       mean fitness: 0.11239
	-      worst fitness: 0.00396
	- standard deviation: 0.06034
Best genome overview:
	- fitness: 0.31822
	- size (hid, conn): (0, 7)
	- genome id: 5428
	- belongs to specie: 6
Genetic distance:
	- Maximum: 3.172
	- Mean: 1.827
	- Minimum: 0.132
	- Standard deviation: 0.594

Population of 127 members in 3 species:
	 SID    age    size    fitness    adj fit    stag 
	=====  =====  ======  =========  =========  ======
	  4      8      38      0.307      0.314      6   
	  5      8      22      0.192      0.284      4   
	  6      3      67      0.318      0.391      0   

Total extinctions: 1
Generation time: 177.379 sec  (177.338 average)
Population 'novelty_1' saved! Current generation: 44
Sample chosen: [970, 179, 499, 317, 579, 803, 329, 141, 554, 792, 10, 411, 120, 683, 33, 149]


********** Running generation 44 **********

Full population's fitness overview:
	-       best fitness: 0.35099
	-       mean fitness: 0.12111
	-      worst fitness: 0.01789
	- standard deviation: 0.06937
Best genome overview:
	- fitness: 0.35099
	- size (hid, conn): (1, 5)
	- genome id: 5545
	- belongs to specie: 6
Genetic distance:
	- Maximum: 3.274
	- Mean: 1.860
	- Minimum: 0.122
	- Standard deviation: 0.634

Population of 127 members in 3 species:
	 SID    age    size    fitness    adj fit    stag 
	=====  =====  ======  =========  =========  ======
	  4      9      44      0.256      0.260      7   
	  5      9      20      0.130      0.195      5   
	  6      4      63      0.351      0.376      0   

Total extinctions: 1
Generation time: 178.177 sec  (177.295 average)
Population 'novelty_1' saved! Current generation: 45
Sample chosen: [560, 600, 997, 690, 940, 678, 683, 377, 509, 531, 561, 588, 942, 114, 385, 464]


********** Running generation 45 **********

Full population's fitness overview:
	-       best fitness: 0.45706
	-       mean fitness: 0.11347
	-      worst fitness: 0.00111
	- standard deviation: 0.07306
Best genome overview:
	- fitness: 0.45706
	- size (hid, conn): (0, 4)
	- genome id: 5504
	- belongs to specie: 6
Genetic distance:
	- Maximum: 3.148
	- Mean: 1.843
	- Minimum: 0.097
	- Standard deviation: 0.545

Population of 128 members in 3 species:
	 SID    age    size    fitness    adj fit    stag 
	=====  =====  ======  =========  =========  ======
	  4     10      53      0.288      0.234      8   
	  5     10      21      0.116      0.143      6   
	  6      5      54      0.457      0.288      0   

Total extinctions: 1
Generation time: 180.164 sec  (177.457 average)
Population 'novelty_1' saved! Current generation: 46
Sample chosen: [953, 452, 483, 475, 7, 123, 212, 184, 983, 451, 148, 100, 860, 851, 770, 987]


********** Running generation 46 **********

Full population's fitness overview:
	-       best fitness: 0.32345
	-       mean fitness: 0.12646
	-      worst fitness: 0.00492
	- standard deviation: 0.06462
Best genome overview:
	- fitness: 0.32345
	- size (hid, conn): (0, 7)
	- genome id: 5753
	- belongs to specie: 6
Genetic distance:
	- Maximum: 3.155
	- Mean: 1.945
	- Minimum: 0.146
	- Standard deviation: 0.512

Population of 129 members in 3 species:
	 SID    age    size    fitness    adj fit    stag 
	=====  =====  ======  =========  =========  ======
	  4     11      52      0.297      0.376      9   
	  5     11      17      0.210      0.219      7   
	  6      6      60      0.323      0.450      1   

Total extinctions: 1
Generation time: 180.410 sec  (177.451 average)
Population 'novelty_1' saved! Current generation: 47
Sample chosen: [437, 755, 191, 763, 103, 63, 904, 273, 829, 471, 987, 820, 550, 900, 826, 301]


********** Running generation 47 **********

Full population's fitness overview:
	-       best fitness: 0.33176
	-       mean fitness: 0.12641
	-      worst fitness: 0.02288
	- standard deviation: 0.06061
Best genome overview:
	- fitness: 0.33176
	- size (hid, conn): (1, 5)
	- genome id: 5900
	- belongs to specie: 6
Genetic distance:
	- Maximum: 3.281
	- Mean: 2.058
	- Minimum: 0.031
	- Standard deviation: 0.530

Population of 128 members in 3 species:
	 SID    age    size    fitness    adj fit    stag 
	=====  =====  ======  =========  =========  ======
	  4     12      54      0.262      0.297      10  
	  5     12      25      0.173      0.241      8   
	  6      7      49      0.332      0.395      2   

Total extinctions: 1
Generation time: 180.700 sec  (178.650 average)
Population 'novelty_1' saved! Current generation: 48
Sample chosen: [312, 320, 134, 674, 982, 563, 616, 280, 610, 390, 873, 252, 954, 97, 693, 586]


********** Running generation 48 **********

Full population's fitness overview:
	-       best fitness: 0.32572
	-       mean fitness: 0.12357
	-      worst fitness: 0.01778
	- standard deviation: 0.06541
Best genome overview:
	- fitness: 0.32572
	- size (hid, conn): (0, 6)
	- genome id: 6026
	- belongs to specie: 6
Genetic distance:
	- Maximum: 3.262
	- Mean: 1.973
	- Minimum: 0.001
	- Standard deviation: 0.649

Population of 128 members in 3 species:
	 SID    age    size    fitness    adj fit    stag 
	=====  =====  ======  =========  =========  ======
	  4     13      24      0.281      0.362      11  
	  5     13      25      0.156      0.184      9   
	  6      8      79      0.326      0.404      3   

Total extinctions: 1
Generation time: 177.712 sec  (179.096 average)
Population 'novelty_1' saved! Current generation: 49
Sample chosen: [744, 404, 620, 643, 750, 636, 840, 602, 959, 558, 593, 672, 83, 810, 41, 440]


********** Running generation 49 **********

Full population's fitness overview:
	-       best fitness: 0.37222
	-       mean fitness: 0.12893
	-      worst fitness: 0.00739
	- standard deviation: 0.06269
Best genome overview:
	- fitness: 0.37222
	- size (hid, conn): (2, 7)
	- genome id: 6116
	- belongs to specie: 6
Genetic distance:
	- Maximum: 3.255
	- Mean: 1.904
	- Minimum: 0.063
	- Standard deviation: 0.636

Population of 128 members in 3 species:
	 SID    age    size    fitness    adj fit    stag 
	=====  =====  ======  =========  =========  ======
	  4     14      32      0.207      0.304      12  
	  5     14      29      0.177      0.235      10  
	  6      9      67      0.372      0.373      4   

Total extinctions: 1
Generation time: 182.606 sec  (179.712 average)
Population 'novelty_1' saved! Current generation: 50
Sample chosen: [318, 425, 426, 91, 518, 708, 624, 141, 423, 970, 876, 254, 842, 244, 323, 43]


********** Running generation 50 **********

Full population's fitness overview:
	-       best fitness: 0.39586
	-       mean fitness: 0.12916
	-      worst fitness: 0.01612
	- standard deviation: 0.06991
Best genome overview:
	- fitness: 0.39586
	- size (hid, conn): (1, 7)
	- genome id: 6260
	- belongs to specie: 6
Genetic distance:
	- Maximum: 3.366
	- Mean: 2.023
	- Minimum: 0.089
	- Standard deviation: 0.642

Population of 129 members in 3 species:
	 SID    age    size    fitness    adj fit    stag 
	=====  =====  ======  =========  =========  ======
	  4     15      3       0.241      0.276      13  
	  5     15      29      0.187      0.182      11  
	  6     10      97      0.396      0.358      5   

Total extinctions: 1
Generation time: 179.791 sec  (179.614 average)
Population 'novelty_1' saved! Current generation: 51
Sample chosen: [313, 170, 515, 584, 456, 251, 898, 7, 348, 498, 750, 731, 583, 796, 578, 974]


********** Running generation 51 **********

Full population's fitness overview:
	-       best fitness: 0.34610
	-       mean fitness: 0.12634
	-      worst fitness: 0.02053
	- standard deviation: 0.07221
Best genome overview:
	- fitness: 0.34610
	- size (hid, conn): (1, 6)
	- genome id: 6387
	- belongs to specie: 6
Genetic distance:
	- Maximum: 3.377
	- Mean: 1.949
	- Minimum: 0.000
	- Standard deviation: 0.799

Population of 128 members in 3 species:
	 SID    age    size    fitness    adj fit    stag 
	=====  =====  ======  =========  =========  ======
	  4     16      34      0.270      0.526      14  
	  5     16      25      0.199      0.199      12  
	  6     11      69      0.346      0.356      6   

Total extinctions: 1
Generation time: 182.080 sec  (179.925 average)
Population 'novelty_1' saved! Current generation: 52
Sample chosen: [115, 621, 801, 462, 416, 488, 104, 898, 51, 70, 129, 398, 305, 620, 423, 529]


********** Running generation 52 **********

Full population's fitness overview:
	-       best fitness: 0.33584
	-       mean fitness: 0.11682
	-      worst fitness: 0.00897
	- standard deviation: 0.05890
Best genome overview:
	- fitness: 0.33584
	- size (hid, conn): (2, 6)
	- genome id: 6491
	- belongs to specie: 6
Genetic distance:
	- Maximum: 3.296
	- Mean: 1.954
	- Minimum: 0.033
	- Standard deviation: 0.790

Population of 127 members in 3 species:
	 SID    age    size    fitness    adj fit    stag 
	=====  =====  ======  =========  =========  ======
	  4     17      38      0.173      0.307      15  
	  5     17      29      0.164      0.240      13  
	  6     12      60      0.336      0.374      7   

Total extinctions: 1
Generation time: 180.115 sec  (179.913 average)
Population 'novelty_1' saved! Current generation: 53
Sample chosen: [279, 972, 843, 16, 559, 48, 329, 891, 228, 602, 383, 772, 899, 887, 574, 816]


********** Running generation 53 **********

Full population's fitness overview:
	-       best fitness: 0.38819
	-       mean fitness: 0.13780
	-      worst fitness: 0.02714
	- standard deviation: 0.07209
Best genome overview:
	- fitness: 0.38819
	- size (hid, conn): (2, 6)
	- genome id: 6491
	- belongs to specie: 6
Genetic distance:
	- Maximum: 3.294
	- Mean: 1.968
	- Minimum: 0.000
	- Standard deviation: 0.815

Population of 127 members in 3 species:
	 SID    age    size    fitness    adj fit    stag 
	=====  =====  ======  =========  =========  ======
	  4     18      41      0.309      0.298      16  
	  5     18      28      0.166      0.186      14  
	  6     13      58      0.388      0.370      8   

Total extinctions: 1
Generation time: 178.518 sec  (180.027 average)
Population 'novelty_1' saved! Current generation: 54
Sample chosen: [756, 408, 866, 491, 526, 486, 774, 617, 798, 356, 397, 254, 935, 431, 410, 136]


********** Running generation 54 **********

Full population's fitness overview:
	-       best fitness: 0.32648
	-       mean fitness: 0.12207
	-      worst fitness: 0.01240
	- standard deviation: 0.06146
Best genome overview:
	- fitness: 0.32648
	- size (hid, conn): (0, 6)
	- genome id: 6729
	- belongs to specie: 6

Species 5 with 28 members is stagnated: removing it
Genetic distance:
	- Maximum: 2.924
	- Mean: 1.790
	- Minimum: 0.000
	- Standard deviation: 0.688

Population of 128 members in 2 species:
	 SID    age    size    fitness    adj fit    stag 
	=====  =====  ======  =========  =========  ======
	  4     19      49      0.248      0.235      17  
	  6     14      79      0.326      0.422      9   

Total extinctions: 1
Generation time: 178.955 sec  (180.105 average)
Population 'novelty_1' saved! Current generation: 55
Sample chosen: [910, 194, 884, 375, 946, 753, 850, 543, 198, 91, 42, 417, 168, 684, 609, 750]


********** Running generation 55 **********

Full population's fitness overview:
	-       best fitness: 0.39012
	-       mean fitness: 0.14203
	-      worst fitness: 0.02966
	- standard deviation: 0.06404
Best genome overview:
	- fitness: 0.39012
	- size (hid, conn): (0, 6)
	- genome id: 6729
	- belongs to specie: 6
Genetic distance:
	- Maximum: 2.910
	- Mean: 1.774
	- Minimum: 0.000
	- Standard deviation: 0.802

Population of 128 members in 2 species:
	 SID    age    size    fitness    adj fit    stag 
	=====  =====  ======  =========  =========  ======
	  4     20      54      0.309      0.281      18  
	  6     15      74      0.390      0.331      10  

Total extinctions: 1
Generation time: 180.960 sec  (180.185 average)
Population 'novelty_1' saved! Current generation: 56
Sample chosen: [260, 752, 860, 171, 142, 55, 963, 981, 392, 999, 634, 202, 343, 255, 117, 5]


********** Running generation 56 **********

Full population's fitness overview:
	-       best fitness: 0.32107
	-       mean fitness: 0.13755
	-      worst fitness: 0.02411
	- standard deviation: 0.05612
Best genome overview:
	- fitness: 0.32107
	- size (hid, conn): (0, 5)
	- genome id: 7014
	- belongs to specie: 6

Species 4 with 54 members is stagnated: removing it
Genetic distance:
	- Maximum: 2.221
	- Mean: 1.515
	- Minimum: 0.015
	- Standard deviation: 0.640

Population of 128 members in 1 species:
	 SID    age    size    fitness    adj fit    stag 
	=====  =====  ======  =========  =========  ======
	  6     16     128      0.321      0.357      11  

Total extinctions: 1
Generation time: 185.537 sec  (180.697 average)
Population 'novelty_1' saved! Current generation: 57
Sample chosen: [952, 506, 937, 728, 736, 278, 776, 815, 374, 258, 302, 150, 925, 162, 804, 376]


********** Running generation 57 **********

Full population's fitness overview:
	-       best fitness: 0.34117
	-       mean fitness: 0.13649
	-      worst fitness: 0.02024
	- standard deviation: 0.05302
Best genome overview:
	- fitness: 0.34117
	- size (hid, conn): (0, 6)
	- genome id: 7112
	- belongs to specie: 6
Genetic distance:
	- Maximum: 2.196
	- Mean: 1.447
	- Minimum: 0.011
	- Standard deviation: 0.599

Population of 128 members in 1 species:
	 SID    age    size    fitness    adj fit    stag 
	=====  =====  ======  =========  =========  ======
	  6     17     128      0.341      0.362      12  

Total extinctions: 1
Generation time: 189.012 sec  (181.529 average)
Population 'novelty_1' saved! Current generation: 58
Sample chosen: [556, 989, 531, 348, 782, 834, 915, 476, 533, 158, 37, 737, 70, 299, 488, 480]


********** Running generation 58 **********

Full population's fitness overview:
	-       best fitness: 0.28162
	-       mean fitness: 0.11465
	-      worst fitness: 0.00060
	- standard deviation: 0.05577
Best genome overview:
	- fitness: 0.28162
	- size (hid, conn): (0, 5)
	- genome id: 7151
	- belongs to specie: 6
Genetic distance:
	- Maximum: 2.280
	- Mean: 1.599
	- Minimum: 0.058
	- Standard deviation: 0.581

Population of 128 members in 1 species:
	 SID    age    size    fitness    adj fit    stag 
	=====  =====  ======  =========  =========  ======
	  6     18     128      0.282      0.406      13  

Total extinctions: 1
Generation time: 178.563 sec  (181.614 average)
Population 'novelty_1' saved! Current generation: 59
Sample chosen: [392, 719, 709, 800, 853, 473, 595, 154, 481, 371, 698, 937, 462, 817, 401, 408]


********** Running generation 59 **********

Full population's fitness overview:
	-       best fitness: 0.29356
	-       mean fitness: 0.12454
	-      worst fitness: 0.02277
	- standard deviation: 0.05830
Best genome overview:
	- fitness: 0.29356
	- size (hid, conn): (3, 10)
	- genome id: 7348
	- belongs to specie: 6
Genetic distance:
	- Maximum: 2.391
	- Mean: 1.512
	- Minimum: 0.027
	- Standard deviation: 0.605

Population of 128 members in 1 species:
	 SID    age    size    fitness    adj fit    stag 
	=====  =====  ======  =========  =========  ======
	  6     19     128      0.294      0.376      14  

Total extinctions: 1
Generation time: 181.607 sec  (181.514 average)
Population 'novelty_1' saved! Current generation: 60
Sample chosen: [593, 744, 680, 424, 728, 28, 812, 627, 963, 830, 45, 354, 121, 758, 956, 482]


********** Running generation 60 **********

Full population's fitness overview:
	-       best fitness: 0.31132
	-       mean fitness: 0.12926
	-      worst fitness: 0.03314
	- standard deviation: 0.05927
Best genome overview:
	- fitness: 0.31132
	- size (hid, conn): (1, 4)
	- genome id: 7488
	- belongs to specie: 6

Species 6 with 128 members is stagnated: removing it
All species are extinct.
Genetic distance:
	- Maximum: 3.119
	- Mean: 1.858
	- Minimum: 1.015
	- Standard deviation: 0.371

Population of 128 members in 2 species:
	 SID    age    size    fitness    adj fit    stag 
	=====  =====  ======  =========  =========  ======
	  7      0      81       --         --        0   
	  8      0      47       --         --        0   

Total extinctions: 2
Generation time: 186.914 sec  (182.226 average)
Population 'novelty_1' saved! Current generation: 61
Sample chosen: [816, 437, 129, 461, 186, 1, 685, 273, 307, 170, 289, 786, 550, 838, 592, 881]


********** Running generation 61 **********

Full population's fitness overview:
	-       best fitness: 0.50038
	-       mean fitness: 0.07075
	-      worst fitness: 0.00000
	- standard deviation: 0.09124
Best genome overview:
	- fitness: 0.50038
	- size (hid, conn): (0, 8)
	- genome id: 7566
	- belongs to specie: 7
Genetic distance:
	- Maximum: 2.876
	- Mean: 1.808
	- Minimum: 0.257
	- Standard deviation: 0.362

Population of 128 members in 2 species:
	 SID    age    size    fitness    adj fit    stag 
	=====  =====  ======  =========  =========  ======
	  7      1      80      0.500      0.167      0   
	  8      1      48      0.290      0.098      0   

Total extinctions: 2
Generation time: 180.736 sec  (182.092 average)
Population 'novelty_1' saved! Current generation: 62
Sample chosen: [317, 355, 913, 441, 585, 44, 195, 534, 42, 208, 527, 563, 562, 578, 31, 442]


********** Running generation 62 **********

Full population's fitness overview:
	-       best fitness: 0.42010
	-       mean fitness: 0.09220
	-      worst fitness: 0.00040
	- standard deviation: 0.07660
Best genome overview:
	- fitness: 0.42010
	- size (hid, conn): (0, 10)
	- genome id: 7692
	- belongs to specie: 8
Genetic distance:
	- Maximum: 2.682
	- Mean: 1.757
	- Minimum: 0.000
	- Standard deviation: 0.374

Population of 128 members in 2 species:
	 SID    age    size    fitness    adj fit    stag 
	=====  =====  ======  =========  =========  ======
	  7      2      69      0.374      0.202      1   
	  8      2      59      0.420      0.246      0   

Total extinctions: 2
Generation time: 171.986 sec  (181.279 average)
Population 'novelty_1' saved! Current generation: 63
Sample chosen: [462, 113, 900, 956, 65, 907, 741, 5, 204, 566, 752, 286, 424, 272, 926, 302]


********** Running generation 63 **********

Full population's fitness overview:
	-       best fitness: 0.33278
	-       mean fitness: 0.11514
	-      worst fitness: 0.00191
	- standard deviation: 0.06552
Best genome overview:
	- fitness: 0.33278
	- size (hid, conn): (1, 9)
	- genome id: 7847
	- belongs to specie: 7
Genetic distance:
	- Maximum: 2.698
	- Mean: 1.776
	- Minimum: 0.000
	- Standard deviation: 0.378

Population of 128 members in 2 species:
	 SID    age    size    fitness    adj fit    stag 
	=====  =====  ======  =========  =========  ======
	  7      3      57      0.333      0.321      2   
	  8      3      71      0.306      0.367      1   

Total extinctions: 2
Generation time: 178.488 sec  (181.276 average)
Population 'novelty_1' saved! Current generation: 64
Sample chosen: [326, 46, 728, 871, 266, 127, 747, 533, 194, 4, 67, 566, 432, 546, 874, 699]


********** Running generation 64 **********

Full population's fitness overview:
	-       best fitness: 0.27441
	-       mean fitness: 0.13185
	-      worst fitness: 0.01341
	- standard deviation: 0.05027
Best genome overview:
	- fitness: 0.27441
	- size (hid, conn): (0, 9)
	- genome id: 7910
	- belongs to specie: 7
Genetic distance:
	- Maximum: 2.455
	- Mean: 1.785
	- Minimum: 0.032
	- Standard deviation: 0.343

Population of 128 members in 2 species:
	 SID    age    size    fitness    adj fit    stag 
	=====  =====  ======  =========  =========  ======
	  7      4      74      0.274      0.467      3   
	  8      4      54      0.250      0.443      2   

Total extinctions: 2
Generation time: 181.582 sec  (181.539 average)
Population 'novelty_1' saved! Current generation: 65
Sample chosen: [853, 596, 631, 912, 868, 429, 78, 676, 580, 68, 730, 291, 800, 709, 898, 615]


********** Running generation 65 **********

Full population's fitness overview:
	-       best fitness: 0.28775
	-       mean fitness: 0.10838
	-      worst fitness: 0.00594
	- standard deviation: 0.05307
Best genome overview:
	- fitness: 0.28775
	- size (hid, conn): (0, 8)
	- genome id: 8143
	- belongs to specie: 7
Genetic distance:
	- Maximum: 2.347
	- Mean: 1.777
	- Minimum: 0.031
	- Standard deviation: 0.392

Population of 128 members in 2 species:
	 SID    age    size    fitness    adj fit    stag 
	=====  =====  ======  =========  =========  ======
	  7      5      81      0.288      0.365      4   
	  8      5      47      0.249      0.361      3   

Total extinctions: 2
Generation time: 183.871 sec  (181.830 average)
Population 'novelty_1' saved! Current generation: 66
Sample chosen: [728, 236, 194, 607, 618, 741, 988, 611, 768, 402, 94, 70, 819, 316, 588, 509]


********** Running generation 66 **********

Full population's fitness overview:
	-       best fitness: 0.29415
	-       mean fitness: 0.13283
	-      worst fitness: 0.01875
	- standard deviation: 0.05665
Best genome overview:
	- fitness: 0.29415
	- size (hid, conn): (0, 7)
	- genome id: 8187
	- belongs to specie: 8
Genetic distance:
	- Maximum: 2.473
	- Mean: 1.793
	- Minimum: 0.033
	- Standard deviation: 0.416

Population of 128 members in 2 species:
	 SID    age    size    fitness    adj fit    stag 
	=====  =====  ======  =========  =========  ======
	  7      6      75      0.275      0.413      5   
	  8      6      53      0.294      0.417      4   

Total extinctions: 2
Generation time: 180.094 sec  (181.285 average)
Population 'novelty_1' saved! Current generation: 67
Sample chosen: [17, 242, 497, 303, 241, 321, 245, 555, 610, 631, 466, 718, 398, 825, 901, 477]


********** Running generation 67 **********

Full population's fitness overview:
	-       best fitness: 0.30433
	-       mean fitness: 0.11617
	-      worst fitness: 0.00392
	- standard deviation: 0.05585
Best genome overview:
	- fitness: 0.30433
	- size (hid, conn): (1, 8)
	- genome id: 8274
	- belongs to specie: 8
Genetic distance:
	- Maximum: 2.532
	- Mean: 1.737
	- Minimum: 0.244
	- Standard deviation: 0.295

Population of 128 members in 2 species:
	 SID    age    size    fitness    adj fit    stag 
	=====  =====  ======  =========  =========  ======
	  7      7      22      0.251      0.351      6   
	  8      7     106      0.304      0.405      5   

Total extinctions: 2
Generation time: 179.146 sec  (180.299 average)
Population 'novelty_1' saved! Current generation: 68
Sample chosen: [157, 28, 197, 241, 969, 791, 952, 556, 267, 894, 160, 379, 807, 312, 243, 748]


********** Running generation 68 **********

Full population's fitness overview:
	-       best fitness: 0.34070
	-       mean fitness: 0.10221
	-      worst fitness: 0.00304
	- standard deviation: 0.05312
Best genome overview:
	- fitness: 0.34070
	- size (hid, conn): (1, 7)
	- genome id: 8397
	- belongs to specie: 8
Genetic distance:
	- Maximum: 2.499
	- Mean: 1.612
	- Minimum: 0.012
	- Standard deviation: 0.320

Population of 128 members in 2 species:
	 SID    age    size    fitness    adj fit    stag 
	=====  =====  ======  =========  =========  ======
	  7      8      34      0.171      0.312      7   
	  8      8      94      0.341      0.290      6   

Total extinctions: 2
Generation time: 181.773 sec  (180.620 average)
Population 'novelty_1' saved! Current generation: 69
Sample chosen: [151, 707, 860, 679, 389, 279, 760, 717, 612, 956, 769, 830, 155, 18, 25, 810]


********** Running generation 69 **********

Full population's fitness overview:
	-       best fitness: 0.46167
	-       mean fitness: 0.12099
	-      worst fitness: 0.00217
	- standard deviation: 0.06298
Best genome overview:
	- fitness: 0.46167
	- size (hid, conn): (0, 4)
	- genome id: 8543
	- belongs to specie: 7
Genetic distance:
	- Maximum: 2.235
	- Mean: 1.606
	- Minimum: 0.099
	- Standard deviation: 0.350

Population of 128 members in 2 species:
	 SID    age    size    fitness    adj fit    stag 
	=====  =====  ======  =========  =========  ======
	  7      9      76      0.462      0.253      8   
	  8      9      52      0.307      0.261      7   

Total extinctions: 2
Generation time: 182.127 sec  (180.672 average)
Population 'novelty_1' saved! Current generation: 70
Sample chosen: [669, 959, 72, 983, 505, 485, 135, 405, 281, 791, 134, 935, 532, 433, 515, 730]


********** Running generation 70 **********

Full population's fitness overview:
	-       best fitness: 0.37303
	-       mean fitness: 0.11632
	-      worst fitness: 0.01406
	- standard deviation: 0.05824
Best genome overview:
	- fitness: 0.37303
	- size (hid, conn): (2, 8)
	- genome id: 8605
	- belongs to specie: 8
Genetic distance:
	- Maximum: 2.324
	- Mean: 1.567
	- Minimum: 0.210
	- Standard deviation: 0.368

Population of 128 members in 2 species:
	 SID    age    size    fitness    adj fit    stag 
	=====  =====  ======  =========  =========  ======
	  7     10      73      0.266      0.264      9   
	  8     10      55      0.373      0.316      8   

Total extinctions: 2
Generation time: 186.523 sec  (180.633 average)
Population 'novelty_1' saved! Current generation: 71
Sample chosen: [922, 825, 717, 371, 994, 966, 51, 108, 791, 883, 93, 502, 172, 308, 735, 398]


********** Running generation 71 **********

Full population's fitness overview:
	-       best fitness: 0.32705
	-       mean fitness: 0.11774
	-      worst fitness: 0.00157
	- standard deviation: 0.05913
Best genome overview:
	- fitness: 0.32705
	- size (hid, conn): (0, 4)
	- genome id: 8543
	- belongs to specie: 7
Genetic distance:
	- Maximum: 2.198
	- Mean: 1.592
	- Minimum: 0.005
	- Standard deviation: 0.358

Population of 128 members in 2 species:
	 SID    age    size    fitness    adj fit    stag 
	=====  =====  ======  =========  =========  ======
	  7     11      68      0.327      0.354      10  
	  8     11      60      0.292      0.361      9   

Total extinctions: 2
Generation time: 180.105 sec  (180.570 average)
Population 'novelty_1' saved! Current generation: 72
Sample chosen: [117, 188, 967, 76, 108, 334, 317, 799, 632, 642, 224, 537, 839, 381, 576, 678]


********** Running generation 72 **********

Full population's fitness overview:
	-       best fitness: 0.32322
	-       mean fitness: 0.13321
	-      worst fitness: 0.01588
	- standard deviation: 0.06207
Best genome overview:
	- fitness: 0.32322
	- size (hid, conn): (0, 4)
	- genome id: 8543
	- belongs to specie: 7
Genetic distance:
	- Maximum: 2.348
	- Mean: 1.712
	- Minimum: 0.222
	- Standard deviation: 0.302

Population of 128 members in 2 species:
	 SID    age    size    fitness    adj fit    stag 
	=====  =====  ======  =========  =========  ======
	  7     12      52      0.323      0.386      11  
	  8     12      76      0.277      0.377      10  

Total extinctions: 2
Generation time: 175.481 sec  (180.919 average)
Population 'novelty_1' saved! Current generation: 73
Sample chosen: [138, 789, 236, 972, 658, 219, 894, 688, 957, 767, 724, 347, 358, 467, 524, 720]


********** Running generation 73 **********

Full population's fitness overview:
	-       best fitness: 0.48287
	-       mean fitness: 0.12362
	-      worst fitness: 0.01139
	- standard deviation: 0.06519
Best genome overview:
	- fitness: 0.48287
	- size (hid, conn): (0, 4)
	- genome id: 9092
	- belongs to specie: 7
Genetic distance:
	- Maximum: 2.490
	- Mean: 1.725
	- Minimum: 0.051
	- Standard deviation: 0.391

Population of 128 members in 2 species:
	 SID    age    size    fitness    adj fit    stag 
	=====  =====  ======  =========  =========  ======
	  7     13      63      0.483      0.236      12  
	  8     13      65      0.264      0.239      11  

Total extinctions: 2
Generation time: 182.295 sec  (181.300 average)
Population 'novelty_1' saved! Current generation: 74
Sample chosen: [642, 759, 95, 220, 983, 52, 27, 733, 247, 56, 402, 738, 662, 144, 914, 106]


********** Running generation 74 **********

Full population's fitness overview:
	-       best fitness: 0.37368
	-       mean fitness: 0.11129
	-      worst fitness: 0.00235
	- standard deviation: 0.06573
Best genome overview:
	- fitness: 0.37368
	- size (hid, conn): (0, 4)
	- genome id: 9092
	- belongs to specie: 7
Genetic distance:
	- Maximum: 2.481
	- Mean: 1.714
	- Minimum: 0.000
	- Standard deviation: 0.484

Population of 128 members in 2 species:
	 SID    age    size    fitness    adj fit    stag 
	=====  =====  ======  =========  =========  ======
	  7     14      64      0.374      0.306      13  
	  8     14      64      0.296      0.281      12  

Total extinctions: 2
Generation time: 185.400 sec  (181.681 average)
Population 'novelty_1' saved! Current generation: 75
Sample chosen: [800, 935, 153, 725, 762, 449, 419, 658, 781, 631, 782, 818, 574, 907, 104, 157]


********** Running generation 75 **********

Full population's fitness overview:
	-       best fitness: 0.34148
	-       mean fitness: 0.12434
	-      worst fitness: 0.01206
	- standard deviation: 0.05970
Best genome overview:
	- fitness: 0.34148
	- size (hid, conn): (2, 7)
	- genome id: 9322
	- belongs to specie: 8
Genetic distance:
	- Maximum: 2.438
	- Mean: 1.608
	- Minimum: 0.042
	- Standard deviation: 0.590

Population of 128 members in 2 species:
	 SID    age    size    fitness    adj fit    stag 
	=====  =====  ======  =========  =========  ======
	  7     15      70      0.313      0.354      14  
	  8     15      58      0.341      0.327      13  

Total extinctions: 2
Generation time: 181.216 sec  (181.416 average)
Population 'novelty_1' saved! Current generation: 76
Sample chosen: [806, 217, 838, 762, 320, 986, 488, 650, 510, 846, 696, 918, 561, 944, 600, 957]


********** Running generation 76 **********

Full population's fitness overview:
	-       best fitness: 0.41794
	-       mean fitness: 0.13455
	-      worst fitness: 0.03007
	- standard deviation: 0.06073
Best genome overview:
	- fitness: 0.41794
	- size (hid, conn): (0, 3)
	- genome id: 9390
	- belongs to specie: 7
Genetic distance:
	- Maximum: 2.579
	- Mean: 1.621
	- Minimum: 0.042
	- Standard deviation: 0.615

Population of 128 members in 2 species:
	 SID    age    size    fitness    adj fit    stag 
	=====  =====  ======  =========  =========  ======
	  7     16      68      0.418      0.272      15  
	  8     16      60      0.316      0.267      14  

Total extinctions: 2
Generation time: 181.555 sec  (181.562 average)
Population 'novelty_1' saved! Current generation: 77
Sample chosen: [752, 53, 904, 702, 256, 266, 203, 340, 408, 198, 282, 559, 279, 923, 216, 699]


********** Running generation 77 **********

Full population's fitness overview:
	-       best fitness: 0.34143
	-       mean fitness: 0.12959
	-      worst fitness: 0.01659
	- standard deviation: 0.06696
Best genome overview:
	- fitness: 0.34143
	- size (hid, conn): (0, 3)
	- genome id: 9390
	- belongs to specie: 7
Genetic distance:
	- Maximum: 2.801
	- Mean: 1.742
	- Minimum: 0.016
	- Standard deviation: 0.628

Population of 128 members in 2 species:
	 SID    age    size    fitness    adj fit    stag 
	=====  =====  ======  =========  =========  ======
	  7     17     100      0.341      0.352      16  
	  8     17      28      0.275      0.343      15  

Total extinctions: 2
Generation time: 181.919 sec  (181.839 average)
Population 'novelty_1' saved! Current generation: 78
Sample chosen: [429, 827, 571, 464, 700, 637, 506, 557, 832, 290, 814, 790, 440, 365, 163, 320]


********** Running generation 78 **********

Full population's fitness overview:
	-       best fitness: 0.35025
	-       mean fitness: 0.13294
	-      worst fitness: 0.01990
	- standard deviation: 0.06533
Best genome overview:
	- fitness: 0.35025
	- size (hid, conn): (0, 3)
	- genome id: 9583
	- belongs to specie: 7
Genetic distance:
	- Maximum: 3.208
	- Mean: 1.799
	- Minimum: 0.050
	- Standard deviation: 0.693

Population of 128 members in 3 species:
	 SID    age    size    fitness    adj fit    stag 
	=====  =====  ======  =========  =========  ======
	  7     18      70      0.350      0.331      17  
	  8     18      41      0.263      0.381      16  
	  9      0      17       --         --        0   

Total extinctions: 2
Generation time: 183.544 sec  (182.016 average)
Population 'novelty_1' saved! Current generation: 79
Sample chosen: [163, 172, 890, 944, 435, 983, 502, 873, 452, 863, 147, 923, 548, 41, 532, 996]


********** Running generation 79 **********

Full population's fitness overview:
	-       best fitness: 0.26531
	-       mean fitness: 0.12543
	-      worst fitness: 0.01835
	- standard deviation: 0.05226
Best genome overview:
	- fitness: 0.26531
	- size (hid, conn): (0, 3)
	- genome id: 9717
	- belongs to specie: 7
Genetic distance:
	- Maximum: 3.286
	- Mean: 1.923
	- Minimum: 0.057
	- Standard deviation: 0.644

Population of 127 members in 3 species:
	 SID    age    size    fitness    adj fit    stag 
	=====  =====  ======  =========  =========  ======
	  7     19      67      0.265      0.477      18  
	  8     19      20      0.237      0.408      17  
	  9      1      40      0.190      0.318      0   

Total extinctions: 2
Generation time: 180.544 sec  (181.858 average)
Population 'novelty_1' saved! Current generation: 80
Sample chosen: [407, 997, 633, 392, 69, 734, 361, 2, 107, 591, 326, 710, 522, 573, 27, 117]


********** Running generation 80 **********

Full population's fitness overview:
	-       best fitness: 0.27350
	-       mean fitness: 0.12878
	-      worst fitness: 0.02786
	- standard deviation: 0.05237
Best genome overview:
	- fitness: 0.27350
	- size (hid, conn): (2, 6)
	- genome id: 9795
	- belongs to specie: 9
Genetic distance:
	- Maximum: 2.897
	- Mean: 1.830
	- Minimum: 0.049
	- Standard deviation: 0.582

Population of 127 members in 3 species:
	 SID    age    size    fitness    adj fit    stag 
	=====  =====  ======  =========  =========  ======
	  7     20      61      0.236      0.452      19  
	  8     20      19      0.245      0.321      18  
	  9      2      47      0.273      0.386      0   

Total extinctions: 2
Generation time: 184.858 sec  (181.692 average)
Population 'novelty_1' saved! Current generation: 81
Sample chosen: [557, 512, 575, 516, 449, 772, 665, 689, 691, 411, 693, 926, 641, 390, 132, 75]


********** Running generation 81 **********

Full population's fitness overview:
	-       best fitness: 0.35991
	-       mean fitness: 0.12194
	-      worst fitness: 0.02158
	- standard deviation: 0.05804
Best genome overview:
	- fitness: 0.35991
	- size (hid, conn): (0, 3)
	- genome id: 9976
	- belongs to specie: 7
Genetic distance:
	- Maximum: 2.792
	- Mean: 1.772
	- Minimum: 0.039
	- Standard deviation: 0.540

Population of 128 members in 3 species:
	 SID    age    size    fitness    adj fit    stag 
	=====  =====  ======  =========  =========  ======
	  7     21      59      0.360      0.338      20  
	  8     21      30      0.222      0.287      19  
	  9      3      39      0.259      0.246      1   

Total extinctions: 2
Generation time: 181.292 sec  (181.810 average)
Population 'novelty_1' saved! Current generation: 82
Sample chosen: [118, 422, 137, 18, 370, 447, 521, 951, 185, 478, 245, 112, 424, 583, 622, 433]


********** Running generation 82 **********

Full population's fitness overview:
	-       best fitness: 0.39196
	-       mean fitness: 0.12686
	-      worst fitness: 0.00470
	- standard deviation: 0.07399
Best genome overview:
	- fitness: 0.39196
	- size (hid, conn): (0, 3)
	- genome id: 9976
	- belongs to specie: 7
Genetic distance:
	- Maximum: 2.864
	- Mean: 1.835
	- Minimum: 0.117
	- Standard deviation: 0.519

Population of 128 members in 3 species:
	 SID    age    size    fitness    adj fit    stag 
	=====  =====  ======  =========  =========  ======
	  7     22      58      0.392      0.346      21  
	  8     22      19      0.246      0.242      20  
	  9      4      51      0.293      0.325      0   

Total extinctions: 2
Generation time: 177.314 sec  (181.994 average)
Population 'novelty_1' saved! Current generation: 83
Sample chosen: [599, 516, 190, 761, 164, 214, 563, 274, 726, 390, 288, 159, 781, 18, 69, 634]


********** Running generation 83 **********

Full population's fitness overview:
	-       best fitness: 0.32994
	-       mean fitness: 0.13205
	-      worst fitness: 0.02339
	- standard deviation: 0.05727
Best genome overview:
	- fitness: 0.32994
	- size (hid, conn): (0, 3)
	- genome id: 10321
	- belongs to specie: 7
Genetic distance:
	- Maximum: 3.047
	- Mean: 1.746
	- Minimum: 0.056
	- Standard deviation: 0.545

Population of 128 members in 3 species:
	 SID    age    size    fitness    adj fit    stag 
	=====  =====  ======  =========  =========  ======
	  7     23      52      0.330      0.385      22  
	  8     23      57      0.208      0.348      21  
	  9      5      19      0.231      0.322      1   

Total extinctions: 2
Generation time: 181.862 sec  (181.951 average)
Population 'novelty_1' saved! Current generation: 84
Sample chosen: [426, 197, 147, 480, 129, 90, 920, 418, 680, 226, 664, 532, 39, 165, 474, 687]


********** Running generation 84 **********

Full population's fitness overview:
	-       best fitness: 0.33960
	-       mean fitness: 0.12204
	-      worst fitness: 0.02837
	- standard deviation: 0.06084
Best genome overview:
	- fitness: 0.33960
	- size (hid, conn): (3, 10)
	- genome id: 10408
	- belongs to specie: 8
Genetic distance:
	- Maximum: 3.011
	- Mean: 1.754
	- Minimum: 0.084
	- Standard deviation: 0.546

Population of 127 members in 3 species:
	 SID    age    size    fitness    adj fit    stag 
	=====  =====  ======  =========  =========  ======
	  7     24      49      0.296      0.328      23  
	  8     24      42      0.340      0.278      22  
	  9      6      36      0.229      0.296      2   

Total extinctions: 2
Generation time: 180.975 sec  (181.508 average)
Population 'novelty_1' saved! Current generation: 85
Sample chosen: [935, 792, 823, 761, 925, 545, 913, 315, 590, 404, 946, 522, 146, 360, 797, 366]


********** Running generation 85 **********

Full population's fitness overview:
	-       best fitness: 0.30176
	-       mean fitness: 0.11219
	-      worst fitness: 0.01290
	- standard deviation: 0.05019
Best genome overview:
	- fitness: 0.30176
	- size (hid, conn): (3, 9)
	- genome id: 10556
	- belongs to specie: 7

Species 8 with 42 members is stagnated: removing it
Genetic distance:
	- Maximum: 2.956
	- Mean: 1.794
	- Minimum: 0.068
	- Standard deviation: 0.671

Population of 128 members in 2 species:
	 SID    age    size    fitness    adj fit    stag 
	=====  =====  ======  =========  =========  ======
	  7     25      72      0.302      0.384      24  
	  9      7      56      0.218      0.301      3   

Total extinctions: 2
Generation time: 181.577 sec  (181.544 average)
Population 'novelty_1' saved! Current generation: 86
Sample chosen: [208, 929, 327, 919, 273, 17, 295, 809, 238, 243, 826, 707, 732, 4, 40, 579]


********** Running generation 86 **********

Full population's fitness overview:
	-       best fitness: 0.30114
	-       mean fitness: 0.13096
	-      worst fitness: 0.02321
	- standard deviation: 0.05416
Best genome overview:
	- fitness: 0.30114
	- size (hid, conn): (1, 4)
	- genome id: 10708
	- belongs to specie: 7
Genetic distance:
	- Maximum: 3.088
	- Mean: 1.793
	- Minimum: 0.152
	- Standard deviation: 0.682

Population of 128 members in 2 species:
	 SID    age    size    fitness    adj fit    stag 
	=====  =====  ======  =========  =========  ======
	  7     26      71      0.301      0.406      25  
	  9      8      57      0.292      0.365      4   

Total extinctions: 2
Generation time: 186.961 sec  (182.085 average)
Population 'novelty_1' saved! Current generation: 87
Sample chosen: [72, 311, 598, 960, 731, 457, 248, 840, 794, 863, 53, 642, 414, 591, 831, 616]


********** Running generation 87 **********

Full population's fitness overview:
	-       best fitness: 0.31230
	-       mean fitness: 0.12286
	-      worst fitness: 0.01956
	- standard deviation: 0.05786
Best genome overview:
	- fitness: 0.31230
	- size (hid, conn): (2, 7)
	- genome id: 10854
	- belongs to specie: 7
Genetic distance:
	- Maximum: 3.193
	- Mean: 1.982
	- Minimum: 0.216
	- Standard deviation: 0.625

Population of 128 members in 2 species:
	 SID    age    size    fitness    adj fit    stag 
	=====  =====  ======  =========  =========  ======
	  7     27      69      0.312      0.370      26  
	  9      9      59      0.276      0.331      5   

Total extinctions: 2
Generation time: 185.004 sec  (182.393 average)
Population 'novelty_1' saved! Current generation: 88
Sample chosen: [968, 298, 37, 63, 121, 445, 17, 657, 505, 795, 511, 479, 863, 972, 316, 487]


********** Running generation 88 **********

Full population's fitness overview:
	-       best fitness: 0.29705
	-       mean fitness: 0.13627
	-      worst fitness: 0.00700
	- standard deviation: 0.06086
Best genome overview:
	- fitness: 0.29705
	- size (hid, conn): (1, 4)
	- genome id: 10802
	- belongs to specie: 7

Species 7 with 69 members is stagnated: removing it
Genetic distance:
	- Maximum: 2.837
	- Mean: 1.897
	- Minimum: 0.146
	- Standard deviation: 0.595

Population of 128 members in 3 species:
	 SID    age    size    fitness    adj fit    stag 
	=====  =====  ======  =========  =========  ======
	  9     10      62      0.270      0.437      6   
	 10      0      52       --         --        0   
	 11      0      14       --         --        0   

Total extinctions: 2
Generation time: 184.445 sec  (182.483 average)
Population 'novelty_1' saved! Current generation: 89
Sample chosen: [405, 590, 959, 916, 177, 644, 751, 29, 706, 124, 11, 239, 184, 226, 875, 100]


********** Running generation 89 **********

Full population's fitness overview:
	-       best fitness: 0.25226
	-       mean fitness: 0.12067
	-      worst fitness: 0.02022
	- standard deviation: 0.04431
Best genome overview:
	- fitness: 0.25226
	- size (hid, conn): (0, 3)
	- genome id: 11070
	- belongs to specie: 11
Genetic distance:
	- Maximum: 3.046
	- Mean: 2.086
	- Minimum: 0.000
	- Standard deviation: 0.603

Population of 128 members in 4 species:
	 SID    age    size    fitness    adj fit    stag 
	=====  =====  ======  =========  =========  ======
	  9     11      53      0.225      0.448      7   
	 10      1      31      0.218      0.389      0   
	 11      1      29      0.252      0.531      0   
	 12      0      15       --         --        0   

Total extinctions: 2
Generation time: 185.339 sec  (182.963 average)
Population 'novelty_1' saved! Current generation: 90
Sample chosen: [450, 424, 453, 112, 930, 310, 874, 675, 326, 183, 265, 15, 412, 137, 532, 736]


********** Running generation 90 **********

Full population's fitness overview:
	-       best fitness: 0.27235
	-       mean fitness: 0.11548
	-      worst fitness: 0.01833
	- standard deviation: 0.05471
Best genome overview:
	- fitness: 0.27235
	- size (hid, conn): (1, 4)
	- genome id: 11221
	- belongs to specie: 11
Genetic distance:
	- Maximum: 3.194
	- Mean: 1.956
	- Minimum: 0.000
	- Standard deviation: 0.667

Population of 129 members in 4 species:
	 SID    age    size    fitness    adj fit    stag 
	=====  =====  ======  =========  =========  ======
	  9     12      37      0.256      0.384      8   
	 10      2      6       0.223      0.382      0   
	 11      2      20      0.272      0.389      0   
	 12      1      66      0.237      0.367      0   

Total extinctions: 2
Generation time: 188.233 sec  (183.300 average)
Population 'novelty_1' saved! Current generation: 91
Sample chosen: [675, 54, 810, 735, 150, 955, 716, 958, 257, 857, 949, 407, 757, 523, 70, 425]


********** Running generation 91 **********

Full population's fitness overview:
	-       best fitness: 0.32887
	-       mean fitness: 0.12656
	-      worst fitness: 0.03364
	- standard deviation: 0.04987
Best genome overview:
	- fitness: 0.32887
	- size (hid, conn): (2, 5)
	- genome id: 11306
	- belongs to specie: 9
Genetic distance:
	- Maximum: 3.001
	- Mean: 1.903
	- Minimum: 0.059
	- Standard deviation: 0.714

Population of 129 members in 4 species:
	 SID    age    size    fitness    adj fit    stag 
	=====  =====  ======  =========  =========  ======
	  9     13      37      0.329      0.345      0   
	 10      3      19      0.194      0.282      1   
	 11      3      25      0.217      0.287      1   
	 12      2      48      0.243      0.309      0   

Total extinctions: 2
Generation time: 186.722 sec  (183.843 average)
Population 'novelty_1' saved! Current generation: 92
Sample chosen: [567, 147, 169, 832, 276, 765, 19, 674, 444, 642, 405, 993, 218, 352, 357, 619]


********** Running generation 92 **********

Full population's fitness overview:
	-       best fitness: 0.32838
	-       mean fitness: 0.13189
	-      worst fitness: 0.01919
	- standard deviation: 0.06346
Best genome overview:
	- fitness: 0.32838
	- size (hid, conn): (2, 5)
	- genome id: 11318
	- belongs to specie: 9
Genetic distance:
	- Maximum: 3.313
	- Mean: 1.982
	- Minimum: 0.000
	- Standard deviation: 0.693

Population of 129 members in 4 species:
	 SID    age    size    fitness    adj fit    stag 
	=====  =====  ======  =========  =========  ======
	  9     14      34      0.328      0.342      1   
	 10      4      26      0.233      0.329      0   
	 11      4      28      0.222      0.332      2   
	 12      3      41      0.303      0.413      0   

Total extinctions: 2
Generation time: 183.703 sec  (184.482 average)
Population 'novelty_1' saved! Current generation: 93
Sample chosen: [220, 521, 817, 735, 40, 482, 799, 593, 682, 506, 67, 955, 940, 474, 705, 163]


********** Running generation 93 **********

Full population's fitness overview:
	-       best fitness: 0.22469
	-       mean fitness: 0.11428
	-      worst fitness: 0.02622
	- standard deviation: 0.05106
Best genome overview:
	- fitness: 0.22469
	- size (hid, conn): (1, 5)
	- genome id: 11523
	- belongs to specie: 12
Genetic distance:
	- Maximum: 3.207
	- Mean: 2.042
	- Minimum: 0.049
	- Standard deviation: 0.651

Population of 129 members in 4 species:
	 SID    age    size    fitness    adj fit    stag 
	=====  =====  ======  =========  =========  ======
	  9     15      32      0.212      0.398      2   
	 10      5      21      0.200      0.410      1   
	 11      5      34      0.207      0.412      3   
	 12      4      42      0.225      0.525      1   

Total extinctions: 2
Generation time: 182.384 sec  (184.534 average)
Population 'novelty_1' saved! Current generation: 94
Sample chosen: [299, 614, 103, 337, 234, 705, 543, 419, 693, 502, 566, 741, 43, 676, 915, 148]


********** Running generation 94 **********

Full population's fitness overview:
	-       best fitness: 0.26068
	-       mean fitness: 0.11392
	-      worst fitness: 0.02003
	- standard deviation: 0.05207
Best genome overview:
	- fitness: 0.26068
	- size (hid, conn): (0, 3)
	- genome id: 11598
	- belongs to specie: 12
Genetic distance:
	- Maximum: 3.076
	- Mean: 2.071
	- Minimum: 0.056
	- Standard deviation: 0.667

Population of 128 members in 4 species:
	 SID    age    size    fitness    adj fit    stag 
	=====  =====  ======  =========  =========  ======
	  9     16      31      0.210      0.361      3   
	 10      6      30      0.244      0.357      0   
	 11      6      37      0.204      0.377      4   
	 12      5      30      0.261      0.440      2   

Total extinctions: 2
Generation time: 189.979 sec  (185.435 average)
Population 'novelty_1' saved! Current generation: 95
Sample chosen: [851, 576, 502, 823, 603, 401, 933, 67, 110, 967, 571, 498, 659, 439, 215, 385]


********** Running generation 95 **********

Full population's fitness overview:
	-       best fitness: 0.31830
	-       mean fitness: 0.12736
	-      worst fitness: 0.02031
	- standard deviation: 0.05835
Best genome overview:
	- fitness: 0.31830
	- size (hid, conn): (0, 3)
	- genome id: 11790
	- belongs to specie: 10
Genetic distance:
	- Maximum: 3.093
	- Mean: 2.098
	- Minimum: 0.000
	- Standard deviation: 0.618

Population of 128 members in 4 species:
	 SID    age    size    fitness    adj fit    stag 
	=====  =====  ======  =========  =========  ======
	  9     17      32      0.223      0.371      4   
	 10      7      29      0.318      0.331      0   
	 11      7      29      0.291      0.364      0   
	 12      6      38      0.262      0.370      3   

Total extinctions: 2
Generation time: 185.028 sec  (185.780 average)
Population 'novelty_1' saved! Current generation: 96
Sample chosen: [509, 769, 598, 503, 416, 976, 200, 73, 908, 135, 290, 430, 534, 345, 217, 192]


********** Running generation 96 **********

Full population's fitness overview:
	-       best fitness: 0.28247
	-       mean fitness: 0.12261
	-      worst fitness: 0.02909
	- standard deviation: 0.05332
Best genome overview:
	- fitness: 0.28247
	- size (hid, conn): (1, 4)
	- genome id: 11903
	- belongs to specie: 11
Genetic distance:
	- Maximum: 3.115
	- Mean: 2.054
	- Minimum: 0.000
	- Standard deviation: 0.692

Population of 127 members in 4 species:
	 SID    age    size    fitness    adj fit    stag 
	=====  =====  ======  =========  =========  ======
	  9     18      32      0.232      0.367      5   
	 10      8      28      0.185      0.345      1   
	 11      8      28      0.282      0.387      1   
	 12      7      39      0.262      0.375      4   

Total extinctions: 2
Generation time: 183.538 sec  (185.437 average)
Population 'novelty_1' saved! Current generation: 97
Sample chosen: [42, 308, 858, 327, 795, 32, 683, 487, 226, 823, 459, 824, 457, 323, 400, 397]


********** Running generation 97 **********

Full population's fitness overview:
	-       best fitness: 0.23066
	-       mean fitness: 0.11392
	-      worst fitness: 0.01513
	- standard deviation: 0.04494
Best genome overview:
	- fitness: 0.23066
	- size (hid, conn): (0, 3)
	- genome id: 12024
	- belongs to specie: 12
Genetic distance:
	- Maximum: 3.003
	- Mean: 2.004
	- Minimum: 0.000
	- Standard deviation: 0.724

Population of 127 members in 4 species:
	 SID    age    size    fitness    adj fit    stag 
	=====  =====  ======  =========  =========  ======
	  9     19      32      0.222      0.465      6   
	 10      9      30      0.197      0.438      2   
	 11      9      30      0.212      0.448      2   
	 12      8      35      0.231      0.475      5   

Total extinctions: 2
Generation time: 183.471 sec  (185.284 average)
Population 'novelty_1' saved! Current generation: 98
Sample chosen: [52, 529, 672, 902, 361, 79, 804, 605, 754, 936, 881, 648, 496, 144, 693, 80]


********** Running generation 98 **********

Full population's fitness overview:
	-       best fitness: 0.33034
	-       mean fitness: 0.13340
	-      worst fitness: 0.02598
	- standard deviation: 0.05613
Best genome overview:
	- fitness: 0.33034
	- size (hid, conn): (2, 6)
	- genome id: 12133
	- belongs to specie: 9
Genetic distance:
	- Maximum: 3.280
	- Mean: 2.065
	- Minimum: 0.060
	- Standard deviation: 0.642

Population of 128 members in 4 species:
	 SID    age    size    fitness    adj fit    stag 
	=====  =====  ======  =========  =========  ======
	  9     20      35      0.330      0.414      0   
	 10     10      33      0.259      0.397      3   
	 11     10      27      0.209      0.266      3   
	 12      9      33      0.217      0.333      6   

Total extinctions: 2
Generation time: 183.755 sec  (185.215 average)
Population 'novelty_1' saved! Current generation: 99
Sample chosen: [714, 566, 671, 63, 616, 391, 657, 553, 878, 810, 381, 279, 925, 471, 198, 524]


********** Running generation 99 **********

Full population's fitness overview:
	-       best fitness: 0.43727
	-       mean fitness: 0.12694
	-      worst fitness: 0.02854
	- standard deviation: 0.05922
Best genome overview:
	- fitness: 0.43727
	- size (hid, conn): (2, 7)
	- genome id: 12305
	- belongs to specie: 9
Genetic distance:
	- Maximum: 3.034
	- Mean: 2.069
	- Minimum: 0.000
	- Standard deviation: 0.716

Population of 128 members in 4 species:
	 SID    age    size    fitness    adj fit    stag 
	=====  =====  ======  =========  =========  ======
	  9     21      34      0.437      0.252      0   
	 10     11      32      0.241      0.225      4   
	 11     11      28      0.279      0.216      4   
	 12     10      34      0.230      0.264      7   

Total extinctions: 2
Generation time: 181.617 sec  (184.843 average)
Population 'novelty_1' saved! Current generation: 100

===> CREATING BLUEPRINTS <===

Creating blueprints for games: [1, 2, 3, 4, 5]

===> CREATING TRACES <===

Creating traces for games: [1, 2, 3, 4, 5]
