Population 'distance_repr_5' saved! Current generation: 0

===> RUNNING FOR THE FOLLOWING CONFIGURATION: <===
	> fitness: distance
	> gru_enabled: False
	> sexual_reproduction: True
	> Saving under folder: NEAT
	> Train: True (100 iterations)
	> Create blueprints: True
	> Create traces: True


===> TRAINING <===

Sample chosen: [479, 259, 332, 699, 833, 380, 526, 677, 443, 854]

********** Running generation 0 **********

Full population's fitness overview:
	-       best fitness: 0.29029
	-       mean fitness: 0.08306
	-      worst fitness: 0.04198
	- standard deviation: 0.04043
Best genome overview:
	- fitness: 0.29029
	- size (hid, conn): (0, 16)
	- genome id: 25
	- belongs to specie: 2
Genetic distance:
	- Maximum: 2.762
	- Mean: 1.739
	- Minimum: 0.078
	- Standard deviation: 0.403

Population of 129 members in 4 species:
	 specie    age    size    fitness    adj fit    stag 
	========  =====  ======  =========  =========  ======
	   1        0      34      0.176      0.178      0   
	   2        0      35      0.290      0.158      0   
	   3        0      21      0.208      0.142      0   
	   4        0      39      0.184      0.183      0   

Generation time: 193.349 sec
Population 'distance_repr_5' saved! Current generation: 1
Sample chosen: [974, 635, 645, 303, 554, 860, 69, 8, 251, 846]

********** Running generation 1 **********

Full population's fitness overview:
	-       best fitness: 0.23874
	-       mean fitness: 0.12896
	-      worst fitness: 0.06448
	- standard deviation: 0.04363
Best genome overview:
	- fitness: 0.23874
	- size (hid, conn): (0, 16)
	- genome id: 25
	- belongs to specie: 2
Genetic distance:
	- Maximum: 2.804
	- Mean: 1.729
	- Minimum: 0.000
	- Standard deviation: 0.576

Population of 128 members in 4 species:
	 specie    age    size    fitness    adj fit    stag 
	========  =====  ======  =========  =========  ======
	   1        1      30      0.235      0.438      0   
	   2        1      29      0.239      0.359      1   
	   3        1      36      0.207      0.298      1   
	   4        1      33      0.210      0.359      0   

Generation time: 200.328 sec  (196.839 average)
Population 'distance_repr_5' saved! Current generation: 2
Sample chosen: [298, 785, 392, 13, 599, 777, 910, 965, 771, 923]

********** Running generation 2 **********

Full population's fitness overview:
	-       best fitness: 0.24272
	-       mean fitness: 0.12219
	-      worst fitness: 0.04271
	- standard deviation: 0.04354
Best genome overview:
	- fitness: 0.24272
	- size (hid, conn): (0, 16)
	- genome id: 25
	- belongs to specie: 2
Genetic distance:
	- Maximum: 2.807
	- Mean: 1.611
	- Minimum: 0.000
	- Standard deviation: 0.634

Population of 127 members in 4 species:
	 specie    age    size    fitness    adj fit    stag 
	========  =====  ======  =========  =========  ======
	   1        2      28      0.170      0.280      1   
	   2        2      30      0.243      0.400      2   
	   3        2      44      0.230      0.457      0   
	   4        2      25      0.171      0.437      1   

Generation time: 197.222 sec  (196.966 average)
Population 'distance_repr_5' saved! Current generation: 3
Sample chosen: [515, 526, 475, 26, 488, 829, 543, 500, 34, 393]

********** Running generation 3 **********

Full population's fitness overview:
	-       best fitness: 0.27386
	-       mean fitness: 0.16829
	-      worst fitness: 0.06703
	- standard deviation: 0.04205
Best genome overview:
	- fitness: 0.27386
	- size (hid, conn): (0, 16)
	- genome id: 361
	- belongs to specie: 2
Genetic distance:
	- Maximum: 2.657
	- Mean: 1.622
	- Minimum: 0.000
	- Standard deviation: 0.605

Population of 127 members in 4 species:
	 specie    age    size    fitness    adj fit    stag 
	========  =====  ======  =========  =========  ======
	   1        3      31      0.269      0.521      0   
	   2        3      30      0.274      0.516      3   
	   3        3      45      0.227      0.486      1   
	   4        3      21      0.230      0.427      0   

Generation time: 195.007 sec  (196.477 average)
Population 'distance_repr_5' saved! Current generation: 4
Sample chosen: [376, 983, 310, 85, 820, 418, 99, 454, 353, 125]

********** Running generation 4 **********

Full population's fitness overview:
	-       best fitness: 0.25045
	-       mean fitness: 0.12786
	-      worst fitness: 0.02875
	- standard deviation: 0.04486
Best genome overview:
	- fitness: 0.25045
	- size (hid, conn): (0, 16)
	- genome id: 490
	- belongs to specie: 2
Genetic distance:
	- Maximum: 2.659
	- Mean: 1.566
	- Minimum: 0.000
	- Standard deviation: 0.604

Population of 127 members in 4 species:
	 specie    age    size    fitness    adj fit    stag 
	========  =====  ======  =========  =========  ======
	   1        4      33      0.236      0.489      1   
	   2        4      30      0.250      0.471      4   
	   3        4      40      0.192      0.431      2   
	   4        4      24      0.197      0.386      1   

Generation time: 192.199 sec  (195.621 average)
Population 'distance_repr_5' saved! Current generation: 5
Sample chosen: [751, 117, 963, 825, 556, 483, 474, 300, 831, 495]

********** Running generation 5 **********

Full population's fitness overview:
	-       best fitness: 0.40562
	-       mean fitness: 0.18803
	-      worst fitness: 0.06390
	- standard deviation: 0.04831
Best genome overview:
	- fitness: 0.40562
	- size (hid, conn): (0, 14)
	- genome id: 633
	- belongs to specie: 1
Genetic distance:
	- Maximum: 2.700
	- Mean: 1.548
	- Minimum: 0.000
	- Standard deviation: 0.677

Population of 127 members in 4 species:
	 specie    age    size    fitness    adj fit    stag 
	========  =====  ======  =========  =========  ======
	   1        5      30      0.406      0.378      0   
	   2        5      33      0.303      0.386      0   
	   3        5      39      0.244      0.373      0   
	   4        5      25      0.209      0.298      2   

Generation time: 200.132 sec  (196.373 average)
Population 'distance_repr_5' saved! Current generation: 6
Sample chosen: [428, 180, 327, 706, 829, 830, 160, 107, 130, 877]

********** Running generation 6 **********

Full population's fitness overview:
	-       best fitness: 0.31654
	-       mean fitness: 0.11874
	-      worst fitness: 0.01752
	- standard deviation: 0.04942
Best genome overview:
	- fitness: 0.31654
	- size (hid, conn): (0, 14)
	- genome id: 702
	- belongs to specie: 1
Genetic distance:
	- Maximum: 2.517
	- Mean: 1.530
	- Minimum: 0.000
	- Standard deviation: 0.667

Population of 126 members in 4 species:
	 specie    age    size    fitness    adj fit    stag 
	========  =====  ======  =========  =========  ======
	   1        6      29      0.317      0.367      1   
	   2        6      36      0.200      0.410      1   
	   3        6      33      0.173      0.294      1   
	   4        6      28      0.146      0.280      3   

Generation time: 193.939 sec  (196.025 average)
Population 'distance_repr_5' saved! Current generation: 7
Sample chosen: [68, 56, 18, 193, 359, 782, 554, 27, 69, 976]

********** Running generation 7 **********

Full population's fitness overview:
	-       best fitness: 0.40793
	-       mean fitness: 0.17213
	-      worst fitness: 0.04229
	- standard deviation: 0.06574
Best genome overview:
	- fitness: 0.40793
	- size (hid, conn): (0, 14)
	- genome id: 822
	- belongs to specie: 1
Genetic distance:
	- Maximum: 2.760
	- Mean: 1.502
	- Minimum: 0.000
	- Standard deviation: 0.699

Population of 126 members in 4 species:
	 specie    age    size    fitness    adj fit    stag 
	========  =====  ======  =========  =========  ======
	   1        7      29      0.408      0.389      0   
	   2        7      38      0.305      0.447      0   
	   3        7      29      0.184      0.273      2   
	   4        7      30      0.226      0.298      4   

Generation time: 192.325 sec  (195.563 average)
Population 'distance_repr_5' saved! Current generation: 8
Sample chosen: [143, 63, 937, 980, 374, 800, 187, 853, 621, 730]

********** Running generation 8 **********

Full population's fitness overview:
	-       best fitness: 0.47688
	-       mean fitness: 0.21850
	-      worst fitness: 0.05502
	- standard deviation: 0.07917
Best genome overview:
	- fitness: 0.47688
	- size (hid, conn): (0, 14)
	- genome id: 702
	- belongs to specie: 1
Genetic distance:
	- Maximum: 2.556
	- Mean: 1.503
	- Minimum: 0.000
	- Standard deviation: 0.689

Population of 126 members in 4 species:
	 specie    age    size    fitness    adj fit    stag 
	========  =====  ======  =========  =========  ======
	   1        8      30      0.477      0.441      0   
	   2        8      39      0.354      0.475      0   
	   3        8      30      0.263      0.333      0   
	   4        8      27      0.246      0.278      0   

Generation time: 184.540 sec  (194.338 average)
Population 'distance_repr_5' saved! Current generation: 9
Sample chosen: [43, 154, 87, 393, 39, 649, 197, 243, 706, 434]

********** Running generation 9 **********

Full population's fitness overview:
	-       best fitness: 0.58822
	-       mean fitness: 0.13642
	-      worst fitness: 0.04080
	- standard deviation: 0.06298
Best genome overview:
	- fitness: 0.58822
	- size (hid, conn): (0, 14)
	- genome id: 1034
	- belongs to specie: 1
Genetic distance:
	- Maximum: 2.604
	- Mean: 1.487
	- Minimum: 0.000
	- Standard deviation: 0.697

Population of 127 members in 4 species:
	 specie    age    size    fitness    adj fit    stag 
	========  =====  ======  =========  =========  ======
	   1        9      33      0.588      0.222      0   
	   2        9      36      0.205      0.174      1   
	   3        9      28      0.172      0.143      1   
	   4        9      30      0.147      0.158      1   

Generation time: 189.798 sec  (193.884 average)
Population 'distance_repr_5' saved! Current generation: 10
Sample chosen: [84, 61, 794, 157, 652, 434, 398, 880, 105, 411]

********** Running generation 10 **********

Full population's fitness overview:
	-       best fitness: 0.49304
	-       mean fitness: 0.12340
	-      worst fitness: 0.02974
	- standard deviation: 0.07461
Best genome overview:
	- fitness: 0.49304
	- size (hid, conn): (0, 14)
	- genome id: 702
	- belongs to specie: 1
Genetic distance:
	- Maximum: 2.648
	- Mean: 1.458
	- Minimum: 0.000
	- Standard deviation: 0.747

Population of 126 members in 4 species:
	 specie    age    size    fitness    adj fit    stag 
	========  =====  ======  =========  =========  ======
	   1       10      39      0.493      0.309      1   
	   2       10      36      0.268      0.227      2   
	   3       10      24      0.119      0.128      2   
	   4       10      27      0.106      0.124      2   

Generation time: 194.411 sec  (193.990 average)
Population 'distance_repr_5' saved! Current generation: 11
Sample chosen: [360, 543, 266, 491, 564, 453, 742, 871, 43, 778]

********** Running generation 11 **********

Full population's fitness overview:
	-       best fitness: 0.36877
	-       mean fitness: 0.16549
	-      worst fitness: 0.05297
	- standard deviation: 0.05985
Best genome overview:
	- fitness: 0.36877
	- size (hid, conn): (0, 14)
	- genome id: 702
	- belongs to specie: 1
Genetic distance:
	- Maximum: 2.714
	- Mean: 1.462
	- Minimum: 0.000
	- Standard deviation: 0.749

Population of 127 members in 4 species:
	 specie    age    size    fitness    adj fit    stag 
	========  =====  ======  =========  =========  ======
	   1       11      40      0.369      0.498      2   
	   2       11      33      0.193      0.326      3   
	   3       11      25      0.194      0.279      3   
	   4       11      29      0.168      0.261      3   

Generation time: 188.506 sec  (192.808 average)
Population 'distance_repr_5' saved! Current generation: 12
Sample chosen: [472, 384, 236, 301, 91, 789, 7, 93, 922, 591]

********** Running generation 12 **********

Full population's fitness overview:
	-       best fitness: 0.48012
	-       mean fitness: 0.22904
	-      worst fitness: 0.04121
	- standard deviation: 0.08227
Best genome overview:
	- fitness: 0.48012
	- size (hid, conn): (0, 14)
	- genome id: 1406
	- belongs to specie: 1
Genetic distance:
	- Maximum: 2.632
	- Mean: 1.405
	- Minimum: 0.000
	- Standard deviation: 0.718

Population of 127 members in 4 species:
	 specie    age    size    fitness    adj fit    stag 
	========  =====  ======  =========  =========  ======
	   1       12      36      0.480      0.513      3   
	   2       12      30      0.340      0.367      4   
	   3       12      29      0.263      0.427      0   
	   4       12      32      0.252      0.381      0   

Generation time: 185.497 sec  (191.635 average)
Population 'distance_repr_5' saved! Current generation: 13
Sample chosen: [496, 602, 243, 327, 67, 217, 557, 134, 726, 612]

********** Running generation 13 **********

Full population's fitness overview:
	-       best fitness: 0.41894
	-       mean fitness: 0.24468
	-      worst fitness: 0.05284
	- standard deviation: 0.06673
Best genome overview:
	- fitness: 0.41894
	- size (hid, conn): (0, 14)
	- genome id: 1487
	- belongs to specie: 1
Genetic distance:
	- Maximum: 2.551
	- Mean: 1.435
	- Minimum: 0.000
	- Standard deviation: 0.737

Population of 127 members in 4 species:
	 specie    age    size    fitness    adj fit    stag 
	========  =====  ======  =========  =========  ======
	   1       13      32      0.419      0.553      4   
	   2       13      33      0.384      0.601      0   
	   3       13      28      0.312      0.439      0   
	   4       13      34      0.263      0.496      0   

Generation time: 193.330 sec  (191.468 average)
Population 'distance_repr_5' saved! Current generation: 14
Sample chosen: [910, 138, 380, 661, 315, 742, 457, 273, 239, 298]

********** Running generation 14 **********

Full population's fitness overview:
	-       best fitness: 0.56055
	-       mean fitness: 0.21324
	-      worst fitness: 0.06843
	- standard deviation: 0.09923
Best genome overview:
	- fitness: 0.56055
	- size (hid, conn): (0, 13)
	- genome id: 1601
	- belongs to specie: 1
Genetic distance:
	- Maximum: 2.601
	- Mean: 1.457
	- Minimum: 0.000
	- Standard deviation: 0.757

Population of 126 members in 4 species:
	 specie    age    size    fitness    adj fit    stag 
	========  =====  ======  =========  =========  ======
	   1       14      39      0.561      0.485      5   
	   2       14      32      0.355      0.292      1   
	   3       14      26      0.247      0.213      1   
	   4       14      29      0.238      0.184      1   

Generation time: 194.742 sec  (191.722 average)
Population 'distance_repr_5' saved! Current generation: 15
Sample chosen: [437, 145, 548, 781, 816, 90, 817, 593, 76, 226]

********** Running generation 15 **********

Full population's fitness overview:
	-       best fitness: 0.38846
	-       mean fitness: 0.16081
	-      worst fitness: 0.02878
	- standard deviation: 0.06989
Best genome overview:
	- fitness: 0.38846
	- size (hid, conn): (0, 14)
	- genome id: 1732
	- belongs to specie: 1
Genetic distance:
	- Maximum: 2.691
	- Mean: 1.456
	- Minimum: 0.000
	- Standard deviation: 0.772

Population of 127 members in 4 species:
	 specie    age    size    fitness    adj fit    stag 
	========  =====  ======  =========  =========  ======
	   1       15      38      0.388      0.474      6   
	   2       15      32      0.277      0.354      2   
	   3       15      25      0.181      0.261      2   
	   4       15      32      0.160      0.332      2   

Generation time: 187.628 sec  (190.472 average)
Population 'distance_repr_5' saved! Current generation: 16
Sample chosen: [209, 109, 201, 53, 571, 580, 301, 905, 755, 113]

********** Running generation 16 **********

Full population's fitness overview:
	-       best fitness: 0.40433
	-       mean fitness: 0.18601
	-      worst fitness: 0.05268
	- standard deviation: 0.07670
Best genome overview:
	- fitness: 0.40433
	- size (hid, conn): (0, 13)
	- genome id: 1842
	- belongs to specie: 1
Genetic distance:
	- Maximum: 2.649
	- Mean: 1.461
	- Minimum: 0.006
	- Standard deviation: 0.780

Population of 129 members in 4 species:
	 specie    age    size    fitness    adj fit    stag 
	========  =====  ======  =========  =========  ======
	   1       16      38      0.404      0.495      7   
	   2       16      34      0.295      0.408      3   
	   3       16      25      0.237      0.279      3   
	   4       16      32      0.186      0.291      3   

Generation time: 190.563 sec  (190.134 average)
Population 'distance_repr_5' saved! Current generation: 17
Sample chosen: [275, 133, 516, 704, 806, 156, 238, 303, 630, 58]

********** Running generation 17 **********

Full population's fitness overview:
	-       best fitness: 0.41249
	-       mean fitness: 0.22783
	-      worst fitness: 0.02978
	- standard deviation: 0.07902
Best genome overview:
	- fitness: 0.41249
	- size (hid, conn): (0, 13)
	- genome id: 1934
	- belongs to specie: 1
Genetic distance:
	- Maximum: 2.581
	- Mean: 1.432
	- Minimum: 0.000
	- Standard deviation: 0.751

Population of 129 members in 4 species:
	 specie    age    size    fitness    adj fit    stag 
	========  =====  ======  =========  =========  ======
	   1       17      33      0.412      0.532      8   
	   2       17      34      0.395      0.549      0   
	   3       17      27      0.233      0.468      4   
	   4       17      35      0.263      0.505      4   

Generation time: 196.118 sec  (190.513 average)
Population 'distance_repr_5' saved! Current generation: 18
Sample chosen: [301, 333, 624, 426, 155, 594, 292, 20, 48, 30]

********** Running generation 18 **********

Full population's fitness overview:
	-       best fitness: 0.57945
	-       mean fitness: 0.24829
	-      worst fitness: 0.03101
	- standard deviation: 0.09210
Best genome overview:
	- fitness: 0.57945
	- size (hid, conn): (0, 13)
	- genome id: 2068
	- belongs to specie: 1
Genetic distance:
	- Maximum: 2.616
	- Mean: 1.451
	- Minimum: 0.000
	- Standard deviation: 0.749

Population of 129 members in 4 species:
	 specie    age    size    fitness    adj fit    stag 
	========  =====  ======  =========  =========  ======
	   1       18      36      0.579      0.548      9   
	   2       18      33      0.348      0.388      1   
	   3       18      29      0.267      0.311      5   
	   4       18      31      0.266      0.327      0   

Generation time: 188.446 sec  (190.904 average)
Population 'distance_repr_5' saved! Current generation: 19
Sample chosen: [378, 232, 724, 22, 224, 151, 531, 168, 242, 339]

********** Running generation 19 **********

Full population's fitness overview:
	-       best fitness: 0.46989
	-       mean fitness: 0.19750
	-      worst fitness: 0.03110
	- standard deviation: 0.09601
Best genome overview:
	- fitness: 0.46989
	- size (hid, conn): (0, 13)
	- genome id: 2162
	- belongs to specie: 1
Genetic distance:
	- Maximum: 2.791
	- Mean: 1.455
	- Minimum: 0.000
	- Standard deviation: 0.768

Population of 128 members in 4 species:
	 specie    age    size    fitness    adj fit    stag 
	========  =====  ======  =========  =========  ======
	   1       19      38      0.470      0.531      10  
	   2       19      34      0.331      0.407      2   
	   3       19      27      0.204      0.282      6   
	   4       19      29      0.167      0.264      1   

Generation time: 194.517 sec  (191.376 average)
Population 'distance_repr_5' saved! Current generation: 20
Sample chosen: [120, 37, 44, 441, 209, 281, 773, 468, 237, 152]

********** Running generation 20 **********

Full population's fitness overview:
	-       best fitness: 0.62913
	-       mean fitness: 0.31515
	-      worst fitness: 0.06396
	- standard deviation: 0.11547
Best genome overview:
	- fitness: 0.62913
	- size (hid, conn): (0, 13)
	- genome id: 2162
	- belongs to specie: 1
Genetic distance:
	- Maximum: 2.832
	- Mean: 1.528
	- Minimum: 0.000
	- Standard deviation: 0.808

Population of 127 members in 4 species:
	 specie    age    size    fitness    adj fit    stag 
	========  =====  ======  =========  =========  ======
	   1       20      37      0.629      0.577      0   
	   2       20      32      0.376      0.415      3   
	   3       20      28      0.341      0.399      0   
	   4       20      30      0.346      0.348      0   

Generation time: 187.222 sec  (190.657 average)
Population 'distance_repr_5' saved! Current generation: 21
Sample chosen: [478, 54, 218, 385, 840, 738, 981, 598, 158, 366]

********** Running generation 21 **********

Full population's fitness overview:
	-       best fitness: 0.53008
	-       mean fitness: 0.24355
	-      worst fitness: 0.04171
	- standard deviation: 0.08983
Best genome overview:
	- fitness: 0.53008
	- size (hid, conn): (0, 13)
	- genome id: 2417
	- belongs to specie: 1
Genetic distance:
	- Maximum: 2.782
	- Mean: 1.524
	- Minimum: 0.000
	- Standard deviation: 0.792

Population of 128 members in 4 species:
	 specie    age    size    fitness    adj fit    stag 
	========  =====  ======  =========  =========  ======
	   1       21      37      0.530      0.536      1   
	   2       21      33      0.373      0.428      4   
	   3       21      29      0.229      0.311      1   
	   4       21      29      0.230      0.342      1   

Generation time: 178.850 sec  (189.691 average)
Population 'distance_repr_5' saved! Current generation: 22
Sample chosen: [19, 627, 168, 920, 838, 844, 574, 333, 645, 654]

********** Running generation 22 **********

Full population's fitness overview:
	-       best fitness: 0.45518
	-       mean fitness: 0.28975
	-      worst fitness: 0.06386
	- standard deviation: 0.07563
Best genome overview:
	- fitness: 0.45518
	- size (hid, conn): (0, 13)
	- genome id: 2296
	- belongs to specie: 1
Genetic distance:
	- Maximum: 2.996
	- Mean: 1.549
	- Minimum: 0.000
	- Standard deviation: 0.785

Population of 127 members in 4 species:
	 specie    age    size    fitness    adj fit    stag 
	========  =====  ======  =========  =========  ======
	   1       22      34      0.455      0.676      2   
	   2       22      31      0.370      0.520      5   
	   3       22      32      0.333      0.549      2   
	   4       22      30      0.326      0.545      2   

Generation time: 190.342 sec  (190.176 average)
Population 'distance_repr_5' saved! Current generation: 23
Sample chosen: [992, 291, 304, 241, 966, 377, 442, 240, 594, 620]

********** Running generation 23 **********

Full population's fitness overview:
	-       best fitness: 0.57031
	-       mean fitness: 0.21708
	-      worst fitness: 0.05758
	- standard deviation: 0.09794
Best genome overview:
	- fitness: 0.57031
	- size (hid, conn): (0, 13)
	- genome id: 2626
	- belongs to specie: 1
Genetic distance:
	- Maximum: 3.135
	- Mean: 1.534
	- Minimum: 0.000
	- Standard deviation: 0.824

Population of 128 members in 4 species:
	 specie    age    size    fitness    adj fit    stag 
	========  =====  ======  =========  =========  ======
	   1       23      38      0.570      0.457      3   
	   2       23      34      0.353      0.347      6   
	   3       23      28      0.247      0.230      3   
	   4       23      28      0.254      0.195      3   

Generation time: 189.248 sec  (189.768 average)
Population 'distance_repr_5' saved! Current generation: 24
Sample chosen: [133, 225, 828, 878, 884, 377, 781, 676, 19, 850]

********** Running generation 24 **********

Full population's fitness overview:
	-       best fitness: 0.70287
	-       mean fitness: 0.28992
	-      worst fitness: 0.06516
	- standard deviation: 0.12867
Best genome overview:
	- fitness: 0.70287
	- size (hid, conn): (0, 13)
	- genome id: 2737
	- belongs to specie: 1
Genetic distance:
	- Maximum: 3.043
	- Mean: 1.555
	- Minimum: 0.000
	- Standard deviation: 0.842

Population of 129 members in 4 species:
	 specie    age    size    fitness    adj fit    stag 
	========  =====  ======  =========  =========  ======
	   1       24      41      0.703      0.518      0   
	   2       24      35      0.420      0.376      0   
	   3       24      28      0.352      0.223      0   
	   4       24      25      0.322      0.229      4   

Generation time: 188.100 sec  (189.103 average)
Population 'distance_repr_5' saved! Current generation: 25
Sample chosen: [645, 925, 726, 450, 715, 192, 97, 247, 196, 93]

********** Running generation 25 **********

Full population's fitness overview:
	-       best fitness: 0.47534
	-       mean fitness: 0.29930
	-      worst fitness: 0.08693
	- standard deviation: 0.07025
Best genome overview:
	- fitness: 0.47534
	- size (hid, conn): (0, 14)
	- genome id: 2872
	- belongs to specie: 1
Genetic distance:
	- Maximum: 2.886
	- Mean: 1.495
	- Minimum: 0.000
	- Standard deviation: 0.812

Population of 128 members in 4 species:
	 specie    age    size    fitness    adj fit    stag 
	========  =====  ======  =========  =========  ======
	   1       25      35      0.475      0.609      1   
	   2       25      32      0.409      0.487      1   
	   3       25      30      0.358      0.549      0   
	   4       25      31      0.346      0.526      5   

Generation time: 183.498 sec  (188.690 average)
Population 'distance_repr_5' saved! Current generation: 26
Sample chosen: [538, 294, 921, 856, 411, 935, 410, 42, 33, 690]

********** Running generation 26 **********

Full population's fitness overview:
	-       best fitness: 0.51997
	-       mean fitness: 0.32596
	-      worst fitness: 0.08893
	- standard deviation: 0.08959
Best genome overview:
	- fitness: 0.51997
	- size (hid, conn): (0, 14)
	- genome id: 2954
	- belongs to specie: 1
Genetic distance:
	- Maximum: 2.754
	- Mean: 1.452
	- Minimum: 0.016
	- Standard deviation: 0.794

Population of 127 members in 4 species:
	 specie    age    size    fitness    adj fit    stag 
	========  =====  ======  =========  =========  ======
	   1       26      31      0.520      0.579      2   
	   2       26      31      0.402      0.528      2   
	   3       26      31      0.361      0.540      0   
	   4       26      34      0.383      0.549      0   

Generation time: 181.395 sec  (187.774 average)
Population 'distance_repr_5' saved! Current generation: 27
Sample chosen: [362, 603, 104, 329, 96, 43, 85, 293, 571, 720]

********** Running generation 27 **********

Full population's fitness overview:
	-       best fitness: 0.59751
	-       mean fitness: 0.28108
	-      worst fitness: 0.06156
	- standard deviation: 0.13138
Best genome overview:
	- fitness: 0.59751
	- size (hid, conn): (0, 13)
	- genome id: 3075
	- belongs to specie: 1
Genetic distance:
	- Maximum: 2.728
	- Mean: 1.462
	- Minimum: 0.000
	- Standard deviation: 0.791

Population of 127 members in 4 species:
	 specie    age    size    fitness    adj fit    stag 
	========  =====  ======  =========  =========  ======
	   1       27      35      0.598      0.590      3   
	   2       27      35      0.500      0.500      0   
	   3       27      28      0.361      0.260      0   
	   4       27      29      0.351      0.299      1   

Generation time: 180.900 sec  (186.252 average)
Population 'distance_repr_5' saved! Current generation: 28
Sample chosen: [913, 93, 695, 174, 51, 360, 730, 835, 708, 368]

********** Running generation 28 **********

Full population's fitness overview:
	-       best fitness: 0.46565
	-       mean fitness: 0.23345
	-      worst fitness: 0.05552
	- standard deviation: 0.08985
Best genome overview:
	- fitness: 0.46565
	- size (hid, conn): (0, 14)
	- genome id: 3190
	- belongs to specie: 1
Genetic distance:
	- Maximum: 2.832
	- Mean: 1.490
	- Minimum: 0.000
	- Standard deviation: 0.796

Population of 127 members in 4 species:
	 specie    age    size    fitness    adj fit    stag 
	========  =====  ======  =========  =========  ======
	   1       28      35      0.466      0.530      4   
	   2       28      37      0.359      0.520      1   
	   3       28      26      0.226      0.323      1   
	   4       28      29      0.251      0.321      2   

Generation time: 184.425 sec  (185.850 average)
Population 'distance_repr_5' saved! Current generation: 29
Sample chosen: [951, 484, 970, 869, 503, 376, 872, 198, 537, 638]

********** Running generation 29 **********

Full population's fitness overview:
	-       best fitness: 0.66451
	-       mean fitness: 0.22469
	-      worst fitness: 0.05257
	- standard deviation: 0.12602
Best genome overview:
	- fitness: 0.66451
	- size (hid, conn): (0, 13)
	- genome id: 3319
	- belongs to specie: 1
Genetic distance:
	- Maximum: 2.821
	- Mean: 1.491
	- Minimum: 0.000
	- Standard deviation: 0.801

Population of 126 members in 4 species:
	 specie    age    size    fitness    adj fit    stag 
	========  =====  ======  =========  =========  ======
	   1       29      41      0.665      0.450      5   
	   2       29      33      0.331      0.241      2   
	   3       29      25      0.216      0.191      2   
	   4       29      27      0.238      0.210      3   

Generation time: 186.647 sec  (185.063 average)
Population 'distance_repr_5' saved! Current generation: 30
Sample chosen: [394, 202, 952, 649, 22, 780, 720, 859, 149, 453]

********** Running generation 30 **********

Full population's fitness overview:
	-       best fitness: 0.38585
	-       mean fitness: 0.21602
	-      worst fitness: 0.04157
	- standard deviation: 0.07745
Best genome overview:
	- fitness: 0.38585
	- size (hid, conn): (0, 13)
	- genome id: 3432
	- belongs to specie: 1
Genetic distance:
	- Maximum: 2.742
	- Mean: 1.487
	- Minimum: 0.000
	- Standard deviation: 0.787

Population of 126 members in 4 species:
	 specie    age    size    fitness    adj fit    stag 
	========  =====  ======  =========  =========  ======
	   1       30      35      0.386      0.534      6   
	   2       30      36      0.356      0.599      3   
	   3       30      28      0.236      0.434      3   
	   4       30      27      0.233      0.420      4   

Generation time: 187.730 sec  (185.114 average)
Population 'distance_repr_5' saved! Current generation: 31
Sample chosen: [559, 688, 664, 210, 560, 395, 623, 690, 982, 61]

********** Running generation 31 **********

Full population's fitness overview:
	-       best fitness: 0.49956
	-       mean fitness: 0.15242
	-      worst fitness: 0.03131
	- standard deviation: 0.08015
Best genome overview:
	- fitness: 0.49956
	- size (hid, conn): (0, 13)
	- genome id: 3533
	- belongs to specie: 1
Genetic distance:
	- Maximum: 2.787
	- Mean: 1.482
	- Minimum: 0.000
	- Standard deviation: 0.797

Population of 126 members in 4 species:
	 specie    age    size    fitness    adj fit    stag 
	========  =====  ======  =========  =========  ======
	   1       31      39      0.500      0.390      7   
	   2       31      33      0.214      0.237      4   
	   3       31      29      0.187      0.229      4   
	   4       31      25      0.116      0.149      5   

Generation time: 185.336 sec  (185.762 average)
Population 'distance_repr_5' saved! Current generation: 32
Sample chosen: [487, 273, 27, 790, 415, 375, 635, 574, 776, 251]

********** Running generation 32 **********

Full population's fitness overview:
	-       best fitness: 0.44392
	-       mean fitness: 0.16040
	-      worst fitness: 0.01829
	- standard deviation: 0.08439
Best genome overview:
	- fitness: 0.44392
	- size (hid, conn): (0, 13)
	- genome id: 3655
	- belongs to specie: 1
Genetic distance:
	- Maximum: 3.216
	- Mean: 1.522
	- Minimum: 0.000
	- Standard deviation: 0.831

Population of 127 members in 4 species:
	 specie    age    size    fitness    adj fit    stag 
	========  =====  ======  =========  =========  ======
	   1       32      39      0.444      0.455      8   
	   2       32      35      0.278      0.360      5   
	   3       32      28      0.192      0.262      5   
	   4       32      25      0.132      0.192      6   

Generation time: 188.513 sec  (185.579 average)
Population 'distance_repr_5' saved! Current generation: 33
Sample chosen: [1, 166, 947, 402, 23, 681, 396, 987, 64, 616]

********** Running generation 33 **********

Full population's fitness overview:
	-       best fitness: 0.64237
	-       mean fitness: 0.21366
	-      worst fitness: 0.05515
	- standard deviation: 0.11223
Best genome overview:
	- fitness: 0.64237
	- size (hid, conn): (0, 13)
	- genome id: 3629
	- belongs to specie: 1
Genetic distance:
	- Maximum: 2.825
	- Mean: 1.530
	- Minimum: 0.000
	- Standard deviation: 0.827

Population of 127 members in 4 species:
	 specie    age    size    fitness    adj fit    stag 
	========  =====  ======  =========  =========  ======
	   1       33      39      0.642      0.362      9   
	   2       33      37      0.388      0.312      6   
	   3       33      26      0.213      0.186      6   
	   4       33      25      0.180      0.162      7   

Generation time: 187.403 sec  (185.395 average)
Population 'distance_repr_5' saved! Current generation: 34
Sample chosen: [956, 861, 773, 934, 634, 560, 701, 78, 292, 993]

********** Running generation 34 **********

Full population's fitness overview:
	-       best fitness: 0.50003
	-       mean fitness: 0.20313
	-      worst fitness: 0.04548
	- standard deviation: 0.10367
Best genome overview:
	- fitness: 0.50003
	- size (hid, conn): (0, 13)
	- genome id: 3859
	- belongs to specie: 1
Genetic distance:
	- Maximum: 2.894
	- Mean: 1.537
	- Minimum: 0.000
	- Standard deviation: 0.835

Population of 125 members in 4 species:
	 specie    age    size    fitness    adj fit    stag 
	========  =====  ======  =========  =========  ======
	   1       34      39      0.500      0.453      10  
	   2       34      40      0.347      0.437      7   
	   3       34      23      0.188      0.202      7   
	   4       34      23      0.221      0.197      8   

Generation time: 189.729 sec  (185.558 average)
Population 'distance_repr_5' saved! Current generation: 35
Sample chosen: [173, 488, 22, 624, 795, 839, 273, 696, 802, 117]

********** Running generation 35 **********

Full population's fitness overview:
	-       best fitness: 0.67783
	-       mean fitness: 0.28861
	-      worst fitness: 0.05554
	- standard deviation: 0.12776
Best genome overview:
	- fitness: 0.67783
	- size (hid, conn): (0, 11)
	- genome id: 3985
	- belongs to specie: 1
Genetic distance:
	- Maximum: 3.069
	- Mean: 1.558
	- Minimum: 0.000
	- Standard deviation: 0.837

Population of 126 members in 4 species:
	 specie    age    size    fitness    adj fit    stag 
	========  =====  ======  =========  =========  ======
	   1       35      39      0.678      0.496      11  
	   2       35      36      0.415      0.351      8   
	   3       35      26      0.303      0.288      8   
	   4       35      25      0.290      0.295      9   

Generation time: 179.115 sec  (185.119 average)
Population 'distance_repr_5' saved! Current generation: 36
Sample chosen: [921, 421, 873, 757, 23, 30, 616, 221, 147, 541]

********** Running generation 36 **********

Full population's fitness overview:
	-       best fitness: 0.74137
	-       mean fitness: 0.27188
	-      worst fitness: 0.09562
	- standard deviation: 0.10977
Best genome overview:
	- fitness: 0.74137
	- size (hid, conn): (0, 13)
	- genome id: 4108
	- belongs to specie: 1
Genetic distance:
	- Maximum: 2.854
	- Mean: 1.550
	- Minimum: 0.000
	- Standard deviation: 0.846

Population of 127 members in 4 species:
	 specie    age    size    fitness    adj fit    stag 
	========  =====  ======  =========  =========  ======
	   1       36      40      0.741      0.378      0   
	   2       36      37      0.359      0.299      9   
	   3       36      24      0.262      0.182      9   
	   4       36      26      0.260      0.165      10  

Generation time: 190.020 sec  (185.982 average)
Population 'distance_repr_5' saved! Current generation: 37
Sample chosen: [228, 567, 855, 735, 543, 729, 236, 277, 758, 958]

********** Running generation 37 **********

Full population's fitness overview:
	-       best fitness: 0.72801
	-       mean fitness: 0.22385
	-      worst fitness: 0.05188
	- standard deviation: 0.11539
Best genome overview:
	- fitness: 0.72801
	- size (hid, conn): (0, 11)
	- genome id: 3985
	- belongs to specie: 1
Genetic distance:
	- Maximum: 3.086
	- Mean: 1.596
	- Minimum: 0.000
	- Standard deviation: 0.816

Population of 126 members in 4 species:
	 specie    age    size    fitness    adj fit    stag 
	========  =====  ======  =========  =========  ======
	   1       37      40      0.728      0.340      1   
	   2       37      37      0.326      0.277      10  
	   3       37      22      0.224      0.155      10  
	   4       37      27      0.245      0.182      11  

Generation time: 186.159 sec  (186.508 average)
Population 'distance_repr_5' saved! Current generation: 38
Sample chosen: [570, 411, 940, 222, 26, 488, 509, 585, 10, 218]

********** Running generation 38 **********

Full population's fitness overview:
	-       best fitness: 0.58163
	-       mean fitness: 0.19983
	-      worst fitness: 0.02921
	- standard deviation: 0.11573
Best genome overview:
	- fitness: 0.58163
	- size (hid, conn): (0, 11)
	- genome id: 3985
	- belongs to specie: 1
Genetic distance:
	- Maximum: 3.113
	- Mean: 1.622
	- Minimum: 0.000
	- Standard deviation: 0.841

Population of 127 members in 4 species:
	 specie    age    size    fitness    adj fit    stag 
	========  =====  ======  =========  =========  ======
	   1       38      39      0.582      0.396      2   
	   2       38      39      0.361      0.365      11  
	   3       38      25      0.233      0.193      11  
	   4       38      24      0.220      0.196      12  

Generation time: 182.033 sec  (186.268 average)
Population 'distance_repr_5' saved! Current generation: 39
Sample chosen: [398, 405, 625, 414, 313, 379, 872, 45, 508, 359]

********** Running generation 39 **********

Full population's fitness overview:
	-       best fitness: 0.54453
	-       mean fitness: 0.14146
	-      worst fitness: 0.01768
	- standard deviation: 0.11315
Best genome overview:
	- fitness: 0.54453
	- size (hid, conn): (0, 11)
	- genome id: 4432
	- belongs to specie: 1
Genetic distance:
	- Maximum: 2.949
	- Mean: 1.597
	- Minimum: 0.000
	- Standard deviation: 0.818

Population of 126 members in 4 species:
	 specie    age    size    fitness    adj fit    stag 
	========  =====  ======  =========  =========  ======
	   1       39      41      0.545      0.334      3   
	   2       39      38      0.345      0.250      12  
	   3       39      23      0.133      0.142      12  
	   4       39      24      0.130      0.147      13  

Generation time: 183.933 sec  (185.997 average)
Population 'distance_repr_5' saved! Current generation: 40
Sample chosen: [6, 80, 689, 332, 245, 952, 337, 472, 562, 186]

********** Running generation 40 **********

Full population's fitness overview:
	-       best fitness: 0.57435
	-       mean fitness: 0.17257
	-      worst fitness: 0.05313
	- standard deviation: 0.08957
Best genome overview:
	- fitness: 0.57435
	- size (hid, conn): (0, 11)
	- genome id: 4550
	- belongs to specie: 1
Genetic distance:
	- Maximum: 2.781
	- Mean: 1.555
	- Minimum: 0.000
	- Standard deviation: 0.820

Population of 125 members in 4 species:
	 specie    age    size    fitness    adj fit    stag 
	========  =====  ======  =========  =========  ======
	   1       40      40      0.574      0.304      4   
	   2       40      34      0.246      0.205      13  
	   3       40      26      0.200      0.198      13  
	   4       40      25      0.157      0.169      14  

Generation time: 188.695 sec  (186.094 average)
Population 'distance_repr_5' saved! Current generation: 41
Sample chosen: [411, 174, 996, 430, 667, 679, 495, 427, 46, 953]

********** Running generation 41 **********

Full population's fitness overview:
	-       best fitness: 0.63619
	-       mean fitness: 0.29479
	-      worst fitness: 0.07851
	- standard deviation: 0.08108
Best genome overview:
	- fitness: 0.63619
	- size (hid, conn): (0, 11)
	- genome id: 4671
	- belongs to specie: 1

Species 4 with 25 members is stagnated (fitness: 0.33036998124360534): removing it
Genetic distance:
	- Maximum: 3.005
	- Mean: 1.554
	- Minimum: 0.053
	- Standard deviation: 0.927

Population of 129 members in 3 species:
	 specie    age    size    fitness    adj fit    stag 
	========  =====  ======  =========  =========  ======
	   1       41      44      0.636      0.391      5   
	   2       41      45      0.382      0.404      14  
	   3       41      37      0.325      0.348      14  

Generation time: 179.237 sec  (185.484 average)
Population 'distance_repr_5' saved! Current generation: 42
Sample chosen: [866, 289, 340, 874, 418, 500, 92, 165, 177, 652]

********** Running generation 42 **********

Full population's fitness overview:
	-       best fitness: 0.63203
	-       mean fitness: 0.25083
	-      worst fitness: 0.06390
	- standard deviation: 0.12220
Best genome overview:
	- fitness: 0.63203
	- size (hid, conn): (0, 11)
	- genome id: 4789
	- belongs to specie: 1

Species 3 with 37 members is stagnated (fitness: 0.30851206971321726): removing it
Genetic distance:
	- Maximum: 2.639
	- Mean: 1.314
	- Minimum: 0.000
	- Standard deviation: 0.966

Population of 128 members in 2 species:
	 specie    age    size    fitness    adj fit    stag 
	========  =====  ======  =========  =========  ======
	   1       42      66      0.632      0.407      6   
	   2       42      59      0.419      0.300      15  

Generation time: 188.829 sec  (185.515 average)
Population 'distance_repr_5' saved! Current generation: 43
Sample chosen: [787, 549, 889, 798, 684, 459, 221, 225, 44, 825]

********** Running generation 43 **********

Full population's fitness overview:
	-       best fitness: 0.70209
	-       mean fitness: 0.30547
	-      worst fitness: 0.07671
	- standard deviation: 0.12712
Best genome overview:
	- fitness: 0.70209
	- size (hid, conn): (0, 11)
	- genome id: 4789
	- belongs to specie: 1
Genetic distance:
	- Maximum: 2.641
	- Mean: 1.311
	- Minimum: 0.000
	- Standard deviation: 1.004

Population of 128 members in 2 species:
	 specie    age    size    fitness    adj fit    stag 
	========  =====  ======  =========  =========  ======
	   1       43      65      0.702      0.389      7   
	   2       43      63      0.439      0.343      16  

Generation time: 184.129 sec  (185.188 average)
Population 'distance_repr_5' saved! Current generation: 44
Sample chosen: [539, 489, 680, 934, 953, 352, 730, 1000, 74, 523]

********** Running generation 44 **********

Full population's fitness overview:
	-       best fitness: 0.58027
	-       mean fitness: 0.28607
	-      worst fitness: 0.07574
	- standard deviation: 0.10054
Best genome overview:
	- fitness: 0.58027
	- size (hid, conn): (0, 11)
	- genome id: 4789
	- belongs to specie: 1
Genetic distance:
	- Maximum: 2.628
	- Mean: 1.318
	- Minimum: 0.143
	- Standard deviation: 0.995

Population of 127 members in 2 species:
	 specie    age    size    fitness    adj fit    stag 
	========  =====  ======  =========  =========  ======
	   1       44      63      0.580      0.433      8   
	   2       44      64      0.364      0.400      17  

Generation time: 194.582 sec  (185.673 average)
Population 'distance_repr_5' saved! Current generation: 45
Sample chosen: [619, 943, 727, 112, 16, 859, 380, 966, 848, 384]

********** Running generation 45 **********

Full population's fitness overview:
	-       best fitness: 0.61457
	-       mean fitness: 0.21236
	-      worst fitness: 0.02968
	- standard deviation: 0.13293
Best genome overview:
	- fitness: 0.61457
	- size (hid, conn): (0, 11)
	- genome id: 5104
	- belongs to specie: 1
Genetic distance:
	- Maximum: 2.668
	- Mean: 1.308
	- Minimum: 0.000
	- Standard deviation: 1.015

Population of 128 members in 2 species:
	 specie    age    size    fitness    adj fit    stag 
	========  =====  ======  =========  =========  ======
	   1       45      69      0.615      0.387      9   
	   2       45      59      0.309      0.239      18  

Generation time: 192.687 sec  (187.030 average)
Population 'distance_repr_5' saved! Current generation: 46
Sample chosen: [677, 341, 892, 720, 499, 697, 206, 157, 98, 767]

********** Running generation 46 **********

Full population's fitness overview:
	-       best fitness: 0.64195
	-       mean fitness: 0.40825
	-      worst fitness: 0.08880
	- standard deviation: 0.12810
Best genome overview:
	- fitness: 0.64195
	- size (hid, conn): (0, 11)
	- genome id: 5233
	- belongs to specie: 1
Genetic distance:
	- Maximum: 2.556
	- Mean: 1.298
	- Minimum: 0.007
	- Standard deviation: 0.995

Population of 128 members in 2 species:
	 specie    age    size    fitness    adj fit    stag 
	========  =====  ======  =========  =========  ======
	   1       46      64      0.642      0.584      10  
	   2       46      64      0.532      0.570      0   

Generation time: 186.874 sec  (186.716 average)
Population 'distance_repr_5' saved! Current generation: 47
Sample chosen: [543, 924, 107, 40, 952, 694, 259, 588, 881, 634]

********** Running generation 47 **********

Full population's fitness overview:
	-       best fitness: 0.75288
	-       mean fitness: 0.27166
	-      worst fitness: 0.06396
	- standard deviation: 0.18236
Best genome overview:
	- fitness: 0.75288
	- size (hid, conn): (0, 11)
	- genome id: 5359
	- belongs to specie: 1
Genetic distance:
	- Maximum: 2.621
	- Mean: 1.285
	- Minimum: 0.021
	- Standard deviation: 0.991

Population of 127 members in 2 species:
	 specie    age    size    fitness    adj fit    stag 
	========  =====  ======  =========  =========  ======
	   1       47      72      0.753      0.408      0   
	   2       47      55      0.411      0.195      1   

Generation time: 191.976 sec  (187.297 average)
Population 'distance_repr_5' saved! Current generation: 48
Sample chosen: [439, 852, 24, 449, 828, 861, 132, 159, 544, 724]

********** Running generation 48 **********

Full population's fitness overview:
	-       best fitness: 0.62038
	-       mean fitness: 0.27545
	-      worst fitness: 0.06528
	- standard deviation: 0.13646
Best genome overview:
	- fitness: 0.62038
	- size (hid, conn): (0, 11)
	- genome id: 5492
	- belongs to specie: 1
Genetic distance:
	- Maximum: 2.743
	- Mean: 1.289
	- Minimum: 0.000
	- Standard deviation: 1.004

Population of 128 members in 2 species:
	 specie    age    size    fitness    adj fit    stag 
	========  =====  ======  =========  =========  ======
	   1       48      69      0.620      0.413      1   
	   2       48      59      0.427      0.333      2   

Generation time: 190.236 sec  (188.118 average)
Population 'distance_repr_5' saved! Current generation: 49
Sample chosen: [515, 362, 966, 287, 852, 558, 980, 617, 760, 744]

********** Running generation 49 **********

Full population's fitness overview:
	-       best fitness: 0.64865
	-       mean fitness: 0.31258
	-      worst fitness: 0.05374
	- standard deviation: 0.14667
Best genome overview:
	- fitness: 0.64865
	- size (hid, conn): (0, 10)
	- genome id: 5627
	- belongs to specie: 1
Genetic distance:
	- Maximum: 2.702
	- Mean: 1.253
	- Minimum: 0.037
	- Standard deviation: 0.976

Population of 128 members in 2 species:
	 specie    age    size    fitness    adj fit    stag 
	========  =====  ======  =========  =========  ======
	   1       49      68      0.649      0.495      2   
	   2       49      60      0.385      0.365      3   

Generation time: 179.513 sec  (187.676 average)
Population 'distance_repr_5' saved! Current generation: 50
Sample chosen: [315, 581, 805, 417, 110, 306, 209, 262, 344, 879]

********** Running generation 50 **********

Full population's fitness overview:
	-       best fitness: 0.75359
	-       mean fitness: 0.34813
	-      worst fitness: 0.09274
	- standard deviation: 0.15047
Best genome overview:
	- fitness: 0.75359
	- size (hid, conn): (0, 11)
	- genome id: 5716
	- belongs to specie: 1
Genetic distance:
	- Maximum: 2.576
	- Mean: 1.256
	- Minimum: 0.000
	- Standard deviation: 0.991

Population of 127 members in 2 species:
	 specie    age    size    fitness    adj fit    stag 
	========  =====  ======  =========  =========  ======
	   1       50      66      0.754      0.422      0   
	   2       50      61      0.391      0.346      4   

Generation time: 195.027 sec  (188.309 average)
Population 'distance_repr_5' saved! Current generation: 51
Sample chosen: [76, 342, 874, 816, 683, 457, 754, 7, 77, 218]

********** Running generation 51 **********

Full population's fitness overview:
	-       best fitness: 0.71801
	-       mean fitness: 0.38653
	-      worst fitness: 0.05371
	- standard deviation: 0.17028
Best genome overview:
	- fitness: 0.71801
	- size (hid, conn): (0, 11)
	- genome id: 5878
	- belongs to specie: 1
Genetic distance:
	- Maximum: 2.579
	- Mean: 1.223
	- Minimum: 0.000
	- Standard deviation: 0.987

Population of 128 members in 2 species:
	 specie    age    size    fitness    adj fit    stag 
	========  =====  ======  =========  =========  ======
	   1       51      66      0.718      0.557      1   
	   2       51      62      0.545      0.441      0   

Generation time: 167.120 sec  (187.097 average)
Population 'distance_repr_5' saved! Current generation: 52
Sample chosen: [957, 845, 152, 388, 75, 391, 478, 726, 825, 126]

********** Running generation 52 **********

Full population's fitness overview:
	-       best fitness: 0.71480
	-       mean fitness: 0.35777
	-      worst fitness: 0.05214
	- standard deviation: 0.17395
Best genome overview:
	- fitness: 0.71480
	- size (hid, conn): (0, 10)
	- genome id: 5850
	- belongs to specie: 1
Genetic distance:
	- Maximum: 2.677
	- Mean: 1.223
	- Minimum: 0.037
	- Standard deviation: 0.956

Population of 128 members in 2 species:
	 specie    age    size    fitness    adj fit    stag 
	========  =====  ======  =========  =========  ======
	   1       52      70      0.715      0.565      2   
	   2       52      58      0.418      0.350      1   

Generation time: 196.222 sec  (187.836 average)
Population 'distance_repr_5' saved! Current generation: 53
Sample chosen: [38, 867, 609, 304, 145, 480, 990, 707, 489, 451]

********** Running generation 53 **********

Full population's fitness overview:
	-       best fitness: 0.70594
	-       mean fitness: 0.28988
	-      worst fitness: 0.06561
	- standard deviation: 0.13023
Best genome overview:
	- fitness: 0.70594
	- size (hid, conn): (0, 11)
	- genome id: 6115
	- belongs to specie: 1
Genetic distance:
	- Maximum: 2.701
	- Mean: 1.187
	- Minimum: 0.000
	- Standard deviation: 0.962

Population of 127 members in 2 species:
	 specie    age    size    fitness    adj fit    stag 
	========  =====  ======  =========  =========  ======
	   1       53      66      0.706      0.375      3   
	   2       53      61      0.384      0.321      2   

Generation time: 193.258 sec  (188.749 average)
Population 'distance_repr_5' saved! Current generation: 54
Sample chosen: [279, 296, 498, 824, 443, 630, 531, 971, 321, 358]

********** Running generation 54 **********

Full population's fitness overview:
	-       best fitness: 0.81560
	-       mean fitness: 0.34617
	-      worst fitness: 0.05403
	- standard deviation: 0.17701
Best genome overview:
	- fitness: 0.81560
	- size (hid, conn): (0, 11)
	- genome id: 6176
	- belongs to specie: 1
Genetic distance:
	- Maximum: 2.611
	- Mean: 1.203
	- Minimum: 0.000
	- Standard deviation: 0.964

Population of 128 members in 2 species:
	 specie    age    size    fitness    adj fit    stag 
	========  =====  ======  =========  =========  ======
	   1       54      69      0.816      0.454      0   
	   2       54      59      0.413      0.307      3   

Generation time: 178.946 sec  (187.186 average)
Population 'distance_repr_5' saved! Current generation: 55
Sample chosen: [884, 277, 335, 859, 802, 955, 103, 911, 14, 710]

********** Running generation 55 **********

Full population's fitness overview:
	-       best fitness: 0.68996
	-       mean fitness: 0.29315
	-      worst fitness: 0.04079
	- standard deviation: 0.15470
Best genome overview:
	- fitness: 0.68996
	- size (hid, conn): (0, 11)
	- genome id: 6306
	- belongs to specie: 1
Genetic distance:
	- Maximum: 2.777
	- Mean: 1.211
	- Minimum: 0.097
	- Standard deviation: 0.934

Population of 128 members in 2 species:
	 specie    age    size    fitness    adj fit    stag 
	========  =====  ======  =========  =========  ======
	   1       55      68      0.690      0.440      1   
	   2       55      60      0.472      0.328      4   

Generation time: 193.937 sec  (187.311 average)
Population 'distance_repr_5' saved! Current generation: 56
Sample chosen: [418, 956, 395, 558, 286, 1000, 858, 480, 751, 343]

********** Running generation 56 **********

Full population's fitness overview:
	-       best fitness: 0.67792
	-       mean fitness: 0.34666
	-      worst fitness: 0.07650
	- standard deviation: 0.14842
Best genome overview:
	- fitness: 0.67792
	- size (hid, conn): (0, 11)
	- genome id: 6429
	- belongs to specie: 1
Genetic distance:
	- Maximum: 2.489
	- Mean: 1.216
	- Minimum: 0.000
	- Standard deviation: 0.956

Population of 128 members in 2 species:
	 specie    age    size    fitness    adj fit    stag 
	========  =====  ======  =========  =========  ======
	   1       56      70      0.678      0.535      2   
	   2       56      58      0.375      0.352      5   

Generation time: 184.932 sec  (187.117 average)
Population 'distance_repr_5' saved! Current generation: 57
Sample chosen: [913, 605, 611, 785, 672, 23, 343, 422, 318, 841]

********** Running generation 57 **********

Full population's fitness overview:
	-       best fitness: 0.76412
	-       mean fitness: 0.28098
	-      worst fitness: 0.07974
	- standard deviation: 0.13743
Best genome overview:
	- fitness: 0.76412
	- size (hid, conn): (0, 11)
	- genome id: 6539
	- belongs to specie: 1
Genetic distance:
	- Maximum: 2.674
	- Mean: 1.210
	- Minimum: 0.026
	- Standard deviation: 0.977

Population of 128 members in 2 species:
	 specie    age    size    fitness    adj fit    stag 
	========  =====  ======  =========  =========  ======
	   1       57      71      0.764      0.350      3   
	   2       57      57      0.340      0.227      6   

Generation time: 193.945 sec  (187.314 average)
Population 'distance_repr_5' saved! Current generation: 58
Sample chosen: [607, 482, 111, 962, 726, 64, 318, 340, 855, 563]

********** Running generation 58 **********

Full population's fitness overview:
	-       best fitness: 0.84721
	-       mean fitness: 0.28063
	-      worst fitness: 0.03607
	- standard deviation: 0.21964
Best genome overview:
	- fitness: 0.84721
	- size (hid, conn): (0, 11)
	- genome id: 6539
	- belongs to specie: 1
Genetic distance:
	- Maximum: 2.731
	- Mean: 1.208
	- Minimum: 0.000
	- Standard deviation: 0.980

Population of 128 members in 2 species:
	 specie    age    size    fitness    adj fit    stag 
	========  =====  ======  =========  =========  ======
	   1       58      80      0.847      0.423      0   
	   2       58      48      0.299      0.150      7   

Generation time: 193.550 sec  (187.645 average)
Population 'distance_repr_5' saved! Current generation: 59
Sample chosen: [540, 920, 824, 842, 296, 384, 19, 879, 678, 986]

********** Running generation 59 **********

Full population's fitness overview:
	-       best fitness: 0.80469
	-       mean fitness: 0.29616
	-      worst fitness: 0.04045
	- standard deviation: 0.18314
Best genome overview:
	- fitness: 0.80469
	- size (hid, conn): (0, 11)
	- genome id: 6539
	- belongs to specie: 1
Genetic distance:
	- Maximum: 2.773
	- Mean: 1.241
	- Minimum: 0.000
	- Standard deviation: 0.995

Population of 127 members in 2 species:
	 specie    age    size    fitness    adj fit    stag 
	========  =====  ======  =========  =========  ======
	   1       59      76      0.805      0.389      1   
	   2       59      51      0.409      0.243      8   

Generation time: 184.755 sec  (188.169 average)
Population 'distance_repr_5' saved! Current generation: 60
Sample chosen: [807, 90, 776, 675, 618, 55, 482, 473, 688, 794]

********** Running generation 60 **********

Full population's fitness overview:
	-       best fitness: 0.71367
	-       mean fitness: 0.31492
	-      worst fitness: 0.05397
	- standard deviation: 0.17553
Best genome overview:
	- fitness: 0.71367
	- size (hid, conn): (0, 10)
	- genome id: 6802
	- belongs to specie: 1
Genetic distance:
	- Maximum: 2.741
	- Mean: 1.209
	- Minimum: 0.000
	- Standard deviation: 0.980

Population of 127 members in 2 species:
	 specie    age    size    fitness    adj fit    stag 
	========  =====  ======  =========  =========  ======
	   1       60      75      0.714      0.462      2   
	   2       60      52      0.436      0.296      9   

Generation time: 184.550 sec  (187.121 average)
Population 'distance_repr_5' saved! Current generation: 61
Sample chosen: [524, 645, 56, 951, 243, 825, 151, 735, 832, 594]

********** Running generation 61 **********

Full population's fitness overview:
	-       best fitness: 0.79929
	-       mean fitness: 0.31305
	-      worst fitness: 0.06571
	- standard deviation: 0.16870
Best genome overview:
	- fitness: 0.79929
	- size (hid, conn): (0, 11)
	- genome id: 7074
	- belongs to specie: 1
Genetic distance:
	- Maximum: 2.624
	- Mean: 1.189
	- Minimum: 0.043
	- Standard deviation: 0.996

Population of 128 members in 2 species:
	 specie    age    size    fitness    adj fit    stag 
	========  =====  ======  =========  =========  ======
	   1       61      75      0.799      0.406      3   
	   2       61      53      0.299      0.237      10  

Generation time: 184.248 sec  (188.834 average)
Population 'distance_repr_5' saved! Current generation: 62
Sample chosen: [985, 294, 184, 933, 612, 772, 880, 509, 634, 347]

********** Running generation 62 **********

Full population's fitness overview:
	-       best fitness: 0.63380
	-       mean fitness: 0.32843
	-      worst fitness: 0.07730
	- standard deviation: 0.12565
Best genome overview:
	- fitness: 0.63380
	- size (hid, conn): (0, 11)
	- genome id: 7156
	- belongs to specie: 1
Genetic distance:
	- Maximum: 2.741
	- Mean: 1.209
	- Minimum: 0.000
	- Standard deviation: 0.992

Population of 128 members in 2 species:
	 specie    age    size    fitness    adj fit    stag 
	========  =====  ======  =========  =========  ======
	   1       62      68      0.634      0.472      4   
	   2       62      60      0.470      0.422      11  

Generation time: 192.417 sec  (188.454 average)
Population 'distance_repr_5' saved! Current generation: 63
Sample chosen: [738, 434, 759, 56, 9, 50, 577, 533, 649, 389]

********** Running generation 63 **********

Full population's fitness overview:
	-       best fitness: 0.58714
	-       mean fitness: 0.23696
	-      worst fitness: 0.02924
	- standard deviation: 0.12151
Best genome overview:
	- fitness: 0.58714
	- size (hid, conn): (0, 11)
	- genome id: 7156
	- belongs to specie: 1
Genetic distance:
	- Maximum: 2.730
	- Mean: 1.232
	- Minimum: 0.000
	- Standard deviation: 0.970

Population of 127 members in 2 species:
	 specie    age    size    fitness    adj fit    stag 
	========  =====  ======  =========  =========  ======
	   1       63      65      0.587      0.397      5   
	   2       63      62      0.358      0.345      12  

Generation time: 194.019 sec  (188.530 average)
Population 'distance_repr_5' saved! Current generation: 64
Sample chosen: [179, 726, 519, 276, 962, 2, 498, 369, 305, 553]

********** Running generation 64 **********

Full population's fitness overview:
	-       best fitness: 0.69429
	-       mean fitness: 0.33484
	-      worst fitness: 0.07851
	- standard deviation: 0.15341
Best genome overview:
	- fitness: 0.69429
	- size (hid, conn): (0, 11)
	- genome id: 7425
	- belongs to specie: 1
Genetic distance:
	- Maximum: 2.735
	- Mean: 1.210
	- Minimum: 0.000
	- Standard deviation: 0.963

Population of 128 members in 2 species:
	 specie    age    size    fitness    adj fit    stag 
	========  =====  ======  =========  =========  ======
	   1       64      68      0.694      0.496      6   
	   2       64      60      0.374      0.332      13  

Generation time: 193.421 sec  (189.977 average)
Population 'distance_repr_5' saved! Current generation: 65
Sample chosen: [740, 939, 371, 330, 361, 658, 225, 713, 191, 744]

********** Running generation 65 **********

Full population's fitness overview:
	-       best fitness: 0.82146
	-       mean fitness: 0.30987
	-      worst fitness: 0.04063
	- standard deviation: 0.18628
Best genome overview:
	- fitness: 0.82146
	- size (hid, conn): (0, 11)
	- genome id: 7509
	- belongs to specie: 1
Genetic distance:
	- Maximum: 2.465
	- Mean: 1.228
	- Minimum: 0.011
	- Standard deviation: 0.904

Population of 128 members in 2 species:
	 specie    age    size    fitness    adj fit    stag 
	========  =====  ======  =========  =========  ======
	   1       65      74      0.821      0.453      7   
	   2       65      54      0.384      0.223      14  

Generation time: 184.432 sec  (189.027 average)
Population 'distance_repr_5' saved! Current generation: 66
Sample chosen: [416, 987, 766, 746, 259, 644, 945, 199, 822, 150]

********** Running generation 66 **********

Full population's fitness overview:
	-       best fitness: 0.74744
	-       mean fitness: 0.28388
	-      worst fitness: 0.05349
	- standard deviation: 0.18561
Best genome overview:
	- fitness: 0.74744
	- size (hid, conn): (0, 11)
	- genome id: 7501
	- belongs to specie: 1
Genetic distance:
	- Maximum: 2.356
	- Mean: 1.210
	- Minimum: 0.000
	- Standard deviation: 0.910

Population of 127 members in 2 species:
	 specie    age    size    fitness    adj fit    stag 
	========  =====  ======  =========  =========  ======
	   1       66      72      0.747      0.382      8   
	   2       66      55      0.464      0.264      15  

Generation time: 185.731 sec  (189.107 average)
Population 'distance_repr_5' saved! Current generation: 67
Sample chosen: [631, 101, 529, 244, 937, 136, 293, 655, 45, 921]

********** Running generation 67 **********

Full population's fitness overview:
	-       best fitness: 0.76411
	-       mean fitness: 0.38448
	-      worst fitness: 0.05470
	- standard deviation: 0.18038
Best genome overview:
	- fitness: 0.76411
	- size (hid, conn): (0, 11)
	- genome id: 7778
	- belongs to specie: 1
Genetic distance:
	- Maximum: 2.649
	- Mean: 1.231
	- Minimum: 0.000
	- Standard deviation: 0.965

Population of 127 members in 2 species:
	 specie    age    size    fitness    adj fit    stag 
	========  =====  ======  =========  =========  ======
	   1       67      73      0.764      0.552      9   
	   2       67      54      0.558      0.351      0   

Generation time: 173.018 sec  (187.014 average)
Population 'distance_repr_5' saved! Current generation: 68
Sample chosen: [35, 806, 796, 490, 904, 645, 199, 41, 562, 294]

********** Running generation 68 **********

Full population's fitness overview:
	-       best fitness: 0.76901
	-       mean fitness: 0.34490
	-      worst fitness: 0.05255
	- standard deviation: 0.18216
Best genome overview:
	- fitness: 0.76901
	- size (hid, conn): (0, 11)
	- genome id: 7842
	- belongs to specie: 1
Genetic distance:
	- Maximum: 2.525
	- Mean: 1.223
	- Minimum: 0.000
	- Standard deviation: 0.977

Population of 128 members in 2 species:
	 specie    age    size    fitness    adj fit    stag 
	========  =====  ======  =========  =========  ======
	   1       68      73      0.769      0.484      10  
	   2       68      55      0.448      0.305      1   

Generation time: 181.179 sec  (185.777 average)
Population 'distance_repr_5' saved! Current generation: 69
Sample chosen: [138, 132, 481, 982, 278, 182, 736, 216, 744, 864]

********** Running generation 69 **********

Full population's fitness overview:
	-       best fitness: 0.80167
	-       mean fitness: 0.31661
	-      worst fitness: 0.07841
	- standard deviation: 0.18588
Best genome overview:
	- fitness: 0.80167
	- size (hid, conn): (0, 11)
	- genome id: 7999
	- belongs to specie: 1
Genetic distance:
	- Maximum: 2.518
	- Mean: 1.222
	- Minimum: 0.031
	- Standard deviation: 0.994

Population of 128 members in 2 species:
	 specie    age    size    fitness    adj fit    stag 
	========  =====  ======  =========  =========  ======
	   1       69      72      0.802      0.389      11  
	   2       69      56      0.524      0.250      2   

Generation time: 189.956 sec  (186.297 average)
Population 'distance_repr_5' saved! Current generation: 70
Sample chosen: [493, 251, 271, 957, 899, 278, 239, 441, 626, 115]

********** Running generation 70 **********

Full population's fitness overview:
	-       best fitness: 0.74995
	-       mean fitness: 0.32729
	-      worst fitness: 0.06388
	- standard deviation: 0.17337
Best genome overview:
	- fitness: 0.74995
	- size (hid, conn): (0, 11)
	- genome id: 8095
	- belongs to specie: 1
Genetic distance:
	- Maximum: 2.597
	- Mean: 1.224
	- Minimum: 0.000
	- Standard deviation: 1.004

Population of 126 members in 2 species:
	 specie    age    size    fitness    adj fit    stag 
	========  =====  ======  =========  =========  ======
	   1       70      70      0.750      0.436      12  
	   2       70      56      0.597      0.318      0   

Generation time: 181.556 sec  (185.998 average)
Population 'distance_repr_5' saved! Current generation: 71
Sample chosen: [614, 700, 977, 190, 71, 546, 133, 628, 725, 29]

********** Running generation 71 **********

Full population's fitness overview:
	-       best fitness: 0.79762
	-       mean fitness: 0.31929
	-      worst fitness: 0.04094
	- standard deviation: 0.19453
Best genome overview:
	- fitness: 0.79762
	- size (hid, conn): (0, 11)
	- genome id: 8213
	- belongs to specie: 1
Genetic distance:
	- Maximum: 2.487
	- Mean: 1.229
	- Minimum: 0.000
	- Standard deviation: 1.007

Population of 126 members in 2 species:
	 specie    age    size    fitness    adj fit    stag 
	========  =====  ======  =========  =========  ======
	   1       71      71      0.798      0.424      13  
	   2       71      55      0.552      0.298      1   

Generation time: 171.525 sec  (184.726 average)
Population 'distance_repr_5' saved! Current generation: 72
Sample chosen: [6, 900, 50, 520, 803, 319, 121, 238, 749, 374]

********** Running generation 72 **********

Full population's fitness overview:
	-       best fitness: 0.75603
	-       mean fitness: 0.28745
	-      worst fitness: 0.05493
	- standard deviation: 0.16810
Best genome overview:
	- fitness: 0.75603
	- size (hid, conn): (0, 11)
	- genome id: 8378
	- belongs to specie: 1
Genetic distance:
	- Maximum: 2.807
	- Mean: 1.228
	- Minimum: 0.036
	- Standard deviation: 1.013

Population of 127 members in 2 species:
	 specie    age    size    fitness    adj fit    stag 
	========  =====  ======  =========  =========  ======
	   1       72      76      0.756      0.425      14  
	   2       72      51      0.500      0.211      2   

Generation time: 181.461 sec  (183.630 average)
Population 'distance_repr_5' saved! Current generation: 73
Sample chosen: [261, 336, 116, 617, 36, 385, 425, 970, 526, 862]

********** Running generation 73 **********

Full population's fitness overview:
	-       best fitness: 0.60914
	-       mean fitness: 0.26995
	-      worst fitness: 0.07714
	- standard deviation: 0.13707
Best genome overview:
	- fitness: 0.60914
	- size (hid, conn): (0, 11)
	- genome id: 8463
	- belongs to specie: 1
Genetic distance:
	- Maximum: 2.734
	- Mean: 1.241
	- Minimum: 0.000
	- Standard deviation: 1.031

Population of 126 members in 2 species:
	 specie    age    size    fitness    adj fit    stag 
	========  =====  ======  =========  =========  ======
	   1       73      74      0.609      0.423      15  
	   2       73      52      0.448      0.273      3   

Generation time: 188.746 sec  (183.103 average)
Population 'distance_repr_5' saved! Current generation: 74
Sample chosen: [288, 597, 195, 917, 561, 960, 556, 351, 759, 221]

********** Running generation 74 **********

Full population's fitness overview:
	-       best fitness: 0.88562
	-       mean fitness: 0.39332
	-      worst fitness: 0.04141
	- standard deviation: 0.21920
Best genome overview:
	- fitness: 0.88562
	- size (hid, conn): (0, 11)
	- genome id: 8592
	- belongs to specie: 1
Genetic distance:
	- Maximum: 2.599
	- Mean: 1.260
	- Minimum: 0.000
	- Standard deviation: 0.985

Population of 127 members in 2 species:
	 specie    age    size    fitness    adj fit    stag 
	========  =====  ======  =========  =========  ======
	   1       74      73      0.886      0.479      0   
	   2       74      54      0.652      0.328      0   

Generation time: 178.720 sec  (181.633 average)
Population 'distance_repr_5' saved! Current generation: 75
Sample chosen: [858, 36, 350, 206, 561, 980, 674, 675, 918, 894]

********** Running generation 75 **********

Full population's fitness overview:
	-       best fitness: 0.76401
	-       mean fitness: 0.36622
	-      worst fitness: 0.06742
	- standard deviation: 0.18792
Best genome overview:
	- fitness: 0.76401
	- size (hid, conn): (0, 11)
	- genome id: 8707
	- belongs to specie: 1
Genetic distance:
	- Maximum: 2.767
	- Mean: 1.253
	- Minimum: 0.033
	- Standard deviation: 0.993

Population of 128 members in 2 species:
	 specie    age    size    fitness    adj fit    stag 
	========  =====  ======  =========  =========  ======
	   1       75      71      0.764      0.489      1   
	   2       75      57      0.609      0.348      1   

Generation time: 180.956 sec  (181.285 average)
Population 'distance_repr_5' saved! Current generation: 76
Sample chosen: [501, 923, 962, 304, 165, 78, 553, 529, 583, 312]

********** Running generation 76 **********

Full population's fitness overview:
	-       best fitness: 0.78297
	-       mean fitness: 0.28280
	-      worst fitness: 0.03452
	- standard deviation: 0.20619
Best genome overview:
	- fitness: 0.78297
	- size (hid, conn): (0, 11)
	- genome id: 8812
	- belongs to specie: 1
Genetic distance:
	- Maximum: 2.739
	- Mean: 1.257
	- Minimum: 0.007
	- Standard deviation: 1.014

Population of 126 members in 2 species:
	 specie    age    size    fitness    adj fit    stag 
	========  =====  ======  =========  =========  ======
	   1       76      74      0.783      0.417      2   
	   2       76      52      0.632      0.226      2   

Generation time: 184.864 sec  (181.198 average)
Population 'distance_repr_5' saved! Current generation: 77
Sample chosen: [23, 827, 316, 834, 390, 469, 840, 95, 153, 249]

********** Running generation 77 **********

Full population's fitness overview:
	-       best fitness: 0.77817
	-       mean fitness: 0.30679
	-      worst fitness: 0.06624
	- standard deviation: 0.18841
Best genome overview:
	- fitness: 0.77817
	- size (hid, conn): (1, 11)
	- genome id: 8922
	- belongs to specie: 1
Genetic distance:
	- Maximum: 2.749
	- Mean: 1.295
	- Minimum: 0.023
	- Standard deviation: 0.982

Population of 127 members in 2 species:
	 specie    age    size    fitness    adj fit    stag 
	========  =====  ======  =========  =========  ======
	   1       77      73      0.778      0.390      3   
	   2       77      54      0.603      0.264      3   

Generation time: 179.914 sec  (181.888 average)
Population 'distance_repr_5' saved! Current generation: 78
Sample chosen: [598, 725, 871, 133, 549, 58, 512, 716, 984, 159]

********** Running generation 78 **********

Full population's fitness overview:
	-       best fitness: 0.85774
	-       mean fitness: 0.39684
	-      worst fitness: 0.06776
	- standard deviation: 0.21231
Best genome overview:
	- fitness: 0.85774
	- size (hid, conn): (0, 11)
	- genome id: 9098
	- belongs to specie: 1
Genetic distance:
	- Maximum: 2.752
	- Mean: 1.271
	- Minimum: 0.032
	- Standard deviation: 1.006

Population of 126 members in 2 species:
	 specie    age    size    fitness    adj fit    stag 
	========  =====  ======  =========  =========  ======
	   1       78      70      0.858      0.457      4   
	   2       78      56      0.748      0.361      0   

Generation time: 167.228 sec  (180.492 average)
Population 'distance_repr_5' saved! Current generation: 79
Sample chosen: [179, 233, 510, 198, 965, 858, 157, 204, 145, 849]

********** Running generation 79 **********

Full population's fitness overview:
	-       best fitness: 0.83270
	-       mean fitness: 0.31021
	-      worst fitness: 0.04115
	- standard deviation: 0.22173
Best genome overview:
	- fitness: 0.83270
	- size (hid, conn): (0, 11)
	- genome id: 9193
	- belongs to specie: 1
Genetic distance:
	- Maximum: 2.485
	- Mean: 1.248
	- Minimum: 0.007
	- Standard deviation: 1.008

Population of 127 members in 2 species:
	 specie    age    size    fitness    adj fit    stag 
	========  =====  ======  =========  =========  ======
	   1       79      71      0.833      0.395      5   
	   2       79      56      0.629      0.271      1   

Generation time: 179.940 sec  (179.491 average)
Population 'distance_repr_5' saved! Current generation: 80
Sample chosen: [861, 482, 774, 30, 803, 216, 895, 654, 6, 39]

********** Running generation 80 **********

Full population's fitness overview:
	-       best fitness: 0.80083
	-       mean fitness: 0.26930
	-      worst fitness: 0.01867
	- standard deviation: 0.20261
Best genome overview:
	- fitness: 0.80083
	- size (hid, conn): (0, 11)
	- genome id: 9008
	- belongs to specie: 2
Genetic distance:
	- Maximum: 2.521
	- Mean: 1.221
	- Minimum: 0.000
	- Standard deviation: 0.997

Population of 128 members in 2 species:
	 specie    age    size    fitness    adj fit    stag 
	========  =====  ======  =========  =========  ======
	   1       80      73      0.790      0.366      6   
	   2       80      55      0.801      0.262      0   

Generation time: 185.113 sec  (179.847 average)
Population 'distance_repr_5' saved! Current generation: 81
Sample chosen: [598, 795, 915, 793, 488, 789, 348, 475, 625, 510]

********** Running generation 81 **********

Full population's fitness overview:
	-       best fitness: 0.69877
	-       mean fitness: 0.27853
	-      worst fitness: 0.01973
	- standard deviation: 0.18428
Best genome overview:
	- fitness: 0.69877
	- size (hid, conn): (0, 12)
	- genome id: 9490
	- belongs to specie: 1
Genetic distance:
	- Maximum: 2.424
	- Mean: 1.236
	- Minimum: 0.000
	- Standard deviation: 1.006

Population of 128 members in 2 species:
	 specie    age    size    fitness    adj fit    stag 
	========  =====  ======  =========  =========  ======
	   1       81      73      0.699      0.422      7   
	   2       81      55      0.567      0.327      1   

Generation time: 188.957 sec  (181.590 average)
Population 'distance_repr_5' saved! Current generation: 82
Sample chosen: [276, 902, 663, 381, 219, 662, 411, 926, 607, 890]

********** Running generation 82 **********

Full population's fitness overview:
	-       best fitness: 0.83682
	-       mean fitness: 0.39386
	-      worst fitness: 0.07165
	- standard deviation: 0.19211
Best genome overview:
	- fitness: 0.83682
	- size (hid, conn): (0, 11)
	- genome id: 9571
	- belongs to specie: 1
Genetic distance:
	- Maximum: 2.469
	- Mean: 1.242
	- Minimum: 0.000
	- Standard deviation: 1.011

Population of 128 members in 2 species:
	 specie    age    size    fitness    adj fit    stag 
	========  =====  ======  =========  =========  ======
	   1       82      70      0.837      0.473      8   
	   2       82      58      0.720      0.352      2   

Generation time: 182.788 sec  (181.723 average)
Population 'distance_repr_5' saved! Current generation: 83
Sample chosen: [603, 804, 50, 120, 241, 112, 137, 506, 99, 795]

********** Running generation 83 **********

Full population's fitness overview:
	-       best fitness: 0.92526
	-       mean fitness: 0.40306
	-      worst fitness: 0.04232
	- standard deviation: 0.23420
Best genome overview:
	- fitness: 0.92526
	- size (hid, conn): (0, 11)
	- genome id: 9694
	- belongs to specie: 1
Genetic distance:
	- Maximum: 2.780
	- Mean: 1.246
	- Minimum: 0.067
	- Standard deviation: 1.042

Population of 126 members in 2 species:
	 specie    age    size    fitness    adj fit    stag 
	========  =====  ======  =========  =========  ======
	   1       83      70      0.925      0.479      0   
	   2       83      56      0.669      0.324      3   

Generation time: 174.750 sec  (180.323 average)
Population 'distance_repr_5' saved! Current generation: 84
Sample chosen: [353, 235, 191, 237, 262, 851, 37, 499, 647, 707]

********** Running generation 84 **********

Full population's fitness overview:
	-       best fitness: 0.80019
	-       mean fitness: 0.38938
	-      worst fitness: 0.05247
	- standard deviation: 0.19443
Best genome overview:
	- fitness: 0.80019
	- size (hid, conn): (0, 11)
	- genome id: 9752
	- belongs to specie: 1
Genetic distance:
	- Maximum: 2.529
	- Mean: 1.249
	- Minimum: 0.000
	- Standard deviation: 1.043

Population of 128 members in 2 species:
	 specie    age    size    fitness    adj fit    stag 
	========  =====  ======  =========  =========  ======
	   1       84      67      0.800      0.480      1   
	   2       84      61      0.789      0.414      4   

Generation time: 172.459 sec  (179.697 average)
Population 'distance_repr_5' saved! Current generation: 85
Sample chosen: [683, 105, 873, 754, 994, 542, 600, 558, 549, 137]

********** Running generation 85 **********

Full population's fitness overview:
	-       best fitness: 0.76801
	-       mean fitness: 0.43854
	-      worst fitness: 0.05559
	- standard deviation: 0.19264
Best genome overview:
	- fitness: 0.76801
	- size (hid, conn): (0, 11)
	- genome id: 9880
	- belongs to specie: 1
Genetic distance:
	- Maximum: 2.541
	- Mean: 1.246
	- Minimum: 0.000
	- Standard deviation: 1.021

Population of 127 members in 2 species:
	 specie    age    size    fitness    adj fit    stag 
	========  =====  ======  =========  =========  ======
	   1       85      67      0.768      0.605      2   
	   2       85      60      0.687      0.463      5   

Generation time: 164.606 sec  (178.062 average)
Population 'distance_repr_5' saved! Current generation: 86
Sample chosen: [947, 602, 807, 511, 332, 452, 302, 234, 750, 915]

********** Running generation 86 **********

Full population's fitness overview:
	-       best fitness: 0.85831
	-       mean fitness: 0.36788
	-      worst fitness: 0.05532
	- standard deviation: 0.20772
Best genome overview:
	- fitness: 0.85831
	- size (hid, conn): (0, 11)
	- genome id: 10037
	- belongs to specie: 1
Genetic distance:
	- Maximum: 2.752
	- Mean: 1.301
	- Minimum: 0.007
	- Standard deviation: 1.031

Population of 127 members in 2 species:
	 specie    age    size    fitness    adj fit    stag 
	========  =====  ======  =========  =========  ======
	   1       86      69      0.858      0.463      3   
	   2       86      58      0.560      0.307      6   

Generation time: 175.535 sec  (177.129 average)
Population 'distance_repr_5' saved! Current generation: 87
Sample chosen: [870, 120, 787, 707, 409, 631, 819, 131, 226, 22]

********** Running generation 87 **********

Full population's fitness overview:
	-       best fitness: 1.00000
	-       mean fitness: 0.39589
	-      worst fitness: 0.06391
	- standard deviation: 0.23346
Best genome overview:
	- fitness: 1.00000
	- size (hid, conn): (0, 11)
	- genome id: 10140
	- belongs to specie: 1
Genetic distance:
	- Maximum: 2.639
	- Mean: 1.317
	- Minimum: 0.000
	- Standard deviation: 1.055

Population of 126 members in 2 species:
	 specie    age    size    fitness    adj fit    stag 
	========  =====  ======  =========  =========  ======
	   1       87      70      1.000      0.414      0   
	   2       87      56      0.651      0.284      7   

Generation time: 172.396 sec  (176.377 average)
Population 'distance_repr_5' saved! Current generation: 88
Sample chosen: [139, 372, 91, 32, 951, 285, 375, 14, 736, 242]

********** Running generation 88 **********

Full population's fitness overview:
	-       best fitness: 0.79666
	-       mean fitness: 0.40193
	-      worst fitness: 0.06556
	- standard deviation: 0.19436
Best genome overview:
	- fitness: 0.79666
	- size (hid, conn): (0, 11)
	- genome id: 10284
	- belongs to specie: 1
Genetic distance:
	- Maximum: 2.657
	- Mean: 1.323
	- Minimum: 0.000
	- Standard deviation: 1.045

Population of 126 members in 2 species:
	 specie    age    size    fitness    adj fit    stag 
	========  =====  ======  =========  =========  ======
	   1       88      69      0.797      0.508      1   
	   2       88      57      0.669      0.400      8   

Generation time: 172.131 sec  (176.868 average)
Population 'distance_repr_5' saved! Current generation: 89
Sample chosen: [486, 178, 908, 354, 572, 963, 474, 38, 549, 856]

********** Running generation 89 **********

Full population's fitness overview:
	-       best fitness: 0.94125
	-       mean fitness: 0.38062
	-      worst fitness: 0.05242
	- standard deviation: 0.23589
Best genome overview:
	- fitness: 0.94125
	- size (hid, conn): (0, 11)
	- genome id: 10394
	- belongs to specie: 1
Genetic distance:
	- Maximum: 2.769
	- Mean: 1.293
	- Minimum: 0.112
	- Standard deviation: 1.045

Population of 127 members in 2 species:
	 specie    age    size    fitness    adj fit    stag 
	========  =====  ======  =========  =========  ======
	   1       89      73      0.941      0.452      2   
	   2       89      54      0.643      0.269      9   

Generation time: 176.242 sec  (176.498 average)
Population 'distance_repr_5' saved! Current generation: 90
Sample chosen: [396, 227, 423, 950, 15, 701, 224, 771, 354, 752]

********** Running generation 90 **********

Full population's fitness overview:
	-       best fitness: 0.77115
	-       mean fitness: 0.36705
	-      worst fitness: 0.01748
	- standard deviation: 0.22010
Best genome overview:
	- fitness: 0.77115
	- size (hid, conn): (0, 11)
	- genome id: 10511
	- belongs to specie: 1
Genetic distance:
	- Maximum: 2.575
	- Mean: 1.305
	- Minimum: 0.000
	- Standard deviation: 1.027

Population of 127 members in 2 species:
	 specie    age    size    fitness    adj fit    stag 
	========  =====  ======  =========  =========  ======
	   1       90      71      0.771      0.529      3   
	   2       90      56      0.705      0.375      10  

Generation time: 181.532 sec  (176.140 average)
Population 'distance_repr_5' saved! Current generation: 91
Sample chosen: [643, 979, 253, 854, 976, 314, 478, 716, 743, 309]

********** Running generation 91 **********

Full population's fitness overview:
	-       best fitness: 0.70956
	-       mean fitness: 0.35746
	-      worst fitness: 0.04211
	- standard deviation: 0.20739
Best genome overview:
	- fitness: 0.70956
	- size (hid, conn): (0, 11)
	- genome id: 10591
	- belongs to specie: 1
Genetic distance:
	- Maximum: 2.627
	- Mean: 1.322
	- Minimum: 0.000
	- Standard deviation: 0.967

Population of 126 members in 2 species:
	 specie    age    size    fitness    adj fit    stag 
	========  =====  ======  =========  =========  ======
	   1       91      74      0.710      0.584      4   
	   2       91      52      0.626      0.331      11  

Generation time: 179.084 sec  (175.152 average)
Population 'distance_repr_5' saved! Current generation: 92
Sample chosen: [975, 121, 52, 230, 460, 198, 169, 384, 542, 517]

********** Running generation 92 **********

Full population's fitness overview:
	-       best fitness: 0.85197
	-       mean fitness: 0.28372
	-      worst fitness: 0.02905
	- standard deviation: 0.22485
Best genome overview:
	- fitness: 0.85197
	- size (hid, conn): (0, 11)
	- genome id: 10623
	- belongs to specie: 1
Genetic distance:
	- Maximum: 2.659
	- Mean: 1.293
	- Minimum: 0.000
	- Standard deviation: 1.053

Population of 126 members in 2 species:
	 specie    age    size    fitness    adj fit    stag 
	========  =====  ======  =========  =========  ======
	   1       92      73      0.852      0.359      5   
	   2       92      53      0.706      0.240      12  

Generation time: 182.563 sec  (175.130 average)
Population 'distance_repr_5' saved! Current generation: 93
Sample chosen: [984, 682, 51, 276, 670, 518, 405, 399, 236, 82]

********** Running generation 93 **********

Full population's fitness overview:
	-       best fitness: 0.62112
	-       mean fitness: 0.34510
	-      worst fitness: 0.07139
	- standard deviation: 0.14561
Best genome overview:
	- fitness: 0.62112
	- size (hid, conn): (0, 11)
	- genome id: 10861
	- belongs to specie: 1
Genetic distance:
	- Maximum: 2.575
	- Mean: 1.299
	- Minimum: 0.030
	- Standard deviation: 1.058

Population of 127 members in 2 species:
	 specie    age    size    fitness    adj fit    stag 
	========  =====  ======  =========  =========  ======
	   1       93      71      0.621      0.556      6   
	   2       93      56      0.603      0.419      13  

Generation time: 177.196 sec  (175.374 average)
Population 'distance_repr_5' saved! Current generation: 94
Sample chosen: [621, 50, 920, 334, 821, 46, 340, 620, 877, 20]

********** Running generation 94 **********

Full population's fitness overview:
	-       best fitness: 0.70886
	-       mean fitness: 0.26530
	-      worst fitness: 0.05332
	- standard deviation: 0.15219
Best genome overview:
	- fitness: 0.70886
	- size (hid, conn): (0, 11)
	- genome id: 10967
	- belongs to specie: 1
Genetic distance:
	- Maximum: 2.579
	- Mean: 1.308
	- Minimum: 0.000
	- Standard deviation: 1.006

Population of 126 members in 2 species:
	 specie    age    size    fitness    adj fit    stag 
	========  =====  ======  =========  =========  ======
	   1       94      68      0.709      0.348      7   
	   2       94      58      0.533      0.292      14  

Generation time: 190.279 sec  (177.156 average)
Population 'distance_repr_5' saved! Current generation: 95
Sample chosen: [81, 446, 843, 483, 388, 396, 882, 708, 496, 183]

********** Running generation 95 **********

Full population's fitness overview:
	-       best fitness: 0.70210
	-       mean fitness: 0.34904
	-      worst fitness: 0.04019
	- standard deviation: 0.20809
Best genome overview:
	- fitness: 0.70210
	- size (hid, conn): (0, 11)
	- genome id: 11107
	- belongs to specie: 1
Genetic distance:
	- Maximum: 2.654
	- Mean: 1.309
	- Minimum: 0.011
	- Standard deviation: 1.001

Population of 126 members in 2 species:
	 specie    age    size    fitness    adj fit    stag 
	========  =====  ======  =========  =========  ======
	   1       95      70      0.702      0.546      8   
	   2       95      56      0.680      0.373      15  

Generation time: 180.032 sec  (178.699 average)
Population 'distance_repr_5' saved! Current generation: 96
Sample chosen: [849, 38, 39, 505, 375, 154, 636, 243, 806, 660]

********** Running generation 96 **********

Full population's fitness overview:
	-       best fitness: 0.95345
	-       mean fitness: 0.36697
	-      worst fitness: 0.04341
	- standard deviation: 0.25855
Best genome overview:
	- fitness: 0.95345
	- size (hid, conn): (0, 11)
	- genome id: 11194
	- belongs to specie: 1
Genetic distance:
	- Maximum: 2.676
	- Mean: 1.346
	- Minimum: 0.000
	- Standard deviation: 1.000

Population of 127 members in 2 species:
	 specie    age    size    fitness    adj fit    stag 
	========  =====  ======  =========  =========  ======
	   1       96      65      0.953      0.353      9   
	   2       96      62      0.871      0.359      0   

Generation time: 174.912 sec  (178.637 average)
Population 'distance_repr_5' saved! Current generation: 97
Sample chosen: [552, 926, 471, 254, 897, 137, 48, 862, 19, 120]

********** Running generation 97 **********

Full population's fitness overview:
	-       best fitness: 0.76776
	-       mean fitness: 0.30080
	-      worst fitness: 0.04689
	- standard deviation: 0.18363
Best genome overview:
	- fitness: 0.76776
	- size (hid, conn): (0, 11)
	- genome id: 11180
	- belongs to specie: 1
Genetic distance:
	- Maximum: 2.614
	- Mean: 1.348
	- Minimum: 0.000
	- Standard deviation: 0.988

Population of 127 members in 2 species:
	 specie    age    size    fitness    adj fit    stag 
	========  =====  ======  =========  =========  ======
	   1       97      64      0.768      0.379      10  
	   2       97      63      0.694      0.324      1   

Generation time: 187.750 sec  (180.172 average)
Population 'distance_repr_5' saved! Current generation: 98
Sample chosen: [489, 88, 902, 755, 894, 743, 508, 20, 423, 194]

********** Running generation 98 **********

Full population's fitness overview:
	-       best fitness: 0.79652
	-       mean fitness: 0.31597
	-      worst fitness: 0.02879
	- standard deviation: 0.22478
Best genome overview:
	- fitness: 0.79652
	- size (hid, conn): (0, 12)
	- genome id: 11429
	- belongs to specie: 1
Genetic distance:
	- Maximum: 2.711
	- Mean: 1.390
	- Minimum: 0.039
	- Standard deviation: 0.983

Population of 126 members in 2 species:
	 specie    age    size    fitness    adj fit    stag 
	========  =====  ======  =========  =========  ======
	   1       98      64      0.797      0.408      11  
	   2       98      62      0.671      0.340      2   

Generation time: 182.849 sec  (181.244 average)
Population 'distance_repr_5' saved! Current generation: 99
Sample chosen: [607, 315, 310, 887, 472, 845, 642, 618, 244, 691]

********** Running generation 99 **********

Full population's fitness overview:
	-       best fitness: 0.83633
	-       mean fitness: 0.37278
	-      worst fitness: 0.05411
	- standard deviation: 0.22860
Best genome overview:
	- fitness: 0.83633
	- size (hid, conn): (1, 13)
	- genome id: 11553
	- belongs to specie: 1
Genetic distance:
	- Maximum: 2.546
	- Mean: 1.315
	- Minimum: 0.000
	- Standard deviation: 0.976

Population of 128 members in 2 species:
	 specie    age    size    fitness    adj fit    stag 
	========  =====  ======  =========  =========  ======
	   1       99      64      0.836      0.429      12  
	   2       99      64      0.815      0.385      3   

Generation time: 174.563 sec  (181.076 average)
Population 'distance_repr_5' saved! Current generation: 100

===> CREATING BLUEPRINTS <===

Creating blueprints for games: [1, 2, 3, 4, 5]

===> CREATING TRACES <===

Creating traces for games: [1, 2, 3, 4, 5]

===> EVALUATING <===

