Population 'path_1' saved! Current generation: 0

===> RUNNING FOR THE FOLLOWING CONFIGURATION: <===
	> fitness: path
	> gru_enabled: True
	> sexual_reproduction: False
	> Saving under folder: NEAT-GRU
	> Train: True (100 iterations)
	> Create blueprints: True
	> Create traces: True


===> TRAINING <===

Sample chosen: [60, 170, 530, 517, 879, 161, 778, 580, 478, 720]

********** Running generation 0 **********

Full population's fitness overview:
	-       best fitness: 0.05368
	-       mean fitness: 0.00623
	-      worst fitness: 0.00000
	- standard deviation: 0.01147
Best genome overview:
	- fitness: 0.05368
	- size (hid, conn): (0, 16)
	- genome id: 9
	- belongs to specie: 2
Genetic distance:
	- Maximum: 2.712
	- Mean: 1.942
	- Minimum: 0.000
	- Standard deviation: 0.428

Population of 128 members in 2 species:
	 SID    age    size    fitness    adj fit    stag 
	=====  =====  ======  =========  =========  ======
	  1      0      72      0.052      0.064      0   
	  2      0      56      0.054      0.060      0   

Generation time: 81.585 sec
Population 'path_1' saved! Current generation: 1
Sample chosen: [483, 162, 990, 715, 415, 345, 775, 664, 16, 924]

********** Running generation 1 **********

Full population's fitness overview:
	-       best fitness: 0.13735
	-       mean fitness: 0.02957
	-      worst fitness: 0.00000
	- standard deviation: 0.02534
Best genome overview:
	- fitness: 0.13735
	- size (hid, conn): (0, 16)
	- genome id: 223
	- belongs to specie: 1
Genetic distance:
	- Maximum: 2.768
	- Mean: 1.785
	- Minimum: 0.239
	- Standard deviation: 0.304

Population of 128 members in 2 species:
	 SID    age    size    fitness    adj fit    stag 
	=====  =====  ======  =========  =========  ======
	  1      1      16      0.137      0.206      0   
	  2      1     112      0.072      0.227      0   

Generation time: 81.041 sec  (81.313 average)
Population 'path_1' saved! Current generation: 2
Sample chosen: [887, 90, 555, 149, 537, 480, 257, 994, 717, 116]

********** Running generation 2 **********

Full population's fitness overview:
	-       best fitness: 0.10997
	-       mean fitness: 0.05036
	-      worst fitness: 0.00000
	- standard deviation: 0.03533
Best genome overview:
	- fitness: 0.10997
	- size (hid, conn): (0, 15)
	- genome id: 332
	- belongs to specie: 2
Genetic distance:
	- Maximum: 2.303
	- Mean: 1.607
	- Minimum: 0.000
	- Standard deviation: 0.522

Population of 128 members in 2 species:
	 SID    age    size    fitness    adj fit    stag 
	=====  =====  ======  =========  =========  ======
	  1      2      35      0.089      0.281      1   
	  2      2      93      0.110      0.483      0   

Generation time: 80.632 sec  (81.086 average)
Population 'path_1' saved! Current generation: 3
Sample chosen: [78, 190, 311, 24, 863, 329, 346, 60, 384, 551]

********** Running generation 3 **********

Full population's fitness overview:
	-       best fitness: 0.08104
	-       mean fitness: 0.03077
	-      worst fitness: 0.00000
	- standard deviation: 0.01806
Best genome overview:
	- fitness: 0.08104
	- size (hid, conn): (0, 15)
	- genome id: 402
	- belongs to specie: 2
Genetic distance:
	- Maximum: 2.499
	- Mean: 1.794
	- Minimum: 0.000
	- Standard deviation: 0.418

Population of 128 members in 2 species:
	 SID    age    size    fitness    adj fit    stag 
	=====  =====  ======  =========  =========  ======
	  1      3      65      0.079      0.484      2   
	  2      3      63      0.081      0.241      1   

Generation time: 86.960 sec  (82.554 average)
Population 'path_1' saved! Current generation: 4
Sample chosen: [5, 512, 824, 623, 125, 629, 851, 611, 41, 335]

********** Running generation 4 **********

Full population's fitness overview:
	-       best fitness: 0.11657
	-       mean fitness: 0.04893
	-      worst fitness: 0.00000
	- standard deviation: 0.02735
Best genome overview:
	- fitness: 0.11657
	- size (hid, conn): (1, 17)
	- genome id: 308
	- belongs to specie: 1
Genetic distance:
	- Maximum: 2.552
	- Mean: 1.345
	- Minimum: 0.143
	- Standard deviation: 0.575

Population of 128 members in 2 species:
	 SID    age    size    fitness    adj fit    stag 
	=====  =====  ======  =========  =========  ======
	  1      4      73      0.117      0.517      3   
	  2      4      55      0.095      0.320      2   

Generation time: 84.406 sec  (82.925 average)
Population 'path_1' saved! Current generation: 5
Sample chosen: [153, 946, 650, 779, 985, 721, 601, 17, 229, 953]

********** Running generation 5 **********

Full population's fitness overview:
	-       best fitness: 0.19859
	-       mean fitness: 0.06757
	-      worst fitness: 0.00011
	- standard deviation: 0.04458
Best genome overview:
	- fitness: 0.19859
	- size (hid, conn): (1, 17)
	- genome id: 693
	- belongs to specie: 2
Genetic distance:
	- Maximum: 1.515
	- Mean: 0.825
	- Minimum: 0.047
	- Standard deviation: 0.303

Population of 128 members in 2 species:
	 SID    age    size    fitness    adj fit    stag 
	=====  =====  ======  =========  =========  ======
	  1      5      63      0.156      0.334      0   
	  2      5      65      0.199      0.347      0   

Generation time: 90.250 sec  (84.146 average)
Population 'path_1' saved! Current generation: 6
Sample chosen: [889, 617, 909, 257, 89, 173, 602, 915, 696, 420]

********** Running generation 6 **********

Full population's fitness overview:
	-       best fitness: 0.34257
	-       mean fitness: 0.06855
	-      worst fitness: 0.00017
	- standard deviation: 0.05366
Best genome overview:
	- fitness: 0.34257
	- size (hid, conn): (0, 16)
	- genome id: 735
	- belongs to specie: 2
Genetic distance:
	- Maximum: 1.472
	- Mean: 0.922
	- Minimum: 0.044
	- Standard deviation: 0.288

Population of 127 members in 2 species:
	 SID    age    size    fitness    adj fit    stag 
	=====  =====  ======  =========  =========  ======
	  1      6      60      0.196      0.195      0   
	  2      6      67      0.343      0.204      0   

Generation time: 90.211 sec  (85.012 average)
Population 'path_1' saved! Current generation: 7
Sample chosen: [177, 375, 550, 317, 439, 389, 318, 85, 577, 43]

********** Running generation 7 **********

Full population's fitness overview:
	-       best fitness: 0.17591
	-       mean fitness: 0.09694
	-      worst fitness: 0.00000
	- standard deviation: 0.05135
Best genome overview:
	- fitness: 0.17591
	- size (hid, conn): (1, 16)
	- genome id: 885
	- belongs to specie: 2
Genetic distance:
	- Maximum: 1.610
	- Mean: 1.046
	- Minimum: 0.196
	- Standard deviation: 0.260

Population of 127 members in 2 species:
	 SID    age    size    fitness    adj fit    stag 
	=====  =====  ======  =========  =========  ======
	  1      7      63      0.154      0.587      1   
	  2      7      64      0.176      0.519      1   

Generation time: 90.276 sec  (85.670 average)
Population 'path_1' saved! Current generation: 8
Sample chosen: [92, 110, 710, 697, 986, 823, 743, 984, 617, 838]

********** Running generation 8 **********

Full population's fitness overview:
	-       best fitness: 0.42491
	-       mean fitness: 0.16443
	-      worst fitness: 0.00008
	- standard deviation: 0.10636
Best genome overview:
	- fitness: 0.42491
	- size (hid, conn): (0, 17)
	- genome id: 987
	- belongs to specie: 2
Genetic distance:
	- Maximum: 2.393
	- Mean: 1.086
	- Minimum: 0.124
	- Standard deviation: 0.405

Population of 128 members in 2 species:
	 SID    age    size    fitness    adj fit    stag 
	=====  =====  ======  =========  =========  ======
	  1      8      19      0.266      0.280      0   
	  2      8     109      0.425      0.492      0   

Generation time: 87.372 sec  (85.859 average)
Population 'path_1' saved! Current generation: 9
Sample chosen: [85, 642, 986, 251, 679, 276, 791, 631, 320, 800]

********** Running generation 9 **********

Full population's fitness overview:
	-       best fitness: 0.42785
	-       mean fitness: 0.23066
	-      worst fitness: 0.00009
	- standard deviation: 0.08752
Best genome overview:
	- fitness: 0.42785
	- size (hid, conn): (1, 16)
	- genome id: 1114
	- belongs to specie: 2
Genetic distance:
	- Maximum: 2.068
	- Mean: 1.093
	- Minimum: 0.044
	- Standard deviation: 0.493

Population of 127 members in 2 species:
	 SID    age    size    fitness    adj fit    stag 
	=====  =====  ======  =========  =========  ======
	  1      9      55      0.309      0.572      0   
	  2      9      72      0.428      0.533      0   

Generation time: 86.861 sec  (85.959 average)
Population 'path_1' saved! Current generation: 10
Sample chosen: [563, 445, 425, 301, 624, 213, 297, 824, 357, 13]

********** Running generation 10 **********

Full population's fitness overview:
	-       best fitness: 0.30310
	-       mean fitness: 0.14452
	-      worst fitness: 0.00008
	- standard deviation: 0.05857
Best genome overview:
	- fitness: 0.30310
	- size (hid, conn): (0, 16)
	- genome id: 1229
	- belongs to specie: 2
Genetic distance:
	- Maximum: 1.909
	- Mean: 1.014
	- Minimum: 0.021
	- Standard deviation: 0.464

Population of 128 members in 2 species:
	 SID    age    size    fitness    adj fit    stag 
	=====  =====  ======  =========  =========  ======
	  1     10      59      0.187      0.418      1   
	  2     10      69      0.303      0.522      1   

Generation time: 86.427 sec  (86.444 average)
Population 'path_1' saved! Current generation: 11
Sample chosen: [899, 527, 512, 808, 275, 113, 265, 107, 183, 95]

********** Running generation 11 **********

Full population's fitness overview:
	-       best fitness: 0.45047
	-       mean fitness: 0.12848
	-      worst fitness: 0.00013
	- standard deviation: 0.09214
Best genome overview:
	- fitness: 0.45047
	- size (hid, conn): (0, 15)
	- genome id: 1365
	- belongs to specie: 2
Genetic distance:
	- Maximum: 1.824
	- Mean: 1.000
	- Minimum: 0.030
	- Standard deviation: 0.490

Population of 127 members in 2 species:
	 SID    age    size    fitness    adj fit    stag 
	=====  =====  ======  =========  =========  ======
	  1     11      61      0.214      0.259      2   
	  2     11      66      0.450      0.307      0   

Generation time: 89.241 sec  (87.264 average)
Population 'path_1' saved! Current generation: 12
Sample chosen: [371, 822, 425, 828, 207, 567, 369, 935, 454, 31]

********** Running generation 12 **********

Full population's fitness overview:
	-       best fitness: 0.34708
	-       mean fitness: 0.08273
	-      worst fitness: 0.00014
	- standard deviation: 0.07732
Best genome overview:
	- fitness: 0.34708
	- size (hid, conn): (1, 16)
	- genome id: 1467
	- belongs to specie: 2
Genetic distance:
	- Maximum: 1.820
	- Mean: 1.034
	- Minimum: 0.000
	- Standard deviation: 0.473

Population of 128 members in 2 species:
	 SID    age    size    fitness    adj fit    stag 
	=====  =====  ======  =========  =========  ======
	  1     12      52      0.184      0.141      3   
	  2     12      76      0.347      0.328      1   

Generation time: 88.366 sec  (88.037 average)
Population 'path_1' saved! Current generation: 13
Sample chosen: [152, 224, 922, 829, 995, 949, 442, 473, 108, 967]

********** Running generation 13 **********

Full population's fitness overview:
	-       best fitness: 0.39844
	-       mean fitness: 0.10498
	-      worst fitness: 0.00007
	- standard deviation: 0.09619
Best genome overview:
	- fitness: 0.39844
	- size (hid, conn): (0, 13)
	- genome id: 1615
	- belongs to specie: 2
Genetic distance:
	- Maximum: 1.852
	- Mean: 0.932
	- Minimum: 0.000
	- Standard deviation: 0.555

Population of 127 members in 2 species:
	 SID    age    size    fitness    adj fit    stag 
	=====  =====  ======  =========  =========  ======
	  1     13      47      0.195      0.147      4   
	  2     13      80      0.398      0.343      2   

Generation time: 91.430 sec  (88.484 average)
Population 'path_1' saved! Current generation: 14
Sample chosen: [773, 60, 933, 351, 696, 223, 524, 903, 559, 152]

********** Running generation 14 **********

Full population's fitness overview:
	-       best fitness: 0.27506
	-       mean fitness: 0.11538
	-      worst fitness: 0.00014
	- standard deviation: 0.07518
Best genome overview:
	- fitness: 0.27506
	- size (hid, conn): (0, 14)
	- genome id: 1695
	- belongs to specie: 2
Genetic distance:
	- Maximum: 1.876
	- Mean: 1.065
	- Minimum: 0.000
	- Standard deviation: 0.486

Population of 128 members in 2 species:
	 SID    age    size    fitness    adj fit    stag 
	=====  =====  ======  =========  =========  ======
	  1     14      51      0.193      0.301      5   
	  2     14      77      0.275      0.489      3   

Generation time: 88.264 sec  (88.870 average)
Population 'path_1' saved! Current generation: 15
Sample chosen: [815, 30, 753, 509, 816, 260, 97, 492, 34, 78]

********** Running generation 15 **********

Full population's fitness overview:
	-       best fitness: 0.37950
	-       mean fitness: 0.11021
	-      worst fitness: 0.00013
	- standard deviation: 0.10533
Best genome overview:
	- fitness: 0.37950
	- size (hid, conn): (2, 14)
	- genome id: 1838
	- belongs to specie: 2
Genetic distance:
	- Maximum: 2.065
	- Mean: 0.994
	- Minimum: 0.000
	- Standard deviation: 0.571

Population of 128 members in 2 species:
	 SID    age    size    fitness    adj fit    stag 
	=====  =====  ======  =========  =========  ======
	  1     15      43      0.091      0.125      6   
	  2     15      85      0.379      0.400      4   

Generation time: 90.554 sec  (88.900 average)
Population 'path_1' saved! Current generation: 16
Sample chosen: [129, 80, 925, 680, 499, 723, 341, 249, 878, 751]

********** Running generation 16 **********

Full population's fitness overview:
	-       best fitness: 0.41806
	-       mean fitness: 0.13985
	-      worst fitness: 0.00002
	- standard deviation: 0.10119
Best genome overview:
	- fitness: 0.41806
	- size (hid, conn): (2, 14)
	- genome id: 1971
	- belongs to specie: 2
Genetic distance:
	- Maximum: 2.010
	- Mean: 0.982
	- Minimum: 0.012
	- Standard deviation: 0.548

Population of 128 members in 2 species:
	 SID    age    size    fitness    adj fit    stag 
	=====  =====  ======  =========  =========  ======
	  1     16      44      0.202      0.180      7   
	  2     16      84      0.418      0.412      5   

Generation time: 92.650 sec  (89.144 average)
Population 'path_1' saved! Current generation: 17
Sample chosen: [423, 196, 882, 357, 568, 488, 916, 144, 41, 556]

********** Running generation 17 **********

Full population's fitness overview:
	-       best fitness: 0.57539
	-       mean fitness: 0.20938
	-      worst fitness: 0.00009
	- standard deviation: 0.13812
Best genome overview:
	- fitness: 0.57539
	- size (hid, conn): (0, 10)
	- genome id: 2151
	- belongs to specie: 1
Genetic distance:
	- Maximum: 2.142
	- Mean: 0.833
	- Minimum: 0.025
	- Standard deviation: 0.505

Population of 128 members in 2 species:
	 SID    age    size    fitness    adj fit    stag 
	=====  =====  ======  =========  =========  ======
	  1     17      57      0.575      0.408      0   
	  2     17      71      0.413      0.341      6   

Generation time: 84.070 sec  (88.523 average)
Population 'path_1' saved! Current generation: 18
Sample chosen: [497, 544, 496, 731, 932, 156, 683, 704, 309, 999]

********** Running generation 18 **********

Full population's fitness overview:
	-       best fitness: 0.46006
	-       mean fitness: 0.17189
	-      worst fitness: 0.00020
	- standard deviation: 0.11065
Best genome overview:
	- fitness: 0.46006
	- size (hid, conn): (0, 16)
	- genome id: 2248
	- belongs to specie: 2
Genetic distance:
	- Maximum: 1.934
	- Mean: 0.864
	- Minimum: 0.041
	- Standard deviation: 0.541

Population of 128 members in 2 species:
	 SID    age    size    fitness    adj fit    stag 
	=====  =====  ======  =========  =========  ======
	  1     18      54      0.299      0.290      1   
	  2     18      74      0.460      0.440      0   

Generation time: 82.950 sec  (88.081 average)
Population 'path_1' saved! Current generation: 19
Sample chosen: [26, 256, 401, 114, 696, 758, 85, 635, 406, 541]

********** Running generation 19 **********

Full population's fitness overview:
	-       best fitness: 0.56187
	-       mean fitness: 0.25210
	-      worst fitness: 0.00004
	- standard deviation: 0.16028
Best genome overview:
	- fitness: 0.56187
	- size (hid, conn): (0, 10)
	- genome id: 2380
	- belongs to specie: 1
Genetic distance:
	- Maximum: 2.221
	- Mean: 0.867
	- Minimum: 0.014
	- Standard deviation: 0.563

Population of 128 members in 2 species:
	 SID    age    size    fitness    adj fit    stag 
	=====  =====  ======  =========  =========  ======
	  1     19      61      0.562      0.482      2   
	  2     19      67      0.474      0.424      0   

Generation time: 81.050 sec  (87.500 average)
Population 'path_1' saved! Current generation: 20
Sample chosen: [865, 75, 932, 617, 596, 904, 638, 37, 934, 488]

********** Running generation 20 **********

Full population's fitness overview:
	-       best fitness: 0.43781
	-       mean fitness: 0.14032
	-      worst fitness: 0.00003
	- standard deviation: 0.11220
Best genome overview:
	- fitness: 0.43781
	- size (hid, conn): (1, 16)
	- genome id: 2454
	- belongs to specie: 2
Genetic distance:
	- Maximum: 2.140
	- Mean: 0.831
	- Minimum: 0.018
	- Standard deviation: 0.534

Population of 128 members in 2 species:
	 SID    age    size    fitness    adj fit    stag 
	=====  =====  ======  =========  =========  ======
	  1     20      54      0.253      0.233      3   
	  2     20      74      0.438      0.400      1   

Generation time: 83.411 sec  (87.199 average)
Population 'path_1' saved! Current generation: 21
Sample chosen: [904, 1000, 336, 482, 865, 509, 246, 999, 193, 241]

********** Running generation 21 **********

Full population's fitness overview:
	-       best fitness: 0.35373
	-       mean fitness: 0.09297
	-      worst fitness: 0.00006
	- standard deviation: 0.09358
Best genome overview:
	- fitness: 0.35373
	- size (hid, conn): (0, 14)
	- genome id: 2550
	- belongs to specie: 2
Genetic distance:
	- Maximum: 2.151
	- Mean: 0.886
	- Minimum: 0.005
	- Standard deviation: 0.532

Population of 128 members in 2 species:
	 SID    age    size    fitness    adj fit    stag 
	=====  =====  ======  =========  =========  ======
	  1     21      42      0.121      0.091      4   
	  2     21      86      0.354      0.388      2   

Generation time: 86.375 sec  (86.912 average)
Population 'path_1' saved! Current generation: 22
Sample chosen: [111, 625, 753, 633, 621, 322, 695, 20, 375, 697]

********** Running generation 22 **********

Full population's fitness overview:
	-       best fitness: 0.17958
	-       mean fitness: 0.05030
	-      worst fitness: 0.00000
	- standard deviation: 0.03880
Best genome overview:
	- fitness: 0.17958
	- size (hid, conn): (0, 14)
	- genome id: 2646
	- belongs to specie: 2
Genetic distance:
	- Maximum: 2.189
	- Mean: 0.846
	- Minimum: 0.006
	- Standard deviation: 0.530

Population of 128 members in 2 species:
	 SID    age    size    fitness    adj fit    stag 
	=====  =====  ======  =========  =========  ======
	  1     22      48      0.077      0.195      5   
	  2     22      80      0.180      0.322      3   

Generation time: 84.603 sec  (86.536 average)
Population 'path_1' saved! Current generation: 23
Sample chosen: [942, 390, 693, 848, 694, 951, 647, 524, 687, 611]

********** Running generation 23 **********

Full population's fitness overview:
	-       best fitness: 0.39061
	-       mean fitness: 0.13085
	-      worst fitness: 0.00000
	- standard deviation: 0.10227
Best genome overview:
	- fitness: 0.39061
	- size (hid, conn): (0, 14)
	- genome id: 2786
	- belongs to specie: 2
Genetic distance:
	- Maximum: 1.720
	- Mean: 0.825
	- Minimum: 0.016
	- Standard deviation: 0.518

Population of 127 members in 2 species:
	 SID    age    size    fitness    adj fit    stag 
	=====  =====  ======  =========  =========  ======
	  1     23      48      0.227      0.210      6   
	  2     23      79      0.391      0.410      4   

Generation time: 84.295 sec  (85.822 average)
Population 'path_1' saved! Current generation: 24
Sample chosen: [405, 933, 522, 792, 815, 346, 413, 307, 994, 400]

********** Running generation 24 **********

Full population's fitness overview:
	-       best fitness: 0.37647
	-       mean fitness: 0.14157
	-      worst fitness: 0.00017
	- standard deviation: 0.10677
Best genome overview:
	- fitness: 0.37647
	- size (hid, conn): (0, 14)
	- genome id: 2894
	- belongs to specie: 2
Genetic distance:
	- Maximum: 1.860
	- Mean: 0.800
	- Minimum: 0.007
	- Standard deviation: 0.549

Population of 128 members in 2 species:
	 SID    age    size    fitness    adj fit    stag 
	=====  =====  ======  =========  =========  ======
	  1     24      49      0.219      0.237      7   
	  2     24      79      0.376      0.460      5   

Generation time: 81.189 sec  (85.115 average)
Population 'path_1' saved! Current generation: 25
Sample chosen: [998, 516, 243, 284, 287, 173, 648, 232, 405, 606]

********** Running generation 25 **********

Full population's fitness overview:
	-       best fitness: 0.38879
	-       mean fitness: 0.14759
	-      worst fitness: 0.00014
	- standard deviation: 0.10638
Best genome overview:
	- fitness: 0.38879
	- size (hid, conn): (0, 13)
	- genome id: 3057
	- belongs to specie: 2
Genetic distance:
	- Maximum: 1.706
	- Mean: 0.853
	- Minimum: 0.027
	- Standard deviation: 0.537

Population of 127 members in 2 species:
	 SID    age    size    fitness    adj fit    stag 
	=====  =====  ======  =========  =========  ======
	  1     25      48      0.297      0.254      8   
	  2     25      79      0.389      0.457      6   

Generation time: 82.169 sec  (84.276 average)
Population 'path_1' saved! Current generation: 26
Sample chosen: [781, 783, 24, 149, 751, 559, 744, 533, 791, 666]

********** Running generation 26 **********

Full population's fitness overview:
	-       best fitness: 0.57655
	-       mean fitness: 0.17872
	-      worst fitness: 0.00001
	- standard deviation: 0.13511
Best genome overview:
	- fitness: 0.57655
	- size (hid, conn): (0, 13)
	- genome id: 3057
	- belongs to specie: 2
Genetic distance:
	- Maximum: 1.951
	- Mean: 0.887
	- Minimum: 0.033
	- Standard deviation: 0.551

Population of 128 members in 2 species:
	 SID    age    size    fitness    adj fit    stag 
	=====  =====  ======  =========  =========  ======
	  1     26      56      0.280      0.272      9   
	  2     26      72      0.577      0.333      0   

Generation time: 82.015 sec  (83.213 average)
Population 'path_1' saved! Current generation: 27
Sample chosen: [79, 480, 892, 969, 650, 103, 992, 889, 252, 23]

********** Running generation 27 **********

Full population's fitness overview:
	-       best fitness: 0.72736
	-       mean fitness: 0.24549
	-      worst fitness: 0.00009
	- standard deviation: 0.17234
Best genome overview:
	- fitness: 0.72736
	- size (hid, conn): (0, 15)
	- genome id: 3241
	- belongs to specie: 2
Genetic distance:
	- Maximum: 1.933
	- Mean: 0.905
	- Minimum: 0.029
	- Standard deviation: 0.587

Population of 128 members in 2 species:
	 SID    age    size    fitness    adj fit    stag 
	=====  =====  ======  =========  =========  ======
	  1     27      57      0.320      0.270      10  
	  2     27      71      0.727      0.390      0   

Generation time: 84.168 sec  (83.223 average)
Population 'path_1' saved! Current generation: 28
Sample chosen: [286, 445, 993, 577, 726, 245, 887, 255, 179, 994]

********** Running generation 28 **********

Full population's fitness overview:
	-       best fitness: 0.31181
	-       mean fitness: 0.12108
	-      worst fitness: 0.00009
	- standard deviation: 0.08047
Best genome overview:
	- fitness: 0.31181
	- size (hid, conn): (0, 15)
	- genome id: 3409
	- belongs to specie: 2
Genetic distance:
	- Maximum: 1.988
	- Mean: 0.958
	- Minimum: 0.042
	- Standard deviation: 0.547

Population of 128 members in 2 species:
	 SID    age    size    fitness    adj fit    stag 
	=====  =====  ======  =========  =========  ======
	  1     28      55      0.260      0.280      11  
	  2     28      73      0.312      0.475      1   

Generation time: 84.774 sec  (83.405 average)
Population 'path_1' saved! Current generation: 29
Sample chosen: [128, 539, 827, 47, 232, 873, 94, 831, 936, 640]

********** Running generation 29 **********

Full population's fitness overview:
	-       best fitness: 0.58136
	-       mean fitness: 0.14322
	-      worst fitness: 0.00011
	- standard deviation: 0.13162
Best genome overview:
	- fitness: 0.58136
	- size (hid, conn): (0, 15)
	- genome id: 3369
	- belongs to specie: 2
Genetic distance:
	- Maximum: 2.176
	- Mean: 0.885
	- Minimum: 0.000
	- Standard deviation: 0.558

Population of 128 members in 2 species:
	 SID    age    size    fitness    adj fit    stag 
	=====  =====  ======  =========  =========  ======
	  1     29      51      0.207      0.154      12  
	  2     29      77      0.581      0.316      2   

Generation time: 86.038 sec  (83.904 average)
Population 'path_1' saved! Current generation: 30
Sample chosen: [193, 235, 508, 635, 505, 950, 229, 891, 725, 731]

********** Running generation 30 **********

Full population's fitness overview:
	-       best fitness: 0.56526
	-       mean fitness: 0.19939
	-      worst fitness: 0.00015
	- standard deviation: 0.13085
Best genome overview:
	- fitness: 0.56526
	- size (hid, conn): (0, 15)
	- genome id: 3369
	- belongs to specie: 2
Genetic distance:
	- Maximum: 1.999
	- Mean: 0.911
	- Minimum: 0.000
	- Standard deviation: 0.571

Population of 128 members in 2 species:
	 SID    age    size    fitness    adj fit    stag 
	=====  =====  ======  =========  =========  ======
	  1     30      54      0.290      0.274      13  
	  2     30      74      0.565      0.405      3   

Generation time: 83.062 sec  (83.869 average)
Population 'path_1' saved! Current generation: 31
Sample chosen: [41, 698, 716, 732, 156, 364, 405, 815, 636, 509]

********** Running generation 31 **********

Full population's fitness overview:
	-       best fitness: 0.53794
	-       mean fitness: 0.17544
	-      worst fitness: 0.00014
	- standard deviation: 0.11921
Best genome overview:
	- fitness: 0.53794
	- size (hid, conn): (0, 15)
	- genome id: 3369
	- belongs to specie: 2
Genetic distance:
	- Maximum: 2.040
	- Mean: 0.947
	- Minimum: 0.001
	- Standard deviation: 0.581

Population of 127 members in 2 species:
	 SID    age    size    fitness    adj fit    stag 
	=====  =====  ======  =========  =========  ======
	  1     31      52      0.181      0.222      14  
	  2     31      75      0.538      0.402      4   

Generation time: 75.465 sec  (82.778 average)
Population 'path_1' saved! Current generation: 32
Sample chosen: [737, 540, 146, 504, 246, 550, 667, 657, 6, 31]

********** Running generation 32 **********

Full population's fitness overview:
	-       best fitness: 0.68793
	-       mean fitness: 0.25298
	-      worst fitness: 0.00012
	- standard deviation: 0.15385
Best genome overview:
	- fitness: 0.68793
	- size (hid, conn): (0, 14)
	- genome id: 3834
	- belongs to specie: 2
Genetic distance:
	- Maximum: 2.083
	- Mean: 0.965
	- Minimum: 0.021
	- Standard deviation: 0.579

Population of 128 members in 2 species:
	 SID    age    size    fitness    adj fit    stag 
	=====  =====  ======  =========  =========  ======
	  1     32      54      0.323      0.288      15  
	  2     32      74      0.688      0.423      5   

Generation time: 72.784 sec  (81.596 average)
Population 'path_1' saved! Current generation: 33
Sample chosen: [853, 660, 800, 103, 446, 982, 698, 182, 317, 312]

********** Running generation 33 **********

Full population's fitness overview:
	-       best fitness: 0.65322
	-       mean fitness: 0.23724
	-      worst fitness: 0.00007
	- standard deviation: 0.18541
Best genome overview:
	- fitness: 0.65322
	- size (hid, conn): (1, 16)
	- genome id: 3981
	- belongs to specie: 2
Genetic distance:
	- Maximum: 1.856
	- Mean: 0.972
	- Minimum: 0.000
	- Standard deviation: 0.598

Population of 127 members in 2 species:
	 SID    age    size    fitness    adj fit    stag 
	=====  =====  ======  =========  =========  ======
	  1     33      47      0.209      0.187      16  
	  2     33      80      0.653      0.492      6   

Generation time: 73.087 sec  (80.475 average)
Population 'path_1' saved! Current generation: 34
Sample chosen: [957, 197, 814, 439, 616, 478, 646, 308, 564, 954]

********** Running generation 34 **********

Full population's fitness overview:
	-       best fitness: 0.49800
	-       mean fitness: 0.15376
	-      worst fitness: 0.00001
	- standard deviation: 0.11638
Best genome overview:
	- fitness: 0.49800
	- size (hid, conn): (0, 16)
	- genome id: 4131
	- belongs to specie: 2
Genetic distance:
	- Maximum: 2.149
	- Mean: 1.016
	- Minimum: 0.006
	- Standard deviation: 0.591

Population of 128 members in 2 species:
	 SID    age    size    fitness    adj fit    stag 
	=====  =====  ======  =========  =========  ======
	  1     34      51      0.204      0.235      17  
	  2     34      77      0.498      0.352      7   

Generation time: 74.881 sec  (79.844 average)
Population 'path_1' saved! Current generation: 35
Sample chosen: [793, 473, 425, 35, 276, 967, 8, 927, 750, 692]

********** Running generation 35 **********

Full population's fitness overview:
	-       best fitness: 0.39502
	-       mean fitness: 0.11939
	-      worst fitness: 0.00007
	- standard deviation: 0.09530
Best genome overview:
	- fitness: 0.39502
	- size (hid, conn): (0, 14)
	- genome id: 4188
	- belongs to specie: 2
Genetic distance:
	- Maximum: 1.854
	- Mean: 1.002
	- Minimum: 0.003
	- Standard deviation: 0.584

Population of 128 members in 2 species:
	 SID    age    size    fitness    adj fit    stag 
	=====  =====  ======  =========  =========  ======
	  1     35      49      0.370      0.181      18  
	  2     35      79      0.395      0.383      8   

Generation time: 80.832 sec  (79.711 average)
Population 'path_1' saved! Current generation: 36
Sample chosen: [109, 81, 181, 233, 589, 578, 280, 232, 564, 193]

********** Running generation 36 **********

Full population's fitness overview:
	-       best fitness: 0.57099
	-       mean fitness: 0.19916
	-      worst fitness: 0.00002
	- standard deviation: 0.14736
Best genome overview:
	- fitness: 0.57099
	- size (hid, conn): (1, 16)
	- genome id: 4374
	- belongs to specie: 2
Genetic distance:
	- Maximum: 1.927
	- Mean: 1.012
	- Minimum: 0.000
	- Standard deviation: 0.600

Population of 128 members in 2 species:
	 SID    age    size    fitness    adj fit    stag 
	=====  =====  ======  =========  =========  ======
	  1     36      51      0.376      0.270      19  
	  2     36      77      0.571      0.397      9   

Generation time: 76.663 sec  (79.175 average)
Population 'path_1' saved! Current generation: 37
Sample chosen: [367, 17, 409, 66, 939, 747, 439, 780, 954, 495]

********** Running generation 37 **********

Full population's fitness overview:
	-       best fitness: 0.39746
	-       mean fitness: 0.16351
	-      worst fitness: 0.00015
	- standard deviation: 0.09944
Best genome overview:
	- fitness: 0.39746
	- size (hid, conn): (1, 16)
	- genome id: 4488
	- belongs to specie: 2
Genetic distance:
	- Maximum: 2.057
	- Mean: 1.104
	- Minimum: 0.000
	- Standard deviation: 0.568

Population of 128 members in 2 species:
	 SID    age    size    fitness    adj fit    stag 
	=====  =====  ======  =========  =========  ======
	  1     37      53      0.287      0.295      20  
	  2     37      75      0.397      0.488      10  

Generation time: 75.364 sec  (78.295 average)
Population 'path_1' saved! Current generation: 38
Sample chosen: [134, 54, 720, 425, 709, 265, 525, 341, 246, 547]

********** Running generation 38 **********

Full population's fitness overview:
	-       best fitness: 0.45395
	-       mean fitness: 0.16863
	-      worst fitness: 0.00002
	- standard deviation: 0.11629
Best genome overview:
	- fitness: 0.45395
	- size (hid, conn): (1, 16)
	- genome id: 4470
	- belongs to specie: 2
Genetic distance:
	- Maximum: 1.953
	- Mean: 1.120
	- Minimum: 0.036
	- Standard deviation: 0.546

Population of 127 members in 2 species:
	 SID    age    size    fitness    adj fit    stag 
	=====  =====  ======  =========  =========  ======
	  1     38      57      0.329      0.328      21  
	  2     38      70      0.454      0.402      11  

Generation time: 81.609 sec  (77.978 average)
Population 'path_1' saved! Current generation: 39
Sample chosen: [68, 794, 645, 98, 744, 121, 47, 310, 518, 40]

********** Running generation 39 **********

Full population's fitness overview:
	-       best fitness: 0.46448
	-       mean fitness: 0.14741
	-      worst fitness: 0.00000
	- standard deviation: 0.10811
Best genome overview:
	- fitness: 0.46448
	- size (hid, conn): (2, 9)
	- genome id: 4769
	- belongs to specie: 1
Genetic distance:
	- Maximum: 2.156
	- Mean: 1.141
	- Minimum: 0.071
	- Standard deviation: 0.551

Population of 128 members in 2 species:
	 SID    age    size    fitness    adj fit    stag 
	=====  =====  ======  =========  =========  ======
	  1     39      59      0.464      0.299      22  
	  2     39      69      0.377      0.333      12  

Generation time: 81.101 sec  (77.485 average)
Population 'path_1' saved! Current generation: 40
Sample chosen: [759, 714, 48, 845, 331, 414, 558, 197, 715, 779]

********** Running generation 40 **********

Full population's fitness overview:
	-       best fitness: 0.58309
	-       mean fitness: 0.19569
	-      worst fitness: 0.00017
	- standard deviation: 0.12885
Best genome overview:
	- fitness: 0.58309
	- size (hid, conn): (1, 16)
	- genome id: 4883
	- belongs to specie: 2
Genetic distance:
	- Maximum: 2.045
	- Mean: 1.128
	- Minimum: 0.093
	- Standard deviation: 0.548

Population of 128 members in 2 species:
	 SID    age    size    fitness    adj fit    stag 
	=====  =====  ======  =========  =========  ======
	  1     40      57      0.379      0.289      23  
	  2     40      71      0.583      0.375      13  

Generation time: 77.940 sec  (76.973 average)
Population 'path_1' saved! Current generation: 41
Sample chosen: [921, 363, 546, 843, 908, 451, 710, 56, 662, 567]

********** Running generation 41 **********

Full population's fitness overview:
	-       best fitness: 0.54443
	-       mean fitness: 0.19266
	-      worst fitness: 0.00012
	- standard deviation: 0.15160
Best genome overview:
	- fitness: 0.54443
	- size (hid, conn): (0, 5)
	- genome id: 5015
	- belongs to specie: 1
Genetic distance:
	- Maximum: 2.059
	- Mean: 1.110
	- Minimum: 0.013
	- Standard deviation: 0.571

Population of 128 members in 2 species:
	 SID    age    size    fitness    adj fit    stag 
	=====  =====  ======  =========  =========  ======
	  1     41      68      0.544      0.447      24  
	  2     41      60      0.413      0.279      14  

Generation time: 82.398 sec  (77.666 average)
Population 'path_1' saved! Current generation: 42
Sample chosen: [684, 645, 785, 122, 487, 726, 641, 199, 189, 133]

********** Running generation 42 **********

Full population's fitness overview:
	-       best fitness: 0.43479
	-       mean fitness: 0.23988
	-      worst fitness: 0.00015
	- standard deviation: 0.13863
Best genome overview:
	- fitness: 0.43479
	- size (hid, conn): (0, 5)
	- genome id: 5030
	- belongs to specie: 1
Genetic distance:
	- Maximum: 2.033
	- Mean: 1.068
	- Minimum: 0.000
	- Standard deviation: 0.582

Population of 127 members in 2 species:
	 SID    age    size    fitness    adj fit    stag 
	=====  =====  ======  =========  =========  ======
	  1     42      68      0.435      0.643      25  
	  2     42      59      0.364      0.448      15  

Generation time: 81.150 sec  (78.503 average)
Population 'path_1' saved! Current generation: 43
Sample chosen: [775, 472, 1, 859, 463, 698, 746, 434, 616, 788]

********** Running generation 43 **********

Full population's fitness overview:
	-       best fitness: 0.61969
	-       mean fitness: 0.28050
	-      worst fitness: 0.00010
	- standard deviation: 0.17179
Best genome overview:
	- fitness: 0.61969
	- size (hid, conn): (1, 16)
	- genome id: 5203
	- belongs to specie: 2
Genetic distance:
	- Maximum: 2.064
	- Mean: 1.140
	- Minimum: 0.017
	- Standard deviation: 0.573

Population of 128 members in 2 species:
	 SID    age    size    fitness    adj fit    stag 
	=====  =====  ======  =========  =========  ======
	  1     43      62      0.471      0.398      26  
	  2     43      66      0.620      0.515      16  

Generation time: 78.879 sec  (79.082 average)
Population 'path_1' saved! Current generation: 44
Sample chosen: [351, 892, 471, 497, 895, 162, 385, 206, 671, 926]

********** Running generation 44 **********

Full population's fitness overview:
	-       best fitness: 0.62216
	-       mean fitness: 0.27805
	-      worst fitness: 0.00001
	- standard deviation: 0.18009
Best genome overview:
	- fitness: 0.62216
	- size (hid, conn): (1, 16)
	- genome id: 5203
	- belongs to specie: 2
Genetic distance:
	- Maximum: 1.950
	- Mean: 1.164
	- Minimum: 0.007
	- Standard deviation: 0.550

Population of 127 members in 2 species:
	 SID    age    size    fitness    adj fit    stag 
	=====  =====  ======  =========  =========  ======
	  1     44      66      0.554      0.461      27  
	  2     44      61      0.622      0.434      17  

Generation time: 76.605 sec  (79.254 average)
Population 'path_1' saved! Current generation: 45
Sample chosen: [346, 201, 512, 404, 767, 714, 426, 66, 311, 572]

********** Running generation 45 **********

Full population's fitness overview:
	-       best fitness: 0.31603
	-       mean fitness: 0.10615
	-      worst fitness: 0.00008
	- standard deviation: 0.08382
Best genome overview:
	- fitness: 0.31603
	- size (hid, conn): (2, 18)
	- genome id: 5419
	- belongs to specie: 2
Genetic distance:
	- Maximum: 2.367
	- Mean: 1.354
	- Minimum: 0.006
	- Standard deviation: 0.528

Population of 127 members in 2 species:
	 SID    age    size    fitness    adj fit    stag 
	=====  =====  ======  =========  =========  ======
	  1     45      73      0.254      0.393      28  
	  2     45      54      0.316      0.274      18  

Generation time: 82.498 sec  (79.421 average)
Population 'path_1' saved! Current generation: 46
Sample chosen: [880, 139, 64, 271, 867, 772, 553, 104, 332, 737]

********** Running generation 46 **********

Full population's fitness overview:
	-       best fitness: 0.53548
	-       mean fitness: 0.21462
	-      worst fitness: 0.00007
	- standard deviation: 0.13706
Best genome overview:
	- fitness: 0.53548
	- size (hid, conn): (2, 18)
	- genome id: 5419
	- belongs to specie: 2
Genetic distance:
	- Maximum: 2.527
	- Mean: 1.349
	- Minimum: 0.160
	- Standard deviation: 0.613

Population of 128 members in 2 species:
	 SID    age    size    fitness    adj fit    stag 
	=====  =====  ======  =========  =========  ======
	  1     46      74      0.465      0.425      29  
	  2     46      54      0.535      0.367      19  

Generation time: 81.268 sec  (79.881 average)
Population 'path_1' saved! Current generation: 47
Sample chosen: [166, 479, 995, 444, 725, 343, 555, 441, 817, 680]

********** Running generation 47 **********

Full population's fitness overview:
	-       best fitness: 0.39042
	-       mean fitness: 0.13498
	-      worst fitness: 0.00000
	- standard deviation: 0.12529
Best genome overview:
	- fitness: 0.39042
	- size (hid, conn): (0, 6)
	- genome id: 5696
	- belongs to specie: 1
Genetic distance:
	- Maximum: 2.591
	- Mean: 1.271
	- Minimum: 0.024
	- Standard deviation: 0.719

Population of 128 members in 2 species:
	 SID    age    size    fitness    adj fit    stag 
	=====  =====  ======  =========  =========  ======
	  1     47      90      0.390      0.470      30  
	  2     47      38      0.227      0.175      20  

Generation time: 81.733 sec  (80.518 average)
Population 'path_1' saved! Current generation: 48
Sample chosen: [896, 257, 402, 918, 73, 736, 163, 880, 687, 208]

********** Running generation 48 **********

Full population's fitness overview:
	-       best fitness: 0.54932
	-       mean fitness: 0.21392
	-      worst fitness: 0.00009
	- standard deviation: 0.15452
Best genome overview:
	- fitness: 0.54932
	- size (hid, conn): (2, 18)
	- genome id: 5833
	- belongs to specie: 2
Genetic distance:
	- Maximum: 2.557
	- Mean: 1.325
	- Minimum: 0.037
	- Standard deviation: 0.750

Population of 128 members in 2 species:
	 SID    age    size    fitness    adj fit    stag 
	=====  =====  ======  =========  =========  ======
	  1     48      77      0.436      0.388      31  
	  2     48      51      0.549      0.392      21  

Generation time: 80.569 sec  (80.414 average)
Population 'path_1' saved! Current generation: 49
Sample chosen: [59, 865, 570, 449, 478, 47, 346, 657, 715, 445]

********** Running generation 49 **********

Full population's fitness overview:
	-       best fitness: 0.40722
	-       mean fitness: 0.15514
	-      worst fitness: 0.00008
	- standard deviation: 0.11322
Best genome overview:
	- fitness: 0.40722
	- size (hid, conn): (2, 18)
	- genome id: 5878
	- belongs to specie: 2
Genetic distance:
	- Maximum: 2.474
	- Mean: 1.374
	- Minimum: 0.009
	- Standard deviation: 0.752

Population of 128 members in 2 species:
	 SID    age    size    fitness    adj fit    stag 
	=====  =====  ======  =========  =========  ======
	  1     49      65      0.344      0.301      32  
	  2     49      63      0.407      0.502      22  

Generation time: 85.033 sec  (80.807 average)
Population 'path_1' saved! Current generation: 50
Sample chosen: [90, 858, 93, 995, 469, 733, 402, 619, 696, 546]

********** Running generation 50 **********

Full population's fitness overview:
	-       best fitness: 0.52056
	-       mean fitness: 0.16807
	-      worst fitness: 0.00000
	- standard deviation: 0.14905
Best genome overview:
	- fitness: 0.52056
	- size (hid, conn): (0, 5)
	- genome id: 6041
	- belongs to specie: 1
Genetic distance:
	- Maximum: 2.731
	- Mean: 1.470
	- Minimum: 0.087
	- Standard deviation: 0.735

Population of 128 members in 2 species:
	 SID    age    size    fitness    adj fit    stag 
	=====  =====  ======  =========  =========  ======
	  1     50      81      0.521      0.398      33  
	  2     50      47      0.328      0.245      23  

Generation time: 85.271 sec  (81.540 average)
Population 'path_1' saved! Current generation: 51
Sample chosen: [329, 285, 453, 551, 431, 272, 849, 891, 905, 95]

********** Running generation 51 **********

Full population's fitness overview:
	-       best fitness: 0.52875
	-       mean fitness: 0.15362
	-      worst fitness: 0.00000
	- standard deviation: 0.11493
Best genome overview:
	- fitness: 0.52875
	- size (hid, conn): (1, 7)
	- genome id: 6103
	- belongs to specie: 1
Genetic distance:
	- Maximum: 2.760
	- Mean: 1.494
	- Minimum: 0.135
	- Standard deviation: 0.755

Population of 126 members in 2 species:
	 SID    age    size    fitness    adj fit    stag 
	=====  =====  ======  =========  =========  ======
	  1     51      67      0.529      0.273      34  
	  2     51      59      0.419      0.321      24  

Generation time: 85.120 sec  (81.813 average)
Population 'path_1' saved! Current generation: 52
Sample chosen: [626, 388, 118, 763, 306, 430, 741, 519, 272, 989]

********** Running generation 52 **********

Full population's fitness overview:
	-       best fitness: 0.59784
	-       mean fitness: 0.25730
	-      worst fitness: 0.00004
	- standard deviation: 0.16736
Best genome overview:
	- fitness: 0.59784
	- size (hid, conn): (1, 7)
	- genome id: 6138
	- belongs to specie: 1
Genetic distance:
	- Maximum: 2.839
	- Mean: 1.433
	- Minimum: 0.028
	- Standard deviation: 0.744

Population of 127 members in 2 species:
	 SID    age    size    fitness    adj fit    stag 
	=====  =====  ======  =========  =========  ======
	  1     52      66      0.598      0.459      0   
	  2     52      61      0.533      0.398      25  

Generation time: 81.484 sec  (81.846 average)
Population 'path_1' saved! Current generation: 53
Sample chosen: [655, 256, 915, 201, 427, 215, 814, 233, 872, 531]

********** Running generation 53 **********

Full population's fitness overview:
	-       best fitness: 0.63454
	-       mean fitness: 0.28378
	-      worst fitness: 0.00009
	- standard deviation: 0.20354
Best genome overview:
	- fitness: 0.63454
	- size (hid, conn): (1, 7)
	- genome id: 6336
	- belongs to specie: 1
Genetic distance:
	- Maximum: 2.700
	- Mean: 1.412
	- Minimum: 0.000
	- Standard deviation: 0.693

Population of 128 members in 2 species:
	 SID    age    size    fitness    adj fit    stag 
	=====  =====  ======  =========  =========  ======
	  1     53      69      0.635      0.520      0   
	  2     53      59      0.616      0.369      26  

Generation time: 80.826 sec  (82.041 average)
Population 'path_1' saved! Current generation: 54
Sample chosen: [938, 276, 289, 242, 695, 612, 261, 479, 312, 868]

********** Running generation 54 **********

Full population's fitness overview:
	-       best fitness: 0.47355
	-       mean fitness: 0.16618
	-      worst fitness: 0.00002
	- standard deviation: 0.14466
Best genome overview:
	- fitness: 0.47355
	- size (hid, conn): (2, 18)
	- genome id: 6408
	- belongs to specie: 2
Genetic distance:
	- Maximum: 2.717
	- Mean: 1.477
	- Minimum: 0.028
	- Standard deviation: 0.776

Population of 128 members in 2 species:
	 SID    age    size    fitness    adj fit    stag 
	=====  =====  ======  =========  =========  ======
	  1     54      72      0.461      0.401      1   
	  2     54      56      0.474      0.292      27  

Generation time: 90.105 sec  (83.391 average)
Population 'path_1' saved! Current generation: 55
Sample chosen: [257, 150, 57, 669, 75, 239, 433, 263, 515, 406]

********** Running generation 55 **********

Full population's fitness overview:
	-       best fitness: 0.62612
	-       mean fitness: 0.29027
	-      worst fitness: 0.00013
	- standard deviation: 0.17732
Best genome overview:
	- fitness: 0.62612
	- size (hid, conn): (2, 18)
	- genome id: 6412
	- belongs to specie: 2
Genetic distance:
	- Maximum: 2.727
	- Mean: 1.528
	- Minimum: 0.038
	- Standard deviation: 0.765

Population of 127 members in 2 species:
	 SID    age    size    fitness    adj fit    stag 
	=====  =====  ======  =========  =========  ======
	  1     55      76      0.575      0.532      2   
	  2     55      51      0.626      0.376      28  

Generation time: 82.968 sec  (83.438 average)
Population 'path_1' saved! Current generation: 56
Sample chosen: [338, 526, 992, 257, 769, 390, 686, 394, 864, 126]

********** Running generation 56 **********

Full population's fitness overview:
	-       best fitness: 0.52780
	-       mean fitness: 0.17680
	-      worst fitness: 0.00003
	- standard deviation: 0.13720
Best genome overview:
	- fitness: 0.52780
	- size (hid, conn): (2, 18)
	- genome id: 6726
	- belongs to specie: 2
Genetic distance:
	- Maximum: 2.690
	- Mean: 1.384
	- Minimum: 0.000
	- Standard deviation: 0.751

Population of 128 members in 2 species:
	 SID    age    size    fitness    adj fit    stag 
	=====  =====  ======  =========  =========  ======
	  1     56      77      0.522      0.362      3   
	  2     56      51      0.528      0.294      29  

Generation time: 84.497 sec  (83.760 average)
Population 'path_1' saved! Current generation: 57
Sample chosen: [731, 511, 817, 740, 97, 758, 769, 304, 67, 500]

********** Running generation 57 **********

Full population's fitness overview:
	-       best fitness: 0.53359
	-       mean fitness: 0.18673
	-      worst fitness: 0.00003
	- standard deviation: 0.14560
Best genome overview:
	- fitness: 0.53359
	- size (hid, conn): (2, 9)
	- genome id: 6883
	- belongs to specie: 1
Genetic distance:
	- Maximum: 2.736
	- Mean: 1.471
	- Minimum: 0.070
	- Standard deviation: 0.782

Population of 128 members in 2 species:
	 SID    age    size    fitness    adj fit    stag 
	=====  =====  ======  =========  =========  ======
	  1     57      75      0.534      0.385      4   
	  2     57      53      0.460      0.296      30  

Generation time: 88.070 sec  (84.394 average)
Population 'path_1' saved! Current generation: 58
Sample chosen: [566, 434, 732, 752, 101, 710, 28, 853, 464, 945]

********** Running generation 58 **********

Full population's fitness overview:
	-       best fitness: 0.48172
	-       mean fitness: 0.17925
	-      worst fitness: 0.00022
	- standard deviation: 0.14220
Best genome overview:
	- fitness: 0.48172
	- size (hid, conn): (1, 7)
	- genome id: 6942
	- belongs to specie: 1
Genetic distance:
	- Maximum: 2.762
	- Mean: 1.521
	- Minimum: 0.017
	- Standard deviation: 0.756

Population of 126 members in 2 species:
	 SID    age    size    fitness    adj fit    stag 
	=====  =====  ======  =========  =========  ======
	  1     58      71      0.482      0.417      5   
	  2     58      55      0.460      0.308      31  

Generation time: 85.835 sec  (84.921 average)
Population 'path_1' saved! Current generation: 59
Sample chosen: [42, 227, 744, 985, 396, 20, 779, 893, 606, 519]

********** Running generation 59 **********

Full population's fitness overview:
	-       best fitness: 0.76380
	-       mean fitness: 0.28854
	-      worst fitness: 0.00005
	- standard deviation: 0.20127
Best genome overview:
	- fitness: 0.76380
	- size (hid, conn): (1, 13)
	- genome id: 7138
	- belongs to specie: 2
Genetic distance:
	- Maximum: 2.788
	- Mean: 1.542
	- Minimum: 0.110
	- Standard deviation: 0.784

Population of 128 members in 2 species:
	 SID    age    size    fitness    adj fit    stag 
	=====  =====  ======  =========  =========  ======
	  1     59      68      0.622      0.368      6   
	  2     59      60      0.764      0.391      0   

Generation time: 82.767 sec  (84.694 average)
Population 'path_1' saved! Current generation: 60
Sample chosen: [400, 873, 612, 61, 490, 69, 454, 904, 50, 774]

********** Running generation 60 **********

Full population's fitness overview:
	-       best fitness: 0.55678
	-       mean fitness: 0.23320
	-      worst fitness: 0.00000
	- standard deviation: 0.18142
Best genome overview:
	- fitness: 0.55678
	- size (hid, conn): (1, 7)
	- genome id: 7273
	- belongs to specie: 1
Genetic distance:
	- Maximum: 2.803
	- Mean: 1.548
	- Minimum: 0.029
	- Standard deviation: 0.756

Population of 128 members in 2 species:
	 SID    age    size    fitness    adj fit    stag 
	=====  =====  ======  =========  =========  ======
	  1     60      66      0.557      0.421      7   
	  2     60      62      0.523      0.416      1   

Generation time: 87.532 sec  (84.920 average)
Population 'path_1' saved! Current generation: 61
Sample chosen: [682, 986, 521, 405, 14, 384, 334, 57, 378, 921]

********** Running generation 61 **********

Full population's fitness overview:
	-       best fitness: 0.56755
	-       mean fitness: 0.19875
	-      worst fitness: 0.00010
	- standard deviation: 0.17901
Best genome overview:
	- fitness: 0.56755
	- size (hid, conn): (1, 8)
	- genome id: 7236
	- belongs to specie: 1
Genetic distance:
	- Maximum: 2.827
	- Mean: 1.536
	- Minimum: 0.077
	- Standard deviation: 0.778

Population of 127 members in 2 species:
	 SID    age    size    fitness    adj fit    stag 
	=====  =====  ======  =========  =========  ======
	  1     61      72      0.568      0.455      8   
	  2     61      55      0.533      0.238      2   

Generation time: 87.185 sec  (85.127 average)
Population 'path_1' saved! Current generation: 62
Sample chosen: [124, 744, 947, 837, 594, 755, 646, 789, 350, 686]

********** Running generation 62 **********

Full population's fitness overview:
	-       best fitness: 0.44100
	-       mean fitness: 0.17692
	-      worst fitness: 0.00007
	- standard deviation: 0.11076
Best genome overview:
	- fitness: 0.44100
	- size (hid, conn): (1, 14)
	- genome id: 7486
	- belongs to specie: 2
Genetic distance:
	- Maximum: 2.793
	- Mean: 1.494
	- Minimum: 0.057
	- Standard deviation: 0.767

Population of 128 members in 2 species:
	 SID    age    size    fitness    adj fit    stag 
	=====  =====  ======  =========  =========  ======
	  1     62      66      0.394      0.377      9   
	  2     62      62      0.441      0.432      3   

Generation time: 82.309 sec  (85.209 average)
Population 'path_1' saved! Current generation: 63
Sample chosen: [856, 34, 677, 820, 112, 153, 956, 629, 203, 323]

********** Running generation 63 **********

Full population's fitness overview:
	-       best fitness: 0.69254
	-       mean fitness: 0.27524
	-      worst fitness: 0.00016
	- standard deviation: 0.20109
Best genome overview:
	- fitness: 0.69254
	- size (hid, conn): (1, 7)
	- genome id: 7584
	- belongs to specie: 1
Genetic distance:
	- Maximum: 2.751
	- Mean: 1.404
	- Minimum: 0.003
	- Standard deviation: 0.794

Population of 128 members in 2 species:
	 SID    age    size    fitness    adj fit    stag 
	=====  =====  ======  =========  =========  ======
	  1     63      65      0.693      0.402      0   
	  2     63      63      0.609      0.392      4   

Generation time: 79.874 sec  (85.114 average)
Population 'path_1' saved! Current generation: 64
Sample chosen: [400, 689, 830, 963, 334, 390, 891, 856, 231, 521]

********** Running generation 64 **********

Full population's fitness overview:
	-       best fitness: 0.62785
	-       mean fitness: 0.19603
	-      worst fitness: 0.00010
	- standard deviation: 0.18136
Best genome overview:
	- fitness: 0.62785
	- size (hid, conn): (1, 8)
	- genome id: 7417
	- belongs to specie: 1
Genetic distance:
	- Maximum: 2.654
	- Mean: 1.379
	- Minimum: 0.017
	- Standard deviation: 0.812

Population of 128 members in 2 species:
	 SID    age    size    fitness    adj fit    stag 
	=====  =====  ======  =========  =========  ======
	  1     64      64      0.628      0.334      1   
	  2     64      64      0.516      0.289      5   

Generation time: 82.031 sec  (84.307 average)
Population 'path_1' saved! Current generation: 65
Sample chosen: [922, 312, 84, 412, 904, 103, 793, 29, 206, 107]

********** Running generation 65 **********

Full population's fitness overview:
	-       best fitness: 0.78730
	-       mean fitness: 0.33992
	-      worst fitness: 0.00011
	- standard deviation: 0.24965
Best genome overview:
	- fitness: 0.78730
	- size (hid, conn): (1, 16)
	- genome id: 7857
	- belongs to specie: 2
Genetic distance:
	- Maximum: 2.523
	- Mean: 1.375
	- Minimum: 0.019
	- Standard deviation: 0.796

Population of 128 members in 2 species:
	 SID    age    size    fitness    adj fit    stag 
	=====  =====  ======  =========  =========  ======
	  1     65      64      0.690      0.437      2   
	  2     65      64      0.787      0.426      0   

Generation time: 78.174 sec  (83.827 average)
Population 'path_1' saved! Current generation: 66
Sample chosen: [820, 121, 894, 406, 33, 329, 997, 667, 856, 811]

********** Running generation 66 **********

Full population's fitness overview:
	-       best fitness: 0.59399
	-       mean fitness: 0.23263
	-      worst fitness: 0.00019
	- standard deviation: 0.15568
Best genome overview:
	- fitness: 0.59399
	- size (hid, conn): (2, 17)
	- genome id: 7899
	- belongs to specie: 2
Genetic distance:
	- Maximum: 2.623
	- Mean: 1.375
	- Minimum: 0.001
	- Standard deviation: 0.822

Population of 127 members in 2 species:
	 SID    age    size    fitness    adj fit    stag 
	=====  =====  ======  =========  =========  ======
	  1     66      68      0.527      0.419      3   
	  2     66      59      0.594      0.364      1   

Generation time: 78.780 sec  (83.256 average)
Population 'path_1' saved! Current generation: 67
Sample chosen: [707, 428, 790, 229, 904, 803, 448, 818, 898, 501]

********** Running generation 67 **********

Full population's fitness overview:
	-       best fitness: 0.68007
	-       mean fitness: 0.19628
	-      worst fitness: 0.00000
	- standard deviation: 0.18372
Best genome overview:
	- fitness: 0.68007
	- size (hid, conn): (1, 7)
	- genome id: 7812
	- belongs to specie: 1
Genetic distance:
	- Maximum: 2.576
	- Mean: 1.431
	- Minimum: 0.010
	- Standard deviation: 0.837

Population of 128 members in 2 species:
	 SID    age    size    fitness    adj fit    stag 
	=====  =====  ======  =========  =========  ======
	  1     67      72      0.680      0.338      4   
	  2     67      56      0.550      0.232      2   

Generation time: 78.709 sec  (82.320 average)
Population 'path_1' saved! Current generation: 68
Sample chosen: [165, 460, 15, 81, 979, 65, 552, 473, 160, 210]

********** Running generation 68 **********

Full population's fitness overview:
	-       best fitness: 0.59305
	-       mean fitness: 0.24085
	-      worst fitness: 0.00009
	- standard deviation: 0.18073
Best genome overview:
	- fitness: 0.59305
	- size (hid, conn): (1, 7)
	- genome id: 8175
	- belongs to specie: 1
Genetic distance:
	- Maximum: 2.710
	- Mean: 1.452
	- Minimum: 0.000
	- Standard deviation: 0.741

Population of 127 members in 2 species:
	 SID    age    size    fitness    adj fit    stag 
	=====  =====  ======  =========  =========  ======
	  1     68      71      0.593      0.474      5   
	  2     68      56      0.526      0.319      3   

Generation time: 77.284 sec  (81.465 average)
Population 'path_1' saved! Current generation: 69
Sample chosen: [775, 246, 113, 135, 967, 630, 460, 85, 76, 886]

********** Running generation 69 **********

Full population's fitness overview:
	-       best fitness: 0.59899
	-       mean fitness: 0.26980
	-      worst fitness: 0.00042
	- standard deviation: 0.17629
Best genome overview:
	- fitness: 0.59899
	- size (hid, conn): (1, 9)
	- genome id: 8240
	- belongs to specie: 1
Genetic distance:
	- Maximum: 2.621
	- Mean: 1.437
	- Minimum: 0.000
	- Standard deviation: 0.736

Population of 128 members in 2 species:
	 SID    age    size    fitness    adj fit    stag 
	=====  =====  ======  =========  =========  ======
	  1     69      67      0.599      0.471      6   
	  2     69      61      0.550      0.423      4   

Generation time: 78.191 sec  (81.007 average)
Population 'path_1' saved! Current generation: 70
Sample chosen: [609, 982, 255, 387, 289, 767, 394, 639, 412, 978]

********** Running generation 70 **********

Full population's fitness overview:
	-       best fitness: 0.60478
	-       mean fitness: 0.19712
	-      worst fitness: 0.00003
	- standard deviation: 0.17845
Best genome overview:
	- fitness: 0.60478
	- size (hid, conn): (1, 7)
	- genome id: 8412
	- belongs to specie: 1
Genetic distance:
	- Maximum: 2.653
	- Mean: 1.401
	- Minimum: 0.023
	- Standard deviation: 0.867

Population of 128 members in 2 species:
	 SID    age    size    fitness    adj fit    stag 
	=====  =====  ======  =========  =========  ======
	  1     70      68      0.605      0.382      7   
	  2     70      60      0.528      0.265      5   

Generation time: 80.395 sec  (80.293 average)
Population 'path_1' saved! Current generation: 71
Sample chosen: [450, 895, 483, 773, 724, 798, 334, 179, 600, 475]

********** Running generation 71 **********

Full population's fitness overview:
	-       best fitness: 0.45692
	-       mean fitness: 0.18324
	-      worst fitness: 0.00019
	- standard deviation: 0.10887
Best genome overview:
	- fitness: 0.45692
	- size (hid, conn): (0, 6)
	- genome id: 8485
	- belongs to specie: 1
Genetic distance:
	- Maximum: 2.634
	- Mean: 1.286
	- Minimum: 0.006
	- Standard deviation: 0.868

Population of 128 members in 2 species:
	 SID    age    size    fitness    adj fit    stag 
	=====  =====  ======  =========  =========  ======
	  1     71      69      0.457      0.471      8   
	  2     71      59      0.332      0.321      6   

Generation time: 76.672 sec  (79.242 average)
Population 'path_1' saved! Current generation: 72
Sample chosen: [540, 991, 765, 673, 284, 509, 44, 144, 655, 434]

********** Running generation 72 **********

Full population's fitness overview:
	-       best fitness: 0.56253
	-       mean fitness: 0.20792
	-      worst fitness: 0.00006
	- standard deviation: 0.15518
Best genome overview:
	- fitness: 0.56253
	- size (hid, conn): (1, 9)
	- genome id: 8648
	- belongs to specie: 1
Genetic distance:
	- Maximum: 2.607
	- Mean: 1.284
	- Minimum: 0.000
	- Standard deviation: 0.819

Population of 128 members in 2 species:
	 SID    age    size    fitness    adj fit    stag 
	=====  =====  ======  =========  =========  ======
	  1     72      69      0.563      0.426      9   
	  2     72      59      0.395      0.304      7   

Generation time: 76.197 sec  (78.631 average)
Population 'path_1' saved! Current generation: 73
Sample chosen: [720, 180, 810, 403, 687, 506, 393, 383, 797, 81]

********** Running generation 73 **********

Full population's fitness overview:
	-       best fitness: 0.63577
	-       mean fitness: 0.21141
	-      worst fitness: 0.00001
	- standard deviation: 0.17510
Best genome overview:
	- fitness: 0.63577
	- size (hid, conn): (1, 9)
	- genome id: 8593
	- belongs to specie: 1
Genetic distance:
	- Maximum: 2.664
	- Mean: 1.363
	- Minimum: 0.000
	- Standard deviation: 0.867

Population of 127 members in 2 species:
	 SID    age    size    fitness    adj fit    stag 
	=====  =====  ======  =========  =========  ======
	  1     73      71      0.636      0.400      10  
	  2     73      56      0.400      0.253      8   

Generation time: 81.241 sec  (78.768 average)
Population 'path_1' saved! Current generation: 74
Sample chosen: [265, 811, 687, 301, 249, 385, 962, 192, 875, 715]

********** Running generation 74 **********

Full population's fitness overview:
	-       best fitness: 0.64973
	-       mean fitness: 0.20179
	-      worst fitness: 0.00001
	- standard deviation: 0.19876
Best genome overview:
	- fitness: 0.64973
	- size (hid, conn): (1, 15)
	- genome id: 8913
	- belongs to specie: 2
Genetic distance:
	- Maximum: 2.646
	- Mean: 1.338
	- Minimum: 0.000
	- Standard deviation: 0.817

Population of 128 members in 2 species:
	 SID    age    size    fitness    adj fit    stag 
	=====  =====  ======  =========  =========  ======
	  1     74      70      0.594      0.331      11  
	  2     74      58      0.650      0.284      9   

Generation time: 83.233 sec  (78.888 average)
Population 'path_1' saved! Current generation: 75
Sample chosen: [761, 971, 15, 301, 993, 522, 537, 34, 51, 754]

********** Running generation 75 **********

Full population's fitness overview:
	-       best fitness: 0.43780
	-       mean fitness: 0.15660
	-      worst fitness: 0.00011
	- standard deviation: 0.12377
Best genome overview:
	- fitness: 0.43780
	- size (hid, conn): (1, 9)
	- genome id: 9006
	- belongs to specie: 1
Genetic distance:
	- Maximum: 2.629
	- Mean: 1.337
	- Minimum: 0.023
	- Standard deviation: 0.900

Population of 128 members in 2 species:
	 SID    age    size    fitness    adj fit    stag 
	=====  =====  ======  =========  =========  ======
	  1     75      69      0.438      0.386      12  
	  2     75      59      0.428      0.323      10  

Generation time: 85.473 sec  (79.618 average)
Population 'path_1' saved! Current generation: 76
Sample chosen: [789, 302, 659, 488, 756, 833, 26, 521, 17, 50]

********** Running generation 76 **********

Full population's fitness overview:
	-       best fitness: 0.40461
	-       mean fitness: 0.22872
	-      worst fitness: 0.00003
	- standard deviation: 0.12054
Best genome overview:
	- fitness: 0.40461
	- size (hid, conn): (1, 15)
	- genome id: 9172
	- belongs to specie: 2
Genetic distance:
	- Maximum: 2.653
	- Mean: 1.280
	- Minimum: 0.000
	- Standard deviation: 0.825

Population of 128 members in 2 species:
	 SID    age    size    fitness    adj fit    stag 
	=====  =====  ======  =========  =========  ======
	  1     76      71      0.397      0.639      13  
	  2     76      57      0.405      0.479      11  

Generation time: 79.017 sec  (79.641 average)
Population 'path_1' saved! Current generation: 77
Sample chosen: [755, 362, 519, 562, 596, 351, 711, 241, 285, 295]

********** Running generation 77 **********

Full population's fitness overview:
	-       best fitness: 0.53893
	-       mean fitness: 0.16675
	-      worst fitness: 0.00012
	- standard deviation: 0.14498
Best genome overview:
	- fitness: 0.53893
	- size (hid, conn): (0, 5)
	- genome id: 9254
	- belongs to specie: 1
Genetic distance:
	- Maximum: 2.650
	- Mean: 1.210
	- Minimum: 0.000
	- Standard deviation: 0.846

Population of 128 members in 2 species:
	 SID    age    size    fitness    adj fit    stag 
	=====  =====  ======  =========  =========  ======
	  1     77      75      0.539      0.371      14  
	  2     77      53      0.357      0.233      12  

Generation time: 84.948 sec  (80.265 average)
Population 'path_1' saved! Current generation: 78
Sample chosen: [759, 601, 766, 750, 929, 620, 989, 51, 460, 761]

********** Running generation 78 **********

Full population's fitness overview:
	-       best fitness: 0.61243
	-       mean fitness: 0.20549
	-      worst fitness: 0.00000
	- standard deviation: 0.15238
Best genome overview:
	- fitness: 0.61243
	- size (hid, conn): (1, 14)
	- genome id: 9179
	- belongs to specie: 2
Genetic distance:
	- Maximum: 2.600
	- Mean: 1.311
	- Minimum: 0.000
	- Standard deviation: 0.796

Population of 128 members in 2 species:
	 SID    age    size    fitness    adj fit    stag 
	=====  =====  ======  =========  =========  ======
	  1     78      73      0.484      0.367      15  
	  2     78      55      0.612      0.291      13  

Generation time: 82.983 sec  (80.835 average)
Population 'path_1' saved! Current generation: 79
Sample chosen: [242, 57, 668, 165, 590, 770, 159, 18, 647, 572]

********** Running generation 79 **********

Full population's fitness overview:
	-       best fitness: 0.56324
	-       mean fitness: 0.16018
	-      worst fitness: 0.00013
	- standard deviation: 0.14763
Best genome overview:
	- fitness: 0.56324
	- size (hid, conn): (1, 10)
	- genome id: 9485
	- belongs to specie: 1
Genetic distance:
	- Maximum: 2.771
	- Mean: 1.370
	- Minimum: 0.000
	- Standard deviation: 0.824

Population of 128 members in 2 species:
	 SID    age    size    fitness    adj fit    stag 
	=====  =====  ======  =========  =========  ======
	  1     79      74      0.563      0.321      16  
	  2     79      54      0.394      0.235      14  

Generation time: 81.385 sec  (81.154 average)
Population 'path_1' saved! Current generation: 80
Sample chosen: [251, 436, 179, 487, 665, 976, 230, 300, 564, 647]

********** Running generation 80 **********

Full population's fitness overview:
	-       best fitness: 0.67301
	-       mean fitness: 0.22746
	-      worst fitness: 0.00011
	- standard deviation: 0.18693
Best genome overview:
	- fitness: 0.67301
	- size (hid, conn): (2, 9)
	- genome id: 9575
	- belongs to specie: 1
Genetic distance:
	- Maximum: 2.764
	- Mean: 1.328
	- Minimum: 0.008
	- Standard deviation: 0.780

Population of 126 members in 2 species:
	 SID    age    size    fitness    adj fit    stag 
	=====  =====  ======  =========  =========  ======
	  1     80      76      0.673      0.427      17  
	  2     80      50      0.459      0.216      15  

Generation time: 82.392 sec  (81.354 average)
Population 'path_1' saved! Current generation: 81
Sample chosen: [752, 989, 97, 975, 735, 649, 491, 689, 582, 716]

********** Running generation 81 **********

Full population's fitness overview:
	-       best fitness: 0.53331
	-       mean fitness: 0.18847
	-      worst fitness: 0.00014
	- standard deviation: 0.14063
Best genome overview:
	- fitness: 0.53331
	- size (hid, conn): (2, 16)
	- genome id: 9747
	- belongs to specie: 2
Genetic distance:
	- Maximum: 2.627
	- Mean: 1.448
	- Minimum: 0.000
	- Standard deviation: 0.744

Population of 128 members in 2 species:
	 SID    age    size    fitness    adj fit    stag 
	=====  =====  ======  =========  =========  ======
	  1     81      73      0.515      0.383      18  
	  2     81      55      0.533      0.308      16  

Generation time: 82.175 sec  (81.905 average)
Population 'path_1' saved! Current generation: 82
Sample chosen: [210, 829, 704, 83, 391, 46, 574, 251, 854, 90]

********** Running generation 82 **********

Full population's fitness overview:
	-       best fitness: 0.49332
	-       mean fitness: 0.19075
	-      worst fitness: 0.00001
	- standard deviation: 0.14127
Best genome overview:
	- fitness: 0.49332
	- size (hid, conn): (1, 14)
	- genome id: 9417
	- belongs to specie: 2
Genetic distance:
	- Maximum: 2.577
	- Mean: 1.398
	- Minimum: 0.000
	- Standard deviation: 0.671

Population of 127 members in 2 species:
	 SID    age    size    fitness    adj fit    stag 
	=====  =====  ======  =========  =========  ======
	  1     82      80      0.487      0.471      19  
	  2     82      47      0.493      0.274      17  

Generation time: 83.895 sec  (82.674 average)
Population 'path_1' saved! Current generation: 83
Sample chosen: [238, 492, 328, 938, 412, 393, 434, 927, 903, 376]

********** Running generation 83 **********

Full population's fitness overview:
	-       best fitness: 0.57814
	-       mean fitness: 0.19752
	-      worst fitness: 0.00017
	- standard deviation: 0.20021
Best genome overview:
	- fitness: 0.57814
	- size (hid, conn): (0, 5)
	- genome id: 10011
	- belongs to specie: 1
Genetic distance:
	- Maximum: 2.398
	- Mean: 1.193
	- Minimum: 0.000
	- Standard deviation: 0.660

Population of 128 members in 2 species:
	 SID    age    size    fitness    adj fit    stag 
	=====  =====  ======  =========  =========  ======
	  1     83      92      0.578      0.472      20  
	  2     83      36      0.253      0.120      18  

Generation time: 82.835 sec  (82.834 average)
Population 'path_1' saved! Current generation: 84
Sample chosen: [17, 985, 28, 734, 966, 534, 336, 823, 586, 851]

********** Running generation 84 **********

Full population's fitness overview:
	-       best fitness: 0.78349
	-       mean fitness: 0.33559
	-      worst fitness: 0.00021
	- standard deviation: 0.21574
Best genome overview:
	- fitness: 0.78349
	- size (hid, conn): (2, 15)
	- genome id: 10128
	- belongs to specie: 2
Genetic distance:
	- Maximum: 2.499
	- Mean: 1.202
	- Minimum: 0.000
	- Standard deviation: 0.686

Population of 128 members in 2 species:
	 SID    age    size    fitness    adj fit    stag 
	=====  =====  ======  =========  =========  ======
	  1     84      81      0.763      0.452      0   
	  2     84      47      0.783      0.366      19  

Generation time: 78.888 sec  (82.399 average)
Population 'path_1' saved! Current generation: 85
Sample chosen: [496, 174, 986, 292, 169, 884, 728, 359, 31, 978]

********** Running generation 85 **********

Full population's fitness overview:
	-       best fitness: 0.59637
	-       mean fitness: 0.20771
	-      worst fitness: 0.00011
	- standard deviation: 0.18796
Best genome overview:
	- fitness: 0.59637
	- size (hid, conn): (0, 4)
	- genome id: 10195
	- belongs to specie: 1
Genetic distance:
	- Maximum: 2.413
	- Mean: 1.212
	- Minimum: 0.000
	- Standard deviation: 0.683

Population of 128 members in 2 species:
	 SID    age    size    fitness    adj fit    stag 
	=====  =====  ======  =========  =========  ======
	  1     85      78      0.596      0.391      1   
	  2     85      50      0.405      0.275      20  

Generation time: 84.600 sec  (82.312 average)
Population 'path_1' saved! Current generation: 86
Sample chosen: [778, 823, 298, 39, 969, 596, 215, 130, 279, 631]

********** Running generation 86 **********

Full population's fitness overview:
	-       best fitness: 0.73161
	-       mean fitness: 0.27118
	-      worst fitness: 0.00000
	- standard deviation: 0.18781
Best genome overview:
	- fitness: 0.73161
	- size (hid, conn): (0, 4)
	- genome id: 10322
	- belongs to specie: 1
Genetic distance:
	- Maximum: 2.518
	- Mean: 1.271
	- Minimum: 0.000
	- Standard deviation: 0.668

Population of 128 members in 2 species:
	 SID    age    size    fitness    adj fit    stag 
	=====  =====  ======  =========  =========  ======
	  1     86      77      0.732      0.447      2   
	  2     86      51      0.353      0.251      21  

Generation time: 78.809 sec  (82.291 average)
Population 'path_1' saved! Current generation: 87
Sample chosen: [839, 828, 443, 454, 433, 401, 314, 424, 607, 448]

********** Running generation 87 **********

Full population's fitness overview:
	-       best fitness: 0.67964
	-       mean fitness: 0.24624
	-      worst fitness: 0.00003
	- standard deviation: 0.19755
Best genome overview:
	- fitness: 0.67964
	- size (hid, conn): (1, 14)
	- genome id: 10484
	- belongs to specie: 2
Genetic distance:
	- Maximum: 2.440
	- Mean: 1.289
	- Minimum: 0.004
	- Standard deviation: 0.756

Population of 128 members in 2 species:
	 SID    age    size    fitness    adj fit    stag 
	=====  =====  ======  =========  =========  ======
	  1     87      73      0.569      0.388      3   
	  2     87      55      0.680      0.324      22  

Generation time: 84.816 sec  (82.278 average)
Population 'path_1' saved! Current generation: 88
Sample chosen: [784, 200, 126, 925, 920, 782, 979, 630, 573, 593]

********** Running generation 88 **********

Full population's fitness overview:
	-       best fitness: 0.35548
	-       mean fitness: 0.12497
	-      worst fitness: 0.00010
	- standard deviation: 0.11280
Best genome overview:
	- fitness: 0.35548
	- size (hid, conn): (2, 8)
	- genome id: 10575
	- belongs to specie: 1
Genetic distance:
	- Maximum: 2.545
	- Mean: 1.383
	- Minimum: 0.020
	- Standard deviation: 0.724

Population of 128 members in 2 species:
	 SID    age    size    fitness    adj fit    stag 
	=====  =====  ======  =========  =========  ======
	  1     88      79      0.355      0.450      4   
	  2     88      49      0.307      0.221      23  

Generation time: 88.195 sec  (82.799 average)
Population 'path_1' saved! Current generation: 89
Sample chosen: [472, 619, 448, 752, 300, 932, 808, 867, 565, 94]

********** Running generation 89 **********

Full population's fitness overview:
	-       best fitness: 0.55093
	-       mean fitness: 0.20270
	-      worst fitness: 0.00004
	- standard deviation: 0.14499
Best genome overview:
	- fitness: 0.55093
	- size (hid, conn): (1, 14)
	- genome id: 10703
	- belongs to specie: 2
Genetic distance:
	- Maximum: 2.524
	- Mean: 1.433
	- Minimum: 0.035
	- Standard deviation: 0.718

Population of 128 members in 2 species:
	 SID    age    size    fitness    adj fit    stag 
	=====  =====  ======  =========  =========  ======
	  1     89      74      0.521      0.389      5   
	  2     89      54      0.551      0.333      24  

Generation time: 85.488 sec  (83.209 average)
Population 'path_1' saved! Current generation: 90
Sample chosen: [667, 92, 314, 755, 852, 748, 256, 834, 287, 941]

********** Running generation 90 **********

Full population's fitness overview:
	-       best fitness: 0.81142
	-       mean fitness: 0.42913
	-      worst fitness: 0.00050
	- standard deviation: 0.23445
Best genome overview:
	- fitness: 0.81142
	- size (hid, conn): (1, 6)
	- genome id: 10803
	- belongs to specie: 1
Genetic distance:
	- Maximum: 2.523
	- Mean: 1.304
	- Minimum: 0.016
	- Standard deviation: 0.757

Population of 128 members in 2 species:
	 SID    age    size    fitness    adj fit    stag 
	=====  =====  ======  =========  =========  ======
	  1     90      74      0.811      0.598      0   
	  2     90      54      0.678      0.434      25  

Generation time: 76.728 sec  (82.643 average)
Population 'path_1' saved! Current generation: 91
Sample chosen: [555, 746, 106, 277, 719, 721, 232, 782, 212, 801]

********** Running generation 91 **********

Full population's fitness overview:
	-       best fitness: 0.57781
	-       mean fitness: 0.27123
	-      worst fitness: 0.00001
	- standard deviation: 0.16772
Best genome overview:
	- fitness: 0.57781
	- size (hid, conn): (2, 8)
	- genome id: 10645
	- belongs to specie: 1
Genetic distance:
	- Maximum: 2.407
	- Mean: 1.180
	- Minimum: 0.005
	- Standard deviation: 0.794

Population of 128 members in 2 species:
	 SID    age    size    fitness    adj fit    stag 
	=====  =====  ======  =========  =========  ======
	  1     91      74      0.578      0.560      1   
	  2     91      54      0.459      0.345      26  

Generation time: 84.781 sec  (82.904 average)
Population 'path_1' saved! Current generation: 92
Sample chosen: [942, 836, 669, 71, 846, 537, 777, 198, 394, 759]

********** Running generation 92 **********

Full population's fitness overview:
	-       best fitness: 0.58144
	-       mean fitness: 0.25515
	-      worst fitness: 0.00009
	- standard deviation: 0.15682
Best genome overview:
	- fitness: 0.58144
	- size (hid, conn): (2, 16)
	- genome id: 11074
	- belongs to specie: 2
Genetic distance:
	- Maximum: 2.399
	- Mean: 1.274
	- Minimum: 0.000
	- Standard deviation: 0.734

Population of 128 members in 2 species:
	 SID    age    size    fitness    adj fit    stag 
	=====  =====  ======  =========  =========  ======
	  1     92      69      0.465      0.438      2   
	  2     92      59      0.581      0.440      27  

Generation time: 87.363 sec  (83.250 average)
Population 'path_1' saved! Current generation: 93
Sample chosen: [161, 426, 658, 115, 935, 667, 786, 531, 800, 32]

********** Running generation 93 **********

Full population's fitness overview:
	-       best fitness: 0.70993
	-       mean fitness: 0.33928
	-      worst fitness: 0.00009
	- standard deviation: 0.22506
Best genome overview:
	- fitness: 0.70993
	- size (hid, conn): (2, 14)
	- genome id: 11144
	- belongs to specie: 2
Genetic distance:
	- Maximum: 2.412
	- Mean: 1.205
	- Minimum: 0.001
	- Standard deviation: 0.747

Population of 128 members in 2 species:
	 SID    age    size    fitness    adj fit    stag 
	=====  =====  ======  =========  =========  ======
	  1     93      73      0.661      0.524      3   
	  2     93      55      0.710      0.424      28  

Generation time: 78.979 sec  (82.865 average)
Population 'path_1' saved! Current generation: 94
Sample chosen: [22, 125, 617, 521, 807, 545, 244, 383, 182, 927]

********** Running generation 94 **********

Full population's fitness overview:
	-       best fitness: 0.70331
	-       mean fitness: 0.24502
	-      worst fitness: 0.00004
	- standard deviation: 0.20417
Best genome overview:
	- fitness: 0.70331
	- size (hid, conn): (0, 5)
	- genome id: 11288
	- belongs to specie: 1
Genetic distance:
	- Maximum: 2.289
	- Mean: 1.108
	- Minimum: 0.000
	- Standard deviation: 0.753

Population of 128 members in 2 species:
	 SID    age    size    fitness    adj fit    stag 
	=====  =====  ======  =========  =========  ======
	  1     94      75      0.703      0.400      4   
	  2     94      53      0.593      0.280      29  

Generation time: 84.336 sec  (83.410 average)
Population 'path_1' saved! Current generation: 95
Sample chosen: [565, 77, 393, 324, 667, 485, 290, 373, 852, 134]

********** Running generation 95 **********

Full population's fitness overview:
	-       best fitness: 0.38990
	-       mean fitness: 0.16871
	-      worst fitness: 0.00016
	- standard deviation: 0.10831
Best genome overview:
	- fitness: 0.38990
	- size (hid, conn): (0, 6)
	- genome id: 11342
	- belongs to specie: 1
Genetic distance:
	- Maximum: 2.394
	- Mean: 1.124
	- Minimum: 0.000
	- Standard deviation: 0.714

Population of 128 members in 2 species:
	 SID    age    size    fitness    adj fit    stag 
	=====  =====  ======  =========  =========  ======
	  1     95      69      0.390      0.463      5   
	  2     95      59      0.368      0.389      30  

Generation time: 80.896 sec  (83.039 average)
Population 'path_1' saved! Current generation: 96
Sample chosen: [973, 613, 602, 560, 365, 313, 226, 744, 325, 756]

********** Running generation 96 **********

Full population's fitness overview:
	-       best fitness: 0.68639
	-       mean fitness: 0.24128
	-      worst fitness: 0.00003
	- standard deviation: 0.17929
Best genome overview:
	- fitness: 0.68639
	- size (hid, conn): (2, 17)
	- genome id: 11566
	- belongs to specie: 2
Genetic distance:
	- Maximum: 2.450
	- Mean: 1.099
	- Minimum: 0.000
	- Standard deviation: 0.722

Population of 128 members in 2 species:
	 SID    age    size    fitness    adj fit    stag 
	=====  =====  ======  =========  =========  ======
	  1     96      66      0.585      0.347      6   
	  2     96      62      0.686      0.356      31  

Generation time: 83.127 sec  (83.471 average)
Population 'path_1' saved! Current generation: 97
Sample chosen: [162, 763, 324, 819, 165, 261, 34, 524, 802, 156]

********** Running generation 97 **********

Full population's fitness overview:
	-       best fitness: 0.52941
	-       mean fitness: 0.15123
	-      worst fitness: 0.00001
	- standard deviation: 0.15081
Best genome overview:
	- fitness: 0.52941
	- size (hid, conn): (0, 5)
	- genome id: 11662
	- belongs to specie: 1
Genetic distance:
	- Maximum: 2.336
	- Mean: 1.175
	- Minimum: 0.000
	- Standard deviation: 0.706

Population of 128 members in 2 species:
	 SID    age    size    fitness    adj fit    stag 
	=====  =====  ======  =========  =========  ======
	  1     97      74      0.529      0.365      7   
	  2     97      54      0.365      0.201      32  

Generation time: 82.138 sec  (83.203 average)
Population 'path_1' saved! Current generation: 98
Sample chosen: [991, 106, 715, 750, 481, 640, 777, 310, 449, 447]

********** Running generation 98 **********

Full population's fitness overview:
	-       best fitness: 0.62195
	-       mean fitness: 0.22209
	-      worst fitness: 0.00014
	- standard deviation: 0.18973
Best genome overview:
	- fitness: 0.62195
	- size (hid, conn): (0, 5)
	- genome id: 11698
	- belongs to specie: 1
Genetic distance:
	- Maximum: 2.301
	- Mean: 1.112
	- Minimum: 0.000
	- Standard deviation: 0.721

Population of 127 members in 2 species:
	 SID    age    size    fitness    adj fit    stag 
	=====  =====  ======  =========  =========  ======
	  1     98      69      0.622      0.384      8   
	  2     98      58      0.614      0.320      33  

Generation time: 83.616 sec  (82.745 average)
Population 'path_1' saved! Current generation: 99
Sample chosen: [392, 646, 472, 908, 977, 22, 490, 756, 866, 166]

********** Running generation 99 **********

Full population's fitness overview:
	-       best fitness: 0.46854
	-       mean fitness: 0.21193
	-      worst fitness: 0.00000
	- standard deviation: 0.11828
Best genome overview:
	- fitness: 0.46854
	- size (hid, conn): (0, 7)
	- genome id: 11864
	- belongs to specie: 1
Genetic distance:
	- Maximum: 2.376
	- Mean: 1.127
	- Minimum: 0.000
	- Standard deviation: 0.715

Population of 128 members in 2 species:
	 SID    age    size    fitness    adj fit    stag 
	=====  =====  ======  =========  =========  ======
	  1     99      65      0.469      0.468      9   
	  2     99      63      0.401      0.434      34  

Generation time: 80.074 sec  (82.204 average)
Population 'path_1' saved! Current generation: 100

===> CREATING BLUEPRINTS <===

Creating blueprints for games: [1, 2, 3, 4, 5]

===> CREATING TRACES <===

Creating traces for games: [1, 2, 3, 4, 5]
