Population 'novelty_repr_5' saved! Current generation: 0

===> RUNNING FOR THE FOLLOWING CONFIGURATION: <===
	> fitness: novelty
	> gru_enabled: True
	> sexual_reproduction: True
	> Saving under folder: NEAT-GRU
	> Train: True (100 iterations)
	> Create blueprints: True
	> Create traces: True


===> TRAINING <===

Sample chosen: [846, 735, 874, 338, 587, 744, 679, 684, 294, 389]

********** Running generation 0 **********

Full population's fitness overview:
	-       best fitness: 0.15581
	-       mean fitness: 0.01640
	-      worst fitness: 0.00000
	- standard deviation: 0.03074
Best genome overview:
	- fitness: 0.15581
	- size (hid, conn): (0, 16)
	- genome id: 124
	- belongs to specie: 2
Genetic distance:
	- Maximum: 3.195
	- Mean: 1.863
	- Minimum: 0.000
	- Standard deviation: 0.552

Population of 129 members in 5 species:
	 specie    age    size    fitness    adj fit    stag 
	========  =====  ======  =========  =========  ======
	   1        0      37      0.141      0.110      0   
	   2        0      47      0.156      0.113      0   
	   3        0      16      0.037      0.028      0   
	   4        0      20      0.071      0.110      0   
	   5        0      9        --         --        0   

Generation time: 192.433 sec
Population 'novelty_repr_5' saved! Current generation: 1
Sample chosen: [615, 929, 534, 885, 4, 568, 841, 17, 838, 558]

********** Running generation 1 **********

Full population's fitness overview:
	-       best fitness: 0.20455
	-       mean fitness: 0.03179
	-      worst fitness: 0.00000
	- standard deviation: 0.03585
Best genome overview:
	- fitness: 0.20455
	- size (hid, conn): (0, 16)
	- genome id: 139
	- belongs to specie: 2
Genetic distance:
	- Maximum: 3.201
	- Mean: 1.984
	- Minimum: 0.000
	- Standard deviation: 0.562

Population of 128 members in 6 species:
	 specie    age    size    fitness    adj fit    stag 
	========  =====  ======  =========  =========  ======
	   1        1      28      0.124      0.149      1   
	   2        1      36      0.205      0.175      0   
	   3        1      25      0.137      0.202      0   
	   4        1      23      0.072      0.140      0   
	   5        1      12      0.015      0.029      0   
	   6        0      4        --         --        0   

Generation time: 195.924 sec  (194.178 average)
Population 'novelty_repr_5' saved! Current generation: 2
Sample chosen: [504, 704, 593, 526, 792, 854, 939, 472, 309, 455]

********** Running generation 2 **********

Full population's fitness overview:
	-       best fitness: 0.29073
	-       mean fitness: 0.04525
	-      worst fitness: 0.00000
	- standard deviation: 0.05732
Best genome overview:
	- fitness: 0.29073
	- size (hid, conn): (0, 16)
	- genome id: 251
	- belongs to specie: 2
Genetic distance:
	- Maximum: 3.009
	- Mean: 1.866
	- Minimum: 0.000
	- Standard deviation: 0.658

Population of 126 members in 6 species:
	 specie    age    size    fitness    adj fit    stag 
	========  =====  ======  =========  =========  ======
	   1        2      24      0.205      0.160      0   
	   2        2      27      0.291      0.181      0   
	   3        2      15      0.166      0.108      0   
	   4        2      22      0.268      0.154      0   
	   5        2      18      0.137      0.132      0   
	   6        1      20      0.157      0.274      0   

Generation time: 197.735 sec  (195.364 average)
Population 'novelty_repr_5' saved! Current generation: 3
Sample chosen: [546, 476, 873, 594, 46, 214, 911, 201, 319, 745]

********** Running generation 3 **********

Full population's fitness overview:
	-       best fitness: 0.29603
	-       mean fitness: 0.05160
	-      worst fitness: 0.00001
	- standard deviation: 0.05499
Best genome overview:
	- fitness: 0.29603
	- size (hid, conn): (0, 15)
	- genome id: 405
	- belongs to specie: 1
Genetic distance:
	- Maximum: 3.126
	- Mean: 1.860
	- Minimum: 0.000
	- Standard deviation: 0.647

Population of 126 members in 6 species:
	 specie    age    size    fitness    adj fit    stag 
	========  =====  ======  =========  =========  ======
	   1        3      27      0.296      0.207      0   
	   2        3      22      0.185      0.236      1   
	   3        3      19      0.246      0.189      0   
	   4        3      20      0.134      0.140      1   
	   5        3      16      0.122      0.089      1   
	   6        2      22      0.199      0.155      0   

Generation time: 199.214 sec  (196.326 average)
Population 'novelty_repr_5' saved! Current generation: 4
Sample chosen: [231, 117, 979, 938, 439, 453, 665, 337, 312, 922]

********** Running generation 4 **********

Full population's fitness overview:
	-       best fitness: 0.30113
	-       mean fitness: 0.05691
	-      worst fitness: 0.00000
	- standard deviation: 0.06256
Best genome overview:
	- fitness: 0.30113
	- size (hid, conn): (0, 14)
	- genome id: 540
	- belongs to specie: 4
Genetic distance:
	- Maximum: 3.062
	- Mean: 1.804
	- Minimum: 0.000
	- Standard deviation: 0.669

Population of 126 members in 6 species:
	 specie    age    size    fitness    adj fit    stag 
	========  =====  ======  =========  =========  ======
	   1        4      34      0.281      0.222      1   
	   2        4      22      0.219      0.264      2   
	   3        4      26      0.161      0.178      1   
	   4        4      17      0.301      0.169      0   
	   5        4      13      0.067      0.081      2   
	   6        3      14      0.149      0.180      1   

Generation time: 195.228 sec  (196.107 average)
Population 'novelty_repr_5' saved! Current generation: 5
Sample chosen: [428, 660, 716, 516, 956, 142, 923, 83, 648, 753]

********** Running generation 5 **********

Full population's fitness overview:
	-       best fitness: 0.34818
	-       mean fitness: 0.08034
	-      worst fitness: 0.00000
	- standard deviation: 0.07225
Best genome overview:
	- fitness: 0.34818
	- size (hid, conn): (0, 15)
	- genome id: 586
	- belongs to specie: 1
Genetic distance:
	- Maximum: 3.010
	- Mean: 1.789
	- Minimum: 0.028
	- Standard deviation: 0.708

Population of 127 members in 6 species:
	 specie    age    size    fitness    adj fit    stag 
	========  =====  ======  =========  =========  ======
	   1        5      29      0.348      0.290      0   
	   2        5      23      0.231      0.215      3   
	   3        5      22      0.224      0.186      2   
	   4        5      22      0.253      0.278      1   
	   5        5      18      0.162      0.186      0   
	   6        4      13      0.255      0.181      0   

Generation time: 194.272 sec  (195.801 average)
Population 'novelty_repr_5' saved! Current generation: 6
Sample chosen: [83, 527, 347, 335, 912, 218, 65, 980, 905, 783]

********** Running generation 6 **********

Full population's fitness overview:
	-       best fitness: 0.39446
	-       mean fitness: 0.09187
	-      worst fitness: 0.00000
	- standard deviation: 0.08506
Best genome overview:
	- fitness: 0.39446
	- size (hid, conn): (0, 15)
	- genome id: 735
	- belongs to specie: 1
Genetic distance:
	- Maximum: 3.183
	- Mean: 1.774
	- Minimum: 0.000
	- Standard deviation: 0.745

Population of 126 members in 6 species:
	 specie    age    size    fitness    adj fit    stag 
	========  =====  ======  =========  =========  ======
	   1        6      27      0.394      0.337      0   
	   2        6      17      0.150      0.124      4   
	   3        6      23      0.231      0.259      3   
	   4        6      24      0.375      0.269      0   
	   5        6      17      0.122      0.118      1   
	   6        5      18      0.185      0.246      1   

Generation time: 195.160 sec  (195.710 average)
Population 'novelty_repr_5' saved! Current generation: 7
Sample chosen: [198, 925, 61, 670, 733, 300, 669, 630, 820, 137]

********** Running generation 7 **********

Full population's fitness overview:
	-       best fitness: 0.31366
	-       mean fitness: 0.10177
	-      worst fitness: 0.00007
	- standard deviation: 0.07396
Best genome overview:
	- fitness: 0.31366
	- size (hid, conn): (0, 14)
	- genome id: 791
	- belongs to specie: 1
Genetic distance:
	- Maximum: 3.176
	- Mean: 1.777
	- Minimum: 0.000
	- Standard deviation: 0.721

Population of 127 members in 6 species:
	 specie    age    size    fitness    adj fit    stag 
	========  =====  ======  =========  =========  ======
	   1        7      30      0.314      0.521      1   
	   2        7      18      0.292      0.276      0   
	   3        7      22      0.184      0.313      4   
	   4        7      22      0.241      0.317      1   
	   5        7      18      0.167      0.183      0   
	   6        6      17      0.150      0.233      2   

Generation time: 193.652 sec  (195.452 average)
Population 'novelty_repr_5' saved! Current generation: 8
Sample chosen: [521, 586, 970, 79, 726, 372, 191, 14, 507, 366]

********** Running generation 8 **********

Full population's fitness overview:
	-       best fitness: 0.43631
	-       mean fitness: 0.11028
	-      worst fitness: 0.00030
	- standard deviation: 0.08309
Best genome overview:
	- fitness: 0.43631
	- size (hid, conn): (0, 15)
	- genome id: 893
	- belongs to specie: 1
Genetic distance:
	- Maximum: 2.843
	- Mean: 1.730
	- Minimum: 0.000
	- Standard deviation: 0.680

Population of 126 members in 6 species:
	 specie    age    size    fitness    adj fit    stag 
	========  =====  ======  =========  =========  ======
	   1        8      29      0.436      0.376      0   
	   2        8      19      0.172      0.228      1   
	   3        8      19      0.208      0.179      5   
	   4        8      24      0.330      0.293      2   
	   5        8      16      0.134      0.161      1   
	   6        7      19      0.277      0.198      0   

Generation time: 194.242 sec  (195.318 average)
Population 'novelty_repr_5' saved! Current generation: 9
Sample chosen: [303, 378, 603, 412, 216, 52, 802, 710, 195, 813]

********** Running generation 9 **********

Full population's fitness overview:
	-       best fitness: 0.37847
	-       mean fitness: 0.08779
	-      worst fitness: 0.00000
	- standard deviation: 0.07111
Best genome overview:
	- fitness: 0.37847
	- size (hid, conn): (0, 16)
	- genome id: 1046
	- belongs to specie: 6
Genetic distance:
	- Maximum: 2.837
	- Mean: 1.743
	- Minimum: 0.000
	- Standard deviation: 0.679

Population of 126 members in 6 species:
	 specie    age    size    fitness    adj fit    stag 
	========  =====  ======  =========  =========  ======
	   1        9      26      0.369      0.239      1   
	   2        9      20      0.192      0.234      2   
	   3        9      22      0.236      0.267      6   
	   4        9      24      0.280      0.255      3   
	   5        9      18      0.143      0.178      2   
	   6        8      16      0.378      0.200      0   

Generation time: 195.337 sec  (195.320 average)
Population 'novelty_repr_5' saved! Current generation: 10
Sample chosen: [704, 442, 332, 612, 866, 756, 140, 47, 155, 16]

********** Running generation 10 **********

Full population's fitness overview:
	-       best fitness: 0.28420
	-       mean fitness: 0.09605
	-      worst fitness: 0.00485
	- standard deviation: 0.06289
Best genome overview:
	- fitness: 0.28420
	- size (hid, conn): (0, 15)
	- genome id: 1122
	- belongs to specie: 1
Genetic distance:
	- Maximum: 2.961
	- Mean: 1.746
	- Minimum: 0.000
	- Standard deviation: 0.686

Population of 125 members in 6 species:
	 specie    age    size    fitness    adj fit    stag 
	========  =====  ======  =========  =========  ======
	   1       10      24      0.284      0.427      2   
	   2       10      21      0.179      0.318      3   
	   3       10      20      0.193      0.276      7   
	   4       10      24      0.249      0.360      4   
	   5       10      19      0.159      0.251      3   
	   6        9      17      0.279      0.277      1   

Generation time: 196.383 sec  (195.715 average)
Population 'novelty_repr_5' saved! Current generation: 11
Sample chosen: [967, 539, 347, 205, 460, 890, 816, 570, 652, 771]

********** Running generation 11 **********

Full population's fitness overview:
	-       best fitness: 0.35268
	-       mean fitness: 0.10668
	-      worst fitness: 0.00003
	- standard deviation: 0.08196
Best genome overview:
	- fitness: 0.35268
	- size (hid, conn): (0, 15)
	- genome id: 1214
	- belongs to specie: 1
Genetic distance:
	- Maximum: 2.919
	- Mean: 1.775
	- Minimum: 0.000
	- Standard deviation: 0.676

Population of 125 members in 6 species:
	 specie    age    size    fitness    adj fit    stag 
	========  =====  ======  =========  =========  ======
	   1       11      22      0.353      0.357      3   
	   2       11      21      0.239      0.284      4   
	   3       11      23      0.212      0.351      8   
	   4       11      24      0.339      0.345      5   
	   5       11      20      0.191      0.250      0   
	   6       10      15      0.228      0.189      2   

Generation time: 192.683 sec  (195.391 average)
Population 'novelty_repr_5' saved! Current generation: 12
Sample chosen: [784, 184, 628, 658, 334, 953, 571, 820, 382, 526]

********** Running generation 12 **********

Full population's fitness overview:
	-       best fitness: 0.41025
	-       mean fitness: 0.11966
	-      worst fitness: 0.00031
	- standard deviation: 0.09442
Best genome overview:
	- fitness: 0.41025
	- size (hid, conn): (0, 15)
	- genome id: 1314
	- belongs to specie: 1
Genetic distance:
	- Maximum: 3.025
	- Mean: 1.735
	- Minimum: 0.000
	- Standard deviation: 0.711

Population of 126 members in 6 species:
	 specie    age    size    fitness    adj fit    stag 
	========  =====  ======  =========  =========  ======
	   1       12      25      0.410      0.447      4   
	   2       12      20      0.243      0.256      5   
	   3       12      21      0.260      0.259      0   
	   4       12      22      0.381      0.261      0   
	   5       12      22      0.237      0.277      0   
	   6       11      16      0.211      0.227      3   

Generation time: 190.896 sec  (194.707 average)
Population 'novelty_repr_5' saved! Current generation: 13
Sample chosen: [472, 272, 699, 447, 183, 488, 781, 585, 987, 653]

********** Running generation 13 **********

Full population's fitness overview:
	-       best fitness: 0.27938
	-       mean fitness: 0.09403
	-      worst fitness: 0.00000
	- standard deviation: 0.07052
Best genome overview:
	- fitness: 0.27938
	- size (hid, conn): (0, 16)
	- genome id: 1416
	- belongs to specie: 1
Genetic distance:
	- Maximum: 2.896
	- Mean: 1.745
	- Minimum: 0.000
	- Standard deviation: 0.719

Population of 127 members in 6 species:
	 specie    age    size    fitness    adj fit    stag 
	========  =====  ======  =========  =========  ======
	   1       13      21      0.279      0.353      5   
	   2       13      21      0.257      0.345      6   
	   3       13      22      0.207      0.347      1   
	   4       13      20      0.213      0.276      1   
	   5       13      23      0.231      0.377      1   
	   6       12      20      0.264      0.315      4   

Generation time: 192.256 sec  (194.011 average)
Population 'novelty_repr_5' saved! Current generation: 14
Sample chosen: [321, 807, 350, 461, 38, 482, 365, 762, 769, 388]

********** Running generation 14 **********

Full population's fitness overview:
	-       best fitness: 0.33583
	-       mean fitness: 0.10475
	-      worst fitness: 0.00067
	- standard deviation: 0.07525
Best genome overview:
	- fitness: 0.33583
	- size (hid, conn): (0, 14)
	- genome id: 1235
	- belongs to specie: 6
Genetic distance:
	- Maximum: 2.888
	- Mean: 1.734
	- Minimum: 0.000
	- Standard deviation: 0.712

Population of 127 members in 6 species:
	 specie    age    size    fitness    adj fit    stag 
	========  =====  ======  =========  =========  ======
	   1       14      28      0.301      0.502      6   
	   2       14      22      0.262      0.337      7   
	   3       14      19      0.174      0.185      2   
	   4       14      16      0.241      0.162      2   
	   5       14      25      0.252      0.378      0   
	   6       13      17      0.336      0.291      5   

Generation time: 192.120 sec  (193.700 average)
Population 'novelty_repr_5' saved! Current generation: 15
Sample chosen: [930, 294, 206, 919, 376, 467, 591, 507, 469, 700]

********** Running generation 15 **********

Full population's fitness overview:
	-       best fitness: 0.26549
	-       mean fitness: 0.10692
	-      worst fitness: 0.00414
	- standard deviation: 0.06621
Best genome overview:
	- fitness: 0.26549
	- size (hid, conn): (0, 16)
	- genome id: 1641
	- belongs to specie: 1
Genetic distance:
	- Maximum: 2.926
	- Mean: 1.717
	- Minimum: 0.000
	- Standard deviation: 0.722

Population of 128 members in 6 species:
	 specie    age    size    fitness    adj fit    stag 
	========  =====  ======  =========  =========  ======
	   1       15      24      0.265      0.457      7   
	   2       15      23      0.239      0.425      8   
	   3       15      23      0.204      0.378      3   
	   4       15      18      0.235      0.369      3   
	   5       15      22      0.244      0.351      1   
	   6       14      18      0.259      0.350      6   

Generation time: 190.210 sec  (193.294 average)
Population 'novelty_repr_5' saved! Current generation: 16
Sample chosen: [900, 210, 129, 530, 895, 406, 738, 231, 562, 715]

********** Running generation 16 **********

Full population's fitness overview:
	-       best fitness: 0.30946
	-       mean fitness: 0.10856
	-      worst fitness: 0.00127
	- standard deviation: 0.07381
Best genome overview:
	- fitness: 0.30946
	- size (hid, conn): (0, 17)
	- genome id: 1750
	- belongs to specie: 1
Genetic distance:
	- Maximum: 2.916
	- Mean: 1.703
	- Minimum: 0.000
	- Standard deviation: 0.710

Population of 128 members in 6 species:
	 specie    age    size    fitness    adj fit    stag 
	========  =====  ======  =========  =========  ======
	   1       16      26      0.309      0.536      8   
	   2       16      24      0.270      0.400      9   
	   3       16      22      0.188      0.249      4   
	   4       16      16      0.208      0.232      4   
	   5       16      21      0.224      0.306      2   
	   6       15      19      0.258      0.325      7   

Generation time: 193.900 sec  (193.168 average)
Population 'novelty_repr_5' saved! Current generation: 17
Sample chosen: [68, 912, 831, 992, 679, 296, 642, 754, 683, 768]

********** Running generation 17 **********

Full population's fitness overview:
	-       best fitness: 0.38549
	-       mean fitness: 0.11200
	-      worst fitness: 0.00101
	- standard deviation: 0.08620
Best genome overview:
	- fitness: 0.38549
	- size (hid, conn): (0, 13)
	- genome id: 1870
	- belongs to specie: 2
Genetic distance:
	- Maximum: 2.897
	- Mean: 1.701
	- Minimum: 0.010
	- Standard deviation: 0.703

Population of 126 members in 6 species:
	 specie    age    size    fitness    adj fit    stag 
	========  =====  ======  =========  =========  ======
	   1       17      22      0.306      0.236      9   
	   2       17      23      0.385      0.382      0   
	   3       17      24      0.342      0.322      0   
	   4       17      17      0.333      0.243      5   
	   5       17      21      0.242      0.275      3   
	   6       16      19      0.221      0.257      8   

Generation time: 192.331 sec  (193.036 average)
Population 'novelty_repr_5' saved! Current generation: 18
Sample chosen: [156, 345, 882, 273, 128, 35, 589, 818, 332, 752]

********** Running generation 18 **********

Full population's fitness overview:
	-       best fitness: 0.32109
	-       mean fitness: 0.09309
	-      worst fitness: 0.00035
	- standard deviation: 0.07759
Best genome overview:
	- fitness: 0.32109
	- size (hid, conn): (0, 16)
	- genome id: 2020
	- belongs to specie: 1
Genetic distance:
	- Maximum: 2.864
	- Mean: 1.708
	- Minimum: 0.000
	- Standard deviation: 0.713

Population of 125 members in 6 species:
	 specie    age    size    fitness    adj fit    stag 
	========  =====  ======  =========  =========  ======
	   1       18      19      0.321      0.306      10  
	   2       18      21      0.229      0.264      1   
	   3       18      25      0.267      0.360      1   
	   4       18      20      0.296      0.300      6   
	   5       18      20      0.251      0.265      4   
	   6       17      20      0.284      0.229      9   

Generation time: 191.561 sec  (192.768 average)
Population 'novelty_repr_5' saved! Current generation: 19
Sample chosen: [253, 590, 176, 52, 254, 805, 241, 415, 460, 404]

********** Running generation 19 **********

Full population's fitness overview:
	-       best fitness: 0.36643
	-       mean fitness: 0.09076
	-      worst fitness: 0.00016
	- standard deviation: 0.07380
Best genome overview:
	- fitness: 0.36643
	- size (hid, conn): (0, 15)
	- genome id: 2098
	- belongs to specie: 6
Genetic distance:
	- Maximum: 2.841
	- Mean: 1.718
	- Minimum: 0.000
	- Standard deviation: 0.702

Population of 127 members in 6 species:
	 specie    age    size    fitness    adj fit    stag 
	========  =====  ======  =========  =========  ======
	   1       19      23      0.317      0.293      11  
	   2       19      22      0.197      0.236      2   
	   3       19      19      0.159      0.159      2   
	   4       19      19      0.254      0.221      7   
	   5       19      24      0.317      0.313      0   
	   6       18      20      0.366      0.288      10  

Generation time: 193.433 sec  (192.577 average)
Population 'novelty_repr_5' saved! Current generation: 20
Sample chosen: [129, 103, 550, 211, 431, 592, 255, 988, 302, 422]

********** Running generation 20 **********

Full population's fitness overview:
	-       best fitness: 0.38071
	-       mean fitness: 0.10426
	-      worst fitness: 0.00036
	- standard deviation: 0.07479
Best genome overview:
	- fitness: 0.38071
	- size (hid, conn): (0, 13)
	- genome id: 2101
	- belongs to specie: 6
Genetic distance:
	- Maximum: 2.824
	- Mean: 1.737
	- Minimum: 0.000
	- Standard deviation: 0.745

Population of 126 members in 6 species:
	 specie    age    size    fitness    adj fit    stag 
	========  =====  ======  =========  =========  ======
	   1       20      26      0.298      0.371      12  
	   2       20      22      0.249      0.282      3   
	   3       20      20      0.229      0.225      3   
	   4       20      21      0.290      0.281      8   
	   5       20      20      0.209      0.209      1   
	   6       19      17      0.381      0.266      0   

Generation time: 191.005 sec  (192.040 average)
Population 'novelty_repr_5' saved! Current generation: 21
Sample chosen: [62, 919, 391, 973, 640, 635, 41, 221, 128, 619]

********** Running generation 21 **********

Full population's fitness overview:
	-       best fitness: 0.32965
	-       mean fitness: 0.11520
	-      worst fitness: 0.00021
	- standard deviation: 0.07808
Best genome overview:
	- fitness: 0.32965
	- size (hid, conn): (0, 15)
	- genome id: 2183
	- belongs to specie: 1
Genetic distance:
	- Maximum: 3.052
	- Mean: 1.718
	- Minimum: 0.000
	- Standard deviation: 0.737

Population of 127 members in 6 species:
	 specie    age    size    fitness    adj fit    stag 
	========  =====  ======  =========  =========  ======
	   1       21      22      0.330      0.400      13  
	   2       21      21      0.271      0.315      4   
	   3       21      20      0.316      0.330      4   
	   4       21      22      0.256      0.365      9   
	   5       21      25      0.242      0.388      2   
	   6       20      17      0.218      0.271      1   

Generation time: 190.632 sec  (191.834 average)
Population 'novelty_repr_5' saved! Current generation: 22
Sample chosen: [774, 896, 434, 138, 858, 831, 931, 645, 911, 468]

********** Running generation 22 **********

Full population's fitness overview:
	-       best fitness: 0.31318
	-       mean fitness: 0.11022
	-      worst fitness: 0.00002
	- standard deviation: 0.06986
Best genome overview:
	- fitness: 0.31318
	- size (hid, conn): (0, 12)
	- genome id: 2444
	- belongs to specie: 4
Genetic distance:
	- Maximum: 3.132
	- Mean: 1.699
	- Minimum: 0.000
	- Standard deviation: 0.740

Population of 128 members in 6 species:
	 specie    age    size    fitness    adj fit    stag 
	========  =====  ======  =========  =========  ======
	   1       22      25      0.278      0.460      14  
	   2       22      18      0.274      0.252      5   
	   3       22      23      0.262      0.412      5   
	   4       22      19      0.313      0.342      10  
	   5       22      24      0.217      0.374      3   
	   6       21      19      0.142      0.243      2   

Generation time: 194.767 sec  (192.221 average)
Population 'novelty_repr_5' saved! Current generation: 23
Sample chosen: [21, 270, 738, 759, 218, 27, 387, 886, 820, 479]

********** Running generation 23 **********

Full population's fitness overview:
	-       best fitness: 0.40174
	-       mean fitness: 0.08858
	-      worst fitness: 0.00022
	- standard deviation: 0.07125
Best genome overview:
	- fitness: 0.40174
	- size (hid, conn): (1, 17)
	- genome id: 2554
	- belongs to specie: 5
Genetic distance:
	- Maximum: 3.057
	- Mean: 1.699
	- Minimum: 0.000
	- Standard deviation: 0.727

Population of 128 members in 6 species:
	 specie    age    size    fitness    adj fit    stag 
	========  =====  ======  =========  =========  ======
	   1       23      25      0.285      0.253      15  
	   2       23      17      0.201      0.159      6   
	   3       23      20      0.211      0.176      6   
	   4       23      20      0.300      0.215      11  
	   5       23      23      0.402      0.279      0   
	   6       22      23      0.227      0.218      3   

Generation time: 191.510 sec  (192.147 average)
Population 'novelty_repr_5' saved! Current generation: 24
Sample chosen: [344, 706, 130, 260, 99, 62, 384, 154, 718, 195]

********** Running generation 24 **********

Full population's fitness overview:
	-       best fitness: 0.39554
	-       mean fitness: 0.11742
	-      worst fitness: 0.00000
	- standard deviation: 0.08023
Best genome overview:
	- fitness: 0.39554
	- size (hid, conn): (0, 15)
	- genome id: 2639
	- belongs to specie: 1
Genetic distance:
	- Maximum: 2.716
	- Mean: 1.695
	- Minimum: 0.000
	- Standard deviation: 0.729

Population of 130 members in 6 species:
	 specie    age    size    fitness    adj fit    stag 
	========  =====  ======  =========  =========  ======
	   1       24      24      0.396      0.387      16  
	   2       24      21      0.216      0.254      7   
	   3       24      21      0.199      0.295      7   
	   4       24      19      0.320      0.235      12  
	   5       24      24      0.251      0.333      1   
	   6       23      21      0.210      0.249      4   

Generation time: 195.496 sec  (192.484 average)
Population 'novelty_repr_5' saved! Current generation: 25
Sample chosen: [417, 480, 333, 357, 293, 758, 335, 106, 535, 967]

********** Running generation 25 **********

Full population's fitness overview:
	-       best fitness: 0.24854
	-       mean fitness: 0.08972
	-      worst fitness: 0.00005
	- standard deviation: 0.05615
Best genome overview:
	- fitness: 0.24854
	- size (hid, conn): (0, 14)
	- genome id: 2623
	- belongs to specie: 1
Genetic distance:
	- Maximum: 2.854
	- Mean: 1.697
	- Minimum: 0.000
	- Standard deviation: 0.729

Population of 127 members in 6 species:
	 specie    age    size    fitness    adj fit    stag 
	========  =====  ======  =========  =========  ======
	   1       25      19      0.249      0.342      17  
	   2       25      22      0.166      0.371      8   
	   3       25      22      0.176      0.332      8   
	   4       25      19      0.233      0.325      13  
	   5       25      27      0.230      0.507      2   
	   6       24      18      0.207      0.265      5   

Generation time: 199.670 sec  (193.430 average)
Population 'novelty_repr_5' saved! Current generation: 26
Sample chosen: [214, 336, 694, 593, 232, 547, 705, 928, 21, 400]

********** Running generation 26 **********

Full population's fitness overview:
	-       best fitness: 0.27675
	-       mean fitness: 0.09129
	-      worst fitness: 0.00001
	- standard deviation: 0.06660
Best genome overview:
	- fitness: 0.27675
	- size (hid, conn): (0, 14)
	- genome id: 2796
	- belongs to specie: 3
Genetic distance:
	- Maximum: 2.835
	- Mean: 1.724
	- Minimum: 0.000
	- Standard deviation: 0.722

Population of 127 members in 6 species:
	 specie    age    size    fitness    adj fit    stag 
	========  =====  ======  =========  =========  ======
	   1       26      23      0.267      0.399      18  
	   2       26      23      0.226      0.300      9   
	   3       26      16      0.277      0.250      9   
	   4       26      18      0.246      0.255      14  
	   5       26      27      0.252      0.419      3   
	   6       25      20      0.249      0.336      6   

Generation time: 192.805 sec  (193.321 average)
Population 'novelty_repr_5' saved! Current generation: 27
Sample chosen: [419, 100, 910, 444, 82, 813, 920, 605, 314, 986]

********** Running generation 27 **********

Full population's fitness overview:
	-       best fitness: 0.34412
	-       mean fitness: 0.09421
	-      worst fitness: 0.00012
	- standard deviation: 0.07777
Best genome overview:
	- fitness: 0.34412
	- size (hid, conn): (0, 15)
	- genome id: 2805
	- belongs to specie: 1
Genetic distance:
	- Maximum: 2.976
	- Mean: 1.716
	- Minimum: 0.003
	- Standard deviation: 0.726

Population of 129 members in 6 species:
	 specie    age    size    fitness    adj fit    stag 
	========  =====  ======  =========  =========  ======
	   1       27      23      0.344      0.357      19  
	   2       27      25      0.214      0.257      10  
	   3       27      22      0.225      0.350      10  
	   4       27      16      0.235      0.180      15  
	   5       27      26      0.315      0.310      4   
	   6       26      17      0.230      0.170      7   

Generation time: 195.228 sec  (193.611 average)
Population 'novelty_repr_5' saved! Current generation: 28
Sample chosen: [995, 341, 781, 308, 252, 606, 389, 71, 883, 51]

********** Running generation 28 **********

Full population's fitness overview:
	-       best fitness: 0.28715
	-       mean fitness: 0.10100
	-      worst fitness: 0.00369
	- standard deviation: 0.06137
Best genome overview:
	- fitness: 0.28715
	- size (hid, conn): (0, 12)
	- genome id: 3066
	- belongs to specie: 4
Genetic distance:
	- Maximum: 2.823
	- Mean: 1.739
	- Minimum: 0.000
	- Standard deviation: 0.703

Population of 126 members in 6 species:
	 specie    age    size    fitness    adj fit    stag 
	========  =====  ======  =========  =========  ======
	   1       28      22      0.264      0.331      20  
	   2       28      22      0.194      0.274      11  
	   3       28      22      0.255      0.370      11  
	   4       28      15      0.287      0.337      16  
	   5       28      25      0.211      0.394      5   
	   6       27      20      0.208      0.355      8   

Generation time: 195.956 sec  (194.050 average)
Population 'novelty_repr_5' saved! Current generation: 29
Sample chosen: [177, 355, 985, 879, 264, 597, 107, 17, 617, 960]

********** Running generation 29 **********

Full population's fitness overview:
	-       best fitness: 0.37474
	-       mean fitness: 0.07951
	-      worst fitness: 0.00003
	- standard deviation: 0.07149
Best genome overview:
	- fitness: 0.37474
	- size (hid, conn): (0, 14)
	- genome id: 2928
	- belongs to specie: 1
Genetic distance:
	- Maximum: 3.048
	- Mean: 1.768
	- Minimum: 0.000
	- Standard deviation: 0.697

Population of 126 members in 6 species:
	 specie    age    size    fitness    adj fit    stag 
	========  =====  ======  =========  =========  ======
	   1       29      21      0.375      0.256      21  
	   2       29      23      0.154      0.196      12  
	   3       29      25      0.264      0.262      12  
	   4       29      18      0.232      0.213      17  
	   5       29      23      0.236      0.206      6   
	   6       28      16      0.230      0.133      9   

Generation time: 190.161 sec  (193.723 average)
Population 'novelty_repr_5' saved! Current generation: 30
Sample chosen: [582, 969, 972, 636, 399, 712, 877, 876, 130, 971]

********** Running generation 30 **********

Full population's fitness overview:
	-       best fitness: 0.38681
	-       mean fitness: 0.11100
	-      worst fitness: 0.00643
	- standard deviation: 0.07627
Best genome overview:
	- fitness: 0.38681
	- size (hid, conn): (0, 12)
	- genome id: 3130
	- belongs to specie: 4
Genetic distance:
	- Maximum: 2.869
	- Mean: 1.706
	- Minimum: 0.000
	- Standard deviation: 0.639

Population of 126 members in 6 species:
	 specie    age    size    fitness    adj fit    stag 
	========  =====  ======  =========  =========  ======
	   1       30      26      0.298      0.396      22  
	   2       30      22      0.167      0.224      13  
	   3       30      23      0.240      0.272      13  
	   4       30      16      0.387      0.264      0   
	   5       30      22      0.325      0.259      7   
	   6       29      17      0.297      0.230      10  

Generation time: 191.534 sec  (193.776 average)
Population 'novelty_repr_5' saved! Current generation: 31
Sample chosen: [282, 518, 186, 798, 842, 993, 117, 496, 733, 550]

********** Running generation 31 **********

Full population's fitness overview:
	-       best fitness: 0.35713
	-       mean fitness: 0.10968
	-      worst fitness: 0.00000
	- standard deviation: 0.07460
Best genome overview:
	- fitness: 0.35713
	- size (hid, conn): (0, 14)
	- genome id: 3376
	- belongs to specie: 1
Genetic distance:
	- Maximum: 2.745
	- Mean: 1.684
	- Minimum: 0.000
	- Standard deviation: 0.668

Population of 127 members in 6 species:
	 specie    age    size    fitness    adj fit    stag 
	========  =====  ======  =========  =========  ======
	   1       31      22      0.357      0.341      23  
	   2       31      25      0.197      0.314      14  
	   3       31      21      0.256      0.275      14  
	   4       31      17      0.255      0.254      1   
	   5       31      22      0.272      0.314      8   
	   6       30      20      0.298      0.330      11  

Generation time: 189.735 sec  (193.686 average)
Population 'novelty_repr_5' saved! Current generation: 32
Sample chosen: [988, 321, 185, 27, 998, 624, 904, 81, 947, 742]

********** Running generation 32 **********

Full population's fitness overview:
	-       best fitness: 0.28868
	-       mean fitness: 0.09693
	-      worst fitness: 0.00000
	- standard deviation: 0.06232
Best genome overview:
	- fitness: 0.28868
	- size (hid, conn): (1, 14)
	- genome id: 3518
	- belongs to specie: 4

Species 2 with 25 members is stagnated (fitness: 0.15920552790307163): removing it
Genetic distance:
	- Maximum: 2.872
	- Mean: 1.679
	- Minimum: 0.000
	- Standard deviation: 0.792

Population of 129 members in 5 species:
	 specie    age    size    fitness    adj fit    stag 
	========  =====  ======  =========  =========  ======
	   1       32      26      0.227      0.329      24  
	   3       32      26      0.221      0.355      15  
	   4       32      24      0.289      0.423      2   
	   5       32      25      0.211      0.314      9   
	   6       31      25      0.158      0.331      12  

Generation time: 186.545 sec  (192.864 average)
Population 'novelty_repr_5' saved! Current generation: 33
Sample chosen: [967, 793, 397, 558, 330, 27, 815, 465, 164, 290]

********** Running generation 33 **********

Full population's fitness overview:
	-       best fitness: 0.28726
	-       mean fitness: 0.09034
	-      worst fitness: 0.00060
	- standard deviation: 0.05825
Best genome overview:
	- fitness: 0.28726
	- size (hid, conn): (1, 16)
	- genome id: 3621
	- belongs to specie: 5
Genetic distance:
	- Maximum: 2.975
	- Mean: 1.716
	- Minimum: 0.000
	- Standard deviation: 0.800

Population of 127 members in 5 species:
	 specie    age    size    fitness    adj fit    stag 
	========  =====  ======  =========  =========  ======
	   1       33      27      0.239      0.332      25  
	   3       33      28      0.277      0.360      16  
	   4       33      23      0.136      0.274      3   
	   5       33      24      0.287      0.356      10  
	   6       32      25      0.180      0.236      13  

Generation time: 195.083 sec  (193.221 average)
Population 'novelty_repr_5' saved! Current generation: 34
Sample chosen: [245, 128, 149, 233, 693, 700, 516, 528, 689, 716]

********** Running generation 34 **********

Full population's fitness overview:
	-       best fitness: 0.43130
	-       mean fitness: 0.11543
	-      worst fitness: 0.00000
	- standard deviation: 0.07741
Best genome overview:
	- fitness: 0.43130
	- size (hid, conn): (0, 15)
	- genome id: 3716
	- belongs to specie: 1
Genetic distance:
	- Maximum: 2.945
	- Mean: 1.721
	- Minimum: 0.000
	- Standard deviation: 0.779

Population of 128 members in 5 species:
	 specie    age    size    fitness    adj fit    stag 
	========  =====  ======  =========  =========  ======
	   1       34      24      0.431      0.277      26  
	   3       34      24      0.224      0.203      17  
	   4       34      28      0.357      0.303      4   
	   5       34      27      0.249      0.309      11  
	   6       33      25      0.202      0.257      14  

Generation time: 196.247 sec  (193.296 average)
Population 'novelty_repr_5' saved! Current generation: 35
Sample chosen: [669, 293, 136, 323, 144, 650, 774, 725, 532, 648]

********** Running generation 35 **********

Full population's fitness overview:
	-       best fitness: 0.37282
	-       mean fitness: 0.10035
	-      worst fitness: 0.00097
	- standard deviation: 0.06662
Best genome overview:
	- fitness: 0.37282
	- size (hid, conn): (1, 13)
	- genome id: 3765
	- belongs to specie: 4
Genetic distance:
	- Maximum: 2.974
	- Mean: 1.683
	- Minimum: 0.000
	- Standard deviation: 0.755

Population of 128 members in 5 species:
	 specie    age    size    fitness    adj fit    stag 
	========  =====  ======  =========  =========  ======
	   1       35      25      0.259      0.264      27  
	   3       35      25      0.158      0.261      18  
	   4       35      24      0.373      0.265      5   
	   5       35      27      0.243      0.283      12  
	   6       34      27      0.254      0.262      15  

Generation time: 219.648 sec  (195.294 average)
Population 'novelty_repr_5' saved! Current generation: 36
Sample chosen: [302, 277, 111, 529, 406, 796, 736, 128, 726, 197]

********** Running generation 36 **********

Full population's fitness overview:
	-       best fitness: 0.40200
	-       mean fitness: 0.11313
	-      worst fitness: 0.00001
	- standard deviation: 0.07935
Best genome overview:
	- fitness: 0.40200
	- size (hid, conn): (0, 14)
	- genome id: 3907
	- belongs to specie: 1
Genetic distance:
	- Maximum: 3.055
	- Mean: 1.710
	- Minimum: 0.000
	- Standard deviation: 0.754

Population of 127 members in 5 species:
	 specie    age    size    fitness    adj fit    stag 
	========  =====  ======  =========  =========  ======
	   1       36      26      0.402      0.371      28  
	   3       36      26      0.275      0.255      19  
	   4       36      23      0.261      0.234      6   
	   5       36      27      0.237      0.296      13  
	   6       35      25      0.233      0.251      16  

Generation time: 253.609 sec  (201.375 average)
Population 'novelty_repr_5' saved! Current generation: 37
Sample chosen: [826, 785, 17, 447, 339, 714, 221, 361, 606, 54]

********** Running generation 37 **********

Full population's fitness overview:
	-       best fitness: 0.34020
	-       mean fitness: 0.10634
	-      worst fitness: 0.00078
	- standard deviation: 0.07063
Best genome overview:
	- fitness: 0.34020
	- size (hid, conn): (1, 13)
	- genome id: 4045
	- belongs to specie: 4
Genetic distance:
	- Maximum: 2.983
	- Mean: 1.645
	- Minimum: 0.000
	- Standard deviation: 0.739

Population of 127 members in 5 species:
	 specie    age    size    fitness    adj fit    stag 
	========  =====  ======  =========  =========  ======
	   1       37      25      0.274      0.291      29  
	   3       37      26      0.272      0.311      20  
	   4       37      21      0.340      0.299      7   
	   5       37      26      0.209      0.306      14  
	   6       36      29      0.292      0.349      17  

Generation time: 249.815 sec  (206.833 average)
Population 'novelty_repr_5' saved! Current generation: 38
Sample chosen: [711, 156, 538, 394, 941, 797, 453, 218, 768, 785]

********** Running generation 38 **********

Full population's fitness overview:
	-       best fitness: 0.28655
	-       mean fitness: 0.11201
	-      worst fitness: 0.00014
	- standard deviation: 0.06756
Best genome overview:
	- fitness: 0.28655
	- size (hid, conn): (1, 13)
	- genome id: 4045
	- belongs to specie: 4
Genetic distance:
	- Maximum: 2.844
	- Mean: 1.638
	- Minimum: 0.000
	- Standard deviation: 0.741

Population of 126 members in 5 species:
	 specie    age    size    fitness    adj fit    stag 
	========  =====  ======  =========  =========  ======
	   1       38      30      0.280      0.537      30  
	   3       38      22      0.227      0.280      21  
	   4       38      20      0.287      0.371      8   
	   5       38      28      0.227      0.411      15  
	   6       37      26      0.229      0.360      18  

Generation time: 243.276 sec  (211.565 average)
Population 'novelty_repr_5' saved! Current generation: 39
Sample chosen: [936, 994, 325, 797, 633, 719, 4, 380, 616, 915]

********** Running generation 39 **********

Full population's fitness overview:
	-       best fitness: 0.32096
	-       mean fitness: 0.12298
	-      worst fitness: 0.00028
	- standard deviation: 0.07745
Best genome overview:
	- fitness: 0.32096
	- size (hid, conn): (1, 13)
	- genome id: 4216
	- belongs to specie: 4

Species 5 with 28 members is stagnated (fitness: 0.23079885684740065): removing it
Genetic distance:
	- Maximum: 2.597
	- Mean: 1.550
	- Minimum: 0.000
	- Standard deviation: 0.779

Population of 127 members in 4 species:
	 specie    age    size    fitness    adj fit    stag 
	========  =====  ======  =========  =========  ======
	   1       39      37      0.284      0.422      31  
	   3       39      36      0.260      0.454      22  
	   4       39      25      0.321      0.349      9   
	   6       38      29      0.255      0.308      19  

Generation time: 243.284 sec  (216.878 average)
Population 'novelty_repr_5' saved! Current generation: 40
Sample chosen: [320, 50, 716, 853, 678, 285, 950, 963, 962, 883]

********** Running generation 40 **********

Full population's fitness overview:
	-       best fitness: 0.31809
	-       mean fitness: 0.10647
	-      worst fitness: 0.00013
	- standard deviation: 0.07379
Best genome overview:
	- fitness: 0.31809
	- size (hid, conn): (0, 13)
	- genome id: 4348
	- belongs to specie: 1
Genetic distance:
	- Maximum: 2.512
	- Mean: 1.560
	- Minimum: 0.000
	- Standard deviation: 0.797

Population of 127 members in 4 species:
	 specie    age    size    fitness    adj fit    stag 
	========  =====  ======  =========  =========  ======
	   1       40      35      0.318      0.414      32  
	   3       40      32      0.261      0.291      23  
	   4       40      29      0.238      0.346      10  
	   6       39      31      0.273      0.277      20  

Generation time: 242.356 sec  (221.960 average)
Population 'novelty_repr_5' saved! Current generation: 41
Sample chosen: [936, 705, 946, 773, 998, 890, 81, 534, 299, 618]

********** Running generation 41 **********

Full population's fitness overview:
	-       best fitness: 0.24028
	-       mean fitness: 0.09844
	-      worst fitness: 0.00296
	- standard deviation: 0.06069
Best genome overview:
	- fitness: 0.24028
	- size (hid, conn): (0, 15)
	- genome id: 4437
	- belongs to specie: 1
Genetic distance:
	- Maximum: 2.652
	- Mean: 1.571
	- Minimum: 0.000
	- Standard deviation: 0.798

Population of 127 members in 4 species:
	 specie    age    size    fitness    adj fit    stag 
	========  =====  ======  =========  =========  ======
	   1       41      34      0.240      0.491      33  
	   3       41      34      0.232      0.450      24  
	   4       41      32      0.221      0.362      11  
	   6       40      27      0.142      0.291      21  

Generation time: 250.267 sec  (228.013 average)
Population 'novelty_repr_5' saved! Current generation: 42
Sample chosen: [661, 323, 938, 593, 960, 963, 864, 692, 750, 839]

********** Running generation 42 **********

Full population's fitness overview:
	-       best fitness: 0.44639
	-       mean fitness: 0.12238
	-      worst fitness: 0.00251
	- standard deviation: 0.08040
Best genome overview:
	- fitness: 0.44639
	- size (hid, conn): (0, 12)
	- genome id: 4551
	- belongs to specie: 1
Genetic distance:
	- Maximum: 2.553
	- Mean: 1.584
	- Minimum: 0.000
	- Standard deviation: 0.796

Population of 128 members in 4 species:
	 specie    age    size    fitness    adj fit    stag 
	========  =====  ======  =========  =========  ======
	   1       42      33      0.446      0.317      0   
	   3       42      34      0.311      0.277      25  
	   4       42      30      0.260      0.242      12  
	   6       41      31      0.261      0.236      22  

Generation time: 245.012 sec  (233.860 average)
Population 'novelty_repr_5' saved! Current generation: 43
Sample chosen: [832, 981, 165, 985, 839, 677, 484, 920, 195, 255]

********** Running generation 43 **********

Full population's fitness overview:
	-       best fitness: 0.29154
	-       mean fitness: 0.10304
	-      worst fitness: 0.00010
	- standard deviation: 0.07180
Best genome overview:
	- fitness: 0.29154
	- size (hid, conn): (0, 12)
	- genome id: 4551
	- belongs to specie: 1
Genetic distance:
	- Maximum: 2.685
	- Mean: 1.611
	- Minimum: 0.000
	- Standard deviation: 0.792

Population of 127 members in 4 species:
	 specie    age    size    fitness    adj fit    stag 
	========  =====  ======  =========  =========  ======
	   1       43      34      0.292      0.448      1   
	   3       43      32      0.217      0.323      26  
	   4       43      33      0.278      0.362      13  
	   6       42      28      0.176      0.277      23  

Generation time: 219.653 sec  (236.317 average)
Population 'novelty_repr_5' saved! Current generation: 44
Sample chosen: [751, 106, 234, 117, 764, 662, 512, 686, 100, 342]

********** Running generation 44 **********

Full population's fitness overview:
	-       best fitness: 0.46674
	-       mean fitness: 0.13230
	-      worst fitness: 0.00154
	- standard deviation: 0.09210
Best genome overview:
	- fitness: 0.46674
	- size (hid, conn): (0, 12)
	- genome id: 4785
	- belongs to specie: 1
Genetic distance:
	- Maximum: 2.592
	- Mean: 1.606
	- Minimum: 0.000
	- Standard deviation: 0.789

Population of 127 members in 4 species:
	 specie    age    size    fitness    adj fit    stag 
	========  =====  ======  =========  =========  ======
	   1       44      32      0.467      0.315      0   
	   3       44      29      0.282      0.234      27  
	   4       44      34      0.272      0.298      14  
	   6       43      32      0.239      0.274      24  

Generation time: 188.143 sec  (235.506 average)
Population 'novelty_repr_5' saved! Current generation: 45
Sample chosen: [176, 530, 649, 480, 58, 300, 416, 576, 802, 796]

********** Running generation 45 **********

Full population's fitness overview:
	-       best fitness: 0.26602
	-       mean fitness: 0.08829
	-      worst fitness: 0.00022
	- standard deviation: 0.05590
Best genome overview:
	- fitness: 0.26602
	- size (hid, conn): (1, 14)
	- genome id: 4946
	- belongs to specie: 4
Genetic distance:
	- Maximum: 2.601
	- Mean: 1.604
	- Minimum: 0.041
	- Standard deviation: 0.770

Population of 128 members in 4 species:
	 specie    age    size    fitness    adj fit    stag 
	========  =====  ======  =========  =========  ======
	   1       45      34      0.237      0.369      1   
	   3       45      30      0.174      0.314      28  
	   4       45      34      0.266      0.415      15  
	   6       44      30      0.141      0.220      25  

Generation time: 192.361 sec  (232.778 average)
Population 'novelty_repr_5' saved! Current generation: 46
Sample chosen: [662, 828, 171, 321, 584, 813, 907, 24, 256, 205]

********** Running generation 46 **********

Full population's fitness overview:
	-       best fitness: 0.38561
	-       mean fitness: 0.10644
	-      worst fitness: 0.00037
	- standard deviation: 0.07306
Best genome overview:
	- fitness: 0.38561
	- size (hid, conn): (0, 12)
	- genome id: 5057
	- belongs to specie: 1

Species 6 with 30 members is stagnated (fitness: 0.2416725203125593): removing it
Genetic distance:
	- Maximum: 2.616
	- Mean: 1.555
	- Minimum: 0.043
	- Standard deviation: 0.881

Population of 128 members in 3 species:
	 specie    age    size    fitness    adj fit    stag 
	========  =====  ======  =========  =========  ======
	   1       46      47      0.386      0.369      2   
	   3       46      34      0.180      0.197      29  
	   4       46      44      0.304      0.293      16  

Generation time: 185.434 sec  (225.960 average)
Population 'novelty_repr_5' saved! Current generation: 47
Sample chosen: [219, 868, 741, 672, 725, 85, 614, 22, 955, 44]

********** Running generation 47 **********

Full population's fitness overview:
	-       best fitness: 0.37035
	-       mean fitness: 0.12251
	-      worst fitness: 0.00421
	- standard deviation: 0.08144
Best genome overview:
	- fitness: 0.37035
	- size (hid, conn): (0, 13)
	- genome id: 5203
	- belongs to specie: 3
Genetic distance:
	- Maximum: 2.574
	- Mean: 1.536
	- Minimum: 0.000
	- Standard deviation: 0.861

Population of 129 members in 3 species:
	 specie    age    size    fitness    adj fit    stag 
	========  =====  ======  =========  =========  ======
	   1       47      44      0.305      0.294      3   
	   3       47      39      0.370      0.311      0   
	   4       47      46      0.321      0.338      17  

Generation time: 191.104 sec  (220.089 average)
Population 'novelty_repr_5' saved! Current generation: 48
Sample chosen: [263, 962, 958, 95, 708, 988, 476, 72, 748, 956]

********** Running generation 48 **********

Full population's fitness overview:
	-       best fitness: 0.33890
	-       mean fitness: 0.10183
	-      worst fitness: 0.00009
	- standard deviation: 0.07468
Best genome overview:
	- fitness: 0.33890
	- size (hid, conn): (0, 11)
	- genome id: 5315
	- belongs to specie: 1
Genetic distance:
	- Maximum: 2.561
	- Mean: 1.520
	- Minimum: 0.000
	- Standard deviation: 0.862

Population of 128 members in 3 species:
	 specie    age    size    fitness    adj fit    stag 
	========  =====  ======  =========  =========  ======
	   1       48      47      0.339      0.352      4   
	   3       48      36      0.238      0.230      1   
	   4       48      45      0.296      0.310      18  

Generation time: 190.475 sec  (214.809 average)
Population 'novelty_repr_5' saved! Current generation: 49
Sample chosen: [516, 645, 653, 664, 247, 882, 937, 352, 118, 363]

********** Running generation 49 **********

Full population's fitness overview:
	-       best fitness: 0.27367
	-       mean fitness: 0.10246
	-      worst fitness: 0.00003
	- standard deviation: 0.05997
Best genome overview:
	- fitness: 0.27367
	- size (hid, conn): (0, 11)
	- genome id: 5441
	- belongs to specie: 3
Genetic distance:
	- Maximum: 2.554
	- Mean: 1.559
	- Minimum: 0.000
	- Standard deviation: 0.808

Population of 128 members in 3 species:
	 specie    age    size    fitness    adj fit    stag 
	========  =====  ======  =========  =========  ======
	   1       49      46      0.216      0.387      5   
	   3       49      40      0.274      0.389      2   
	   4       49      42      0.250      0.349      19  

Generation time: 189.573 sec  (209.438 average)
Population 'novelty_repr_5' saved! Current generation: 50
Sample chosen: [920, 999, 595, 301, 648, 677, 252, 248, 28, 661]

********** Running generation 50 **********

Full population's fitness overview:
	-       best fitness: 0.37870
	-       mean fitness: 0.11874
	-      worst fitness: 0.00327
	- standard deviation: 0.07026
Best genome overview:
	- fitness: 0.37870
	- size (hid, conn): (1, 13)
	- genome id: 5517
	- belongs to specie: 4
Genetic distance:
	- Maximum: 2.609
	- Mean: 1.591
	- Minimum: 0.000
	- Standard deviation: 0.809

Population of 128 members in 3 species:
	 specie    age    size    fitness    adj fit    stag 
	========  =====  ======  =========  =========  ======
	   1       50      46      0.231      0.283      6   
	   3       50      41      0.336      0.309      3   
	   4       50      41      0.379      0.333      20  

Generation time: 186.534 sec  (203.856 average)
Population 'novelty_repr_5' saved! Current generation: 51
Sample chosen: [381, 159, 532, 675, 503, 759, 578, 34, 574, 749]

********** Running generation 51 **********

Full population's fitness overview:
	-       best fitness: 0.30642
	-       mean fitness: 0.11211
	-      worst fitness: 0.00100
	- standard deviation: 0.06255
Best genome overview:
	- fitness: 0.30642
	- size (hid, conn): (0, 13)
	- genome id: 5635
	- belongs to specie: 3
Genetic distance:
	- Maximum: 2.663
	- Mean: 1.607
	- Minimum: 0.041
	- Standard deviation: 0.843

Population of 125 members in 3 species:
	 specie    age    size    fitness    adj fit    stag 
	========  =====  ======  =========  =========  ======
	   1       51      45      0.267      0.362      7   
	   3       51      41      0.306      0.407      4   
	   4       51      39      0.229      0.323      21  

Generation time: 186.914 sec  (197.520 average)
Population 'novelty_repr_5' saved! Current generation: 52
Sample chosen: [931, 9, 50, 129, 206, 12, 109, 499, 444, 234]

********** Running generation 52 **********

Full population's fitness overview:
	-       best fitness: 0.28176
	-       mean fitness: 0.09780
	-      worst fitness: 0.00057
	- standard deviation: 0.06987
Best genome overview:
	- fitness: 0.28176
	- size (hid, conn): (0, 12)
	- genome id: 5697
	- belongs to specie: 3
Genetic distance:
	- Maximum: 2.785
	- Mean: 1.672
	- Minimum: 0.000
	- Standard deviation: 0.827

Population of 129 members in 3 species:
	 specie    age    size    fitness    adj fit    stag 
	========  =====  ======  =========  =========  ======
	   1       52      46      0.261      0.368      8   
	   3       52      35      0.282      0.272      5   
	   4       52      48      0.278      0.397      22  

Generation time: 180.671 sec  (191.086 average)
Population 'novelty_repr_5' saved! Current generation: 53
Sample chosen: [278, 977, 449, 439, 429, 188, 228, 552, 221, 98]

********** Running generation 53 **********

Full population's fitness overview:
	-       best fitness: 0.42061
	-       mean fitness: 0.12166
	-      worst fitness: 0.00120
	- standard deviation: 0.07566
Best genome overview:
	- fitness: 0.42061
	- size (hid, conn): (0, 11)
	- genome id: 5835
	- belongs to specie: 3
Genetic distance:
	- Maximum: 2.833
	- Mean: 1.561
	- Minimum: 0.000
	- Standard deviation: 0.801

Population of 129 members in 3 species:
	 specie    age    size    fitness    adj fit    stag 
	========  =====  ======  =========  =========  ======
	   1       53      52      0.315      0.352      9   
	   3       53      36      0.421      0.286      0   
	   4       53      41      0.294      0.227      23  

Generation time: 182.294 sec  (187.350 average)
Population 'novelty_repr_5' saved! Current generation: 54
Sample chosen: [172, 612, 626, 168, 833, 724, 740, 804, 924, 683]

********** Running generation 54 **********

Full population's fitness overview:
	-       best fitness: 0.33858
	-       mean fitness: 0.09719
	-      worst fitness: 0.00028
	- standard deviation: 0.07513
Best genome overview:
	- fitness: 0.33858
	- size (hid, conn): (0, 7)
	- genome id: 5969
	- belongs to specie: 1
Genetic distance:
	- Maximum: 2.572
	- Mean: 1.559
	- Minimum: 0.000
	- Standard deviation: 0.800

Population of 128 members in 3 species:
	 specie    age    size    fitness    adj fit    stag 
	========  =====  ======  =========  =========  ======
	   1       54      46      0.339      0.306      10  
	   3       54      39      0.322      0.284      1   
	   4       54      43      0.312      0.264      24  

Generation time: 189.502 sec  (187.486 average)
Population 'novelty_repr_5' saved! Current generation: 55
Sample chosen: [828, 22, 121, 703, 593, 142, 783, 684, 292, 366]

********** Running generation 55 **********

Full population's fitness overview:
	-       best fitness: 0.37509
	-       mean fitness: 0.12961
	-      worst fitness: 0.00041
	- standard deviation: 0.07597
Best genome overview:
	- fitness: 0.37509
	- size (hid, conn): (1, 13)
	- genome id: 5867
	- belongs to specie: 4
Genetic distance:
	- Maximum: 3.027
	- Mean: 1.567
	- Minimum: 0.105
	- Standard deviation: 0.751

Population of 129 members in 3 species:
	 specie    age    size    fitness    adj fit    stag 
	========  =====  ======  =========  =========  ======
	   1       55      48      0.310      0.398      11  
	   3       55      42      0.255      0.360      2   
	   4       55      39      0.375      0.275      25  

Generation time: 183.382 sec  (186.588 average)
Population 'novelty_repr_5' saved! Current generation: 56
Sample chosen: [175, 507, 367, 320, 836, 58, 182, 779, 753, 676]

********** Running generation 56 **********

Full population's fitness overview:
	-       best fitness: 0.28023
	-       mean fitness: 0.10006
	-      worst fitness: 0.00427
	- standard deviation: 0.05741
Best genome overview:
	- fitness: 0.28023
	- size (hid, conn): (0, 13)
	- genome id: 6248
	- belongs to specie: 3
Genetic distance:
	- Maximum: 2.623
	- Mean: 1.413
	- Minimum: 0.000
	- Standard deviation: 0.714

Population of 128 members in 3 species:
	 specie    age    size    fitness    adj fit    stag 
	========  =====  ======  =========  =========  ======
	   1       56      43      0.216      0.318      12  
	   3       56      44      0.280      0.373      3   
	   4       56      41      0.193      0.356      26  

Generation time: 185.998 sec  (186.645 average)
Population 'novelty_repr_5' saved! Current generation: 57
Sample chosen: [790, 591, 829, 582, 418, 671, 419, 665, 596, 674]

********** Running generation 57 **********

Full population's fitness overview:
	-       best fitness: 0.32131
	-       mean fitness: 0.10786
	-      worst fitness: 0.00492
	- standard deviation: 0.06468
Best genome overview:
	- fitness: 0.32131
	- size (hid, conn): (0, 8)
	- genome id: 6322
	- belongs to specie: 1
Genetic distance:
	- Maximum: 2.612
	- Mean: 1.449
	- Minimum: 0.000
	- Standard deviation: 0.700

Population of 127 members in 3 species:
	 specie    age    size    fitness    adj fit    stag 
	========  =====  ======  =========  =========  ======
	   1       57      38      0.321      0.301      13  
	   3       57      46      0.257      0.368      4   
	   4       57      43      0.261      0.306      27  

Generation time: 190.250 sec  (186.559 average)
Population 'novelty_repr_5' saved! Current generation: 58
Sample chosen: [489, 136, 975, 912, 965, 348, 919, 648, 280, 157]

********** Running generation 58 **********

Full population's fitness overview:
	-       best fitness: 0.26431
	-       mean fitness: 0.07787
	-      worst fitness: 0.00070
	- standard deviation: 0.06171
Best genome overview:
	- fitness: 0.26431
	- size (hid, conn): (0, 12)
	- genome id: 6489
	- belongs to specie: 3
Genetic distance:
	- Maximum: 2.386
	- Mean: 1.443
	- Minimum: 0.000
	- Standard deviation: 0.703

Population of 127 members in 3 species:
	 specie    age    size    fitness    adj fit    stag 
	========  =====  ======  =========  =========  ======
	   1       58      40      0.188      0.295      14  
	   3       58      42      0.264      0.261      5   
	   4       58      45      0.263      0.325      28  

Generation time: 185.973 sec  (186.109 average)
Population 'novelty_repr_5' saved! Current generation: 59
Sample chosen: [354, 990, 880, 923, 485, 927, 270, 4, 202, 954]

********** Running generation 59 **********

Full population's fitness overview:
	-       best fitness: 0.29662
	-       mean fitness: 0.12232
	-      worst fitness: 0.00002
	- standard deviation: 0.07286
Best genome overview:
	- fitness: 0.29662
	- size (hid, conn): (0, 9)
	- genome id: 6590
	- belongs to specie: 1
Genetic distance:
	- Maximum: 2.567
	- Mean: 1.460
	- Minimum: 0.000
	- Standard deviation: 0.692

Population of 127 members in 3 species:
	 specie    age    size    fitness    adj fit    stag 
	========  =====  ======  =========  =========  ======
	   1       59      40      0.297      0.387      15  
	   3       59      42      0.256      0.413      6   
	   4       59      45      0.268      0.434      29  

Generation time: 184.344 sec  (185.586 average)
Population 'novelty_repr_5' saved! Current generation: 60
Sample chosen: [127, 59, 195, 987, 152, 332, 189, 861, 662, 853]

********** Running generation 60 **********

Full population's fitness overview:
	-       best fitness: 0.33919
	-       mean fitness: 0.11143
	-      worst fitness: 0.00112
	- standard deviation: 0.07819
Best genome overview:
	- fitness: 0.33919
	- size (hid, conn): (0, 7)
	- genome id: 6623
	- belongs to specie: 1
Genetic distance:
	- Maximum: 2.385
	- Mean: 1.466
	- Minimum: 0.000
	- Standard deviation: 0.697

Population of 128 members in 3 species:
	 specie    age    size    fitness    adj fit    stag 
	========  =====  ======  =========  =========  ======
	   1       60      43      0.339      0.394      16  
	   3       60      41      0.296      0.259      7   
	   4       60      44      0.271      0.329      30  

Generation time: 188.998 sec  (185.832 average)
Population 'novelty_repr_5' saved! Current generation: 61
Sample chosen: [712, 961, 757, 811, 389, 440, 5, 675, 423, 186]

********** Running generation 61 **********

Full population's fitness overview:
	-       best fitness: 0.32596
	-       mean fitness: 0.11102
	-      worst fitness: 0.00058
	- standard deviation: 0.06300
Best genome overview:
	- fitness: 0.32596
	- size (hid, conn): (0, 8)
	- genome id: 6775
	- belongs to specie: 1
Genetic distance:
	- Maximum: 2.441
	- Mean: 1.443
	- Minimum: 0.000
	- Standard deviation: 0.706

Population of 128 members in 3 species:
	 specie    age    size    fitness    adj fit    stag 
	========  =====  ======  =========  =========  ======
	   1       61      43      0.326      0.393      17  
	   3       61      40      0.247      0.302      8   
	   4       61      45      0.248      0.321      31  

Generation time: 187.821 sec  (185.923 average)
Population 'novelty_repr_5' saved! Current generation: 62
Sample chosen: [825, 92, 347, 172, 159, 432, 933, 425, 604, 118]

********** Running generation 62 **********

Full population's fitness overview:
	-       best fitness: 0.30413
	-       mean fitness: 0.09973
	-      worst fitness: 0.00695
	- standard deviation: 0.05746
Best genome overview:
	- fitness: 0.30413
	- size (hid, conn): (0, 11)
	- genome id: 6966
	- belongs to specie: 3
Genetic distance:
	- Maximum: 2.390
	- Mean: 1.427
	- Minimum: 0.000
	- Standard deviation: 0.719

Population of 128 members in 3 species:
	 specie    age    size    fitness    adj fit    stag 
	========  =====  ======  =========  =========  ======
	   1       62      44      0.240      0.332      18  
	   3       62      44      0.304      0.354      9   
	   4       62      40      0.221      0.256      32  

Generation time: 185.380 sec  (186.394 average)
Population 'novelty_repr_5' saved! Current generation: 63
Sample chosen: [568, 873, 457, 516, 907, 547, 267, 354, 960, 562]

********** Running generation 63 **********

Full population's fitness overview:
	-       best fitness: 0.42740
	-       mean fitness: 0.11150
	-      worst fitness: 0.00279
	- standard deviation: 0.08285
Best genome overview:
	- fitness: 0.42740
	- size (hid, conn): (0, 11)
	- genome id: 7004
	- belongs to specie: 3
Genetic distance:
	- Maximum: 2.557
	- Mean: 1.452
	- Minimum: 0.000
	- Standard deviation: 0.687

Population of 124 members in 3 species:
	 specie    age    size    fitness    adj fit    stag 
	========  =====  ======  =========  =========  ======
	   1       63      45      0.330      0.279      19  
	   3       63      43      0.427      0.289      0   
	   4       63      36      0.208      0.195      33  

Generation time: 187.258 sec  (186.891 average)
Population 'novelty_repr_5' saved! Current generation: 64
Sample chosen: [479, 790, 31, 381, 998, 110, 637, 733, 395, 853]

********** Running generation 64 **********

Full population's fitness overview:
	-       best fitness: 0.31834
	-       mean fitness: 0.09867
	-      worst fitness: 0.00469
	- standard deviation: 0.06851
Best genome overview:
	- fitness: 0.31834
	- size (hid, conn): (1, 10)
	- genome id: 6812
	- belongs to specie: 4
Genetic distance:
	- Maximum: 2.477
	- Mean: 1.430
	- Minimum: 0.000
	- Standard deviation: 0.636

Population of 129 members in 3 species:
	 specie    age    size    fitness    adj fit    stag 
	========  =====  ======  =========  =========  ======
	   1       64      48      0.288      0.348      20  
	   3       64      40      0.267      0.243      1   
	   4       64      41      0.318      0.307      34  

Generation time: 183.318 sec  (186.272 average)
Population 'novelty_repr_5' saved! Current generation: 65
Sample chosen: [922, 768, 75, 119, 163, 313, 945, 418, 816, 504]

********** Running generation 65 **********

Full population's fitness overview:
	-       best fitness: 0.30515
	-       mean fitness: 0.11616
	-      worst fitness: 0.00149
	- standard deviation: 0.07625
Best genome overview:
	- fitness: 0.30515
	- size (hid, conn): (0, 12)
	- genome id: 7288
	- belongs to specie: 3
Genetic distance:
	- Maximum: 2.569
	- Mean: 1.430
	- Minimum: 0.000
	- Standard deviation: 0.658

Population of 128 members in 3 species:
	 specie    age    size    fitness    adj fit    stag 
	========  =====  ======  =========  =========  ======
	   1       65      47      0.303      0.406      21  
	   3       65      41      0.305      0.378      2   
	   4       65      40      0.290      0.343      35  

Generation time: 188.714 sec  (186.805 average)
Population 'novelty_repr_5' saved! Current generation: 66
Sample chosen: [697, 191, 56, 812, 542, 181, 848, 297, 106, 180]

********** Running generation 66 **********

Full population's fitness overview:
	-       best fitness: 0.31214
	-       mean fitness: 0.10311
	-      worst fitness: 0.00042
	- standard deviation: 0.08079
Best genome overview:
	- fitness: 0.31214
	- size (hid, conn): (0, 8)
	- genome id: 7386
	- belongs to specie: 1
Genetic distance:
	- Maximum: 2.614
	- Mean: 1.408
	- Minimum: 0.000
	- Standard deviation: 0.685

Population of 127 members in 3 species:
	 specie    age    size    fitness    adj fit    stag 
	========  =====  ======  =========  =========  ======
	   1       66      41      0.312      0.311      22  
	   3       66      42      0.295      0.334      3   
	   4       66      44      0.294      0.346      36  

Generation time: 187.083 sec  (186.914 average)
Population 'novelty_repr_5' saved! Current generation: 67
Sample chosen: [447, 554, 76, 313, 302, 641, 277, 153, 984, 810]

********** Running generation 67 **********

Full population's fitness overview:
	-       best fitness: 0.29387
	-       mean fitness: 0.09098
	-      worst fitness: 0.00026
	- standard deviation: 0.06725
Best genome overview:
	- fitness: 0.29387
	- size (hid, conn): (0, 10)
	- genome id: 7473
	- belongs to specie: 3
Genetic distance:
	- Maximum: 2.372
	- Mean: 1.428
	- Minimum: 0.000
	- Standard deviation: 0.631

Population of 127 members in 3 species:
	 specie    age    size    fitness    adj fit    stag 
	========  =====  ======  =========  =========  ======
	   1       67      46      0.267      0.375      23  
	   3       67      37      0.294      0.272      4   
	   4       67      44      0.217      0.282      37  

Generation time: 183.873 sec  (186.276 average)
Population 'novelty_repr_5' saved! Current generation: 68
Sample chosen: [558, 712, 874, 30, 912, 666, 459, 863, 36, 656]

********** Running generation 68 **********

Full population's fitness overview:
	-       best fitness: 0.50341
	-       mean fitness: 0.10142
	-      worst fitness: 0.00000
	- standard deviation: 0.07975
Best genome overview:
	- fitness: 0.50341
	- size (hid, conn): (1, 9)
	- genome id: 7649
	- belongs to specie: 4
Genetic distance:
	- Maximum: 2.283
	- Mean: 1.405
	- Minimum: 0.000
	- Standard deviation: 0.641

Population of 127 members in 3 species:
	 specie    age    size    fitness    adj fit    stag 
	========  =====  ======  =========  =========  ======
	   1       68      44      0.240      0.202      24  
	   3       68      42      0.431      0.225      0   
	   4       68      41      0.503      0.181      0   

Generation time: 180.214 sec  (185.700 average)
Population 'novelty_repr_5' saved! Current generation: 69
Sample chosen: [744, 359, 37, 649, 566, 121, 231, 249, 716, 689]

********** Running generation 69 **********

Full population's fitness overview:
	-       best fitness: 0.35899
	-       mean fitness: 0.10222
	-      worst fitness: 0.00001
	- standard deviation: 0.08211
Best genome overview:
	- fitness: 0.35899
	- size (hid, conn): (0, 11)
	- genome id: 7709
	- belongs to specie: 3
Genetic distance:
	- Maximum: 2.281
	- Mean: 1.403
	- Minimum: 0.000
	- Standard deviation: 0.691

Population of 128 members in 3 species:
	 specie    age    size    fitness    adj fit    stag 
	========  =====  ======  =========  =========  ======
	   1       69      49      0.268      0.315      25  
	   3       69      37      0.359      0.256      1   
	   4       69      42      0.310      0.281      1   

Generation time: 186.944 sec  (185.960 average)
Population 'novelty_repr_5' saved! Current generation: 70
Sample chosen: [783, 44, 514, 317, 441, 507, 116, 248, 104, 195]

********** Running generation 70 **********

Full population's fitness overview:
	-       best fitness: 0.26361
	-       mean fitness: 0.09324
	-      worst fitness: 0.00001
	- standard deviation: 0.06232
Best genome overview:
	- fitness: 0.26361
	- size (hid, conn): (0, 9)
	- genome id: 7884
	- belongs to specie: 1
Genetic distance:
	- Maximum: 2.361
	- Mean: 1.402
	- Minimum: 0.019
	- Standard deviation: 0.698

Population of 128 members in 3 species:
	 specie    age    size    fitness    adj fit    stag 
	========  =====  ======  =========  =========  ======
	   1       70      46      0.264      0.362      26  
	   3       70      40      0.256      0.356      2   
	   4       70      42      0.237      0.341      2   

Generation time: 186.437 sec  (185.704 average)
Population 'novelty_repr_5' saved! Current generation: 71
Sample chosen: [963, 47, 133, 885, 850, 770, 109, 275, 424, 371]

********** Running generation 71 **********

Full population's fitness overview:
	-       best fitness: 0.33270
	-       mean fitness: 0.10916
	-      worst fitness: 0.00021
	- standard deviation: 0.08084
Best genome overview:
	- fitness: 0.33270
	- size (hid, conn): (0, 12)
	- genome id: 7965
	- belongs to specie: 3
Genetic distance:
	- Maximum: 2.557
	- Mean: 1.423
	- Minimum: 0.000
	- Standard deviation: 0.701

Population of 127 members in 3 species:
	 specie    age    size    fitness    adj fit    stag 
	========  =====  ======  =========  =========  ======
	   1       71      45      0.322      0.341      27  
	   3       71      37      0.333      0.314      3   
	   4       71      45      0.316      0.326      3   

Generation time: 190.559 sec  (185.978 average)
Population 'novelty_repr_5' saved! Current generation: 72
Sample chosen: [781, 870, 662, 796, 952, 792, 900, 448, 16, 476]

********** Running generation 72 **********

Full population's fitness overview:
	-       best fitness: 0.28464
	-       mean fitness: 0.10291
	-      worst fitness: 0.00058
	- standard deviation: 0.06728
Best genome overview:
	- fitness: 0.28464
	- size (hid, conn): (0, 8)
	- genome id: 8047
	- belongs to specie: 1
Genetic distance:
	- Maximum: 2.487
	- Mean: 1.384
	- Minimum: 0.047
	- Standard deviation: 0.689

Population of 128 members in 3 species:
	 specie    age    size    fitness    adj fit    stag 
	========  =====  ======  =========  =========  ======
	   1       72      43      0.285      0.389      28  
	   3       72      38      0.271      0.327      4   
	   4       72      47      0.248      0.359      4   

Generation time: 185.129 sec  (185.953 average)
Population 'novelty_repr_5' saved! Current generation: 73
Sample chosen: [307, 385, 908, 618, 878, 258, 785, 62, 952, 816]

********** Running generation 73 **********

Full population's fitness overview:
	-       best fitness: 0.31465
	-       mean fitness: 0.08810
	-      worst fitness: 0.00173
	- standard deviation: 0.07012
Best genome overview:
	- fitness: 0.31465
	- size (hid, conn): (1, 13)
	- genome id: 7846
	- belongs to specie: 4
Genetic distance:
	- Maximum: 2.484
	- Mean: 1.400
	- Minimum: 0.000
	- Standard deviation: 0.689

Population of 129 members in 3 species:
	 specie    age    size    fitness    adj fit    stag 
	========  =====  ======  =========  =========  ======
	   1       73      44      0.225      0.292      29  
	   3       73      43      0.250      0.308      5   
	   4       73      42      0.315      0.236      5   

Generation time: 187.175 sec  (185.944 average)
Population 'novelty_repr_5' saved! Current generation: 74
Sample chosen: [486, 484, 296, 426, 772, 713, 759, 735, 710, 497]

********** Running generation 74 **********

Full population's fitness overview:
	-       best fitness: 0.38351
	-       mean fitness: 0.12368
	-      worst fitness: 0.00036
	- standard deviation: 0.08146
Best genome overview:
	- fitness: 0.38351
	- size (hid, conn): (0, 8)
	- genome id: 8356
	- belongs to specie: 1
Genetic distance:
	- Maximum: 2.329
	- Mean: 1.381
	- Minimum: 0.000
	- Standard deviation: 0.648

Population of 128 members in 3 species:
	 specie    age    size    fitness    adj fit    stag 
	========  =====  ======  =========  =========  ======
	   1       74      50      0.384      0.423      30  
	   3       74      40      0.229      0.279      6   
	   4       74      38      0.313      0.260      6   

Generation time: 193.609 sec  (186.974 average)
Population 'novelty_repr_5' saved! Current generation: 75
Sample chosen: [930, 562, 170, 534, 657, 969, 485, 521, 265, 584]

********** Running generation 75 **********

Full population's fitness overview:
	-       best fitness: 0.28732
	-       mean fitness: 0.11669
	-      worst fitness: 0.00188
	- standard deviation: 0.07053
Best genome overview:
	- fitness: 0.28732
	- size (hid, conn): (1, 12)
	- genome id: 8408
	- belongs to specie: 4
Genetic distance:
	- Maximum: 2.379
	- Mean: 1.407
	- Minimum: 0.000
	- Standard deviation: 0.670

Population of 127 members in 3 species:
	 specie    age    size    fitness    adj fit    stag 
	========  =====  ======  =========  =========  ======
	   1       75      46      0.267      0.403      31  
	   3       75      48      0.241      0.473      7   
	   4       75      33      0.287      0.326      7   

Generation time: 186.863 sec  (186.789 average)
Population 'novelty_repr_5' saved! Current generation: 76
Sample chosen: [84, 945, 102, 157, 268, 750, 7, 550, 401, 78]

********** Running generation 76 **********

Full population's fitness overview:
	-       best fitness: 0.29255
	-       mean fitness: 0.08984
	-      worst fitness: 0.00005
	- standard deviation: 0.06277
Best genome overview:
	- fitness: 0.29255
	- size (hid, conn): (0, 11)
	- genome id: 8450
	- belongs to specie: 3
Genetic distance:
	- Maximum: 2.575
	- Mean: 1.456
	- Minimum: 0.029
	- Standard deviation: 0.683

Population of 127 members in 3 species:
	 specie    age    size    fitness    adj fit    stag 
	========  =====  ======  =========  =========  ======
	   1       76      39      0.241      0.233      32  
	   3       76      53      0.293      0.410      8   
	   4       76      35      0.272      0.260      8   

Generation time: 187.605 sec  (186.841 average)
Population 'novelty_repr_5' saved! Current generation: 77
Sample chosen: [234, 473, 173, 253, 354, 137, 324, 31, 290, 551]

********** Running generation 77 **********

Full population's fitness overview:
	-       best fitness: 0.30705
	-       mean fitness: 0.09734
	-      worst fitness: 0.00037
	- standard deviation: 0.06929
Best genome overview:
	- fitness: 0.30705
	- size (hid, conn): (0, 8)
	- genome id: 8681
	- belongs to specie: 1
Genetic distance:
	- Maximum: 2.779
	- Mean: 1.487
	- Minimum: 0.000
	- Standard deviation: 0.687

Population of 128 members in 3 species:
	 specie    age    size    fitness    adj fit    stag 
	========  =====  ======  =========  =========  ======
	   1       77      40      0.307      0.290      33  
	   3       77      52      0.285      0.365      9   
	   4       77      36      0.260      0.271      9   

Generation time: 185.711 sec  (187.024 average)
Population 'novelty_repr_5' saved! Current generation: 78
Sample chosen: [496, 665, 583, 93, 680, 830, 561, 635, 836, 199]

********** Running generation 78 **********

Full population's fitness overview:
	-       best fitness: 0.27393
	-       mean fitness: 0.10346
	-      worst fitness: 0.00055
	- standard deviation: 0.07023
Best genome overview:
	- fitness: 0.27393
	- size (hid, conn): (0, 11)
	- genome id: 8773
	- belongs to specie: 3
Genetic distance:
	- Maximum: 2.499
	- Mean: 1.457
	- Minimum: 0.000
	- Standard deviation: 0.696

Population of 126 members in 3 species:
	 specie    age    size    fitness    adj fit    stag 
	========  =====  ======  =========  =========  ======
	   1       78      43      0.224      0.402      34  
	   3       78      46      0.274      0.401      10  
	   4       78      37      0.233      0.313      10  

Generation time: 184.123 sec  (187.415 average)
Population 'novelty_repr_5' saved! Current generation: 79
Sample chosen: [408, 367, 145, 903, 123, 695, 696, 833, 200, 722]

********** Running generation 79 **********

Full population's fitness overview:
	-       best fitness: 0.31671
	-       mean fitness: 0.11949
	-      worst fitness: 0.00466
	- standard deviation: 0.07416
Best genome overview:
	- fitness: 0.31671
	- size (hid, conn): (0, 11)
	- genome id: 8832
	- belongs to specie: 3
Genetic distance:
	- Maximum: 2.589
	- Mean: 1.559
	- Minimum: 0.000
	- Standard deviation: 0.690

Population of 128 members in 3 species:
	 specie    age    size    fitness    adj fit    stag 
	========  =====  ======  =========  =========  ======
	   1       79      43      0.267      0.308      35  
	   3       79      47      0.317      0.454      11  
	   4       79      38      0.257      0.330      11  

Generation time: 178.356 sec  (186.557 average)
Population 'novelty_repr_5' saved! Current generation: 80
Sample chosen: [212, 704, 36, 502, 660, 245, 825, 978, 620, 229]

********** Running generation 80 **********

Full population's fitness overview:
	-       best fitness: 0.25128
	-       mean fitness: 0.10287
	-      worst fitness: 0.00030
	- standard deviation: 0.06290
Best genome overview:
	- fitness: 0.25128
	- size (hid, conn): (1, 12)
	- genome id: 9034
	- belongs to specie: 4
Genetic distance:
	- Maximum: 2.488
	- Mean: 1.511
	- Minimum: 0.000
	- Standard deviation: 0.695

Population of 128 members in 3 species:
	 specie    age    size    fitness    adj fit    stag 
	========  =====  ======  =========  =========  ======
	   1       80      41      0.224      0.373      36  
	   3       80      47      0.248      0.449      12  
	   4       80      40      0.251      0.399      12  

Generation time: 187.154 sec  (186.628 average)
Population 'novelty_repr_5' saved! Current generation: 81
Sample chosen: [326, 287, 840, 996, 998, 284, 183, 963, 893, 639]

********** Running generation 81 **********

Full population's fitness overview:
	-       best fitness: 0.32321
	-       mean fitness: 0.10283
	-      worst fitness: 0.00000
	- standard deviation: 0.07143
Best genome overview:
	- fitness: 0.32321
	- size (hid, conn): (0, 13)
	- genome id: 9132
	- belongs to specie: 3
Genetic distance:
	- Maximum: 2.576
	- Mean: 1.517
	- Minimum: 0.000
	- Standard deviation: 0.737

Population of 128 members in 3 species:
	 specie    age    size    fitness    adj fit    stag 
	========  =====  ======  =========  =========  ======
	   1       81      44      0.250      0.304      37  
	   3       81      44      0.323      0.349      13  
	   4       81      40      0.222      0.297      13  

Generation time: 189.250 sec  (186.497 average)
Population 'novelty_repr_5' saved! Current generation: 82
Sample chosen: [485, 231, 268, 96, 339, 844, 296, 125, 689, 322]

********** Running generation 82 **********

Full population's fitness overview:
	-       best fitness: 0.33304
	-       mean fitness: 0.11419
	-      worst fitness: 0.00027
	- standard deviation: 0.07201
Best genome overview:
	- fitness: 0.33304
	- size (hid, conn): (0, 13)
	- genome id: 9132
	- belongs to specie: 3
Genetic distance:
	- Maximum: 2.601
	- Mean: 1.576
	- Minimum: 0.000
	- Standard deviation: 0.736

Population of 125 members in 3 species:
	 specie    age    size    fitness    adj fit    stag 
	========  =====  ======  =========  =========  ======
	   1       82      45      0.266      0.370      38  
	   3       82      42      0.333      0.374      14  
	   4       82      38      0.236      0.278      14  

Generation time: 187.923 sec  (186.777 average)
Population 'novelty_repr_5' saved! Current generation: 83
Sample chosen: [829, 149, 270, 221, 812, 598, 511, 223, 266, 194]

********** Running generation 83 **********

Full population's fitness overview:
	-       best fitness: 0.36056
	-       mean fitness: 0.10618
	-      worst fitness: 0.00116
	- standard deviation: 0.07793
Best genome overview:
	- fitness: 0.36056
	- size (hid, conn): (1, 13)
	- genome id: 8669
	- belongs to specie: 4
Genetic distance:
	- Maximum: 2.835
	- Mean: 1.690
	- Minimum: 0.045
	- Standard deviation: 0.804

Population of 129 members in 3 species:
	 specie    age    size    fitness    adj fit    stag 
	========  =====  ======  =========  =========  ======
	   1       83      42      0.346      0.258      39  
	   3       83      45      0.307      0.318      15  
	   4       83      42      0.361      0.304      15  

Generation time: 185.317 sec  (186.591 average)
Population 'novelty_repr_5' saved! Current generation: 84
Sample chosen: [515, 7, 762, 332, 723, 631, 131, 180, 71, 673]

********** Running generation 84 **********

Full population's fitness overview:
	-       best fitness: 0.47832
	-       mean fitness: 0.09969
	-      worst fitness: 0.00001
	- standard deviation: 0.08072
Best genome overview:
	- fitness: 0.47832
	- size (hid, conn): (0, 12)
	- genome id: 9481
	- belongs to specie: 3
Genetic distance:
	- Maximum: 2.857
	- Mean: 1.629
	- Minimum: 0.000
	- Standard deviation: 0.790

Population of 129 members in 3 species:
	 specie    age    size    fitness    adj fit    stag 
	========  =====  ======  =========  =========  ======
	   1       84      41      0.267      0.192      40  
	   3       84      46      0.478      0.232      0   
	   4       84      42      0.271      0.200      16  

Generation time: 185.296 sec  (185.760 average)
Population 'novelty_repr_5' saved! Current generation: 85
Sample chosen: [77, 433, 916, 936, 870, 106, 378, 618, 189, 310]

********** Running generation 85 **********

Full population's fitness overview:
	-       best fitness: 0.35673
	-       mean fitness: 0.09342
	-      worst fitness: 0.00000
	- standard deviation: 0.06828
Best genome overview:
	- fitness: 0.35673
	- size (hid, conn): (0, 11)
	- genome id: 9545
	- belongs to specie: 3
Genetic distance:
	- Maximum: 2.971
	- Mean: 1.708
	- Minimum: 0.000
	- Standard deviation: 0.873

Population of 128 members in 3 species:
	 specie    age    size    fitness    adj fit    stag 
	========  =====  ======  =========  =========  ======
	   1       85      48      0.204      0.299      41  
	   3       85      39      0.357      0.239      1   
	   4       85      41      0.273      0.251      17  

Generation time: 190.162 sec  (186.090 average)
Population 'novelty_repr_5' saved! Current generation: 86
Sample chosen: [699, 327, 42, 564, 223, 971, 920, 64, 486, 115]

********** Running generation 86 **********

Full population's fitness overview:
	-       best fitness: 0.28546
	-       mean fitness: 0.08043
	-      worst fitness: 0.00003
	- standard deviation: 0.06012
Best genome overview:
	- fitness: 0.28546
	- size (hid, conn): (0, 11)
	- genome id: 9545
	- belongs to specie: 3
Genetic distance:
	- Maximum: 3.101
	- Mean: 1.694
	- Minimum: 0.067
	- Standard deviation: 0.933

Population of 128 members in 3 species:
	 specie    age    size    fitness    adj fit    stag 
	========  =====  ======  =========  =========  ======
	   1       86      50      0.247      0.306      42  
	   3       86      43      0.285      0.347      2   
	   4       86      35      0.189      0.191      18  

Generation time: 187.029 sec  (186.032 average)
Population 'novelty_repr_5' saved! Current generation: 87
Sample chosen: [837, 683, 417, 257, 249, 579, 508, 610, 594, 523]

********** Running generation 87 **********

Full population's fitness overview:
	-       best fitness: 0.31435
	-       mean fitness: 0.10324
	-      worst fitness: 0.00049
	- standard deviation: 0.07415
Best genome overview:
	- fitness: 0.31435
	- size (hid, conn): (0, 11)
	- genome id: 9795
	- belongs to specie: 3
Genetic distance:
	- Maximum: 3.094
	- Mean: 1.693
	- Minimum: 0.000
	- Standard deviation: 0.912

Population of 128 members in 3 species:
	 specie    age    size    fitness    adj fit    stag 
	========  =====  ======  =========  =========  ======
	   1       87      46      0.293      0.322      43  
	   3       87      43      0.314      0.372      3   
	   4       87      39      0.292      0.281      19  

Generation time: 186.097 sec  (186.071 average)
Population 'novelty_repr_5' saved! Current generation: 88
Sample chosen: [444, 994, 655, 949, 579, 811, 402, 651, 613, 166]

********** Running generation 88 **********

Full population's fitness overview:
	-       best fitness: 0.46250
	-       mean fitness: 0.12162
	-      worst fitness: 0.00651
	- standard deviation: 0.07688
Best genome overview:
	- fitness: 0.46250
	- size (hid, conn): (0, 12)
	- genome id: 9881
	- belongs to specie: 3
Genetic distance:
	- Maximum: 3.306
	- Mean: 1.730
	- Minimum: 0.029
	- Standard deviation: 0.935

Population of 128 members in 3 species:
	 specie    age    size    fitness    adj fit    stag 
	========  =====  ======  =========  =========  ======
	   1       88      42      0.217      0.225      44  
	   3       88      44      0.463      0.303      4   
	   4       88      42      0.337      0.230      20  

Generation time: 186.408 sec  (186.299 average)
Population 'novelty_repr_5' saved! Current generation: 89
Sample chosen: [865, 6, 289, 264, 360, 698, 140, 954, 729, 613]

********** Running generation 89 **********

Full population's fitness overview:
	-       best fitness: 0.29592
	-       mean fitness: 0.11564
	-      worst fitness: 0.00385
	- standard deviation: 0.06954
Best genome overview:
	- fitness: 0.29592
	- size (hid, conn): (0, 8)
	- genome id: 10086
	- belongs to specie: 1
Genetic distance:
	- Maximum: 2.965
	- Mean: 1.613
	- Minimum: 0.000
	- Standard deviation: 0.803

Population of 128 members in 3 species:
	 specie    age    size    fitness    adj fit    stag 
	========  =====  ======  =========  =========  ======
	   1       89      46      0.296      0.451      45  
	   3       89      41      0.270      0.345      5   
	   4       89      41      0.246      0.354      21  

Generation time: 183.782 sec  (186.842 average)
Population 'novelty_repr_5' saved! Current generation: 90
Sample chosen: [136, 510, 335, 517, 951, 488, 209, 772, 50, 411]

********** Running generation 90 **********

Full population's fitness overview:
	-       best fitness: 0.35930
	-       mean fitness: 0.12622
	-      worst fitness: 0.00200
	- standard deviation: 0.08409
Best genome overview:
	- fitness: 0.35930
	- size (hid, conn): (0, 8)
	- genome id: 10120
	- belongs to specie: 1
Genetic distance:
	- Maximum: 2.746
	- Mean: 1.591
	- Minimum: 0.000
	- Standard deviation: 0.800

Population of 127 members in 3 species:
	 specie    age    size    fitness    adj fit    stag 
	========  =====  ======  =========  =========  ======
	   1       90      48      0.359      0.452      46  
	   3       90      39      0.276      0.295      6   
	   4       90      40      0.299      0.283      22  

Generation time: 189.948 sec  (187.121 average)
Population 'novelty_repr_5' saved! Current generation: 91
Sample chosen: [51, 507, 22, 749, 809, 927, 760, 87, 609, 544]

********** Running generation 91 **********

Full population's fitness overview:
	-       best fitness: 0.31661
	-       mean fitness: 0.10380
	-      worst fitness: 0.00000
	- standard deviation: 0.07579
Best genome overview:
	- fitness: 0.31661
	- size (hid, conn): (1, 12)
	- genome id: 10277
	- belongs to specie: 4
Genetic distance:
	- Maximum: 2.790
	- Mean: 1.617
	- Minimum: 0.000
	- Standard deviation: 0.782

Population of 128 members in 3 species:
	 specie    age    size    fitness    adj fit    stag 
	========  =====  ======  =========  =========  ======
	   1       91      48      0.293      0.366      47  
	   3       91      44      0.292      0.324      7   
	   4       91      36      0.317      0.286      23  

Generation time: 188.731 sec  (187.069 average)
Population 'novelty_repr_5' saved! Current generation: 92
Sample chosen: [279, 533, 859, 543, 817, 828, 662, 973, 433, 806]

********** Running generation 92 **********

Full population's fitness overview:
	-       best fitness: 0.28877
	-       mean fitness: 0.10097
	-      worst fitness: 0.00201
	- standard deviation: 0.06432
Best genome overview:
	- fitness: 0.28877
	- size (hid, conn): (0, 8)
	- genome id: 10393
	- belongs to specie: 1
Genetic distance:
	- Maximum: 2.714
	- Mean: 1.607
	- Minimum: 0.001
	- Standard deviation: 0.796

Population of 129 members in 3 species:
	 specie    age    size    fitness    adj fit    stag 
	========  =====  ======  =========  =========  ======
	   1       92      43      0.289      0.348      48  
	   3       92      47      0.235      0.352      8   
	   4       92      39      0.189      0.333      24  

Generation time: 188.596 sec  (187.137 average)
Population 'novelty_repr_5' saved! Current generation: 93
Sample chosen: [408, 97, 13, 840, 765, 555, 796, 253, 384, 644]

********** Running generation 93 **********

Full population's fitness overview:
	-       best fitness: 0.35970
	-       mean fitness: 0.11396
	-      worst fitness: 0.00207
	- standard deviation: 0.07323
Best genome overview:
	- fitness: 0.35970
	- size (hid, conn): (2, 14)
	- genome id: 10564
	- belongs to specie: 4
Genetic distance:
	- Maximum: 2.803
	- Mean: 1.626
	- Minimum: 0.000
	- Standard deviation: 0.794

Population of 129 members in 3 species:
	 specie    age    size    fitness    adj fit    stag 
	========  =====  ======  =========  =========  ======
	   1       93      44      0.309      0.322      49  
	   3       93      46      0.266      0.332      9   
	   4       93      39      0.360      0.280      25  

Generation time: 191.627 sec  (187.768 average)
Population 'novelty_repr_5' saved! Current generation: 94
Sample chosen: [986, 880, 515, 95, 9, 205, 569, 547, 134, 339]

********** Running generation 94 **********

Full population's fitness overview:
	-       best fitness: 0.31523
	-       mean fitness: 0.08015
	-      worst fitness: 0.00002
	- standard deviation: 0.06371
Best genome overview:
	- fitness: 0.31523
	- size (hid, conn): (0, 10)
	- genome id: 10509
	- belongs to specie: 3
Genetic distance:
	- Maximum: 2.836
	- Mean: 1.653
	- Minimum: 0.000
	- Standard deviation: 0.790

Population of 128 members in 3 species:
	 specie    age    size    fitness    adj fit    stag 
	========  =====  ======  =========  =========  ======
	   1       94      44      0.234      0.258      50  
	   3       94      47      0.315      0.288      10  
	   4       94      37      0.223      0.211      26  

Generation time: 191.537 sec  (188.392 average)
Population 'novelty_repr_5' saved! Current generation: 95
Sample chosen: [240, 912, 233, 661, 245, 593, 423, 771, 105, 711]

********** Running generation 95 **********

Full population's fitness overview:
	-       best fitness: 0.43370
	-       mean fitness: 0.12829
	-      worst fitness: 0.00119
	- standard deviation: 0.09987
Best genome overview:
	- fitness: 0.43370
	- size (hid, conn): (0, 12)
	- genome id: 10724
	- belongs to specie: 3
Genetic distance:
	- Maximum: 2.831
	- Mean: 1.640
	- Minimum: 0.000
	- Standard deviation: 0.868

Population of 126 members in 3 species:
	 specie    age    size    fitness    adj fit    stag 
	========  =====  ======  =========  =========  ======
	   1       95      44      0.385      0.303      51  
	   3       95      46      0.434      0.351      11  
	   4       95      36      0.359      0.210      27  

Generation time: 190.658 sec  (188.441 average)
Population 'novelty_repr_5' saved! Current generation: 96
Sample chosen: [625, 7, 314, 302, 573, 839, 980, 297, 317, 347]

********** Running generation 96 **********

Full population's fitness overview:
	-       best fitness: 0.29258
	-       mean fitness: 0.11468
	-      worst fitness: 0.00708
	- standard deviation: 0.07508
Best genome overview:
	- fitness: 0.29258
	- size (hid, conn): (0, 12)
	- genome id: 10816
	- belongs to specie: 3
Genetic distance:
	- Maximum: 2.825
	- Mean: 1.641
	- Minimum: 0.000
	- Standard deviation: 0.804

Population of 127 members in 3 species:
	 specie    age    size    fitness    adj fit    stag 
	========  =====  ======  =========  =========  ======
	   1       96      42      0.284      0.355      52  
	   3       96      41      0.293      0.370      12  
	   4       96      44      0.283      0.412      28  

Generation time: 183.410 sec  (188.079 average)
Population 'novelty_repr_5' saved! Current generation: 97
Sample chosen: [19, 790, 561, 985, 214, 593, 153, 684, 431, 123]

********** Running generation 97 **********

Full population's fitness overview:
	-       best fitness: 0.31637
	-       mean fitness: 0.11603
	-      worst fitness: 0.00061
	- standard deviation: 0.07092
Best genome overview:
	- fitness: 0.31637
	- size (hid, conn): (0, 8)
	- genome id: 10855
	- belongs to specie: 1
Genetic distance:
	- Maximum: 2.735
	- Mean: 1.598
	- Minimum: 0.063
	- Standard deviation: 0.776

Population of 128 members in 3 species:
	 specie    age    size    fitness    adj fit    stag 
	========  =====  ======  =========  =========  ======
	   1       97      41      0.316      0.389      53  
	   3       97      41      0.306      0.357      13  
	   4       97      46      0.286      0.351      29  

Generation time: 181.883 sec  (187.658 average)
Population 'novelty_repr_5' saved! Current generation: 98
Sample chosen: [696, 901, 72, 949, 85, 81, 805, 682, 275, 482]

********** Running generation 98 **********

Full population's fitness overview:
	-       best fitness: 0.26413
	-       mean fitness: 0.09643
	-      worst fitness: 0.00325
	- standard deviation: 0.06143
Best genome overview:
	- fitness: 0.26413
	- size (hid, conn): (0, 10)
	- genome id: 11107
	- belongs to specie: 3
Genetic distance:
	- Maximum: 2.705
	- Mean: 1.610
	- Minimum: 0.000
	- Standard deviation: 0.748

Population of 128 members in 3 species:
	 specie    age    size    fitness    adj fit    stag 
	========  =====  ======  =========  =========  ======
	   1       98      39      0.233      0.314      54  
	   3       98      41      0.264      0.390      14  
	   4       98      48      0.201      0.366      30  

Generation time: 188.025 sec  (187.820 average)
Population 'novelty_repr_5' saved! Current generation: 99
Sample chosen: [75, 366, 912, 724, 256, 932, 287, 938, 440, 784]

********** Running generation 99 **********

Full population's fitness overview:
	-       best fitness: 0.30704
	-       mean fitness: 0.09540
	-      worst fitness: 0.00041
	- standard deviation: 0.06203
Best genome overview:
	- fitness: 0.30704
	- size (hid, conn): (1, 13)
	- genome id: 10597
	- belongs to specie: 4
Genetic distance:
	- Maximum: 2.756
	- Mean: 1.565
	- Minimum: 0.046
	- Standard deviation: 0.783

Population of 128 members in 3 species:
	 specie    age    size    fitness    adj fit    stag 
	========  =====  ======  =========  =========  ======
	   1       99      41      0.236      0.319      55  
	   3       99      42      0.238      0.306      15  
	   4       99      45      0.307      0.305      31  

Generation time: 189.825 sec  (188.424 average)
Population 'novelty_repr_5' saved! Current generation: 100

===> CREATING BLUEPRINTS <===

Creating blueprints for games: [1, 2, 3, 4, 5]

===> CREATING TRACES <===

Creating traces for games: [1, 2, 3, 4, 5]

===> EVALUATING <===

