Population 'path_repr_5' saved! Current generation: 0

===> RUNNING FOR THE FOLLOWING CONFIGURATION: <===
	> fitness: path
	> gru_enabled: False
	> sexual_reproduction: True
	> Saving under folder: NEAT
	> Train: True (100 iterations)
	> Create blueprints: True
	> Create traces: True


===> TRAINING <===

Sample chosen: [319, 985, 477, 103, 303, 542, 705, 351, 805, 354]

********** Running generation 0 **********

Full population's fitness overview:
	-       best fitness: 0.04469
	-       mean fitness: 0.00523
	-      worst fitness: 0.00000
	- standard deviation: 0.00920
Best genome overview:
	- fitness: 0.04469
	- size (hid, conn): (0, 16)
	- genome id: 37
	- belongs to specie: 3
Genetic distance:
	- Maximum: 3.116
	- Mean: 1.804
	- Minimum: 0.000
	- Standard deviation: 0.685

Population of 128 members in 4 species:
	 specie    age    size    fitness    adj fit    stag 
	========  =====  ======  =========  =========  ======
	   1        0      35      0.040      0.054      0   
	   2        0      29      0.029      0.064      0   
	   3        0      23      0.045      0.041      0   
	   4        0      41      0.017      0.167      0   

Generation time: 191.895 sec
Population 'path_repr_5' saved! Current generation: 1
Sample chosen: [921, 135, 9, 900, 59, 89, 647, 307, 868, 915]

********** Running generation 1 **********

Full population's fitness overview:
	-       best fitness: 0.04720
	-       mean fitness: 0.02280
	-      worst fitness: 0.00000
	- standard deviation: 0.01316
Best genome overview:
	- fitness: 0.04720
	- size (hid, conn): (0, 16)
	- genome id: 197
	- belongs to specie: 2
Genetic distance:
	- Maximum: 3.122
	- Mean: 1.754
	- Minimum: 0.000
	- Standard deviation: 0.624

Population of 128 members in 4 species:
	 specie    age    size    fitness    adj fit    stag 
	========  =====  ======  =========  =========  ======
	   1        1      36      0.043      0.233      0   
	   2        1      28      0.047      0.241      0   
	   3        1      24      0.047      0.241      0   
	   4        1      40      0.040      0.207      0   

Generation time: 201.396 sec  (196.646 average)
Population 'path_repr_5' saved! Current generation: 2
Sample chosen: [536, 5, 106, 60, 862, 489, 128, 726, 664, 87]

********** Running generation 2 **********

Full population's fitness overview:
	-       best fitness: 0.06745
	-       mean fitness: 0.02239
	-      worst fitness: 0.00000
	- standard deviation: 0.01361
Best genome overview:
	- fitness: 0.06745
	- size (hid, conn): (0, 16)
	- genome id: 274
	- belongs to specie: 3
Genetic distance:
	- Maximum: 2.964
	- Mean: 1.665
	- Minimum: 0.000
	- Standard deviation: 0.602

Population of 127 members in 4 species:
	 specie    age    size    fitness    adj fit    stag 
	========  =====  ======  =========  =========  ======
	   1        2      43      0.054      0.255      0   
	   2        2      15      0.043      0.158      1   
	   3        2      41      0.067      0.291      0   
	   4        2      28      0.066      0.202      0   

Generation time: 203.233 sec  (198.841 average)
Population 'path_repr_5' saved! Current generation: 3
Sample chosen: [20, 503, 199, 769, 446, 239, 676, 291, 883, 542]

********** Running generation 3 **********

Full population's fitness overview:
	-       best fitness: 0.24261
	-       mean fitness: 0.05822
	-      worst fitness: 0.00000
	- standard deviation: 0.05336
Best genome overview:
	- fitness: 0.24261
	- size (hid, conn): (0, 15)
	- genome id: 277
	- belongs to specie: 3
Genetic distance:
	- Maximum: 3.011
	- Mean: 1.794
	- Minimum: 0.000
	- Standard deviation: 0.632

Population of 126 members in 4 species:
	 specie    age    size    fitness    adj fit    stag 
	========  =====  ======  =========  =========  ======
	   1        3      21      0.142      0.192      0   
	   2        3      27      0.134      0.221      0   
	   3        3      38      0.243      0.282      0   
	   4        3      40      0.157      0.263      0   

Generation time: 192.843 sec  (197.342 average)
Population 'path_repr_5' saved! Current generation: 4
Sample chosen: [900, 967, 281, 272, 269, 485, 385, 717, 824, 405]

********** Running generation 4 **********

Full population's fitness overview:
	-       best fitness: 0.12991
	-       mean fitness: 0.02830
	-      worst fitness: 0.00014
	- standard deviation: 0.02494
Best genome overview:
	- fitness: 0.12991
	- size (hid, conn): (0, 16)
	- genome id: 487
	- belongs to specie: 3
Genetic distance:
	- Maximum: 2.588
	- Mean: 1.614
	- Minimum: 0.000
	- Standard deviation: 0.594

Population of 128 members in 4 species:
	 specie    age    size    fitness    adj fit    stag 
	========  =====  ======  =========  =========  ======
	   1        4      29      0.057      0.178      1   
	   2        4      17      0.048      0.172      1   
	   3        4      50      0.130      0.349      1   
	   4        4      32      0.066      0.142      1   

Generation time: 202.216 sec  (198.317 average)
Population 'path_repr_5' saved! Current generation: 5
Sample chosen: [303, 706, 328, 77, 592, 630, 128, 287, 647, 467]

********** Running generation 5 **********

Full population's fitness overview:
	-       best fitness: 0.12137
	-       mean fitness: 0.03869
	-      worst fitness: 0.00000
	- standard deviation: 0.02150
Best genome overview:
	- fitness: 0.12137
	- size (hid, conn): (0, 15)
	- genome id: 511
	- belongs to specie: 4
Genetic distance:
	- Maximum: 2.563
	- Mean: 1.636
	- Minimum: 0.000
	- Standard deviation: 0.688

Population of 128 members in 4 species:
	 specie    age    size    fitness    adj fit    stag 
	========  =====  ======  =========  =========  ======
	   1        5      28      0.091      0.311      2   
	   2        5      25      0.050      0.249      2   
	   3        5      42      0.075      0.305      2   
	   4        5      33      0.121      0.384      2   

Generation time: 199.163 sec  (198.458 average)
Population 'path_repr_5' saved! Current generation: 6
Sample chosen: [103, 454, 334, 988, 907, 388, 194, 710, 39, 432]

********** Running generation 6 **********

Full population's fitness overview:
	-       best fitness: 0.10541
	-       mean fitness: 0.04673
	-      worst fitness: 0.00000
	- standard deviation: 0.02737
Best genome overview:
	- fitness: 0.10541
	- size (hid, conn): (0, 15)
	- genome id: 728
	- belongs to specie: 4
Genetic distance:
	- Maximum: 2.803
	- Mean: 1.656
	- Minimum: 0.000
	- Standard deviation: 0.772

Population of 129 members in 4 species:
	 specie    age    size    fitness    adj fit    stag 
	========  =====  ======  =========  =========  ======
	   1        6      21      0.101      0.277      3   
	   2        6      36      0.090      0.465      3   
	   3        6      37      0.100      0.459      3   
	   4        6      35      0.105      0.548      3   

Generation time: 202.570 sec  (199.045 average)
Population 'path_repr_5' saved! Current generation: 7
Sample chosen: [54, 273, 395, 424, 549, 841, 335, 427, 448, 405]

********** Running generation 7 **********

Full population's fitness overview:
	-       best fitness: 0.08899
	-       mean fitness: 0.02886
	-      worst fitness: 0.00000
	- standard deviation: 0.02127
Best genome overview:
	- fitness: 0.08899
	- size (hid, conn): (0, 15)
	- genome id: 850
	- belongs to specie: 2
Genetic distance:
	- Maximum: 2.664
	- Mean: 1.660
	- Minimum: 0.000
	- Standard deviation: 0.779

Population of 129 members in 4 species:
	 specie    age    size    fitness    adj fit    stag 
	========  =====  ======  =========  =========  ======
	   1        7      19      0.052      0.183      4   
	   2        7      40      0.089      0.316      4   
	   3        7      26      0.054      0.158      4   
	   4        7      44      0.083      0.462      4   

Generation time: 207.243 sec  (200.070 average)
Population 'path_repr_5' saved! Current generation: 8
Sample chosen: [273, 245, 593, 747, 266, 451, 214, 376, 13, 885]

********** Running generation 8 **********

Full population's fitness overview:
	-       best fitness: 0.12372
	-       mean fitness: 0.04279
	-      worst fitness: 0.00000
	- standard deviation: 0.02716
Best genome overview:
	- fitness: 0.12372
	- size (hid, conn): (0, 15)
	- genome id: 828
	- belongs to specie: 4
Genetic distance:
	- Maximum: 2.651
	- Mean: 1.594
	- Minimum: 0.000
	- Standard deviation: 0.739

Population of 128 members in 4 species:
	 specie    age    size    fitness    adj fit    stag 
	========  =====  ======  =========  =========  ======
	   1        8      23      0.078      0.258      5   
	   2        8      40      0.081      0.262      5   
	   3        8      22      0.075      0.283      5   
	   4        8      43      0.124      0.497      5   

Generation time: 203.971 sec  (200.503 average)
Population 'path_repr_5' saved! Current generation: 9
Sample chosen: [766, 800, 714, 947, 963, 458, 639, 352, 190, 461]

********** Running generation 9 **********

Full population's fitness overview:
	-       best fitness: 0.18903
	-       mean fitness: 0.05339
	-      worst fitness: 0.00000
	- standard deviation: 0.03676
Best genome overview:
	- fitness: 0.18903
	- size (hid, conn): (0, 15)
	- genome id: 1122
	- belongs to specie: 1
Genetic distance:
	- Maximum: 2.795
	- Mean: 1.673
	- Minimum: 0.000
	- Standard deviation: 0.722

Population of 128 members in 4 species:
	 specie    age    size    fitness    adj fit    stag 
	========  =====  ======  =========  =========  ======
	   1        9      18      0.189      0.245      0   
	   2        9      44      0.156      0.341      0   
	   3        9      30      0.119      0.276      6   
	   4        9      36      0.111      0.251      6   

Generation time: 202.333 sec  (200.686 average)
Population 'path_repr_5' saved! Current generation: 10
Sample chosen: [570, 31, 667, 626, 182, 211, 285, 879, 774, 9]

********** Running generation 10 **********

Full population's fitness overview:
	-       best fitness: 0.38432
	-       mean fitness: 0.13032
	-      worst fitness: 0.00000
	- standard deviation: 0.09823
Best genome overview:
	- fitness: 0.38432
	- size (hid, conn): (0, 15)
	- genome id: 1236
	- belongs to specie: 4
Genetic distance:
	- Maximum: 2.805
	- Mean: 1.692
	- Minimum: 0.000
	- Standard deviation: 0.735

Population of 129 members in 4 species:
	 specie    age    size    fitness    adj fit    stag 
	========  =====  ======  =========  =========  ======
	   1       10      25      0.324      0.330      0   
	   2       10      36      0.278      0.272      0   
	   3       10      29      0.293      0.299      0   
	   4       10      39      0.384      0.459      0   

Generation time: 191.330 sec  (200.630 average)
Population 'path_repr_5' saved! Current generation: 11
Sample chosen: [957, 683, 545, 124, 95, 136, 548, 221, 566, 77]

********** Running generation 11 **********

Full population's fitness overview:
	-       best fitness: 0.28905
	-       mean fitness: 0.13347
	-      worst fitness: 0.00000
	- standard deviation: 0.07516
Best genome overview:
	- fitness: 0.28905
	- size (hid, conn): (0, 15)
	- genome id: 1302
	- belongs to specie: 4
Genetic distance:
	- Maximum: 2.782
	- Mean: 1.643
	- Minimum: 0.000
	- Standard deviation: 0.733

Population of 126 members in 4 species:
	 specie    age    size    fitness    adj fit    stag 
	========  =====  ======  =========  =========  ======
	   1       11      25      0.243      0.351      1   
	   2       11      32      0.228      0.375      1   
	   3       11      29      0.252      0.418      1   
	   4       11      40      0.289      0.645      1   

Generation time: 189.209 sec  (199.411 average)
Population 'path_repr_5' saved! Current generation: 12
Sample chosen: [78, 187, 600, 907, 606, 38, 185, 53, 266, 316]

********** Running generation 12 **********

Full population's fitness overview:
	-       best fitness: 0.14924
	-       mean fitness: 0.05884
	-      worst fitness: 0.00009
	- standard deviation: 0.02919
Best genome overview:
	- fitness: 0.14924
	- size (hid, conn): (0, 15)
	- genome id: 1302
	- belongs to specie: 4
Genetic distance:
	- Maximum: 2.667
	- Mean: 1.580
	- Minimum: 0.000
	- Standard deviation: 0.742

Population of 125 members in 4 species:
	 specie    age    size    fitness    adj fit    stag 
	========  =====  ======  =========  =========  ======
	   1       12      28      0.089      0.374      2   
	   2       12      30      0.080      0.321      2   
	   3       12      30      0.138      0.386      2   
	   4       12      37      0.149      0.471      2   

Generation time: 194.743 sec  (198.562 average)
Population 'path_repr_5' saved! Current generation: 13
Sample chosen: [864, 559, 814, 455, 636, 612, 772, 654, 482, 812]

********** Running generation 13 **********

Full population's fitness overview:
	-       best fitness: 0.27696
	-       mean fitness: 0.08763
	-      worst fitness: 0.00000
	- standard deviation: 0.06094
Best genome overview:
	- fitness: 0.27696
	- size (hid, conn): (0, 15)
	- genome id: 1396
	- belongs to specie: 4
Genetic distance:
	- Maximum: 2.787
	- Mean: 1.549
	- Minimum: 0.000
	- Standard deviation: 0.752

Population of 126 members in 4 species:
	 specie    age    size    fitness    adj fit    stag 
	========  =====  ======  =========  =========  ======
	   1       13      28      0.166      0.266      3   
	   2       13      31      0.176      0.261      3   
	   3       13      28      0.208      0.256      3   
	   4       13      39      0.277      0.448      3   

Generation time: 192.533 sec  (198.531 average)
Population 'path_repr_5' saved! Current generation: 14
Sample chosen: [366, 836, 505, 236, 473, 539, 960, 815, 480, 889]

********** Running generation 14 **********

Full population's fitness overview:
	-       best fitness: 0.25304
	-       mean fitness: 0.08516
	-      worst fitness: 0.00038
	- standard deviation: 0.05781
Best genome overview:
	- fitness: 0.25304
	- size (hid, conn): (0, 15)
	- genome id: 1686
	- belongs to specie: 2
Genetic distance:
	- Maximum: 2.757
	- Mean: 1.490
	- Minimum: 0.000
	- Standard deviation: 0.765

Population of 126 members in 4 species:
	 specie    age    size    fitness    adj fit    stag 
	========  =====  ======  =========  =========  ======
	   1       14      30      0.149      0.293      4   
	   2       14      30      0.253      0.358      4   
	   3       14      30      0.209      0.333      4   
	   4       14      36      0.183      0.349      4   

Generation time: 199.220 sec  (198.231 average)
Population 'path_repr_5' saved! Current generation: 15
Sample chosen: [160, 44, 967, 832, 821, 728, 120, 267, 434, 985]

********** Running generation 15 **********

Full population's fitness overview:
	-       best fitness: 0.27353
	-       mean fitness: 0.06390
	-      worst fitness: 0.00008
	- standard deviation: 0.03691
Best genome overview:
	- fitness: 0.27353
	- size (hid, conn): (0, 13)
	- genome id: 1740
	- belongs to specie: 2
Genetic distance:
	- Maximum: 2.727
	- Mean: 1.493
	- Minimum: 0.000
	- Standard deviation: 0.781

Population of 127 members in 4 species:
	 specie    age    size    fitness    adj fit    stag 
	========  =====  ======  =========  =========  ======
	   1       15      33      0.078      0.215      5   
	   2       15      28      0.274      0.231      5   
	   3       15      34      0.111      0.286      5   
	   4       15      32      0.104      0.207      5   

Generation time: 196.025 sec  (197.918 average)
Population 'path_repr_5' saved! Current generation: 16
Sample chosen: [817, 382, 367, 1, 978, 20, 834, 120, 48, 753]

********** Running generation 16 **********

Full population's fitness overview:
	-       best fitness: 0.35446
	-       mean fitness: 0.13956
	-      worst fitness: 0.00000
	- standard deviation: 0.06865
Best genome overview:
	- fitness: 0.35446
	- size (hid, conn): (0, 15)
	- genome id: 1856
	- belongs to specie: 2
Genetic distance:
	- Maximum: 2.623
	- Mean: 1.512
	- Minimum: 0.000
	- Standard deviation: 0.778

Population of 128 members in 4 species:
	 specie    age    size    fitness    adj fit    stag 
	========  =====  ======  =========  =========  ======
	   1       16      31      0.197      0.275      6   
	   2       16      29      0.354      0.447      0   
	   3       16      36      0.210      0.469      6   
	   4       16      32      0.229      0.390      6   

Generation time: 188.208 sec  (196.481 average)
Population 'path_repr_5' saved! Current generation: 17
Sample chosen: [936, 149, 646, 214, 583, 369, 128, 733, 279, 208]

********** Running generation 17 **********

Full population's fitness overview:
	-       best fitness: 0.23763
	-       mean fitness: 0.05653
	-      worst fitness: 0.00008
	- standard deviation: 0.03891
Best genome overview:
	- fitness: 0.23763
	- size (hid, conn): (0, 15)
	- genome id: 1951
	- belongs to specie: 2
Genetic distance:
	- Maximum: 2.735
	- Mean: 1.525
	- Minimum: 0.044
	- Standard deviation: 0.775

Population of 129 members in 4 species:
	 specie    age    size    fitness    adj fit    stag 
	========  =====  ======  =========  =========  ======
	   1       17      29      0.085      0.149      7   
	   2       17      35      0.238      0.343      1   
	   3       17      37      0.118      0.277      7   
	   4       17      28      0.092      0.183      7   

Generation time: 199.430 sec  (195.700 average)
Population 'path_repr_5' saved! Current generation: 18
Sample chosen: [155, 239, 541, 292, 684, 631, 451, 692, 649, 233]

********** Running generation 18 **********

Full population's fitness overview:
	-       best fitness: 0.42692
	-       mean fitness: 0.20809
	-      worst fitness: 0.00038
	- standard deviation: 0.06579
Best genome overview:
	- fitness: 0.42692
	- size (hid, conn): (0, 14)
	- genome id: 2064
	- belongs to specie: 2
Genetic distance:
	- Maximum: 2.845
	- Mean: 1.561
	- Minimum: 0.000
	- Standard deviation: 0.785

Population of 126 members in 4 species:
	 specie    age    size    fitness    adj fit    stag 
	========  =====  ======  =========  =========  ======
	   1       18      30      0.237      0.449      8   
	   2       18      31      0.427      0.510      0   
	   3       18      33      0.303      0.448      0   
	   4       18      32      0.324      0.550      8   

Generation time: 180.620 sec  (193.365 average)
Population 'path_repr_5' saved! Current generation: 19
Sample chosen: [518, 466, 892, 716, 726, 210, 931, 719, 54, 426]

********** Running generation 19 **********

Full population's fitness overview:
	-       best fitness: 0.19376
	-       mean fitness: 0.08029
	-      worst fitness: 0.00000
	- standard deviation: 0.03651
Best genome overview:
	- fitness: 0.19376
	- size (hid, conn): (0, 14)
	- genome id: 2218
	- belongs to specie: 4
Genetic distance:
	- Maximum: 2.884
	- Mean: 1.503
	- Minimum: 0.012
	- Standard deviation: 0.757

Population of 127 members in 4 species:
	 specie    age    size    fitness    adj fit    stag 
	========  =====  ======  =========  =========  ======
	   1       19      32      0.130      0.396      9   
	   2       19      30      0.155      0.381      1   
	   3       19      34      0.137      0.428      1   
	   4       19      31      0.194      0.450      9   

Generation time: 193.635 sec  (192.495 average)
Population 'path_repr_5' saved! Current generation: 20
Sample chosen: [605, 706, 820, 413, 989, 745, 186, 134, 849, 444]

********** Running generation 20 **********

Full population's fitness overview:
	-       best fitness: 0.24339
	-       mean fitness: 0.03870
	-      worst fitness: 0.00000
	- standard deviation: 0.03445
Best genome overview:
	- fitness: 0.24339
	- size (hid, conn): (0, 14)
	- genome id: 2305
	- belongs to specie: 4
Genetic distance:
	- Maximum: 2.708
	- Mean: 1.454
	- Minimum: 0.006
	- Standard deviation: 0.759

Population of 127 members in 4 species:
	 specie    age    size    fitness    adj fit    stag 
	========  =====  ======  =========  =========  ======
	   1       20      29      0.043      0.102      10  
	   2       20      33      0.151      0.185      2   
	   3       20      31      0.066      0.140      2   
	   4       20      34      0.243      0.214      10  

Generation time: 194.645 sec  (192.827 average)
Population 'path_repr_5' saved! Current generation: 21
Sample chosen: [633, 404, 184, 248, 866, 355, 684, 386, 653, 246]

********** Running generation 21 **********

Full population's fitness overview:
	-       best fitness: 0.42708
	-       mean fitness: 0.14127
	-      worst fitness: 0.00000
	- standard deviation: 0.07609
Best genome overview:
	- fitness: 0.42708
	- size (hid, conn): (0, 14)
	- genome id: 2413
	- belongs to specie: 4
Genetic distance:
	- Maximum: 2.686
	- Mean: 1.421
	- Minimum: 0.000
	- Standard deviation: 0.737

Population of 126 members in 4 species:
	 specie    age    size    fitness    adj fit    stag 
	========  =====  ======  =========  =========  ======
	   1       21      30      0.150      0.280      11  
	   2       21      30      0.253      0.278      3   
	   3       21      33      0.220      0.358      3   
	   4       21      33      0.427      0.400      0   

Generation time: 184.369 sec  (192.343 average)
Population 'path_repr_5' saved! Current generation: 22
Sample chosen: [899, 438, 892, 696, 47, 493, 23, 811, 352, 971]

********** Running generation 22 **********

Full population's fitness overview:
	-       best fitness: 0.40096
	-       mean fitness: 0.09897
	-      worst fitness: 0.00003
	- standard deviation: 0.06578
Best genome overview:
	- fitness: 0.40096
	- size (hid, conn): (0, 14)
	- genome id: 2509
	- belongs to specie: 4
Genetic distance:
	- Maximum: 2.754
	- Mean: 1.418
	- Minimum: 0.000
	- Standard deviation: 0.724

Population of 127 members in 4 species:
	 specie    age    size    fitness    adj fit    stag 
	========  =====  ======  =========  =========  ======
	   1       22      28      0.123      0.148      12  
	   2       22      33      0.314      0.273      4   
	   3       22      30      0.167      0.212      4   
	   4       22      36      0.401      0.348      1   

Generation time: 192.257 sec  (192.094 average)
Population 'path_repr_5' saved! Current generation: 23
Sample chosen: [734, 140, 895, 221, 621, 246, 294, 773, 351, 188]

********** Running generation 23 **********

Full population's fitness overview:
	-       best fitness: 0.55923
	-       mean fitness: 0.23711
	-      worst fitness: 0.00023
	- standard deviation: 0.13156
Best genome overview:
	- fitness: 0.55923
	- size (hid, conn): (0, 13)
	- genome id: 2625
	- belongs to specie: 4
Genetic distance:
	- Maximum: 2.678
	- Mean: 1.438
	- Minimum: 0.000
	- Standard deviation: 0.743

Population of 128 members in 4 species:
	 specie    age    size    fitness    adj fit    stag 
	========  =====  ======  =========  =========  ======
	   1       23      31      0.357      0.355      0   
	   2       23      31      0.456      0.369      0   
	   3       23      28      0.368      0.330      0   
	   4       23      38      0.559      0.606      0   

Generation time: 174.320 sec  (190.273 average)
Population 'path_repr_5' saved! Current generation: 24
Sample chosen: [400, 908, 122, 51, 670, 984, 409, 837, 378, 453]

********** Running generation 24 **********

Full population's fitness overview:
	-       best fitness: 0.41685
	-       mean fitness: 0.14178
	-      worst fitness: 0.00007
	- standard deviation: 0.09881
Best genome overview:
	- fitness: 0.41685
	- size (hid, conn): (0, 13)
	- genome id: 2754
	- belongs to specie: 4
Genetic distance:
	- Maximum: 2.685
	- Mean: 1.439
	- Minimum: 0.000
	- Standard deviation: 0.739

Population of 127 members in 4 species:
	 specie    age    size    fitness    adj fit    stag 
	========  =====  ======  =========  =========  ======
	   1       24      26      0.156      0.170      1   
	   2       24      34      0.358      0.387      1   
	   3       24      30      0.232      0.332      1   
	   4       24      37      0.417      0.446      1   

Generation time: 186.435 sec  (188.994 average)
Population 'path_repr_5' saved! Current generation: 25
Sample chosen: [925, 262, 337, 659, 764, 531, 654, 957, 792, 710]

********** Running generation 25 **********

Full population's fitness overview:
	-       best fitness: 0.28872
	-       mean fitness: 0.07025
	-      worst fitness: 0.00000
	- standard deviation: 0.06639
Best genome overview:
	- fitness: 0.28872
	- size (hid, conn): (0, 13)
	- genome id: 2754
	- belongs to specie: 4
Genetic distance:
	- Maximum: 2.669
	- Mean: 1.426
	- Minimum: 0.000
	- Standard deviation: 0.725

Population of 128 members in 4 species:
	 specie    age    size    fitness    adj fit    stag 
	========  =====  ======  =========  =========  ======
	   1       25      23      0.073      0.096      2   
	   2       25      36      0.287      0.282      2   
	   3       25      32      0.212      0.248      2   
	   4       25      37      0.289      0.308      2   

Generation time: 193.712 sec  (188.763 average)
Population 'path_repr_5' saved! Current generation: 26
Sample chosen: [705, 623, 811, 228, 109, 686, 906, 940, 699, 907]

********** Running generation 26 **********

Full population's fitness overview:
	-       best fitness: 0.48760
	-       mean fitness: 0.09229
	-      worst fitness: 0.00006
	- standard deviation: 0.09371
Best genome overview:
	- fitness: 0.48760
	- size (hid, conn): (0, 13)
	- genome id: 2849
	- belongs to specie: 4
Genetic distance:
	- Maximum: 2.822
	- Mean: 1.443
	- Minimum: 0.000
	- Standard deviation: 0.746

Population of 127 members in 4 species:
	 specie    age    size    fitness    adj fit    stag 
	========  =====  ======  =========  =========  ======
	   1       26      22      0.078      0.091      3   
	   2       26      35      0.225      0.189      3   
	   3       26      25      0.109      0.104      3   
	   4       26      45      0.488      0.325      3   

Generation time: 189.814 sec  (188.924 average)
Population 'path_repr_5' saved! Current generation: 27
Sample chosen: [570, 709, 272, 258, 910, 305, 325, 901, 779, 455]

********** Running generation 27 **********

Full population's fitness overview:
	-       best fitness: 0.49619
	-       mean fitness: 0.16858
	-      worst fitness: 0.00019
	- standard deviation: 0.11617
Best genome overview:
	- fitness: 0.49619
	- size (hid, conn): (0, 13)
	- genome id: 3107
	- belongs to specie: 4
Genetic distance:
	- Maximum: 2.784
	- Mean: 1.460
	- Minimum: 0.001
	- Standard deviation: 0.724

Population of 127 members in 4 species:
	 specie    age    size    fitness    adj fit    stag 
	========  =====  ======  =========  =========  ======
	   1       27      26      0.216      0.252      4   
	   2       27      36      0.312      0.362      4   
	   3       27      22      0.177      0.180      4   
	   4       27      43      0.496      0.453      4   

Generation time: 183.404 sec  (187.321 average)
Population 'path_repr_5' saved! Current generation: 28
Sample chosen: [749, 905, 999, 310, 167, 320, 571, 847, 463, 228]

********** Running generation 28 **********

Full population's fitness overview:
	-       best fitness: 0.40731
	-       mean fitness: 0.07497
	-      worst fitness: 0.00005
	- standard deviation: 0.06265
Best genome overview:
	- fitness: 0.40731
	- size (hid, conn): (0, 13)
	- genome id: 3219
	- belongs to specie: 4
Genetic distance:
	- Maximum: 2.662
	- Mean: 1.407
	- Minimum: 0.000
	- Standard deviation: 0.675

Population of 127 members in 4 species:
	 specie    age    size    fitness    adj fit    stag 
	========  =====  ======  =========  =========  ======
	   1       28      26      0.119      0.138      5   
	   2       28      27      0.084      0.099      5   
	   3       28      25      0.093      0.112      5   
	   4       28      49      0.407      0.320      5   

Generation time: 189.021 sec  (188.161 average)
Population 'path_repr_5' saved! Current generation: 29
Sample chosen: [257, 744, 579, 556, 158, 126, 732, 594, 830, 385]

********** Running generation 29 **********

Full population's fitness overview:
	-       best fitness: 0.47449
	-       mean fitness: 0.16052
	-      worst fitness: 0.00006
	- standard deviation: 0.12764
Best genome overview:
	- fitness: 0.47449
	- size (hid, conn): (0, 15)
	- genome id: 3388
	- belongs to specie: 2
Genetic distance:
	- Maximum: 2.462
	- Mean: 1.358
	- Minimum: 0.000
	- Standard deviation: 0.701

Population of 127 members in 4 species:
	 specie    age    size    fitness    adj fit    stag 
	========  =====  ======  =========  =========  ======
	   1       29      28      0.251      0.283      6   
	   2       29      33      0.474      0.385      0   
	   3       29      18      0.126      0.110      6   
	   4       29      48      0.459      0.458      6   

Generation time: 185.534 sec  (187.351 average)
Population 'path_repr_5' saved! Current generation: 30
Sample chosen: [753, 925, 76, 750, 712, 487, 36, 395, 977, 570]

********** Running generation 30 **********

Full population's fitness overview:
	-       best fitness: 0.58387
	-       mean fitness: 0.23678
	-      worst fitness: 0.00010
	- standard deviation: 0.11663
Best genome overview:
	- fitness: 0.58387
	- size (hid, conn): (0, 13)
	- genome id: 3442
	- belongs to specie: 4
Genetic distance:
	- Maximum: 2.332
	- Mean: 1.372
	- Minimum: 0.000
	- Standard deviation: 0.694

Population of 127 members in 4 species:
	 specie    age    size    fitness    adj fit    stag 
	========  =====  ======  =========  =========  ======
	   1       30      29      0.380      0.365      0   
	   2       30      33      0.464      0.406      1   
	   3       30      24      0.271      0.297      7   
	   4       30      41      0.584      0.469      0   

Generation time: 172.415 sec  (185.128 average)
Population 'path_repr_5' saved! Current generation: 31
Sample chosen: [828, 944, 711, 645, 234, 15, 757, 668, 410, 825]

********** Running generation 31 **********

Full population's fitness overview:
	-       best fitness: 0.47807
	-       mean fitness: 0.08917
	-      worst fitness: 0.00005
	- standard deviation: 0.10117
Best genome overview:
	- fitness: 0.47807
	- size (hid, conn): (0, 13)
	- genome id: 3467
	- belongs to specie: 4
Genetic distance:
	- Maximum: 2.606
	- Mean: 1.418
	- Minimum: 0.000
	- Standard deviation: 0.711

Population of 128 members in 4 species:
	 specie    age    size    fitness    adj fit    stag 
	========  =====  ======  =========  =========  ======
	   1       31      22      0.067      0.076      1   
	   2       31      29      0.185      0.127      2   
	   3       31      27      0.147      0.125      8   
	   4       31      50      0.478      0.348      1   

Generation time: 186.441 sec  (185.335 average)
Population 'path_repr_5' saved! Current generation: 32
Sample chosen: [879, 230, 321, 765, 158, 360, 548, 738, 247, 320]

********** Running generation 32 **********

Full population's fitness overview:
	-       best fitness: 0.56658
	-       mean fitness: 0.21302
	-      worst fitness: 0.00023
	- standard deviation: 0.11947
Best genome overview:
	- fitness: 0.56658
	- size (hid, conn): (0, 13)
	- genome id: 3637
	- belongs to specie: 4
Genetic distance:
	- Maximum: 2.567
	- Mean: 1.446
	- Minimum: 0.000
	- Standard deviation: 0.687

Population of 127 members in 4 species:
	 specie    age    size    fitness    adj fit    stag 
	========  =====  ======  =========  =========  ======
	   1       32      25      0.274      0.263      2   
	   2       32      29      0.340      0.300      3   
	   3       32      27      0.284      0.291      9   
	   4       32      46      0.567      0.515      2   

Generation time: 180.544 sec  (184.164 average)
Population 'path_repr_5' saved! Current generation: 33
Sample chosen: [584, 308, 81, 473, 328, 145, 416, 402, 383, 784]

********** Running generation 33 **********

Full population's fitness overview:
	-       best fitness: 0.54882
	-       mean fitness: 0.17446
	-      worst fitness: 0.00011
	- standard deviation: 0.14349
Best genome overview:
	- fitness: 0.54882
	- size (hid, conn): (0, 13)
	- genome id: 3652
	- belongs to specie: 4
Genetic distance:
	- Maximum: 2.512
	- Mean: 1.413
	- Minimum: 0.005
	- Standard deviation: 0.706

Population of 128 members in 4 species:
	 specie    age    size    fitness    adj fit    stag 
	========  =====  ======  =========  =========  ======
	   1       33      27      0.266      0.206      3   
	   2       33      26      0.326      0.204      4   
	   3       33      27      0.439      0.241      0   
	   4       33      48      0.549      0.495      3   

Generation time: 181.408 sec  (184.873 average)
Population 'path_repr_5' saved! Current generation: 34
Sample chosen: [977, 37, 720, 924, 560, 280, 3, 806, 61, 306]

********** Running generation 34 **********

Full population's fitness overview:
	-       best fitness: 0.50601
	-       mean fitness: 0.18460
	-      worst fitness: 0.00000
	- standard deviation: 0.09579
Best genome overview:
	- fitness: 0.50601
	- size (hid, conn): (0, 13)
	- genome id: 3652
	- belongs to specie: 4
Genetic distance:
	- Maximum: 2.360
	- Mean: 1.376
	- Minimum: 0.000
	- Standard deviation: 0.726

Population of 129 members in 4 species:
	 specie    age    size    fitness    adj fit    stag 
	========  =====  ======  =========  =========  ======
	   1       34      32      0.259      0.330      4   
	   2       34      26      0.217      0.281      5   
	   3       34      29      0.241      0.327      1   
	   4       34      42      0.506      0.451      4   

Generation time: 177.512 sec  (183.981 average)
Population 'path_repr_5' saved! Current generation: 35
Sample chosen: [276, 822, 920, 744, 8, 419, 877, 321, 928, 788]

********** Running generation 35 **********

Full population's fitness overview:
	-       best fitness: 0.61034
	-       mean fitness: 0.20397
	-      worst fitness: 0.00008
	- standard deviation: 0.13022
Best genome overview:
	- fitness: 0.61034
	- size (hid, conn): (0, 13)
	- genome id: 4007
	- belongs to specie: 4
Genetic distance:
	- Maximum: 2.318
	- Mean: 1.347
	- Minimum: 0.000
	- Standard deviation: 0.723

Population of 128 members in 4 species:
	 specie    age    size    fitness    adj fit    stag 
	========  =====  ======  =========  =========  ======
	   1       35      31      0.319      0.304      5   
	   2       35      30      0.306      0.291      6   
	   3       35      26      0.312      0.235      2   
	   4       35      41      0.610      0.452      0   

Generation time: 180.718 sec  (182.681 average)
Population 'path_repr_5' saved! Current generation: 36
Sample chosen: [440, 493, 964, 837, 235, 572, 803, 285, 205, 817]

********** Running generation 36 **********

Full population's fitness overview:
	-       best fitness: 0.46613
	-       mean fitness: 0.09592
	-      worst fitness: 0.00001
	- standard deviation: 0.09509
Best genome overview:
	- fitness: 0.46613
	- size (hid, conn): (0, 11)
	- genome id: 4095
	- belongs to specie: 4
Genetic distance:
	- Maximum: 2.476
	- Mean: 1.379
	- Minimum: 0.000
	- Standard deviation: 0.729

Population of 128 members in 4 species:
	 specie    age    size    fitness    adj fit    stag 
	========  =====  ======  =========  =========  ======
	   1       36      26      0.128      0.123      6   
	   2       36      30      0.213      0.148      7   
	   3       36      25      0.137      0.138      3   
	   4       36      47      0.466      0.354      1   

Generation time: 186.134 sec  (182.313 average)
Population 'path_repr_5' saved! Current generation: 37
Sample chosen: [746, 151, 67, 508, 421, 961, 400, 233, 969, 80]

********** Running generation 37 **********

Full population's fitness overview:
	-       best fitness: 0.47189
	-       mean fitness: 0.11521
	-      worst fitness: 0.00000
	- standard deviation: 0.10919
Best genome overview:
	- fitness: 0.47189
	- size (hid, conn): (0, 13)
	- genome id: 4091
	- belongs to specie: 4
Genetic distance:
	- Maximum: 2.524
	- Mean: 1.384
	- Minimum: 0.000
	- Standard deviation: 0.709

Population of 128 members in 4 species:
	 specie    age    size    fitness    adj fit    stag 
	========  =====  ======  =========  =========  ======
	   1       37      23      0.066      0.093      7   
	   2       37      29      0.267      0.188      8   
	   3       37      24      0.190      0.154      4   
	   4       37      52      0.472      0.411      2   

Generation time: 187.354 sec  (182.708 average)
Population 'path_repr_5' saved! Current generation: 38
Sample chosen: [578, 415, 927, 972, 524, 141, 527, 287, 386, 897]

********** Running generation 38 **********

Full population's fitness overview:
	-       best fitness: 0.38943
	-       mean fitness: 0.11575
	-      worst fitness: 0.00004
	- standard deviation: 0.11398
Best genome overview:
	- fitness: 0.38943
	- size (hid, conn): (0, 12)
	- genome id: 4338
	- belongs to specie: 4
Genetic distance:
	- Maximum: 2.443
	- Mean: 1.402
	- Minimum: 0.000
	- Standard deviation: 0.710

Population of 127 members in 4 species:
	 specie    age    size    fitness    adj fit    stag 
	========  =====  ======  =========  =========  ======
	   1       38      22      0.096      0.121      8   
	   2       38      25      0.205      0.152      9   
	   3       38      20      0.095      0.121      5   
	   4       38      60      0.389      0.537      3   

Generation time: 187.035 sec  (182.510 average)
Population 'path_repr_5' saved! Current generation: 39
Sample chosen: [49, 557, 223, 206, 439, 355, 616, 397, 271, 201]

********** Running generation 39 **********

Full population's fitness overview:
	-       best fitness: 0.47300
	-       mean fitness: 0.19757
	-      worst fitness: 0.00003
	- standard deviation: 0.11326
Best genome overview:
	- fitness: 0.47300
	- size (hid, conn): (0, 12)
	- genome id: 4440
	- belongs to specie: 4
Genetic distance:
	- Maximum: 2.501
	- Mean: 1.411
	- Minimum: 0.000
	- Standard deviation: 0.694

Population of 127 members in 4 species:
	 specie    age    size    fitness    adj fit    stag 
	========  =====  ======  =========  =========  ======
	   1       39      26      0.355      0.361      9   
	   2       39      27      0.296      0.337      10  
	   3       39      26      0.292      0.337      6   
	   4       39      48      0.473      0.499      4   

Generation time: 173.315 sec  (181.288 average)
Population 'path_repr_5' saved! Current generation: 40
Sample chosen: [871, 494, 483, 301, 837, 229, 732, 271, 838, 224]

********** Running generation 40 **********

Full population's fitness overview:
	-       best fitness: 0.46345
	-       mean fitness: 0.13520
	-      worst fitness: 0.00021
	- standard deviation: 0.10151
Best genome overview:
	- fitness: 0.46345
	- size (hid, conn): (0, 13)
	- genome id: 4542
	- belongs to specie: 4
Genetic distance:
	- Maximum: 2.355
	- Mean: 1.383
	- Minimum: 0.000
	- Standard deviation: 0.724

Population of 127 members in 4 species:
	 specie    age    size    fitness    adj fit    stag 
	========  =====  ======  =========  =========  ======
	   1       40      24      0.129      0.175      10  
	   2       40      26      0.301      0.192      11  
	   3       40      26      0.209      0.165      7   
	   4       40      51      0.463      0.479      5   

Generation time: 185.047 sec  (182.551 average)
Population 'path_repr_5' saved! Current generation: 41
Sample chosen: [858, 603, 355, 547, 382, 620, 480, 717, 19, 28]

********** Running generation 41 **********

Full population's fitness overview:
	-       best fitness: 0.54428
	-       mean fitness: 0.15951
	-      worst fitness: 0.00001
	- standard deviation: 0.15747
Best genome overview:
	- fitness: 0.54428
	- size (hid, conn): (0, 13)
	- genome id: 4695
	- belongs to specie: 4
Genetic distance:
	- Maximum: 2.745
	- Mean: 1.399
	- Minimum: 0.000
	- Standard deviation: 0.702

Population of 127 members in 4 species:
	 specie    age    size    fitness    adj fit    stag 
	========  =====  ======  =========  =========  ======
	   1       41      22      0.231      0.109      11  
	   2       41      23      0.233      0.143      12  
	   3       41      26      0.245      0.201      8   
	   4       41      56      0.544      0.503      6   

Generation time: 181.884 sec  (182.095 average)
Population 'path_repr_5' saved! Current generation: 42
Sample chosen: [318, 80, 397, 162, 635, 364, 962, 16, 528, 291]

********** Running generation 42 **********

Full population's fitness overview:
	-       best fitness: 0.53655
	-       mean fitness: 0.15728
	-      worst fitness: 0.00014
	- standard deviation: 0.13023
Best genome overview:
	- fitness: 0.53655
	- size (hid, conn): (0, 13)
	- genome id: 4811
	- belongs to specie: 4
Genetic distance:
	- Maximum: 2.728
	- Mean: 1.440
	- Minimum: 0.061
	- Standard deviation: 0.704

Population of 128 members in 4 species:
	 specie    age    size    fitness    adj fit    stag 
	========  =====  ======  =========  =========  ======
	   1       42      22      0.131      0.117      12  
	   2       42      24      0.248      0.177      13  
	   3       42      20      0.129      0.097      9   
	   4       42      62      0.537      0.501      7   

Generation time: 176.387 sec  (181.679 average)
Population 'path_repr_5' saved! Current generation: 43
Sample chosen: [36, 133, 943, 255, 294, 415, 562, 323, 159, 453]

********** Running generation 43 **********

Full population's fitness overview:
	-       best fitness: 0.42022
	-       mean fitness: 0.16912
	-      worst fitness: 0.00000
	- standard deviation: 0.08649
Best genome overview:
	- fitness: 0.42022
	- size (hid, conn): (0, 13)
	- genome id: 4926
	- belongs to specie: 4
Genetic distance:
	- Maximum: 2.488
	- Mean: 1.354
	- Minimum: 0.000
	- Standard deviation: 0.693

Population of 127 members in 4 species:
	 specie    age    size    fitness    adj fit    stag 
	========  =====  ======  =========  =========  ======
	   1       43      25      0.240      0.322      13  
	   2       43      29      0.377      0.399      14  
	   3       43      25      0.199      0.286      10  
	   4       43      48      0.420      0.470      8   

Generation time: 182.705 sec  (181.809 average)
Population 'path_repr_5' saved! Current generation: 44
Sample chosen: [402, 906, 973, 351, 751, 226, 742, 396, 513, 371]

********** Running generation 44 **********

Full population's fitness overview:
	-       best fitness: 0.66541
	-       mean fitness: 0.12746
	-      worst fitness: 0.00004
	- standard deviation: 0.13534
Best genome overview:
	- fitness: 0.66541
	- size (hid, conn): (0, 13)
	- genome id: 5035
	- belongs to specie: 4
Genetic distance:
	- Maximum: 2.276
	- Mean: 1.368
	- Minimum: 0.055
	- Standard deviation: 0.675

Population of 127 members in 4 species:
	 specie    age    size    fitness    adj fit    stag 
	========  =====  ======  =========  =========  ======
	   1       44      22      0.121      0.096      14  
	   2       44      24      0.224      0.096      15  
	   3       44      27      0.236      0.118      11  
	   4       44      54      0.665      0.337      0   

Generation time: 185.930 sec  (182.651 average)
Population 'path_repr_5' saved! Current generation: 45
Sample chosen: [14, 501, 498, 271, 266, 894, 324, 375, 144, 465]

********** Running generation 45 **********

Full population's fitness overview:
	-       best fitness: 0.56130
	-       mean fitness: 0.11581
	-      worst fitness: 0.00000
	- standard deviation: 0.11820
Best genome overview:
	- fitness: 0.56130
	- size (hid, conn): (0, 13)
	- genome id: 5112
	- belongs to specie: 4

Species 1 with 22 members is stagnated (fitness: 0.12504332128323667): removing it
Genetic distance:
	- Maximum: 2.431
	- Mean: 1.296
	- Minimum: 0.027
	- Standard deviation: 0.736

Population of 128 members in 3 species:
	 specie    age    size    fitness    adj fit    stag 
	========  =====  ======  =========  =========  ======
	   2       45      25      0.160      0.102      16  
	   3       45      36      0.211      0.176      12  
	   4       45      64      0.561      0.307      1   

Generation time: 185.630 sec  (183.142 average)
Population 'path_repr_5' saved! Current generation: 46
Sample chosen: [809, 657, 465, 385, 344, 970, 395, 605, 329, 332]

********** Running generation 46 **********

Full population's fitness overview:
	-       best fitness: 0.39333
	-       mean fitness: 0.11500
	-      worst fitness: 0.00000
	- standard deviation: 0.10615
Best genome overview:
	- fitness: 0.39333
	- size (hid, conn): (0, 13)
	- genome id: 5221
	- belongs to specie: 4
Genetic distance:
	- Maximum: 2.385
	- Mean: 1.251
	- Minimum: 0.000
	- Standard deviation: 0.740

Population of 128 members in 3 species:
	 specie    age    size    fitness    adj fit    stag 
	========  =====  ======  =========  =========  ======
	   2       46      33      0.267      0.199      17  
	   3       46      28      0.139      0.115      13  
	   4       46      67      0.393      0.432      2   

Generation time: 186.089 sec  (183.138 average)
Population 'path_repr_5' saved! Current generation: 47
Sample chosen: [7, 818, 514, 944, 851, 954, 227, 184, 477, 925]

********** Running generation 47 **********

Full population's fitness overview:
	-       best fitness: 0.44257
	-       mean fitness: 0.19015
	-      worst fitness: 0.00001
	- standard deviation: 0.09028
Best genome overview:
	- fitness: 0.44257
	- size (hid, conn): (0, 13)
	- genome id: 5360
	- belongs to specie: 4
Genetic distance:
	- Maximum: 2.439
	- Mean: 1.287
	- Minimum: 0.000
	- Standard deviation: 0.741

Population of 128 members in 3 species:
	 specie    age    size    fitness    adj fit    stag 
	========  =====  ======  =========  =========  ======
	   2       47      35      0.314      0.355      18  
	   3       47      36      0.326      0.363      14  
	   4       47      57      0.443      0.494      3   

Generation time: 175.827 sec  (181.985 average)
Population 'path_repr_5' saved! Current generation: 48
Sample chosen: [69, 158, 649, 618, 296, 941, 634, 665, 711, 78]

********** Running generation 48 **********

Full population's fitness overview:
	-       best fitness: 0.46506
	-       mean fitness: 0.18401
	-      worst fitness: 0.00000
	- standard deviation: 0.10266
Best genome overview:
	- fitness: 0.46506
	- size (hid, conn): (0, 13)
	- genome id: 5360
	- belongs to specie: 4
Genetic distance:
	- Maximum: 2.353
	- Mean: 1.329
	- Minimum: 0.000
	- Standard deviation: 0.756

Population of 129 members in 3 species:
	 specie    age    size    fitness    adj fit    stag 
	========  =====  ======  =========  =========  ======
	   2       48      42      0.398      0.378      19  
	   3       48      34      0.190      0.278      15  
	   4       48      53      0.465      0.481      4   

Generation time: 180.529 sec  (181.334 average)
Population 'path_repr_5' saved! Current generation: 49
Sample chosen: [62, 267, 964, 609, 912, 543, 356, 290, 805, 797]

********** Running generation 49 **********

Full population's fitness overview:
	-       best fitness: 0.46753
	-       mean fitness: 0.14857
	-      worst fitness: 0.00004
	- standard deviation: 0.10283
Best genome overview:
	- fitness: 0.46753
	- size (hid, conn): (0, 13)
	- genome id: 5575
	- belongs to specie: 4
Genetic distance:
	- Maximum: 2.600
	- Mean: 1.319
	- Minimum: 0.000
	- Standard deviation: 0.747

Population of 128 members in 3 species:
	 specie    age    size    fitness    adj fit    stag 
	========  =====  ======  =========  =========  ======
	   2       49      43      0.334      0.323      20  
	   3       49      37      0.239      0.246      16  
	   4       49      48      0.468      0.359      5   

Generation time: 196.318 sec  (183.635 average)
Population 'path_repr_5' saved! Current generation: 50
Sample chosen: [643, 630, 326, 408, 89, 627, 571, 870, 324, 837]

********** Running generation 50 **********

Full population's fitness overview:
	-       best fitness: 0.54319
	-       mean fitness: 0.13443
	-      worst fitness: 0.00010
	- standard deviation: 0.10743
Best genome overview:
	- fitness: 0.54319
	- size (hid, conn): (0, 13)
	- genome id: 5691
	- belongs to specie: 4
Genetic distance:
	- Maximum: 2.477
	- Mean: 1.294
	- Minimum: 0.006
	- Standard deviation: 0.723

Population of 127 members in 3 species:
	 specie    age    size    fitness    adj fit    stag 
	========  =====  ======  =========  =========  ======
	   2       50      43      0.330      0.244      21  
	   3       50      33      0.164      0.130      17  
	   4       50      51      0.543      0.340      6   

Generation time: 186.131 sec  (183.743 average)
Population 'path_repr_5' saved! Current generation: 51
Sample chosen: [807, 547, 874, 471, 952, 32, 866, 882, 169, 853]

********** Running generation 51 **********

Full population's fitness overview:
	-       best fitness: 0.43767
	-       mean fitness: 0.12587
	-      worst fitness: 0.00003
	- standard deviation: 0.08444
Best genome overview:
	- fitness: 0.43767
	- size (hid, conn): (0, 13)
	- genome id: 5797
	- belongs to specie: 4
Genetic distance:
	- Maximum: 2.248
	- Mean: 1.309
	- Minimum: 0.000
	- Standard deviation: 0.730

Population of 128 members in 3 species:
	 specie    age    size    fitness    adj fit    stag 
	========  =====  ======  =========  =========  ======
	   2       51      39      0.235      0.221      22  
	   3       51      36      0.186      0.210      18  
	   4       51      53      0.438      0.394      7   

Generation time: 189.227 sec  (184.477 average)
Population 'path_repr_5' saved! Current generation: 52
Sample chosen: [915, 694, 932, 419, 614, 696, 844, 201, 490, 494]

********** Running generation 52 **********

Full population's fitness overview:
	-       best fitness: 0.49435
	-       mean fitness: 0.16776
	-      worst fitness: 0.00007
	- standard deviation: 0.11156
Best genome overview:
	- fitness: 0.49435
	- size (hid, conn): (0, 13)
	- genome id: 5815
	- belongs to specie: 4
Genetic distance:
	- Maximum: 2.453
	- Mean: 1.293
	- Minimum: 0.000
	- Standard deviation: 0.724

Population of 128 members in 3 species:
	 specie    age    size    fitness    adj fit    stag 
	========  =====  ======  =========  =========  ======
	   2       52      38      0.369      0.283      23  
	   3       52      40      0.299      0.297      19  
	   4       52      50      0.494      0.410      8   

Generation time: 188.043 sec  (185.643 average)
Population 'path_repr_5' saved! Current generation: 53
Sample chosen: [810, 763, 163, 684, 321, 620, 90, 407, 406, 764]

********** Running generation 53 **********

Full population's fitness overview:
	-       best fitness: 0.67553
	-       mean fitness: 0.29008
	-      worst fitness: 0.00032
	- standard deviation: 0.15846
Best genome overview:
	- fitness: 0.67553
	- size (hid, conn): (0, 13)
	- genome id: 6034
	- belongs to specie: 4

Species 3 with 40 members is stagnated (fitness: 0.43737331517276345): removing it
Genetic distance:
	- Maximum: 2.107
	- Mean: 0.911
	- Minimum: 0.052
	- Standard deviation: 0.678

Population of 128 members in 2 species:
	 specie    age    size    fitness    adj fit    stag 
	========  =====  ======  =========  =========  ======
	   2       53      55      0.564      0.380      0   
	   4       53      70      0.676      0.516      0   

Generation time: 170.027 sec  (184.375 average)
Population 'path_repr_5' saved! Current generation: 54
Sample chosen: [279, 532, 276, 275, 621, 609, 333, 481, 881, 715]

********** Running generation 54 **********

Full population's fitness overview:
	-       best fitness: 0.43180
	-       mean fitness: 0.12527
	-      worst fitness: 0.00003
	- standard deviation: 0.09486
Best genome overview:
	- fitness: 0.43180
	- size (hid, conn): (0, 12)
	- genome id: 6173
	- belongs to specie: 4
Genetic distance:
	- Maximum: 2.135
	- Mean: 0.923
	- Minimum: 0.000
	- Standard deviation: 0.685

Population of 128 members in 2 species:
	 specie    age    size    fitness    adj fit    stag 
	========  =====  ======  =========  =========  ======
	   2       54      52      0.337      0.187      1   
	   4       54      76      0.432      0.375      1   

Generation time: 187.797 sec  (184.562 average)
Population 'path_repr_5' saved! Current generation: 55
Sample chosen: [660, 504, 456, 144, 795, 712, 869, 321, 906, 332]

********** Running generation 55 **********

Full population's fitness overview:
	-       best fitness: 0.44969
	-       mean fitness: 0.17957
	-      worst fitness: 0.00002
	- standard deviation: 0.10596
Best genome overview:
	- fitness: 0.44969
	- size (hid, conn): (1, 14)
	- genome id: 6274
	- belongs to specie: 4
Genetic distance:
	- Maximum: 1.903
	- Mean: 0.933
	- Minimum: 0.000
	- Standard deviation: 0.677

Population of 127 members in 2 species:
	 specie    age    size    fitness    adj fit    stag 
	========  =====  ======  =========  =========  ======
	   2       55      58      0.408      0.371      2   
	   4       55      69      0.450      0.419      2   

Generation time: 179.440 sec  (183.943 average)
Population 'path_repr_5' saved! Current generation: 56
Sample chosen: [75, 927, 290, 828, 491, 175, 660, 481, 145, 255]

********** Running generation 56 **********

Full population's fitness overview:
	-       best fitness: 0.33884
	-       mean fitness: 0.11271
	-      worst fitness: 0.00015
	- standard deviation: 0.08178
Best genome overview:
	- fitness: 0.33884
	- size (hid, conn): (0, 15)
	- genome id: 6482
	- belongs to specie: 2
Genetic distance:
	- Maximum: 2.083
	- Mean: 0.901
	- Minimum: 0.000
	- Standard deviation: 0.661

Population of 128 members in 2 species:
	 specie    age    size    fitness    adj fit    stag 
	========  =====  ======  =========  =========  ======
	   2       56      65      0.339      0.372      3   
	   4       56      63      0.254      0.299      3   

Generation time: 191.050 sec  (184.439 average)
Population 'path_repr_5' saved! Current generation: 57
Sample chosen: [34, 477, 484, 332, 14, 711, 3, 296, 703, 382]

********** Running generation 57 **********

Full population's fitness overview:
	-       best fitness: 0.45720
	-       mean fitness: 0.12470
	-      worst fitness: 0.00014
	- standard deviation: 0.11701
Best genome overview:
	- fitness: 0.45720
	- size (hid, conn): (0, 12)
	- genome id: 6576
	- belongs to specie: 4
Genetic distance:
	- Maximum: 1.899
	- Mean: 0.927
	- Minimum: 0.000
	- Standard deviation: 0.610

Population of 128 members in 2 species:
	 specie    age    size    fitness    adj fit    stag 
	========  =====  ======  =========  =========  ======
	   2       57      51      0.288      0.155      4   
	   4       57      77      0.457      0.394      4   

Generation time: 189.399 sec  (185.796 average)
Population 'path_repr_5' saved! Current generation: 58
Sample chosen: [528, 941, 218, 797, 599, 385, 380, 84, 840, 586]

********** Running generation 58 **********

Full population's fitness overview:
	-       best fitness: 0.62756
	-       mean fitness: 0.21140
	-      worst fitness: 0.00007
	- standard deviation: 0.16393
Best genome overview:
	- fitness: 0.62756
	- size (hid, conn): (0, 12)
	- genome id: 6687
	- belongs to specie: 4
Genetic distance:
	- Maximum: 1.993
	- Mean: 0.921
	- Minimum: 0.000
	- Standard deviation: 0.630

Population of 127 members in 2 species:
	 specie    age    size    fitness    adj fit    stag 
	========  =====  ======  =========  =========  ======
	   2       58      55      0.436      0.276      5   
	   4       58      72      0.628      0.377      5   

Generation time: 181.019 sec  (185.845 average)
Population 'path_repr_5' saved! Current generation: 59
Sample chosen: [859, 805, 156, 896, 438, 981, 915, 889, 672, 279]

********** Running generation 59 **********

Full population's fitness overview:
	-       best fitness: 0.80717
	-       mean fitness: 0.20762
	-      worst fitness: 0.00013
	- standard deviation: 0.15423
Best genome overview:
	- fitness: 0.80717
	- size (hid, conn): (0, 13)
	- genome id: 6797
	- belongs to specie: 4
Genetic distance:
	- Maximum: 1.974
	- Mean: 0.936
	- Minimum: 0.000
	- Standard deviation: 0.652

Population of 128 members in 2 species:
	 specie    age    size    fitness    adj fit    stag 
	========  =====  ======  =========  =========  ======
	   2       59      54      0.340      0.183      6   
	   4       59      74      0.807      0.313      0   

Generation time: 181.914 sec  (184.405 average)
Population 'path_repr_5' saved! Current generation: 60
Sample chosen: [21, 189, 46, 623, 911, 698, 653, 338, 13, 48]

********** Running generation 60 **********

Full population's fitness overview:
	-       best fitness: 0.64497
	-       mean fitness: 0.21051
	-      worst fitness: 0.00005
	- standard deviation: 0.16107
Best genome overview:
	- fitness: 0.64497
	- size (hid, conn): (0, 12)
	- genome id: 6762
	- belongs to specie: 4
Genetic distance:
	- Maximum: 1.915
	- Mean: 0.933
	- Minimum: 0.086
	- Standard deviation: 0.625

Population of 126 members in 2 species:
	 specie    age    size    fitness    adj fit    stag 
	========  =====  ======  =========  =========  ======
	   2       60      52      0.382      0.236      7   
	   4       60      74      0.645      0.392      1   

Generation time: 179.937 sec  (183.785 average)
Population 'path_repr_5' saved! Current generation: 61
Sample chosen: [486, 629, 359, 660, 490, 172, 869, 96, 352, 399]

********** Running generation 61 **********

Full population's fitness overview:
	-       best fitness: 0.38344
	-       mean fitness: 0.11512
	-      worst fitness: 0.00000
	- standard deviation: 0.08526
Best genome overview:
	- fitness: 0.38344
	- size (hid, conn): (0, 13)
	- genome id: 7024
	- belongs to specie: 4
Genetic distance:
	- Maximum: 1.911
	- Mean: 0.884
	- Minimum: 0.024
	- Standard deviation: 0.609

Population of 127 members in 2 species:
	 specie    age    size    fitness    adj fit    stag 
	========  =====  ======  =========  =========  ======
	   2       61      58      0.379      0.276      8   
	   4       61      69      0.383      0.317      2   

Generation time: 188.655 sec  (183.728 average)
Population 'path_repr_5' saved! Current generation: 62
Sample chosen: [584, 184, 48, 322, 870, 594, 415, 850, 677, 467]

********** Running generation 62 **********

Full population's fitness overview:
	-       best fitness: 0.52643
	-       mean fitness: 0.18122
	-      worst fitness: 0.00001
	- standard deviation: 0.14908
Best genome overview:
	- fitness: 0.52643
	- size (hid, conn): (0, 11)
	- genome id: 7154
	- belongs to specie: 4
Genetic distance:
	- Maximum: 1.861
	- Mean: 0.847
	- Minimum: 0.029
	- Standard deviation: 0.599

Population of 127 members in 2 species:
	 specie    age    size    fitness    adj fit    stag 
	========  =====  ======  =========  =========  ======
	   2       62      49      0.351      0.190      9   
	   4       62      78      0.526      0.474      3   

Generation time: 186.994 sec  (183.623 average)
Population 'path_repr_5' saved! Current generation: 63
Sample chosen: [848, 972, 498, 99, 852, 491, 257, 76, 883, 333]

********** Running generation 63 **********

Full population's fitness overview:
	-       best fitness: 0.69901
	-       mean fitness: 0.21340
	-      worst fitness: 0.00000
	- standard deviation: 0.17047
Best genome overview:
	- fitness: 0.69901
	- size (hid, conn): (0, 11)
	- genome id: 7154
	- belongs to specie: 4
Genetic distance:
	- Maximum: 1.765
	- Mean: 0.856
	- Minimum: 0.000
	- Standard deviation: 0.596

Population of 128 members in 2 species:
	 specie    age    size    fitness    adj fit    stag 
	========  =====  ======  =========  =========  ======
	   2       63      52      0.550      0.220      10  
	   4       63      76      0.699      0.359      4   

Generation time: 183.415 sec  (184.962 average)
Population 'path_repr_5' saved! Current generation: 64
Sample chosen: [738, 224, 893, 788, 814, 405, 895, 611, 385, 613]

********** Running generation 64 **********

Full population's fitness overview:
	-       best fitness: 0.83138
	-       mean fitness: 0.33601
	-      worst fitness: 0.00007
	- standard deviation: 0.21533
Best genome overview:
	- fitness: 0.83138
	- size (hid, conn): (0, 13)
	- genome id: 7375
	- belongs to specie: 4
Genetic distance:
	- Maximum: 1.774
	- Mean: 0.865
	- Minimum: 0.057
	- Standard deviation: 0.605

Population of 128 members in 2 species:
	 specie    age    size    fitness    adj fit    stag 
	========  =====  ======  =========  =========  ======
	   2       64      51      0.440      0.264      11  
	   4       64      77      0.831      0.500      0   

Generation time: 168.894 sec  (183.072 average)
Population 'path_repr_5' saved! Current generation: 65
Sample chosen: [477, 704, 131, 470, 827, 38, 818, 734, 909, 295]

********** Running generation 65 **********

Full population's fitness overview:
	-       best fitness: 0.60351
	-       mean fitness: 0.18891
	-      worst fitness: 0.00016
	- standard deviation: 0.12212
Best genome overview:
	- fitness: 0.60351
	- size (hid, conn): (0, 16)
	- genome id: 7311
	- belongs to specie: 2
Genetic distance:
	- Maximum: 1.707
	- Mean: 0.854
	- Minimum: 0.000
	- Standard deviation: 0.582

Population of 128 members in 2 species:
	 specie    age    size    fitness    adj fit    stag 
	========  =====  ======  =========  =========  ======
	   2       65      54      0.604      0.272      0   
	   4       65      74      0.545      0.340      1   

Generation time: 176.322 sec  (182.760 average)
Population 'path_repr_5' saved! Current generation: 66
Sample chosen: [113, 219, 977, 758, 57, 756, 29, 616, 702, 462]

********** Running generation 66 **********

Full population's fitness overview:
	-       best fitness: 0.61929
	-       mean fitness: 0.24455
	-      worst fitness: 0.00008
	- standard deviation: 0.14817
Best genome overview:
	- fitness: 0.61929
	- size (hid, conn): (0, 13)
	- genome id: 7645
	- belongs to specie: 4
Genetic distance:
	- Maximum: 1.825
	- Mean: 0.858
	- Minimum: 0.000
	- Standard deviation: 0.588

Population of 128 members in 2 species:
	 specie    age    size    fitness    adj fit    stag 
	========  =====  ======  =========  =========  ======
	   2       66      51      0.464      0.283      1   
	   4       66      77      0.619      0.476      2   

Generation time: 171.531 sec  (180.808 average)
Population 'path_repr_5' saved! Current generation: 67
Sample chosen: [238, 532, 640, 24, 891, 920, 978, 593, 314, 820]

********** Running generation 67 **********

Full population's fitness overview:
	-       best fitness: 0.43710
	-       mean fitness: 0.13502
	-      worst fitness: 0.00009
	- standard deviation: 0.10642
Best genome overview:
	- fitness: 0.43710
	- size (hid, conn): (0, 11)
	- genome id: 7753
	- belongs to specie: 4
Genetic distance:
	- Maximum: 1.783
	- Mean: 0.861
	- Minimum: 0.000
	- Standard deviation: 0.550

Population of 127 members in 2 species:
	 specie    age    size    fitness    adj fit    stag 
	========  =====  ======  =========  =========  ======
	   2       67      54      0.333      0.248      2   
	   4       67      73      0.437      0.349      3   

Generation time: 187.164 sec  (180.585 average)
Population 'path_repr_5' saved! Current generation: 68
Sample chosen: [736, 665, 896, 786, 434, 563, 49, 109, 177, 325]

********** Running generation 68 **********

Full population's fitness overview:
	-       best fitness: 0.53166
	-       mean fitness: 0.12364
	-      worst fitness: 0.00003
	- standard deviation: 0.11287
Best genome overview:
	- fitness: 0.53166
	- size (hid, conn): (0, 13)
	- genome id: 7854
	- belongs to specie: 4
Genetic distance:
	- Maximum: 1.830
	- Mean: 0.871
	- Minimum: 0.084
	- Standard deviation: 0.577

Population of 127 members in 2 species:
	 specie    age    size    fitness    adj fit    stag 
	========  =====  ======  =========  =========  ======
	   2       68      55      0.413      0.182      3   
	   4       68      72      0.532      0.270      4   

Generation time: 187.093 sec  (181.192 average)
Population 'path_repr_5' saved! Current generation: 69
Sample chosen: [969, 24, 783, 982, 843, 950, 857, 373, 218, 651]

********** Running generation 69 **********

Full population's fitness overview:
	-       best fitness: 0.58042
	-       mean fitness: 0.14444
	-      worst fitness: 0.00006
	- standard deviation: 0.14732
Best genome overview:
	- fitness: 0.58042
	- size (hid, conn): (0, 11)
	- genome id: 7947
	- belongs to specie: 4
Genetic distance:
	- Maximum: 1.823
	- Mean: 0.880
	- Minimum: 0.030
	- Standard deviation: 0.511

Population of 126 members in 2 species:
	 specie    age    size    fitness    adj fit    stag 
	========  =====  ======  =========  =========  ======
	   2       69      46      0.317      0.130      4   
	   4       69      80      0.580      0.340      5   

Generation time: 185.869 sec  (181.588 average)
Population 'path_repr_5' saved! Current generation: 70
Sample chosen: [445, 176, 491, 981, 728, 192, 618, 464, 584, 170]

********** Running generation 70 **********

Full population's fitness overview:
	-       best fitness: 0.54285
	-       mean fitness: 0.26616
	-      worst fitness: 0.00007
	- standard deviation: 0.12320
Best genome overview:
	- fitness: 0.54285
	- size (hid, conn): (0, 16)
	- genome id: 7792
	- belongs to specie: 2
Genetic distance:
	- Maximum: 1.755
	- Mean: 0.879
	- Minimum: 0.000
	- Standard deviation: 0.532

Population of 128 members in 2 species:
	 specie    age    size    fitness    adj fit    stag 
	========  =====  ======  =========  =========  ======
	   2       70      53      0.543      0.451      5   
	   4       70      75      0.480      0.513      6   

Generation time: 164.125 sec  (180.006 average)
Population 'path_repr_5' saved! Current generation: 71
Sample chosen: [745, 72, 983, 125, 471, 283, 762, 626, 953, 362]

********** Running generation 71 **********

Full population's fitness overview:
	-       best fitness: 0.46823
	-       mean fitness: 0.14093
	-      worst fitness: 0.00009
	- standard deviation: 0.13554
Best genome overview:
	- fitness: 0.46823
	- size (hid, conn): (0, 11)
	- genome id: 8276
	- belongs to specie: 4
Genetic distance:
	- Maximum: 1.974
	- Mean: 0.847
	- Minimum: 0.000
	- Standard deviation: 0.587

Population of 128 members in 2 species:
	 specie    age    size    fitness    adj fit    stag 
	========  =====  ======  =========  =========  ======
	   2       71      50      0.460      0.213      6   
	   4       71      78      0.468      0.363      7   

Generation time: 187.635 sec  (179.904 average)
Population 'path_repr_5' saved! Current generation: 72
Sample chosen: [686, 69, 111, 300, 244, 388, 834, 484, 706, 185]

********** Running generation 72 **********

Full population's fitness overview:
	-       best fitness: 0.64583
	-       mean fitness: 0.18344
	-      worst fitness: 0.00004
	- standard deviation: 0.15779
Best genome overview:
	- fitness: 0.64583
	- size (hid, conn): (0, 11)
	- genome id: 8328
	- belongs to specie: 4
Genetic distance:
	- Maximum: 1.927
	- Mean: 0.846
	- Minimum: 0.000
	- Standard deviation: 0.578

Population of 125 members in 2 species:
	 specie    age    size    fitness    adj fit    stag 
	========  =====  ======  =========  =========  ======
	   2       72      56      0.511      0.275      7   
	   4       72      69      0.646      0.290      8   

Generation time: 188.231 sec  (180.028 average)
Population 'path_repr_5' saved! Current generation: 73
Sample chosen: [894, 972, 925, 930, 786, 803, 168, 499, 950, 538]

********** Running generation 73 **********

Full population's fitness overview:
	-       best fitness: 0.62963
	-       mean fitness: 0.22354
	-      worst fitness: 0.00002
	- standard deviation: 0.15073
Best genome overview:
	- fitness: 0.62963
	- size (hid, conn): (0, 13)
	- genome id: 8443
	- belongs to specie: 4
Genetic distance:
	- Maximum: 1.828
	- Mean: 0.833
	- Minimum: 0.000
	- Standard deviation: 0.584

Population of 127 members in 2 species:
	 specie    age    size    fitness    adj fit    stag 
	========  =====  ======  =========  =========  ======
	   2       73      59      0.523      0.312      8   
	   4       73      68      0.630      0.390      9   

Generation time: 174.309 sec  (179.117 average)
Population 'path_repr_5' saved! Current generation: 74
Sample chosen: [848, 435, 257, 706, 41, 849, 131, 485, 857, 558]

********** Running generation 74 **********

Full population's fitness overview:
	-       best fitness: 0.66704
	-       mean fitness: 0.26829
	-      worst fitness: 0.00010
	- standard deviation: 0.16223
Best genome overview:
	- fitness: 0.66704
	- size (hid, conn): (0, 12)
	- genome id: 8577
	- belongs to specie: 4
Genetic distance:
	- Maximum: 1.837
	- Mean: 0.824
	- Minimum: 0.000
	- Standard deviation: 0.591

Population of 128 members in 2 species:
	 specie    age    size    fitness    adj fit    stag 
	========  =====  ======  =========  =========  ======
	   2       74      60      0.588      0.344      9   
	   4       74      68      0.667      0.452      10  

Generation time: 177.724 sec  (180.000 average)
Population 'path_repr_5' saved! Current generation: 75
Sample chosen: [948, 469, 475, 806, 365, 795, 46, 456, 963, 801]

********** Running generation 75 **********

Full population's fitness overview:
	-       best fitness: 0.48178
	-       mean fitness: 0.15427
	-      worst fitness: 0.00000
	- standard deviation: 0.11465
Best genome overview:
	- fitness: 0.48178
	- size (hid, conn): (0, 12)
	- genome id: 8691
	- belongs to specie: 4
Genetic distance:
	- Maximum: 1.911
	- Mean: 0.864
	- Minimum: 0.061
	- Standard deviation: 0.607

Population of 128 members in 2 species:
	 specie    age    size    fitness    adj fit    stag 
	========  =====  ======  =========  =========  ======
	   2       75      56      0.351      0.223      10  
	   4       75      72      0.482      0.406      11  

Generation time: 186.175 sec  (180.986 average)
Population 'path_repr_5' saved! Current generation: 76
Sample chosen: [819, 281, 253, 361, 180, 64, 616, 768, 510, 657]

********** Running generation 76 **********

Full population's fitness overview:
	-       best fitness: 0.42298
	-       mean fitness: 0.11284
	-      worst fitness: 0.00001
	- standard deviation: 0.10339
Best genome overview:
	- fitness: 0.42298
	- size (hid, conn): (0, 16)
	- genome id: 8837
	- belongs to specie: 2
Genetic distance:
	- Maximum: 1.945
	- Mean: 0.890
	- Minimum: 0.000
	- Standard deviation: 0.636

Population of 128 members in 2 species:
	 specie    age    size    fitness    adj fit    stag 
	========  =====  ======  =========  =========  ======
	   2       76      63      0.423      0.293      11  
	   4       76      65      0.354      0.246      12  

Generation time: 186.897 sec  (182.522 average)
Population 'path_repr_5' saved! Current generation: 77
Sample chosen: [90, 921, 442, 230, 666, 100, 4, 302, 648, 992]

********** Running generation 77 **********

Full population's fitness overview:
	-       best fitness: 0.63227
	-       mean fitness: 0.14234
	-      worst fitness: 0.00001
	- standard deviation: 0.13775
Best genome overview:
	- fitness: 0.63227
	- size (hid, conn): (0, 11)
	- genome id: 8984
	- belongs to specie: 4
Genetic distance:
	- Maximum: 1.936
	- Mean: 0.864
	- Minimum: 0.000
	- Standard deviation: 0.634

Population of 128 members in 2 species:
	 specie    age    size    fitness    adj fit    stag 
	========  =====  ======  =========  =========  ======
	   2       77      55      0.476      0.168      12  
	   4       77      73      0.632      0.281      13  

Generation time: 189.684 sec  (182.774 average)
Population 'path_repr_5' saved! Current generation: 78
Sample chosen: [461, 215, 915, 555, 649, 86, 644, 341, 691, 349]

********** Running generation 78 **********

Full population's fitness overview:
	-       best fitness: 0.75400
	-       mean fitness: 0.24063
	-      worst fitness: 0.00012
	- standard deviation: 0.18080
Best genome overview:
	- fitness: 0.75400
	- size (hid, conn): (0, 12)
	- genome id: 8969
	- belongs to specie: 4
Genetic distance:
	- Maximum: 1.894
	- Mean: 0.869
	- Minimum: 0.000
	- Standard deviation: 0.652

Population of 126 members in 2 species:
	 specie    age    size    fitness    adj fit    stag 
	========  =====  ======  =========  =========  ======
	   2       78      56      0.709      0.274      0   
	   4       78      70      0.754      0.353      14  

Generation time: 180.994 sec  (182.164 average)
Population 'path_repr_5' saved! Current generation: 79
Sample chosen: [571, 937, 778, 353, 61, 137, 993, 465, 570, 617]

********** Running generation 79 **********

Full population's fitness overview:
	-       best fitness: 0.46631
	-       mean fitness: 0.13898
	-      worst fitness: 0.00009
	- standard deviation: 0.09716
Best genome overview:
	- fitness: 0.46631
	- size (hid, conn): (0, 16)
	- genome id: 9202
	- belongs to specie: 2
Genetic distance:
	- Maximum: 2.139
	- Mean: 0.895
	- Minimum: 0.000
	- Standard deviation: 0.655

Population of 128 members in 2 species:
	 specie    age    size    fitness    adj fit    stag 
	========  =====  ======  =========  =========  ======
	   2       79      62      0.466      0.314      1   
	   4       79      66      0.403      0.285      15  

Generation time: 179.710 sec  (181.548 average)
Population 'path_repr_5' saved! Current generation: 80
Sample chosen: [814, 933, 857, 714, 533, 462, 509, 846, 322, 379]

********** Running generation 80 **********

Full population's fitness overview:
	-       best fitness: 0.65778
	-       mean fitness: 0.20630
	-      worst fitness: 0.00002
	- standard deviation: 0.18991
Best genome overview:
	- fitness: 0.65778
	- size (hid, conn): (0, 16)
	- genome id: 9073
	- belongs to specie: 2
Genetic distance:
	- Maximum: 1.954
	- Mean: 0.875
	- Minimum: 0.000
	- Standard deviation: 0.642

Population of 128 members in 2 species:
	 specie    age    size    fitness    adj fit    stag 
	========  =====  ======  =========  =========  ======
	   2       80      44      0.658      0.159      2   
	   4       80      84      0.618      0.459      16  

Generation time: 182.233 sec  (183.359 average)
Population 'path_repr_5' saved! Current generation: 81
Sample chosen: [216, 251, 780, 203, 193, 277, 598, 260, 94, 336]

********** Running generation 81 **********

Full population's fitness overview:
	-       best fitness: 0.54190
	-       mean fitness: 0.16434
	-      worst fitness: 0.00004
	- standard deviation: 0.13926
Best genome overview:
	- fitness: 0.54190
	- size (hid, conn): (0, 11)
	- genome id: 9347
	- belongs to specie: 4
Genetic distance:
	- Maximum: 1.804
	- Mean: 0.869
	- Minimum: 0.000
	- Standard deviation: 0.650

Population of 128 members in 2 species:
	 specie    age    size    fitness    adj fit    stag 
	========  =====  ======  =========  =========  ======
	   2       81      50      0.408      0.252      3   
	   4       81      78      0.542      0.330      17  

Generation time: 183.926 sec  (182.988 average)
Population 'path_repr_5' saved! Current generation: 82
Sample chosen: [359, 32, 365, 520, 626, 396, 960, 504, 682, 33]

********** Running generation 82 **********

Full population's fitness overview:
	-       best fitness: 0.55086
	-       mean fitness: 0.14783
	-      worst fitness: 0.00002
	- standard deviation: 0.12732
Best genome overview:
	- fitness: 0.55086
	- size (hid, conn): (0, 11)
	- genome id: 9347
	- belongs to specie: 4
Genetic distance:
	- Maximum: 1.867
	- Mean: 0.863
	- Minimum: 0.000
	- Standard deviation: 0.648

Population of 128 members in 2 species:
	 specie    age    size    fitness    adj fit    stag 
	========  =====  ======  =========  =========  ======
	   2       82      51      0.427      0.178      4   
	   4       82      77      0.551      0.327      18  

Generation time: 198.289 sec  (183.994 average)
Population 'path_repr_5' saved! Current generation: 83
Sample chosen: [171, 387, 168, 971, 962, 362, 484, 344, 389, 800]

********** Running generation 83 **********

Full population's fitness overview:
	-       best fitness: 0.65722
	-       mean fitness: 0.28217
	-      worst fitness: 0.00039
	- standard deviation: 0.18868
Best genome overview:
	- fitness: 0.65722
	- size (hid, conn): (0, 12)
	- genome id: 9511
	- belongs to specie: 4
Genetic distance:
	- Maximum: 1.915
	- Mean: 0.826
	- Minimum: 0.010
	- Standard deviation: 0.637

Population of 128 members in 2 species:
	 specie    age    size    fitness    adj fit    stag 
	========  =====  ======  =========  =========  ======
	   2       83      61      0.620      0.433      5   
	   4       83      67      0.657      0.426      19  

Generation time: 174.589 sec  (184.022 average)
Population 'path_repr_5' saved! Current generation: 84
Sample chosen: [605, 315, 470, 628, 141, 106, 471, 310, 318, 501]

********** Running generation 84 **********

Full population's fitness overview:
	-       best fitness: 0.57728
	-       mean fitness: 0.15126
	-      worst fitness: 0.00011
	- standard deviation: 0.12986
Best genome overview:
	- fitness: 0.57728
	- size (hid, conn): (0, 16)
	- genome id: 9712
	- belongs to specie: 2
Genetic distance:
	- Maximum: 1.946
	- Mean: 0.867
	- Minimum: 0.001
	- Standard deviation: 0.613

Population of 128 members in 2 species:
	 specie    age    size    fitness    adj fit    stag 
	========  =====  ======  =========  =========  ======
	   2       84      66      0.577      0.295      6   
	   4       84      62      0.362      0.232      20  

Generation time: 187.766 sec  (185.026 average)
Population 'path_repr_5' saved! Current generation: 85
Sample chosen: [822, 591, 141, 303, 11, 652, 873, 76, 714, 988]

********** Running generation 85 **********

Full population's fitness overview:
	-       best fitness: 0.50462
	-       mean fitness: 0.14995
	-      worst fitness: 0.00001
	- standard deviation: 0.14537
Best genome overview:
	- fitness: 0.50462
	- size (hid, conn): (0, 16)
	- genome id: 9869
	- belongs to specie: 2
Genetic distance:
	- Maximum: 1.873
	- Mean: 0.868
	- Minimum: 0.000
	- Standard deviation: 0.608

Population of 128 members in 2 species:
	 specie    age    size    fitness    adj fit    stag 
	========  =====  ======  =========  =========  ======
	   2       85      59      0.505      0.270      7   
	   4       85      69      0.455      0.326      21  

Generation time: 191.689 sec  (185.578 average)
Population 'path_repr_5' saved! Current generation: 86
Sample chosen: [744, 876, 176, 466, 701, 63, 416, 558, 302, 914]

********** Running generation 86 **********

Full population's fitness overview:
	-       best fitness: 0.80900
	-       mean fitness: 0.35364
	-      worst fitness: 0.00011
	- standard deviation: 0.23071
Best genome overview:
	- fitness: 0.80900
	- size (hid, conn): (0, 10)
	- genome id: 10013
	- belongs to specie: 4
Genetic distance:
	- Maximum: 1.757
	- Mean: 0.893
	- Minimum: 0.073
	- Standard deviation: 0.647

Population of 128 members in 2 species:
	 specie    age    size    fitness    adj fit    stag 
	========  =====  ======  =========  =========  ======
	   2       86      49      0.435      0.262      8   
	   4       86      79      0.809      0.587      22  

Generation time: 164.112 sec  (183.299 average)
Population 'path_repr_5' saved! Current generation: 87
Sample chosen: [421, 855, 427, 801, 606, 322, 768, 552, 800, 476]

********** Running generation 87 **********

Full population's fitness overview:
	-       best fitness: 0.55676
	-       mean fitness: 0.16169
	-      worst fitness: 0.00002
	- standard deviation: 0.14784
Best genome overview:
	- fitness: 0.55676
	- size (hid, conn): (0, 11)
	- genome id: 10063
	- belongs to specie: 4
Genetic distance:
	- Maximum: 1.964
	- Mean: 0.866
	- Minimum: 0.000
	- Standard deviation: 0.666

Population of 128 members in 2 species:
	 specie    age    size    fitness    adj fit    stag 
	========  =====  ======  =========  =========  ======
	   2       87      53      0.496      0.223      9   
	   4       87      75      0.557      0.332      23  

Generation time: 189.551 sec  (183.286 average)
Population 'path_repr_5' saved! Current generation: 88
Sample chosen: [411, 624, 233, 792, 521, 180, 359, 405, 390, 190]

********** Running generation 88 **********

Full population's fitness overview:
	-       best fitness: 0.64615
	-       mean fitness: 0.21613
	-      worst fitness: 0.00013
	- standard deviation: 0.13638
Best genome overview:
	- fitness: 0.64615
	- size (hid, conn): (0, 11)
	- genome id: 10222
	- belongs to specie: 4
Genetic distance:
	- Maximum: 2.086
	- Mean: 0.831
	- Minimum: 0.000
	- Standard deviation: 0.650

Population of 126 members in 2 species:
	 specie    age    size    fitness    adj fit    stag 
	========  =====  ======  =========  =========  ======
	   2       88      52      0.406      0.245      10  
	   4       88      74      0.646      0.398      24  

Generation time: 179.305 sec  (183.117 average)
Population 'path_repr_5' saved! Current generation: 89
Sample chosen: [717, 114, 222, 69, 228, 776, 496, 872, 6, 456]

********** Running generation 89 **********

Full population's fitness overview:
	-       best fitness: 0.64505
	-       mean fitness: 0.23816
	-      worst fitness: 0.00005
	- standard deviation: 0.20422
Best genome overview:
	- fitness: 0.64505
	- size (hid, conn): (0, 16)
	- genome id: 10399
	- belongs to specie: 2
Genetic distance:
	- Maximum: 1.840
	- Mean: 0.814
	- Minimum: 0.000
	- Standard deviation: 0.660

Population of 128 members in 2 species:
	 specie    age    size    fitness    adj fit    stag 
	========  =====  ======  =========  =========  ======
	   2       89      51      0.645      0.280      11  
	   4       89      77      0.625      0.432      25  

Generation time: 173.323 sec  (182.478 average)
Population 'path_repr_5' saved! Current generation: 90
Sample chosen: [585, 803, 497, 529, 307, 935, 972, 348, 532, 484]

********** Running generation 90 **********

Full population's fitness overview:
	-       best fitness: 0.77940
	-       mean fitness: 0.23673
	-      worst fitness: 0.00003
	- standard deviation: 0.21981
Best genome overview:
	- fitness: 0.77940
	- size (hid, conn): (0, 11)
	- genome id: 10133
	- belongs to specie: 4
Genetic distance:
	- Maximum: 1.863
	- Mean: 0.822
	- Minimum: 0.000
	- Standard deviation: 0.651

Population of 128 members in 2 species:
	 specie    age    size    fitness    adj fit    stag 
	========  =====  ======  =========  =========  ======
	   2       90      47      0.581      0.195      12  
	   4       90      81      0.779      0.376      26  

Generation time: 184.430 sec  (182.698 average)
Population 'path_repr_5' saved! Current generation: 91
Sample chosen: [220, 493, 413, 74, 593, 204, 570, 957, 821, 801]

********** Running generation 91 **********

Full population's fitness overview:
	-       best fitness: 0.62848
	-       mean fitness: 0.23314
	-      worst fitness: 0.00010
	- standard deviation: 0.17603
Best genome overview:
	- fitness: 0.62848
	- size (hid, conn): (0, 11)
	- genome id: 10558
	- belongs to specie: 4
Genetic distance:
	- Maximum: 1.663
	- Mean: 0.828
	- Minimum: 0.000
	- Standard deviation: 0.602

Population of 126 members in 2 species:
	 specie    age    size    fitness    adj fit    stag 
	========  =====  ======  =========  =========  ======
	   2       91      54      0.542      0.337      13  
	   4       91      72      0.628      0.391      27  

Generation time: 176.451 sec  (181.950 average)
Population 'path_repr_5' saved! Current generation: 92
Sample chosen: [737, 207, 392, 618, 916, 301, 798, 525, 670, 269]

********** Running generation 92 **********

Full population's fitness overview:
	-       best fitness: 0.80984
	-       mean fitness: 0.31783
	-      worst fitness: 0.00002
	- standard deviation: 0.22633
Best genome overview:
	- fitness: 0.80984
	- size (hid, conn): (0, 16)
	- genome id: 10782
	- belongs to specie: 2
Genetic distance:
	- Maximum: 1.992
	- Mean: 0.840
	- Minimum: 0.000
	- Standard deviation: 0.638

Population of 128 members in 2 species:
	 specie    age    size    fitness    adj fit    stag 
	========  =====  ======  =========  =========  ======
	   2       92      51      0.810      0.287      0   
	   4       92      77      0.729      0.472      28  

Generation time: 168.339 sec  (178.956 average)
Population 'path_repr_5' saved! Current generation: 93
Sample chosen: [245, 684, 855, 525, 72, 542, 830, 153, 7, 102]

********** Running generation 93 **********

Full population's fitness overview:
	-       best fitness: 0.77427
	-       mean fitness: 0.32991
	-      worst fitness: 0.00031
	- standard deviation: 0.21117
Best genome overview:
	- fitness: 0.77427
	- size (hid, conn): (0, 16)
	- genome id: 10782
	- belongs to specie: 2
Genetic distance:
	- Maximum: 1.930
	- Mean: 0.853
	- Minimum: 0.000
	- Standard deviation: 0.642

Population of 127 members in 2 species:
	 specie    age    size    fitness    adj fit    stag 
	========  =====  ======  =========  =========  ======
	   2       93      49      0.774      0.338      1   
	   4       93      78      0.748      0.484      29  

Generation time: 168.271 sec  (178.324 average)
Population 'path_repr_5' saved! Current generation: 94
Sample chosen: [195, 533, 479, 494, 57, 688, 5, 879, 344, 759]

********** Running generation 94 **********

Full population's fitness overview:
	-       best fitness: 0.58424
	-       mean fitness: 0.19061
	-      worst fitness: 0.00005
	- standard deviation: 0.15716
Best genome overview:
	- fitness: 0.58424
	- size (hid, conn): (0, 11)
	- genome id: 10976
	- belongs to specie: 4
Genetic distance:
	- Maximum: 1.962
	- Mean: 0.897
	- Minimum: 0.000
	- Standard deviation: 0.641

Population of 128 members in 2 species:
	 specie    age    size    fitness    adj fit    stag 
	========  =====  ======  =========  =========  ======
	   2       94      48      0.579      0.225      2   
	   4       94      80      0.584      0.390      30  

Generation time: 183.483 sec  (177.895 average)
Population 'path_repr_5' saved! Current generation: 95
Sample chosen: [546, 776, 913, 815, 638, 709, 309, 576, 49, 876]

********** Running generation 95 **********

Full population's fitness overview:
	-       best fitness: 0.63385
	-       mean fitness: 0.16179
	-      worst fitness: 0.00004
	- standard deviation: 0.14380
Best genome overview:
	- fitness: 0.63385
	- size (hid, conn): (0, 16)
	- genome id: 10782
	- belongs to specie: 2
Genetic distance:
	- Maximum: 1.872
	- Mean: 0.872
	- Minimum: 0.000
	- Standard deviation: 0.651

Population of 128 members in 2 species:
	 specie    age    size    fitness    adj fit    stag 
	========  =====  ======  =========  =========  ======
	   2       95      52      0.634      0.216      3   
	   4       95      76      0.507      0.279      31  

Generation time: 188.851 sec  (177.612 average)
Population 'path_repr_5' saved! Current generation: 96
Sample chosen: [126, 543, 671, 81, 420, 883, 208, 731, 632, 749]

********** Running generation 96 **********

Full population's fitness overview:
	-       best fitness: 0.49243
	-       mean fitness: 0.15401
	-      worst fitness: 0.00016
	- standard deviation: 0.13137
Best genome overview:
	- fitness: 0.49243
	- size (hid, conn): (0, 11)
	- genome id: 11245
	- belongs to specie: 4
Genetic distance:
	- Maximum: 1.880
	- Mean: 0.865
	- Minimum: 0.000
	- Standard deviation: 0.648

Population of 128 members in 2 species:
	 specie    age    size    fitness    adj fit    stag 
	========  =====  ======  =========  =========  ======
	   2       96      48      0.439      0.200      4   
	   4       96      80      0.492      0.389      32  

Generation time: 189.058 sec  (180.106 average)
Population 'path_repr_5' saved! Current generation: 97
Sample chosen: [881, 714, 424, 624, 593, 328, 170, 168, 183, 190]

********** Running generation 97 **********

Full population's fitness overview:
	-       best fitness: 0.70400
	-       mean fitness: 0.29960
	-      worst fitness: 0.00013
	- standard deviation: 0.18543
Best genome overview:
	- fitness: 0.70400
	- size (hid, conn): (0, 11)
	- genome id: 11314
	- belongs to specie: 4
Genetic distance:
	- Maximum: 1.863
	- Mean: 0.915
	- Minimum: 0.000
	- Standard deviation: 0.610

Population of 128 members in 2 species:
	 specie    age    size    fitness    adj fit    stag 
	========  =====  ======  =========  =========  ======
	   2       97      54      0.589      0.341      5   
	   4       97      74      0.704      0.476      33  

Generation time: 175.013 sec  (178.652 average)
Population 'path_repr_5' saved! Current generation: 98
Sample chosen: [439, 426, 847, 109, 173, 495, 210, 686, 585, 169]

********** Running generation 98 **********

Full population's fitness overview:
	-       best fitness: 0.59829
	-       mean fitness: 0.12105
	-      worst fitness: 0.00011
	- standard deviation: 0.12834
Best genome overview:
	- fitness: 0.59829
	- size (hid, conn): (1, 17)
	- genome id: 11481
	- belongs to specie: 2
Genetic distance:
	- Maximum: 1.948
	- Mean: 0.936
	- Minimum: 0.107
	- Standard deviation: 0.599

Population of 128 members in 2 species:
	 specie    age    size    fitness    adj fit    stag 
	========  =====  ======  =========  =========  ======
	   2       98      61      0.598      0.216      6   
	   4       98      67      0.424      0.192      34  

Generation time: 191.368 sec  (179.859 average)
Population 'path_repr_5' saved! Current generation: 99
Sample chosen: [45, 265, 517, 185, 150, 882, 995, 250, 208, 503]

********** Running generation 99 **********

Full population's fitness overview:
	-       best fitness: 0.66008
	-       mean fitness: 0.24823
	-      worst fitness: 0.00002
	- standard deviation: 0.19312
Best genome overview:
	- fitness: 0.66008
	- size (hid, conn): (0, 11)
	- genome id: 11610
	- belongs to specie: 4
Genetic distance:
	- Maximum: 1.869
	- Mean: 0.927
	- Minimum: 0.000
	- Standard deviation: 0.596

Population of 128 members in 2 species:
	 specie    age    size    fitness    adj fit    stag 
	========  =====  ======  =========  =========  ======
	   2       99      55      0.589      0.284      7   
	   4       99      73      0.660      0.460      35  

Generation time: 180.278 sec  (180.554 average)
Population 'path_repr_5' saved! Current generation: 100

===> CREATING BLUEPRINTS <===

Creating blueprints for games: [1, 2, 3, 4, 5]

===> CREATING TRACES <===

Creating traces for games: [1, 2, 3, 4, 5]

===> EVALUATING <===

