Population 'path_3' saved! Current generation: 0

===> RUNNING FOR THE FOLLOWING CONFIGURATION: <===
	> fitness: path
	> gru_enabled: False
	> sexual_reproduction: False
	> Saving under folder: NEAT
	> Train: True (100 iterations)
	> Create blueprints: True
	> Create traces: True


===> TRAINING <===

Sample chosen: [434, 713, 148, 423, 346, 213, 76, 273, 62, 248, 421, 150, 704, 224, 758, 437]

********** Running generation 0 **********

Full population's fitness overview:
	-       best fitness: 0.04151
	-       mean fitness: 0.00693
	-      worst fitness: 0.00000
	- standard deviation: 0.01083
Best genome overview:
	- fitness: 0.04151
	- size (hid, conn): (0, 16)
	- genome id: 87
	- belongs to specie: 1
Genetic distance:
	- Maximum: 2.691
	- Mean: 1.856
	- Minimum: 0.016
	- Standard deviation: 0.369

Population of 129 members in 4 species:
	 SID    age    size    fitness    adj fit    stag 
	=====  =====  ======  =========  =========  ======
	  1      0      47      0.042      0.078      0   
	  2      0      21      0.041      0.067      0   
	  3      0      26      0.032      0.063      0   
	  4      0      35      0.022      0.056      0   

Generation time: 204.291 sec
Population 'path_3' saved! Current generation: 1
Sample chosen: [491, 1, 674, 729, 838, 570, 548, 11, 258, 823, 918, 907, 252, 115, 607, 699]

********** Running generation 1 **********

Full population's fitness overview:
	-       best fitness: 0.10167
	-       mean fitness: 0.02064
	-      worst fitness: 0.00000
	- standard deviation: 0.01352
Best genome overview:
	- fitness: 0.10167
	- size (hid, conn): (0, 15)
	- genome id: 200
	- belongs to specie: 1
Genetic distance:
	- Maximum: 2.505
	- Mean: 1.800
	- Minimum: 0.000
	- Standard deviation: 0.384

Population of 127 members in 5 species:
	 SID    age    size    fitness    adj fit    stag 
	=====  =====  ======  =========  =========  ======
	  1      1      24      0.102      0.224      0   
	  2      1      7       0.030      0.173      1   
	  3      1      34      0.043      0.171      0   
	  4      1      46      0.032      0.216      0   
	  5      0      16       --         --        0   

Generation time: 208.864 sec  (206.578 average)
Population 'path_3' saved! Current generation: 2
Sample chosen: [600, 631, 421, 826, 148, 164, 670, 756, 244, 353, 364, 624, 929, 105, 785, 248]

********** Running generation 2 **********

Full population's fitness overview:
	-       best fitness: 0.16351
	-       mean fitness: 0.08994
	-      worst fitness: 0.00000
	- standard deviation: 0.06356
Best genome overview:
	- fitness: 0.16351
	- size (hid, conn): (0, 15)
	- genome id: 266
	- belongs to specie: 3
Genetic distance:
	- Maximum: 2.524
	- Mean: 1.805
	- Minimum: 0.028
	- Standard deviation: 0.434

Population of 127 members in 5 species:
	 SID    age    size    fitness    adj fit    stag 
	=====  =====  ======  =========  =========  ======
	  1      2      11      0.161      0.384      0   
	  2      2      3       0.161      0.521      0   
	  3      2      57      0.164      0.562      0   
	  4      2      38      0.161      0.666      0   
	  5      1      18      0.161      0.453      0   

Generation time: 197.944 sec  (203.700 average)
Population 'path_3' saved! Current generation: 3
Sample chosen: [311, 98, 804, 102, 815, 945, 86, 334, 652, 763, 625, 266, 421, 613, 5, 902]

********** Running generation 3 **********

Full population's fitness overview:
	-       best fitness: 0.07409
	-       mean fitness: 0.04908
	-      worst fitness: 0.00001
	- standard deviation: 0.01201
Best genome overview:
	- fitness: 0.07409
	- size (hid, conn): (0, 16)
	- genome id: 380
	- belongs to specie: 3
Genetic distance:
	- Maximum: 2.622
	- Mean: 1.685
	- Minimum: 0.000
	- Standard deviation: 0.607

Population of 126 members in 5 species:
	 SID    age    size    fitness    adj fit    stag 
	=====  =====  ======  =========  =========  ======
	  1      3      18      0.053      0.472      1   
	  2      3      17      0.054      0.537      1   
	  3      3      39      0.074      0.466      1   
	  4      3      27      0.058      0.524      1   
	  5      2      25      0.054      0.502      1   

Generation time: 211.656 sec  (205.689 average)
Population 'path_3' saved! Current generation: 4
Sample chosen: [399, 615, 528, 287, 340, 191, 113, 704, 321, 45, 698, 223, 381, 676, 654, 291]

********** Running generation 4 **********

Full population's fitness overview:
	-       best fitness: 0.13137
	-       mean fitness: 0.10726
	-      worst fitness: 0.00000
	- standard deviation: 0.03303
Best genome overview:
	- fitness: 0.13137
	- size (hid, conn): (0, 16)
	- genome id: 481
	- belongs to specie: 3
Genetic distance:
	- Maximum: 2.550
	- Mean: 1.723
	- Minimum: 0.000
	- Standard deviation: 0.575

Population of 127 members in 5 species:
	 SID    age    size    fitness    adj fit    stag 
	=====  =====  ======  =========  =========  ======
	  1      4      31      0.129      0.788      2   
	  2      4      6       0.129      0.863      2   
	  3      4      25      0.131      0.795      2   
	  4      4      40      0.129      0.824      2   
	  5      3      25      0.130      0.832      2   

Generation time: 202.270 sec  (205.005 average)
Population 'path_3' saved! Current generation: 5
Sample chosen: [501, 441, 330, 493, 714, 423, 699, 480, 704, 350, 66, 4, 345, 476, 746, 83]

********** Running generation 5 **********

Full population's fitness overview:
	-       best fitness: 0.04058
	-       mean fitness: 0.01914
	-      worst fitness: 0.00000
	- standard deviation: 0.00565
Best genome overview:
	- fitness: 0.04058
	- size (hid, conn): (0, 16)
	- genome id: 598
	- belongs to specie: 3
Genetic distance:
	- Maximum: 2.472
	- Mean: 1.684
	- Minimum: 0.000
	- Standard deviation: 0.606

Population of 128 members in 5 species:
	 SID    age    size    fitness    adj fit    stag 
	=====  =====  ======  =========  =========  ======
	  1      5      33      0.021      0.186      3   
	  2      5      13      0.020      0.167      3   
	  3      5      22      0.041      0.206      3   
	  4      5      35      0.026      0.190      3   
	  5      4      25      0.020      0.191      3   

Generation time: 208.752 sec  (205.629 average)
Population 'path_3' saved! Current generation: 6
Sample chosen: [672, 336, 398, 348, 697, 712, 304, 61, 904, 822, 402, 249, 511, 691, 141, 421]

********** Running generation 6 **********

Full population's fitness overview:
	-       best fitness: 0.04858
	-       mean fitness: 0.02620
	-      worst fitness: 0.00000
	- standard deviation: 0.00642
Best genome overview:
	- fitness: 0.04858
	- size (hid, conn): (0, 14)
	- genome id: 692
	- belongs to specie: 3
Genetic distance:
	- Maximum: 2.476
	- Mean: 1.655
	- Minimum: 0.000
	- Standard deviation: 0.644

Population of 125 members in 5 species:
	 SID    age    size    fitness    adj fit    stag 
	=====  =====  ======  =========  =========  ======
	  1      6      26      0.031      0.269      4   
	  2      6      20      0.027      0.273      4   
	  3      6      24      0.049      0.278      4   
	  4      6      29      0.028      0.235      4   
	  5      5      26      0.028      0.272      4   

Generation time: 212.956 sec  (206.676 average)
Population 'path_3' saved! Current generation: 7
Sample chosen: [886, 113, 376, 700, 134, 149, 415, 532, 448, 535, 663, 438, 317, 112, 905, 801]

********** Running generation 7 **********

Full population's fitness overview:
	-       best fitness: 0.05016
	-       mean fitness: 0.03301
	-      worst fitness: 0.00000
	- standard deviation: 0.00757
Best genome overview:
	- fitness: 0.05016
	- size (hid, conn): (0, 14)
	- genome id: 812
	- belongs to specie: 3
Genetic distance:
	- Maximum: 2.651
	- Mean: 1.671
	- Minimum: 0.000
	- Standard deviation: 0.643

Population of 123 members in 5 species:
	 SID    age    size    fitness    adj fit    stag 
	=====  =====  ======  =========  =========  ======
	  1      7      25      0.034      0.317      5   
	  2      7      22      0.034      0.318      5   
	  3      7      23      0.050      0.364      5   
	  4      7      27      0.036      0.324      5   
	  5      6      26      0.039      0.329      5   

Generation time: 204.694 sec  (206.428 average)
Population 'path_3' saved! Current generation: 8
Sample chosen: [54, 851, 755, 513, 624, 714, 141, 56, 537, 948, 776, 590, 208, 21, 150, 127]

********** Running generation 8 **********

Full population's fitness overview:
	-       best fitness: 0.11413
	-       mean fitness: 0.08817
	-      worst fitness: 0.00000
	- standard deviation: 0.02953
Best genome overview:
	- fitness: 0.11413
	- size (hid, conn): (1, 17)
	- genome id: 702
	- belongs to specie: 4
Genetic distance:
	- Maximum: 2.569
	- Mean: 1.718
	- Minimum: 0.000
	- Standard deviation: 0.621

Population of 128 members in 5 species:
	 SID    age    size    fitness    adj fit    stag 
	=====  =====  ======  =========  =========  ======
	  1      8      29      0.113      0.825      6   
	  2      8      25      0.113      0.964      6   
	  3      8      22      0.113      0.587      6   
	  4      8      29      0.114      0.936      6   
	  5      7      23      0.113      0.554      6   

Generation time: 198.772 sec  (205.578 average)
Population 'path_3' saved! Current generation: 9
Sample chosen: [461, 415, 996, 91, 498, 583, 523, 923, 692, 539, 688, 165, 315, 541, 181, 234]

********** Running generation 9 **********

Full population's fitness overview:
	-       best fitness: 0.04077
	-       mean fitness: 0.01744
	-      worst fitness: 0.00000
	- standard deviation: 0.00586
Best genome overview:
	- fitness: 0.04077
	- size (hid, conn): (1, 16)
	- genome id: 1046
	- belongs to specie: 3
Genetic distance:
	- Maximum: 2.849
	- Mean: 1.798
	- Minimum: 0.000
	- Standard deviation: 0.545

Population of 128 members in 6 species:
	 SID    age    size    fitness    adj fit    stag 
	=====  =====  ======  =========  =========  ======
	  1      9      21      0.024      0.159      7   
	  2      9      21      0.016      0.152      7   
	  3      9      24      0.041      0.219      7   
	  4      9      14      0.040      0.169      7   
	  5      8      25      0.026      0.181      7   
	  6      0      23       --         --        0   

Generation time: 212.088 sec  (206.229 average)
Population 'path_3' saved! Current generation: 10
Sample chosen: [895, 550, 109, 750, 983, 320, 516, 242, 281, 349, 98, 512, 617, 45, 825, 480]

********** Running generation 10 **********

Full population's fitness overview:
	-       best fitness: 0.10129
	-       mean fitness: 0.03049
	-      worst fitness: 0.00000
	- standard deviation: 0.01621
Best genome overview:
	- fitness: 0.10129
	- size (hid, conn): (3, 20)
	- genome id: 1155
	- belongs to specie: 4
Genetic distance:
	- Maximum: 2.840
	- Mean: 1.786
	- Minimum: 0.000
	- Standard deviation: 0.531

Population of 128 members in 6 species:
	 SID    age    size    fitness    adj fit    stag 
	=====  =====  ======  =========  =========  ======
	  1     10      6       0.046      0.260      8   
	  2     10      8       0.026      0.234      8   
	  3     10      27      0.078      0.434      8   
	  4     10      13      0.101      0.389      8   
	  5      9      21      0.040      0.231      8   
	  6      1      53      0.064      0.284      0   

Generation time: 210.213 sec  (206.821 average)
Population 'path_3' saved! Current generation: 11
Sample chosen: [429, 211, 506, 925, 622, 982, 539, 468, 347, 497, 619, 463, 224, 823, 800, 464]

********** Running generation 11 **********

Full population's fitness overview:
	-       best fitness: 0.06989
	-       mean fitness: 0.03456
	-      worst fitness: 0.00000
	- standard deviation: 0.01764
Best genome overview:
	- fitness: 0.06989
	- size (hid, conn): (2, 18)
	- genome id: 1250
	- belongs to specie: 6
Genetic distance:
	- Maximum: 2.792
	- Mean: 1.738
	- Minimum: 0.000
	- Standard deviation: 0.574

Population of 128 members in 6 species:
	 SID    age    size    fitness    adj fit    stag 
	=====  =====  ======  =========  =========  ======
	  1     11      12      0.045      0.270      9   
	  2     11      14      0.026      0.256      9   
	  3     11      30      0.070      0.483      9   
	  4     11      16      0.027      0.242      9   
	  5     10      20      0.037      0.269      9   
	  6      2      36      0.070      0.353      0   

Generation time: 209.418 sec  (206.876 average)
Population 'path_3' saved! Current generation: 12
Sample chosen: [679, 62, 825, 818, 830, 586, 431, 120, 101, 113, 548, 105, 773, 742, 153, 540]

********** Running generation 12 **********

Full population's fitness overview:
	-       best fitness: 0.14147
	-       mean fitness: 0.05496
	-      worst fitness: 0.00000
	- standard deviation: 0.03327
Best genome overview:
	- fitness: 0.14147
	- size (hid, conn): (3, 19)
	- genome id: 1278
	- belongs to specie: 6
Genetic distance:
	- Maximum: 2.736
	- Mean: 1.673
	- Minimum: 0.000
	- Standard deviation: 0.572

Population of 126 members in 6 species:
	 SID    age    size    fitness    adj fit    stag 
	=====  =====  ======  =========  =========  ======
	  1     12      13      0.045      0.212      10  
	  2     12      2       0.037      0.255      10  
	  3     12      32      0.138      0.546      10  
	  4     12      30      0.039      0.242      10  
	  5     11      17      0.037      0.225      10  
	  6      3      32      0.141      0.524      0   

Generation time: 210.020 sec  (208.084 average)
Population 'path_3' saved! Current generation: 13
Sample chosen: [506, 978, 483, 110, 999, 35, 143, 37, 919, 315, 433, 417, 855, 811, 717, 74]

********** Running generation 13 **********

Full population's fitness overview:
	-       best fitness: 0.11515
	-       mean fitness: 0.04408
	-      worst fitness: 0.00000
	- standard deviation: 0.02780
Best genome overview:
	- fitness: 0.11515
	- size (hid, conn): (2, 19)
	- genome id: 1366
	- belongs to specie: 6
Genetic distance:
	- Maximum: 2.699
	- Mean: 1.620
	- Minimum: 0.000
	- Standard deviation: 0.558

Population of 128 members in 6 species:
	 SID    age    size    fitness    adj fit    stag 
	=====  =====  ======  =========  =========  ======
	  1     13      17      0.055      0.356      11  
	  2     13      33      0.046      0.330      11  
	  3     13      30      0.108      0.417      11  
	  4     13      1       0.070      0.264      11  
	  5     12      17      0.052      0.166      11  
	  6      4      30      0.115      0.589      1   

Generation time: 201.558 sec  (207.074 average)
Population 'path_3' saved! Current generation: 14
Sample chosen: [661, 793, 886, 427, 180, 381, 841, 699, 220, 663, 574, 434, 648, 16, 362, 898]

********** Running generation 14 **********

Full population's fitness overview:
	-       best fitness: 0.06936
	-       mean fitness: 0.02002
	-      worst fitness: 0.00004
	- standard deviation: 0.01187
Best genome overview:
	- fitness: 0.06936
	- size (hid, conn): (2, 18)
	- genome id: 1565
	- belongs to specie: 6
Genetic distance:
	- Maximum: 2.983
	- Mean: 1.609
	- Minimum: 0.000
	- Standard deviation: 0.577

Population of 130 members in 6 species:
	 SID    age    size    fitness    adj fit    stag 
	=====  =====  ======  =========  =========  ======
	  1     14      20      0.033      0.200      12  
	  2     14      32      0.035      0.133      12  
	  3     14      30      0.041      0.232      12  
	  4     14      3       0.011      0.110      12  
	  5     13      17      0.032      0.139      12  
	  6      5      28      0.069      0.277      2   

Generation time: 205.833 sec  (207.430 average)
Population 'path_3' saved! Current generation: 15
Sample chosen: [726, 114, 247, 222, 593, 323, 70, 803, 471, 840, 596, 403, 194, 673, 666, 914]

********** Running generation 15 **********

Full population's fitness overview:
	-       best fitness: 0.15970
	-       mean fitness: 0.06218
	-      worst fitness: 0.00000
	- standard deviation: 0.03224
Best genome overview:
	- fitness: 0.15970
	- size (hid, conn): (0, 13)
	- genome id: 1700
	- belongs to specie: 3
Genetic distance:
	- Maximum: 2.823
	- Mean: 1.631
	- Minimum: 0.000
	- Standard deviation: 0.572

Population of 129 members in 6 species:
	 SID    age    size    fitness    adj fit    stag 
	=====  =====  ======  =========  =========  ======
	  1     15      21      0.094      0.400      13  
	  2     15      26      0.107      0.353      13  
	  3     15      28      0.160      0.487      13  
	  4     15      13      0.073      0.380      13  
	  5     14      16      0.079      0.269      13  
	  6      6      25      0.107      0.393      3   

Generation time: 205.710 sec  (207.126 average)
Population 'path_3' saved! Current generation: 16
Sample chosen: [119, 329, 887, 530, 594, 678, 677, 743, 809, 688, 333, 39, 77, 493, 729, 892]

********** Running generation 16 **********

Full population's fitness overview:
	-       best fitness: 0.10988
	-       mean fitness: 0.04285
	-      worst fitness: 0.00000
	- standard deviation: 0.02047
Best genome overview:
	- fitness: 0.10988
	- size (hid, conn): (1, 15)
	- genome id: 1881
	- belongs to specie: 5
Genetic distance:
	- Maximum: 2.761
	- Mean: 1.648
	- Minimum: 0.000
	- Standard deviation: 0.580

Population of 127 members in 6 species:
	 SID    age    size    fitness    adj fit    stag 
	=====  =====  ======  =========  =========  ======
	  1     16      19      0.048      0.304      14  
	  2     16      6       0.092      0.427      14  
	  3     16      27      0.095      0.449      14  
	  4     16      35      0.040      0.271      14  
	  5     15      15      0.110      0.353      14  
	  6      7      25      0.071      0.443      4   

Generation time: 211.788 sec  (207.010 average)
Population 'path_3' saved! Current generation: 17
Sample chosen: [307, 968, 736, 861, 365, 440, 256, 198, 116, 131, 776, 856, 578, 595, 429, 25]

********** Running generation 17 **********

Full population's fitness overview:
	-       best fitness: 0.15215
	-       mean fitness: 0.05407
	-      worst fitness: 0.00003
	- standard deviation: 0.03600
Best genome overview:
	- fitness: 0.15215
	- size (hid, conn): (0, 13)
	- genome id: 1935
	- belongs to specie: 2

Species 4 with 35 members is stagnated (fitness: 0.11459293477776167): removing it

Species 1 with 19 members is stagnated (fitness: 0.03214140903479071): removing it
Genetic distance:
	- Maximum: 2.797
	- Mean: 1.620
	- Minimum: 0.007
	- Standard deviation: 0.678

Population of 128 members in 4 species:
	 SID    age    size    fitness    adj fit    stag 
	=====  =====  ======  =========  =========  ======
	  2     17      34      0.152      0.706      15  
	  3     17      34      0.120      0.385      15  
	  5     16      27      0.143      0.388      15  
	  6      8      33      0.111      0.411      5   

Generation time: 207.336 sec  (207.274 average)
Population 'path_3' saved! Current generation: 18
Sample chosen: [163, 497, 466, 119, 867, 674, 272, 464, 773, 831, 934, 248, 341, 960, 908, 24]

********** Running generation 18 **********

Full population's fitness overview:
	-       best fitness: 0.11414
	-       mean fitness: 0.04681
	-      worst fitness: 0.00000
	- standard deviation: 0.02169
Best genome overview:
	- fitness: 0.11414
	- size (hid, conn): (0, 13)
	- genome id: 1935
	- belongs to specie: 2

Species 3 with 34 members is stagnated (fitness: 0.059143288540589464): removing it
Genetic distance:
	- Maximum: 3.001
	- Mean: 1.505
	- Minimum: 0.000
	- Standard deviation: 0.816

Population of 128 members in 3 species:
	 SID    age    size    fitness    adj fit    stag 
	=====  =====  ======  =========  =========  ======
	  2     18      44      0.114      0.457      16  
	  5     17      37      0.093      0.363      16  
	  6      9      47      0.075      0.421      6   

Generation time: 211.080 sec  (208.505 average)
Population 'path_3' saved! Current generation: 19
Sample chosen: [606, 343, 384, 261, 280, 615, 537, 132, 543, 492, 474, 822, 501, 893, 540, 963]

********** Running generation 19 **********

Full population's fitness overview:
	-       best fitness: 0.15914
	-       mean fitness: 0.09449
	-      worst fitness: 0.00000
	- standard deviation: 0.03997
Best genome overview:
	- fitness: 0.15914
	- size (hid, conn): (0, 12)
	- genome id: 2124
	- belongs to specie: 2
Genetic distance:
	- Maximum: 2.694
	- Mean: 1.472
	- Minimum: 0.006
	- Standard deviation: 0.814

Population of 127 members in 3 species:
	 SID    age    size    fitness    adj fit    stag 
	=====  =====  ======  =========  =========  ======
	  2     19      47      0.159      0.759      17  
	  5     18      33      0.120      0.405      17  
	  6     10      47      0.143      0.587      0   

Generation time: 208.307 sec  (208.126 average)
Population 'path_3' saved! Current generation: 20
Sample chosen: [125, 41, 208, 235, 68, 70, 805, 845, 433, 669, 376, 909, 802, 981, 596, 27]

********** Running generation 20 **********

Full population's fitness overview:
	-       best fitness: 0.18932
	-       mean fitness: 0.10093
	-      worst fitness: 0.00008
	- standard deviation: 0.05528
Best genome overview:
	- fitness: 0.18932
	- size (hid, conn): (0, 11)
	- genome id: 2230
	- belongs to specie: 2

Species 5 with 33 members is stagnated (fitness: 0.13077724375135424): removing it
Genetic distance:
	- Maximum: 2.450
	- Mean: 1.211
	- Minimum: 0.000
	- Standard deviation: 0.737

Population of 128 members in 2 species:
	 SID    age    size    fitness    adj fit    stag 
	=====  =====  ======  =========  =========  ======
	  2     20      66      0.189      0.667      0   
	  6     11      62      0.165      0.590      0   

Generation time: 204.424 sec  (207.548 average)
Population 'path_3' saved! Current generation: 21
Sample chosen: [45, 829, 570, 121, 801, 961, 343, 610, 820, 911, 926, 341, 709, 914, 800, 268]

********** Running generation 21 **********

Full population's fitness overview:
	-       best fitness: 0.20726
	-       mean fitness: 0.08641
	-      worst fitness: 0.00000
	- standard deviation: 0.05599
Best genome overview:
	- fitness: 0.20726
	- size (hid, conn): (0, 13)
	- genome id: 2377
	- belongs to specie: 2
Genetic distance:
	- Maximum: 2.488
	- Mean: 1.195
	- Minimum: 0.013
	- Standard deviation: 0.727

Population of 127 members in 2 species:
	 SID    age    size    fitness    adj fit    stag 
	=====  =====  ======  =========  =========  ======
	  2     21      72      0.207      0.546      0   
	  6     12      55      0.110      0.280      1   

Generation time: 210.388 sec  (207.644 average)
Population 'path_3' saved! Current generation: 22
Sample chosen: [364, 298, 930, 417, 247, 438, 226, 450, 318, 928, 535, 881, 553, 391, 829, 749]

********** Running generation 22 **********

Full population's fitness overview:
	-       best fitness: 0.24955
	-       mean fitness: 0.14435
	-      worst fitness: 0.00000
	- standard deviation: 0.06833
Best genome overview:
	- fitness: 0.24955
	- size (hid, conn): (0, 13)
	- genome id: 2506
	- belongs to specie: 2
Genetic distance:
	- Maximum: 2.372
	- Mean: 1.219
	- Minimum: 0.000
	- Standard deviation: 0.671

Population of 126 members in 2 species:
	 SID    age    size    fitness    adj fit    stag 
	=====  =====  ======  =========  =========  ======
	  2     22      69      0.250      0.626      0   
	  6     13      57      0.202      0.516      0   

Generation time: 206.936 sec  (207.336 average)
Population 'path_3' saved! Current generation: 23
Sample chosen: [31, 264, 962, 153, 208, 866, 85, 214, 768, 467, 836, 450, 657, 398, 724, 279]

********** Running generation 23 **********

Full population's fitness overview:
	-       best fitness: 0.26216
	-       mean fitness: 0.18147
	-      worst fitness: 0.00012
	- standard deviation: 0.06710
Best genome overview:
	- fitness: 0.26216
	- size (hid, conn): (2, 19)
	- genome id: 2694
	- belongs to specie: 6
Genetic distance:
	- Maximum: 2.272
	- Mean: 1.212
	- Minimum: 0.000
	- Standard deviation: 0.685

Population of 128 members in 2 species:
	 SID    age    size    fitness    adj fit    stag 
	=====  =====  ======  =========  =========  ======
	  2     23      67      0.243      0.684      1   
	  6     14      61      0.262      0.701      0   

Generation time: 206.557 sec  (207.836 average)
Population 'path_3' saved! Current generation: 24
Sample chosen: [413, 933, 668, 774, 751, 395, 275, 183, 632, 559, 507, 367, 171, 657, 103, 741]

********** Running generation 24 **********

Full population's fitness overview:
	-       best fitness: 0.28064
	-       mean fitness: 0.13130
	-      worst fitness: 0.00001
	- standard deviation: 0.05920
Best genome overview:
	- fitness: 0.28064
	- size (hid, conn): (0, 12)
	- genome id: 2802
	- belongs to specie: 2
Genetic distance:
	- Maximum: 2.349
	- Mean: 1.234
	- Minimum: 0.058
	- Standard deviation: 0.685

Population of 128 members in 2 species:
	 SID    age    size    fitness    adj fit    stag 
	=====  =====  ======  =========  =========  ======
	  2     24      67      0.281      0.489      0   
	  6     15      61      0.177      0.444      1   

Generation time: 206.156 sec  (207.868 average)
Population 'path_3' saved! Current generation: 25
Sample chosen: [75, 60, 854, 129, 751, 31, 619, 191, 283, 803, 205, 512, 675, 695, 61, 771]

********** Running generation 25 **********

Full population's fitness overview:
	-       best fitness: 0.12530
	-       mean fitness: 0.06638
	-      worst fitness: 0.00000
	- standard deviation: 0.03110
Best genome overview:
	- fitness: 0.12530
	- size (hid, conn): (0, 12)
	- genome id: 2607
	- belongs to specie: 2
Genetic distance:
	- Maximum: 2.258
	- Mean: 1.257
	- Minimum: 0.014
	- Standard deviation: 0.665

Population of 127 members in 2 species:
	 SID    age    size    fitness    adj fit    stag 
	=====  =====  ======  =========  =========  ======
	  2     25      62      0.125      0.525      1   
	  6     16      65      0.100      0.535      2   

Generation time: 211.237 sec  (208.421 average)
Population 'path_3' saved! Current generation: 26
Sample chosen: [60, 186, 5, 838, 257, 724, 437, 919, 143, 440, 745, 140, 429, 769, 642, 542]

********** Running generation 26 **********

Full population's fitness overview:
	-       best fitness: 0.19559
	-       mean fitness: 0.11468
	-      worst fitness: 0.00000
	- standard deviation: 0.04989
Best genome overview:
	- fitness: 0.19559
	- size (hid, conn): (3, 18)
	- genome id: 3014
	- belongs to specie: 6
Genetic distance:
	- Maximum: 2.526
	- Mean: 1.249
	- Minimum: 0.031
	- Standard deviation: 0.677

Population of 128 members in 2 species:
	 SID    age    size    fitness    adj fit    stag 
	=====  =====  ======  =========  =========  ======
	  2     26      62      0.180      0.559      2   
	  6     17      66      0.196      0.613      3   

Generation time: 208.790 sec  (208.121 average)
Population 'path_3' saved! Current generation: 27
Sample chosen: [580, 896, 289, 741, 213, 553, 159, 721, 880, 906, 358, 189, 691, 443, 249, 923]

********** Running generation 27 **********

Full population's fitness overview:
	-       best fitness: 0.14487
	-       mean fitness: 0.04617
	-      worst fitness: 0.00001
	- standard deviation: 0.03048
Best genome overview:
	- fitness: 0.14487
	- size (hid, conn): (0, 12)
	- genome id: 3133
	- belongs to specie: 2
Genetic distance:
	- Maximum: 2.882
	- Mean: 1.254
	- Minimum: 0.040
	- Standard deviation: 0.714

Population of 128 members in 2 species:
	 SID    age    size    fitness    adj fit    stag 
	=====  =====  ======  =========  =========  ======
	  2     27      74      0.145      0.433      3   
	  6     18      54      0.065      0.211      4   

Generation time: 209.780 sec  (208.366 average)
Population 'path_3' saved! Current generation: 28
Sample chosen: [708, 934, 17, 66, 88, 610, 625, 385, 450, 868, 83, 923, 173, 852, 61, 947]

********** Running generation 28 **********

Full population's fitness overview:
	-       best fitness: 0.14638
	-       mean fitness: 0.09233
	-      worst fitness: 0.00000
	- standard deviation: 0.03847
Best genome overview:
	- fitness: 0.14638
	- size (hid, conn): (0, 13)
	- genome id: 3227
	- belongs to specie: 2
Genetic distance:
	- Maximum: 2.298
	- Mean: 1.239
	- Minimum: 0.000
	- Standard deviation: 0.692

Population of 128 members in 2 species:
	 SID    age    size    fitness    adj fit    stag 
	=====  =====  ======  =========  =========  ======
	  2     28      67      0.146      0.639      4   
	  6     19      61      0.123      0.619      5   

Generation time: 208.739 sec  (208.131 average)
Population 'path_3' saved! Current generation: 29
Sample chosen: [49, 25, 986, 754, 291, 104, 873, 806, 313, 491, 227, 915, 465, 921, 724, 108]

********** Running generation 29 **********

Full population's fitness overview:
	-       best fitness: 0.11140
	-       mean fitness: 0.06774
	-      worst fitness: 0.00000
	- standard deviation: 0.02595
Best genome overview:
	- fitness: 0.11140
	- size (hid, conn): (1, 16)
	- genome id: 3364
	- belongs to specie: 6
Genetic distance:
	- Maximum: 2.462
	- Mean: 1.286
	- Minimum: 0.000
	- Standard deviation: 0.665

Population of 128 members in 2 species:
	 SID    age    size    fitness    adj fit    stag 
	=====  =====  ======  =========  =========  ======
	  2     29      65      0.093      0.602      5   
	  6     20      63      0.111      0.614      6   

Generation time: 213.158 sec  (208.617 average)
Population 'path_3' saved! Current generation: 30
Sample chosen: [831, 322, 117, 35, 121, 390, 696, 808, 617, 240, 427, 772, 10, 249, 917, 255]

********** Running generation 30 **********

Full population's fitness overview:
	-       best fitness: 0.09449
	-       mean fitness: 0.05015
	-      worst fitness: 0.00004
	- standard deviation: 0.02502
Best genome overview:
	- fitness: 0.09449
	- size (hid, conn): (0, 9)
	- genome id: 3517
	- belongs to specie: 2
Genetic distance:
	- Maximum: 2.546
	- Mean: 1.415
	- Minimum: 0.000
	- Standard deviation: 0.630

Population of 128 members in 2 species:
	 SID    age    size    fitness    adj fit    stag 
	=====  =====  ======  =========  =========  ======
	  2     30      68      0.094      0.562      6   
	  6     21      60      0.087      0.438      7   

Generation time: 213.976 sec  (209.572 average)
Population 'path_3' saved! Current generation: 31
Sample chosen: [645, 676, 158, 591, 709, 115, 227, 742, 416, 53, 473, 399, 799, 247, 638, 131]

********** Running generation 31 **********

Full population's fitness overview:
	-       best fitness: 0.23644
	-       mean fitness: 0.09976
	-      worst fitness: 0.00000
	- standard deviation: 0.05083
Best genome overview:
	- fitness: 0.23644
	- size (hid, conn): (2, 16)
	- genome id: 3647
	- belongs to specie: 6
Genetic distance:
	- Maximum: 2.293
	- Mean: 1.351
	- Minimum: 0.000
	- Standard deviation: 0.632

Population of 128 members in 2 species:
	 SID    age    size    fitness    adj fit    stag 
	=====  =====  ======  =========  =========  ======
	  2     31      67      0.166      0.433      7   
	  6     22      61      0.236      0.409      8   

Generation time: 211.634 sec  (209.696 average)
Population 'path_3' saved! Current generation: 32
Sample chosen: [494, 293, 823, 732, 421, 207, 775, 903, 348, 976, 614, 417, 55, 997, 693, 124]

********** Running generation 32 **********

Full population's fitness overview:
	-       best fitness: 0.11986
	-       mean fitness: 0.06009
	-      worst fitness: 0.00001
	- standard deviation: 0.02227
Best genome overview:
	- fitness: 0.11986
	- size (hid, conn): (0, 13)
	- genome id: 3751
	- belongs to specie: 2
Genetic distance:
	- Maximum: 2.555
	- Mean: 1.407
	- Minimum: 0.048
	- Standard deviation: 0.604

Population of 128 members in 2 species:
	 SID    age    size    fitness    adj fit    stag 
	=====  =====  ======  =========  =========  ======
	  2     32      65      0.120      0.479      8   
	  6     23      63      0.106      0.526      9   

Generation time: 213.906 sec  (210.393 average)
Population 'path_3' saved! Current generation: 33
Sample chosen: [260, 170, 773, 531, 13, 372, 35, 338, 79, 374, 245, 994, 69, 211, 934, 193]

********** Running generation 33 **********

Full population's fitness overview:
	-       best fitness: 0.19010
	-       mean fitness: 0.09185
	-      worst fitness: 0.00017
	- standard deviation: 0.05003
Best genome overview:
	- fitness: 0.19010
	- size (hid, conn): (0, 14)
	- genome id: 3733
	- belongs to specie: 2
Genetic distance:
	- Maximum: 2.618
	- Mean: 1.444
	- Minimum: 0.030
	- Standard deviation: 0.573

Population of 128 members in 2 species:
	 SID    age    size    fitness    adj fit    stag 
	=====  =====  ======  =========  =========  ======
	  2     33      68      0.190      0.576      9   
	  6     24      60      0.149      0.387      10  

Generation time: 213.048 sec  (211.042 average)
Population 'path_3' saved! Current generation: 34
Sample chosen: [344, 725, 429, 70, 127, 648, 676, 511, 994, 266, 947, 170, 752, 600, 101, 983]

********** Running generation 34 **********

Full population's fitness overview:
	-       best fitness: 0.17124
	-       mean fitness: 0.07010
	-      worst fitness: 0.00001
	- standard deviation: 0.03112
Best genome overview:
	- fitness: 0.17124
	- size (hid, conn): (2, 16)
	- genome id: 3980
	- belongs to specie: 6
Genetic distance:
	- Maximum: 2.316
	- Mean: 1.479
	- Minimum: 0.016
	- Standard deviation: 0.558

Population of 128 members in 2 species:
	 SID    age    size    fitness    adj fit    stag 
	=====  =====  ======  =========  =========  ======
	  2     34      68      0.121      0.438      10  
	  6     25      60      0.171      0.377      11  

Generation time: 215.792 sec  (212.006 average)
Population 'path_3' saved! Current generation: 35
Sample chosen: [733, 966, 140, 756, 42, 373, 411, 34, 968, 126, 45, 443, 300, 489, 981, 874]

********** Running generation 35 **********

Full population's fitness overview:
	-       best fitness: 0.36193
	-       mean fitness: 0.11694
	-      worst fitness: 0.00008
	- standard deviation: 0.06715
Best genome overview:
	- fitness: 0.36193
	- size (hid, conn): (2, 16)
	- genome id: 3861
	- belongs to specie: 6
Genetic distance:
	- Maximum: 2.449
	- Mean: 1.418
	- Minimum: 0.037
	- Standard deviation: 0.658

Population of 128 members in 2 species:
	 SID    age    size    fitness    adj fit    stag 
	=====  =====  ======  =========  =========  ======
	  2     35      70      0.207      0.328      11  
	  6     26      58      0.362      0.317      0   

Generation time: 214.713 sec  (212.354 average)
Population 'path_3' saved! Current generation: 36
Sample chosen: [53, 519, 725, 42, 594, 462, 711, 606, 960, 930, 421, 670, 774, 200, 680, 39]

********** Running generation 36 **********

Full population's fitness overview:
	-       best fitness: 0.14671
	-       mean fitness: 0.05417
	-      worst fitness: 0.00003
	- standard deviation: 0.02723
Best genome overview:
	- fitness: 0.14671
	- size (hid, conn): (0, 14)
	- genome id: 4163
	- belongs to specie: 6
Genetic distance:
	- Maximum: 2.481
	- Mean: 1.567
	- Minimum: 0.081
	- Standard deviation: 0.600

Population of 128 members in 3 species:
	 SID    age    size    fitness    adj fit    stag 
	=====  =====  ======  =========  =========  ======
	  2     36      68      0.079      0.347      12  
	  6     27      40      0.147      0.395      1   
	  7      0      20       --         --        0   

Generation time: 211.578 sec  (212.632 average)
Population 'path_3' saved! Current generation: 37
Sample chosen: [925, 711, 319, 563, 234, 635, 977, 133, 284, 497, 927, 467, 211, 383, 701, 632]

********** Running generation 37 **********

Full population's fitness overview:
	-       best fitness: 0.32147
	-       mean fitness: 0.12190
	-      worst fitness: 0.00000
	- standard deviation: 0.08502
Best genome overview:
	- fitness: 0.32147
	- size (hid, conn): (0, 14)
	- genome id: 4301
	- belongs to specie: 6
Genetic distance:
	- Maximum: 2.452
	- Mean: 1.475
	- Minimum: 0.028
	- Standard deviation: 0.610

Population of 128 members in 3 species:
	 SID    age    size    fitness    adj fit    stag 
	=====  =====  ======  =========  =========  ======
	  2     37      54      0.245      0.308      13  
	  6     28      35      0.321      0.513      2   
	  7      1      39      0.305      0.356      0   

Generation time: 210.806 sec  (212.735 average)
Population 'path_3' saved! Current generation: 38
Sample chosen: [246, 633, 161, 841, 817, 380, 255, 369, 427, 471, 1, 916, 390, 617, 827, 353]

********** Running generation 38 **********

Full population's fitness overview:
	-       best fitness: 0.38103
	-       mean fitness: 0.09533
	-      worst fitness: 0.00019
	- standard deviation: 0.07955
Best genome overview:
	- fitness: 0.38103
	- size (hid, conn): (4, 19)
	- genome id: 4425
	- belongs to specie: 7
Genetic distance:
	- Maximum: 2.691
	- Mean: 1.373
	- Minimum: 0.003
	- Standard deviation: 0.688

Population of 128 members in 3 species:
	 SID    age    size    fitness    adj fit    stag 
	=====  =====  ======  =========  =========  ======
	  2     38      44      0.141      0.174      14  
	  6     29      46      0.188      0.245      3   
	  7      2      38      0.381      0.360      0   

Generation time: 215.457 sec  (213.407 average)
Population 'path_3' saved! Current generation: 39
Sample chosen: [866, 464, 541, 511, 14, 413, 138, 74, 843, 997, 46, 234, 981, 705, 13, 547]

********** Running generation 39 **********

Full population's fitness overview:
	-       best fitness: 0.37132
	-       mean fitness: 0.12539
	-      worst fitness: 0.00009
	- standard deviation: 0.08851
Best genome overview:
	- fitness: 0.37132
	- size (hid, conn): (4, 19)
	- genome id: 4498
	- belongs to specie: 7

Species 2 with 44 members is stagnated (fitness: 0.13428439258551525): removing it
Genetic distance:
	- Maximum: 1.981
	- Mean: 0.857
	- Minimum: 0.017
	- Standard deviation: 0.460

Population of 128 members in 2 species:
	 SID    age    size    fitness    adj fit    stag 
	=====  =====  ======  =========  =========  ======
	  6     30      64      0.297      0.371      4   
	  7      3      64      0.371      0.431      1   

Generation time: 210.927 sec  (213.184 average)
Population 'path_3' saved! Current generation: 40
Sample chosen: [249, 407, 852, 147, 822, 462, 41, 305, 233, 347, 585, 220, 317, 514, 348, 990]

********** Running generation 40 **********

Full population's fitness overview:
	-       best fitness: 0.27782
	-       mean fitness: 0.07064
	-      worst fitness: 0.00001
	- standard deviation: 0.05557
Best genome overview:
	- fitness: 0.27782
	- size (hid, conn): (1, 15)
	- genome id: 4708
	- belongs to specie: 6
Genetic distance:
	- Maximum: 2.099
	- Mean: 0.926
	- Minimum: 0.007
	- Standard deviation: 0.438

Population of 127 members in 2 species:
	 SID    age    size    fitness    adj fit    stag 
	=====  =====  ======  =========  =========  ======
	  6     31      72      0.278      0.287      5   
	  7      4      55      0.234      0.222      2   

Generation time: 209.381 sec  (212.724 average)
Population 'path_3' saved! Current generation: 41
Sample chosen: [699, 724, 719, 436, 364, 314, 935, 726, 23, 886, 700, 938, 720, 253, 119, 438]

********** Running generation 41 **********

Full population's fitness overview:
	-       best fitness: 0.19833
	-       mean fitness: 0.05795
	-      worst fitness: 0.00000
	- standard deviation: 0.04625
Best genome overview:
	- fitness: 0.19833
	- size (hid, conn): (1, 15)
	- genome id: 4708
	- belongs to specie: 6
Genetic distance:
	- Maximum: 2.162
	- Mean: 1.025
	- Minimum: 0.006
	- Standard deviation: 0.481

Population of 127 members in 2 species:
	 SID    age    size    fitness    adj fit    stag 
	=====  =====  ======  =========  =========  ======
	  6     32      75      0.198      0.331      6   
	  7      5      52      0.136      0.241      3   

Generation time: 209.435 sec  (212.504 average)
Population 'path_3' saved! Current generation: 42
Sample chosen: [82, 544, 483, 436, 164, 641, 675, 41, 614, 200, 397, 962, 243, 865, 361, 742]

********** Running generation 42 **********

Full population's fitness overview:
	-       best fitness: 0.24074
	-       mean fitness: 0.06880
	-      worst fitness: 0.00003
	- standard deviation: 0.05464
Best genome overview:
	- fitness: 0.24074
	- size (hid, conn): (1, 15)
	- genome id: 4708
	- belongs to specie: 6
Genetic distance:
	- Maximum: 2.149
	- Mean: 1.150
	- Minimum: 0.000
	- Standard deviation: 0.485

Population of 127 members in 2 species:
	 SID    age    size    fitness    adj fit    stag 
	=====  =====  ======  =========  =========  ======
	  6     33      71      0.241      0.337      7   
	  7      6      56      0.149      0.212      4   

Generation time: 210.119 sec  (212.126 average)
Population 'path_3' saved! Current generation: 43
Sample chosen: [114, 885, 569, 313, 946, 860, 986, 298, 244, 914, 952, 876, 782, 783, 463, 89]

********** Running generation 43 **********

Full population's fitness overview:
	-       best fitness: 0.30853
	-       mean fitness: 0.07434
	-      worst fitness: 0.00001
	- standard deviation: 0.06433
Best genome overview:
	- fitness: 0.30853
	- size (hid, conn): (1, 15)
	- genome id: 4708
	- belongs to specie: 6
Genetic distance:
	- Maximum: 2.596
	- Mean: 1.341
	- Minimum: 0.013
	- Standard deviation: 0.538

Population of 127 members in 3 species:
	 SID    age    size    fitness    adj fit    stag 
	=====  =====  ======  =========  =========  ======
	  6     34      45      0.309      0.302      8   
	  7      7      47      0.146      0.163      5   
	  8      0      35       --         --        0   

Generation time: 209.383 sec  (211.759 average)
Population 'path_3' saved! Current generation: 44
Sample chosen: [992, 32, 575, 621, 625, 372, 132, 151, 299, 649, 152, 26, 757, 362, 379, 98]

********** Running generation 44 **********

Full population's fitness overview:
	-       best fitness: 0.37183
	-       mean fitness: 0.08980
	-      worst fitness: 0.00004
	- standard deviation: 0.07782
Best genome overview:
	- fitness: 0.37183
	- size (hid, conn): (1, 15)
	- genome id: 4708
	- belongs to specie: 8
Genetic distance:
	- Maximum: 2.639
	- Mean: 1.376
	- Minimum: 0.000
	- Standard deviation: 0.584

Population of 128 members in 3 species:
	 SID    age    size    fitness    adj fit    stag 
	=====  =====  ======  =========  =========  ======
	  6     35      12      0.265      0.241      9   
	  7      8      41      0.318      0.176      6   
	  8      1      75      0.372      0.331      0   

Generation time: 214.791 sec  (211.659 average)
Population 'path_3' saved! Current generation: 45
Sample chosen: [575, 305, 40, 216, 796, 752, 784, 154, 587, 907, 798, 897, 213, 57, 374, 199]

********** Running generation 45 **********

Full population's fitness overview:
	-       best fitness: 0.26817
	-       mean fitness: 0.08197
	-      worst fitness: 0.00001
	- standard deviation: 0.06841
Best genome overview:
	- fitness: 0.26817
	- size (hid, conn): (0, 12)
	- genome id: 5217
	- belongs to specie: 8
Genetic distance:
	- Maximum: 2.293
	- Mean: 1.295
	- Minimum: 0.000
	- Standard deviation: 0.547

Population of 127 members in 3 species:
	 SID    age    size    fitness    adj fit    stag 
	=====  =====  ======  =========  =========  ======
	  6     36      21      0.158      0.161      10  
	  7      9      42      0.222      0.259      7   
	  8      2      64      0.268      0.354      1   

Generation time: 213.015 sec  (211.489 average)
Population 'path_3' saved! Current generation: 46
Sample chosen: [210, 745, 139, 782, 779, 708, 994, 873, 257, 612, 93, 275, 663, 776, 26, 112]

********** Running generation 46 **********

Full population's fitness overview:
	-       best fitness: 0.44711
	-       mean fitness: 0.16932
	-      worst fitness: 0.00003
	- standard deviation: 0.10139
Best genome overview:
	- fitness: 0.44711
	- size (hid, conn): (1, 15)
	- genome id: 5314
	- belongs to specie: 8
Genetic distance:
	- Maximum: 2.221
	- Mean: 1.278
	- Minimum: 0.000
	- Standard deviation: 0.531

Population of 127 members in 3 species:
	 SID    age    size    fitness    adj fit    stag 
	=====  =====  ======  =========  =========  ======
	  6     37      27      0.303      0.306      11  
	  7     10      39      0.289      0.290      8   
	  8      3      61      0.447      0.460      0   

Generation time: 204.927 sec  (210.824 average)
Population 'path_3' saved! Current generation: 47
Sample chosen: [323, 699, 354, 471, 917, 408, 384, 499, 989, 469, 381, 719, 42, 127, 630, 150]

********** Running generation 47 **********

Full population's fitness overview:
	-       best fitness: 0.39534
	-       mean fitness: 0.16543
	-      worst fitness: 0.00001
	- standard deviation: 0.11959
Best genome overview:
	- fitness: 0.39534
	- size (hid, conn): (1, 15)
	- genome id: 5465
	- belongs to specie: 8
Genetic distance:
	- Maximum: 2.341
	- Mean: 1.204
	- Minimum: 0.013
	- Standard deviation: 0.556

Population of 126 members in 3 species:
	 SID    age    size    fitness    adj fit    stag 
	=====  =====  ======  =========  =========  ======
	  6     38      37      0.364      0.456      0   
	  7     11      32      0.367      0.275      9   
	  8      4      57      0.395      0.494      1   

Generation time: 205.266 sec  (210.270 average)
Population 'path_3' saved! Current generation: 48
Sample chosen: [720, 869, 176, 199, 459, 309, 71, 331, 327, 802, 65, 879, 903, 474, 611, 916]

********** Running generation 48 **********

Full population's fitness overview:
	-       best fitness: 0.49604
	-       mean fitness: 0.21196
	-      worst fitness: 0.00011
	- standard deviation: 0.13554
Best genome overview:
	- fitness: 0.49604
	- size (hid, conn): (0, 15)
	- genome id: 5500
	- belongs to specie: 8
Genetic distance:
	- Maximum: 2.255
	- Mean: 1.162
	- Minimum: 0.016
	- Standard deviation: 0.527

Population of 126 members in 3 species:
	 SID    age    size    fitness    adj fit    stag 
	=====  =====  ======  =========  =========  ======
	  6     39      19      0.489      0.398      0   
	  7     12      66      0.400      0.425      0   
	  8      5      41      0.496      0.448      0   

Generation time: 204.937 sec  (209.218 average)
Population 'path_3' saved! Current generation: 49
Sample chosen: [787, 571, 528, 193, 184, 983, 264, 522, 604, 419, 858, 190, 651, 255, 889, 287]

********** Running generation 49 **********

Full population's fitness overview:
	-       best fitness: 0.42491
	-       mean fitness: 0.14562
	-      worst fitness: 0.00018
	- standard deviation: 0.10730
Best genome overview:
	- fitness: 0.42491
	- size (hid, conn): (0, 15)
	- genome id: 5500
	- belongs to specie: 7
Genetic distance:
	- Maximum: 2.026
	- Mean: 1.133
	- Minimum: 0.000
	- Standard deviation: 0.530

Population of 127 members in 3 species:
	 SID    age    size    fitness    adj fit    stag 
	=====  =====  ======  =========  =========  ======
	  6     40      32      0.361      0.357      1   
	  7     13      61      0.425      0.377      0   
	  8      6      34      0.297      0.279      1   

Generation time: 206.782 sec  (208.804 average)
Population 'path_3' saved! Current generation: 50
Sample chosen: [989, 574, 176, 883, 62, 773, 375, 397, 340, 88, 917, 681, 116, 342, 227, 676]

********** Running generation 50 **********

Full population's fitness overview:
	-       best fitness: 0.29282
	-       mean fitness: 0.09888
	-      worst fitness: 0.00007
	- standard deviation: 0.08272
Best genome overview:
	- fitness: 0.29282
	- size (hid, conn): (0, 13)
	- genome id: 5795
	- belongs to specie: 7
Genetic distance:
	- Maximum: 2.016
	- Mean: 1.207
	- Minimum: 0.000
	- Standard deviation: 0.504

Population of 126 members in 3 species:
	 SID    age    size    fitness    adj fit    stag 
	=====  =====  ======  =========  =========  ======
	  6     41      34      0.259      0.320      2   
	  7     14      36      0.293      0.344      1   
	  8      7      56      0.289      0.343      2   

Generation time: 211.491 sec  (209.015 average)
Population 'path_3' saved! Current generation: 51
Sample chosen: [269, 988, 384, 453, 68, 228, 986, 997, 109, 798, 522, 176, 2, 449, 721, 835]

********** Running generation 51 **********

Full population's fitness overview:
	-       best fitness: 0.42460
	-       mean fitness: 0.10571
	-      worst fitness: 0.00002
	- standard deviation: 0.08711
Best genome overview:
	- fitness: 0.42460
	- size (hid, conn): (1, 15)
	- genome id: 5959
	- belongs to specie: 8
Genetic distance:
	- Maximum: 1.980
	- Mean: 1.113
	- Minimum: 0.000
	- Standard deviation: 0.470

Population of 126 members in 3 species:
	 SID    age    size    fitness    adj fit    stag 
	=====  =====  ======  =========  =========  ======
	  6     42      38      0.190      0.210      3   
	  7     15      35      0.241      0.192      2   
	  8      8      53      0.425      0.309      3   

Generation time: 210.131 sec  (209.084 average)
Population 'path_3' saved! Current generation: 52
Sample chosen: [766, 344, 582, 634, 366, 975, 625, 916, 535, 678, 935, 189, 601, 932, 846, 803]

********** Running generation 52 **********

Full population's fitness overview:
	-       best fitness: 0.39842
	-       mean fitness: 0.14250
	-      worst fitness: 0.00000
	- standard deviation: 0.10387
Best genome overview:
	- fitness: 0.39842
	- size (hid, conn): (2, 15)
	- genome id: 6021
	- belongs to specie: 8
Genetic distance:
	- Maximum: 1.939
	- Mean: 1.129
	- Minimum: 0.000
	- Standard deviation: 0.490

Population of 125 members in 3 species:
	 SID    age    size    fitness    adj fit    stag 
	=====  =====  ======  =========  =========  ======
	  6     43      40      0.295      0.323      4   
	  7     16      38      0.288      0.286      3   
	  8      9      47      0.398      0.430      4   

Generation time: 208.871 sec  (208.959 average)
Population 'path_3' saved! Current generation: 53
Sample chosen: [253, 184, 435, 620, 806, 810, 15, 465, 815, 307, 981, 473, 453, 965, 693, 560]

********** Running generation 53 **********

Full population's fitness overview:
	-       best fitness: 0.49421
	-       mean fitness: 0.19255
	-      worst fitness: 0.00003
	- standard deviation: 0.12166
Best genome overview:
	- fitness: 0.49421
	- size (hid, conn): (1, 15)
	- genome id: 6129
	- belongs to specie: 8
Genetic distance:
	- Maximum: 2.147
	- Mean: 1.010
	- Minimum: 0.000
	- Standard deviation: 0.534

Population of 128 members in 3 species:
	 SID    age    size    fitness    adj fit    stag 
	=====  =====  ======  =========  =========  ======
	  6     44      41      0.408      0.399      5   
	  7     17      52      0.379      0.373      4   
	  8     10      35      0.494      0.396      5   

Generation time: 202.598 sec  (208.281 average)
Population 'path_3' saved! Current generation: 54
Sample chosen: [464, 183, 722, 17, 658, 768, 264, 424, 997, 504, 821, 48, 115, 455, 654, 256]

********** Running generation 54 **********

Full population's fitness overview:
	-       best fitness: 0.45092
	-       mean fitness: 0.14216
	-      worst fitness: 0.00001
	- standard deviation: 0.10778
Best genome overview:
	- fitness: 0.45092
	- size (hid, conn): (1, 15)
	- genome id: 6129
	- belongs to specie: 8
Genetic distance:
	- Maximum: 1.942
	- Mean: 0.959
	- Minimum: 0.006
	- Standard deviation: 0.542

Population of 127 members in 3 species:
	 SID    age    size    fitness    adj fit    stag 
	=====  =====  ======  =========  =========  ======
	  6     45      36      0.286      0.286      6   
	  7     18      50      0.361      0.283      5   
	  8     11      41      0.451      0.397      6   

Generation time: 209.078 sec  (207.710 average)
Population 'path_3' saved! Current generation: 55
Sample chosen: [632, 763, 81, 643, 428, 153, 751, 964, 720, 891, 265, 817, 638, 504, 487, 338]

********** Running generation 55 **********

Full population's fitness overview:
	-       best fitness: 0.32243
	-       mean fitness: 0.08687
	-      worst fitness: 0.00000
	- standard deviation: 0.06939
Best genome overview:
	- fitness: 0.32243
	- size (hid, conn): (1, 15)
	- genome id: 6129
	- belongs to specie: 8
Genetic distance:
	- Maximum: 2.086
	- Mean: 0.904
	- Minimum: 0.000
	- Standard deviation: 0.539

Population of 128 members in 3 species:
	 SID    age    size    fitness    adj fit    stag 
	=====  =====  ======  =========  =========  ======
	  6     46      32      0.155      0.183      7   
	  7     19      51      0.190      0.257      6   
	  8     12      45      0.322      0.361      7   

Generation time: 212.036 sec  (207.612 average)
Population 'path_3' saved! Current generation: 56
Sample chosen: [847, 873, 181, 109, 437, 406, 724, 769, 798, 744, 49, 849, 813, 536, 521, 926]

********** Running generation 56 **********

Full population's fitness overview:
	-       best fitness: 0.41372
	-       mean fitness: 0.14798
	-      worst fitness: 0.00010
	- standard deviation: 0.10952
Best genome overview:
	- fitness: 0.41372
	- size (hid, conn): (1, 15)
	- genome id: 6478
	- belongs to specie: 8
Genetic distance:
	- Maximum: 2.029
	- Mean: 0.952
	- Minimum: 0.017
	- Standard deviation: 0.543

Population of 126 members in 3 species:
	 SID    age    size    fitness    adj fit    stag 
	=====  =====  ======  =========  =========  ======
	  6     47      36      0.295      0.352      8   
	  7     20      44      0.396      0.285      7   
	  8     13      46      0.414      0.443      8   

Generation time: 212.725 sec  (208.392 average)
Population 'path_3' saved! Current generation: 57
Sample chosen: [381, 687, 521, 488, 273, 405, 272, 194, 578, 169, 54, 141, 960, 419, 615, 892]

********** Running generation 57 **********

Full population's fitness overview:
	-       best fitness: 0.32821
	-       mean fitness: 0.12045
	-      worst fitness: 0.00001
	- standard deviation: 0.09285
Best genome overview:
	- fitness: 0.32821
	- size (hid, conn): (0, 14)
	- genome id: 6630
	- belongs to specie: 7
Genetic distance:
	- Maximum: 2.005
	- Mean: 1.022
	- Minimum: 0.000
	- Standard deviation: 0.536

Population of 127 members in 3 species:
	 SID    age    size    fitness    adj fit    stag 
	=====  =====  ======  =========  =========  ======
	  6     48      41      0.322      0.381      9   
	  7     21      41      0.328      0.347      8   
	  8     14      45      0.274      0.375      9   

Generation time: 213.394 sec  (209.204 average)
Population 'path_3' saved! Current generation: 58
Sample chosen: [710, 91, 991, 506, 539, 508, 824, 126, 622, 720, 967, 542, 412, 993, 917, 187]

********** Running generation 58 **********

Full population's fitness overview:
	-       best fitness: 0.22184
	-       mean fitness: 0.08217
	-      worst fitness: 0.00001
	- standard deviation: 0.06437
Best genome overview:
	- fitness: 0.22184
	- size (hid, conn): (0, 13)
	- genome id: 6717
	- belongs to specie: 7
Genetic distance:
	- Maximum: 1.991
	- Mean: 0.922
	- Minimum: 0.000
	- Standard deviation: 0.512

Population of 128 members in 3 species:
	 SID    age    size    fitness    adj fit    stag 
	=====  =====  ======  =========  =========  ======
	  6     49      38      0.187      0.297      10  
	  7     22      43      0.222      0.440      9   
	  8     15      47      0.190      0.373      10  

Generation time: 208.357 sec  (209.546 average)
Population 'path_3' saved! Current generation: 59
Sample chosen: [62, 460, 667, 746, 514, 877, 367, 700, 622, 140, 626, 879, 503, 233, 230, 328]

********** Running generation 59 **********

Full population's fitness overview:
	-       best fitness: 0.45743
	-       mean fitness: 0.20079
	-      worst fitness: 0.00006
	- standard deviation: 0.13994
Best genome overview:
	- fitness: 0.45743
	- size (hid, conn): (1, 15)
	- genome id: 6864
	- belongs to specie: 8
Genetic distance:
	- Maximum: 1.922
	- Mean: 0.932
	- Minimum: 0.002
	- Standard deviation: 0.517

Population of 126 members in 3 species:
	 SID    age    size    fitness    adj fit    stag 
	=====  =====  ======  =========  =========  ======
	  6     50      39      0.385      0.414      11  
	  7     23      43      0.419      0.404      10  
	  8     16      44      0.457      0.490      11  

Generation time: 206.944 sec  (209.563 average)
Population 'path_3' saved! Current generation: 60
Sample chosen: [143, 258, 322, 157, 817, 376, 902, 35, 659, 207, 221, 742, 403, 365, 939, 14]

********** Running generation 60 **********

Full population's fitness overview:
	-       best fitness: 0.29410
	-       mean fitness: 0.14391
	-      worst fitness: 0.00013
	- standard deviation: 0.09477
Best genome overview:
	- fitness: 0.29410
	- size (hid, conn): (0, 13)
	- genome id: 6968
	- belongs to specie: 8
Genetic distance:
	- Maximum: 1.942
	- Mean: 0.957
	- Minimum: 0.000
	- Standard deviation: 0.523

Population of 127 members in 3 species:
	 SID    age    size    fitness    adj fit    stag 
	=====  =====  ======  =========  =========  ======
	  6     51      37      0.261      0.401      12  
	  7     24      45      0.292      0.470      11  
	  8     17      45      0.294      0.586      12  

Generation time: 208.372 sec  (209.251 average)
Population 'path_3' saved! Current generation: 61
Sample chosen: [966, 265, 468, 741, 990, 6, 688, 191, 907, 792, 421, 1, 154, 464, 407, 644]

********** Running generation 61 **********

Full population's fitness overview:
	-       best fitness: 0.31228
	-       mean fitness: 0.12602
	-      worst fitness: 0.00001
	- standard deviation: 0.08306
Best genome overview:
	- fitness: 0.31228
	- size (hid, conn): (1, 15)
	- genome id: 7157
	- belongs to specie: 6
Genetic distance:
	- Maximum: 1.967
	- Mean: 1.010
	- Minimum: 0.000
	- Standard deviation: 0.539

Population of 128 members in 3 species:
	 SID    age    size    fitness    adj fit    stag 
	=====  =====  ======  =========  =========  ======
	  6     52      39      0.312      0.443      13  
	  7     25      47      0.290      0.412      12  
	  8     18      42      0.270      0.362      13  

Generation time: 207.253 sec  (208.963 average)
Population 'path_3' saved! Current generation: 62
Sample chosen: [165, 555, 612, 204, 599, 11, 815, 696, 312, 47, 879, 125, 754, 920, 960, 761]

********** Running generation 62 **********

Full population's fitness overview:
	-       best fitness: 0.25588
	-       mean fitness: 0.10747
	-      worst fitness: 0.00003
	- standard deviation: 0.07393
Best genome overview:
	- fitness: 0.25588
	- size (hid, conn): (1, 16)
	- genome id: 7265
	- belongs to specie: 8
Genetic distance:
	- Maximum: 2.037
	- Mean: 0.986
	- Minimum: 0.004
	- Standard deviation: 0.514

Population of 128 members in 3 species:
	 SID    age    size    fitness    adj fit    stag 
	=====  =====  ======  =========  =========  ======
	  6     53      40      0.230      0.480      14  
	  7     26      49      0.219      0.426      13  
	  8     19      39      0.256      0.358      14  

Generation time: 209.314 sec  (209.007 average)
Population 'path_3' saved! Current generation: 63
Sample chosen: [904, 192, 62, 208, 508, 951, 92, 640, 458, 437, 666, 567, 801, 870, 705, 579]

********** Running generation 63 **********

Full population's fitness overview:
	-       best fitness: 0.28069
	-       mean fitness: 0.11058
	-      worst fitness: 0.00012
	- standard deviation: 0.07530
Best genome overview:
	- fitness: 0.28069
	- size (hid, conn): (1, 16)
	- genome id: 7265
	- belongs to specie: 8
Genetic distance:
	- Maximum: 2.106
	- Mean: 1.048
	- Minimum: 0.000
	- Standard deviation: 0.497

Population of 127 members in 3 species:
	 SID    age    size    fitness    adj fit    stag 
	=====  =====  ======  =========  =========  ======
	  6     54      43      0.250      0.429      15  
	  7     27      48      0.226      0.368      14  
	  8     20      36      0.281      0.389      15  

Generation time: 210.448 sec  (209.792 average)
Population 'path_3' saved! Current generation: 64
Sample chosen: [865, 433, 536, 330, 260, 20, 789, 720, 606, 647, 500, 681, 61, 649, 832, 876]

********** Running generation 64 **********

Full population's fitness overview:
	-       best fitness: 0.23194
	-       mean fitness: 0.08714
	-      worst fitness: 0.00000
	- standard deviation: 0.05680
Best genome overview:
	- fitness: 0.23194
	- size (hid, conn): (0, 13)
	- genome id: 7495
	- belongs to specie: 7
Genetic distance:
	- Maximum: 2.022
	- Mean: 1.109
	- Minimum: 0.000
	- Standard deviation: 0.492

Population of 127 members in 3 species:
	 SID    age    size    fitness    adj fit    stag 
	=====  =====  ======  =========  =========  ======
	  6     55      39      0.176      0.365      16  
	  7     28      51      0.232      0.424      15  
	  8     21      37      0.171      0.325      16  

Generation time: 210.892 sec  (209.974 average)
Population 'path_3' saved! Current generation: 65
Sample chosen: [803, 207, 609, 482, 817, 157, 99, 920, 182, 193, 852, 80, 328, 27, 980, 606]

********** Running generation 65 **********

Full population's fitness overview:
	-       best fitness: 0.32064
	-       mean fitness: 0.10581
	-      worst fitness: 0.00000
	- standard deviation: 0.07819
Best genome overview:
	- fitness: 0.32064
	- size (hid, conn): (0, 11)
	- genome id: 7551
	- belongs to specie: 7

Species 8 with 37 members is stagnated (fitness: 0.2560104592406419): removing it
Genetic distance:
	- Maximum: 1.798
	- Mean: 0.774
	- Minimum: 0.022
	- Standard deviation: 0.330

Population of 128 members in 2 species:
	 SID    age    size    fitness    adj fit    stag 
	=====  =====  ======  =========  =========  ======
	  6     56      53      0.298      0.319      17  
	  7     29      75      0.321      0.368      16  

Generation time: 209.643 sec  (209.734 average)
Population 'path_3' saved! Current generation: 66
Sample chosen: [832, 745, 685, 200, 834, 128, 631, 967, 317, 501, 324, 163, 918, 250, 319, 963]

********** Running generation 66 **********

Full population's fitness overview:
	-       best fitness: 0.34526
	-       mean fitness: 0.14307
	-      worst fitness: 0.00011
	- standard deviation: 0.09240
Best genome overview:
	- fitness: 0.34526
	- size (hid, conn): (1, 15)
	- genome id: 7748
	- belongs to specie: 6
Genetic distance:
	- Maximum: 1.728
	- Mean: 0.814
	- Minimum: 0.000
	- Standard deviation: 0.339

Population of 128 members in 2 species:
	 SID    age    size    fitness    adj fit    stag 
	=====  =====  ======  =========  =========  ======
	  6     57      55      0.345      0.372      18  
	  7     30      73      0.317      0.444      17  

Generation time: 202.400 sec  (208.702 average)
Population 'path_3' saved! Current generation: 67
Sample chosen: [165, 874, 40, 750, 929, 951, 482, 753, 547, 501, 493, 328, 357, 982, 613, 490]

********** Running generation 67 **********

Full population's fitness overview:
	-       best fitness: 0.28823
	-       mean fitness: 0.12759
	-      worst fitness: 0.00004
	- standard deviation: 0.09289
Best genome overview:
	- fitness: 0.28823
	- size (hid, conn): (2, 16)
	- genome id: 7798
	- belongs to specie: 6
Genetic distance:
	- Maximum: 1.711
	- Mean: 0.834
	- Minimum: 0.032
	- Standard deviation: 0.324

Population of 128 members in 2 species:
	 SID    age    size    fitness    adj fit    stag 
	=====  =====  ======  =========  =========  ======
	  6     58      50      0.288      0.409      19  
	  7     31      78      0.267      0.468      18  

Generation time: 205.325 sec  (207.895 average)
Population 'path_3' saved! Current generation: 68
Sample chosen: [99, 562, 795, 59, 991, 718, 80, 904, 399, 422, 830, 689, 756, 841, 480, 226]

********** Running generation 68 **********

Full population's fitness overview:
	-       best fitness: 0.45156
	-       mean fitness: 0.17149
	-      worst fitness: 0.00001
	- standard deviation: 0.10986
Best genome overview:
	- fitness: 0.45156
	- size (hid, conn): (0, 13)
	- genome id: 7923
	- belongs to specie: 7
Genetic distance:
	- Maximum: 1.785
	- Mean: 0.922
	- Minimum: 0.004
	- Standard deviation: 0.366

Population of 128 members in 2 species:
	 SID    age    size    fitness    adj fit    stag 
	=====  =====  ======  =========  =========  ======
	  6     59      51      0.304      0.357      20  
	  7     32      77      0.452      0.395      0   

Generation time: 205.644 sec  (207.623 average)
Population 'path_3' saved! Current generation: 69
Sample chosen: [464, 952, 996, 291, 774, 504, 228, 791, 792, 726, 360, 186, 331, 892, 416, 483]

********** Running generation 69 **********

Full population's fitness overview:
	-       best fitness: 0.40979
	-       mean fitness: 0.18290
	-      worst fitness: 0.00000
	- standard deviation: 0.13097
Best genome overview:
	- fitness: 0.40979
	- size (hid, conn): (0, 11)
	- genome id: 7831
	- belongs to specie: 7
Genetic distance:
	- Maximum: 1.743
	- Mean: 0.875
	- Minimum: 0.002
	- Standard deviation: 0.379

Population of 128 members in 2 species:
	 SID    age    size    fitness    adj fit    stag 
	=====  =====  ======  =========  =========  ======
	  6     60      55      0.395      0.396      21  
	  7     33      73      0.410      0.479      1   

Generation time: 209.016 sec  (207.831 average)
Population 'path_3' saved! Current generation: 70
Sample chosen: [326, 383, 39, 943, 358, 384, 134, 986, 278, 231, 174, 978, 799, 968, 684, 207]

********** Running generation 70 **********

Full population's fitness overview:
	-       best fitness: 0.27581
	-       mean fitness: 0.13311
	-      worst fitness: 0.00012
	- standard deviation: 0.07636
Best genome overview:
	- fitness: 0.27581
	- size (hid, conn): (2, 16)
	- genome id: 8213
	- belongs to specie: 6
Genetic distance:
	- Maximum: 1.800
	- Mean: 0.917
	- Minimum: 0.013
	- Standard deviation: 0.373

Population of 128 members in 2 species:
	 SID    age    size    fitness    adj fit    stag 
	=====  =====  ======  =========  =========  ======
	  6     61      59      0.276      0.470      22  
	  7     34      69      0.272      0.492      2   

Generation time: 205.933 sec  (207.587 average)
Population 'path_3' saved! Current generation: 71
Sample chosen: [96, 984, 86, 597, 248, 963, 995, 829, 6, 713, 286, 722, 790, 114, 508, 691]

********** Running generation 71 **********

Full population's fitness overview:
	-       best fitness: 0.32972
	-       mean fitness: 0.09123
	-      worst fitness: 0.00006
	- standard deviation: 0.07424
Best genome overview:
	- fitness: 0.32972
	- size (hid, conn): (0, 11)
	- genome id: 8160
	- belongs to specie: 7
Genetic distance:
	- Maximum: 1.755
	- Mean: 0.980
	- Minimum: 0.012
	- Standard deviation: 0.372

Population of 128 members in 2 species:
	 SID    age    size    fitness    adj fit    stag 
	=====  =====  ======  =========  =========  ======
	  6     62      58      0.254      0.281      23  
	  7     35      70      0.330      0.273      3   

Generation time: 206.186 sec  (207.480 average)
Population 'path_3' saved! Current generation: 72
Sample chosen: [765, 155, 771, 908, 467, 685, 778, 767, 829, 490, 409, 529, 933, 3, 759, 140]

********** Running generation 72 **********

Full population's fitness overview:
	-       best fitness: 0.32201
	-       mean fitness: 0.12107
	-      worst fitness: 0.00001
	- standard deviation: 0.07907
Best genome overview:
	- fitness: 0.32201
	- size (hid, conn): (0, 11)
	- genome id: 8360
	- belongs to specie: 7
Genetic distance:
	- Maximum: 1.802
	- Mean: 0.934
	- Minimum: 0.011
	- Standard deviation: 0.377

Population of 128 members in 2 species:
	 SID    age    size    fitness    adj fit    stag 
	=====  =====  ======  =========  =========  ======
	  6     63      54      0.247      0.307      24  
	  7     36      74      0.322      0.433      4   

Generation time: 212.506 sec  (207.799 average)
Population 'path_3' saved! Current generation: 73
Sample chosen: [143, 991, 854, 273, 863, 742, 372, 421, 978, 949, 752, 453, 368, 631, 657, 667]

********** Running generation 73 **********

Full population's fitness overview:
	-       best fitness: 0.30326
	-       mean fitness: 0.15408
	-      worst fitness: 0.00006
	- standard deviation: 0.09669
Best genome overview:
	- fitness: 0.30326
	- size (hid, conn): (0, 12)
	- genome id: 8527
	- belongs to specie: 7
Genetic distance:
	- Maximum: 1.854
	- Mean: 0.941
	- Minimum: 0.001
	- Standard deviation: 0.426

Population of 128 members in 2 species:
	 SID    age    size    fitness    adj fit    stag 
	=====  =====  ======  =========  =========  ======
	  6     64      61      0.281      0.437      25  
	  7     37      67      0.303      0.560      5   

Generation time: 202.296 sec  (206.984 average)
Population 'path_3' saved! Current generation: 74
Sample chosen: [855, 481, 100, 461, 878, 838, 863, 685, 781, 502, 165, 544, 159, 508, 266, 27]

********** Running generation 74 **********

Full population's fitness overview:
	-       best fitness: 0.40477
	-       mean fitness: 0.15345
	-      worst fitness: 0.00046
	- standard deviation: 0.10591
Best genome overview:
	- fitness: 0.40477
	- size (hid, conn): (2, 16)
	- genome id: 8655
	- belongs to specie: 6
Genetic distance:
	- Maximum: 1.848
	- Mean: 1.044
	- Minimum: 0.052
	- Standard deviation: 0.416

Population of 128 members in 2 species:
	 SID    age    size    fitness    adj fit    stag 
	=====  =====  ======  =========  =========  ======
	  6     65      61      0.405      0.406      26  
	  7     38      67      0.375      0.353      6   

Generation time: 207.944 sec  (206.689 average)
Population 'path_3' saved! Current generation: 75
Sample chosen: [105, 851, 675, 799, 152, 86, 76, 58, 84, 302, 398, 440, 143, 12, 795, 920]

********** Running generation 75 **********

Full population's fitness overview:
	-       best fitness: 0.18341
	-       mean fitness: 0.08030
	-      worst fitness: 0.00000
	- standard deviation: 0.05678
Best genome overview:
	- fitness: 0.18341
	- size (hid, conn): (1, 12)
	- genome id: 8794
	- belongs to specie: 7
Genetic distance:
	- Maximum: 1.947
	- Mean: 1.137
	- Minimum: 0.040
	- Standard deviation: 0.393

Population of 128 members in 2 species:
	 SID    age    size    fitness    adj fit    stag 
	=====  =====  ======  =========  =========  ======
	  6     66      65      0.181      0.486      27  
	  7     39      63      0.183      0.394      7   

Generation time: 216.477 sec  (207.373 average)
Population 'path_3' saved! Current generation: 76
Sample chosen: [21, 409, 144, 99, 605, 77, 402, 682, 370, 859, 687, 146, 351, 234, 559, 480]

********** Running generation 76 **********

Full population's fitness overview:
	-       best fitness: 0.28569
	-       mean fitness: 0.11924
	-      worst fitness: 0.00002
	- standard deviation: 0.08477
Best genome overview:
	- fitness: 0.28569
	- size (hid, conn): (0, 14)
	- genome id: 8826
	- belongs to specie: 7
Genetic distance:
	- Maximum: 1.896
	- Mean: 1.082
	- Minimum: 0.016
	- Standard deviation: 0.426

Population of 128 members in 2 species:
	 SID    age    size    fitness    adj fit    stag 
	=====  =====  ======  =========  =========  ======
	  6     67      70      0.262      0.448      28  
	  7     40      58      0.286      0.385      8   

Generation time: 211.070 sec  (208.240 average)
Population 'path_3' saved! Current generation: 77
Sample chosen: [641, 68, 474, 422, 724, 489, 10, 691, 120, 879, 274, 142, 918, 289, 307, 620]

********** Running generation 77 **********

Full population's fitness overview:
	-       best fitness: 0.36588
	-       mean fitness: 0.12316
	-      worst fitness: 0.00015
	- standard deviation: 0.09360
Best genome overview:
	- fitness: 0.36588
	- size (hid, conn): (2, 14)
	- genome id: 8869
	- belongs to specie: 7
Genetic distance:
	- Maximum: 2.239
	- Mean: 1.060
	- Minimum: 0.028
	- Standard deviation: 0.517

Population of 127 members in 2 species:
	 SID    age    size    fitness    adj fit    stag 
	=====  =====  ======  =========  =========  ======
	  6     68      67      0.364      0.318      29  
	  7     41      60      0.366      0.358      9   

Generation time: 216.199 sec  (209.327 average)
Population 'path_3' saved! Current generation: 78
Sample chosen: [67, 527, 735, 705, 180, 296, 231, 1000, 983, 629, 155, 785, 361, 191, 932, 124]

********** Running generation 78 **********

Full population's fitness overview:
	-       best fitness: 0.20437
	-       mean fitness: 0.09368
	-      worst fitness: 0.00000
	- standard deviation: 0.05769
Best genome overview:
	- fitness: 0.20437
	- size (hid, conn): (1, 15)
	- genome id: 9127
	- belongs to specie: 6
Genetic distance:
	- Maximum: 2.198
	- Mean: 1.095
	- Minimum: 0.030
	- Standard deviation: 0.533

Population of 128 members in 2 species:
	 SID    age    size    fitness    adj fit    stag 
	=====  =====  ======  =========  =========  ======
	  6     69      67      0.204      0.469      30  
	  7     42      61      0.182      0.447      10  

Generation time: 213.254 sec  (210.088 average)
Population 'path_3' saved! Current generation: 79
Sample chosen: [2, 953, 809, 54, 512, 270, 282, 232, 664, 516, 667, 458, 845, 777, 961, 892]

********** Running generation 79 **********

Full population's fitness overview:
	-       best fitness: 0.44525
	-       mean fitness: 0.19999
	-      worst fitness: 0.00001
	- standard deviation: 0.15375
Best genome overview:
	- fitness: 0.44525
	- size (hid, conn): (3, 18)
	- genome id: 9190
	- belongs to specie: 6
Genetic distance:
	- Maximum: 2.134
	- Mean: 1.163
	- Minimum: 0.079
	- Standard deviation: 0.476

Population of 127 members in 2 species:
	 SID    age    size    fitness    adj fit    stag 
	=====  =====  ======  =========  =========  ======
	  6     70      63      0.445      0.457      31  
	  7     43      64      0.438      0.440      11  

Generation time: 212.175 sec  (210.404 average)
Population 'path_3' saved! Current generation: 80
Sample chosen: [548, 812, 74, 601, 16, 861, 391, 441, 759, 255, 963, 815, 541, 550, 456, 171]

********** Running generation 80 **********

Full population's fitness overview:
	-       best fitness: 0.54084
	-       mean fitness: 0.26210
	-      worst fitness: 0.00016
	- standard deviation: 0.18461
Best genome overview:
	- fitness: 0.54084
	- size (hid, conn): (0, 14)
	- genome id: 9407
	- belongs to specie: 7
Genetic distance:
	- Maximum: 2.351
	- Mean: 1.122
	- Minimum: 0.000
	- Standard deviation: 0.573

Population of 128 members in 2 species:
	 SID    age    size    fitness    adj fit    stag 
	=====  =====  ======  =========  =========  ======
	  6     71      62      0.507      0.456      0   
	  7     44      66      0.541      0.512      0   

Generation time: 206.350 sec  (210.446 average)
Population 'path_3' saved! Current generation: 81
Sample chosen: [967, 344, 387, 830, 912, 505, 108, 918, 607, 145, 709, 73, 565, 602, 356, 785]

********** Running generation 81 **********

Full population's fitness overview:
	-       best fitness: 0.29313
	-       mean fitness: 0.13160
	-      worst fitness: 0.00002
	- standard deviation: 0.10168
Best genome overview:
	- fitness: 0.29313
	- size (hid, conn): (0, 13)
	- genome id: 9442
	- belongs to specie: 7
Genetic distance:
	- Maximum: 2.342
	- Mean: 1.017
	- Minimum: 0.000
	- Standard deviation: 0.637

Population of 128 members in 2 species:
	 SID    age    size    fitness    adj fit    stag 
	=====  =====  ======  =========  =========  ======
	  6     72      61      0.277      0.371      1   
	  7     45      67      0.293      0.522      1   

Generation time: 215.019 sec  (211.329 average)
Population 'path_3' saved! Current generation: 82
Sample chosen: [680, 446, 556, 901, 228, 156, 257, 845, 736, 621, 260, 966, 451, 391, 245, 702]

********** Running generation 82 **********

Full population's fitness overview:
	-       best fitness: 0.32271
	-       mean fitness: 0.16024
	-      worst fitness: 0.00011
	- standard deviation: 0.10441
Best genome overview:
	- fitness: 0.32271
	- size (hid, conn): (0, 14)
	- genome id: 9550
	- belongs to specie: 7
Genetic distance:
	- Maximum: 2.434
	- Mean: 1.050
	- Minimum: 0.006
	- Standard deviation: 0.618

Population of 128 members in 2 species:
	 SID    age    size    fitness    adj fit    stag 
	=====  =====  ======  =========  =========  ======
	  6     73      63      0.284      0.460      2   
	  7     46      65      0.323      0.529      2   

Generation time: 215.210 sec  (211.599 average)
Population 'path_3' saved! Current generation: 83
Sample chosen: [459, 811, 529, 821, 488, 576, 210, 243, 212, 364, 528, 714, 270, 164, 104, 875]

********** Running generation 83 **********

Full population's fitness overview:
	-       best fitness: 0.22765
	-       mean fitness: 0.12416
	-      worst fitness: 0.00004
	- standard deviation: 0.07452
Best genome overview:
	- fitness: 0.22765
	- size (hid, conn): (0, 13)
	- genome id: 9686
	- belongs to specie: 7
Genetic distance:
	- Maximum: 2.402
	- Mean: 1.050
	- Minimum: 0.005
	- Standard deviation: 0.614

Population of 126 members in 2 species:
	 SID    age    size    fitness    adj fit    stag 
	=====  =====  ======  =========  =========  ======
	  6     74      61      0.219      0.493      3   
	  7     47      65      0.228      0.596      3   

Generation time: 212.141 sec  (212.584 average)
Population 'path_3' saved! Current generation: 84
Sample chosen: [525, 179, 651, 227, 703, 522, 228, 639, 725, 997, 262, 148, 509, 180, 442, 604]

********** Running generation 84 **********

Full population's fitness overview:
	-       best fitness: 0.42639
	-       mean fitness: 0.19721
	-      worst fitness: 0.00001
	- standard deviation: 0.14486
Best genome overview:
	- fitness: 0.42639
	- size (hid, conn): (0, 15)
	- genome id: 9830
	- belongs to specie: 7
Genetic distance:
	- Maximum: 2.340
	- Mean: 1.063
	- Minimum: 0.025
	- Standard deviation: 0.606

Population of 128 members in 2 species:
	 SID    age    size    fitness    adj fit    stag 
	=====  =====  ======  =========  =========  ======
	  6     75      60      0.384      0.384      4   
	  7     48      68      0.426      0.536      4   

Generation time: 210.125 sec  (212.802 average)
Population 'path_3' saved! Current generation: 85
Sample chosen: [367, 712, 384, 904, 260, 173, 185, 597, 211, 860, 307, 281, 93, 809, 383, 663]

********** Running generation 85 **********

Full population's fitness overview:
	-       best fitness: 0.33133
	-       mean fitness: 0.16624
	-      worst fitness: 0.00007
	- standard deviation: 0.10159
Best genome overview:
	- fitness: 0.33133
	- size (hid, conn): (0, 12)
	- genome id: 9907
	- belongs to specie: 7
Genetic distance:
	- Maximum: 2.407
	- Mean: 1.105
	- Minimum: 0.053
	- Standard deviation: 0.608

Population of 126 members in 2 species:
	 SID    age    size    fitness    adj fit    stag 
	=====  =====  ======  =========  =========  ======
	  6     76      60      0.322      0.460      5   
	  7     49      66      0.331      0.539      5   

Generation time: 209.482 sec  (212.102 average)
Population 'path_3' saved! Current generation: 86
Sample chosen: [710, 773, 769, 19, 173, 856, 450, 189, 877, 504, 1000, 682, 183, 343, 573, 16]

********** Running generation 86 **********

Full population's fitness overview:
	-       best fitness: 0.31166
	-       mean fitness: 0.16343
	-      worst fitness: 0.00001
	- standard deviation: 0.10192
Best genome overview:
	- fitness: 0.31166
	- size (hid, conn): (0, 13)
	- genome id: 10034
	- belongs to specie: 7
Genetic distance:
	- Maximum: 2.438
	- Mean: 1.152
	- Minimum: 0.025
	- Standard deviation: 0.606

Population of 128 members in 2 species:
	 SID    age    size    fitness    adj fit    stag 
	=====  =====  ======  =========  =========  ======
	  6     77      57      0.288      0.411      6   
	  7     50      71      0.312      0.627      6   

Generation time: 208.364 sec  (211.832 average)
Population 'path_3' saved! Current generation: 87
Sample chosen: [343, 207, 516, 877, 996, 54, 476, 707, 642, 279, 264, 232, 578, 570, 591, 719]

********** Running generation 87 **********

Full population's fitness overview:
	-       best fitness: 0.40571
	-       mean fitness: 0.19206
	-      worst fitness: 0.00011
	- standard deviation: 0.12614
Best genome overview:
	- fitness: 0.40571
	- size (hid, conn): (0, 15)
	- genome id: 10031
	- belongs to specie: 7
Genetic distance:
	- Maximum: 2.225
	- Mean: 1.130
	- Minimum: 0.034
	- Standard deviation: 0.571

Population of 127 members in 2 species:
	 SID    age    size    fitness    adj fit    stag 
	=====  =====  ======  =========  =========  ======
	  6     78      63      0.378      0.483      7   
	  7     51      64      0.406      0.466      7   

Generation time: 211.702 sec  (211.382 average)
Population 'path_3' saved! Current generation: 88
Sample chosen: [990, 591, 450, 685, 364, 397, 671, 733, 642, 467, 244, 817, 267, 109, 482, 258]

********** Running generation 88 **********

Full population's fitness overview:
	-       best fitness: 0.47549
	-       mean fitness: 0.23893
	-      worst fitness: 0.00003
	- standard deviation: 0.14024
Best genome overview:
	- fitness: 0.47549
	- size (hid, conn): (0, 15)
	- genome id: 10031
	- belongs to specie: 7
Genetic distance:
	- Maximum: 2.283
	- Mean: 1.080
	- Minimum: 0.000
	- Standard deviation: 0.582

Population of 128 members in 2 species:
	 SID    age    size    fitness    adj fit    stag 
	=====  =====  ======  =========  =========  ======
	  6     79      66      0.427      0.490      8   
	  7     52      62      0.475      0.515      8   

Generation time: 206.129 sec  (210.670 average)
Population 'path_3' saved! Current generation: 89
Sample chosen: [295, 462, 238, 296, 802, 970, 232, 689, 400, 370, 111, 302, 858, 961, 450, 515]

********** Running generation 89 **********

Full population's fitness overview:
	-       best fitness: 0.46927
	-       mean fitness: 0.24802
	-      worst fitness: 0.00003
	- standard deviation: 0.17219
Best genome overview:
	- fitness: 0.46927
	- size (hid, conn): (1, 15)
	- genome id: 10424
	- belongs to specie: 7
Genetic distance:
	- Maximum: 2.027
	- Mean: 1.090
	- Minimum: 0.000
	- Standard deviation: 0.558

Population of 128 members in 2 species:
	 SID    age    size    fitness    adj fit    stag 
	=====  =====  ======  =========  =========  ======
	  6     80      65      0.457      0.485      9   
	  7     53      63      0.469      0.574      9   

Generation time: 206.582 sec  (210.110 average)
Population 'path_3' saved! Current generation: 90
Sample chosen: [917, 912, 894, 326, 353, 966, 641, 765, 843, 201, 324, 131, 581, 133, 212, 94]

********** Running generation 90 **********

Full population's fitness overview:
	-       best fitness: 0.28800
	-       mean fitness: 0.13762
	-      worst fitness: 0.00009
	- standard deviation: 0.07736
Best genome overview:
	- fitness: 0.28800
	- size (hid, conn): (2, 13)
	- genome id: 10576
	- belongs to specie: 6
Genetic distance:
	- Maximum: 1.969
	- Mean: 1.054
	- Minimum: 0.007
	- Standard deviation: 0.559

Population of 128 members in 2 species:
	 SID    age    size    fitness    adj fit    stag 
	=====  =====  ======  =========  =========  ======
	  6     81      65      0.288      0.479      10  
	  7     54      63      0.270      0.476      10  

Generation time: 212.135 sec  (210.689 average)
Population 'path_3' saved! Current generation: 91
Sample chosen: [859, 29, 215, 492, 443, 579, 947, 823, 247, 697, 79, 923, 864, 951, 822, 829]

********** Running generation 91 **********

Full population's fitness overview:
	-       best fitness: 0.28893
	-       mean fitness: 0.13028
	-      worst fitness: 0.00000
	- standard deviation: 0.09302
Best genome overview:
	- fitness: 0.28893
	- size (hid, conn): (0, 15)
	- genome id: 10518
	- belongs to specie: 7
Genetic distance:
	- Maximum: 2.038
	- Mean: 1.147
	- Minimum: 0.022
	- Standard deviation: 0.544

Population of 128 members in 2 species:
	 SID    age    size    fitness    adj fit    stag 
	=====  =====  ======  =========  =========  ======
	  6     82      58      0.285      0.367      11  
	  7     55      70      0.289      0.538      11  

Generation time: 211.456 sec  (210.333 average)
Population 'path_3' saved! Current generation: 92
Sample chosen: [223, 361, 124, 538, 352, 677, 994, 301, 746, 480, 319, 987, 175, 200, 258, 127]

********** Running generation 92 **********

Full population's fitness overview:
	-       best fitness: 0.33101
	-       mean fitness: 0.17465
	-      worst fitness: 0.00000
	- standard deviation: 0.09409
Best genome overview:
	- fitness: 0.33101
	- size (hid, conn): (3, 14)
	- genome id: 10615
	- belongs to specie: 6
Genetic distance:
	- Maximum: 2.053
	- Mean: 1.162
	- Minimum: 0.105
	- Standard deviation: 0.519

Population of 128 members in 2 species:
	 SID    age    size    fitness    adj fit    stag 
	=====  =====  ======  =========  =========  ======
	  6     83      59      0.331      0.484      12  
	  7     56      69      0.324      0.564      12  

Generation time: 210.429 sec  (209.854 average)
Population 'path_3' saved! Current generation: 93
Sample chosen: [373, 880, 363, 306, 8, 906, 55, 511, 802, 319, 951, 615, 382, 409, 146, 915]

********** Running generation 93 **********

Full population's fitness overview:
	-       best fitness: 0.41822
	-       mean fitness: 0.20588
	-      worst fitness: 0.00005
	- standard deviation: 0.14026
Best genome overview:
	- fitness: 0.41822
	- size (hid, conn): (3, 15)
	- genome id: 10854
	- belongs to specie: 6
Genetic distance:
	- Maximum: 2.184
	- Mean: 1.240
	- Minimum: 0.004
	- Standard deviation: 0.514

Population of 128 members in 2 species:
	 SID    age    size    fitness    adj fit    stag 
	=====  =====  ======  =========  =========  ======
	  6     84      60      0.418      0.511      13  
	  7     57      68      0.409      0.476      13  

Generation time: 213.416 sec  (209.982 average)
Population 'path_3' saved! Current generation: 94
Sample chosen: [381, 473, 927, 328, 16, 273, 255, 577, 434, 810, 402, 284, 395, 607, 394, 293]

********** Running generation 94 **********

Full population's fitness overview:
	-       best fitness: 0.45086
	-       mean fitness: 0.22990
	-      worst fitness: 0.00000
	- standard deviation: 0.16025
Best genome overview:
	- fitness: 0.45086
	- size (hid, conn): (0, 15)
	- genome id: 11081
	- belongs to specie: 7
Genetic distance:
	- Maximum: 2.266
	- Mean: 1.292
	- Minimum: 0.025
	- Standard deviation: 0.544

Population of 128 members in 2 species:
	 SID    age    size    fitness    adj fit    stag 
	=====  =====  ======  =========  =========  ======
	  6     85      61      0.439      0.490      14  
	  7     58      67      0.451      0.527      14  

Generation time: 213.627 sec  (210.332 average)
Population 'path_3' saved! Current generation: 95
Sample chosen: [341, 823, 621, 507, 9, 912, 153, 925, 289, 815, 410, 942, 257, 704, 438, 287]

********** Running generation 95 **********

Full population's fitness overview:
	-       best fitness: 0.37087
	-       mean fitness: 0.18962
	-      worst fitness: 0.00039
	- standard deviation: 0.13574
Best genome overview:
	- fitness: 0.37087
	- size (hid, conn): (0, 14)
	- genome id: 11066
	- belongs to specie: 7
Genetic distance:
	- Maximum: 2.224
	- Mean: 1.309
	- Minimum: 0.024
	- Standard deviation: 0.581

Population of 127 members in 2 species:
	 SID    age    size    fitness    adj fit    stag 
	=====  =====  ======  =========  =========  ======
	  6     86      60      0.354      0.470      15  
	  7     59      67      0.371      0.548      15  

Generation time: 214.343 sec  (210.818 average)
Population 'path_3' saved! Current generation: 96
Sample chosen: [208, 317, 896, 946, 779, 712, 297, 307, 286, 750, 16, 823, 36, 87, 911, 323]

********** Running generation 96 **********

Full population's fitness overview:
	-       best fitness: 0.33340
	-       mean fitness: 0.18512
	-      worst fitness: 0.00002
	- standard deviation: 0.08825
Best genome overview:
	- fitness: 0.33340
	- size (hid, conn): (0, 15)
	- genome id: 11225
	- belongs to specie: 7
Genetic distance:
	- Maximum: 2.107
	- Mean: 1.307
	- Minimum: 0.000
	- Standard deviation: 0.572

Population of 128 members in 2 species:
	 SID    age    size    fitness    adj fit    stag 
	=====  =====  ======  =========  =========  ======
	  6     87      65      0.275      0.554      16  
	  7     60      63      0.333      0.556      16  

Generation time: 207.226 sec  (210.705 average)
Population 'path_3' saved! Current generation: 97
Sample chosen: [592, 566, 680, 811, 606, 517, 118, 519, 803, 111, 31, 929, 873, 931, 674, 141]

********** Running generation 97 **********

Full population's fitness overview:
	-       best fitness: 0.48589
	-       mean fitness: 0.20745
	-      worst fitness: 0.00002
	- standard deviation: 0.17453
Best genome overview:
	- fitness: 0.48589
	- size (hid, conn): (0, 13)
	- genome id: 11336
	- belongs to specie: 7
Genetic distance:
	- Maximum: 2.022
	- Mean: 1.326
	- Minimum: 0.000
	- Standard deviation: 0.567

Population of 128 members in 2 species:
	 SID    age    size    fitness    adj fit    stag 
	=====  =====  ======  =========  =========  ======
	  6     88      66      0.437      0.401      17  
	  7     61      62      0.486      0.453      17  

Generation time: 215.268 sec  (211.061 average)
Population 'path_3' saved! Current generation: 98
Sample chosen: [215, 722, 835, 429, 603, 833, 203, 988, 874, 828, 605, 298, 448, 392, 836, 695]

********** Running generation 98 **********

Full population's fitness overview:
	-       best fitness: 0.36057
	-       mean fitness: 0.18893
	-      worst fitness: 0.00004
	- standard deviation: 0.12253
Best genome overview:
	- fitness: 0.36057
	- size (hid, conn): (0, 15)
	- genome id: 11476
	- belongs to specie: 7
Genetic distance:
	- Maximum: 2.198
	- Mean: 1.317
	- Minimum: 0.006
	- Standard deviation: 0.584

Population of 127 members in 2 species:
	 SID    age    size    fitness    adj fit    stag 
	=====  =====  ======  =========  =========  ======
	  6     89      67      0.344      0.530      18  
	  7     62      60      0.361      0.518      18  

Generation time: 206.948 sec  (211.143 average)
Population 'path_3' saved! Current generation: 99
Sample chosen: [781, 231, 416, 202, 197, 39, 766, 701, 877, 406, 645, 20, 879, 668, 743, 598]

********** Running generation 99 **********

Full population's fitness overview:
	-       best fitness: 0.31741
	-       mean fitness: 0.17282
	-      worst fitness: 0.00003
	- standard deviation: 0.09023
Best genome overview:
	- fitness: 0.31741
	- size (hid, conn): (1, 12)
	- genome id: 11662
	- belongs to specie: 6
Genetic distance:
	- Maximum: 2.320
	- Mean: 1.302
	- Minimum: 0.000
	- Standard deviation: 0.572

Population of 128 members in 2 species:
	 SID    age    size    fitness    adj fit    stag 
	=====  =====  ======  =========  =========  ======
	  6     90      65      0.317      0.529      19  
	  7     63      63      0.267      0.562      19  

Generation time: 211.213 sec  (211.606 average)
Population 'path_3' saved! Current generation: 100

===> CREATING BLUEPRINTS <===

Creating blueprints for games: [1, 2, 3, 4, 5]

===> CREATING TRACES <===

Creating traces for games: [1, 2, 3, 4, 5]

===> EVALUATING <===

