Population 'distance_1' saved! Current generation: 0

===> TRAINING <===

Repetitive evaluating games: [0, 0, 0, 0, 0, 0, 0, 0, 0, 0]

********** Running generation 0 **********

Full population's fitness overview:
	-       best fitness: 0.62366
	-       mean fitness: 0.09485
	-      worst fitness: 0.00543
	- standard deviation: 0.16457
Best genome overview:
	- fitness: 0.62366
	- size (hid, conn): (0, 2)
	- genome id: 199
	- belongs to specie: 1
Genetic distance:
	- Maximum: 3.955
	- Mean: 1.533
	- Minimum: 0.000
	- Standard deviation: 0.595

Population of 256 members in 5 species:
	 specie    age    size    fitness    adj fit    stag 
	========  =====  ======  =========  =========  ======
	   1        0     202      0.624      0.147      0   
	   2        0      51      0.578      0.138      0   
	   3        0      1        --         --        0   
	   4        0      1        --         --        0   
	   5        0      1        --         --        0   

Generation time: 11.792 sec
Population 'distance_1' saved! Current generation: 1

********** Running generation 1 **********

Full population's fitness overview:
	-       best fitness: 0.60524
	-       mean fitness: 0.26376
	-      worst fitness: 0.00586
	- standard deviation: 0.20624
Best genome overview:
	- fitness: 0.60524
	- size (hid, conn): (0, 2)
	- genome id: 424
	- belongs to specie: 2
Genetic distance:
	- Maximum: 4.876
	- Mean: 2.133
	- Minimum: 0.000
	- Standard deviation: 0.977

Population of 267 members in 8 species:
	 specie    age    size    fitness    adj fit    stag 
	========  =====  ======  =========  =========  ======
	   1        1     185      0.585      0.454      1   
	   2        1      14      0.605      0.352      0   
	   3        1      9       0.009      0.006      0   
	   4        1      46      0.306      0.501      0   
	   5        1      10      0.010      0.006      0   
	   6        0      1        --         --        0   
	   7        0      1        --         --        0   
	   8        0      1        --         --        0   

Generation time: 13.296 sec  (12.544 average)
Population 'distance_1' saved! Current generation: 2

********** Running generation 2 **********

Full population's fitness overview:
	-       best fitness: 0.70298
	-       mean fitness: 0.36048
	-      worst fitness: 0.00584
	- standard deviation: 0.19403
Best genome overview:
	- fitness: 0.70298
	- size (hid, conn): (0, 2)
	- genome id: 555
	- belongs to specie: 2
Genetic distance:
	- Maximum: 4.971
	- Mean: 2.491
	- Minimum: 0.000
	- Standard deviation: 1.166

Population of 269 members in 10 species:
	 specie    age    size    fitness    adj fit    stag 
	========  =====  ======  =========  =========  ======
	   1        2     114      0.692      0.587      0   
	   2        2      33      0.703      0.542      0   
	   3        2      11      0.009      0.005      0   
	   4        2      42      0.575      0.410      0   
	   5        2      10      0.010      0.005      0   
	   6        1      10      0.009      0.004      0   
	   7        1      37      0.508      0.720      0   
	   8        1      10      0.009      0.005      0   
	   9        0      1        --         --        0   
	   10       0      1        --         --        0   

Generation time: 13.802 sec  (12.963 average)
Population 'distance_1' saved! Current generation: 3

********** Running generation 3 **********

Full population's fitness overview:
	-       best fitness: 0.70340
	-       mean fitness: 0.33145
	-      worst fitness: 0.00639
	- standard deviation: 0.21143
Best genome overview:
	- fitness: 0.70340
	- size (hid, conn): (1, 3)
	- genome id: 974
	- belongs to specie: 7
Genetic distance:
	- Maximum: 5.469
	- Mean: 2.637
	- Minimum: 0.000
	- Standard deviation: 1.264

Population of 270 members in 10 species:
	 specie    age    size    fitness    adj fit    stag 
	========  =====  ======  =========  =========  ======
	   1        3      83      0.642      0.573      1   
	   2        3      40      0.623      0.574      1   
	   3        3      10      0.010      0.004      0   
	   4        3      42      0.583      0.474      0   
	   5        3      10      0.010      0.004      1   
	   6        2      12      0.444      0.117      0   
	   7        2      43      0.703      0.541      0   
	   8        2      10      0.010      0.004      0   
	   9        1      10      0.009      0.004      0   
	   10       1      10      0.009      0.004      0   

Generation time: 13.766 sec  (13.164 average)
Population 'distance_1' saved! Current generation: 4

********** Running generation 4 **********

Full population's fitness overview:
	-       best fitness: 0.73267
	-       mean fitness: 0.34565
	-      worst fitness: 0.00576
	- standard deviation: 0.21195
Best genome overview:
	- fitness: 0.73267
	- size (hid, conn): (0, 2)
	- genome id: 1098
	- belongs to specie: 1
Genetic distance:
	- Maximum: 5.314
	- Mean: 2.767
	- Minimum: 0.000
	- Standard deviation: 1.257

Population of 259 members in 10 species:
	 specie    age    size    fitness    adj fit    stag 
	========  =====  ======  =========  =========  ======
	   1        4      68      0.733      0.569      0   
	   2        4      36      0.666      0.580      2   
	   3        4      10      0.500      0.073      0   
	   4        4      44      0.651      0.609      0   
	   5        4      10      0.336      0.049      0   
	   6        3      20      0.602      0.366      0   
	   7        3      42      0.694      0.541      1   
	   8        3      10      0.371      0.055      0   
	   9        2      10      0.010      0.004      0   
	   10       2      9       0.289      0.077      0   

Generation time: 13.985 sec  (13.328 average)
Population 'distance_1' saved! Current generation: 5

********** Running generation 5 **********

Full population's fitness overview:
	-       best fitness: 0.64088
	-       mean fitness: 0.35798
	-      worst fitness: 0.00574
	- standard deviation: 0.20234
Best genome overview:
	- fitness: 0.64088
	- size (hid, conn): (1, 3)
	- genome id: 1396
	- belongs to specie: 4
Genetic distance:
	- Maximum: 5.082
	- Mean: 2.886
	- Minimum: 0.000
	- Standard deviation: 1.231

Population of 256 members in 10 species:
	 specie    age    size    fitness    adj fit    stag 
	========  =====  ======  =========  =========  ======
	   1        5      45      0.622      0.605      1   
	   2        5      46      0.630      0.688      3   
	   3        5      11      0.431      0.181      1   
	   4        5      40      0.641      0.673      1   
	   5        5      10      0.515      0.145      0   
	   6        4      30      0.584      0.650      1   
	   7        4      41      0.637      0.671      2   
	   8        4      10      0.347      0.099      1   
	   9        3      10      0.009      0.005      1   
	   10       3      13      0.493      0.288      0   

Generation time: 13.934 sec  (13.429 average)
Population 'distance_1' saved! Current generation: 6

********** Running generation 6 **********

Full population's fitness overview:
	-       best fitness: 0.70053
	-       mean fitness: 0.36455
	-      worst fitness: 0.00820
	- standard deviation: 0.19590
Best genome overview:
	- fitness: 0.70053
	- size (hid, conn): (0, 2)
	- genome id: 1600
	- belongs to specie: 1
Genetic distance:
	- Maximum: 4.752
	- Mean: 2.954
	- Minimum: 0.000
	- Standard deviation: 1.223

Population of 259 members in 10 species:
	 specie    age    size    fitness    adj fit    stag 
	========  =====  ======  =========  =========  ======
	   1        6      43      0.701      0.613      2   
	   2        6      30      0.661      0.513      4   
	   3        6      17      0.499      0.403      2   
	   4        6      39      0.688      0.641      0   
	   5        6      17      0.507      0.432      1   
	   6        5      29      0.646      0.488      0   
	   7        5      37      0.685      0.565      3   
	   8        5      14      0.377      0.316      0   
	   9        4      13      0.448      0.065      0   
	   10       4      20      0.495      0.353      0   

Generation time: 14.221 sec  (13.542 average)
Population 'distance_1' saved! Current generation: 7

********** Running generation 7 **********

Full population's fitness overview:
	-       best fitness: 0.69080
	-       mean fitness: 0.36711
	-      worst fitness: 0.00824
	- standard deviation: 0.19707
Best genome overview:
	- fitness: 0.69080
	- size (hid, conn): (0, 2)
	- genome id: 1594
	- belongs to specie: 2
Genetic distance:
	- Maximum: 4.713
	- Mean: 2.946
	- Minimum: 0.000
	- Standard deviation: 1.223

Population of 256 members in 10 species:
	 specie    age    size    fitness    adj fit    stag 
	========  =====  ======  =========  =========  ======
	   1        7      46      0.688      0.516      3   
	   2        7      25      0.691      0.637      5   
	   3        7      19      0.646      0.409      0   
	   4        7      35      0.686      0.618      1   
	   5        7      24      0.642      0.616      0   
	   6        6      29      0.587      0.551      1   
	   7        6      33      0.603      0.588      4   
	   8        6      18      0.402      0.330      0   
	   9        5      11      0.515      0.100      0   
	   10       5      16      0.541      0.485      0   

Generation time: 14.867 sec  (13.708 average)
Population 'distance_1' saved! Current generation: 8

********** Running generation 8 **********

Full population's fitness overview:
	-       best fitness: 0.68315
	-       mean fitness: 0.38169
	-      worst fitness: 0.00559
	- standard deviation: 0.18008
Best genome overview:
	- fitness: 0.68315
	- size (hid, conn): (1, 3)
	- genome id: 1495
	- belongs to specie: 4
Genetic distance:
	- Maximum: 5.196
	- Mean: 3.008
	- Minimum: 0.000
	- Standard deviation: 1.229

Population of 255 members in 10 species:
	 specie    age    size    fitness    adj fit    stag 
	========  =====  ======  =========  =========  ======
	   1        8      40      0.642      0.573      4   
	   2        8      25      0.628      0.567      6   
	   3        8      22      0.641      0.503      1   
	   4        8      30      0.683      0.641      2   
	   5        8      26      0.593      0.590      1   
	   6        7      28      0.610      0.553      2   
	   7        7      31      0.668      0.608      5   
	   8        7      20      0.417      0.398      0   
	   9        6      12      0.503      0.272      1   
	   10       6      21      0.564      0.569      0   

Generation time: 15.214 sec  (13.875 average)
Population 'distance_1' saved! Current generation: 9

********** Running generation 9 **********

Full population's fitness overview:
	-       best fitness: 0.69481
	-       mean fitness: 0.39888
	-      worst fitness: 0.00715
	- standard deviation: 0.15983
Best genome overview:
	- fitness: 0.69481
	- size (hid, conn): (0, 2)
	- genome id: 2218
	- belongs to specie: 1
Genetic distance:
	- Maximum: 4.837
	- Mean: 3.000
	- Minimum: 0.000
	- Standard deviation: 1.198

Population of 255 members in 10 species:
	 specie    age    size    fitness    adj fit    stag 
	========  =====  ======  =========  =========  ======
	   1        9      55      0.695      0.570      5   
	   2        9      23      0.629      0.574      7   
	   3        9      22      0.533      0.474      2   
	   4        9      29      0.672      0.605      3   
	   5        9      26      0.594      0.564      2   
	   6        8      26      0.596      0.566      3   
	   7        8      30      0.629      0.637      6   
	   8        8      22      0.490      0.458      0   
	   9        7      19      0.562      0.631      0   
	   10       7      3       0.589      0.597      0   

Generation time: 15.207 sec  (14.008 average)
Population 'distance_1' saved! Current generation: 10

********** Running generation 10 **********

Full population's fitness overview:
	-       best fitness: 0.70608
	-       mean fitness: 0.40478
	-      worst fitness: 0.00846
	- standard deviation: 0.16600
Best genome overview:
	- fitness: 0.70608
	- size (hid, conn): (1, 3)
	- genome id: 2450
	- belongs to specie: 2
Genetic distance:
	- Maximum: 5.032
	- Mean: 3.081
	- Minimum: 0.000
	- Standard deviation: 1.198

Population of 258 members in 10 species:
	 specie    age    size    fitness    adj fit    stag 
	========  =====  ======  =========  =========  ======
	   1       10      42      0.589      0.531      6   
	   2       10      25      0.706      0.652      0   
	   3       10      24      0.595      0.571      3   
	   4       10      29      0.604      0.670      4   
	   5       10      27      0.637      0.604      3   
	   6        9      27      0.594      0.624      4   
	   7        9      28      0.666      0.552      7   
	   8        9      25      0.539      0.482      0   
	   9        8      20      0.561      0.469      1   
	   10       8      11      0.464      0.232      1   

Generation time: 16.428 sec  (14.472 average)
Population 'distance_1' saved! Current generation: 11

********** Running generation 11 **********

Full population's fitness overview:
	-       best fitness: 0.66039
	-       mean fitness: 0.40702
	-      worst fitness: 0.00809
	- standard deviation: 0.17261
Best genome overview:
	- fitness: 0.66039
	- size (hid, conn): (1, 3)
	- genome id: 2660
	- belongs to specie: 5
Genetic distance:
	- Maximum: 4.985
	- Mean: 3.154
	- Minimum: 0.000
	- Standard deviation: 1.170

Population of 257 members in 10 species:
	 specie    age    size    fitness    adj fit    stag 
	========  =====  ======  =========  =========  ======
	   1       11      26      0.657      0.701      7   
	   2       11      37      0.654      0.661      1   
	   3       11      24      0.649      0.592      0   
	   4       11      28      0.617      0.631      5   
	   5       11      23      0.660      0.553      0   
	   6       10      26      0.564      0.614      5   
	   7       10      29      0.597      0.672      8   
	   8       10      24      0.585      0.537      0   
	   9        9      23      0.548      0.589      2   
	   10       9      17      0.582      0.347      2   

Generation time: 15.651 sec  (14.707 average)
Population 'distance_1' saved! Current generation: 12

********** Running generation 12 **********

Full population's fitness overview:
	-       best fitness: 0.64925
	-       mean fitness: 0.40131
	-      worst fitness: 0.00563
	- standard deviation: 0.16858
Best genome overview:
	- fitness: 0.64925
	- size (hid, conn): (1, 3)
	- genome id: 2931
	- belongs to specie: 4
Genetic distance:
	- Maximum: 4.867
	- Mean: 3.167
	- Minimum: 0.000
	- Standard deviation: 1.128

Population of 257 members in 10 species:
	 specie    age    size    fitness    adj fit    stag 
	========  =====  ======  =========  =========  ======
	   1       12      18      0.642      0.680      8   
	   2       12      37      0.632      0.649      2   
	   3       12      22      0.639      0.554      1   
	   4       12      24      0.649      0.595      6   
	   5       12      24      0.607      0.614      1   
	   6       11      24      0.629      0.644      6   
	   7       11      28      0.572      0.622      9   
	   8       11      24      0.597      0.579      0   
	   9       10      29      0.648      0.678      0   
	   10      10      27      0.589      0.469      3   

Generation time: 15.681 sec  (14.895 average)
Population 'distance_1' saved! Current generation: 13

********** Running generation 13 **********

Full population's fitness overview:
	-       best fitness: 0.72316
	-       mean fitness: 0.39984
	-      worst fitness: 0.00883
	- standard deviation: 0.17284
Best genome overview:
	- fitness: 0.72316
	- size (hid, conn): (1, 3)
	- genome id: 3264
	- belongs to specie: 7
Genetic distance:
	- Maximum: 4.811
	- Mean: 3.157
	- Minimum: 0.000
	- Standard deviation: 1.108

Population of 256 members in 10 species:
	 specie    age    size    fitness    adj fit    stag 
	========  =====  ======  =========  =========  ======
	   1       13      19      0.558      0.555      9   
	   2       13      21      0.601      0.570      3   
	   3       13      21      0.591      0.430      2   
	   4       13      24      0.603      0.507      7   
	   5       13      26      0.666      0.604      0   
	   6       12      22      0.598      0.619      7   
	   7       12      28      0.723      0.610      0   
	   8       12      24      0.582      0.532      1   
	   9       11      25      0.574      0.509      1   
	   10      11      46      0.614      0.518      0   

Generation time: 15.859 sec  (15.105 average)
Population 'distance_1' saved! Current generation: 14

********** Running generation 14 **********

Full population's fitness overview:
	-       best fitness: 0.70167
	-       mean fitness: 0.40489
	-      worst fitness: 0.00798
	- standard deviation: 0.15723
Best genome overview:
	- fitness: 0.70167
	- size (hid, conn): (0, 2)
	- genome id: 3495
	- belongs to specie: 10
Genetic distance:
	- Maximum: 5.238
	- Mean: 3.140
	- Minimum: 0.000
	- Standard deviation: 1.075

Population of 256 members in 10 species:
	 specie    age    size    fitness    adj fit    stag 
	========  =====  ======  =========  =========  ======
	   1       14      19      0.625      0.570      10  
	   2       14      31      0.618      0.602      4   
	   3       14      22      0.658      0.531      0   
	   4       14      26      0.637      0.645      8   
	   5       14      26      0.592      0.569      1   
	   6       13      23      0.582      0.559      8   
	   7       13      27      0.663      0.583      1   
	   8       13      24      0.590      0.527      2   
	   9       12      25      0.624      0.574      2   
	   10      12      33      0.702      0.563      0   

Generation time: 15.490 sec  (15.255 average)
Population 'distance_1' saved! Current generation: 15

********** Running generation 15 **********

Full population's fitness overview:
	-       best fitness: 0.68997
	-       mean fitness: 0.40794
	-      worst fitness: 0.00778
	- standard deviation: 0.18578
Best genome overview:
	- fitness: 0.68997
	- size (hid, conn): (1, 3)
	- genome id: 3654
	- belongs to specie: 2
Genetic distance:
	- Maximum: 4.869
	- Mean: 3.129
	- Minimum: 0.000
	- Standard deviation: 1.068

Population of 256 members in 10 species:
	 specie    age    size    fitness    adj fit    stag 
	========  =====  ======  =========  =========  ======
	   1       15      5       0.627      0.638      11  
	   2       15      19      0.690      0.633      5   
	   3       15      21      0.638      0.528      1   
	   4       15      25      0.643      0.561      9   
	   5       15      26      0.605      0.585      2   
	   6       14      54      0.639      0.557      9   
	   7       14      25      0.623      0.505      2   
	   8       14      26      0.620      0.646      0   
	   9       13      25      0.603      0.602      3   
	   10      13      30      0.664      0.606      1   

Generation time: 15.974 sec  (15.459 average)
Population 'distance_1' saved! Current generation: 16

********** Running generation 16 **********

Full population's fitness overview:
	-       best fitness: 0.75167
	-       mean fitness: 0.41552
	-      worst fitness: 0.00556
	- standard deviation: 0.15925
Best genome overview:
	- fitness: 0.75167
	- size (hid, conn): (1, 3)
	- genome id: 3818
	- belongs to specie: 6
Genetic distance:
	- Maximum: 4.842
	- Mean: 3.112
	- Minimum: 0.000
	- Standard deviation: 1.089

Population of 254 members in 10 species:
	 specie    age    size    fitness    adj fit    stag 
	========  =====  ======  =========  =========  ======
	   1       16      18      0.546      0.393      12  
	   2       16      20      0.619      0.503      6   
	   3       16      25      0.591      0.604      2   
	   4       16      25      0.548      0.539      10  
	   5       16      26      0.628      0.554      3   
	   6       15      35      0.752      0.546      0   
	   7       15      26      0.592      0.577      3   
	   8       15      25      0.652      0.539      0   
	   9       14      27      0.668      0.570      0   
	   10      14      27      0.669      0.547      2   

Generation time: 16.785 sec  (15.716 average)
Population 'distance_1' saved! Current generation: 17

********** Running generation 17 **********

Full population's fitness overview:
	-       best fitness: 0.66520
	-       mean fitness: 0.40848
	-      worst fitness: 0.00575
	- standard deviation: 0.15956
Best genome overview:
	- fitness: 0.66520
	- size (hid, conn): (1, 3)
	- genome id: 4046
	- belongs to specie: 8
Genetic distance:
	- Maximum: 4.819
	- Mean: 3.114
	- Minimum: 0.000
	- Standard deviation: 1.088

Population of 254 members in 10 species:
	 specie    age    size    fitness    adj fit    stag 
	========  =====  ======  =========  =========  ======
	   1       17      25      0.538      0.416      13  
	   2       17      17      0.584      0.472      7   
	   3       17      27      0.644      0.662      3   
	   4       17      26      0.622      0.622      11  
	   5       17      25      0.631      0.618      4   
	   6       16      33      0.660      0.713      1   
	   7       16      26      0.629      0.630      4   
	   8       16      22      0.665      0.602      0   
	   9       15      27      0.612      0.630      1   
	   10      15      26      0.585      0.615      3   

Generation time: 16.069 sec  (15.836 average)
Population 'distance_1' saved! Current generation: 18

********** Running generation 18 **********

Full population's fitness overview:
	-       best fitness: 0.67516
	-       mean fitness: 0.40401
	-      worst fitness: 0.00825
	- standard deviation: 0.17655
Best genome overview:
	- fitness: 0.67516
	- size (hid, conn): (0, 1)
	- genome id: 4307
	- belongs to specie: 4
Genetic distance:
	- Maximum: 4.971
	- Mean: 3.122
	- Minimum: 0.000
	- Standard deviation: 1.088

Population of 254 members in 10 species:
	 specie    age    size    fitness    adj fit    stag 
	========  =====  ======  =========  =========  ======
	   1       18      32      0.614      0.528      14  
	   2       18      20      0.568      0.554      8   
	   3       18      25      0.611      0.576      4   
	   4       18      22      0.675      0.623      12  
	   5       18      25      0.637      0.620      5   
	   6       17      29      0.595      0.584      2   
	   7       17      27      0.590      0.669      5   
	   8       17      23      0.602      0.590      1   
	   9       16      26      0.660      0.618      2   
	   10      16      25      0.653      0.559      4   

Generation time: 15.998 sec  (15.914 average)
Population 'distance_1' saved! Current generation: 19

********** Running generation 19 **********

Full population's fitness overview:
	-       best fitness: 0.73428
	-       mean fitness: 0.39717
	-      worst fitness: 0.00574
	- standard deviation: 0.17593
Best genome overview:
	- fitness: 0.73428
	- size (hid, conn): (1, 3)
	- genome id: 4290
	- belongs to specie: 7

Species 1 with 32 members is stagnated (fitness: 0.6098993534716626): removing it
Genetic distance:
	- Maximum: 5.609
	- Mean: 3.299
	- Minimum: 0.000
	- Standard deviation: 1.097

Population of 256 members in 10 species:
	 specie    age    size    fitness    adj fit    stag 
	========  =====  ======  =========  =========  ======
	   2       19      31      0.653      0.545      9   
	   3       19      28      0.638      0.519      5   
	   4       19      29      0.668      0.633      13  
	   5       19      28      0.663      0.531      6   
	   6       18      28      0.601      0.565      3   
	   7       18      25      0.734      0.466      0   
	   8       18      26      0.613      0.499      2   
	   9       17      30      0.525      0.558      3   
	   10      17      26      0.689      0.568      5   
	   11       0      5        --         --        0   

Generation time: 15.560 sec  (15.950 average)
Population 'distance_1' saved! Current generation: 20

********** Running generation 20 **********

Full population's fitness overview:
	-       best fitness: 0.74878
	-       mean fitness: 0.41434
	-      worst fitness: 0.00903
	- standard deviation: 0.16401
Best genome overview:
	- fitness: 0.74878
	- size (hid, conn): (1, 3)
	- genome id: 4629
	- belongs to specie: 7
Genetic distance:
	- Maximum: 5.710
	- Mean: 3.253
	- Minimum: 0.000
	- Standard deviation: 1.106

Population of 256 members in 10 species:
	 specie    age    size    fitness    adj fit    stag 
	========  =====  ======  =========  =========  ======
	   2       20      34      0.628      0.542      10  
	   3       20      24      0.680      0.511      0   
	   4       20      27      0.592      0.537      14  
	   5       20      28      0.743      0.593      0   
	   6       19      24      0.691      0.582      4   
	   7       19      22      0.749      0.537      0   
	   8       19      25      0.612      0.535      3   
	   9       18      29      0.571      0.508      4   
	   10      18      27      0.566      0.588      6   
	   11       1      16      0.489      0.567      0   

Generation time: 16.182 sec  (15.925 average)
Population 'distance_1' saved! Current generation: 21

********** Running generation 21 **********

Full population's fitness overview:
	-       best fitness: 0.69442
	-       mean fitness: 0.42560
	-      worst fitness: 0.00795
	- standard deviation: 0.15574
Best genome overview:
	- fitness: 0.69442
	- size (hid, conn): (1, 2)
	- genome id: 4883
	- belongs to specie: 5

Species 4 with 27 members is stagnated (fitness: 0.6130137436954719): removing it
Genetic distance:
	- Maximum: 5.710
	- Mean: 3.284
	- Minimum: 0.000
	- Standard deviation: 1.154

Population of 254 members in 10 species:
	 specie    age    size    fitness    adj fit    stag 
	========  =====  ======  =========  =========  ======
	   2       21      26      0.682      0.604      11  
	   3       21      28      0.618      0.624      1   
	   5       21      28      0.694      0.665      1   
	   6       20      21      0.595      0.549      5   
	   7       20      26      0.583      0.604      1   
	   8       20      27      0.627      0.563      4   
	   9       19      31      0.597      0.639      5   
	   10      19      28      0.579      0.602      7   
	   11       2      25      0.650      0.587      0   
	   12       0      14       --         --        0   

Generation time: 16.000 sec  (15.960 average)
Population 'distance_1' saved! Current generation: 22

********** Running generation 22 **********

Full population's fitness overview:
	-       best fitness: 0.70974
	-       mean fitness: 0.43109
	-      worst fitness: 0.00631
	- standard deviation: 0.15694
Best genome overview:
	- fitness: 0.70974
	- size (hid, conn): (1, 3)
	- genome id: 5136
	- belongs to specie: 11
Genetic distance:
	- Maximum: 5.673
	- Mean: 3.269
	- Minimum: 0.000
	- Standard deviation: 1.129

Population of 254 members in 10 species:
	 specie    age    size    fitness    adj fit    stag 
	========  =====  ======  =========  =========  ======
	   2       22      28      0.619      0.598      12  
	   3       22      28      0.660      0.658      2   
	   5       22      27      0.705      0.628      2   
	   6       21      17      0.619      0.621      6   
	   7       21      25      0.600      0.559      2   
	   8       21      27      0.610      0.634      5   
	   9       20      26      0.601      0.550      6   
	   10      20      31      0.668      0.662      8   
	   11       3      22      0.710      0.593      0   
	   12       1      23      0.601      0.482      0   

Generation time: 16.174 sec  (16.009 average)
Population 'distance_1' saved! Current generation: 23

********** Running generation 23 **********

Full population's fitness overview:
	-       best fitness: 0.66842
	-       mean fitness: 0.42950
	-      worst fitness: 0.00875
	- standard deviation: 0.14188
Best genome overview:
	- fitness: 0.66842
	- size (hid, conn): (1, 3)
	- genome id: 5477
	- belongs to specie: 9
Genetic distance:
	- Maximum: 5.451
	- Mean: 3.244
	- Minimum: 0.000
	- Standard deviation: 1.128

Population of 254 members in 10 species:
	 specie    age    size    fitness    adj fit    stag 
	========  =====  ======  =========  =========  ======
	   2       23      36      0.584      0.617      13  
	   3       23      27      0.605      0.632      3   
	   5       23      25      0.641      0.622      3   
	   6       22      21      0.581      0.644      7   
	   7       22      25      0.616      0.620      3   
	   8       22      21      0.613      0.649      6   
	   9       21      22      0.668      0.621      0   
	   10      21      28      0.618      0.652      9   
	   11       4      24      0.661      0.634      1   
	   12       2      25      0.668      0.694      0   

Generation time: 16.242 sec  (16.048 average)
Population 'distance_1' saved! Current generation: 24

********** Running generation 24 **********

Full population's fitness overview:
	-       best fitness: 0.72492
	-       mean fitness: 0.42112
	-      worst fitness: 0.00881
	- standard deviation: 0.15625
Best genome overview:
	- fitness: 0.72492
	- size (hid, conn): (1, 4)
	- genome id: 5663
	- belongs to specie: 8
Genetic distance:
	- Maximum: 5.088
	- Mean: 3.227
	- Minimum: 0.000
	- Standard deviation: 1.115

Population of 255 members in 10 species:
	 specie    age    size    fitness    adj fit    stag 
	========  =====  ======  =========  =========  ======
	   2       24      38      0.622      0.590      14  
	   3       24      26      0.708      0.561      0   
	   5       24      24      0.656      0.527      4   
	   6       23      26      0.626      0.631      8   
	   7       23      26      0.623      0.586      4   
	   8       23      15      0.725      0.540      0   
	   9       22      25      0.638      0.627      1   
	   10      22      25      0.591      0.567      10  
	   11       5      24      0.632      0.533      2   
	   12       3      26      0.582      0.599      1   

Generation time: 16.355 sec  (16.134 average)
Population 'distance_1' saved! Current generation: 25

********** Running generation 25 **********

Full population's fitness overview:
	-       best fitness: 0.70994
	-       mean fitness: 0.40677
	-      worst fitness: 0.00806
	- standard deviation: 0.16594
Best genome overview:
	- fitness: 0.70994
	- size (hid, conn): (1, 3)
	- genome id: 5781
	- belongs to specie: 5

Species 2 with 38 members is stagnated (fitness: 0.6575659471731665): removing it
Genetic distance:
	- Maximum: 5.221
	- Mean: 3.405
	- Minimum: 0.000
	- Standard deviation: 1.087

Population of 254 members in 10 species:
	 specie    age    size    fitness    adj fit    stag 
	========  =====  ======  =========  =========  ======
	   3       25      29      0.627      0.543      1   
	   5       25      24      0.710      0.536      5   
	   6       24      31      0.598      0.645      9   
	   7       24      28      0.523      0.519      5   
	   8       24      21      0.584      0.640      1   
	   9       23      27      0.535      0.555      2   
	   10      23      29      0.703      0.576      0   
	   11       6      27      0.609      0.519      3   
	   12       4      33      0.623      0.602      2   
	   13       0      5        --         --        0   

Generation time: 16.690 sec  (16.206 average)
Population 'distance_1' saved! Current generation: 26

********** Running generation 26 **********

Full population's fitness overview:
	-       best fitness: 0.70995
	-       mean fitness: 0.41999
	-      worst fitness: 0.00798
	- standard deviation: 0.15723
Best genome overview:
	- fitness: 0.70995
	- size (hid, conn): (1, 3)
	- genome id: 5975
	- belongs to specie: 5
Genetic distance:
	- Maximum: 5.701
	- Mean: 3.425
	- Minimum: 0.000
	- Standard deviation: 1.084

Population of 255 members in 10 species:
	 specie    age    size    fitness    adj fit    stag 
	========  =====  ======  =========  =========  ======
	   3       26      28      0.671      0.580      2   
	   5       26      23      0.710      0.637      6   
	   6       25      30      0.617      0.626      10  
	   7       25      28      0.589      0.508      6   
	   8       25      34      0.595      0.587      2   
	   9       24      25      0.688      0.560      0   
	   10      24      20      0.615      0.618      1   
	   11       7      27      0.624      0.576      4   
	   12       5      31      0.584      0.626      3   
	   13       1      9       0.484      0.344      0   

Generation time: 16.890 sec  (16.216 average)
Population 'distance_1' saved! Current generation: 27

********** Running generation 27 **********

Full population's fitness overview:
	-       best fitness: 0.70104
	-       mean fitness: 0.44046
	-      worst fitness: 0.00814
	- standard deviation: 0.14061
Best genome overview:
	- fitness: 0.70104
	- size (hid, conn): (1, 4)
	- genome id: 6249
	- belongs to specie: 11
Genetic distance:
	- Maximum: 5.818
	- Mean: 3.390
	- Minimum: 0.000
	- Standard deviation: 1.053

Population of 255 members in 10 species:
	 specie    age    size    fitness    adj fit    stag 
	========  =====  ======  =========  =========  ======
	   3       27      26      0.589      0.595      3   
	   5       27      23      0.636      0.564      7   
	   6       26      33      0.680      0.669      11  
	   7       26      25      0.666      0.589      7   
	   8       26      32      0.621      0.613      3   
	   9       25      26      0.682      0.683      1   
	   10      25      17      0.589      0.650      2   
	   11       8      23      0.701      0.615      5   
	   12       6      25      0.670      0.645      0   
	   13       2      25      0.591      0.603      0   

Generation time: 17.287 sec  (16.338 average)
Population 'distance_1' saved! Current generation: 28

********** Running generation 28 **********

Full population's fitness overview:
	-       best fitness: 0.74317
	-       mean fitness: 0.41830
	-      worst fitness: 0.00598
	- standard deviation: 0.16594
Best genome overview:
	- fitness: 0.74317
	- size (hid, conn): (1, 3)
	- genome id: 6439
	- belongs to specie: 9
Genetic distance:
	- Maximum: 5.038
	- Mean: 3.408
	- Minimum: 0.000
	- Standard deviation: 1.028

Population of 256 members in 10 species:
	 specie    age    size    fitness    adj fit    stag 
	========  =====  ======  =========  =========  ======
	   3       28      27      0.623      0.591      4   
	   5       28      26      0.569      0.511      8   
	   6       27      52      0.619      0.594      12  
	   7       27      26      0.645      0.570      8   
	   8       27      31      0.666      0.576      4   
	   9       26      23      0.743      0.557      0   
	   10      26      20      0.629      0.526      3   
	   11       9      24      0.643      0.562      6   
	   12       7      3       0.662      0.523      1   
	   13       3      24      0.659      0.552      0   

Generation time: 17.483 sec  (16.486 average)
Population 'distance_1' saved! Current generation: 29

********** Running generation 29 **********

Full population's fitness overview:
	-       best fitness: 0.68841
	-       mean fitness: 0.42237
	-      worst fitness: 0.00854
	- standard deviation: 0.16241
Best genome overview:
	- fitness: 0.68841
	- size (hid, conn): (0, 2)
	- genome id: 6763
	- belongs to specie: 10
Genetic distance:
	- Maximum: 5.078
	- Mean: 3.433
	- Minimum: 0.000
	- Standard deviation: 1.042

Population of 256 members in 10 species:
	 specie    age    size    fitness    adj fit    stag 
	========  =====  ======  =========  =========  ======
	   3       29      26      0.612      0.596      5   
	   5       29      27      0.637      0.593      9   
	   6       28      38      0.685      0.645      13  
	   7       28      26      0.658      0.629      9   
	   8       28      26      0.597      0.490      5   
	   9       27      24      0.620      0.613      1   
	   10      27      25      0.688      0.673      4   
	   11      10      24      0.624      0.594      7   
	   12       8      18      0.554      0.736      2   
	   13       4      22      0.635      0.633      1   

Generation time: 18.362 sec  (16.767 average)
Population 'distance_1' saved! Current generation: 30

********** Running generation 30 **********

Full population's fitness overview:
	-       best fitness: 0.74146
	-       mean fitness: 0.40919
	-      worst fitness: 0.00788
	- standard deviation: 0.17233
Best genome overview:
	- fitness: 0.74146
	- size (hid, conn): (1, 4)
	- genome id: 6875
	- belongs to specie: 6
Genetic distance:
	- Maximum: 5.094
	- Mean: 3.417
	- Minimum: 0.000
	- Standard deviation: 1.043

Population of 254 members in 10 species:
	 specie    age    size    fitness    adj fit    stag 
	========  =====  ======  =========  =========  ======
	   3       30      26      0.669      0.556      6   
	   5       30      28      0.600      0.577      10  
	   6       29      31      0.741      0.616      14  
	   7       29      24      0.603      0.509      10  
	   8       29      24      0.650      0.458      6   
	   9       28      25      0.601      0.571      2   
	   10      28      29      0.656      0.617      5   
	   11      11      22      0.617      0.442      8   
	   12       9      24      0.680      0.609      0   
	   13       5      21      0.582      0.489      2   

Generation time: 17.004 sec  (16.849 average)
Population 'distance_1' saved! Current generation: 31

********** Running generation 31 **********

Full population's fitness overview:
	-       best fitness: 0.71425
	-       mean fitness: 0.43493
	-      worst fitness: 0.00837
	- standard deviation: 0.15128
Best genome overview:
	- fitness: 0.71425
	- size (hid, conn): (1, 3)
	- genome id: 7254
	- belongs to specie: 5
Genetic distance:
	- Maximum: 5.155
	- Mean: 3.438
	- Minimum: 0.000
	- Standard deviation: 1.035

Population of 253 members in 10 species:
	 specie    age    size    fitness    adj fit    stag 
	========  =====  ======  =========  =========  ======
	   3       31      23      0.616      0.492      7   
	   5       31      26      0.714      0.638      11  
	   6       30      34      0.680      0.658      15  
	   7       30      24      0.607      0.569      11  
	   8       30      25      0.613      0.633      7   
	   9       29      25      0.666      0.603      3   
	   10      29      3       0.683      0.597      6   
	   11      12      24      0.586      0.628      9   
	   12      10      19      0.616      0.602      1   
	   13       6      50      0.600      0.614      3   

Generation time: 17.084 sec  (16.957 average)
Population 'distance_1' saved! Current generation: 32

********** Running generation 32 **********

Full population's fitness overview:
	-       best fitness: 0.72508
	-       mean fitness: 0.42269
	-      worst fitness: 0.00794
	- standard deviation: 0.15775
Best genome overview:
	- fitness: 0.72508
	- size (hid, conn): (1, 3)
	- genome id: 7399
	- belongs to specie: 3
Genetic distance:
	- Maximum: 5.165
	- Mean: 3.459
	- Minimum: 0.000
	- Standard deviation: 1.089

Population of 255 members in 10 species:
	 specie    age    size    fitness    adj fit    stag 
	========  =====  ======  =========  =========  ======
	   3       32      21      0.725      0.561      0   
	   5       32      24      0.593      0.481      12  
	   6       31      31      0.678      0.662      16  
	   7       31      25      0.629      0.576      12  
	   8       31      26      0.624      0.593      8   
	   9       30      26      0.640      0.615      4   
	   10      30      14      0.426      0.540      7   
	   11      13      28      0.601      0.581      10  
	   12      11      21      0.586      0.522      2   
	   13       7      39      0.655      0.579      4   

Generation time: 17.055 sec  (17.045 average)
Population 'distance_1' saved! Current generation: 33

********** Running generation 33 **********

Full population's fitness overview:
	-       best fitness: 0.70732
	-       mean fitness: 0.42090
	-      worst fitness: 0.00910
	- standard deviation: 0.16018
Best genome overview:
	- fitness: 0.70732
	- size (hid, conn): (1, 3)
	- genome id: 7549
	- belongs to specie: 6
Genetic distance:
	- Maximum: 5.159
	- Mean: 3.467
	- Minimum: 0.000
	- Standard deviation: 1.079

Population of 254 members in 10 species:
	 specie    age    size    fitness    adj fit    stag 
	========  =====  ======  =========  =========  ======
	   3       33      22      0.624      0.540      1   
	   5       33      24      0.621      0.565      13  
	   6       32      26      0.707      0.667      17  
	   7       32      23      0.546      0.493      13  
	   8       32      29      0.623      0.699      9   
	   9       31      25      0.626      0.544      5   
	   10      31      22      0.557      0.612      8   
	   11      14      27      0.619      0.586      11  
	   12      12      22      0.654      0.579      3   
	   13       8      34      0.678      0.591      0   

Generation time: 17.010 sec  (17.122 average)
Population 'distance_1' saved! Current generation: 34

********** Running generation 34 **********

Full population's fitness overview:
	-       best fitness: 0.76101
	-       mean fitness: 0.42850
	-      worst fitness: 0.00853
	- standard deviation: 0.14634
Best genome overview:
	- fitness: 0.76101
	- size (hid, conn): (0, 2)
	- genome id: 7923
	- belongs to specie: 10
Genetic distance:
	- Maximum: 5.159
	- Mean: 3.489
	- Minimum: 0.000
	- Standard deviation: 1.018

Population of 255 members in 10 species:
	 specie    age    size    fitness    adj fit    stag 
	========  =====  ======  =========  =========  ======
	   3       34      24      0.595      0.509      2   
	   5       34      25      0.644      0.579      14  
	   6       33      25      0.609      0.568      18  
	   7       33      26      0.639      0.498      14  
	   8       33      27      0.674      0.538      10  
	   9       32      26      0.553      0.575      6   
	   10      32      13      0.761      0.564      0   
	   11      15      25      0.614      0.549      12  
	   12      13      22      0.579      0.580      4   
	   13       9      42      0.610      0.602      1   

Generation time: 16.945 sec  (17.181 average)
Population 'distance_1' saved! Current generation: 35

********** Running generation 35 **********

Full population's fitness overview:
	-       best fitness: 0.70669
	-       mean fitness: 0.42141
	-      worst fitness: 0.00899
	- standard deviation: 0.16047
Best genome overview:
	- fitness: 0.70669
	- size (hid, conn): (1, 3)
	- genome id: 8100
	- belongs to specie: 6

Species 5 with 25 members is stagnated (fitness: 0.6136004286915608): removing it

Species 7 with 26 members is stagnated (fitness: 0.5817392299359729): removing it
Genetic distance:
	- Maximum: 5.776
	- Mean: 3.424
	- Minimum: 0.000
	- Standard deviation: 1.021

Population of 255 members in 10 species:
	 specie    age    size    fitness    adj fit    stag 
	========  =====  ======  =========  =========  ======
	   3       35      27      0.608      0.435      3   
	   6       34      7       0.707      0.666      19  
	   8       34      35      0.687      0.661      11  
	   9       33      34      0.633      0.601      7   
	   10      33      39      0.574      0.561      1   
	   11      16      31      0.605      0.589      13  
	   12      14      22      0.655      0.632      5   
	   13      10      14      0.616      0.604      2   
	   14       0      37       --         --        0   
	   15       0      9        --         --        0   

Generation time: 17.305 sec  (17.242 average)
Population 'distance_1' saved! Current generation: 36

********** Running generation 36 **********

Full population's fitness overview:
	-       best fitness: 0.71358
	-       mean fitness: 0.41303
	-      worst fitness: 0.00798
	- standard deviation: 0.16444
Best genome overview:
	- fitness: 0.71358
	- size (hid, conn): (0, 1)
	- genome id: 8192
	- belongs to specie: 14
Genetic distance:
	- Maximum: 5.779
	- Mean: 3.402
	- Minimum: 0.000
	- Standard deviation: 1.105

Population of 254 members in 10 species:
	 specie    age    size    fitness    adj fit    stag 
	========  =====  ======  =========  =========  ======
	   3       36      25      0.586      0.518      4   
	   6       35      6       0.515      0.465      20  
	   8       35      29      0.632      0.580      12  
	   9       34      30      0.595      0.581      8   
	   10      34      31      0.590      0.537      2   
	   11      17      27      0.610      0.584      14  
	   12      15      33      0.637      0.553      6   
	   13      11      23      0.575      0.697      3   
	   14       1      31      0.714      0.605      0   
	   15       1      19      0.609      0.636      0   

Generation time: 17.962 sec  (17.350 average)
Population 'distance_1' saved! Current generation: 37

********** Running generation 37 **********

Full population's fitness overview:
	-       best fitness: 0.71947
	-       mean fitness: 0.41725
	-      worst fitness: 0.00571
	- standard deviation: 0.15832
Best genome overview:
	- fitness: 0.71947
	- size (hid, conn): (0, 1)
	- genome id: 8419
	- belongs to specie: 14

Species 11 with 27 members is stagnated (fitness: 0.6338517390134875): removing it

Species 6 with 6 members is stagnated (fitness: 0.4912676175814874): removing it
Genetic distance:
	- Maximum: 5.779
	- Mean: 3.215
	- Minimum: 0.000
	- Standard deviation: 1.083

Population of 255 members in 10 species:
	 specie    age    size    fitness    adj fit    stag 
	========  =====  ======  =========  =========  ======
	   3       37      20      0.633      0.526      5   
	   8       36      33      0.584      0.600      13  
	   9       35      35      0.579      0.626      9   
	   10      35      14      0.634      0.543      3   
	   12      16      32      0.623      0.608      7   
	   13      12      18      0.691      0.576      0   
	   14       2      32      0.719      0.588      0   
	   15       2      27      0.583      0.571      1   
	   16       0      35       --         --        0   
	   17       0      9        --         --        0   

Generation time: 18.563 sec  (17.477 average)
Population 'distance_1' saved! Current generation: 38

********** Running generation 38 **********

Full population's fitness overview:
	-       best fitness: 0.70034
	-       mean fitness: 0.43233
	-      worst fitness: 0.00895
	- standard deviation: 0.15276
Best genome overview:
	- fitness: 0.70034
	- size (hid, conn): (1, 3)
	- genome id: 8732
	- belongs to specie: 3
Genetic distance:
	- Maximum: 5.757
	- Mean: 3.283
	- Minimum: 0.000
	- Standard deviation: 1.116

Population of 256 members in 10 species:
	 specie    age    size    fitness    adj fit    stag 
	========  =====  ======  =========  =========  ======
	   3       38      19      0.700      0.574      6   
	   8       37      29      0.663      0.621      14  
	   9       36      32      0.692      0.558      10  
	   10      36      14      0.652      0.664      4   
	   12      17      29      0.648      0.620      8   
	   13      13      22      0.602      0.674      1   
	   14       3      33      0.698      0.581      1   
	   15       3      25      0.670      0.606      0   
	   16       1      35      0.632      0.647      0   
	   17       1      18      0.554      0.642      0   

Generation time: 19.283 sec  (17.657 average)
Population 'distance_1' saved! Current generation: 39

********** Running generation 39 **********

Full population's fitness overview:
	-       best fitness: 0.64915
	-       mean fitness: 0.41283
	-      worst fitness: 0.00792
	- standard deviation: 0.15131
Best genome overview:
	- fitness: 0.64915
	- size (hid, conn): (1, 3)
	- genome id: 8997
	- belongs to specie: 12

Species 8 with 29 members is stagnated (fitness: 0.5888052132418344): removing it
Genetic distance:
	- Maximum: 6.292
	- Mean: 3.281
	- Minimum: 0.000
	- Standard deviation: 1.139

Population of 254 members in 10 species:
	 specie    age    size    fitness    adj fit    stag 
	========  =====  ======  =========  =========  ======
	   3       39      26      0.631      0.660      7   
	   9       37      33      0.621      0.632      11  
	   10      37      19      0.581      0.534      5   
	   12      18      30      0.649      0.630      9   
	   13      14      23      0.520      0.591      2   
	   14       4      18      0.606      0.617      2   
	   15       4      28      0.572      0.609      1   
	   16       2      36      0.625      0.665      1   
	   17       2      25      0.562      0.620      0   
	   18       0      16       --         --        0   

Generation time: 19.446 sec  (17.766 average)
Population 'distance_1' saved! Current generation: 40

********** Running generation 40 **********

Full population's fitness overview:
	-       best fitness: 0.70591
	-       mean fitness: 0.42869
	-      worst fitness: 0.00869
	- standard deviation: 0.15531
Best genome overview:
	- fitness: 0.70591
	- size (hid, conn): (0, 2)
	- genome id: 9287
	- belongs to specie: 13
Genetic distance:
	- Maximum: 6.307
	- Mean: 3.367
	- Minimum: 0.000
	- Standard deviation: 1.137

Population of 254 members in 10 species:
	 specie    age    size    fitness    adj fit    stag 
	========  =====  ======  =========  =========  ======
	   3       40      25      0.645      0.578      8   
	   9       38      31      0.613      0.654      12  
	   10      38      29      0.584      0.629      6   
	   12      19      27      0.688      0.614      0   
	   13      15      15      0.706      0.593      0   
	   14       5      22      0.629      0.468      3   
	   15       5      27      0.585      0.599      2   
	   16       3      31      0.609      0.601      2   
	   17       3      27      0.668      0.675      0   
	   18       1      20      0.556      0.542      0   

Generation time: 19.753 sec  (18.041 average)
Population 'distance_1' saved! Current generation: 41

********** Running generation 41 **********

Full population's fitness overview:
	-       best fitness: 0.69752
	-       mean fitness: 0.43274
	-      worst fitness: 0.00898
	- standard deviation: 0.15635
Best genome overview:
	- fitness: 0.69752
	- size (hid, conn): (2, 4)
	- genome id: 9370
	- belongs to specie: 17
Genetic distance:
	- Maximum: 6.292
	- Mean: 3.290
	- Minimum: 0.000
	- Standard deviation: 1.114

Population of 254 members in 10 species:
	 specie    age    size    fitness    adj fit    stag 
	========  =====  ======  =========  =========  ======
	   3       41      24      0.630      0.545      9   
	   9       39      29      0.646      0.648      13  
	   10      39      28      0.627      0.661      7   
	   12      20      25      0.564      0.493      1   
	   13      16      23      0.696      0.691      1   
	   14       6      24      0.632      0.537      4   
	   15       6      25      0.639      0.619      3   
	   16       4      26      0.675      0.649      0   
	   17       4      24      0.698      0.647      0   
	   18       2      26      0.622      0.685      0   

Generation time: 20.290 sec  (18.361 average)
Population 'distance_1' saved! Current generation: 42

********** Running generation 42 **********

Full population's fitness overview:
	-       best fitness: 0.68763
	-       mean fitness: 0.41340
	-      worst fitness: 0.00877
	- standard deviation: 0.15687
Best genome overview:
	- fitness: 0.68763
	- size (hid, conn): (2, 4)
	- genome id: 9528
	- belongs to specie: 17
Genetic distance:
	- Maximum: 6.292
	- Mean: 3.354
	- Minimum: 0.000
	- Standard deviation: 1.076

Population of 255 members in 10 species:
	 specie    age    size    fitness    adj fit    stag 
	========  =====  ======  =========  =========  ======
	   3       42      23      0.595      0.514      10  
	   9       40      27      0.630      0.633      14  
	   10      40      6       0.579      0.597      8   
	   12      21      28      0.607      0.597      2   
	   13      17      26      0.612      0.584      2   
	   14       7      22      0.586      0.409      5   
	   15       7      27      0.649      0.661      4   
	   16       5      46      0.590      0.672      1   
	   17       5      22      0.688      0.594      1   
	   18       3      28      0.591      0.675      1   

Generation time: 20.027 sec  (18.658 average)
Population 'distance_1' saved! Current generation: 43

********** Running generation 43 **********

Full population's fitness overview:
	-       best fitness: 0.71130
	-       mean fitness: 0.43855
	-      worst fitness: 0.00819
	- standard deviation: 0.14097
Best genome overview:
	- fitness: 0.71130
	- size (hid, conn): (0, 2)
	- genome id: 9921
	- belongs to specie: 16

Species 9 with 27 members is stagnated (fitness: 0.62890490261901): removing it
Genetic distance:
	- Maximum: 6.290
	- Mean: 3.190
	- Minimum: 0.000
	- Standard deviation: 1.086

Population of 258 members in 10 species:
	 specie    age    size    fitness    adj fit    stag 
	========  =====  ======  =========  =========  ======
	   3       43      28      0.624      0.616      11  
	   10      41      28      0.616      0.616      9   
	   12      22      20      0.584      0.582      3   
	   13      18      21      0.601      0.573      3   
	   14       8      26      0.601      0.609      6   
	   15       8      9       0.690      0.684      0   
	   16       6      38      0.711      0.631      0   
	   17       6      27      0.642      0.610      2   
	   18       4      29      0.579      0.555      2   
	   19       0      32       --         --        0   

Generation time: 20.253 sec  (18.983 average)
Population 'distance_1' saved! Current generation: 44

********** Running generation 44 **********

Full population's fitness overview:
	-       best fitness: 0.66109
	-       mean fitness: 0.41150
	-      worst fitness: 0.00883
	- standard deviation: 0.16420
Best genome overview:
	- fitness: 0.66109
	- size (hid, conn): (2, 5)
	- genome id: 10032
	- belongs to specie: 19
Genetic distance:
	- Maximum: 6.290
	- Mean: 3.305
	- Minimum: 0.000
	- Standard deviation: 1.117

Population of 258 members in 10 species:
	 specie    age    size    fitness    adj fit    stag 
	========  =====  ======  =========  =========  ======
	   3       44      27      0.605      0.623      12  
	   10      42      37      0.598      0.509      10  
	   12      23      22      0.622      0.586      4   
	   13      19      9       0.596      0.694      4   
	   14       9      28      0.613      0.549      7   
	   15       9      19      0.645      0.680      1   
	   16       7      33      0.588      0.656      1   
	   17       7      26      0.651      0.615      3   
	   18       5      30      0.606      0.620      3   
	   19       1      27      0.661      0.668      0   

Generation time: 21.270 sec  (19.415 average)
Population 'distance_1' saved! Current generation: 45

********** Running generation 45 **********


Population 'distance_1' loaded successfully! Current generation: 45
