Population 'distance_repr_1' saved! Current generation: 0

===> RUNNING FOR THE FOLLOWING CONFIGURATION: <===
	> fitness: distance
	> gru_enabled: False
	> sexual_reproduction: True
	> Saving under folder: NEAT
	> Train: True (100 iterations)
	> Create blueprints: True
	> Create traces: True


===> TRAINING <===

Sample chosen: [909, 184, 79, 581, 328, 631, 923, 60, 253, 989, 1000, 973, 341, 961, 691, 591]


********** Running generation 0 **********

Full population's fitness overview:
	-       best fitness: 0.08836
	-       mean fitness: 0.02010
	-      worst fitness: 0.00198
	- standard deviation: 0.02619
Best genome overview:
	- fitness: 0.08836
	- size (hid, conn): (0, 6)
	- genome id: 64
	- belongs to specie: 1
Genetic distance:
	- Maximum: 3.049
	- Mean: 1.890
	- Minimum: 0.055
	- Standard deviation: 0.386

Population of 128 members in 2 species:
	 SID    age    size    fitness    adj fit    stag 
	=====  =====  ======  =========  =========  ======
	  1      0     114      0.088      0.181      0   
	  2      0      14       --         --        0   

Generation time: 168.494 sec
Population 'distance_repr_1' saved! Current generation: 1
Sample chosen: [398, 203, 821, 173, 913, 908, 461, 246, 711, 221, 718, 704, 419, 154, 998, 318]


********** Running generation 1 **********

Full population's fitness overview:
	-       best fitness: 0.10872
	-       mean fitness: 0.04653
	-      worst fitness: 0.00198
	- standard deviation: 0.02643
Best genome overview:
	- fitness: 0.10872
	- size (hid, conn): (1, 10)
	- genome id: 172
	- belongs to specie: 1
Genetic distance:
	- Maximum: 3.106
	- Mean: 1.872
	- Minimum: 0.000
	- Standard deviation: 0.540

Population of 128 members in 2 species:
	 SID    age    size    fitness    adj fit    stag 
	=====  =====  ======  =========  =========  ======
	  1      1      59      0.109      0.420      0   
	  2      1      69      0.076      0.393      0   

Generation time: 172.184 sec  (170.339 average)
Population 'distance_repr_1' saved! Current generation: 2
Sample chosen: [52, 731, 346, 872, 361, 812, 359, 268, 703, 519, 739, 708, 611, 756, 28, 18]


********** Running generation 2 **********

Full population's fitness overview:
	-       best fitness: 0.10303
	-       mean fitness: 0.05782
	-      worst fitness: 0.00204
	- standard deviation: 0.02837
Best genome overview:
	- fitness: 0.10303
	- size (hid, conn): (1, 10)
	- genome id: 172
	- belongs to specie: 1
Genetic distance:
	- Maximum: 2.821
	- Mean: 1.855
	- Minimum: 0.287
	- Standard deviation: 0.515

Population of 128 members in 2 species:
	 SID    age    size    fitness    adj fit    stag 
	=====  =====  ======  =========  =========  ======
	  1      2      61      0.103      0.464      1   
	  2      2      67      0.095      0.627      0   

Generation time: 169.898 sec  (170.192 average)
Population 'distance_repr_1' saved! Current generation: 3
Sample chosen: [692, 394, 314, 835, 716, 761, 498, 707, 157, 668, 744, 303, 21, 640, 77, 616]


********** Running generation 3 **********

Full population's fitness overview:
	-       best fitness: 0.11768
	-       mean fitness: 0.05937
	-      worst fitness: 0.00197
	- standard deviation: 0.02747
Best genome overview:
	- fitness: 0.11768
	- size (hid, conn): (1, 9)
	- genome id: 493
	- belongs to specie: 1
Genetic distance:
	- Maximum: 2.648
	- Mean: 1.882
	- Minimum: 0.352
	- Standard deviation: 0.360

Population of 128 members in 2 species:
	 SID    age    size    fitness    adj fit    stag 
	=====  =====  ======  =========  =========  ======
	  1      3      58      0.118      0.499      0   
	  2      3      70      0.116      0.494      0   

Generation time: 166.777 sec  (169.338 average)
Population 'distance_repr_1' saved! Current generation: 4
Sample chosen: [583, 145, 648, 36, 971, 345, 51, 371, 525, 839, 680, 63, 258, 228, 85, 170]


********** Running generation 4 **********

Full population's fitness overview:
	-       best fitness: 0.18217
	-       mean fitness: 0.06330
	-      worst fitness: 0.00227
	- standard deviation: 0.03403
Best genome overview:
	- fitness: 0.18217
	- size (hid, conn): (1, 10)
	- genome id: 569
	- belongs to specie: 2
Genetic distance:
	- Maximum: 2.799
	- Mean: 1.898
	- Minimum: 0.485
	- Standard deviation: 0.322

Population of 128 members in 2 species:
	 SID    age    size    fitness    adj fit    stag 
	=====  =====  ======  =========  =========  ======
	  1      4      66      0.117      0.352      1   
	  2      4      62      0.182      0.328      0   

Generation time: 173.455 sec  (170.161 average)
Population 'distance_repr_1' saved! Current generation: 5
Sample chosen: [730, 377, 484, 367, 60, 747, 779, 22, 774, 112, 851, 941, 44, 303, 449, 180]


********** Running generation 5 **********

Full population's fitness overview:
	-       best fitness: 0.16847
	-       mean fitness: 0.06329
	-      worst fitness: 0.00201
	- standard deviation: 0.03717
Best genome overview:
	- fitness: 0.16847
	- size (hid, conn): (1, 10)
	- genome id: 569
	- belongs to specie: 1
Genetic distance:
	- Maximum: 2.926
	- Mean: 1.988
	- Minimum: 0.339
	- Standard deviation: 0.418

Population of 128 members in 2 species:
	 SID    age    size    fitness    adj fit    stag 
	=====  =====  ======  =========  =========  ======
	  1      5      22      0.168      0.412      0   
	  2      5     106      0.127      0.321      1   

Generation time: 177.313 sec  (171.353 average)
Population 'distance_repr_1' saved! Current generation: 6
Sample chosen: [326, 481, 243, 781, 502, 523, 901, 75, 948, 182, 887, 679, 494, 432, 521, 354]


********** Running generation 6 **********

Full population's fitness overview:
	-       best fitness: 0.13069
	-       mean fitness: 0.05014
	-      worst fitness: 0.00199
	- standard deviation: 0.02317
Best genome overview:
	- fitness: 0.13069
	- size (hid, conn): (1, 10)
	- genome id: 569
	- belongs to specie: 1
Genetic distance:
	- Maximum: 2.763
	- Mean: 1.948
	- Minimum: 0.146
	- Standard deviation: 0.548

Population of 128 members in 2 species:
	 SID    age    size    fitness    adj fit    stag 
	=====  =====  ======  =========  =========  ======
	  1      6      45      0.131      0.394      1   
	  2      6      83      0.127      0.370      2   

Generation time: 172.379 sec  (171.500 average)
Population 'distance_repr_1' saved! Current generation: 7
Sample chosen: [526, 985, 641, 533, 384, 382, 529, 416, 768, 29, 292, 883, 185, 333, 349, 125]


********** Running generation 7 **********

Full population's fitness overview:
	-       best fitness: 0.16586
	-       mean fitness: 0.06454
	-      worst fitness: 0.00245
	- standard deviation: 0.03536
Best genome overview:
	- fitness: 0.16586
	- size (hid, conn): (2, 9)
	- genome id: 942
	- belongs to specie: 2
Genetic distance:
	- Maximum: 2.696
	- Mean: 1.812
	- Minimum: 0.071
	- Standard deviation: 0.630

Population of 128 members in 2 species:
	 SID    age    size    fitness    adj fit    stag 
	=====  =====  ======  =========  =========  ======
	  1      7      48      0.145      0.390      2   
	  2      7      80      0.166      0.374      3   

Generation time: 176.532 sec  (172.129 average)
Population 'distance_repr_1' saved! Current generation: 8
Sample chosen: [169, 155, 895, 20, 229, 547, 901, 741, 501, 64, 656, 39, 61, 116, 756, 637]


********** Running generation 8 **********

Full population's fitness overview:
	-       best fitness: 0.15797
	-       mean fitness: 0.06217
	-      worst fitness: 0.00194
	- standard deviation: 0.03921
Best genome overview:
	- fitness: 0.15797
	- size (hid, conn): (2, 9)
	- genome id: 942
	- belongs to specie: 2
Genetic distance:
	- Maximum: 2.662
	- Mean: 1.781
	- Minimum: 0.181
	- Standard deviation: 0.600

Population of 128 members in 2 species:
	 SID    age    size    fitness    adj fit    stag 
	=====  =====  ======  =========  =========  ======
	  1      8      52      0.104      0.323      3   
	  2      8      76      0.158      0.424      4   

Generation time: 178.822 sec  (172.873 average)
Population 'distance_repr_1' saved! Current generation: 9
Sample chosen: [969, 276, 518, 873, 469, 361, 466, 828, 669, 310, 266, 304, 608, 507, 886, 186]


********** Running generation 9 **********

Full population's fitness overview:
	-       best fitness: 0.15051
	-       mean fitness: 0.07835
	-      worst fitness: 0.00216
	- standard deviation: 0.03625
Best genome overview:
	- fitness: 0.15051
	- size (hid, conn): (0, 8)
	- genome id: 1228
	- belongs to specie: 2
Genetic distance:
	- Maximum: 2.597
	- Mean: 1.755
	- Minimum: 0.206
	- Standard deviation: 0.584

Population of 128 members in 2 species:
	 SID    age    size    fitness    adj fit    stag 
	=====  =====  ======  =========  =========  ======
	  1      9      58      0.109      0.459      4   
	  2      9      70      0.151      0.551      5   

Generation time: 184.878 sec  (174.073 average)
Population 'distance_repr_1' saved! Current generation: 10
Sample chosen: [960, 185, 502, 309, 549, 733, 311, 378, 818, 169, 156, 206, 70, 196, 659, 633]


********** Running generation 10 **********

Full population's fitness overview:
	-       best fitness: 0.20237
	-       mean fitness: 0.08682
	-      worst fitness: 0.00200
	- standard deviation: 0.05239
Best genome overview:
	- fitness: 0.20237
	- size (hid, conn): (0, 7)
	- genome id: 1344
	- belongs to specie: 2
Genetic distance:
	- Maximum: 2.725
	- Mean: 1.762
	- Minimum: 0.432
	- Standard deviation: 0.533

Population of 128 members in 2 species:
	 SID    age    size    fitness    adj fit    stag 
	=====  =====  ======  =========  =========  ======
	  1     10      51      0.110      0.296      5   
	  2     10      77      0.202      0.529      0   

Generation time: 181.481 sec  (175.372 average)
Population 'distance_repr_1' saved! Current generation: 11
Sample chosen: [467, 25, 930, 969, 13, 252, 83, 90, 522, 376, 636, 220, 489, 495, 651, 42]


********** Running generation 11 **********

Full population's fitness overview:
	-       best fitness: 0.15698
	-       mean fitness: 0.06102
	-      worst fitness: 0.00251
	- standard deviation: 0.03527
Best genome overview:
	- fitness: 0.15698
	- size (hid, conn): (2, 9)
	- genome id: 1421
	- belongs to specie: 2
Genetic distance:
	- Maximum: 2.974
	- Mean: 1.821
	- Minimum: 0.402
	- Standard deviation: 0.559

Population of 128 members in 2 species:
	 SID    age    size    fitness    adj fit    stag 
	=====  =====  ======  =========  =========  ======
	  1     11      47      0.104      0.314      6   
	  2     11      81      0.157      0.422      1   

Generation time: 177.598 sec  (175.913 average)
Population 'distance_repr_1' saved! Current generation: 12
Sample chosen: [634, 130, 417, 916, 934, 302, 566, 27, 842, 794, 891, 525, 107, 365, 294, 635]


********** Running generation 12 **********

Full population's fitness overview:
	-       best fitness: 0.16362
	-       mean fitness: 0.05977
	-      worst fitness: 0.00195
	- standard deviation: 0.04033
Best genome overview:
	- fitness: 0.16362
	- size (hid, conn): (2, 9)
	- genome id: 1421
	- belongs to specie: 2
Genetic distance:
	- Maximum: 3.033
	- Mean: 1.782
	- Minimum: 0.245
	- Standard deviation: 0.642

Population of 128 members in 2 species:
	 SID    age    size    fitness    adj fit    stag 
	=====  =====  ======  =========  =========  ======
	  1     12      51      0.102      0.299      7   
	  2     12      77      0.164      0.392      2   

Generation time: 185.916 sec  (177.515 average)
Population 'distance_repr_1' saved! Current generation: 13
Sample chosen: [152, 261, 865, 162, 336, 868, 896, 801, 693, 201, 317, 330, 895, 998, 855, 713]


********** Running generation 13 **********

Full population's fitness overview:
	-       best fitness: 0.19930
	-       mean fitness: 0.08374
	-      worst fitness: 0.00203
	- standard deviation: 0.05569
Best genome overview:
	- fitness: 0.19930
	- size (hid, conn): (1, 8)
	- genome id: 1575
	- belongs to specie: 2
Genetic distance:
	- Maximum: 2.918
	- Mean: 1.819
	- Minimum: 0.305
	- Standard deviation: 0.648

Population of 128 members in 2 species:
	 SID    age    size    fitness    adj fit    stag 
	=====  =====  ======  =========  =========  ======
	  1     13      52      0.102      0.259      8   
	  2     13      76      0.199      0.517      3   

Generation time: 182.686 sec  (179.106 average)
Population 'distance_repr_1' saved! Current generation: 14
Sample chosen: [539, 644, 661, 715, 769, 607, 775, 971, 949, 259, 518, 629, 114, 935, 862, 802]


********** Running generation 14 **********

Full population's fitness overview:
	-       best fitness: 0.20591
	-       mean fitness: 0.06968
	-      worst fitness: 0.00189
	- standard deviation: 0.04693
Best genome overview:
	- fitness: 0.20591
	- size (hid, conn): (1, 8)
	- genome id: 1575
	- belongs to specie: 2
Genetic distance:
	- Maximum: 2.931
	- Mean: 1.884
	- Minimum: 0.340
	- Standard deviation: 0.612

Population of 128 members in 2 species:
	 SID    age    size    fitness    adj fit    stag 
	=====  =====  ======  =========  =========  ======
	  1     14      49      0.144      0.289      9   
	  2     14      79      0.206      0.362      0   

Generation time: 186.687 sec  (180.429 average)
Population 'distance_repr_1' saved! Current generation: 15
Sample chosen: [122, 224, 391, 19, 146, 498, 206, 291, 739, 685, 650, 606, 286, 630, 946, 490]


********** Running generation 15 **********

Full population's fitness overview:
	-       best fitness: 0.26733
	-       mean fitness: 0.07785
	-      worst fitness: 0.00199
	- standard deviation: 0.05416
Best genome overview:
	- fitness: 0.26733
	- size (hid, conn): (3, 12)
	- genome id: 1966
	- belongs to specie: 2
Genetic distance:
	- Maximum: 2.923
	- Mean: 1.943
	- Minimum: 0.274
	- Standard deviation: 0.592

Population of 128 members in 2 species:
	 SID    age    size    fitness    adj fit    stag 
	=====  =====  ======  =========  =========  ======
	  1     15      46      0.111      0.211      10  
	  2     15      82      0.267      0.332      0   

Generation time: 177.585 sec  (180.456 average)
Population 'distance_repr_1' saved! Current generation: 16
Sample chosen: [851, 252, 723, 853, 141, 839, 557, 27, 146, 998, 300, 883, 24, 419, 835, 127]


********** Running generation 16 **********

Full population's fitness overview:
	-       best fitness: 0.23130
	-       mean fitness: 0.08974
	-      worst fitness: 0.00209
	- standard deviation: 0.05139
Best genome overview:
	- fitness: 0.23130
	- size (hid, conn): (3, 10)
	- genome id: 2091
	- belongs to specie: 2
Genetic distance:
	- Maximum: 3.017
	- Mean: 2.011
	- Minimum: 0.590
	- Standard deviation: 0.603

Population of 128 members in 2 species:
	 SID    age    size    fitness    adj fit    stag 
	=====  =====  ======  =========  =========  ======
	  1     16      51      0.131      0.332      11  
	  2     16      77      0.231      0.411      1   

Generation time: 181.527 sec  (181.371 average)
Population 'distance_repr_1' saved! Current generation: 17
Sample chosen: [295, 296, 979, 573, 409, 738, 660, 610, 566, 554, 643, 587, 50, 450, 66, 27]


********** Running generation 17 **********

Full population's fitness overview:
	-       best fitness: 0.24224
	-       mean fitness: 0.08398
	-      worst fitness: 0.00218
	- standard deviation: 0.04507
Best genome overview:
	- fitness: 0.24224
	- size (hid, conn): (3, 10)
	- genome id: 2091
	- belongs to specie: 2
Genetic distance:
	- Maximum: 3.082
	- Mean: 2.011
	- Minimum: 0.276
	- Standard deviation: 0.645

Population of 128 members in 2 species:
	 SID    age    size    fitness    adj fit    stag 
	=====  =====  ======  =========  =========  ======
	  1     17      58      0.120      0.332      12  
	  2     17      70      0.242      0.346      2   

Generation time: 181.920 sec  (181.910 average)
Population 'distance_repr_1' saved! Current generation: 18
Sample chosen: [777, 206, 594, 226, 284, 419, 965, 300, 2, 942, 547, 901, 101, 801, 840, 389]


********** Running generation 18 **********

Full population's fitness overview:
	-       best fitness: 0.17416
	-       mean fitness: 0.06654
	-      worst fitness: 0.00209
	- standard deviation: 0.04262
Best genome overview:
	- fitness: 0.17416
	- size (hid, conn): (0, 5)
	- genome id: 2309
	- belongs to specie: 1
Genetic distance:
	- Maximum: 3.196
	- Mean: 2.082
	- Minimum: 0.496
	- Standard deviation: 0.619

Population of 128 members in 3 species:
	 SID    age    size    fitness    adj fit    stag 
	=====  =====  ======  =========  =========  ======
	  1     18      53      0.174      0.317      0   
	  2     18      72      0.173      0.422      3   
	  3      0      3        --         --        0   

Generation time: 173.269 sec  (181.355 average)
Population 'distance_repr_1' saved! Current generation: 19
Sample chosen: [720, 281, 367, 807, 680, 984, 386, 987, 924, 565, 445, 944, 214, 951, 938, 615]


********** Running generation 19 **********

Full population's fitness overview:
	-       best fitness: 0.20974
	-       mean fitness: 0.07995
	-      worst fitness: 0.00201
	- standard deviation: 0.04681
Best genome overview:
	- fitness: 0.20974
	- size (hid, conn): (4, 13)
	- genome id: 2432
	- belongs to specie: 2
Genetic distance:
	- Maximum: 3.224
	- Mean: 1.996
	- Minimum: 0.183
	- Standard deviation: 0.656

Population of 128 members in 3 species:
	 SID    age    size    fitness    adj fit    stag 
	=====  =====  ======  =========  =========  ======
	  1     19      47      0.145      0.398      1   
	  2     19      36      0.210      0.359      4   
	  3      1      45      0.082      0.358      0   

Generation time: 181.098 sec  (180.977 average)
Population 'distance_repr_1' saved! Current generation: 20
Sample chosen: [643, 684, 558, 151, 773, 747, 212, 417, 568, 226, 918, 237, 775, 309, 483, 478]


********** Running generation 20 **********

Full population's fitness overview:
	-       best fitness: 0.26389
	-       mean fitness: 0.06984
	-      worst fitness: 0.00209
	- standard deviation: 0.04680
Best genome overview:
	- fitness: 0.26389
	- size (hid, conn): (4, 14)
	- genome id: 2592
	- belongs to specie: 2
Genetic distance:
	- Maximum: 3.269
	- Mean: 1.889
	- Minimum: 0.075
	- Standard deviation: 0.649

Population of 127 members in 3 species:
	 SID    age    size    fitness    adj fit    stag 
	=====  =====  ======  =========  =========  ======
	  1     20      41      0.121      0.231      2   
	  2     20      42      0.264      0.286      5   
	  3      2      44      0.192      0.266      0   

Generation time: 183.085 sec  (181.137 average)
Population 'distance_repr_1' saved! Current generation: 21
Sample chosen: [689, 136, 851, 443, 448, 674, 791, 113, 123, 185, 575, 492, 395, 484, 716, 388]


********** Running generation 21 **********

Full population's fitness overview:
	-       best fitness: 0.21100
	-       mean fitness: 0.07383
	-      worst fitness: 0.00191
	- standard deviation: 0.04889
Best genome overview:
	- fitness: 0.21100
	- size (hid, conn): (4, 14)
	- genome id: 2728
	- belongs to specie: 2
Genetic distance:
	- Maximum: 3.013
	- Mean: 1.840
	- Minimum: 0.000
	- Standard deviation: 0.719

Population of 128 members in 3 species:
	 SID    age    size    fitness    adj fit    stag 
	=====  =====  ======  =========  =========  ======
	  1     21      36      0.102      0.248      3   
	  2     21      45      0.211      0.385      6   
	  3      3      47      0.168      0.395      1   

Generation time: 179.595 sec  (181.337 average)
Population 'distance_repr_1' saved! Current generation: 22
Sample chosen: [453, 613, 99, 941, 923, 802, 717, 702, 79, 63, 467, 678, 411, 599, 639, 169]


********** Running generation 22 **********

Full population's fitness overview:
	-       best fitness: 0.21518
	-       mean fitness: 0.08389
	-      worst fitness: 0.00197
	- standard deviation: 0.05909
Best genome overview:
	- fitness: 0.21518
	- size (hid, conn): (3, 12)
	- genome id: 2809
	- belongs to specie: 2
Genetic distance:
	- Maximum: 3.062
	- Mean: 1.826
	- Minimum: 0.045
	- Standard deviation: 0.795

Population of 129 members in 3 species:
	 SID    age    size    fitness    adj fit    stag 
	=====  =====  ======  =========  =========  ======
	  1     22      33      0.136      0.262      4   
	  2     22      47      0.215      0.423      7   
	  3      4      49      0.201      0.441      0   

Generation time: 181.571 sec  (180.902 average)
Population 'distance_repr_1' saved! Current generation: 23
Sample chosen: [200, 316, 807, 241, 732, 947, 335, 663, 714, 989, 570, 93, 901, 894, 349, 202]


********** Running generation 23 **********

Full population's fitness overview:
	-       best fitness: 0.26431
	-       mean fitness: 0.09326
	-      worst fitness: 0.00198
	- standard deviation: 0.06462
Best genome overview:
	- fitness: 0.26431
	- size (hid, conn): (4, 12)
	- genome id: 2955
	- belongs to specie: 2
Genetic distance:
	- Maximum: 2.998
	- Mean: 1.839
	- Minimum: 0.046
	- Standard deviation: 0.730

Population of 129 members in 3 species:
	 SID    age    size    fitness    adj fit    stag 
	=====  =====  ======  =========  =========  ======
	  1     23      32      0.130      0.238      5   
	  2     23      48      0.264      0.387      8   
	  3      5      49      0.218      0.385      0   

Generation time: 180.163 sec  (180.650 average)
Population 'distance_repr_1' saved! Current generation: 24
Sample chosen: [970, 349, 11, 928, 178, 324, 298, 247, 43, 771, 893, 494, 27, 478, 216, 576]


********** Running generation 24 **********

Full population's fitness overview:
	-       best fitness: 0.21110
	-       mean fitness: 0.08618
	-      worst fitness: 0.00194
	- standard deviation: 0.05375
Best genome overview:
	- fitness: 0.21110
	- size (hid, conn): (3, 12)
	- genome id: 2809
	- belongs to specie: 2
Genetic distance:
	- Maximum: 3.082
	- Mean: 1.870
	- Minimum: 0.094
	- Standard deviation: 0.694

Population of 128 members in 3 species:
	 SID    age    size    fitness    adj fit    stag 
	=====  =====  ======  =========  =========  ======
	  1     24      29      0.123      0.236      6   
	  2     24      48      0.211      0.435      9   
	  3      6      51      0.199      0.480      1   

Generation time: 182.707 sec  (180.252 average)
Population 'distance_repr_1' saved! Current generation: 25
Sample chosen: [42, 946, 160, 774, 95, 366, 393, 699, 64, 447, 197, 275, 94, 522, 695, 204]


********** Running generation 25 **********

Full population's fitness overview:
	-       best fitness: 0.31077
	-       mean fitness: 0.09084
	-      worst fitness: 0.00195
	- standard deviation: 0.07077
Best genome overview:
	- fitness: 0.31077
	- size (hid, conn): (3, 12)
	- genome id: 2809
	- belongs to specie: 2
Genetic distance:
	- Maximum: 3.078
	- Mean: 1.905
	- Minimum: 0.000
	- Standard deviation: 0.733

Population of 128 members in 3 species:
	 SID    age    size    fitness    adj fit    stag 
	=====  =====  ======  =========  =========  ======
	  1     25      31      0.227      0.212      0   
	  2     25      45      0.311      0.276      0   
	  3      7      52      0.286      0.342      0   

Generation time: 183.105 sec  (180.804 average)
Population 'distance_repr_1' saved! Current generation: 26
Sample chosen: [336, 191, 866, 705, 27, 983, 174, 871, 164, 424, 885, 593, 930, 365, 590, 303]


********** Running generation 26 **********

Full population's fitness overview:
	-       best fitness: 0.19489
	-       mean fitness: 0.09018
	-      worst fitness: 0.00197
	- standard deviation: 0.05322
Best genome overview:
	- fitness: 0.19489
	- size (hid, conn): (3, 12)
	- genome id: 2809
	- belongs to specie: 2
Genetic distance:
	- Maximum: 3.019
	- Mean: 1.844
	- Minimum: 0.000
	- Standard deviation: 0.641

Population of 128 members in 3 species:
	 SID    age    size    fitness    adj fit    stag 
	=====  =====  ======  =========  =========  ======
	  1     26      34      0.120      0.382      1   
	  2     26      42      0.195      0.405      1   
	  3      8      52      0.186      0.547      1   

Generation time: 185.235 sec  (181.175 average)
Population 'distance_repr_1' saved! Current generation: 27
Sample chosen: [26, 971, 917, 538, 791, 916, 185, 655, 891, 224, 909, 197, 612, 874, 15, 581]


********** Running generation 27 **********

Full population's fitness overview:
	-       best fitness: 0.19623
	-       mean fitness: 0.08686
	-      worst fitness: 0.00191
	- standard deviation: 0.05931
Best genome overview:
	- fitness: 0.19623
	- size (hid, conn): (1, 6)
	- genome id: 3416
	- belongs to specie: 3
Genetic distance:
	- Maximum: 2.769
	- Mean: 1.790
	- Minimum: 0.057
	- Standard deviation: 0.598

Population of 128 members in 3 species:
	 SID    age    size    fitness    adj fit    stag 
	=====  =====  ======  =========  =========  ======
	  1     27      42      0.168      0.514      2   
	  2     27      37      0.191      0.338      2   
	  3      9      49      0.196      0.467      2   

Generation time: 187.576 sec  (181.740 average)
Population 'distance_repr_1' saved! Current generation: 28
Sample chosen: [417, 729, 537, 505, 877, 310, 495, 853, 388, 358, 767, 49, 203, 972, 339, 73]


********** Running generation 28 **********

Full population's fitness overview:
	-       best fitness: 0.17642
	-       mean fitness: 0.08278
	-      worst fitness: 0.00217
	- standard deviation: 0.04896
Best genome overview:
	- fitness: 0.17642
	- size (hid, conn): (0, 6)
	- genome id: 3544
	- belongs to specie: 3
Genetic distance:
	- Maximum: 2.987
	- Mean: 1.865
	- Minimum: 0.000
	- Standard deviation: 0.565

Population of 128 members in 3 species:
	 SID    age    size    fitness    adj fit    stag 
	=====  =====  ======  =========  =========  ======
	  1     28      47      0.162      0.555      3   
	  2     28      34      0.162      0.325      3   
	  3     10      47      0.176      0.487      3   

Generation time: 186.498 sec  (183.063 average)
Population 'distance_repr_1' saved! Current generation: 29
Sample chosen: [744, 663, 55, 709, 54, 741, 505, 84, 554, 721, 509, 325, 69, 604, 351, 638]


********** Running generation 29 **********

Full population's fitness overview:
	-       best fitness: 0.22047
	-       mean fitness: 0.09690
	-      worst fitness: 0.00202
	- standard deviation: 0.05249
Best genome overview:
	- fitness: 0.22047
	- size (hid, conn): (1, 6)
	- genome id: 3704
	- belongs to specie: 3
Genetic distance:
	- Maximum: 2.899
	- Mean: 1.858
	- Minimum: 0.225
	- Standard deviation: 0.508

Population of 128 members in 3 species:
	 SID    age    size    fitness    adj fit    stag 
	=====  =====  ======  =========  =========  ======
	  1     29      45      0.153      0.436      4   
	  2     29      42      0.198      0.506      4   
	  3     11      41      0.220      0.381      4   

Generation time: 181.191 sec  (183.073 average)
Population 'distance_repr_1' saved! Current generation: 30
Sample chosen: [307, 123, 527, 210, 654, 732, 315, 127, 370, 874, 17, 957, 300, 151, 443, 62]


********** Running generation 30 **********

Full population's fitness overview:
	-       best fitness: 0.24716
	-       mean fitness: 0.11695
	-      worst fitness: 0.00214
	- standard deviation: 0.06705
Best genome overview:
	- fitness: 0.24716
	- size (hid, conn): (4, 13)
	- genome id: 3776
	- belongs to specie: 2
Genetic distance:
	- Maximum: 2.806
	- Mean: 1.760
	- Minimum: 0.070
	- Standard deviation: 0.568

Population of 127 members in 3 species:
	 SID    age    size    fitness    adj fit    stag 
	=====  =====  ======  =========  =========  ======
	  1     30      44      0.196      0.476      5   
	  2     30      41      0.247      0.447      5   
	  3     12      42      0.225      0.482      5   

Generation time: 182.914 sec  (183.056 average)
Population 'distance_repr_1' saved! Current generation: 31
Sample chosen: [359, 36, 493, 918, 823, 525, 72, 778, 409, 458, 956, 411, 372, 634, 943, 254]


********** Running generation 31 **********

Full population's fitness overview:
	-       best fitness: 0.25119
	-       mean fitness: 0.11189
	-      worst fitness: 0.00209
	- standard deviation: 0.06136
Best genome overview:
	- fitness: 0.25119
	- size (hid, conn): (1, 4)
	- genome id: 3739
	- belongs to specie: 1
Genetic distance:
	- Maximum: 3.011
	- Mean: 1.681
	- Minimum: 0.054
	- Standard deviation: 0.615

Population of 128 members in 3 species:
	 SID    age    size    fitness    adj fit    stag 
	=====  =====  ======  =========  =========  ======
	  1     31      46      0.251      0.494      0   
	  2     31      41      0.234      0.414      6   
	  3     13      41      0.200      0.411      6   

Generation time: 181.275 sec  (183.223 average)
Population 'distance_repr_1' saved! Current generation: 32
Sample chosen: [523, 586, 973, 38, 632, 15, 568, 257, 517, 681, 905, 961, 118, 353, 214, 488]


********** Running generation 32 **********

Full population's fitness overview:
	-       best fitness: 0.28886
	-       mean fitness: 0.12462
	-      worst fitness: 0.00218
	- standard deviation: 0.06407
Best genome overview:
	- fitness: 0.28886
	- size (hid, conn): (4, 13)
	- genome id: 3924
	- belongs to specie: 2
Genetic distance:
	- Maximum: 2.761
	- Mean: 1.703
	- Minimum: 0.100
	- Standard deviation: 0.606

Population of 129 members in 3 species:
	 SID    age    size    fitness    adj fit    stag 
	=====  =====  ======  =========  =========  ======
	  1     32      41      0.205      0.400      1   
	  2     32      41      0.289      0.402      7   
	  3     14      47      0.276      0.483      7   

Generation time: 188.982 sec  (183.965 average)
Population 'distance_repr_1' saved! Current generation: 33
Sample chosen: [961, 305, 682, 703, 694, 267, 959, 899, 535, 355, 998, 320, 809, 692, 897, 599]


********** Running generation 33 **********

Full population's fitness overview:
	-       best fitness: 0.17440
	-       mean fitness: 0.08535
	-      worst fitness: 0.00216
	- standard deviation: 0.04272
Best genome overview:
	- fitness: 0.17440
	- size (hid, conn): (4, 13)
	- genome id: 3924
	- belongs to specie: 2
Genetic distance:
	- Maximum: 2.810
	- Mean: 1.732
	- Minimum: 0.007
	- Standard deviation: 0.614

Population of 129 members in 3 species:
	 SID    age    size    fitness    adj fit    stag 
	=====  =====  ======  =========  =========  ======
	  1     33      43      0.139      0.512      2   
	  2     33      41      0.174      0.453      8   
	  3     15      45      0.162      0.484      8   

Generation time: 189.845 sec  (184.933 average)
Population 'distance_repr_1' saved! Current generation: 34
Sample chosen: [617, 871, 733, 867, 245, 556, 978, 19, 967, 848, 956, 178, 741, 283, 602, 708]


********** Running generation 34 **********

Full population's fitness overview:
	-       best fitness: 0.26434
	-       mean fitness: 0.12597
	-      worst fitness: 0.00202
	- standard deviation: 0.07497
Best genome overview:
	- fitness: 0.26434
	- size (hid, conn): (6, 16)
	- genome id: 4282
	- belongs to specie: 2
Genetic distance:
	- Maximum: 2.849
	- Mean: 1.731
	- Minimum: 0.149
	- Standard deviation: 0.615

Population of 128 members in 3 species:
	 SID    age    size    fitness    adj fit    stag 
	=====  =====  ======  =========  =========  ======
	  1     34      41      0.196      0.436      3   
	  2     34      44      0.264      0.527      9   
	  3     16      43      0.255      0.458      9   

Generation time: 186.832 sec  (185.345 average)
Population 'distance_repr_1' saved! Current generation: 35
Sample chosen: [183, 14, 113, 982, 54, 490, 659, 140, 363, 526, 322, 425, 848, 131, 478, 165]


********** Running generation 35 **********

Full population's fitness overview:
	-       best fitness: 0.28654
	-       mean fitness: 0.12541
	-      worst fitness: 0.00225
	- standard deviation: 0.07111
Best genome overview:
	- fitness: 0.28654
	- size (hid, conn): (4, 13)
	- genome id: 4426
	- belongs to specie: 2
Genetic distance:
	- Maximum: 2.908
	- Mean: 1.870
	- Minimum: 0.054
	- Standard deviation: 0.646

Population of 128 members in 3 species:
	 SID    age    size    fitness    adj fit    stag 
	=====  =====  ======  =========  =========  ======
	  1     35      46      0.244      0.583      4   
	  2     35      40      0.287      0.360      10  
	  3     17      42      0.245      0.365      10  

Generation time: 183.099 sec  (185.345 average)
Population 'distance_repr_1' saved! Current generation: 36
Sample chosen: [47, 177, 659, 24, 355, 294, 10, 270, 532, 841, 250, 699, 19, 153, 719, 602]


********** Running generation 36 **********

Full population's fitness overview:
	-       best fitness: 0.20719
	-       mean fitness: 0.10660
	-      worst fitness: 0.00202
	- standard deviation: 0.05487
Best genome overview:
	- fitness: 0.20719
	- size (hid, conn): (0, 2)
	- genome id: 4458
	- belongs to specie: 1
Genetic distance:
	- Maximum: 2.921
	- Mean: 1.928
	- Minimum: 0.000
	- Standard deviation: 0.653

Population of 128 members in 3 species:
	 SID    age    size    fitness    adj fit    stag 
	=====  =====  ======  =========  =========  ======
	  1     36      43      0.207      0.551      5   
	  2     36      41      0.167      0.492      11  
	  3     18      44      0.167      0.482      11  

Generation time: 189.520 sec  (185.773 average)
Population 'distance_repr_1' saved! Current generation: 37
Sample chosen: [644, 930, 676, 520, 99, 436, 281, 278, 698, 768, 724, 522, 141, 713, 826, 97]


********** Running generation 37 **********

Full population's fitness overview:
	-       best fitness: 0.25733
	-       mean fitness: 0.08890
	-      worst fitness: 0.00199
	- standard deviation: 0.05432
Best genome overview:
	- fitness: 0.25733
	- size (hid, conn): (1, 3)
	- genome id: 4654
	- belongs to specie: 1
Genetic distance:
	- Maximum: 3.173
	- Mean: 1.910
	- Minimum: 0.085
	- Standard deviation: 0.700

Population of 128 members in 3 species:
	 SID    age    size    fitness    adj fit    stag 
	=====  =====  ======  =========  =========  ======
	  1     37      15      0.257      0.385      0   
	  2     37      42      0.198      0.348      12  
	  3     19      71      0.169      0.290      12  

Generation time: 181.652 sec  (185.181 average)
Population 'distance_repr_1' saved! Current generation: 38
Sample chosen: [588, 449, 382, 657, 214, 926, 206, 247, 865, 341, 13, 569, 33, 205, 273, 190]


********** Running generation 38 **********

Full population's fitness overview:
	-       best fitness: 0.30301
	-       mean fitness: 0.12882
	-      worst fitness: 0.00198
	- standard deviation: 0.07005
Best genome overview:
	- fitness: 0.30301
	- size (hid, conn): (4, 14)
	- genome id: 4753
	- belongs to specie: 2
Genetic distance:
	- Maximum: 3.068
	- Mean: 1.962
	- Minimum: 0.000
	- Standard deviation: 0.580

Population of 128 members in 3 species:
	 SID    age    size    fitness    adj fit    stag 
	=====  =====  ======  =========  =========  ======
	  1     38      4       0.205      0.455      1   
	  2     38      45      0.303      0.496      13  
	  3     20      79      0.236      0.370      13  

Generation time: 190.580 sec  (185.589 average)
Population 'distance_repr_1' saved! Current generation: 39
Sample chosen: [128, 283, 912, 487, 489, 120, 370, 426, 628, 799, 869, 606, 343, 898, 100, 525]


********** Running generation 39 **********

Full population's fitness overview:
	-       best fitness: 0.33354
	-       mean fitness: 0.11144
	-      worst fitness: 0.00200
	- standard deviation: 0.06539
Best genome overview:
	- fitness: 0.33354
	- size (hid, conn): (0, 2)
	- genome id: 4863
	- belongs to specie: 3
Genetic distance:
	- Maximum: 3.164
	- Mean: 1.898
	- Minimum: 0.000
	- Standard deviation: 0.661

Population of 128 members in 3 species:
	 SID    age    size    fitness    adj fit    stag 
	=====  =====  ======  =========  =========  ======
	  1     39      25      0.229      0.371      2   
	  2     39      45      0.228      0.367      14  
	  3     21      58      0.334      0.307      0   

Generation time: 187.047 sec  (186.175 average)
Population 'distance_repr_1' saved! Current generation: 40
Sample chosen: [42, 29, 721, 123, 1000, 186, 312, 629, 234, 735, 978, 70, 774, 197, 511, 151]


********** Running generation 40 **********

Full population's fitness overview:
	-       best fitness: 0.37921
	-       mean fitness: 0.10848
	-      worst fitness: 0.00196
	- standard deviation: 0.08381
Best genome overview:
	- fitness: 0.37921
	- size (hid, conn): (1, 3)
	- genome id: 4654
	- belongs to specie: 3

Species 2 with 45 members is stagnated: removing it
Genetic distance:
	- Maximum: 2.794
	- Mean: 1.806
	- Minimum: 0.031
	- Standard deviation: 0.729

Population of 128 members in 2 species:
	 SID    age    size    fitness    adj fit    stag 
	=====  =====  ======  =========  =========  ======
	  1     40      58      0.247      0.204      3   
	  3     22      70      0.379      0.288      0   

Generation time: 184.598 sec  (186.343 average)
Population 'distance_repr_1' saved! Current generation: 41
Sample chosen: [440, 303, 641, 78, 507, 132, 296, 542, 328, 625, 922, 209, 57, 281, 455, 555]


********** Running generation 41 **********

Full population's fitness overview:
	-       best fitness: 0.26539
	-       mean fitness: 0.10317
	-      worst fitness: 0.00203
	- standard deviation: 0.06133
Best genome overview:
	- fitness: 0.26539
	- size (hid, conn): (2, 5)
	- genome id: 5085
	- belongs to specie: 1
Genetic distance:
	- Maximum: 2.672
	- Mean: 1.790
	- Minimum: 0.038
	- Standard deviation: 0.701

Population of 128 members in 2 species:
	 SID    age    size    fitness    adj fit    stag 
	=====  =====  ======  =========  =========  ======
	  1     41      60      0.265      0.372      0   
	  3     23      68      0.227      0.394      1   

Generation time: 184.395 sec  (186.655 average)
Population 'distance_repr_1' saved! Current generation: 42
Sample chosen: [417, 2, 240, 895, 254, 597, 123, 132, 403, 939, 434, 825, 35, 23, 599, 712]


********** Running generation 42 **********

Full population's fitness overview:
	-       best fitness: 0.29846
	-       mean fitness: 0.11648
	-      worst fitness: 0.00202
	- standard deviation: 0.08244
Best genome overview:
	- fitness: 0.29846
	- size (hid, conn): (0, 3)
	- genome id: 5098
	- belongs to specie: 3
Genetic distance:
	- Maximum: 2.650
	- Mean: 1.812
	- Minimum: 0.229
	- Standard deviation: 0.647

Population of 128 members in 2 species:
	 SID    age    size    fitness    adj fit    stag 
	=====  =====  ======  =========  =========  ======
	  1     42      60      0.288      0.416      0   
	  3     24      68      0.298      0.360      2   

Generation time: 179.950 sec  (185.752 average)
Population 'distance_repr_1' saved! Current generation: 43
Sample chosen: [95, 421, 822, 78, 3, 796, 609, 737, 946, 151, 209, 733, 905, 188, 415, 399]


********** Running generation 43 **********

Full population's fitness overview:
	-       best fitness: 0.30715
	-       mean fitness: 0.12812
	-      worst fitness: 0.00200
	- standard deviation: 0.08177
Best genome overview:
	- fitness: 0.30715
	- size (hid, conn): (1, 4)
	- genome id: 5418
	- belongs to specie: 3
Genetic distance:
	- Maximum: 2.712
	- Mean: 1.760
	- Minimum: 0.169
	- Standard deviation: 0.593

Population of 128 members in 2 species:
	 SID    age    size    fitness    adj fit    stag 
	=====  =====  ======  =========  =========  ======
	  1     43      31      0.247      0.327      1   
	  3     25      97      0.307      0.489      3   

Generation time: 180.760 sec  (184.843 average)
Population 'distance_repr_1' saved! Current generation: 44
Sample chosen: [513, 403, 234, 484, 108, 536, 122, 539, 348, 670, 742, 286, 173, 97, 801, 766]


********** Running generation 44 **********

Full population's fitness overview:
	-       best fitness: 0.33567
	-       mean fitness: 0.12876
	-      worst fitness: 0.00206
	- standard deviation: 0.08803
Best genome overview:
	- fitness: 0.33567
	- size (hid, conn): (1, 4)
	- genome id: 5455
	- belongs to specie: 1
Genetic distance:
	- Maximum: 2.617
	- Mean: 1.516
	- Minimum: 0.127
	- Standard deviation: 0.592

Population of 128 members in 2 species:
	 SID    age    size    fitness    adj fit    stag 
	=====  =====  ======  =========  =========  ======
	  1     44      54      0.336      0.437      0   
	  3     26      74      0.318      0.361      4   

Generation time: 181.581 sec  (184.318 average)
Population 'distance_repr_1' saved! Current generation: 45
Sample chosen: [774, 574, 832, 114, 220, 47, 971, 312, 726, 811, 122, 617, 464, 538, 673, 277]


********** Running generation 45 **********

Full population's fitness overview:
	-       best fitness: 0.24472
	-       mean fitness: 0.11845
	-      worst fitness: 0.00204
	- standard deviation: 0.06151
Best genome overview:
	- fitness: 0.24472
	- size (hid, conn): (0, 3)
	- genome id: 5577
	- belongs to specie: 3
Genetic distance:
	- Maximum: 2.608
	- Mean: 1.630
	- Minimum: 0.142
	- Standard deviation: 0.531

Population of 128 members in 2 species:
	 SID    age    size    fitness    adj fit    stag 
	=====  =====  ======  =========  =========  ======
	  1     45      43      0.238      0.463      1   
	  3     27      85      0.245      0.492      5   

Generation time: 186.499 sec  (184.658 average)
Population 'distance_repr_1' saved! Current generation: 46
Sample chosen: [901, 6, 675, 244, 631, 966, 68, 827, 684, 246, 320, 237, 429, 82, 275, 182]


********** Running generation 46 **********

Full population's fitness overview:
	-       best fitness: 0.23979
	-       mean fitness: 0.10782
	-      worst fitness: 0.00191
	- standard deviation: 0.05646
Best genome overview:
	- fitness: 0.23979
	- size (hid, conn): (2, 6)
	- genome id: 5794
	- belongs to specie: 3
Genetic distance:
	- Maximum: 2.618
	- Mean: 1.690
	- Minimum: 0.208
	- Standard deviation: 0.437

Population of 128 members in 2 species:
	 SID    age    size    fitness    adj fit    stag 
	=====  =====  ======  =========  =========  ======
	  1     46      54      0.203      0.406      2   
	  3     28      74      0.240      0.465      6   

Generation time: 185.864 sec  (184.293 average)
Population 'distance_repr_1' saved! Current generation: 47
Sample chosen: [200, 819, 51, 84, 118, 108, 506, 581, 704, 574, 836, 830, 640, 107, 355, 477]


********** Running generation 47 **********

Full population's fitness overview:
	-       best fitness: 0.39092
	-       mean fitness: 0.14895
	-      worst fitness: 0.00199
	- standard deviation: 0.08509
Best genome overview:
	- fitness: 0.39092
	- size (hid, conn): (0, 2)
	- genome id: 5874
	- belongs to specie: 3
Genetic distance:
	- Maximum: 2.690
	- Mean: 1.692
	- Minimum: 0.381
	- Standard deviation: 0.439

Population of 128 members in 2 species:
	 SID    age    size    fitness    adj fit    stag 
	=====  =====  ======  =========  =========  ======
	  1     47      52      0.323      0.351      3   
	  3     29      76      0.391      0.398      0   

Generation time: 185.777 sec  (184.705 average)
Population 'distance_repr_1' saved! Current generation: 48
Sample chosen: [111, 307, 851, 979, 403, 506, 666, 61, 417, 370, 158, 244, 75, 298, 726, 458]


********** Running generation 48 **********

Full population's fitness overview:
	-       best fitness: 0.33523
	-       mean fitness: 0.13709
	-      worst fitness: 0.00194
	- standard deviation: 0.07854
Best genome overview:
	- fitness: 0.33523
	- size (hid, conn): (1, 5)
	- genome id: 6010
	- belongs to specie: 3
Genetic distance:
	- Maximum: 2.674
	- Mean: 1.705
	- Minimum: 0.102
	- Standard deviation: 0.544

Population of 128 members in 2 species:
	 SID    age    size    fitness    adj fit    stag 
	=====  =====  ======  =========  =========  ======
	  1     48     105      0.291      0.413      4   
	  3     30      23      0.335      0.400      1   

Generation time: 180.803 sec  (183.727 average)
Population 'distance_repr_1' saved! Current generation: 49
Sample chosen: [645, 61, 179, 578, 949, 111, 71, 189, 148, 66, 359, 239, 810, 212, 25, 807]


********** Running generation 49 **********

Full population's fitness overview:
	-       best fitness: 0.46717
	-       mean fitness: 0.13335
	-      worst fitness: 0.00199
	- standard deviation: 0.09499
Best genome overview:
	- fitness: 0.46717
	- size (hid, conn): (1, 5)
	- genome id: 6010
	- belongs to specie: 1
Genetic distance:
	- Maximum: 2.891
	- Mean: 1.675
	- Minimum: 0.327
	- Standard deviation: 0.643

Population of 128 members in 3 species:
	 SID    age    size    fitness    adj fit    stag 
	=====  =====  ======  =========  =========  ======
	  1     49      56      0.467      0.292      0   
	  3     31      21      0.263      0.239      2   
	  4      0      51       --         --        0   

Generation time: 183.794 sec  (183.402 average)
Population 'distance_repr_1' saved! Current generation: 50
Sample chosen: [661, 680, 488, 848, 980, 61, 695, 269, 132, 570, 630, 156, 236, 218, 814, 721]


********** Running generation 50 **********

Full population's fitness overview:
	-       best fitness: 0.42782
	-       mean fitness: 0.13423
	-      worst fitness: 0.00208
	- standard deviation: 0.09439
Best genome overview:
	- fitness: 0.42782
	- size (hid, conn): (1, 5)
	- genome id: 6235
	- belongs to specie: 4
Genetic distance:
	- Maximum: 2.866
	- Mean: 1.729
	- Minimum: 0.068
	- Standard deviation: 0.723

Population of 127 members in 3 species:
	 SID    age    size    fitness    adj fit    stag 
	=====  =====  ======  =========  =========  ======
	  1     50      54      0.270      0.282      1   
	  3     32      24      0.259      0.298      3   
	  4      1      49      0.428      0.346      0   

Generation time: 179.636 sec  (182.906 average)
Population 'distance_repr_1' saved! Current generation: 51
Sample chosen: [207, 300, 298, 60, 11, 73, 949, 817, 786, 803, 940, 609, 872, 301, 618, 449]


********** Running generation 51 **********

Full population's fitness overview:
	-       best fitness: 0.37926
	-       mean fitness: 0.10625
	-      worst fitness: 0.00229
	- standard deviation: 0.07966
Best genome overview:
	- fitness: 0.37926
	- size (hid, conn): (1, 6)
	- genome id: 6400
	- belongs to specie: 4
Genetic distance:
	- Maximum: 2.836
	- Mean: 1.696
	- Minimum: 0.211
	- Standard deviation: 0.712

Population of 128 members in 3 species:
	 SID    age    size    fitness    adj fit    stag 
	=====  =====  ======  =========  =========  ======
	  1     51      43      0.237      0.257      2   
	  3     33      36      0.207      0.249      4   
	  4      2      49      0.379      0.310      1   

Generation time: 182.552 sec  (182.722 average)
Population 'distance_repr_1' saved! Current generation: 52
Sample chosen: [88, 664, 689, 215, 858, 977, 818, 584, 833, 971, 800, 649, 282, 395, 627, 268]


********** Running generation 52 **********

Full population's fitness overview:
	-       best fitness: 0.42584
	-       mean fitness: 0.11826
	-      worst fitness: 0.00209
	- standard deviation: 0.09246
Best genome overview:
	- fitness: 0.42584
	- size (hid, conn): (0, 3)
	- genome id: 6407
	- belongs to specie: 4
Genetic distance:
	- Maximum: 2.812
	- Mean: 1.684
	- Minimum: 0.132
	- Standard deviation: 0.668

Population of 128 members in 3 species:
	 SID    age    size    fitness    adj fit    stag 
	=====  =====  ======  =========  =========  ======
	  1     52      43      0.210      0.252      3   
	  3     34      37      0.271      0.272      5   
	  4      3      48      0.426      0.295      2   

Generation time: 188.448 sec  (183.572 average)
Population 'distance_repr_1' saved! Current generation: 53
Sample chosen: [759, 60, 321, 324, 680, 138, 613, 239, 542, 165, 433, 248, 869, 968, 93, 822]


********** Running generation 53 **********

Full population's fitness overview:
	-       best fitness: 0.51104
	-       mean fitness: 0.16346
	-      worst fitness: 0.00193
	- standard deviation: 0.11587
Best genome overview:
	- fitness: 0.51104
	- size (hid, conn): (0, 3)
	- genome id: 6612
	- belongs to specie: 4
Genetic distance:
	- Maximum: 2.750
	- Mean: 1.722
	- Minimum: 0.059
	- Standard deviation: 0.596

Population of 127 members in 3 species:
	 SID    age    size    fitness    adj fit    stag 
	=====  =====  ======  =========  =========  ======
	  1     53      46      0.373      0.281      4   
	  3     35      36      0.349      0.356      6   
	  4      4      45      0.511      0.320      0   

Generation time: 183.222 sec  (183.818 average)
Population 'distance_repr_1' saved! Current generation: 54
Sample chosen: [592, 121, 263, 352, 105, 45, 293, 71, 225, 627, 745, 194, 308, 337, 368, 856]


********** Running generation 54 **********

Full population's fitness overview:
	-       best fitness: 0.44097
	-       mean fitness: 0.14813
	-      worst fitness: 0.00204
	- standard deviation: 0.10209
Best genome overview:
	- fitness: 0.44097
	- size (hid, conn): (0, 3)
	- genome id: 6737
	- belongs to specie: 4
Genetic distance:
	- Maximum: 2.813
	- Mean: 1.760
	- Minimum: 0.140
	- Standard deviation: 0.600

Population of 127 members in 3 species:
	 SID    age    size    fitness    adj fit    stag 
	=====  =====  ======  =========  =========  ======
	  1     54      50      0.279      0.351      5   
	  3     36      34      0.287      0.301      7   
	  4      5      43      0.441      0.340      1   

Generation time: 183.029 sec  (183.963 average)
Population 'distance_repr_1' saved! Current generation: 55
Sample chosen: [560, 93, 120, 738, 4, 933, 697, 792, 502, 879, 122, 330, 676, 157, 705, 576]


********** Running generation 55 **********

Full population's fitness overview:
	-       best fitness: 0.57784
	-       mean fitness: 0.18866
	-      worst fitness: 0.00233
	- standard deviation: 0.14529
Best genome overview:
	- fitness: 0.57784
	- size (hid, conn): (0, 4)
	- genome id: 6888
	- belongs to specie: 4

Species 3 with 34 members is stagnated: removing it
Genetic distance:
	- Maximum: 2.890
	- Mean: 1.734
	- Minimum: 0.180
	- Standard deviation: 0.538

Population of 128 members in 2 species:
	 SID    age    size    fitness    adj fit    stag 
	=====  =====  ======  =========  =========  ======
	  1     55      55      0.330      0.258      6   
	  4      6      73      0.578      0.456      0   

Generation time: 181.046 sec  (183.417 average)
Population 'distance_repr_1' saved! Current generation: 56
Sample chosen: [390, 638, 445, 748, 826, 78, 850, 630, 469, 917, 287, 603, 277, 904, 858, 875]


********** Running generation 56 **********

Full population's fitness overview:
	-       best fitness: 0.33778
	-       mean fitness: 0.13866
	-      worst fitness: 0.00197
	- standard deviation: 0.08945
Best genome overview:
	- fitness: 0.33778
	- size (hid, conn): (0, 3)
	- genome id: 6987
	- belongs to specie: 4
Genetic distance:
	- Maximum: 3.038
	- Mean: 1.944
	- Minimum: 0.082
	- Standard deviation: 0.539

Population of 128 members in 3 species:
	 SID    age    size    fitness    adj fit    stag 
	=====  =====  ======  =========  =========  ======
	  1     56      28      0.240      0.325      7   
	  4      7      75      0.338      0.469      1   
	  5      0      25       --         --        0   

Generation time: 181.121 sec  (182.943 average)
Population 'distance_repr_1' saved! Current generation: 57
Sample chosen: [845, 626, 429, 432, 351, 121, 930, 888, 388, 60, 839, 657, 275, 41, 872, 830]


********** Running generation 57 **********

Full population's fitness overview:
	-       best fitness: 0.34912
	-       mean fitness: 0.14027
	-      worst fitness: 0.00212
	- standard deviation: 0.09292
Best genome overview:
	- fitness: 0.34912
	- size (hid, conn): (0, 3)
	- genome id: 7114
	- belongs to specie: 4
Genetic distance:
	- Maximum: 2.997
	- Mean: 1.922
	- Minimum: 0.000
	- Standard deviation: 0.621

Population of 128 members in 3 species:
	 SID    age    size    fitness    adj fit    stag 
	=====  =====  ======  =========  =========  ======
	  1     57      22      0.240      0.324      8   
	  4      8      66      0.349      0.462      2   
	  5      1      40      0.212      0.288      0   

Generation time: 182.121 sec  (182.577 average)
Population 'distance_repr_1' saved! Current generation: 58
Sample chosen: [462, 542, 946, 1, 410, 606, 223, 908, 484, 544, 654, 696, 574, 603, 585, 399]


********** Running generation 58 **********

Full population's fitness overview:
	-       best fitness: 0.52927
	-       mean fitness: 0.20297
	-      worst fitness: 0.00189
	- standard deviation: 0.13701
Best genome overview:
	- fitness: 0.52927
	- size (hid, conn): (1, 5)
	- genome id: 7256
	- belongs to specie: 4
Genetic distance:
	- Maximum: 3.081
	- Mean: 1.976
	- Minimum: 0.031
	- Standard deviation: 0.729

Population of 128 members in 4 species:
	 SID    age    size    fitness    adj fit    stag 
	=====  =====  ======  =========  =========  ======
	  1     58      11      0.356      0.299      9   
	  4      9      58      0.529      0.449      3   
	  5      2      42      0.353      0.315      0   
	  6      0      17       --         --        0   

Generation time: 184.196 sec  (182.917 average)
Population 'distance_repr_1' saved! Current generation: 59
Sample chosen: [75, 923, 254, 219, 352, 89, 317, 907, 713, 95, 104, 934, 838, 918, 373, 557]


********** Running generation 59 **********

Full population's fitness overview:
	-       best fitness: 0.40160
	-       mean fitness: 0.16628
	-      worst fitness: 0.00191
	- standard deviation: 0.11872
Best genome overview:
	- fitness: 0.40160
	- size (hid, conn): (1, 6)
	- genome id: 7362
	- belongs to specie: 4
Genetic distance:
	- Maximum: 3.087
	- Mean: 1.905
	- Minimum: 0.000
	- Standard deviation: 0.709

Population of 128 members in 4 species:
	 SID    age    size    fitness    adj fit    stag 
	=====  =====  ======  =========  =========  ======
	  1     59      18      0.214      0.286      10  
	  4     10      41      0.402      0.479      4   
	  5      3      38      0.358      0.415      0   
	  6      1      31      0.274      0.255      0   

Generation time: 183.771 sec  (182.914 average)
Population 'distance_repr_1' saved! Current generation: 60
Sample chosen: [974, 339, 383, 583, 120, 964, 711, 34, 398, 334, 678, 206, 440, 46, 877, 164]


********** Running generation 60 **********

Full population's fitness overview:
	-       best fitness: 0.44458
	-       mean fitness: 0.14865
	-      worst fitness: 0.00221
	- standard deviation: 0.10799
Best genome overview:
	- fitness: 0.44458
	- size (hid, conn): (0, 4)
	- genome id: 7508
	- belongs to specie: 6
Genetic distance:
	- Maximum: 3.031
	- Mean: 1.860
	- Minimum: 0.000
	- Standard deviation: 0.676

Population of 129 members in 4 species:
	 SID    age    size    fitness    adj fit    stag 
	=====  =====  ======  =========  =========  ======
	  1     60      25      0.284      0.320      11  
	  4     11      36      0.396      0.337      5   
	  5      4      36      0.337      0.345      1   
	  6      2      32      0.445      0.312      0   

Generation time: 181.575 sec  (183.108 average)
Population 'distance_repr_1' saved! Current generation: 61
Sample chosen: [870, 705, 37, 328, 399, 523, 267, 799, 57, 753, 173, 326, 1, 266, 395, 73]


********** Running generation 61 **********

Full population's fitness overview:
	-       best fitness: 0.50333
	-       mean fitness: 0.18725
	-      worst fitness: 0.00213
	- standard deviation: 0.13300
Best genome overview:
	- fitness: 0.50333
	- size (hid, conn): (1, 6)
	- genome id: 7574
	- belongs to specie: 4
Genetic distance:
	- Maximum: 2.903
	- Mean: 1.839
	- Minimum: 0.066
	- Standard deviation: 0.616

Population of 128 members in 4 species:
	 SID    age    size    fitness    adj fit    stag 
	=====  =====  ======  =========  =========  ======
	  1     61      22      0.250      0.222      12  
	  4     12      12      0.503      0.502      6   
	  5      5      31      0.292      0.292      2   
	  6      3      63      0.473      0.423      0   

Generation time: 183.536 sec  (183.206 average)
Population 'distance_repr_1' saved! Current generation: 62
Sample chosen: [694, 761, 6, 62, 943, 146, 354, 664, 511, 988, 954, 205, 225, 568, 699, 86]


********** Running generation 62 **********

Full population's fitness overview:
	-       best fitness: 0.51528
	-       mean fitness: 0.17012
	-      worst fitness: 0.00200
	- standard deviation: 0.13410
Best genome overview:
	- fitness: 0.51528
	- size (hid, conn): (0, 3)
	- genome id: 7725
	- belongs to specie: 6
Genetic distance:
	- Maximum: 2.930
	- Mean: 1.805
	- Minimum: 0.000
	- Standard deviation: 0.672

Population of 129 members in 4 species:
	 SID    age    size    fitness    adj fit    stag 
	=====  =====  ======  =========  =========  ======
	  1     62      23      0.299      0.252      13  
	  4     13      26      0.488      0.489      7   
	  5      6      30      0.354      0.305      3   
	  6      4      50      0.515      0.334      0   

Generation time: 179.645 sec  (182.326 average)
Population 'distance_repr_1' saved! Current generation: 63
Sample chosen: [526, 415, 228, 462, 16, 429, 918, 828, 506, 204, 870, 384, 529, 699, 189, 686]


********** Running generation 63 **********

Full population's fitness overview:
	-       best fitness: 0.47004
	-       mean fitness: 0.19469
	-      worst fitness: 0.00195
	- standard deviation: 0.12971
Best genome overview:
	- fitness: 0.47004
	- size (hid, conn): (0, 3)
	- genome id: 7820
	- belongs to specie: 4
Genetic distance:
	- Maximum: 2.954
	- Mean: 1.882
	- Minimum: 0.135
	- Standard deviation: 0.631

Population of 128 members in 4 species:
	 SID    age    size    fitness    adj fit    stag 
	=====  =====  ======  =========  =========  ======
	  1     63      24      0.252      0.312      14  
	  4     14      31      0.470      0.481      8   
	  5      7      30      0.322      0.391      4   
	  6      5      43      0.462      0.434      1   

Generation time: 179.060 sec  (181.910 average)
Population 'distance_repr_1' saved! Current generation: 64
Sample chosen: [460, 975, 88, 46, 165, 177, 944, 316, 250, 980, 297, 361, 719, 807, 356, 415]


********** Running generation 64 **********

Full population's fitness overview:
	-       best fitness: 0.38104
	-       mean fitness: 0.15473
	-      worst fitness: 0.00195
	- standard deviation: 0.10691
Best genome overview:
	- fitness: 0.38104
	- size (hid, conn): (2, 6)
	- genome id: 7950
	- belongs to specie: 6

Species 1 with 24 members is stagnated: removing it
Genetic distance:
	- Maximum: 3.061
	- Mean: 1.788
	- Minimum: 0.205
	- Standard deviation: 0.606

Population of 128 members in 3 species:
	 SID    age    size    fitness    adj fit    stag 
	=====  =====  ======  =========  =========  ======
	  4     15      48      0.351      0.578      9   
	  5      8      35      0.240      0.355      5   
	  6      6      45      0.381      0.369      2   

Generation time: 181.382 sec  (181.745 average)
Population 'distance_repr_1' saved! Current generation: 65
Sample chosen: [14, 577, 668, 441, 868, 323, 392, 94, 249, 834, 199, 670, 415, 292, 482, 657]


********** Running generation 65 **********

Full population's fitness overview:
	-       best fitness: 0.37609
	-       mean fitness: 0.16831
	-      worst fitness: 0.00203
	- standard deviation: 0.11539
Best genome overview:
	- fitness: 0.37609
	- size (hid, conn): (1, 5)
	- genome id: 8092
	- belongs to specie: 6
Genetic distance:
	- Maximum: 3.088
	- Mean: 1.751
	- Minimum: 0.218
	- Standard deviation: 0.629

Population of 127 members in 3 species:
	 SID    age    size    fitness    adj fit    stag 
	=====  =====  ======  =========  =========  ======
	  4     16      50      0.355      0.542      10  
	  5      9      32      0.292      0.365      6   
	  6      7      45      0.376      0.402      3   

Generation time: 187.363 sec  (182.377 average)
Population 'distance_repr_1' saved! Current generation: 66
Sample chosen: [880, 364, 466, 762, 52, 168, 852, 243, 608, 987, 978, 992, 625, 827, 960, 313]


********** Running generation 66 **********

Full population's fitness overview:
	-       best fitness: 0.50575
	-       mean fitness: 0.20075
	-      worst fitness: 0.00204
	- standard deviation: 0.15924
Best genome overview:
	- fitness: 0.50575
	- size (hid, conn): (0, 3)
	- genome id: 8234
	- belongs to specie: 6
Genetic distance:
	- Maximum: 3.008
	- Mean: 1.730
	- Minimum: 0.231
	- Standard deviation: 0.596

Population of 128 members in 3 species:
	 SID    age    size    fitness    adj fit    stag 
	=====  =====  ======  =========  =========  ======
	  4     17      50      0.473      0.443      11  
	  5     10      29      0.326      0.269      7   
	  6      8      49      0.506      0.430      4   

Generation time: 182.414 sec  (182.506 average)
Population 'distance_repr_1' saved! Current generation: 67
Sample chosen: [448, 260, 301, 845, 261, 133, 62, 902, 575, 86, 754, 860, 392, 598, 767, 642]


********** Running generation 67 **********

Full population's fitness overview:
	-       best fitness: 0.42511
	-       mean fitness: 0.18745
	-      worst fitness: 0.00199
	- standard deviation: 0.12575
Best genome overview:
	- fitness: 0.42511
	- size (hid, conn): (0, 3)
	- genome id: 8309
	- belongs to specie: 4
Genetic distance:
	- Maximum: 3.157
	- Mean: 1.746
	- Minimum: 0.093
	- Standard deviation: 0.629

Population of 128 members in 3 species:
	 SID    age    size    fitness    adj fit    stag 
	=====  =====  ======  =========  =========  ======
	  4     18      49      0.425      0.507      12  
	  5     11      32      0.243      0.343      8   
	  6      9      47      0.412      0.425      5   

Generation time: 185.572 sec  (182.851 average)
Population 'distance_repr_1' saved! Current generation: 68
Sample chosen: [191, 148, 586, 827, 623, 906, 382, 448, 383, 580, 893, 668, 794, 569, 879, 150]


********** Running generation 68 **********

Full population's fitness overview:
	-       best fitness: 0.45738
	-       mean fitness: 0.18914
	-      worst fitness: 0.00200
	- standard deviation: 0.12976
Best genome overview:
	- fitness: 0.45738
	- size (hid, conn): (0, 3)
	- genome id: 8426
	- belongs to specie: 6
Genetic distance:
	- Maximum: 2.937
	- Mean: 1.665
	- Minimum: 0.000
	- Standard deviation: 0.610

Population of 128 members in 3 species:
	 SID    age    size    fitness    adj fit    stag 
	=====  =====  ======  =========  =========  ======
	  4     19      38      0.421      0.461      13  
	  5     12      34      0.266      0.336      9   
	  6     10      56      0.457      0.410      6   

Generation time: 188.682 sec  (183.300 average)
Population 'distance_repr_1' saved! Current generation: 69
Sample chosen: [71, 360, 421, 846, 314, 381, 456, 173, 492, 889, 759, 49, 663, 729, 820, 804]


********** Running generation 69 **********

Full population's fitness overview:
	-       best fitness: 0.47478
	-       mean fitness: 0.20938
	-      worst fitness: 0.00191
	- standard deviation: 0.14491
Best genome overview:
	- fitness: 0.47478
	- size (hid, conn): (0, 3)
	- genome id: 8532
	- belongs to specie: 4
Genetic distance:
	- Maximum: 2.944
	- Mean: 1.811
	- Minimum: 0.025
	- Standard deviation: 0.640

Population of 128 members in 3 species:
	 SID    age    size    fitness    adj fit    stag 
	=====  =====  ======  =========  =========  ======
	  4     20      53      0.475      0.494      14  
	  5     13      31      0.262      0.279      10  
	  6     11      44      0.466      0.498      7   

Generation time: 187.349 sec  (183.658 average)
Population 'distance_repr_1' saved! Current generation: 70
Sample chosen: [212, 5, 742, 451, 48, 850, 752, 861, 739, 62, 446, 669, 311, 648, 434, 416]


********** Running generation 70 **********

Full population's fitness overview:
	-       best fitness: 0.36780
	-       mean fitness: 0.17494
	-      worst fitness: 0.00198
	- standard deviation: 0.11193
Best genome overview:
	- fitness: 0.36780
	- size (hid, conn): (0, 3)
	- genome id: 8710
	- belongs to specie: 4

Species 4 with 53 members is stagnated: removing it
Genetic distance:
	- Maximum: 2.714
	- Mean: 1.717
	- Minimum: 0.195
	- Standard deviation: 0.585

Population of 128 members in 2 species:
	 SID    age    size    fitness    adj fit    stag 
	=====  =====  ======  =========  =========  ======
	  5     14      57      0.300      0.432      11  
	  6     12      71      0.348      0.498      8   

Generation time: 185.881 sec  (184.088 average)
Population 'distance_repr_1' saved! Current generation: 71
Sample chosen: [234, 436, 990, 729, 832, 372, 169, 333, 341, 888, 260, 247, 564, 915, 338, 95]


********** Running generation 71 **********

Full population's fitness overview:
	-       best fitness: 0.51613
	-       mean fitness: 0.23072
	-      worst fitness: 0.00208
	- standard deviation: 0.14987
Best genome overview:
	- fitness: 0.51613
	- size (hid, conn): (0, 3)
	- genome id: 8843
	- belongs to specie: 6
Genetic distance:
	- Maximum: 2.959
	- Mean: 1.804
	- Minimum: 0.482
	- Standard deviation: 0.540

Population of 128 members in 2 species:
	 SID    age    size    fitness    adj fit    stag 
	=====  =====  ======  =========  =========  ======
	  5     15      53      0.309      0.331      12  
	  6     13      75      0.516      0.536      0   

Generation time: 181.437 sec  (183.879 average)
Population 'distance_repr_1' saved! Current generation: 72
Sample chosen: [818, 123, 691, 77, 173, 450, 462, 14, 962, 903, 925, 988, 254, 548, 529, 847]


********** Running generation 72 **********

Full population's fitness overview:
	-       best fitness: 0.43533
	-       mean fitness: 0.19972
	-      worst fitness: 0.00189
	- standard deviation: 0.13319
Best genome overview:
	- fitness: 0.43533
	- size (hid, conn): (0, 3)
	- genome id: 8793
	- belongs to specie: 6
Genetic distance:
	- Maximum: 2.657
	- Mean: 1.806
	- Minimum: 0.101
	- Standard deviation: 0.512

Population of 128 members in 2 species:
	 SID    age    size    fitness    adj fit    stag 
	=====  =====  ======  =========  =========  ======
	  5     16      54      0.342      0.406      13  
	  6     14      74      0.435      0.492      1   

Generation time: 185.669 sec  (184.481 average)
Population 'distance_repr_1' saved! Current generation: 73
Sample chosen: [974, 875, 618, 751, 135, 701, 728, 733, 114, 252, 138, 996, 250, 491, 578, 692]


********** Running generation 73 **********

Full population's fitness overview:
	-       best fitness: 0.42154
	-       mean fitness: 0.17020
	-      worst fitness: 0.00209
	- standard deviation: 0.11513
Best genome overview:
	- fitness: 0.42154
	- size (hid, conn): (0, 3)
	- genome id: 9046
	- belongs to specie: 6
Genetic distance:
	- Maximum: 2.801
	- Mean: 1.797
	- Minimum: 0.127
	- Standard deviation: 0.550

Population of 128 members in 2 species:
	 SID    age    size    fitness    adj fit    stag 
	=====  =====  ======  =========  =========  ======
	  5     17      51      0.270      0.296      14  
	  6     15      77      0.422      0.477      2   

Generation time: 185.446 sec  (185.120 average)
Population 'distance_repr_1' saved! Current generation: 74
Sample chosen: [337, 13, 439, 187, 913, 128, 438, 997, 245, 921, 428, 14, 610, 294, 346, 996]


********** Running generation 74 **********

Full population's fitness overview:
	-       best fitness: 0.47690
	-       mean fitness: 0.16688
	-      worst fitness: 0.00213
	- standard deviation: 0.12452
Best genome overview:
	- fitness: 0.47690
	- size (hid, conn): (1, 6)
	- genome id: 9069
	- belongs to specie: 6
Genetic distance:
	- Maximum: 2.819
	- Mean: 1.873
	- Minimum: 0.066
	- Standard deviation: 0.608

Population of 128 members in 2 species:
	 SID    age    size    fitness    adj fit    stag 
	=====  =====  ======  =========  =========  ======
	  5     18      53      0.328      0.294      15  
	  6     16      75      0.477      0.382      3   

Generation time: 186.379 sec  (185.619 average)
Population 'distance_repr_1' saved! Current generation: 75
Sample chosen: [525, 485, 774, 801, 994, 467, 175, 360, 920, 817, 425, 651, 948, 463, 608, 904]


********** Running generation 75 **********

Full population's fitness overview:
	-       best fitness: 0.48409
	-       mean fitness: 0.17844
	-      worst fitness: 0.00206
	- standard deviation: 0.13980
Best genome overview:
	- fitness: 0.48409
	- size (hid, conn): (0, 3)
	- genome id: 9300
	- belongs to specie: 6

Species 5 with 53 members is stagnated: removing it
Genetic distance:
	- Maximum: 2.273
	- Mean: 1.672
	- Minimum: 0.242
	- Standard deviation: 0.311

Population of 128 members in 1 species:
	 SID    age    size    fitness    adj fit    stag 
	=====  =====  ======  =========  =========  ======
	  6     17     128      0.484      0.412      4   

Generation time: 185.771 sec  (185.460 average)
Population 'distance_repr_1' saved! Current generation: 76
Sample chosen: [960, 127, 134, 838, 635, 913, 188, 95, 145, 329, 988, 799, 578, 297, 565, 670]


********** Running generation 76 **********

Full population's fitness overview:
	-       best fitness: 0.48151
	-       mean fitness: 0.21531
	-      worst fitness: 0.00194
	- standard deviation: 0.15602
Best genome overview:
	- fitness: 0.48151
	- size (hid, conn): (1, 5)
	- genome id: 9411
	- belongs to specie: 6
Genetic distance:
	- Maximum: 2.131
	- Mean: 1.614
	- Minimum: 0.653
	- Standard deviation: 0.219

Population of 128 members in 1 species:
	 SID    age    size    fitness    adj fit    stag 
	=====  =====  ======  =========  =========  ======
	  6     18     128      0.482      0.445      5   

Generation time: 186.148 sec  (185.833 average)
Population 'distance_repr_1' saved! Current generation: 77
Sample chosen: [616, 734, 609, 595, 887, 677, 189, 178, 410, 208, 39, 327, 121, 536, 424, 355]


********** Running generation 77 **********

Full population's fitness overview:
	-       best fitness: 0.43331
	-       mean fitness: 0.18451
	-      worst fitness: 0.00197
	- standard deviation: 0.12741
Best genome overview:
	- fitness: 0.43331
	- size (hid, conn): (1, 5)
	- genome id: 9490
	- belongs to specie: 6

Species 6 with 128 members is stagnated: removing it
All species are extinct.
Genetic distance:
	- Maximum: 2.984
	- Mean: 1.853
	- Minimum: 0.905
	- Standard deviation: 0.398

Population of 128 members in 2 species:
	 SID    age    size    fitness    adj fit    stag 
	=====  =====  ======  =========  =========  ======
	  7      0     112       --         --        0   
	  8      0      16       --         --        0   

Total extinctions: 1
Generation time: 185.949 sec  (185.871 average)
Population 'distance_repr_1' saved! Current generation: 78
Sample chosen: [566, 389, 997, 108, 23, 56, 441, 284, 738, 967, 250, 610, 588, 442, 856, 682]


********** Running generation 78 **********

Full population's fitness overview:
	-       best fitness: 0.11673
	-       mean fitness: 0.02372
	-      worst fitness: 0.00202
	- standard deviation: 0.03107
Best genome overview:
	- fitness: 0.11673
	- size (hid, conn): (0, 6)
	- genome id: 9709
	- belongs to specie: 7
Genetic distance:
	- Maximum: 3.158
	- Mean: 1.908
	- Minimum: 0.246
	- Standard deviation: 0.453

Population of 128 members in 2 species:
	 SID    age    size    fitness    adj fit    stag 
	=====  =====  ======  =========  =========  ======
	  7      1      65      0.117      0.188      0   
	  8      1      63      0.076      0.195      0   

Total extinctions: 1
Generation time: 175.394 sec  (184.542 average)
Population 'distance_repr_1' saved! Current generation: 79
Sample chosen: [546, 535, 677, 681, 579, 345, 88, 782, 136, 313, 134, 669, 922, 367, 860, 716]


********** Running generation 79 **********

Full population's fitness overview:
	-       best fitness: 0.15554
	-       mean fitness: 0.05343
	-      worst fitness: 0.00199
	- standard deviation: 0.03184
Best genome overview:
	- fitness: 0.15554
	- size (hid, conn): (0, 8)
	- genome id: 9834
	- belongs to specie: 8
Genetic distance:
	- Maximum: 2.808
	- Mean: 1.900
	- Minimum: 0.080
	- Standard deviation: 0.466

Population of 128 members in 2 species:
	 SID    age    size    fitness    adj fit    stag 
	=====  =====  ======  =========  =========  ======
	  7      2      76      0.155      0.333      0   
	  8      2      52      0.156      0.337      0   

Total extinctions: 1
Generation time: 173.232 sec  (183.131 average)
Population 'distance_repr_1' saved! Current generation: 80
Sample chosen: [352, 703, 757, 862, 949, 196, 421, 784, 495, 42, 114, 193, 90, 942, 147, 993]


********** Running generation 80 **********

Full population's fitness overview:
	-       best fitness: 0.09807
	-       mean fitness: 0.03786
	-      worst fitness: 0.00193
	- standard deviation: 0.02149
Best genome overview:
	- fitness: 0.09807
	- size (hid, conn): (0, 7)
	- genome id: 9890
	- belongs to specie: 7
Genetic distance:
	- Maximum: 2.809
	- Mean: 1.979
	- Minimum: 0.202
	- Standard deviation: 0.415

Population of 128 members in 2 species:
	 SID    age    size    fitness    adj fit    stag 
	=====  =====  ======  =========  =========  ======
	  7      3      80      0.098      0.366      1   
	  8      3      48      0.082      0.349      1   

Total extinctions: 1
Generation time: 170.902 sec  (181.633 average)
Population 'distance_repr_1' saved! Current generation: 81
Sample chosen: [420, 205, 65, 188, 64, 848, 664, 979, 238, 477, 358, 971, 186, 25, 385, 130]


********** Running generation 81 **********

Full population's fitness overview:
	-       best fitness: 0.16036
	-       mean fitness: 0.07549
	-      worst fitness: 0.00225
	- standard deviation: 0.03787
Best genome overview:
	- fitness: 0.16036
	- size (hid, conn): (1, 9)
	- genome id: 10081
	- belongs to specie: 7
Genetic distance:
	- Maximum: 2.881
	- Mean: 1.842
	- Minimum: 0.241
	- Standard deviation: 0.461

Population of 128 members in 2 species:
	 SID    age    size    fitness    adj fit    stag 
	=====  =====  ======  =========  =========  ======
	  7      4      8       0.160      0.489      0   
	  8      4     120      0.148      0.421      2   

Total extinctions: 1
Generation time: 170.665 sec  (180.556 average)
Population 'distance_repr_1' saved! Current generation: 82
Sample chosen: [187, 852, 769, 807, 961, 873, 671, 992, 819, 628, 142, 676, 510, 879, 210, 900]


********** Running generation 82 **********

Full population's fitness overview:
	-       best fitness: 0.24257
	-       mean fitness: 0.07748
	-      worst fitness: 0.00212
	- standard deviation: 0.03959
Best genome overview:
	- fitness: 0.24257
	- size (hid, conn): (1, 6)
	- genome id: 10117
	- belongs to specie: 8
Genetic distance:
	- Maximum: 2.666
	- Mean: 1.598
	- Minimum: 0.154
	- Standard deviation: 0.534

Population of 128 members in 2 species:
	 SID    age    size    fitness    adj fit    stag 
	=====  =====  ======  =========  =========  ======
	  7      5      36      0.094      0.226      1   
	  8      5      92      0.243      0.319      0   

Total extinctions: 1
Generation time: 171.052 sec  (179.094 average)
Population 'distance_repr_1' saved! Current generation: 83
Sample chosen: [335, 810, 630, 252, 739, 166, 935, 895, 101, 115, 552, 591, 660, 981, 950, 601]


********** Running generation 83 **********

Full population's fitness overview:
	-       best fitness: 0.29870
	-       mean fitness: 0.09012
	-      worst fitness: 0.00196
	- standard deviation: 0.06131
Best genome overview:
	- fitness: 0.29870
	- size (hid, conn): (1, 8)
	- genome id: 10314
	- belongs to specie: 8
Genetic distance:
	- Maximum: 2.514
	- Mean: 1.645
	- Minimum: 0.223
	- Standard deviation: 0.521

Population of 128 members in 2 species:
	 SID    age    size    fitness    adj fit    stag 
	=====  =====  ======  =========  =========  ======
	  7      6      40      0.149      0.217      2   
	  8      6      88      0.299      0.328      0   

Total extinctions: 1
Generation time: 174.134 sec  (177.963 average)
Population 'distance_repr_1' saved! Current generation: 84
Sample chosen: [741, 655, 834, 912, 971, 919, 985, 968, 181, 587, 999, 7, 806, 594, 717, 580]


********** Running generation 84 **********

Full population's fitness overview:
	-       best fitness: 0.37893
	-       mean fitness: 0.09061
	-      worst fitness: 0.00189
	- standard deviation: 0.06360
Best genome overview:
	- fitness: 0.37893
	- size (hid, conn): (2, 8)
	- genome id: 10461
	- belongs to specie: 8
Genetic distance:
	- Maximum: 2.638
	- Mean: 1.671
	- Minimum: 0.135
	- Standard deviation: 0.482

Population of 128 members in 2 species:
	 SID    age    size    fitness    adj fit    stag 
	=====  =====  ======  =========  =========  ======
	  7      7      39      0.159      0.174      3   
	  8      7      89      0.379      0.263      0   

Total extinctions: 1
Generation time: 175.764 sec  (176.901 average)
Population 'distance_repr_1' saved! Current generation: 85
Sample chosen: [40, 336, 672, 899, 980, 756, 332, 764, 91, 504, 692, 39, 215, 560, 990, 700]


********** Running generation 85 **********

Full population's fitness overview:
	-       best fitness: 0.31125
	-       mean fitness: 0.07407
	-      worst fitness: 0.00206
	- standard deviation: 0.05021
Best genome overview:
	- fitness: 0.31125
	- size (hid, conn): (2, 9)
	- genome id: 10567
	- belongs to specie: 8
Genetic distance:
	- Maximum: 2.565
	- Mean: 1.657
	- Minimum: 0.082
	- Standard deviation: 0.440

Population of 128 members in 2 species:
	 SID    age    size    fitness    adj fit    stag 
	=====  =====  ======  =========  =========  ======
	  7      8      27      0.111      0.174      4   
	  8      8     101      0.311      0.259      1   

Total extinctions: 1
Generation time: 179.996 sec  (176.324 average)
Population 'distance_repr_1' saved! Current generation: 86
Sample chosen: [433, 170, 919, 551, 564, 125, 218, 540, 534, 111, 623, 263, 965, 549, 563, 902]


********** Running generation 86 **********

Full population's fitness overview:
	-       best fitness: 0.26857
	-       mean fitness: 0.07555
	-      worst fitness: 0.00204
	- standard deviation: 0.05006
Best genome overview:
	- fitness: 0.26857
	- size (hid, conn): (1, 7)
	- genome id: 10645
	- belongs to specie: 8
Genetic distance:
	- Maximum: 2.398
	- Mean: 1.625
	- Minimum: 0.102
	- Standard deviation: 0.461

Population of 128 members in 2 species:
	 SID    age    size    fitness    adj fit    stag 
	=====  =====  ======  =========  =========  ======
	  7      9      41      0.110      0.196      5   
	  8      9      87      0.269      0.297      2   

Total extinctions: 1
Generation time: 174.630 sec  (175.172 average)
Population 'distance_repr_1' saved! Current generation: 87
Sample chosen: [623, 464, 111, 138, 215, 766, 578, 484, 91, 781, 18, 383, 864, 220, 860, 366]


********** Running generation 87 **********

Full population's fitness overview:
	-       best fitness: 0.36521
	-       mean fitness: 0.07941
	-      worst fitness: 0.00193
	- standard deviation: 0.06607
Best genome overview:
	- fitness: 0.36521
	- size (hid, conn): (2, 8)
	- genome id: 10793
	- belongs to specie: 8
Genetic distance:
	- Maximum: 2.424
	- Mean: 1.536
	- Minimum: 0.102
	- Standard deviation: 0.580

Population of 128 members in 2 species:
	 SID    age    size    fitness    adj fit    stag 
	=====  =====  ======  =========  =========  ======
	  7     10      42      0.120      0.153      6   
	  8     10      86      0.365      0.242      3   

Total extinctions: 1
Generation time: 176.818 sec  (174.259 average)
Population 'distance_repr_1' saved! Current generation: 88
Sample chosen: [548, 363, 990, 318, 334, 99, 596, 949, 666, 920, 963, 912, 123, 287, 427, 622]


********** Running generation 88 **********

Full population's fitness overview:
	-       best fitness: 0.34395
	-       mean fitness: 0.09408
	-      worst fitness: 0.00201
	- standard deviation: 0.07795
Best genome overview:
	- fitness: 0.34395
	- size (hid, conn): (2, 8)
	- genome id: 10793
	- belongs to specie: 8
Genetic distance:
	- Maximum: 2.387
	- Mean: 1.449
	- Minimum: 0.000
	- Standard deviation: 0.556

Population of 128 members in 2 species:
	 SID    age    size    fitness    adj fit    stag 
	=====  =====  ======  =========  =========  ======
	  7     11      41      0.143      0.188      7   
	  8     11      87      0.344      0.309      4   

Total extinctions: 1
Generation time: 173.248 sec  (174.044 average)
Population 'distance_repr_1' saved! Current generation: 89
Sample chosen: [494, 305, 83, 498, 215, 229, 523, 230, 774, 787, 833, 722, 542, 653, 648, 917]


********** Running generation 89 **********

Full population's fitness overview:
	-       best fitness: 0.36148
	-       mean fitness: 0.08705
	-      worst fitness: 0.00209
	- standard deviation: 0.07551
Best genome overview:
	- fitness: 0.36148
	- size (hid, conn): (1, 8)
	- genome id: 11028
	- belongs to specie: 8
Genetic distance:
	- Maximum: 2.714
	- Mean: 1.506
	- Minimum: 0.128
	- Standard deviation: 0.662

Population of 128 members in 2 species:
	 SID    age    size    fitness    adj fit    stag 
	=====  =====  ======  =========  =========  ======
	  7     12      47      0.119      0.168      8   
	  8     12      81      0.361      0.268      5   

Total extinctions: 1
Generation time: 176.750 sec  (174.396 average)
Population 'distance_repr_1' saved! Current generation: 90
Sample chosen: [674, 762, 236, 99, 801, 399, 84, 306, 316, 531, 392, 846, 380, 992, 379, 186]


********** Running generation 90 **********

Full population's fitness overview:
	-       best fitness: 0.35601
	-       mean fitness: 0.10349
	-      worst fitness: 0.00190
	- standard deviation: 0.08732
Best genome overview:
	- fitness: 0.35601
	- size (hid, conn): (2, 9)
	- genome id: 11162
	- belongs to specie: 8
Genetic distance:
	- Maximum: 2.658
	- Mean: 1.538
	- Minimum: 0.289
	- Standard deviation: 0.657

Population of 128 members in 2 species:
	 SID    age    size    fitness    adj fit    stag 
	=====  =====  ======  =========  =========  ======
	  7     13      44      0.130      0.164      9   
	  8     13      84      0.356      0.358      6   

Total extinctions: 1
Generation time: 175.730 sec  (174.879 average)
Population 'distance_repr_1' saved! Current generation: 91
Sample chosen: [753, 898, 384, 36, 472, 364, 53, 493, 277, 924, 187, 131, 256, 438, 408, 318]


********** Running generation 91 **********

Full population's fitness overview:
	-       best fitness: 0.35403
	-       mean fitness: 0.12719
	-      worst fitness: 0.00198
	- standard deviation: 0.09528
Best genome overview:
	- fitness: 0.35403
	- size (hid, conn): (2, 9)
	- genome id: 11147
	- belongs to specie: 8
Genetic distance:
	- Maximum: 2.797
	- Mean: 1.569
	- Minimum: 0.311
	- Standard deviation: 0.583

Population of 128 members in 2 species:
	 SID    age    size    fitness    adj fit    stag 
	=====  =====  ======  =========  =========  ======
	  7     14      41      0.186      0.192      0   
	  8     14      87      0.354      0.442      7   

Total extinctions: 1
Generation time: 176.982 sec  (175.510 average)
Population 'distance_repr_1' saved! Current generation: 92
Sample chosen: [871, 82, 578, 477, 1, 610, 327, 596, 707, 749, 365, 770, 56, 127, 209, 626]


********** Running generation 92 **********

Full population's fitness overview:
	-       best fitness: 0.29020
	-       mean fitness: 0.11754
	-      worst fitness: 0.00197
	- standard deviation: 0.07989
Best genome overview:
	- fitness: 0.29020
	- size (hid, conn): (2, 10)
	- genome id: 11419
	- belongs to specie: 8
Genetic distance:
	- Maximum: 2.725
	- Mean: 1.667
	- Minimum: 0.291
	- Standard deviation: 0.605

Population of 128 members in 2 species:
	 SID    age    size    fitness    adj fit    stag 
	=====  =====  ======  =========  =========  ======
	  7     15      38      0.123      0.194      1   
	  8     15      90      0.290      0.499      8   

Total extinctions: 1
Generation time: 183.753 sec  (176.780 average)
Population 'distance_repr_1' saved! Current generation: 93
Sample chosen: [947, 740, 487, 355, 420, 755, 616, 78, 391, 678, 949, 790, 222, 105, 45, 433]


********** Running generation 93 **********

Full population's fitness overview:
	-       best fitness: 0.38839
	-       mean fitness: 0.13807
	-      worst fitness: 0.00217
	- standard deviation: 0.09959
Best genome overview:
	- fitness: 0.38839
	- size (hid, conn): (2, 11)
	- genome id: 11514
	- belongs to specie: 8
Genetic distance:
	- Maximum: 2.831
	- Mean: 1.797
	- Minimum: 0.196
	- Standard deviation: 0.691

Population of 128 members in 2 species:
	 SID    age    size    fitness    adj fit    stag 
	=====  =====  ======  =========  =========  ======
	  7     16      38      0.134      0.178      2   
	  8     16      90      0.388      0.425      0   

Total extinctions: 1
Generation time: 180.236 sec  (177.391 average)
Population 'distance_repr_1' saved! Current generation: 94
Sample chosen: [888, 741, 360, 463, 443, 353, 284, 580, 725, 900, 840, 87, 577, 876, 338, 750]


********** Running generation 94 **********

Full population's fitness overview:
	-       best fitness: 0.32346
	-       mean fitness: 0.12873
	-      worst fitness: 0.00206
	- standard deviation: 0.08685
Best genome overview:
	- fitness: 0.32346
	- size (hid, conn): (2, 9)
	- genome id: 11632
	- belongs to specie: 8
Genetic distance:
	- Maximum: 2.777
	- Mean: 1.795
	- Minimum: 0.149
	- Standard deviation: 0.701

Population of 128 members in 2 species:
	 SID    age    size    fitness    adj fit    stag 
	=====  =====  ======  =========  =========  ======
	  7     17      41      0.162      0.236      3   
	  8     17      87      0.323      0.461      1   

Total extinctions: 1
Generation time: 180.549 sec  (177.869 average)
Population 'distance_repr_1' saved! Current generation: 95
Sample chosen: [134, 528, 609, 963, 684, 133, 809, 566, 12, 191, 401, 158, 596, 47, 5, 303]


********** Running generation 95 **********

Full population's fitness overview:
	-       best fitness: 0.32493
	-       mean fitness: 0.14193
	-      worst fitness: 0.00196
	- standard deviation: 0.09775
Best genome overview:
	- fitness: 0.32493
	- size (hid, conn): (2, 12)
	- genome id: 11789
	- belongs to specie: 8
Genetic distance:
	- Maximum: 3.243
	- Mean: 1.859
	- Minimum: 0.238
	- Standard deviation: 0.677

Population of 128 members in 3 species:
	 SID    age    size    fitness    adj fit    stag 
	=====  =====  ======  =========  =========  ======
	  7     18      30      0.152      0.186      4   
	  8     18      91      0.325      0.550      2   
	  9      0      7        --         --        0   

Total extinctions: 1
Generation time: 176.441 sec  (177.514 average)
Population 'distance_repr_1' saved! Current generation: 96
Sample chosen: [21, 835, 640, 779, 416, 993, 945, 276, 856, 69, 220, 917, 523, 292, 289, 888]


********** Running generation 96 **********

Full population's fitness overview:
	-       best fitness: 0.37760
	-       mean fitness: 0.12970
	-      worst fitness: 0.00199
	- standard deviation: 0.09854
Best genome overview:
	- fitness: 0.37760
	- size (hid, conn): (2, 11)
	- genome id: 11879
	- belongs to specie: 8
Genetic distance:
	- Maximum: 3.007
	- Mean: 1.907
	- Minimum: 0.000
	- Standard deviation: 0.663

Population of 128 members in 3 species:
	 SID    age    size    fitness    adj fit    stag 
	=====  =====  ======  =========  =========  ======
	  7     19      17      0.197      0.191      0   
	  8     19      79      0.378      0.402      3   
	  9      1      32      0.117      0.169      0   

Total extinctions: 1
Generation time: 178.270 sec  (177.878 average)
Population 'distance_repr_1' saved! Current generation: 97
Sample chosen: [131, 378, 260, 129, 864, 585, 901, 520, 130, 787, 56, 631, 717, 807, 140, 962]


********** Running generation 97 **********

Full population's fitness overview:
	-       best fitness: 0.42709
	-       mean fitness: 0.14456
	-      worst fitness: 0.00217
	- standard deviation: 0.11470
Best genome overview:
	- fitness: 0.42709
	- size (hid, conn): (2, 11)
	- genome id: 11879
	- belongs to specie: 8
Genetic distance:
	- Maximum: 3.207
	- Mean: 2.051
	- Minimum: 0.244
	- Standard deviation: 0.610

Population of 128 members in 4 species:
	 SID    age    size    fitness    adj fit    stag 
	=====  =====  ======  =========  =========  ======
	  7     20      23      0.220      0.160      0   
	  8     20      71      0.427      0.438      0   
	  9      2      29      0.203      0.174      0   
	 10      0      5        --         --        0   

Total extinctions: 1
Generation time: 181.906 sec  (178.387 average)
Population 'distance_repr_1' saved! Current generation: 98
Sample chosen: [613, 63, 272, 618, 135, 514, 978, 988, 106, 989, 521, 214, 542, 76, 186, 233]


********** Running generation 98 **********

Full population's fitness overview:
	-       best fitness: 0.46862
	-       mean fitness: 0.15573
	-      worst fitness: 0.00213
	- standard deviation: 0.12372
Best genome overview:
	- fitness: 0.46862
	- size (hid, conn): (2, 11)
	- genome id: 12147
	- belongs to specie: 8
Genetic distance:
	- Maximum: 3.326
	- Mean: 1.950
	- Minimum: 0.047
	- Standard deviation: 0.611

Population of 127 members in 4 species:
	 SID    age    size    fitness    adj fit    stag 
	=====  =====  ======  =========  =========  ======
	  7     21      28      0.268      0.221      0   
	  8     21      30      0.469      0.441      0   
	  9      3      19      0.308      0.147      0   
	 10      1      50      0.298      0.292      0   

Total extinctions: 1
Generation time: 177.477 sec  (178.810 average)
Population 'distance_repr_1' saved! Current generation: 99
Sample chosen: [460, 817, 882, 820, 720, 616, 204, 995, 598, 537, 105, 504, 697, 980, 550, 647]


********** Running generation 99 **********

Full population's fitness overview:
	-       best fitness: 0.34907
	-       mean fitness: 0.13371
	-      worst fitness: 0.00195
	- standard deviation: 0.09293
Best genome overview:
	- fitness: 0.34907
	- size (hid, conn): (1, 6)
	- genome id: 12082
	- belongs to specie: 9
Genetic distance:
	- Maximum: 3.128
	- Mean: 1.781
	- Minimum: 0.000
	- Standard deviation: 0.542

Population of 128 members in 4 species:
	 SID    age    size    fitness    adj fit    stag 
	=====  =====  ======  =========  =========  ======
	  7     22      29      0.317      0.249      0   
	  8     22      70      0.298      0.505      1   
	  9      4      22      0.349      0.394      0   
	 10      2      7       0.298      0.372      1   

Total extinctions: 1
Generation time: 182.197 sec  (179.354 average)
Population 'distance_repr_1' saved! Current generation: 100

===> CREATING BLUEPRINTS <===

Creating blueprints for games: [1, 2, 3, 4, 5]

===> CREATING TRACES <===

Creating traces for games: [1, 2, 3, 4, 5]
