Population 'distance_2' saved! Current generation: 0

===> RUNNING FOR THE FOLLOWING CONFIGURATION: <===
	> fitness: distance
	> gru_enabled: False
	> sexual_reproduction: False
	> Saving under folder: NEAT
	> Train: True (100 iterations)
	> Create blueprints: True
	> Create traces: True


===> TRAINING <===

Sample chosen: [781, 779, 557, 412, 362, 652, 205, 479, 982, 821]

********** Running generation 0 **********

Full population's fitness overview:
	-       best fitness: 0.20167
	-       mean fitness: 0.07211
	-      worst fitness: 0.04005
	- standard deviation: 0.04038
Best genome overview:
	- fitness: 0.20167
	- size (hid, conn): (0, 16)
	- genome id: 65
	- belongs to specie: 1
Genetic distance:
	- Maximum: 2.939
	- Mean: 1.923
	- Minimum: 0.000
	- Standard deviation: 0.434

Population of 128 members in 5 species:
	 SID    age    size    fitness    adj fit    stag 
	=====  =====  ======  =========  =========  ======
	  1      0      24      0.202      0.168      0   
	  2      0      16      0.179      0.264      0   
	  3      0      44      0.164      0.196      0   
	  4      0      23      0.132      0.177      0   
	  5      0      21      0.132      0.261      0   

Generation time: 155.648 sec
Population 'distance_2' saved! Current generation: 1
Sample chosen: [841, 679, 575, 25, 394, 314, 459, 676, 299, 915]

********** Running generation 1 **********

Full population's fitness overview:
	-       best fitness: 0.23876
	-       mean fitness: 0.11949
	-      worst fitness: 0.06528
	- standard deviation: 0.04327
Best genome overview:
	- fitness: 0.23876
	- size (hid, conn): (0, 16)
	- genome id: 35
	- belongs to specie: 2
Genetic distance:
	- Maximum: 2.924
	- Mean: 1.896
	- Minimum: 0.000
	- Standard deviation: 0.484

Population of 128 members in 6 species:
	 SID    age    size    fitness    adj fit    stag 
	=====  =====  ======  =========  =========  ======
	  1      1      21      0.174      0.184      1   
	  2      1      43      0.239      0.360      0   
	  3      1      20      0.225      0.383      0   
	  4      1      15      0.228      0.366      0   
	  5      1      23      0.110      0.218      1   
	  6      0      6        --         --        0   

Generation time: 162.448 sec  (159.048 average)
Population 'distance_2' saved! Current generation: 2
Sample chosen: [863, 832, 801, 344, 961, 622, 462, 995, 733, 103]

********** Running generation 2 **********

Full population's fitness overview:
	-       best fitness: 0.26065
	-       mean fitness: 0.15668
	-      worst fitness: 0.07511
	- standard deviation: 0.04589
Best genome overview:
	- fitness: 0.26065
	- size (hid, conn): (0, 17)
	- genome id: 320
	- belongs to specie: 3
Genetic distance:
	- Maximum: 3.000
	- Mean: 1.882
	- Minimum: 0.000
	- Standard deviation: 0.587

Population of 126 members in 6 species:
	 SID    age    size    fitness    adj fit    stag 
	=====  =====  ======  =========  =========  ======
	  1      2      18      0.247      0.332      0   
	  2      2      11      0.239      0.565      0   
	  3      2      43      0.261      0.395      0   
	  4      2      21      0.221      0.448      1   
	  5      2      20      0.146      0.345      0   
	  6      1      13      0.180      0.407      0   

Generation time: 160.944 sec  (159.680 average)
Population 'distance_2' saved! Current generation: 3
Sample chosen: [807, 932, 735, 646, 969, 701, 328, 928, 830, 139]

********** Running generation 3 **********

Full population's fitness overview:
	-       best fitness: 0.31483
	-       mean fitness: 0.21495
	-      worst fitness: 0.06636
	- standard deviation: 0.06223
Best genome overview:
	- fitness: 0.31483
	- size (hid, conn): (0, 16)
	- genome id: 367
	- belongs to specie: 1
Genetic distance:
	- Maximum: 3.179
	- Mean: 1.887
	- Minimum: 0.008
	- Standard deviation: 0.642

Population of 126 members in 6 species:
	 SID    age    size    fitness    adj fit    stag 
	=====  =====  ======  =========  =========  ======
	  1      3      37      0.315      0.771      0   
	  2      3      25      0.268      0.619      0   
	  3      3      8       0.313      0.657      0   
	  4      3      18      0.256      0.383      0   
	  5      3      21      0.211      0.527      0   
	  6      2      17      0.288      0.600      0   

Generation time: 154.975 sec  (158.504 average)
Population 'distance_2' saved! Current generation: 4
Sample chosen: [258, 182, 897, 372, 129, 5, 416, 6, 420, 413]

********** Running generation 4 **********

Full population's fitness overview:
	-       best fitness: 0.19933
	-       mean fitness: 0.14407
	-      worst fitness: 0.06684
	- standard deviation: 0.03043
Best genome overview:
	- fitness: 0.19933
	- size (hid, conn): (0, 15)
	- genome id: 478
	- belongs to specie: 1
Genetic distance:
	- Maximum: 3.274
	- Mean: 1.845
	- Minimum: 0.000
	- Standard deviation: 0.647

Population of 127 members in 6 species:
	 SID    age    size    fitness    adj fit    stag 
	=====  =====  ======  =========  =========  ======
	  1      4      28      0.199      0.668      1   
	  2      4      25      0.187      0.632      1   
	  3      4      13      0.159      0.460      1   
	  4      4      17      0.192      0.436      1   
	  5      4      25      0.198      0.571      1   
	  6      3      19      0.183      0.554      1   

Generation time: 160.289 sec  (158.861 average)
Population 'distance_2' saved! Current generation: 5
Sample chosen: [602, 416, 738, 117, 228, 236, 998, 183, 651, 181]

********** Running generation 5 **********

Full population's fitness overview:
	-       best fitness: 0.24586
	-       mean fitness: 0.18365
	-      worst fitness: 0.04080
	- standard deviation: 0.04478
Best genome overview:
	- fitness: 0.24586
	- size (hid, conn): (0, 16)
	- genome id: 592
	- belongs to specie: 5
Genetic distance:
	- Maximum: 3.302
	- Mean: 1.886
	- Minimum: 0.000
	- Standard deviation: 0.688

Population of 125 members in 6 species:
	 SID    age    size    fitness    adj fit    stag 
	=====  =====  ======  =========  =========  ======
	  1      5      24      0.225      0.701      2   
	  2      5      23      0.213      0.723      2   
	  3      5      18      0.208      0.592      2   
	  4      5      18      0.217      0.565      2   
	  5      5      21      0.246      0.758      0   
	  6      4      21      0.220      0.764      2   

Generation time: 159.350 sec  (158.942 average)
Population 'distance_2' saved! Current generation: 6
Sample chosen: [437, 408, 577, 896, 343, 759, 292, 139, 807, 756]

********** Running generation 6 **********

Full population's fitness overview:
	-       best fitness: 0.36147
	-       mean fitness: 0.26178
	-      worst fitness: 0.07910
	- standard deviation: 0.06193
Best genome overview:
	- fitness: 0.36147
	- size (hid, conn): (0, 17)
	- genome id: 681
	- belongs to specie: 5
Genetic distance:
	- Maximum: 3.009
	- Mean: 1.860
	- Minimum: 0.000
	- Standard deviation: 0.710

Population of 125 members in 6 species:
	 SID    age    size    fitness    adj fit    stag 
	=====  =====  ======  =========  =========  ======
	  1      6      24      0.357      0.688      0   
	  2      6      19      0.314      0.597      0   
	  3      6      21      0.315      0.544      0   
	  4      6      20      0.361      0.658      0   
	  5      6      19      0.361      0.710      0   
	  6      5      22      0.355      0.671      0   

Generation time: 153.320 sec  (158.139 average)
Population 'distance_2' saved! Current generation: 7
Sample chosen: [874, 392, 739, 173, 639, 939, 486, 401, 329, 974]

********** Running generation 7 **********

Full population's fitness overview:
	-       best fitness: 0.24390
	-       mean fitness: 0.17716
	-      worst fitness: 0.06607
	- standard deviation: 0.03555
Best genome overview:
	- fitness: 0.24390
	- size (hid, conn): (1, 16)
	- genome id: 788
	- belongs to specie: 5
Genetic distance:
	- Maximum: 3.160
	- Mean: 1.835
	- Minimum: 0.000
	- Standard deviation: 0.730

Population of 127 members in 6 species:
	 SID    age    size    fitness    adj fit    stag 
	=====  =====  ======  =========  =========  ======
	  1      7      23      0.207      0.642      1   
	  2      7      22      0.199      0.559      1   
	  3      7      19      0.205      0.526      1   
	  4      7      22      0.200      0.673      1   
	  5      7      18      0.244      0.656      1   
	  6      6      23      0.227      0.686      1   

Generation time: 160.562 sec  (158.442 average)
Population 'distance_2' saved! Current generation: 8
Sample chosen: [166, 344, 111, 291, 530, 116, 531, 877, 502, 546]

********** Running generation 8 **********

Full population's fitness overview:
	-       best fitness: 0.32061
	-       mean fitness: 0.18086
	-      worst fitness: 0.05495
	- standard deviation: 0.07073
Best genome overview:
	- fitness: 0.32061
	- size (hid, conn): (1, 15)
	- genome id: 960
	- belongs to specie: 4
Genetic distance:
	- Maximum: 3.276
	- Mean: 1.877
	- Minimum: 0.006
	- Standard deviation: 0.694

Population of 125 members in 6 species:
	 SID    age    size    fitness    adj fit    stag 
	=====  =====  ======  =========  =========  ======
	  1      8      25      0.255      0.597      2   
	  2      8      19      0.192      0.326      2   
	  3      8      16      0.164      0.272      2   
	  4      8      21      0.321      0.575      2   
	  5      8      19      0.260      0.454      2   
	  6      7      25      0.256      0.578      2   

Generation time: 161.885 sec  (158.825 average)
Population 'distance_2' saved! Current generation: 9
Sample chosen: [800, 169, 281, 681, 863, 644, 928, 139, 143, 263]

********** Running generation 9 **********

Full population's fitness overview:
	-       best fitness: 0.34720
	-       mean fitness: 0.24869
	-      worst fitness: 0.08274
	- standard deviation: 0.06994
Best genome overview:
	- fitness: 0.34720
	- size (hid, conn): (1, 16)
	- genome id: 1009
	- belongs to specie: 5
Genetic distance:
	- Maximum: 3.358
	- Mean: 1.857
	- Minimum: 0.000
	- Standard deviation: 0.755

Population of 126 members in 6 species:
	 SID    age    size    fitness    adj fit    stag 
	=====  =====  ======  =========  =========  ======
	  1      9      25      0.329      0.714      3   
	  2      9      19      0.300      0.530      3   
	  3      9      17      0.285      0.407      3   
	  4      9      21      0.307      0.605      3   
	  5      9      19      0.347      0.701      3   
	  6      8      25      0.312      0.719      3   

Generation time: 156.393 sec  (158.581 average)
Population 'distance_2' saved! Current generation: 10
Sample chosen: [269, 33, 968, 996, 749, 230, 98, 797, 880, 721]

********** Running generation 10 **********

Full population's fitness overview:
	-       best fitness: 0.32969
	-       mean fitness: 0.27162
	-      worst fitness: 0.07476
	- standard deviation: 0.07477
Best genome overview:
	- fitness: 0.32969
	- size (hid, conn): (0, 12)
	- genome id: 1143
	- belongs to specie: 6
Genetic distance:
	- Maximum: 3.444
	- Mean: 1.815
	- Minimum: 0.000
	- Standard deviation: 0.742

Population of 125 members in 6 species:
	 SID    age    size    fitness    adj fit    stag 
	=====  =====  ======  =========  =========  ======
	  1     10      24      0.325      0.851      4   
	  2     10      22      0.329      0.870      0   
	  3     10      16      0.285      0.460      4   
	  4     10      21      0.325      0.772      4   
	  5     10      20      0.328      0.740      4   
	  6      9      22      0.330      0.857      4   

Generation time: 163.165 sec  (159.333 average)
Population 'distance_2' saved! Current generation: 11
Sample chosen: [271, 305, 180, 262, 747, 133, 543, 210, 899, 690]

********** Running generation 11 **********

Full population's fitness overview:
	-       best fitness: 0.25198
	-       mean fitness: 0.16698
	-      worst fitness: 0.05482
	- standard deviation: 0.04548
Best genome overview:
	- fitness: 0.25198
	- size (hid, conn): (1, 15)
	- genome id: 1290
	- belongs to specie: 4
Genetic distance:
	- Maximum: 3.203
	- Mean: 1.807
	- Minimum: 0.000
	- Standard deviation: 0.785

Population of 125 members in 6 species:
	 SID    age    size    fitness    adj fit    stag 
	=====  =====  ======  =========  =========  ======
	  1     11      23      0.206      0.580      5   
	  2     11      21      0.199      0.536      1   
	  3     11      18      0.213      0.496      5   
	  4     11      20      0.252      0.648      5   
	  5     11      21      0.201      0.558      5   
	  6     10      22      0.208      0.577      5   

Generation time: 161.952 sec  (159.284 average)
Population 'distance_2' saved! Current generation: 12
Sample chosen: [720, 667, 866, 894, 27, 868, 627, 323, 221, 430]

********** Running generation 12 **********

Full population's fitness overview:
	-       best fitness: 0.55168
	-       mean fitness: 0.39833
	-      worst fitness: 0.07455
	- standard deviation: 0.10715
Best genome overview:
	- fitness: 0.55168
	- size (hid, conn): (0, 12)
	- genome id: 1354
	- belongs to specie: 6
Genetic distance:
	- Maximum: 3.210
	- Mean: 1.861
	- Minimum: 0.000
	- Standard deviation: 0.802

Population of 126 members in 6 species:
	 SID    age    size    fitness    adj fit    stag 
	=====  =====  ======  =========  =========  ======
	  1     12      23      0.529      0.749      0   
	  2     12      24      0.472      0.693      0   
	  3     12      17      0.479      0.510      0   
	  4     12      20      0.496      0.616      0   
	  5     12      23      0.501      0.783      0   
	  6     11      19      0.552      0.686      0   

Generation time: 150.920 sec  (158.281 average)
Population 'distance_2' saved! Current generation: 13
Sample chosen: [270, 692, 905, 230, 520, 356, 244, 364, 13, 875]

********** Running generation 13 **********

Full population's fitness overview:
	-       best fitness: 0.17658
	-       mean fitness: 0.14555
	-      worst fitness: 0.05137
	- standard deviation: 0.02444
Best genome overview:
	- fitness: 0.17658
	- size (hid, conn): (2, 15)
	- genome id: 1456
	- belongs to specie: 5
Genetic distance:
	- Maximum: 3.304
	- Mean: 1.799
	- Minimum: 0.006
	- Standard deviation: 0.780

Population of 127 members in 6 species:
	 SID    age    size    fitness    adj fit    stag 
	=====  =====  ======  =========  =========  ======
	  1     13      22      0.173      0.758      1   
	  2     13      25      0.154      0.679      1   
	  3     13      19      0.171      0.709      1   
	  4     13      22      0.175      0.847      1   
	  5     13      18      0.177      0.702      1   
	  6     12      21      0.168      0.837      1   

Generation time: 160.847 sec  (158.868 average)
Population 'distance_2' saved! Current generation: 14
Sample chosen: [41, 311, 865, 904, 60, 287, 705, 811, 887, 757]

********** Running generation 14 **********

Full population's fitness overview:
	-       best fitness: 0.23909
	-       mean fitness: 0.18162
	-      worst fitness: 0.06840
	- standard deviation: 0.04270
Best genome overview:
	- fitness: 0.23909
	- size (hid, conn): (0, 13)
	- genome id: 1597
	- belongs to specie: 6
Genetic distance:
	- Maximum: 3.256
	- Mean: 1.796
	- Minimum: 0.002
	- Standard deviation: 0.775

Population of 125 members in 6 species:
	 SID    age    size    fitness    adj fit    stag 
	=====  =====  ======  =========  =========  ======
	  1     14      22      0.239      0.693      2   
	  2     14      24      0.221      0.596      2   
	  3     14      19      0.206      0.595      2   
	  4     14      23      0.236      0.764      2   
	  5     14      18      0.228      0.582      2   
	  6     13      19      0.239      0.738      2   

Generation time: 163.326 sec  (159.172 average)
Population 'distance_2' saved! Current generation: 15
Sample chosen: [620, 727, 874, 905, 189, 895, 962, 43, 996, 98]

********** Running generation 15 **********

Full population's fitness overview:
	-       best fitness: 0.29150
	-       mean fitness: 0.22712
	-      worst fitness: 0.08684
	- standard deviation: 0.05712
Best genome overview:
	- fitness: 0.29150
	- size (hid, conn): (1, 16)
	- genome id: 1675
	- belongs to specie: 4
Genetic distance:
	- Maximum: 3.232
	- Mean: 1.829
	- Minimum: 0.000
	- Standard deviation: 0.778

Population of 127 members in 6 species:
	 SID    age    size    fitness    adj fit    stag 
	=====  =====  ======  =========  =========  ======
	  1     15      23      0.269      0.747      3   
	  2     15      22      0.280      0.631      3   
	  3     15      21      0.267      0.569      3   
	  4     15      20      0.292      0.728      3   
	  5     15      19      0.285      0.622      3   
	  6     14      22      0.275      0.809      3   

Generation time: 160.927 sec  (159.330 average)
Population 'distance_2' saved! Current generation: 16
Sample chosen: [702, 426, 590, 6, 800, 840, 535, 648, 744, 567]

********** Running generation 16 **********

Full population's fitness overview:
	-       best fitness: 0.23236
	-       mean fitness: 0.14166
	-      worst fitness: 0.02855
	- standard deviation: 0.04122
Best genome overview:
	- fitness: 0.23236
	- size (hid, conn): (1, 16)
	- genome id: 1675
	- belongs to specie: 4
Genetic distance:
	- Maximum: 3.381
	- Mean: 1.818
	- Minimum: 0.000
	- Standard deviation: 0.737

Population of 125 members in 6 species:
	 SID    age    size    fitness    adj fit    stag 
	=====  =====  ======  =========  =========  ======
	  1     16      21      0.194      0.521      4   
	  2     16      20      0.227      0.495      4   
	  3     16      21      0.167      0.447      4   
	  4     16      20      0.232      0.691      4   
	  5     16      21      0.198      0.612      4   
	  6     15      22      0.195      0.581      4   

Generation time: 162.182 sec  (160.216 average)
Population 'distance_2' saved! Current generation: 17
Sample chosen: [786, 704, 379, 57, 556, 763, 844, 789, 800, 802]

********** Running generation 17 **********

Full population's fitness overview:
	-       best fitness: 0.26022
	-       mean fitness: 0.17158
	-      worst fitness: 0.04401
	- standard deviation: 0.05141
Best genome overview:
	- fitness: 0.26022
	- size (hid, conn): (1, 16)
	- genome id: 1803
	- belongs to specie: 1
Genetic distance:
	- Maximum: 3.107
	- Mean: 1.773
	- Minimum: 0.000
	- Standard deviation: 0.759

Population of 128 members in 6 species:
	 SID    age    size    fitness    adj fit    stag 
	=====  =====  ======  =========  =========  ======
	  1     17      19      0.260      0.626      5   
	  2     17      20      0.195      0.526      5   
	  3     17      22      0.200      0.474      5   
	  4     17      21      0.222      0.610      5   
	  5     17      23      0.229      0.663      5   
	  6     16      23      0.226      0.636      5   

Generation time: 161.104 sec  (160.270 average)
Population 'distance_2' saved! Current generation: 18
Sample chosen: [909, 990, 248, 233, 636, 329, 976, 243, 407, 534]

********** Running generation 18 **********

Full population's fitness overview:
	-       best fitness: 0.27651
	-       mean fitness: 0.21604
	-      worst fitness: 0.06322
	- standard deviation: 0.05805
Best genome overview:
	- fitness: 0.27651
	- size (hid, conn): (0, 15)
	- genome id: 2023
	- belongs to specie: 3
Genetic distance:
	- Maximum: 3.257
	- Mean: 1.817
	- Minimum: 0.000
	- Standard deviation: 0.761

Population of 129 members in 6 species:
	 SID    age    size    fitness    adj fit    stag 
	=====  =====  ======  =========  =========  ======
	  1     18      21      0.257      0.749      6   
	  2     18      22      0.260      0.583      6   
	  3     18      20      0.277      0.650      6   
	  4     18      23      0.263      0.818      6   
	  5     18      20      0.260      0.730      6   
	  6     17      23      0.273      0.764      6   

Generation time: 162.189 sec  (160.301 average)
Population 'distance_2' saved! Current generation: 19
Sample chosen: [548, 107, 768, 742, 106, 232, 661, 626, 229, 568]

********** Running generation 19 **********

Full population's fitness overview:
	-       best fitness: 0.22305
	-       mean fitness: 0.15061
	-      worst fitness: 0.02836
	- standard deviation: 0.04253
Best genome overview:
	- fitness: 0.22305
	- size (hid, conn): (0, 15)
	- genome id: 2049
	- belongs to specie: 3
Genetic distance:
	- Maximum: 3.271
	- Mean: 1.838
	- Minimum: 0.008
	- Standard deviation: 0.716

Population of 129 members in 6 species:
	 SID    age    size    fitness    adj fit    stag 
	=====  =====  ======  =========  =========  ======
	  1     19      24      0.207      0.639      7   
	  2     19      22      0.200      0.497      7   
	  3     19      17      0.223      0.687      7   
	  4     19      24      0.213      0.714      7   
	  5     19      20      0.220      0.630      7   
	  6     18      22      0.176      0.604      7   

Generation time: 162.774 sec  (160.939 average)
Population 'distance_2' saved! Current generation: 20
Sample chosen: [381, 992, 416, 562, 212, 199, 607, 823, 886, 569]

********** Running generation 20 **********

Full population's fitness overview:
	-       best fitness: 0.20017
	-       mean fitness: 0.10926
	-      worst fitness: 0.01695
	- standard deviation: 0.03799
Best genome overview:
	- fitness: 0.20017
	- size (hid, conn): (1, 15)
	- genome id: 2222
	- belongs to specie: 1
Genetic distance:
	- Maximum: 3.309
	- Mean: 1.818
	- Minimum: 0.000
	- Standard deviation: 0.654

Population of 129 members in 6 species:
	 SID    age    size    fitness    adj fit    stag 
	=====  =====  ======  =========  =========  ======
	  1     20      23      0.200      0.653      8   
	  2     20      11      0.173      0.472      8   
	  3     20      2       0.139      0.525      8   
	  4     20      21      0.180      0.415      8   
	  5     20      49      0.147      0.542      8   
	  6     19      23      0.123      0.418      8   

Generation time: 163.743 sec  (160.996 average)
Population 'distance_2' saved! Current generation: 21
Sample chosen: [945, 916, 181, 8, 426, 716, 190, 747, 44, 975]

********** Running generation 21 **********

Full population's fitness overview:
	-       best fitness: 0.30351
	-       mean fitness: 0.20686
	-      worst fitness: 0.06419
	- standard deviation: 0.05798
Best genome overview:
	- fitness: 0.30351
	- size (hid, conn): (0, 15)
	- genome id: 2338
	- belongs to specie: 5
Genetic distance:
	- Maximum: 3.141
	- Mean: 1.695
	- Minimum: 0.000
	- Standard deviation: 0.696

Population of 128 members in 6 species:
	 SID    age    size    fitness    adj fit    stag 
	=====  =====  ======  =========  =========  ======
	  1     21      21      0.297      0.509      9   
	  2     21      16      0.235      0.545      9   
	  3     21      11      0.192      0.518      9   
	  4     21      22      0.298      0.604      9   
	  5     21      33      0.304      0.627      9   
	  6     20      25      0.275      0.641      9   

Generation time: 166.502 sec  (161.451 average)
Population 'distance_2' saved! Current generation: 22
Sample chosen: [276, 915, 28, 694, 489, 176, 435, 2, 550, 890]

********** Running generation 22 **********

Full population's fitness overview:
	-       best fitness: 0.22910
	-       mean fitness: 0.15154
	-      worst fitness: 0.04430
	- standard deviation: 0.04037
Best genome overview:
	- fitness: 0.22910
	- size (hid, conn): (0, 13)
	- genome id: 2425
	- belongs to specie: 1
Genetic distance:
	- Maximum: 2.927
	- Mean: 1.718
	- Minimum: 0.000
	- Standard deviation: 0.660

Population of 128 members in 6 species:
	 SID    age    size    fitness    adj fit    stag 
	=====  =====  ======  =========  =========  ======
	  1     22      21      0.229      0.671      10  
	  2     22      17      0.210      0.501      10  
	  3     22      16      0.159      0.496      10  
	  4     22      23      0.207      0.622      10  
	  5     22      27      0.191      0.543      10  
	  6     21      24      0.204      0.605      10  

Generation time: 164.260 sec  (162.785 average)
Population 'distance_2' saved! Current generation: 23
Sample chosen: [936, 908, 467, 882, 475, 585, 241, 37, 92, 210]

********** Running generation 23 **********

Full population's fitness overview:
	-       best fitness: 0.38834
	-       mean fitness: 0.26256
	-      worst fitness: 0.06656
	- standard deviation: 0.09689
Best genome overview:
	- fitness: 0.38834
	- size (hid, conn): (2, 18)
	- genome id: 2529
	- belongs to specie: 4
Genetic distance:
	- Maximum: 2.890
	- Mean: 1.696
	- Minimum: 0.006
	- Standard deviation: 0.673

Population of 127 members in 6 species:
	 SID    age    size    fitness    adj fit    stag 
	=====  =====  ======  =========  =========  ======
	  1     23      23      0.365      0.705      11  
	  2     23      14      0.211      0.305      11  
	  3     23      21      0.352      0.636      11  
	  4     23      21      0.388      0.687      11  
	  5     23      24      0.349      0.570      11  
	  6     22      24      0.339      0.692      11  

Generation time: 160.653 sec  (162.766 average)
Population 'distance_2' saved! Current generation: 24
Sample chosen: [56, 937, 166, 170, 683, 839, 462, 28, 982, 931]

********** Running generation 24 **********

Full population's fitness overview:
	-       best fitness: 0.28579
	-       mean fitness: 0.19396
	-      worst fitness: 0.03081
	- standard deviation: 0.08071
Best genome overview:
	- fitness: 0.28579
	- size (hid, conn): (0, 12)
	- genome id: 2532
	- belongs to specie: 6
Genetic distance:
	- Maximum: 2.973
	- Mean: 1.727
	- Minimum: 0.000
	- Standard deviation: 0.679

Population of 127 members in 6 species:
	 SID    age    size    fitness    adj fit    stag 
	=====  =====  ======  =========  =========  ======
	  1     24      25      0.260      0.716      12  
	  2     24      15      0.202      0.358      12  
	  3     24      21      0.247      0.598      12  
	  4     24      21      0.285      0.692      12  
	  5     24      24      0.255      0.687      12  
	  6     23      21      0.286      0.674      12  

Generation time: 155.803 sec  (162.014 average)
Population 'distance_2' saved! Current generation: 25
Sample chosen: [262, 611, 819, 803, 334, 219, 483, 47, 111, 272]

********** Running generation 25 **********

Full population's fitness overview:
	-       best fitness: 0.24795
	-       mean fitness: 0.12290
	-      worst fitness: 0.03737
	- standard deviation: 0.04248
Best genome overview:
	- fitness: 0.24795
	- size (hid, conn): (0, 16)
	- genome id: 2499
	- belongs to specie: 2
Genetic distance:
	- Maximum: 2.848
	- Mean: 1.712
	- Minimum: 0.000
	- Standard deviation: 0.701

Population of 128 members in 6 species:
	 SID    age    size    fitness    adj fit    stag 
	=====  =====  ======  =========  =========  ======
	  1     25      24      0.222      0.452      13  
	  2     25      21      0.248      0.516      13  
	  3     25      18      0.129      0.279      13  
	  4     25      24      0.226      0.512      13  
	  5     25      22      0.132      0.366      13  
	  6     24      19      0.161      0.340      13  

Generation time: 161.682 sec  (162.089 average)
Population 'distance_2' saved! Current generation: 26
Sample chosen: [910, 128, 994, 963, 722, 563, 236, 187, 876, 850]

********** Running generation 26 **********

Full population's fitness overview:
	-       best fitness: 0.38560
	-       mean fitness: 0.24015
	-      worst fitness: 0.06286
	- standard deviation: 0.07631
Best genome overview:
	- fitness: 0.38560
	- size (hid, conn): (1, 16)
	- genome id: 2501
	- belongs to specie: 2
Genetic distance:
	- Maximum: 3.171
	- Mean: 1.739
	- Minimum: 0.000
	- Standard deviation: 0.703

Population of 128 members in 6 species:
	 SID    age    size    fitness    adj fit    stag 
	=====  =====  ======  =========  =========  ======
	  1     26      25      0.348      0.679      14  
	  2     26      19      0.386      0.588      14  
	  3     26      18      0.254      0.303      14  
	  4     26      24      0.359      0.618      14  
	  5     26      21      0.279      0.490      14  
	  6     25      21      0.306      0.559      14  

Generation time: 160.182 sec  (161.889 average)
Population 'distance_2' saved! Current generation: 27
Sample chosen: [215, 184, 431, 368, 917, 772, 928, 740, 235, 739]

********** Running generation 27 **********

Full population's fitness overview:
	-       best fitness: 0.32469
	-       mean fitness: 0.19876
	-      worst fitness: 0.05175
	- standard deviation: 0.06415
Best genome overview:
	- fitness: 0.32469
	- size (hid, conn): (1, 16)
	- genome id: 2726
	- belongs to specie: 4

Species 5 with 21 members is stagnated (fitness: 0.24708417714584466): removing it

Species 6 with 21 members is stagnated (fitness: 0.22138191383897343): removing it

Species 3 with 18 members is stagnated (fitness: 0.17327089551984567): removing it
Genetic distance:
	- Maximum: 2.576
	- Mean: 1.253
	- Minimum: 0.000
	- Standard deviation: 0.729

Population of 128 members in 3 species:
	 SID    age    size    fitness    adj fit    stag 
	=====  =====  ======  =========  =========  ======
	  1     27      47      0.319      0.653      15  
	  2     27      41      0.310      0.547      15  
	  4     27      40      0.325      0.582      15  

Generation time: 161.623 sec  (161.941 average)
Population 'distance_2' saved! Current generation: 28
Sample chosen: [782, 259, 282, 274, 789, 383, 547, 981, 407, 77]

********** Running generation 28 **********

Full population's fitness overview:
	-       best fitness: 0.38008
	-       mean fitness: 0.25550
	-      worst fitness: 0.05194
	- standard deviation: 0.06694
Best genome overview:
	- fitness: 0.38008
	- size (hid, conn): (0, 15)
	- genome id: 3123
	- belongs to specie: 2
Genetic distance:
	- Maximum: 2.535
	- Mean: 1.259
	- Minimum: 0.000
	- Standard deviation: 0.719

Population of 128 members in 3 species:
	 SID    age    size    fitness    adj fit    stag 
	=====  =====  ======  =========  =========  ======
	  1     28      45      0.311      0.618      16  
	  2     28      40      0.380      0.569      16  
	  4     28      43      0.331      0.676      16  

Generation time: 154.964 sec  (161.219 average)
Population 'distance_2' saved! Current generation: 29
Sample chosen: [41, 576, 19, 31, 914, 9, 287, 972, 732, 279]

********** Running generation 29 **********

Full population's fitness overview:
	-       best fitness: 0.24728
	-       mean fitness: 0.17123
	-      worst fitness: 0.02914
	- standard deviation: 0.05532
Best genome overview:
	- fitness: 0.24728
	- size (hid, conn): (1, 12)
	- genome id: 3205
	- belongs to specie: 1
Genetic distance:
	- Maximum: 2.773
	- Mean: 1.327
	- Minimum: 0.000
	- Standard deviation: 0.751

Population of 128 members in 3 species:
	 SID    age    size    fitness    adj fit    stag 
	=====  =====  ======  =========  =========  ======
	  1     29      43      0.247      0.638      17  
	  2     29      41      0.235      0.628      17  
	  4     29      44      0.231      0.687      17  

Generation time: 164.147 sec  (161.356 average)
Population 'distance_2' saved! Current generation: 30
Sample chosen: [113, 514, 104, 524, 681, 176, 511, 188, 415, 168]

********** Running generation 30 **********

Full population's fitness overview:
	-       best fitness: 0.35480
	-       mean fitness: 0.19045
	-      worst fitness: 0.04198
	- standard deviation: 0.08208
Best genome overview:
	- fitness: 0.35480
	- size (hid, conn): (1, 15)
	- genome id: 3348
	- belongs to specie: 4
Genetic distance:
	- Maximum: 2.796
	- Mean: 1.343
	- Minimum: 0.000
	- Standard deviation: 0.681

Population of 129 members in 3 species:
	 SID    age    size    fitness    adj fit    stag 
	=====  =====  ======  =========  =========  ======
	  1     30      45      0.277      0.514      18  
	  2     30      34      0.235      0.289      18  
	  4     30      50      0.355      0.609      18  

Generation time: 161.498 sec  (161.132 average)
Population 'distance_2' saved! Current generation: 31
Sample chosen: [770, 740, 510, 705, 117, 76, 866, 155, 8, 668]

********** Running generation 31 **********

Full population's fitness overview:
	-       best fitness: 0.38090
	-       mean fitness: 0.23767
	-      worst fitness: 0.05346
	- standard deviation: 0.06837
Best genome overview:
	- fitness: 0.38090
	- size (hid, conn): (1, 16)
	- genome id: 3396
	- belongs to specie: 4

Species 2 with 34 members is stagnated (fitness: 0.314335557102733): removing it
Genetic distance:
	- Maximum: 2.194
	- Mean: 1.092
	- Minimum: 0.004
	- Standard deviation: 0.676

Population of 128 members in 2 species:
	 SID    age    size    fitness    adj fit    stag 
	=====  =====  ======  =========  =========  ======
	  1     31      66      0.354      0.601      19  
	  4     31      62      0.381      0.584      19  

Generation time: 167.424 sec  (161.224 average)
Population 'distance_2' saved! Current generation: 32
Sample chosen: [952, 664, 529, 98, 434, 45, 287, 599, 105, 374]

********** Running generation 32 **********

Full population's fitness overview:
	-       best fitness: 0.49678
	-       mean fitness: 0.26947
	-      worst fitness: 0.05319
	- standard deviation: 0.10394
Best genome overview:
	- fitness: 0.49678
	- size (hid, conn): (0, 10)
	- genome id: 3552
	- belongs to specie: 1
Genetic distance:
	- Maximum: 2.484
	- Mean: 1.121
	- Minimum: 0.010
	- Standard deviation: 0.665

Population of 128 members in 2 species:
	 SID    age    size    fitness    adj fit    stag 
	=====  =====  ======  =========  =========  ======
	  1     32      62      0.497      0.448      20  
	  4     32      66      0.413      0.530      20  

Generation time: 159.413 sec  (160.739 average)
Population 'distance_2' saved! Current generation: 33
Sample chosen: [188, 200, 488, 88, 402, 372, 58, 496, 904, 53]

********** Running generation 33 **********

Full population's fitness overview:
	-       best fitness: 0.53781
	-       mean fitness: 0.30380
	-      worst fitness: 0.05253
	- standard deviation: 0.14043
Best genome overview:
	- fitness: 0.53781
	- size (hid, conn): (1, 13)
	- genome id: 3410
	- belongs to specie: 1
Genetic distance:
	- Maximum: 2.474
	- Mean: 1.197
	- Minimum: 0.009
	- Standard deviation: 0.656

Population of 128 members in 2 species:
	 SID    age    size    fitness    adj fit    stag 
	=====  =====  ======  =========  =========  ======
	  1     33      61      0.538      0.541      0   
	  4     33      67      0.493      0.496      21  

Generation time: 155.411 sec  (160.215 average)
Population 'distance_2' saved! Current generation: 34
Sample chosen: [178, 902, 622, 815, 847, 105, 8, 614, 782, 341]

********** Running generation 34 **********

Full population's fitness overview:
	-       best fitness: 0.47679
	-       mean fitness: 0.30096
	-      worst fitness: 0.08819
	- standard deviation: 0.09087
Best genome overview:
	- fitness: 0.47679
	- size (hid, conn): (2, 16)
	- genome id: 3537
	- belongs to specie: 4
Genetic distance:
	- Maximum: 2.512
	- Mean: 1.253
	- Minimum: 0.036
	- Standard deviation: 0.657

Population of 128 members in 2 species:
	 SID    age    size    fitness    adj fit    stag 
	=====  =====  ======  =========  =========  ======
	  1     34      64      0.434      0.571      1   
	  4     34      64      0.477      0.526      22  

Generation time: 166.569 sec  (161.291 average)
Population 'distance_2' saved! Current generation: 35
Sample chosen: [16, 440, 504, 591, 901, 778, 810, 922, 176, 893]

********** Running generation 35 **********

Full population's fitness overview:
	-       best fitness: 0.41441
	-       mean fitness: 0.31224
	-      worst fitness: 0.07473
	- standard deviation: 0.07487
Best genome overview:
	- fitness: 0.41441
	- size (hid, conn): (1, 11)
	- genome id: 3914
	- belongs to specie: 1
Genetic distance:
	- Maximum: 2.655
	- Mean: 1.372
	- Minimum: 0.054
	- Standard deviation: 0.642

Population of 128 members in 2 species:
	 SID    age    size    fitness    adj fit    stag 
	=====  =====  ======  =========  =========  ======
	  1     35      65      0.414      0.714      2   
	  4     35      63      0.380      0.684      23  

Generation time: 165.171 sec  (161.640 average)
Population 'distance_2' saved! Current generation: 36
Sample chosen: [226, 818, 337, 511, 198, 683, 493, 924, 190, 812]

********** Running generation 36 **********

Full population's fitness overview:
	-       best fitness: 0.48177
	-       mean fitness: 0.28658
	-      worst fitness: 0.05372
	- standard deviation: 0.09704
Best genome overview:
	- fitness: 0.48177
	- size (hid, conn): (3, 17)
	- genome id: 4061
	- belongs to specie: 4
Genetic distance:
	- Maximum: 2.513
	- Mean: 1.381
	- Minimum: 0.034
	- Standard deviation: 0.647

Population of 128 members in 2 species:
	 SID    age    size    fitness    adj fit    stag 
	=====  =====  ======  =========  =========  ======
	  1     36      61      0.399      0.491      3   
	  4     36      67      0.482      0.599      24  

Generation time: 157.809 sec  (161.403 average)
Population 'distance_2' saved! Current generation: 37
Sample chosen: [382, 465, 279, 355, 397, 26, 848, 208, 342, 503]

********** Running generation 37 **********

Full population's fitness overview:
	-       best fitness: 0.23156
	-       mean fitness: 0.14955
	-      worst fitness: 0.01703
	- standard deviation: 0.04985
Best genome overview:
	- fitness: 0.23156
	- size (hid, conn): (2, 13)
	- genome id: 4086
	- belongs to specie: 4
Genetic distance:
	- Maximum: 2.688
	- Mean: 1.392
	- Minimum: 0.000
	- Standard deviation: 0.638

Population of 128 members in 2 species:
	 SID    age    size    fitness    adj fit    stag 
	=====  =====  ======  =========  =========  ======
	  1     37      63      0.221      0.575      4   
	  4     37      65      0.232      0.657      25  

Generation time: 163.191 sec  (161.560 average)
Population 'distance_2' saved! Current generation: 38
Sample chosen: [817, 766, 217, 971, 153, 972, 131, 685, 288, 32]

********** Running generation 38 **********

Full population's fitness overview:
	-       best fitness: 0.33597
	-       mean fitness: 0.22902
	-      worst fitness: 0.02833
	- standard deviation: 0.08972
Best genome overview:
	- fitness: 0.33597
	- size (hid, conn): (1, 11)
	- genome id: 4269
	- belongs to specie: 1
Genetic distance:
	- Maximum: 2.773
	- Mean: 1.414
	- Minimum: 0.006
	- Standard deviation: 0.707

Population of 128 members in 2 species:
	 SID    age    size    fitness    adj fit    stag 
	=====  =====  ======  =========  =========  ======
	  1     38      61      0.336      0.601      5   
	  4     38      67      0.325      0.702      26  

Generation time: 165.208 sec  (162.584 average)
Population 'distance_2' saved! Current generation: 39
Sample chosen: [622, 482, 762, 123, 90, 420, 912, 787, 282, 941]

********** Running generation 39 **********

Full population's fitness overview:
	-       best fitness: 0.36454
	-       mean fitness: 0.23944
	-      worst fitness: 0.05202
	- standard deviation: 0.08567
Best genome overview:
	- fitness: 0.36454
	- size (hid, conn): (1, 11)
	- genome id: 4338
	- belongs to specie: 1
Genetic distance:
	- Maximum: 2.745
	- Mean: 1.440
	- Minimum: 0.000
	- Standard deviation: 0.636

Population of 128 members in 2 species:
	 SID    age    size    fitness    adj fit    stag 
	=====  =====  ======  =========  =========  ======
	  1     39      58      0.365      0.579      6   
	  4     39      70      0.347      0.619      27  

Generation time: 163.418 sec  (162.511 average)
Population 'distance_2' saved! Current generation: 40
Sample chosen: [966, 496, 95, 335, 804, 273, 708, 774, 519, 726]

********** Running generation 40 **********

Full population's fitness overview:
	-       best fitness: 0.30771
	-       mean fitness: 0.21736
	-      worst fitness: 0.05475
	- standard deviation: 0.07206
Best genome overview:
	- fitness: 0.30771
	- size (hid, conn): (1, 12)
	- genome id: 4437
	- belongs to specie: 1
Genetic distance:
	- Maximum: 2.803
	- Mean: 1.424
	- Minimum: 0.047
	- Standard deviation: 0.692

Population of 128 members in 2 species:
	 SID    age    size    fitness    adj fit    stag 
	=====  =====  ======  =========  =========  ======
	  1     40      58      0.308      0.648      7   
	  4     40      70      0.303      0.638      28  

Generation time: 164.610 sec  (162.822 average)
Population 'distance_2' saved! Current generation: 41
Sample chosen: [188, 133, 263, 279, 928, 714, 976, 768, 856, 782]

********** Running generation 41 **********

Full population's fitness overview:
	-       best fitness: 0.37974
	-       mean fitness: 0.23589
	-      worst fitness: 0.05719
	- standard deviation: 0.09246
Best genome overview:
	- fitness: 0.37974
	- size (hid, conn): (3, 17)
	- genome id: 4656
	- belongs to specie: 4
Genetic distance:
	- Maximum: 2.720
	- Mean: 1.414
	- Minimum: 0.041
	- Standard deviation: 0.692

Population of 128 members in 2 species:
	 SID    age    size    fitness    adj fit    stag 
	=====  =====  ======  =========  =========  ======
	  1     41      62      0.330      0.574      8   
	  4     41      66      0.380      0.537      29  

Generation time: 164.035 sec  (162.483 average)
Population 'distance_2' saved! Current generation: 42
Sample chosen: [125, 659, 442, 711, 523, 157, 217, 874, 596, 999]

********** Running generation 42 **********

Full population's fitness overview:
	-       best fitness: 0.25805
	-       mean fitness: 0.18708
	-      worst fitness: 0.05310
	- standard deviation: 0.05127
Best genome overview:
	- fitness: 0.25805
	- size (hid, conn): (3, 19)
	- genome id: 4684
	- belongs to specie: 4
Genetic distance:
	- Maximum: 2.846
	- Mean: 1.419
	- Minimum: 0.029
	- Standard deviation: 0.754

Population of 128 members in 2 species:
	 SID    age    size    fitness    adj fit    stag 
	=====  =====  ======  =========  =========  ======
	  1     42      66      0.251      0.658      9   
	  4     42      62      0.258      0.650      30  

Generation time: 162.467 sec  (162.789 average)
Population 'distance_2' saved! Current generation: 43
Sample chosen: [812, 632, 345, 435, 529, 337, 461, 286, 983, 502]

********** Running generation 43 **********

Full population's fitness overview:
	-       best fitness: 0.32618
	-       mean fitness: 0.20696
	-      worst fitness: 0.07632
	- standard deviation: 0.05255
Best genome overview:
	- fitness: 0.32618
	- size (hid, conn): (2, 14)
	- genome id: 4864
	- belongs to specie: 1
Genetic distance:
	- Maximum: 2.834
	- Mean: 1.543
	- Minimum: 0.008
	- Standard deviation: 0.730

Population of 128 members in 2 species:
	 SID    age    size    fitness    adj fit    stag 
	=====  =====  ======  =========  =========  ======
	  1     43      63      0.326      0.492      10  
	  4     43      65      0.273      0.556      31  

Generation time: 167.337 sec  (163.981 average)
Population 'distance_2' saved! Current generation: 44
Sample chosen: [578, 182, 841, 719, 346, 681, 898, 94, 13, 582]

********** Running generation 44 **********

Full population's fitness overview:
	-       best fitness: 0.41262
	-       mean fitness: 0.25699
	-      worst fitness: 0.06507
	- standard deviation: 0.06950
Best genome overview:
	- fitness: 0.41262
	- size (hid, conn): (3, 15)
	- genome id: 4963
	- belongs to specie: 1
Genetic distance:
	- Maximum: 2.784
	- Mean: 1.505
	- Minimum: 0.019
	- Standard deviation: 0.687

Population of 128 members in 2 species:
	 SID    age    size    fitness    adj fit    stag 
	=====  =====  ======  =========  =========  ======
	  1     44      60      0.413      0.551      11  
	  4     44      68      0.351      0.554      32  

Generation time: 163.313 sec  (163.656 average)
Population 'distance_2' saved! Current generation: 45
Sample chosen: [786, 769, 779, 34, 806, 146, 597, 575, 695, 141]

********** Running generation 45 **********

Full population's fitness overview:
	-       best fitness: 0.42184
	-       mean fitness: 0.29565
	-      worst fitness: 0.06323
	- standard deviation: 0.08758
Best genome overview:
	- fitness: 0.42184
	- size (hid, conn): (2, 15)
	- genome id: 5050
	- belongs to specie: 1
Genetic distance:
	- Maximum: 2.369
	- Mean: 1.490
	- Minimum: 0.081
	- Standard deviation: 0.628

Population of 128 members in 2 species:
	 SID    age    size    fitness    adj fit    stag 
	=====  =====  ======  =========  =========  ======
	  1     45      58      0.422      0.623      12  
	  4     45      70      0.397      0.670      33  

Generation time: 162.840 sec  (163.423 average)
Population 'distance_2' saved! Current generation: 46
Sample chosen: [862, 699, 69, 140, 54, 100, 639, 546, 525, 932]

********** Running generation 46 **********

Full population's fitness overview:
	-       best fitness: 0.44191
	-       mean fitness: 0.16062
	-      worst fitness: 0.05392
	- standard deviation: 0.05975
Best genome overview:
	- fitness: 0.44191
	- size (hid, conn): (3, 16)
	- genome id: 5068
	- belongs to specie: 1
Genetic distance:
	- Maximum: 2.416
	- Mean: 1.579
	- Minimum: 0.012
	- Standard deviation: 0.577

Population of 128 members in 2 species:
	 SID    age    size    fitness    adj fit    stag 
	=====  =====  ======  =========  =========  ======
	  1     46      60      0.442      0.294      13  
	  4     46      68      0.421      0.259      34  

Generation time: 165.524 sec  (164.194 average)
Population 'distance_2' saved! Current generation: 47
Sample chosen: [222, 747, 495, 327, 934, 795, 417, 634, 504, 89]

********** Running generation 47 **********

Full population's fitness overview:
	-       best fitness: 0.48011
	-       mean fitness: 0.20259
	-      worst fitness: 0.06564
	- standard deviation: 0.08669
Best genome overview:
	- fitness: 0.48011
	- size (hid, conn): (3, 16)
	- genome id: 5301
	- belongs to specie: 1
Genetic distance:
	- Maximum: 2.359
	- Mean: 1.606
	- Minimum: 0.025
	- Standard deviation: 0.552

Population of 126 members in 2 species:
	 SID    age    size    fitness    adj fit    stag 
	=====  =====  ======  =========  =========  ======
	  1     47      61      0.480      0.357      14  
	  4     47      65      0.345      0.307      35  

Generation time: 165.694 sec  (164.445 average)
Population 'distance_2' saved! Current generation: 48
Sample chosen: [946, 232, 598, 418, 43, 460, 525, 942, 561, 727]

********** Running generation 48 **********

Full population's fitness overview:
	-       best fitness: 0.42352
	-       mean fitness: 0.21814
	-      worst fitness: 0.06302
	- standard deviation: 0.07271
Best genome overview:
	- fitness: 0.42352
	- size (hid, conn): (3, 16)
	- genome id: 5301
	- belongs to specie: 1
Genetic distance:
	- Maximum: 2.450
	- Mean: 1.622
	- Minimum: 0.044
	- Standard deviation: 0.553

Population of 128 members in 2 species:
	 SID    age    size    fitness    adj fit    stag 
	=====  =====  ======  =========  =========  ======
	  1     48      64      0.424      0.468      15  
	  4     48      64      0.417      0.395      36  

Generation time: 163.086 sec  (164.232 average)
Population 'distance_2' saved! Current generation: 49
Sample chosen: [591, 570, 28, 416, 747, 95, 468, 183, 515, 454]

********** Running generation 49 **********

Full population's fitness overview:
	-       best fitness: 0.42521
	-       mean fitness: 0.22574
	-      worst fitness: 0.03127
	- standard deviation: 0.10947
Best genome overview:
	- fitness: 0.42521
	- size (hid, conn): (5, 23)
	- genome id: 5584
	- belongs to specie: 4
Genetic distance:
	- Maximum: 2.940
	- Mean: 1.577
	- Minimum: 0.034
	- Standard deviation: 0.711

Population of 128 members in 2 species:
	 SID    age    size    fitness    adj fit    stag 
	=====  =====  ======  =========  =========  ======
	  1     49      65      0.423      0.501      16  
	  4     49      63      0.425      0.486      37  

Generation time: 158.424 sec  (163.733 average)
Population 'distance_2' saved! Current generation: 50
Sample chosen: [99, 190, 411, 381, 127, 76, 213, 30, 462, 452]

********** Running generation 50 **********

Full population's fitness overview:
	-       best fitness: 0.43094
	-       mean fitness: 0.17875
	-      worst fitness: 0.04527
	- standard deviation: 0.08918
Best genome overview:
	- fitness: 0.43094
	- size (hid, conn): (2, 14)
	- genome id: 5555
	- belongs to specie: 1
Genetic distance:
	- Maximum: 2.998
	- Mean: 1.747
	- Minimum: 0.004
	- Standard deviation: 0.820

Population of 128 members in 2 species:
	 SID    age    size    fitness    adj fit    stag 
	=====  =====  ======  =========  =========  ======
	  1     50      68      0.431      0.381      17  
	  4     50      60      0.373      0.310      38  

Generation time: 161.889 sec  (163.461 average)
Population 'distance_2' saved! Current generation: 51
Sample chosen: [654, 639, 117, 854, 449, 533, 290, 930, 980, 279]

********** Running generation 51 **********

Full population's fitness overview:
	-       best fitness: 0.51686
	-       mean fitness: 0.19322
	-      worst fitness: 0.02905
	- standard deviation: 0.11543
Best genome overview:
	- fitness: 0.51686
	- size (hid, conn): (3, 16)
	- genome id: 5774
	- belongs to specie: 1
Genetic distance:
	- Maximum: 3.067
	- Mean: 1.726
	- Minimum: 0.096
	- Standard deviation: 0.915

Population of 128 members in 2 species:
	 SID    age    size    fitness    adj fit    stag 
	=====  =====  ======  =========  =========  ======
	  1     51      65      0.517      0.357      18  
	  4     51      63      0.355      0.313      39  

Generation time: 162.277 sec  (163.285 average)
Population 'distance_2' saved! Current generation: 52
Sample chosen: [893, 266, 517, 848, 362, 909, 457, 744, 950, 951]

********** Running generation 52 **********

Full population's fitness overview:
	-       best fitness: 0.55594
	-       mean fitness: 0.29709
	-      worst fitness: 0.04076
	- standard deviation: 0.14138
Best genome overview:
	- fitness: 0.55594
	- size (hid, conn): (4, 16)
	- genome id: 5901
	- belongs to specie: 1
Genetic distance:
	- Maximum: 3.175
	- Mean: 1.732
	- Minimum: 0.111
	- Standard deviation: 0.986

Population of 128 members in 2 species:
	 SID    age    size    fitness    adj fit    stag 
	=====  =====  ======  =========  =========  ======
	  1     52      64      0.556      0.534      0   
	  4     52      64      0.502      0.460      0   

Generation time: 162.062 sec  (163.245 average)
Population 'distance_2' saved! Current generation: 53
Sample chosen: [339, 956, 919, 303, 289, 683, 511, 293, 197, 258]

********** Running generation 53 **********

Full population's fitness overview:
	-       best fitness: 0.60341
	-       mean fitness: 0.26307
	-      worst fitness: 0.06693
	- standard deviation: 0.11335
Best genome overview:
	- fitness: 0.60341
	- size (hid, conn): (3, 17)
	- genome id: 6018
	- belongs to specie: 1
Genetic distance:
	- Maximum: 3.063
	- Mean: 1.734
	- Minimum: 0.008
	- Standard deviation: 1.040

Population of 128 members in 2 species:
	 SID    age    size    fitness    adj fit    stag 
	=====  =====  ======  =========  =========  ======
	  1     53      63      0.603      0.392      0   
	  4     53      65      0.380      0.339      1   

Generation time: 162.412 sec  (162.752 average)
Population 'distance_2' saved! Current generation: 54
Sample chosen: [535, 33, 581, 165, 74, 655, 209, 554, 955, 287]

********** Running generation 54 **********

Full population's fitness overview:
	-       best fitness: 0.68615
	-       mean fitness: 0.31640
	-      worst fitness: 0.05144
	- standard deviation: 0.14956
Best genome overview:
	- fitness: 0.68615
	- size (hid, conn): (3, 16)
	- genome id: 6120
	- belongs to specie: 1
Genetic distance:
	- Maximum: 3.100
	- Mean: 1.764
	- Minimum: 0.000
	- Standard deviation: 1.050

Population of 128 members in 2 species:
	 SID    age    size    fitness    adj fit    stag 
	=====  =====  ======  =========  =========  ======
	  1     54      55      0.686      0.342      0   
	  4     54      73      0.561      0.491      0   

Generation time: 158.172 sec  (162.238 average)
Population 'distance_2' saved! Current generation: 55
Sample chosen: [112, 463, 542, 69, 416, 931, 630, 837, 993, 418]

********** Running generation 55 **********

Full population's fitness overview:
	-       best fitness: 0.47786
	-       mean fitness: 0.24753
	-      worst fitness: 0.02952
	- standard deviation: 0.12481
Best genome overview:
	- fitness: 0.47786
	- size (hid, conn): (4, 19)
	- genome id: 6291
	- belongs to specie: 4
Genetic distance:
	- Maximum: 3.082
	- Mean: 1.759
	- Minimum: 0.032
	- Standard deviation: 1.032

Population of 128 members in 2 species:
	 SID    age    size    fitness    adj fit    stag 
	=====  =====  ======  =========  =========  ======
	  1     55      62      0.475      0.534      1   
	  4     55      66      0.478      0.450      1   

Generation time: 159.551 sec  (161.909 average)
Population 'distance_2' saved! Current generation: 56
Sample chosen: [427, 391, 127, 512, 683, 883, 342, 554, 504, 523]

********** Running generation 56 **********

Full population's fitness overview:
	-       best fitness: 0.56470
	-       mean fitness: 0.31855
	-      worst fitness: 0.08880
	- standard deviation: 0.12547
Best genome overview:
	- fitness: 0.56470
	- size (hid, conn): (4, 21)
	- genome id: 6349
	- belongs to specie: 4
Genetic distance:
	- Maximum: 2.979
	- Mean: 1.739
	- Minimum: 0.000
	- Standard deviation: 1.013

Population of 127 members in 2 species:
	 SID    age    size    fitness    adj fit    stag 
	=====  =====  ======  =========  =========  ======
	  1     56      58      0.440      0.372      2   
	  4     56      69      0.565      0.587      0   

Generation time: 159.898 sec  (161.347 average)
Population 'distance_2' saved! Current generation: 57
Sample chosen: [510, 445, 457, 150, 552, 360, 609, 842, 867, 261]

********** Running generation 57 **********

Full population's fitness overview:
	-       best fitness: 0.55031
	-       mean fitness: 0.24081
	-      worst fitness: 0.05325
	- standard deviation: 0.11965
Best genome overview:
	- fitness: 0.55031
	- size (hid, conn): (3, 18)
	- genome id: 6526
	- belongs to specie: 1
Genetic distance:
	- Maximum: 3.036
	- Mean: 1.702
	- Minimum: 0.007
	- Standard deviation: 1.069

Population of 128 members in 2 species:
	 SID    age    size    fitness    adj fit    stag 
	=====  =====  ======  =========  =========  ======
	  1     57      63      0.550      0.402      3   
	  4     57      65      0.435      0.356      1   

Generation time: 161.687 sec  (160.946 average)
Population 'distance_2' saved! Current generation: 58
Sample chosen: [207, 408, 192, 615, 84, 999, 380, 734, 898, 79]

********** Running generation 58 **********

Full population's fitness overview:
	-       best fitness: 0.64529
	-       mean fitness: 0.30973
	-      worst fitness: 0.08737
	- standard deviation: 0.13082
Best genome overview:
	- fitness: 0.64529
	- size (hid, conn): (1, 11)
	- genome id: 6585
	- belongs to specie: 1
Genetic distance:
	- Maximum: 3.050
	- Mean: 1.685
	- Minimum: 0.020
	- Standard deviation: 1.049

Population of 128 members in 2 species:
	 SID    age    size    fitness    adj fit    stag 
	=====  =====  ======  =========  =========  ======
	  1     58      62      0.645      0.413      4   
	  4     58      66      0.501      0.385      2   

Generation time: 158.902 sec  (160.527 average)
Population 'distance_2' saved! Current generation: 59
Sample chosen: [416, 329, 781, 825, 686, 66, 780, 862, 411, 202]

********** Running generation 59 **********

Full population's fitness overview:
	-       best fitness: 0.57957
	-       mean fitness: 0.23997
	-      worst fitness: 0.06376
	- standard deviation: 0.10937
Best genome overview:
	- fitness: 0.57957
	- size (hid, conn): (1, 11)
	- genome id: 6703
	- belongs to specie: 1
Genetic distance:
	- Maximum: 2.983
	- Mean: 1.624
	- Minimum: 0.059
	- Standard deviation: 1.061

Population of 128 members in 2 species:
	 SID    age    size    fitness    adj fit    stag 
	=====  =====  ======  =========  =========  ======
	  1     59      60      0.580      0.340      5   
	  4     59      68      0.436      0.343      3   

Generation time: 163.013 sec  (160.986 average)
Population 'distance_2' saved! Current generation: 60
Sample chosen: [713, 530, 138, 839, 854, 443, 484, 565, 707, 137]

********** Running generation 60 **********

Full population's fitness overview:
	-       best fitness: 0.45366
	-       mean fitness: 0.19072
	-      worst fitness: 0.02875
	- standard deviation: 0.10083
Best genome overview:
	- fitness: 0.45366
	- size (hid, conn): (1, 11)
	- genome id: 6843
	- belongs to specie: 1
Genetic distance:
	- Maximum: 3.111
	- Mean: 1.748
	- Minimum: 0.000
	- Standard deviation: 0.964

Population of 128 members in 2 species:
	 SID    age    size    fitness    adj fit    stag 
	=====  =====  ======  =========  =========  ======
	  1     60      64      0.454      0.439      6   
	  4     60      64      0.404      0.330      4   

Generation time: 162.139 sec  (161.011 average)
Population 'distance_2' saved! Current generation: 61
Sample chosen: [568, 668, 750, 262, 996, 701, 991, 976, 84, 135]

********** Running generation 61 **********

Full population's fitness overview:
	-       best fitness: 0.45488
	-       mean fitness: 0.20198
	-      worst fitness: 0.02980
	- standard deviation: 0.10676
Best genome overview:
	- fitness: 0.45488
	- size (hid, conn): (3, 18)
	- genome id: 6927
	- belongs to specie: 4
Genetic distance:
	- Maximum: 2.886
	- Mean: 1.725
	- Minimum: 0.000
	- Standard deviation: 0.918

Population of 128 members in 2 species:
	 SID    age    size    fitness    adj fit    stag 
	=====  =====  ======  =========  =========  ======
	  1     61      60      0.400      0.349      7   
	  4     61      68      0.455      0.461      5   

Generation time: 163.460 sec  (161.130 average)
Population 'distance_2' saved! Current generation: 62
Sample chosen: [222, 146, 757, 947, 516, 498, 533, 280, 527, 52]

********** Running generation 62 **********

Full population's fitness overview:
	-       best fitness: 0.53444
	-       mean fitness: 0.21603
	-      worst fitness: 0.04047
	- standard deviation: 0.12212
Best genome overview:
	- fitness: 0.53444
	- size (hid, conn): (1, 12)
	- genome id: 6976
	- belongs to specie: 1
Genetic distance:
	- Maximum: 2.997
	- Mean: 1.732
	- Minimum: 0.000
	- Standard deviation: 0.901

Population of 128 members in 2 species:
	 SID    age    size    fitness    adj fit    stag 
	=====  =====  ======  =========  =========  ======
	  1     62      59      0.534      0.318      8   
	  4     62      69      0.526      0.389      6   

Generation time: 165.202 sec  (161.444 average)
Population 'distance_2' saved! Current generation: 63
Sample chosen: [416, 64, 603, 852, 959, 185, 502, 175, 779, 135]

********** Running generation 63 **********

Full population's fitness overview:
	-       best fitness: 0.66811
	-       mean fitness: 0.25206
	-      worst fitness: 0.04098
	- standard deviation: 0.15155
Best genome overview:
	- fitness: 0.66811
	- size (hid, conn): (3, 19)
	- genome id: 7292
	- belongs to specie: 4
Genetic distance:
	- Maximum: 2.939
	- Mean: 1.731
	- Minimum: 0.000
	- Standard deviation: 0.941

Population of 128 members in 2 species:
	 SID    age    size    fitness    adj fit    stag 
	=====  =====  ======  =========  =========  ======
	  1     63      63      0.534      0.353      9   
	  4     63      65      0.668      0.322      0   

Generation time: 161.212 sec  (161.324 average)
Population 'distance_2' saved! Current generation: 64
Sample chosen: [145, 536, 877, 182, 882, 734, 976, 148, 228, 863]

********** Running generation 64 **********

Full population's fitness overview:
	-       best fitness: 0.51042
	-       mean fitness: 0.27441
	-      worst fitness: 0.05025
	- standard deviation: 0.10292
Best genome overview:
	- fitness: 0.51042
	- size (hid, conn): (3, 18)
	- genome id: 7248
	- belongs to specie: 4
Genetic distance:
	- Maximum: 2.854
	- Mean: 1.621
	- Minimum: 0.000
	- Standard deviation: 1.008

Population of 127 members in 2 species:
	 SID    age    size    fitness    adj fit    stag 
	=====  =====  ======  =========  =========  ======
	  1     64      63      0.426      0.456      10  
	  4     64      64      0.510      0.518      1   

Generation time: 159.184 sec  (161.425 average)
Population 'distance_2' saved! Current generation: 65
Sample chosen: [555, 888, 635, 192, 475, 382, 730, 232, 215, 918]

********** Running generation 65 **********

Full population's fitness overview:
	-       best fitness: 0.51170
	-       mean fitness: 0.25578
	-      worst fitness: 0.06499
	- standard deviation: 0.12956
Best genome overview:
	- fitness: 0.51170
	- size (hid, conn): (3, 18)
	- genome id: 7448
	- belongs to specie: 4
Genetic distance:
	- Maximum: 2.863
	- Mean: 1.601
	- Minimum: 0.018
	- Standard deviation: 1.013

Population of 127 members in 2 species:
	 SID    age    size    fitness    adj fit    stag 
	=====  =====  ======  =========  =========  ======
	  1     65      70      0.467      0.486      11  
	  4     65      57      0.512      0.370      2   

Generation time: 159.750 sec  (161.445 average)
Population 'distance_2' saved! Current generation: 66
Sample chosen: [601, 659, 613, 520, 998, 527, 561, 57, 443, 642]

********** Running generation 66 **********

Full population's fitness overview:
	-       best fitness: 0.60165
	-       mean fitness: 0.30938
	-      worst fitness: 0.08746
	- standard deviation: 0.14111
Best genome overview:
	- fitness: 0.60165
	- size (hid, conn): (3, 18)
	- genome id: 7448
	- belongs to specie: 4
Genetic distance:
	- Maximum: 2.876
	- Mean: 1.667
	- Minimum: 0.000
	- Standard deviation: 0.973

Population of 127 members in 2 species:
	 SID    age    size    fitness    adj fit    stag 
	=====  =====  ======  =========  =========  ======
	  1     66      64      0.545      0.376      12  
	  4     66      63      0.602      0.500      3   

Generation time: 157.586 sec  (161.214 average)
Population 'distance_2' saved! Current generation: 67
Sample chosen: [31, 641, 345, 715, 556, 634, 901, 414, 649, 59]

********** Running generation 67 **********

Full population's fitness overview:
	-       best fitness: 0.69530
	-       mean fitness: 0.20917
	-      worst fitness: 0.01804
	- standard deviation: 0.11927
Best genome overview:
	- fitness: 0.69530
	- size (hid, conn): (3, 18)
	- genome id: 7673
	- belongs to specie: 4
Genetic distance:
	- Maximum: 2.894
	- Mean: 1.714
	- Minimum: 0.000
	- Standard deviation: 0.899

Population of 127 members in 2 species:
	 SID    age    size    fitness    adj fit    stag 
	=====  =====  ======  =========  =========  ======
	  1     67      62      0.433      0.244      13  
	  4     67      65      0.695      0.321      0   

Generation time: 162.638 sec  (161.309 average)
Population 'distance_2' saved! Current generation: 68
Sample chosen: [79, 589, 870, 433, 835, 462, 566, 922, 66, 580]

********** Running generation 68 **********

Full population's fitness overview:
	-       best fitness: 0.56384
	-       mean fitness: 0.22454
	-      worst fitness: 0.04107
	- standard deviation: 0.12845
Best genome overview:
	- fitness: 0.56384
	- size (hid, conn): (3, 17)
	- genome id: 7816
	- belongs to specie: 4
Genetic distance:
	- Maximum: 3.075
	- Mean: 1.749
	- Minimum: 0.000
	- Standard deviation: 0.877

Population of 128 members in 2 species:
	 SID    age    size    fitness    adj fit    stag 
	=====  =====  ======  =========  =========  ======
	  1     68      65      0.424      0.334      14  
	  4     68      63      0.564      0.367      1   

Generation time: 160.551 sec  (161.474 average)
Population 'distance_2' saved! Current generation: 69
Sample chosen: [947, 206, 382, 733, 116, 579, 389, 121, 492, 114]

********** Running generation 69 **********

Full population's fitness overview:
	-       best fitness: 0.63615
	-       mean fitness: 0.25873
	-      worst fitness: 0.04013
	- standard deviation: 0.12551
Best genome overview:
	- fitness: 0.63615
	- size (hid, conn): (3, 18)
	- genome id: 7907
	- belongs to specie: 4
Genetic distance:
	- Maximum: 3.171
	- Mean: 1.743
	- Minimum: 0.024
	- Standard deviation: 0.940

Population of 128 members in 2 species:
	 SID    age    size    fitness    adj fit    stag 
	=====  =====  ======  =========  =========  ======
	  1     69      60      0.327      0.286      15  
	  4     69      68      0.636      0.450      2   

Generation time: 153.981 sec  (160.571 average)
Population 'distance_2' saved! Current generation: 70
Sample chosen: [221, 177, 291, 507, 718, 969, 850, 661, 857, 779]

********** Running generation 70 **********

Full population's fitness overview:
	-       best fitness: 0.71905
	-       mean fitness: 0.35508
	-      worst fitness: 0.07722
	- standard deviation: 0.17277
Best genome overview:
	- fitness: 0.71905
	- size (hid, conn): (3, 17)
	- genome id: 8014
	- belongs to specie: 4
Genetic distance:
	- Maximum: 3.124
	- Mean: 1.705
	- Minimum: 0.013
	- Standard deviation: 1.039

Population of 127 members in 2 species:
	 SID    age    size    fitness    adj fit    stag 
	=====  =====  ======  =========  =========  ======
	  1     70      56      0.583      0.319      16  
	  4     70      71      0.719      0.533      0   

Generation time: 156.369 sec  (159.994 average)
Population 'distance_2' saved! Current generation: 71
Sample chosen: [434, 18, 738, 522, 783, 879, 454, 884, 966, 703]

********** Running generation 71 **********

Full population's fitness overview:
	-       best fitness: 0.48733
	-       mean fitness: 0.26007
	-      worst fitness: 0.05294
	- standard deviation: 0.11703
Best genome overview:
	- fitness: 0.48733
	- size (hid, conn): (3, 17)
	- genome id: 8170
	- belongs to specie: 4
Genetic distance:
	- Maximum: 3.197
	- Mean: 1.719
	- Minimum: 0.062
	- Standard deviation: 0.986

Population of 128 members in 2 species:
	 SID    age    size    fitness    adj fit    stag 
	=====  =====  ======  =========  =========  ======
	  1     71      61      0.477      0.437      17  
	  4     71      67      0.487      0.508      1   

Generation time: 161.124 sec  (159.760 average)
Population 'distance_2' saved! Current generation: 72
Sample chosen: [506, 845, 372, 451, 711, 639, 185, 396, 820, 600]

********** Running generation 72 **********

Full population's fitness overview:
	-       best fitness: 0.62109
	-       mean fitness: 0.27545
	-      worst fitness: 0.02902
	- standard deviation: 0.17517
Best genome overview:
	- fitness: 0.62109
	- size (hid, conn): (3, 18)
	- genome id: 8284
	- belongs to specie: 4
Genetic distance:
	- Maximum: 3.199
	- Mean: 1.729
	- Minimum: 0.323
	- Standard deviation: 0.937

Population of 128 members in 2 species:
	 SID    age    size    fitness    adj fit    stag 
	=====  =====  ======  =========  =========  ======
	  1     72      62      0.579      0.365      18  
	  4     72      66      0.621      0.462      2   

Generation time: 159.042 sec  (159.144 average)
Population 'distance_2' saved! Current generation: 73
Sample chosen: [936, 693, 623, 503, 382, 817, 516, 939, 677, 735]

********** Running generation 73 **********

Full population's fitness overview:
	-       best fitness: 0.66384
	-       mean fitness: 0.24694
	-      worst fitness: 0.04172
	- standard deviation: 0.17750
Best genome overview:
	- fitness: 0.66384
	- size (hid, conn): (4, 18)
	- genome id: 8370
	- belongs to specie: 4
Genetic distance:
	- Maximum: 3.251
	- Mean: 1.689
	- Minimum: 0.168
	- Standard deviation: 0.911

Population of 128 members in 2 species:
	 SID    age    size    fitness    adj fit    stag 
	=====  =====  ======  =========  =========  ======
	  1     73      57      0.503      0.236      19  
	  4     73      71      0.664      0.418      3   

Generation time: 160.814 sec  (159.104 average)
Population 'distance_2' saved! Current generation: 74
Sample chosen: [845, 143, 608, 19, 801, 733, 367, 795, 221, 27]

********** Running generation 74 **********

Full population's fitness overview:
	-       best fitness: 0.67612
	-       mean fitness: 0.30133
	-      worst fitness: 0.03101
	- standard deviation: 0.17694
Best genome overview:
	- fitness: 0.67612
	- size (hid, conn): (4, 18)
	- genome id: 8370
	- belongs to specie: 4
Genetic distance:
	- Maximum: 3.191
	- Mean: 1.587
	- Minimum: 0.007
	- Standard deviation: 0.862

Population of 128 members in 2 species:
	 SID    age    size    fitness    adj fit    stag 
	=====  =====  ======  =========  =========  ======
	  1     74      52      0.480      0.260      20  
	  4     74      76      0.676      0.547      4   

Generation time: 159.913 sec  (159.177 average)
Population 'distance_2' saved! Current generation: 75
Sample chosen: [944, 866, 961, 310, 411, 713, 357, 135, 436, 529]

********** Running generation 75 **********

Full population's fitness overview:
	-       best fitness: 0.65553
	-       mean fitness: 0.26086
	-      worst fitness: 0.05400
	- standard deviation: 0.15229
Best genome overview:
	- fitness: 0.65553
	- size (hid, conn): (3, 17)
	- genome id: 8649
	- belongs to specie: 4
Genetic distance:
	- Maximum: 3.173
	- Mean: 1.519
	- Minimum: 0.010
	- Standard deviation: 0.835

Population of 127 members in 2 species:
	 SID    age    size    fitness    adj fit    stag 
	=====  =====  ======  =========  =========  ======
	  1     75      49      0.395      0.207      21  
	  4     75      78      0.656      0.438      5   

Generation time: 161.445 sec  (159.346 average)
Population 'distance_2' saved! Current generation: 76
Sample chosen: [95, 150, 253, 905, 794, 569, 970, 370, 405, 148]

********** Running generation 76 **********

Full population's fitness overview:
	-       best fitness: 0.61504
	-       mean fitness: 0.27985
	-      worst fitness: 0.05501
	- standard deviation: 0.16274
Best genome overview:
	- fitness: 0.61504
	- size (hid, conn): (4, 21)
	- genome id: 8782
	- belongs to specie: 4
Genetic distance:
	- Maximum: 2.976
	- Mean: 1.480
	- Minimum: 0.000
	- Standard deviation: 0.819

Population of 125 members in 2 species:
	 SID    age    size    fitness    adj fit    stag 
	=====  =====  ======  =========  =========  ======
	  1     76      49      0.391      0.286      22  
	  4     76      76      0.615      0.474      6   

Generation time: 158.410 sec  (159.429 average)
Population 'distance_2' saved! Current generation: 77
Sample chosen: [547, 23, 560, 655, 910, 572, 816, 749, 863, 142]

********** Running generation 77 **********

Full population's fitness overview:
	-       best fitness: 0.74300
	-       mean fitness: 0.32697
	-      worst fitness: 0.07611
	- standard deviation: 0.15792
Best genome overview:
	- fitness: 0.74300
	- size (hid, conn): (3, 17)
	- genome id: 8851
	- belongs to specie: 4
Genetic distance:
	- Maximum: 3.061
	- Mean: 1.447
	- Minimum: 0.000
	- Standard deviation: 0.875

Population of 128 members in 2 species:
	 SID    age    size    fitness    adj fit    stag 
	=====  =====  ======  =========  =========  ======
	  1     77      51      0.545      0.258      23  
	  4     77      77      0.743      0.452      0   

Generation time: 154.638 sec  (158.629 average)
Population 'distance_2' saved! Current generation: 78
Sample chosen: [682, 537, 951, 913, 27, 621, 177, 654, 190, 22]

********** Running generation 78 **********

Full population's fitness overview:
	-       best fitness: 0.62664
	-       mean fitness: 0.23678
	-      worst fitness: 0.05220
	- standard deviation: 0.13806
Best genome overview:
	- fitness: 0.62664
	- size (hid, conn): (3, 17)
	- genome id: 8851
	- belongs to specie: 4
Genetic distance:
	- Maximum: 3.109
	- Mean: 1.506
	- Minimum: 0.008
	- Standard deviation: 0.863

Population of 127 members in 2 species:
	 SID    age    size    fitness    adj fit    stag 
	=====  =====  ======  =========  =========  ======
	  1     78      49      0.428      0.200      24  
	  4     78      78      0.627      0.402      1   

Generation time: 162.776 sec  (158.851 average)
Population 'distance_2' saved! Current generation: 79
Sample chosen: [180, 851, 453, 745, 211, 289, 962, 826, 197, 775]

********** Running generation 79 **********

Full population's fitness overview:
	-       best fitness: 0.55155
	-       mean fitness: 0.26528
	-      worst fitness: 0.06462
	- standard deviation: 0.13968
Best genome overview:
	- fitness: 0.55155
	- size (hid, conn): (3, 17)
	- genome id: 9098
	- belongs to specie: 4
Genetic distance:
	- Maximum: 2.931
	- Mean: 1.517
	- Minimum: 0.004
	- Standard deviation: 0.873

Population of 126 members in 2 species:
	 SID    age    size    fitness    adj fit    stag 
	=====  =====  ======  =========  =========  ======
	  1     79      55      0.510      0.377      25  
	  4     79      71      0.552      0.434      2   

Generation time: 158.309 sec  (159.284 average)
Population 'distance_2' saved! Current generation: 80
Sample chosen: [482, 741, 384, 330, 787, 639, 309, 726, 402, 351]

********** Running generation 80 **********

Full population's fitness overview:
	-       best fitness: 0.67097
	-       mean fitness: 0.25898
	-      worst fitness: 0.05277
	- standard deviation: 0.15264
Best genome overview:
	- fitness: 0.67097
	- size (hid, conn): (3, 17)
	- genome id: 9264
	- belongs to specie: 4
Genetic distance:
	- Maximum: 3.105
	- Mean: 1.522
	- Minimum: 0.000
	- Standard deviation: 0.880

Population of 128 members in 2 species:
	 SID    age    size    fitness    adj fit    stag 
	=====  =====  ======  =========  =========  ======
	  1     80      59      0.581      0.291      26  
	  4     80      69      0.671      0.367      3   

Generation time: 158.430 sec  (159.490 average)
Population 'distance_2' saved! Current generation: 81
Sample chosen: [959, 95, 801, 626, 169, 610, 144, 439, 380, 732]

********** Running generation 81 **********

Full population's fitness overview:
	-       best fitness: 0.56853
	-       mean fitness: 0.24434
	-      worst fitness: 0.02911
	- standard deviation: 0.16413
Best genome overview:
	- fitness: 0.56853
	- size (hid, conn): (4, 22)
	- genome id: 9345
	- belongs to specie: 4
Genetic distance:
	- Maximum: 2.950
	- Mean: 1.489
	- Minimum: 0.019
	- Standard deviation: 0.870

Population of 127 members in 2 species:
	 SID    age    size    fitness    adj fit    stag 
	=====  =====  ======  =========  =========  ======
	  1     81      52      0.505      0.251      27  
	  4     81      75      0.569      0.526      4   

Generation time: 160.660 sec  (159.444 average)
Population 'distance_2' saved! Current generation: 82
Sample chosen: [6, 834, 559, 383, 397, 882, 113, 297, 968, 706]

********** Running generation 82 **********

Full population's fitness overview:
	-       best fitness: 0.73959
	-       mean fitness: 0.30637
	-      worst fitness: 0.05369
	- standard deviation: 0.17375
Best genome overview:
	- fitness: 0.73959
	- size (hid, conn): (4, 22)
	- genome id: 9483
	- belongs to specie: 4
Genetic distance:
	- Maximum: 2.912
	- Mean: 1.499
	- Minimum: 0.011
	- Standard deviation: 0.846

Population of 127 members in 2 species:
	 SID    age    size    fitness    adj fit    stag 
	=====  =====  ======  =========  =========  ======
	  1     82      52      0.494      0.266      28  
	  4     82      75      0.740      0.439      5   

Generation time: 157.538 sec  (159.293 average)
Population 'distance_2' saved! Current generation: 83
Sample chosen: [483, 764, 396, 67, 576, 7, 94, 968, 255, 306]

********** Running generation 83 **********

Full population's fitness overview:
	-       best fitness: 0.66563
	-       mean fitness: 0.38997
	-      worst fitness: 0.06532
	- standard deviation: 0.15362
Best genome overview:
	- fitness: 0.66563
	- size (hid, conn): (2, 14)
	- genome id: 9558
	- belongs to specie: 4
Genetic distance:
	- Maximum: 2.826
	- Mean: 1.515
	- Minimum: 0.012
	- Standard deviation: 0.811

Population of 127 members in 2 species:
	 SID    age    size    fitness    adj fit    stag 
	=====  =====  ======  =========  =========  ======
	  1     83      57      0.591      0.488      29  
	  4     83      70      0.666      0.577      6   

Generation time: 155.546 sec  (158.767 average)
Population 'distance_2' saved! Current generation: 84
Sample chosen: [796, 936, 79, 12, 152, 693, 981, 563, 204, 566]

********** Running generation 84 **********

Full population's fitness overview:
	-       best fitness: 0.54581
	-       mean fitness: 0.29555
	-      worst fitness: 0.06645
	- standard deviation: 0.13819
Best genome overview:
	- fitness: 0.54581
	- size (hid, conn): (3, 17)
	- genome id: 9681
	- belongs to specie: 4
Genetic distance:
	- Maximum: 2.851
	- Mean: 1.515
	- Minimum: 0.003
	- Standard deviation: 0.795

Population of 128 members in 2 species:
	 SID    age    size    fitness    adj fit    stag 
	=====  =====  ======  =========  =========  ======
	  1     84      59      0.507      0.398      30  
	  4     84      69      0.546      0.543      7   

Generation time: 159.222 sec  (158.697 average)
Population 'distance_2' saved! Current generation: 85
Sample chosen: [626, 339, 738, 326, 90, 500, 269, 485, 917, 232]

********** Running generation 85 **********

Full population's fitness overview:
	-       best fitness: 0.52944
	-       mean fitness: 0.27207
	-      worst fitness: 0.05251
	- standard deviation: 0.13221
Best genome overview:
	- fitness: 0.52944
	- size (hid, conn): (4, 17)
	- genome id: 9839
	- belongs to specie: 4
Genetic distance:
	- Maximum: 2.887
	- Mean: 1.533
	- Minimum: 0.080
	- Standard deviation: 0.776

Population of 128 members in 2 species:
	 SID    age    size    fitness    adj fit    stag 
	=====  =====  ======  =========  =========  ======
	  1     85      63      0.509      0.438      31  
	  4     85      65      0.529      0.480      8   

Generation time: 162.322 sec  (158.785 average)
Population 'distance_2' saved! Current generation: 86
Sample chosen: [784, 184, 741, 859, 799, 593, 246, 273, 809, 459]

********** Running generation 86 **********

Full population's fitness overview:
	-       best fitness: 0.66842
	-       mean fitness: 0.24743
	-      worst fitness: 0.01729
	- standard deviation: 0.17497
Best genome overview:
	- fitness: 0.66842
	- size (hid, conn): (4, 17)
	- genome id: 9937
	- belongs to specie: 4
Genetic distance:
	- Maximum: 2.971
	- Mean: 1.555
	- Minimum: 0.001
	- Standard deviation: 0.765

Population of 128 members in 2 species:
	 SID    age    size    fitness    adj fit    stag 
	=====  =====  ======  =========  =========  ======
	  1     86      58      0.492      0.262      32  
	  4     86      70      0.668      0.442      9   

Generation time: 161.492 sec  (159.093 average)
Population 'distance_2' saved! Current generation: 87
Sample chosen: [710, 669, 782, 812, 667, 40, 342, 457, 920, 179]

********** Running generation 87 **********

Full population's fitness overview:
	-       best fitness: 0.74451
	-       mean fitness: 0.33689
	-      worst fitness: 0.05131
	- standard deviation: 0.21238
Best genome overview:
	- fitness: 0.74451
	- size (hid, conn): (3, 20)
	- genome id: 10097
	- belongs to specie: 4
Genetic distance:
	- Maximum: 2.940
	- Mean: 1.610
	- Minimum: 0.002
	- Standard deviation: 0.694

Population of 128 members in 2 species:
	 SID    age    size    fitness    adj fit    stag 
	=====  =====  ======  =========  =========  ======
	  1     87      50      0.403      0.219      33  
	  4     87      78      0.745      0.572      0   

Generation time: 155.268 sec  (159.156 average)
Population 'distance_2' saved! Current generation: 88
Sample chosen: [192, 448, 275, 6, 444, 528, 21, 315, 22, 573]

********** Running generation 88 **********

Full population's fitness overview:
	-       best fitness: 0.70592
	-       mean fitness: 0.31228
	-      worst fitness: 0.05216
	- standard deviation: 0.17168
Best genome overview:
	- fitness: 0.70592
	- size (hid, conn): (3, 16)
	- genome id: 10155
	- belongs to specie: 4
Genetic distance:
	- Maximum: 3.021
	- Mean: 1.632
	- Minimum: 0.049
	- Standard deviation: 0.681

Population of 128 members in 2 species:
	 SID    age    size    fitness    adj fit    stag 
	=====  =====  ======  =========  =========  ======
	  1     88      48      0.355      0.228      34  
	  4     88      80      0.706      0.507      1   

Generation time: 158.697 sec  (158.748 average)
Population 'distance_2' saved! Current generation: 89
Sample chosen: [755, 338, 842, 412, 503, 368, 759, 226, 989, 357]

********** Running generation 89 **********

Full population's fitness overview:
	-       best fitness: 0.78575
	-       mean fitness: 0.36314
	-      worst fitness: 0.06429
	- standard deviation: 0.21555
Best genome overview:
	- fitness: 0.78575
	- size (hid, conn): (3, 17)
	- genome id: 10205
	- belongs to specie: 4
Genetic distance:
	- Maximum: 2.822
	- Mean: 1.611
	- Minimum: 0.023
	- Standard deviation: 0.700

Population of 128 members in 2 species:
	 SID    age    size    fitness    adj fit    stag 
	=====  =====  ======  =========  =========  ======
	  1     89      50      0.450      0.273      35  
	  4     89      78      0.786      0.499      0   

Generation time: 155.573 sec  (158.475 average)
Population 'distance_2' saved! Current generation: 90
Sample chosen: [150, 913, 168, 235, 756, 876, 339, 415, 409, 551]

********** Running generation 90 **********

Full population's fitness overview:
	-       best fitness: 0.67387
	-       mean fitness: 0.27127
	-      worst fitness: 0.01906
	- standard deviation: 0.17626
Best genome overview:
	- fitness: 0.67387
	- size (hid, conn): (6, 24)
	- genome id: 10275
	- belongs to specie: 4
Genetic distance:
	- Maximum: 3.063
	- Mean: 1.609
	- Minimum: 0.029
	- Standard deviation: 0.715

Population of 128 members in 2 species:
	 SID    age    size    fitness    adj fit    stag 
	=====  =====  ======  =========  =========  ======
	  1     90      57      0.426      0.339      36  
	  4     90      71      0.674      0.415      1   

Generation time: 163.968 sec  (159.029 average)
Population 'distance_2' saved! Current generation: 91
Sample chosen: [328, 468, 80, 937, 166, 852, 354, 157, 179, 103]

********** Running generation 91 **********

Full population's fitness overview:
	-       best fitness: 0.78971
	-       mean fitness: 0.29679
	-      worst fitness: 0.03030
	- standard deviation: 0.21018
Best genome overview:
	- fitness: 0.78971
	- size (hid, conn): (3, 17)
	- genome id: 10524
	- belongs to specie: 4
Genetic distance:
	- Maximum: 2.555
	- Mean: 1.585
	- Minimum: 0.000
	- Standard deviation: 0.694

Population of 128 members in 2 species:
	 SID    age    size    fitness    adj fit    stag 
	=====  =====  ======  =========  =========  ======
	  1     91      53      0.380      0.223      37  
	  4     91      75      0.790      0.454      0   

Generation time: 158.988 sec  (158.861 average)
Population 'distance_2' saved! Current generation: 92
Sample chosen: [707, 442, 36, 751, 163, 206, 24, 55, 5, 300]

********** Running generation 92 **********

Full population's fitness overview:
	-       best fitness: 0.64818
	-       mean fitness: 0.29945
	-      worst fitness: 0.05251
	- standard deviation: 0.17718
Best genome overview:
	- fitness: 0.64818
	- size (hid, conn): (3, 15)
	- genome id: 10679
	- belongs to specie: 4
Genetic distance:
	- Maximum: 2.716
	- Mean: 1.563
	- Minimum: 0.000
	- Standard deviation: 0.691

Population of 127 members in 2 species:
	 SID    age    size    fitness    adj fit    stag 
	=====  =====  ======  =========  =========  ======
	  1     92      50      0.380      0.265      38  
	  4     92      77      0.648      0.520      1   

Generation time: 155.909 sec  (158.698 average)
Population 'distance_2' saved! Current generation: 93
Sample chosen: [127, 910, 236, 75, 118, 381, 775, 658, 492, 206]

********** Running generation 93 **********

Full population's fitness overview:
	-       best fitness: 0.76691
	-       mean fitness: 0.40009
	-      worst fitness: 0.07731
	- standard deviation: 0.19202
Best genome overview:
	- fitness: 0.76691
	- size (hid, conn): (3, 16)
	- genome id: 10770
	- belongs to specie: 4
Genetic distance:
	- Maximum: 2.488
	- Mean: 1.563
	- Minimum: 0.000
	- Standard deviation: 0.722

Population of 126 members in 2 species:
	 SID    age    size    fitness    adj fit    stag 
	=====  =====  ======  =========  =========  ======
	  1     93      52      0.594      0.360      39  
	  4     93      74      0.767      0.539      2   

Generation time: 148.915 sec  (158.035 average)
Population 'distance_2' saved! Current generation: 94
Sample chosen: [416, 751, 106, 134, 724, 42, 166, 353, 141, 582]

********** Running generation 94 **********

Full population's fitness overview:
	-       best fitness: 0.58788
	-       mean fitness: 0.25083
	-      worst fitness: 0.04187
	- standard deviation: 0.15377
Best genome overview:
	- fitness: 0.58788
	- size (hid, conn): (4, 19)
	- genome id: 10900
	- belongs to specie: 4
Genetic distance:
	- Maximum: 2.515
	- Mean: 1.530
	- Minimum: 0.000
	- Standard deviation: 0.778

Population of 127 members in 2 species:
	 SID    age    size    fitness    adj fit    stag 
	=====  =====  ======  =========  =========  ======
	  1     94      60      0.568      0.377      40  
	  4     94      67      0.588      0.387      3   

Generation time: 157.917 sec  (157.905 average)
Population 'distance_2' saved! Current generation: 95
Sample chosen: [650, 139, 72, 362, 793, 962, 551, 784, 488, 954]

********** Running generation 95 **********

Full population's fitness overview:
	-       best fitness: 0.72615
	-       mean fitness: 0.38144
	-      worst fitness: 0.04067
	- standard deviation: 0.18399
Best genome overview:
	- fitness: 0.72615
	- size (hid, conn): (4, 18)
	- genome id: 11004
	- belongs to specie: 4
Genetic distance:
	- Maximum: 2.539
	- Mean: 1.507
	- Minimum: 0.006
	- Standard deviation: 0.814

Population of 127 members in 2 species:
	 SID    age    size    fitness    adj fit    stag 
	=====  =====  ======  =========  =========  ======
	  1     95      64      0.606      0.490      41  
	  4     95      63      0.726      0.504      4   

Generation time: 151.037 sec  (156.776 average)
Population 'distance_2' saved! Current generation: 96
Sample chosen: [730, 447, 593, 978, 257, 359, 709, 741, 381, 886]

********** Running generation 96 **********

Full population's fitness overview:
	-       best fitness: 0.56436
	-       mean fitness: 0.22823
	-      worst fitness: 0.04203
	- standard deviation: 0.13874
Best genome overview:
	- fitness: 0.56436
	- size (hid, conn): (4, 19)
	- genome id: 11020
	- belongs to specie: 4
Genetic distance:
	- Maximum: 2.530
	- Mean: 1.531
	- Minimum: 0.006
	- Standard deviation: 0.782

Population of 128 members in 2 species:
	 SID    age    size    fitness    adj fit    stag 
	=====  =====  ======  =========  =========  ======
	  1     96      57      0.349      0.242      42  
	  4     96      71      0.564      0.473      5   

Generation time: 158.277 sec  (156.455 average)
Population 'distance_2' saved! Current generation: 97
Sample chosen: [355, 298, 442, 720, 598, 50, 769, 820, 158, 881]

********** Running generation 97 **********

Full population's fitness overview:
	-       best fitness: 0.62042
	-       mean fitness: 0.25644
	-      worst fitness: 0.02947
	- standard deviation: 0.14662
Best genome overview:
	- fitness: 0.62042
	- size (hid, conn): (0, 9)
	- genome id: 10722
	- belongs to specie: 1
Genetic distance:
	- Maximum: 2.558
	- Mean: 1.418
	- Minimum: 0.023
	- Standard deviation: 0.861

Population of 128 members in 2 species:
	 SID    age    size    fitness    adj fit    stag 
	=====  =====  ======  =========  =========  ======
	  1     97      63      0.620      0.415      43  
	  4     97      65      0.523      0.359      6   

Generation time: 160.100 sec  (156.938 average)
Population 'distance_2' saved! Current generation: 98
Sample chosen: [784, 536, 644, 771, 626, 214, 638, 263, 110, 23]

********** Running generation 98 **********

Full population's fitness overview:
	-       best fitness: 0.72086
	-       mean fitness: 0.28514
	-      worst fitness: 0.07658
	- standard deviation: 0.18592
Best genome overview:
	- fitness: 0.72086
	- size (hid, conn): (4, 19)
	- genome id: 11423
	- belongs to specie: 4
Genetic distance:
	- Maximum: 2.456
	- Mean: 1.327
	- Minimum: 0.000
	- Standard deviation: 0.807

Population of 128 members in 2 species:
	 SID    age    size    fitness    adj fit    stag 
	=====  =====  ======  =========  =========  ======
	  1     98      45      0.368      0.140      44  
	  4     98      83      0.721      0.502      7   

Generation time: 160.423 sec  (157.111 average)
Population 'distance_2' saved! Current generation: 99
Sample chosen: [15, 887, 141, 597, 914, 900, 553, 537, 973, 26]

********** Running generation 99 **********

Full population's fitness overview:
	-       best fitness: 0.66521
	-       mean fitness: 0.26549
	-      worst fitness: 0.02631
	- standard deviation: 0.18218
Best genome overview:
	- fitness: 0.66521
	- size (hid, conn): (5, 20)
	- genome id: 11535
	- belongs to specie: 4
Genetic distance:
	- Maximum: 2.379
	- Mean: 1.296
	- Minimum: 0.000
	- Standard deviation: 0.818

Population of 128 members in 2 species:
	 SID    age    size    fitness    adj fit    stag 
	=====  =====  ======  =========  =========  ======
	  1     99      42      0.370      0.173      45  
	  4     99      86      0.665      0.483      8   

Generation time: 163.983 sec  (157.952 average)
Population 'distance_2' saved! Current generation: 100

===> CREATING BLUEPRINTS <===

Creating blueprints for games: [1, 2, 3, 4, 5]

===> CREATING TRACES <===

Creating traces for games: [1, 2, 3, 4, 5]

===> EVALUATING <===

