Population 'distance_repr_5' saved! Current generation: 0

===> RUNNING FOR THE FOLLOWING CONFIGURATION: <===
	> fitness: distance
	> gru_enabled: True
	> sexual_reproduction: True
	> Saving under folder: NEAT-GRU
	> Train: True (100 iterations)
	> Create blueprints: True
	> Create traces: True


===> TRAINING <===

Sample chosen: [340, 634, 824, 382, 661, 998, 407, 377, 709, 80]

********** Running generation 0 **********

Full population's fitness overview:
	-       best fitness: 0.22395
	-       mean fitness: 0.04833
	-      worst fitness: 0.02618
	- standard deviation: 0.03091
Best genome overview:
	- fitness: 0.22395
	- size (hid, conn): (0, 16)
	- genome id: 110
	- belongs to specie: 2
Genetic distance:
	- Maximum: 2.999
	- Mean: 1.924
	- Minimum: 0.002
	- Standard deviation: 0.471

Population of 127 members in 4 species:
	 specie    age    size    fitness    adj fit    stag 
	========  =====  ======  =========  =========  ======
	   1        0      34      0.140      0.127      0   
	   2        0      40      0.224      0.104      0   
	   3        0      30      0.091      0.082      0   
	   4        0      23       --         --        0   

Generation time: 181.137 sec
Population 'distance_repr_5' saved! Current generation: 1
Sample chosen: [810, 125, 952, 590, 285, 691, 309, 334, 185, 908]

********** Running generation 1 **********

Full population's fitness overview:
	-       best fitness: 0.27353
	-       mean fitness: 0.14499
	-      worst fitness: 0.05437
	- standard deviation: 0.05471
Best genome overview:
	- fitness: 0.27353
	- size (hid, conn): (0, 16)
	- genome id: 219
	- belongs to specie: 3
Genetic distance:
	- Maximum: 2.898
	- Mean: 1.804
	- Minimum: 0.000
	- Standard deviation: 0.589

Population of 129 members in 4 species:
	 specie    age    size    fitness    adj fit    stag 
	========  =====  ======  =========  =========  ======
	   1        1      26      0.270      0.520      0   
	   2        1      49      0.225      0.421      0   
	   3        1      26      0.274      0.345      0   
	   4        1      28      0.260      0.334      0   

Generation time: 191.454 sec  (186.296 average)
Population 'distance_repr_5' saved! Current generation: 2
Sample chosen: [132, 458, 986, 282, 220, 228, 407, 317, 450, 624]

********** Running generation 2 **********

Full population's fitness overview:
	-       best fitness: 0.34981
	-       mean fitness: 0.18048
	-      worst fitness: 0.04012
	- standard deviation: 0.09250
Best genome overview:
	- fitness: 0.34981
	- size (hid, conn): (0, 16)
	- genome id: 274
	- belongs to specie: 1
Genetic distance:
	- Maximum: 3.069
	- Mean: 1.766
	- Minimum: 0.000
	- Standard deviation: 0.591

Population of 128 members in 4 species:
	 specie    age    size    fitness    adj fit    stag 
	========  =====  ======  =========  =========  ======
	   1        2      32      0.350      0.489      0   
	   2        2      39      0.326      0.468      0   
	   3        2      23      0.248      0.279      1   
	   4        2      34      0.309      0.557      0   

Generation time: 184.973 sec  (185.855 average)
Population 'distance_repr_5' saved! Current generation: 3
Sample chosen: [196, 350, 497, 975, 537, 21, 361, 161, 181, 343]

********** Running generation 3 **********

Full population's fitness overview:
	-       best fitness: 0.26228
	-       mean fitness: 0.15318
	-      worst fitness: 0.04202
	- standard deviation: 0.05877
Best genome overview:
	- fitness: 0.26228
	- size (hid, conn): (0, 16)
	- genome id: 375
	- belongs to specie: 1
Genetic distance:
	- Maximum: 3.029
	- Mean: 1.601
	- Minimum: 0.000
	- Standard deviation: 0.738

Population of 127 members in 4 species:
	 specie    age    size    fitness    adj fit    stag 
	========  =====  ======  =========  =========  ======
	   1        3      27      0.262      0.497      1   
	   2        3      47      0.239      0.536      1   
	   3        3      22      0.208      0.462      2   
	   4        3      31      0.224      0.506      1   

Generation time: 194.680 sec  (188.061 average)
Population 'distance_repr_5' saved! Current generation: 4
Sample chosen: [577, 950, 395, 740, 802, 189, 632, 911, 508, 517]

********** Running generation 4 **********

Full population's fitness overview:
	-       best fitness: 0.19859
	-       mean fitness: 0.12386
	-      worst fitness: 0.02864
	- standard deviation: 0.05230
Best genome overview:
	- fitness: 0.19859
	- size (hid, conn): (0, 16)
	- genome id: 274
	- belongs to specie: 1
Genetic distance:
	- Maximum: 2.971
	- Mean: 1.590
	- Minimum: 0.000
	- Standard deviation: 0.769

Population of 125 members in 4 species:
	 specie    age    size    fitness    adj fit    stag 
	========  =====  ======  =========  =========  ======
	   1        4      24      0.199      0.431      2   
	   2        4      42      0.187      0.615      2   
	   3        4      24      0.179      0.446      3   
	   4        4      35      0.184      0.671      2   

Generation time: 197.529 sec  (189.955 average)
Population 'distance_repr_5' saved! Current generation: 5
Sample chosen: [579, 146, 192, 469, 333, 675, 560, 484, 251, 220]

********** Running generation 5 **********

Full population's fitness overview:
	-       best fitness: 0.32111
	-       mean fitness: 0.17059
	-      worst fitness: 0.04253
	- standard deviation: 0.06951
Best genome overview:
	- fitness: 0.32111
	- size (hid, conn): (0, 16)
	- genome id: 602
	- belongs to specie: 1
Genetic distance:
	- Maximum: 2.750
	- Mean: 1.500
	- Minimum: 0.000
	- Standard deviation: 0.825

Population of 125 members in 4 species:
	 specie    age    size    fitness    adj fit    stag 
	========  =====  ======  =========  =========  ======
	   1        5      27      0.321      0.541      3   
	   2        5      32      0.254      0.457      3   
	   3        5      31      0.250      0.344      4   
	   4        5      35      0.252      0.487      3   

Generation time: 190.505 sec  (190.047 average)
Population 'distance_repr_5' saved! Current generation: 6
Sample chosen: [868, 765, 593, 449, 138, 260, 404, 375, 498, 933]

********** Running generation 6 **********

Full population's fitness overview:
	-       best fitness: 0.20547
	-       mean fitness: 0.12545
	-      worst fitness: 0.04025
	- standard deviation: 0.04657
Best genome overview:
	- fitness: 0.20547
	- size (hid, conn): (0, 16)
	- genome id: 723
	- belongs to specie: 1
Genetic distance:
	- Maximum: 2.720
	- Mean: 1.388
	- Minimum: 0.000
	- Standard deviation: 0.869

Population of 128 members in 4 species:
	 specie    age    size    fitness    adj fit    stag 
	========  =====  ======  =========  =========  ======
	   1        6      31      0.205      0.584      4   
	   2        6      30      0.191      0.521      4   
	   3        6      32      0.167      0.417      5   
	   4        6      35      0.172      0.545      4   

Generation time: 196.322 sec  (190.943 average)
Population 'distance_repr_5' saved! Current generation: 7
Sample chosen: [515, 626, 5, 487, 188, 443, 684, 248, 707, 249]

********** Running generation 7 **********

Full population's fitness overview:
	-       best fitness: 0.44373
	-       mean fitness: 0.29598
	-      worst fitness: 0.06372
	- standard deviation: 0.10810
Best genome overview:
	- fitness: 0.44373
	- size (hid, conn): (0, 15)
	- genome id: 828
	- belongs to specie: 1
Genetic distance:
	- Maximum: 2.664
	- Mean: 1.347
	- Minimum: 0.000
	- Standard deviation: 0.870

Population of 128 members in 4 species:
	 specie    age    size    fitness    adj fit    stag 
	========  =====  ======  =========  =========  ======
	   1        7      32      0.444      0.743      0   
	   2        7      31      0.432      0.605      0   
	   3        7      34      0.420      0.583      0   
	   4        7      31      0.337      0.526      0   

Generation time: 183.169 sec  (189.971 average)
Population 'distance_repr_5' saved! Current generation: 8
Sample chosen: [130, 862, 428, 823, 260, 709, 165, 392, 805, 403]

********** Running generation 8 **********

Full population's fitness overview:
	-       best fitness: 0.34251
	-       mean fitness: 0.17459
	-      worst fitness: 0.04060
	- standard deviation: 0.06368
Best genome overview:
	- fitness: 0.34251
	- size (hid, conn): (0, 15)
	- genome id: 931
	- belongs to specie: 1
Genetic distance:
	- Maximum: 2.698
	- Mean: 1.365
	- Minimum: 0.000
	- Standard deviation: 0.904

Population of 127 members in 4 species:
	 specie    age    size    fitness    adj fit    stag 
	========  =====  ======  =========  =========  ======
	   1        8      30      0.343      0.461      1   
	   2        8      30      0.233      0.411      1   
	   3        8      33      0.219      0.455      1   
	   4        8      34      0.215      0.447      1   

Generation time: 198.355 sec  (190.903 average)
Population 'distance_repr_5' saved! Current generation: 9
Sample chosen: [540, 823, 465, 225, 255, 36, 119, 649, 233, 81]

********** Running generation 9 **********

Full population's fitness overview:
	-       best fitness: 0.27546
	-       mean fitness: 0.17469
	-      worst fitness: 0.04066
	- standard deviation: 0.05103
Best genome overview:
	- fitness: 0.27546
	- size (hid, conn): (0, 14)
	- genome id: 1057
	- belongs to specie: 1
Genetic distance:
	- Maximum: 2.818
	- Mean: 1.379
	- Minimum: 0.012
	- Standard deviation: 0.885

Population of 127 members in 4 species:
	 specie    age    size    fitness    adj fit    stag 
	========  =====  ======  =========  =========  ======
	   1        9      33      0.275      0.567      2   
	   2        9      26      0.225      0.580      2   
	   3        9      32      0.220      0.542      2   
	   4        9      36      0.206      0.594      2   

Generation time: 200.096 sec  (191.822 average)
Population 'distance_repr_5' saved! Current generation: 10
Sample chosen: [258, 320, 486, 380, 10, 777, 666, 719, 231, 655]

********** Running generation 10 **********

Full population's fitness overview:
	-       best fitness: 0.37758
	-       mean fitness: 0.22880
	-      worst fitness: 0.05125
	- standard deviation: 0.08958
Best genome overview:
	- fitness: 0.37758
	- size (hid, conn): (0, 14)
	- genome id: 1057
	- belongs to specie: 1
Genetic distance:
	- Maximum: 2.875
	- Mean: 1.371
	- Minimum: 0.000
	- Standard deviation: 0.873

Population of 127 members in 4 species:
	 specie    age    size    fitness    adj fit    stag 
	========  =====  ======  =========  =========  ======
	   1       10      28      0.378      0.561      3   
	   2       10      32      0.329      0.583      3   
	   3       10      31      0.325      0.515      3   
	   4       10      36      0.317      0.526      3   

Generation time: 191.804 sec  (192.889 average)
Population 'distance_repr_5' saved! Current generation: 11
Sample chosen: [40, 157, 452, 518, 307, 743, 488, 590, 877, 591]

********** Running generation 11 **********

Full population's fitness overview:
	-       best fitness: 0.33069
	-       mean fitness: 0.18374
	-      worst fitness: 0.04346
	- standard deviation: 0.07436
Best genome overview:
	- fitness: 0.33069
	- size (hid, conn): (0, 16)
	- genome id: 1315
	- belongs to specie: 2
Genetic distance:
	- Maximum: 2.650
	- Mean: 1.360
	- Minimum: 0.019
	- Standard deviation: 0.847

Population of 126 members in 4 species:
	 specie    age    size    fitness    adj fit    stag 
	========  =====  ======  =========  =========  ======
	   1       11      36      0.311      0.584      4   
	   2       11      27      0.331      0.519      4   
	   3       11      29      0.271      0.424      4   
	   4       11      34      0.251      0.441      4   

Generation time: 194.313 sec  (193.175 average)
Population 'distance_repr_5' saved! Current generation: 12
Sample chosen: [809, 946, 578, 855, 691, 222, 390, 918, 738, 868]

********** Running generation 12 **********

Full population's fitness overview:
	-       best fitness: 0.25818
	-       mean fitness: 0.14360
	-      worst fitness: 0.03122
	- standard deviation: 0.05175
Best genome overview:
	- fitness: 0.25818
	- size (hid, conn): (0, 15)
	- genome id: 1394
	- belongs to specie: 2
Genetic distance:
	- Maximum: 2.649
	- Mean: 1.333
	- Minimum: 0.000
	- Standard deviation: 0.804

Population of 126 members in 4 species:
	 specie    age    size    fitness    adj fit    stag 
	========  =====  ======  =========  =========  ======
	   1       12      33      0.254      0.573      5   
	   2       12      32      0.258      0.538      5   
	   3       12      29      0.186      0.455      5   
	   4       12      32      0.185      0.413      5   

Generation time: 195.854 sec  (194.263 average)
Population 'distance_repr_5' saved! Current generation: 13
Sample chosen: [162, 716, 550, 314, 482, 170, 204, 922, 228, 407]

********** Running generation 13 **********

Full population's fitness overview:
	-       best fitness: 0.28126
	-       mean fitness: 0.18375
	-      worst fitness: 0.05302
	- standard deviation: 0.06750
Best genome overview:
	- fitness: 0.28126
	- size (hid, conn): (0, 15)
	- genome id: 1407
	- belongs to specie: 1
Genetic distance:
	- Maximum: 2.667
	- Mean: 1.313
	- Minimum: 0.000
	- Standard deviation: 0.810

Population of 127 members in 4 species:
	 specie    age    size    fitness    adj fit    stag 
	========  =====  ======  =========  =========  ======
	   1       13      29      0.281      0.598      6   
	   2       13      35      0.268      0.644      6   
	   3       13      32      0.252      0.627      6   
	   4       13      31      0.242      0.426      6   

Generation time: 190.495 sec  (193.844 average)
Population 'distance_repr_5' saved! Current generation: 14
Sample chosen: [196, 997, 519, 242, 824, 51, 584, 860, 377, 622]

********** Running generation 14 **********

Full population's fitness overview:
	-       best fitness: 0.41025
	-       mean fitness: 0.15522
	-      worst fitness: 0.03816
	- standard deviation: 0.07629
Best genome overview:
	- fitness: 0.41025
	- size (hid, conn): (0, 14)
	- genome id: 1622
	- belongs to specie: 1
Genetic distance:
	- Maximum: 2.682
	- Mean: 1.317
	- Minimum: 0.000
	- Standard deviation: 0.797

Population of 126 members in 4 species:
	 specie    age    size    fitness    adj fit    stag 
	========  =====  ======  =========  =========  ======
	   1       14      29      0.410      0.434      7   
	   2       14      36      0.329      0.285      7   
	   3       14      31      0.197      0.289      7   
	   4       14      30      0.226      0.264      7   

Generation time: 194.125 sec  (193.504 average)
Population 'distance_repr_5' saved! Current generation: 15
Sample chosen: [104, 280, 602, 959, 383, 539, 390, 780, 470, 333]

********** Running generation 15 **********

Full population's fitness overview:
	-       best fitness: 0.37154
	-       mean fitness: 0.20927
	-      worst fitness: 0.04264
	- standard deviation: 0.06303
Best genome overview:
	- fitness: 0.37154
	- size (hid, conn): (0, 14)
	- genome id: 1730
	- belongs to specie: 1
Genetic distance:
	- Maximum: 2.660
	- Mean: 1.312
	- Minimum: 0.000
	- Standard deviation: 0.756

Population of 127 members in 4 species:
	 specie    age    size    fitness    adj fit    stag 
	========  =====  ======  =========  =========  ======
	   1       15      29      0.372      0.570      8   
	   2       15      35      0.266      0.472      8   
	   3       15      33      0.258      0.505      8   
	   4       15      30      0.266      0.489      8   

Generation time: 193.920 sec  (193.845 average)
Population 'distance_repr_5' saved! Current generation: 16
Sample chosen: [993, 841, 829, 228, 325, 816, 926, 924, 675, 610]

********** Running generation 16 **********

Full population's fitness overview:
	-       best fitness: 0.33484
	-       mean fitness: 0.20845
	-      worst fitness: 0.05410
	- standard deviation: 0.07162
Best genome overview:
	- fitness: 0.33484
	- size (hid, conn): (0, 14)
	- genome id: 1739
	- belongs to specie: 1
Genetic distance:
	- Maximum: 2.641
	- Mean: 1.295
	- Minimum: 0.000
	- Standard deviation: 0.756

Population of 127 members in 4 species:
	 specie    age    size    fitness    adj fit    stag 
	========  =====  ======  =========  =========  ======
	   1       16      30      0.335      0.621      9   
	   2       16      34      0.327      0.579      9   
	   3       16      34      0.294      0.514      9   
	   4       16      29      0.249      0.486      9   

Generation time: 195.630 sec  (193.776 average)
Population 'distance_repr_5' saved! Current generation: 17
Sample chosen: [370, 636, 639, 366, 550, 953, 715, 932, 719, 926]

********** Running generation 17 **********

Full population's fitness overview:
	-       best fitness: 0.26428
	-       mean fitness: 0.19068
	-      worst fitness: 0.05169
	- standard deviation: 0.04754
Best genome overview:
	- fitness: 0.26428
	- size (hid, conn): (0, 14)
	- genome id: 1961
	- belongs to specie: 1
Genetic distance:
	- Maximum: 2.469
	- Mean: 1.250
	- Minimum: 0.000
	- Standard deviation: 0.752

Population of 127 members in 4 species:
	 specie    age    size    fitness    adj fit    stag 
	========  =====  ======  =========  =========  ======
	   1       17      31      0.264      0.797      10  
	   2       17      35      0.231      0.723      10  
	   3       17      30      0.229      0.534      10  
	   4       17      31      0.212      0.566      10  

Generation time: 197.922 sec  (195.251 average)
Population 'distance_repr_5' saved! Current generation: 18
Sample chosen: [511, 251, 19, 878, 661, 632, 788, 923, 288, 284]

********** Running generation 18 **********

Full population's fitness overview:
	-       best fitness: 0.50321
	-       mean fitness: 0.23750
	-      worst fitness: 0.06316
	- standard deviation: 0.10445
Best genome overview:
	- fitness: 0.50321
	- size (hid, conn): (0, 16)
	- genome id: 1993
	- belongs to specie: 2
Genetic distance:
	- Maximum: 2.559
	- Mean: 1.231
	- Minimum: 0.022
	- Standard deviation: 0.771

Population of 125 members in 4 species:
	 specie    age    size    fitness    adj fit    stag 
	========  =====  ======  =========  =========  ======
	   1       18      35      0.488      0.537      0   
	   2       18      37      0.503      0.501      0   
	   3       18      25      0.352      0.250      11  
	   4       18      28      0.284      0.279      11  

Generation time: 190.228 sec  (194.439 average)
Population 'distance_repr_5' saved! Current generation: 19
Sample chosen: [937, 52, 320, 73, 547, 218, 890, 469, 368, 938]

********** Running generation 19 **********

Full population's fitness overview:
	-       best fitness: 0.28363
	-       mean fitness: 0.16677
	-      worst fitness: 0.02863
	- standard deviation: 0.07600
Best genome overview:
	- fitness: 0.28363
	- size (hid, conn): (0, 15)
	- genome id: 2221
	- belongs to specie: 1
Genetic distance:
	- Maximum: 2.439
	- Mean: 1.243
	- Minimum: 0.002
	- Standard deviation: 0.774

Population of 126 members in 4 species:
	 specie    age    size    fitness    adj fit    stag 
	========  =====  ======  =========  =========  ======
	   1       19      36      0.284      0.693      1   
	   2       19      37      0.253      0.591      1   
	   3       19      22      0.247      0.315      12  
	   4       19      31      0.210      0.490      12  

Generation time: 191.448 sec  (193.574 average)
Population 'distance_repr_5' saved! Current generation: 20
Sample chosen: [59, 505, 878, 565, 935, 40, 264, 844, 697, 836]

********** Running generation 20 **********

Full population's fitness overview:
	-       best fitness: 0.34245
	-       mean fitness: 0.22736
	-      worst fitness: 0.05192
	- standard deviation: 0.08468
Best genome overview:
	- fitness: 0.34245
	- size (hid, conn): (0, 14)
	- genome id: 2277
	- belongs to specie: 1
Genetic distance:
	- Maximum: 2.563
	- Mean: 1.250
	- Minimum: 0.000
	- Standard deviation: 0.780

Population of 127 members in 4 species:
	 specie    age    size    fitness    adj fit    stag 
	========  =====  ======  =========  =========  ======
	   1       20      36      0.342      0.779      2   
	   2       20      36      0.331      0.642      2   
	   3       20      25      0.315      0.514      13  
	   4       20      30      0.224      0.418      13  

Generation time: 188.631 sec  (193.257 average)
Population 'distance_repr_5' saved! Current generation: 21
Sample chosen: [812, 91, 145, 560, 918, 754, 282, 23, 811, 641]

********** Running generation 21 **********

Full population's fitness overview:
	-       best fitness: 0.22126
	-       mean fitness: 0.15141
	-      worst fitness: 0.05145
	- standard deviation: 0.04440
Best genome overview:
	- fitness: 0.22126
	- size (hid, conn): (0, 13)
	- genome id: 2392
	- belongs to specie: 1
Genetic distance:
	- Maximum: 2.551
	- Mean: 1.281
	- Minimum: 0.029
	- Standard deviation: 0.820

Population of 126 members in 4 species:
	 specie    age    size    fitness    adj fit    stag 
	========  =====  ======  =========  =========  ======
	   1       21      33      0.221      0.673      3   
	   2       21      34      0.196      0.582      3   
	   3       21      28      0.211      0.558      14  
	   4       21      31      0.173      0.521      14  

Generation time: 194.137 sec  (193.239 average)
Population 'distance_repr_5' saved! Current generation: 22
Sample chosen: [729, 421, 886, 630, 494, 965, 247, 453, 133, 5]

********** Running generation 22 **********

Full population's fitness overview:
	-       best fitness: 0.32150
	-       mean fitness: 0.16287
	-      worst fitness: 0.03488
	- standard deviation: 0.05892
Best genome overview:
	- fitness: 0.32150
	- size (hid, conn): (0, 14)
	- genome id: 2527
	- belongs to specie: 1

Species 4 with 31 members is stagnated (fitness: 0.16045069196846068): removing it
Genetic distance:
	- Maximum: 1.845
	- Mean: 0.821
	- Minimum: 0.000
	- Standard deviation: 0.500

Population of 128 members in 3 species:
	 specie    age    size    fitness    adj fit    stag 
	========  =====  ======  =========  =========  ======
	   1       22      46      0.321      0.576      4   
	   2       22      45      0.286      0.478      4   
	   3       22      34      0.247      0.357      15  

Generation time: 194.703 sec  (193.124 average)
Population 'distance_repr_5' saved! Current generation: 23
Sample chosen: [444, 14, 808, 91, 367, 25, 366, 601, 176, 7]

********** Running generation 23 **********

Full population's fitness overview:
	-       best fitness: 0.44158
	-       mean fitness: 0.28542
	-      worst fitness: 0.06459
	- standard deviation: 0.12231
Best genome overview:
	- fitness: 0.44158
	- size (hid, conn): (0, 16)
	- genome id: 2665
	- belongs to specie: 2
Genetic distance:
	- Maximum: 1.658
	- Mean: 0.799
	- Minimum: 0.000
	- Standard deviation: 0.500

Population of 126 members in 3 species:
	 specie    age    size    fitness    adj fit    stag 
	========  =====  ======  =========  =========  ======
	   1       23      47      0.431      0.660      5   
	   2       23      41      0.442      0.571      5   
	   3       23      38      0.417      0.507      16  

Generation time: 183.049 sec  (192.379 average)
Population 'distance_repr_5' saved! Current generation: 24
Sample chosen: [577, 531, 694, 688, 111, 977, 856, 271, 465, 460]

********** Running generation 24 **********

Full population's fitness overview:
	-       best fitness: 0.40210
	-       mean fitness: 0.25362
	-      worst fitness: 0.05154
	- standard deviation: 0.09746
Best genome overview:
	- fitness: 0.40210
	- size (hid, conn): (0, 16)
	- genome id: 2821
	- belongs to specie: 3
Genetic distance:
	- Maximum: 1.783
	- Mean: 0.801
	- Minimum: 0.000
	- Standard deviation: 0.497

Population of 127 members in 3 species:
	 specie    age    size    fitness    adj fit    stag 
	========  =====  ======  =========  =========  ======
	   1       24      47      0.389      0.645      6   
	   2       24      42      0.366      0.552      6   
	   3       24      38      0.402      0.518      17  

Generation time: 187.257 sec  (191.693 average)
Population 'distance_repr_5' saved! Current generation: 25
Sample chosen: [896, 11, 17, 982, 328, 383, 762, 455, 722, 358]

********** Running generation 25 **********

Full population's fitness overview:
	-       best fitness: 0.34046
	-       mean fitness: 0.18231
	-      worst fitness: 0.03903
	- standard deviation: 0.07312
Best genome overview:
	- fitness: 0.34046
	- size (hid, conn): (0, 14)
	- genome id: 2874
	- belongs to specie: 1
Genetic distance:
	- Maximum: 1.731
	- Mean: 0.791
	- Minimum: 0.000
	- Standard deviation: 0.484

Population of 128 members in 3 species:
	 specie    age    size    fitness    adj fit    stag 
	========  =====  ======  =========  =========  ======
	   1       25      46      0.340      0.537      7   
	   2       25      44      0.257      0.461      7   
	   3       25      38      0.248      0.415      18  

Generation time: 196.837 sec  (191.984 average)
Population 'distance_repr_5' saved! Current generation: 26
Sample chosen: [421, 674, 58, 291, 711, 335, 705, 849, 577, 723]

********** Running generation 26 **********

Full population's fitness overview:
	-       best fitness: 0.35658
	-       mean fitness: 0.21063
	-      worst fitness: 0.03066
	- standard deviation: 0.08498
Best genome overview:
	- fitness: 0.35658
	- size (hid, conn): (0, 16)
	- genome id: 3049
	- belongs to specie: 3
Genetic distance:
	- Maximum: 1.795
	- Mean: 0.789
	- Minimum: 0.000
	- Standard deviation: 0.477

Population of 128 members in 3 species:
	 specie    age    size    fitness    adj fit    stag 
	========  =====  ======  =========  =========  ======
	   1       26      49      0.328      0.608      8   
	   2       26      40      0.322      0.527      8   
	   3       26      39      0.357      0.513      19  

Generation time: 186.827 sec  (191.104 average)
Population 'distance_repr_5' saved! Current generation: 27
Sample chosen: [235, 551, 623, 820, 841, 895, 96, 509, 45, 281]

********** Running generation 27 **********

Full population's fitness overview:
	-       best fitness: 0.47257
	-       mean fitness: 0.19533
	-      worst fitness: 0.03999
	- standard deviation: 0.08791
Best genome overview:
	- fitness: 0.47257
	- size (hid, conn): (0, 15)
	- genome id: 3141
	- belongs to specie: 1
Genetic distance:
	- Maximum: 1.651
	- Mean: 0.788
	- Minimum: 0.000
	- Standard deviation: 0.464

Population of 128 members in 3 species:
	 specie    age    size    fitness    adj fit    stag 
	========  =====  ======  =========  =========  ======
	   1       27      51      0.473      0.420      9   
	   2       27      39      0.330      0.341      9   
	   3       27      38      0.274      0.301      20  

Generation time: 196.865 sec  (190.998 average)
Population 'distance_repr_5' saved! Current generation: 28
Sample chosen: [653, 496, 348, 569, 634, 366, 95, 382, 677, 365]

********** Running generation 28 **********

Full population's fitness overview:
	-       best fitness: 0.33097
	-       mean fitness: 0.16296
	-      worst fitness: 0.03756
	- standard deviation: 0.06314
Best genome overview:
	- fitness: 0.33097
	- size (hid, conn): (0, 16)
	- genome id: 3297
	- belongs to specie: 3
Genetic distance:
	- Maximum: 1.642
	- Mean: 0.805
	- Minimum: 0.000
	- Standard deviation: 0.447

Population of 128 members in 3 species:
	 specie    age    size    fitness    adj fit    stag 
	========  =====  ======  =========  =========  ======
	   1       28      50      0.330      0.443      10  
	   2       28      38      0.266      0.412      10  
	   3       28      40      0.331      0.423      21  

Generation time: 197.179 sec  (191.693 average)
Population 'distance_repr_5' saved! Current generation: 29
Sample chosen: [16, 797, 446, 422, 385, 757, 11, 964, 232, 527]

********** Running generation 29 **********

Full population's fitness overview:
	-       best fitness: 0.35798
	-       mean fitness: 0.18731
	-      worst fitness: 0.05518
	- standard deviation: 0.07726
Best genome overview:
	- fitness: 0.35798
	- size (hid, conn): (0, 14)
	- genome id: 3347
	- belongs to specie: 1
Genetic distance:
	- Maximum: 1.924
	- Mean: 0.822
	- Minimum: 0.000
	- Standard deviation: 0.428

Population of 128 members in 3 species:
	 specie    age    size    fitness    adj fit    stag 
	========  =====  ======  =========  =========  ======
	   1       29      54      0.358      0.500      11  
	   2       29      38      0.316      0.477      11  
	   3       29      36      0.270      0.318      22  

Generation time: 199.457 sec  (192.494 average)
Population 'distance_repr_5' saved! Current generation: 30
Sample chosen: [837, 325, 722, 13, 614, 385, 872, 939, 199, 279]

********** Running generation 30 **********

Full population's fitness overview:
	-       best fitness: 0.44938
	-       mean fitness: 0.19906
	-      worst fitness: 0.05614
	- standard deviation: 0.08197
Best genome overview:
	- fitness: 0.44938
	- size (hid, conn): (0, 15)
	- genome id: 3434
	- belongs to specie: 1
Genetic distance:
	- Maximum: 1.879
	- Mean: 0.793
	- Minimum: 0.000
	- Standard deviation: 0.434

Population of 127 members in 3 species:
	 specie    age    size    fitness    adj fit    stag 
	========  =====  ======  =========  =========  ======
	   1       30      51      0.449      0.430      12  
	   2       30      37      0.287      0.316      12  
	   3       30      39      0.302      0.313      23  

Generation time: 188.964 sec  (192.527 average)
Population 'distance_repr_5' saved! Current generation: 31
Sample chosen: [672, 4, 264, 253, 83, 650, 247, 648, 398, 644]

********** Running generation 31 **********

Full population's fitness overview:
	-       best fitness: 0.42310
	-       mean fitness: 0.19301
	-      worst fitness: 0.05362
	- standard deviation: 0.08749
Best genome overview:
	- fitness: 0.42310
	- size (hid, conn): (0, 16)
	- genome id: 3457
	- belongs to specie: 1
Genetic distance:
	- Maximum: 1.879
	- Mean: 0.811
	- Minimum: 0.000
	- Standard deviation: 0.447

Population of 128 members in 3 species:
	 specie    age    size    fitness    adj fit    stag 
	========  =====  ======  =========  =========  ======
	   1       31      48      0.423      0.439      13  
	   2       31      43      0.313      0.369      13  
	   3       31      37      0.314      0.305      24  

Generation time: 195.903 sec  (192.704 average)
Population 'distance_repr_5' saved! Current generation: 32
Sample chosen: [321, 892, 399, 463, 596, 944, 129, 903, 446, 419]

********** Running generation 32 **********

Full population's fitness overview:
	-       best fitness: 0.45170
	-       mean fitness: 0.26260
	-      worst fitness: 0.05465
	- standard deviation: 0.10861
Best genome overview:
	- fitness: 0.45170
	- size (hid, conn): (0, 16)
	- genome id: 3752
	- belongs to specie: 2
Genetic distance:
	- Maximum: 1.927
	- Mean: 0.836
	- Minimum: 0.038
	- Standard deviation: 0.440

Population of 127 members in 3 species:
	 specie    age    size    fitness    adj fit    stag 
	========  =====  ======  =========  =========  ======
	   1       32      47      0.430      0.570      14  
	   2       32      41      0.452      0.488      14  
	   3       32      39      0.374      0.505      25  

Generation time: 194.725 sec  (192.706 average)
Population 'distance_repr_5' saved! Current generation: 33
Sample chosen: [752, 728, 356, 678, 605, 912, 967, 464, 351, 341]

********** Running generation 33 **********

Full population's fitness overview:
	-       best fitness: 0.38459
	-       mean fitness: 0.19860
	-      worst fitness: 0.06753
	- standard deviation: 0.06672
Best genome overview:
	- fitness: 0.38459
	- size (hid, conn): (0, 15)
	- genome id: 3879
	- belongs to specie: 3
Genetic distance:
	- Maximum: 1.528
	- Mean: 0.790
	- Minimum: 0.000
	- Standard deviation: 0.384

Population of 128 members in 3 species:
	 specie    age    size    fitness    adj fit    stag 
	========  =====  ======  =========  =========  ======
	   1       33      43      0.308      0.399      15  
	   2       33      43      0.281      0.413      15  
	   3       33      42      0.385      0.432      26  

Generation time: 200.844 sec  (194.486 average)
Population 'distance_repr_5' saved! Current generation: 34
Sample chosen: [707, 215, 952, 442, 14, 627, 379, 390, 337, 939]

********** Running generation 34 **********

Full population's fitness overview:
	-       best fitness: 0.43304
	-       mean fitness: 0.21416
	-      worst fitness: 0.07712
	- standard deviation: 0.07950
Best genome overview:
	- fitness: 0.43304
	- size (hid, conn): (0, 16)
	- genome id: 3953
	- belongs to specie: 1
Genetic distance:
	- Maximum: 1.645
	- Mean: 0.819
	- Minimum: 0.000
	- Standard deviation: 0.374

Population of 127 members in 3 species:
	 specie    age    size    fitness    adj fit    stag 
	========  =====  ======  =========  =========  ======
	   1       34      42      0.433      0.433      16  
	   2       34      41      0.278      0.316      16  
	   3       34      44      0.410      0.407      27  

Generation time: 202.374 sec  (195.998 average)
Population 'distance_repr_5' saved! Current generation: 35
Sample chosen: [112, 11, 109, 396, 626, 953, 439, 663, 972, 132]

********** Running generation 35 **********

Full population's fitness overview:
	-       best fitness: 0.36034
	-       mean fitness: 0.21494
	-      worst fitness: 0.06416
	- standard deviation: 0.07311
Best genome overview:
	- fitness: 0.36034
	- size (hid, conn): (0, 15)
	- genome id: 3879
	- belongs to specie: 3
Genetic distance:
	- Maximum: 1.571
	- Mean: 0.790
	- Minimum: 0.000
	- Standard deviation: 0.398

Population of 128 members in 3 species:
	 specie    age    size    fitness    adj fit    stag 
	========  =====  ======  =========  =========  ======
	   1       35      42      0.287      0.505      17  
	   2       35      44      0.324      0.482      17  
	   3       35      42      0.360      0.539      28  

Generation time: 200.261 sec  (196.340 average)
Population 'distance_repr_5' saved! Current generation: 36
Sample chosen: [621, 714, 349, 3, 760, 400, 560, 699, 839, 819]

********** Running generation 36 **********

Full population's fitness overview:
	-       best fitness: 0.38044
	-       mean fitness: 0.23985
	-      worst fitness: 0.05381
	- standard deviation: 0.08514
Best genome overview:
	- fitness: 0.38044
	- size (hid, conn): (0, 15)
	- genome id: 4123
	- belongs to specie: 3
Genetic distance:
	- Maximum: 1.714
	- Mean: 0.820
	- Minimum: 0.000
	- Standard deviation: 0.438

Population of 128 members in 3 species:
	 specie    age    size    fitness    adj fit    stag 
	========  =====  ======  =========  =========  ======
	   1       36      46      0.338      0.590      18  
	   2       36      43      0.369      0.568      18  
	   3       36      39      0.380      0.550      29  

Generation time: 205.032 sec  (198.160 average)
Population 'distance_repr_5' saved! Current generation: 37
Sample chosen: [307, 196, 710, 382, 845, 100, 293, 652, 278, 150]

********** Running generation 37 **********

Full population's fitness overview:
	-       best fitness: 0.33777
	-       mean fitness: 0.17530
	-      worst fitness: 0.01831
	- standard deviation: 0.07461
Best genome overview:
	- fitness: 0.33777
	- size (hid, conn): (0, 15)
	- genome id: 4123
	- belongs to specie: 3
Genetic distance:
	- Maximum: 1.788
	- Mean: 0.837
	- Minimum: 0.000
	- Standard deviation: 0.440

Population of 128 members in 3 species:
	 specie    age    size    fitness    adj fit    stag 
	========  =====  ======  =========  =========  ======
	   1       37      49      0.276      0.525      19  
	   2       37      43      0.272      0.486      19  
	   3       37      36      0.338      0.458      30  

Generation time: 203.309 sec  (198.805 average)
Population 'distance_repr_5' saved! Current generation: 38
Sample chosen: [962, 703, 303, 520, 984, 96, 657, 415, 235, 595]

********** Running generation 38 **********

Full population's fitness overview:
	-       best fitness: 0.41425
	-       mean fitness: 0.25121
	-      worst fitness: 0.06172
	- standard deviation: 0.09050
Best genome overview:
	- fitness: 0.41425
	- size (hid, conn): (0, 15)
	- genome id: 4423
	- belongs to specie: 1
Genetic distance:
	- Maximum: 1.709
	- Mean: 0.855
	- Minimum: 0.000
	- Standard deviation: 0.461

Population of 128 members in 3 species:
	 specie    age    size    fitness    adj fit    stag 
	========  =====  ======  =========  =========  ======
	   1       38      44      0.414      0.564      20  
	   2       38      46      0.395      0.543      20  
	   3       38      38      0.390      0.495      31  

Generation time: 196.285 sec  (198.715 average)
Population 'distance_repr_5' saved! Current generation: 39
Sample chosen: [259, 242, 21, 900, 619, 854, 671, 742, 996, 51]

********** Running generation 39 **********

Full population's fitness overview:
	-       best fitness: 0.38170
	-       mean fitness: 0.17573
	-      worst fitness: 0.02904
	- standard deviation: 0.08740
Best genome overview:
	- fitness: 0.38170
	- size (hid, conn): (0, 15)
	- genome id: 4584
	- belongs to specie: 3
Genetic distance:
	- Maximum: 1.706
	- Mean: 0.827
	- Minimum: 0.000
	- Standard deviation: 0.461

Population of 127 members in 3 species:
	 specie    age    size    fitness    adj fit    stag 
	========  =====  ======  =========  =========  ======
	   1       39      45      0.303      0.453      21  
	   2       39      46      0.289      0.446      21  
	   3       39      36      0.382      0.337      32  

Generation time: 203.185 sec  (199.088 average)
Population 'distance_repr_5' saved! Current generation: 40
Sample chosen: [369, 40, 914, 725, 810, 811, 214, 590, 973, 555]

********** Running generation 40 **********

Full population's fitness overview:
	-       best fitness: 0.37833
	-       mean fitness: 0.22767
	-      worst fitness: 0.05266
	- standard deviation: 0.07980
Best genome overview:
	- fitness: 0.37833
	- size (hid, conn): (0, 15)
	- genome id: 4645
	- belongs to specie: 1
Genetic distance:
	- Maximum: 1.661
	- Mean: 0.823
	- Minimum: 0.000
	- Standard deviation: 0.472

Population of 128 members in 3 species:
	 specie    age    size    fitness    adj fit    stag 
	========  =====  ======  =========  =========  ======
	   1       40      41      0.378      0.543      22  
	   2       40      48      0.327      0.542      22  
	   3       40      39      0.365      0.524      33  

Generation time: 201.155 sec  (200.307 average)
Population 'distance_repr_5' saved! Current generation: 41
Sample chosen: [572, 614, 158, 324, 348, 615, 874, 318, 273, 313]

********** Running generation 41 **********

Full population's fitness overview:
	-       best fitness: 0.30760
	-       mean fitness: 0.14704
	-      worst fitness: 0.02970
	- standard deviation: 0.05809
Best genome overview:
	- fitness: 0.30760
	- size (hid, conn): (0, 15)
	- genome id: 4755
	- belongs to specie: 3
Genetic distance:
	- Maximum: 1.795
	- Mean: 0.847
	- Minimum: 0.002
	- Standard deviation: 0.491

Population of 129 members in 3 species:
	 specie    age    size    fitness    adj fit    stag 
	========  =====  ======  =========  =========  ======
	   1       41      43      0.234      0.438      23  
	   2       41      47      0.278      0.390      23  
	   3       41      39      0.308      0.446      34  

Generation time: 207.191 sec  (201.436 average)
Population 'distance_repr_5' saved! Current generation: 42
Sample chosen: [904, 105, 828, 761, 531, 421, 956, 158, 426, 939]

********** Running generation 42 **********

Full population's fitness overview:
	-       best fitness: 0.36770
	-       mean fitness: 0.17060
	-      worst fitness: 0.03086
	- standard deviation: 0.09301
Best genome overview:
	- fitness: 0.36770
	- size (hid, conn): (0, 13)
	- genome id: 4703
	- belongs to specie: 1
Genetic distance:
	- Maximum: 1.891
	- Mean: 0.873
	- Minimum: 0.000
	- Standard deviation: 0.497

Population of 129 members in 3 species:
	 specie    age    size    fitness    adj fit    stag 
	========  =====  ======  =========  =========  ======
	   1       42      42      0.368      0.458      24  
	   2       42      47      0.325      0.396      24  
	   3       42      40      0.323      0.390      35  

Generation time: 205.890 sec  (202.552 average)
Population 'distance_repr_5' saved! Current generation: 43
Sample chosen: [917, 548, 686, 43, 872, 212, 373, 610, 565, 472]

********** Running generation 43 **********

Full population's fitness overview:
	-       best fitness: 0.38190
	-       mean fitness: 0.21992
	-      worst fitness: 0.05397
	- standard deviation: 0.07996
Best genome overview:
	- fitness: 0.38190
	- size (hid, conn): (0, 14)
	- genome id: 4957
	- belongs to specie: 1
Genetic distance:
	- Maximum: 1.798
	- Mean: 0.857
	- Minimum: 0.000
	- Standard deviation: 0.488

Population of 127 members in 3 species:
	 specie    age    size    fitness    adj fit    stag 
	========  =====  ======  =========  =========  ======
	   1       43      45      0.382      0.596      25  
	   2       43      40      0.302      0.442      25  
	   3       43      42      0.376      0.486      36  

Generation time: 203.820 sec  (202.850 average)
Population 'distance_repr_5' saved! Current generation: 44
Sample chosen: [997, 425, 389, 155, 223, 452, 183, 898, 970, 395]

********** Running generation 44 **********

Full population's fitness overview:
	-       best fitness: 0.42444
	-       mean fitness: 0.21995
	-      worst fitness: 0.04131
	- standard deviation: 0.08695
Best genome overview:
	- fitness: 0.42444
	- size (hid, conn): (0, 15)
	- genome id: 5117
	- belongs to specie: 3
Genetic distance:
	- Maximum: 1.929
	- Mean: 0.860
	- Minimum: 0.000
	- Standard deviation: 0.497

Population of 128 members in 3 species:
	 specie    age    size    fitness    adj fit    stag 
	========  =====  ======  =========  =========  ======
	   1       44      42      0.348      0.438      26  
	   2       44      43      0.354      0.417      26  
	   3       44      43      0.424      0.544      0   

Generation time: 198.098 sec  (202.422 average)
Population 'distance_repr_5' saved! Current generation: 45
Sample chosen: [952, 795, 756, 891, 58, 757, 741, 862, 226, 800]

********** Running generation 45 **********

Full population's fitness overview:
	-       best fitness: 0.39888
	-       mean fitness: 0.24586
	-      worst fitness: 0.06919
	- standard deviation: 0.07685
Best genome overview:
	- fitness: 0.39888
	- size (hid, conn): (0, 15)
	- genome id: 5117
	- belongs to specie: 3
Genetic distance:
	- Maximum: 1.728
	- Mean: 0.866
	- Minimum: 0.000
	- Standard deviation: 0.487

Population of 127 members in 3 species:
	 specie    age    size    fitness    adj fit    stag 
	========  =====  ======  =========  =========  ======
	   1       45      44      0.386      0.540      27  
	   2       45      45      0.385      0.565      27  
	   3       45      38      0.399      0.502      1   

Generation time: 201.436 sec  (202.540 average)
Population 'distance_repr_5' saved! Current generation: 46
Sample chosen: [162, 728, 779, 686, 163, 781, 709, 258, 468, 775]

********** Running generation 46 **********

Full population's fitness overview:
	-       best fitness: 0.51982
	-       mean fitness: 0.24371
	-      worst fitness: 0.05194
	- standard deviation: 0.08790
Best genome overview:
	- fitness: 0.51982
	- size (hid, conn): (0, 15)
	- genome id: 5299
	- belongs to specie: 3
Genetic distance:
	- Maximum: 1.844
	- Mean: 0.894
	- Minimum: 0.000
	- Standard deviation: 0.505

Population of 127 members in 3 species:
	 specie    age    size    fitness    adj fit    stag 
	========  =====  ======  =========  =========  ======
	   1       46      42      0.374      0.415      28  
	   2       46      46      0.382      0.379      28  
	   3       46      39      0.520      0.441      0   

Generation time: 197.942 sec  (201.831 average)
Population 'distance_repr_5' saved! Current generation: 47
Sample chosen: [714, 318, 547, 361, 471, 687, 858, 395, 913, 387]

********** Running generation 47 **********

Full population's fitness overview:
	-       best fitness: 0.38831
	-       mean fitness: 0.18886
	-      worst fitness: 0.04512
	- standard deviation: 0.08936
Best genome overview:
	- fitness: 0.38831
	- size (hid, conn): (0, 16)
	- genome id: 5487
	- belongs to specie: 1
Genetic distance:
	- Maximum: 2.038
	- Mean: 0.880
	- Minimum: 0.000
	- Standard deviation: 0.486

Population of 127 members in 3 species:
	 specie    age    size    fitness    adj fit    stag 
	========  =====  ======  =========  =========  ======
	   1       47      38      0.388      0.473      29  
	   2       47      55      0.310      0.482      29  
	   3       47      34      0.286      0.286      1   

Generation time: 199.737 sec  (201.474 average)
Population 'distance_repr_5' saved! Current generation: 48
Sample chosen: [411, 114, 370, 73, 791, 238, 790, 90, 802, 284]

********** Running generation 48 **********

Full population's fitness overview:
	-       best fitness: 0.46663
	-       mean fitness: 0.21473
	-      worst fitness: 0.05793
	- standard deviation: 0.07967
Best genome overview:
	- fitness: 0.46663
	- size (hid, conn): (0, 16)
	- genome id: 5541
	- belongs to specie: 1
Genetic distance:
	- Maximum: 1.730
	- Mean: 0.852
	- Minimum: 0.000
	- Standard deviation: 0.467

Population of 127 members in 3 species:
	 specie    age    size    fitness    adj fit    stag 
	========  =====  ======  =========  =========  ======
	   1       48      42      0.467      0.427      30  
	   2       48      45      0.327      0.361      30  
	   3       48      40      0.330      0.371      2   

Generation time: 204.543 sec  (202.300 average)
Population 'distance_repr_5' saved! Current generation: 49
Sample chosen: [857, 985, 576, 183, 740, 191, 543, 255, 94, 897]

********** Running generation 49 **********

Full population's fitness overview:
	-       best fitness: 0.42589
	-       mean fitness: 0.25420
	-      worst fitness: 0.05397
	- standard deviation: 0.10345
Best genome overview:
	- fitness: 0.42589
	- size (hid, conn): (0, 15)
	- genome id: 5698
	- belongs to specie: 3
Genetic distance:
	- Maximum: 1.940
	- Mean: 0.854
	- Minimum: 0.000
	- Standard deviation: 0.468

Population of 126 members in 3 species:
	 specie    age    size    fitness    adj fit    stag 
	========  =====  ======  =========  =========  ======
	   1       49      45      0.416      0.605      31  
	   2       49      43      0.371      0.488      31  
	   3       49      38      0.426      0.525      3   

Generation time: 203.593 sec  (202.340 average)
Population 'distance_repr_5' saved! Current generation: 50
Sample chosen: [790, 902, 931, 665, 732, 860, 926, 322, 884, 952]

********** Running generation 50 **********

Full population's fitness overview:
	-       best fitness: 0.38559
	-       mean fitness: 0.17784
	-      worst fitness: 0.04253
	- standard deviation: 0.06937
Best genome overview:
	- fitness: 0.38559
	- size (hid, conn): (0, 16)
	- genome id: 5541
	- belongs to specie: 1
Genetic distance:
	- Maximum: 1.693
	- Mean: 0.829
	- Minimum: 0.000
	- Standard deviation: 0.478

Population of 127 members in 3 species:
	 specie    age    size    fitness    adj fit    stag 
	========  =====  ======  =========  =========  ======
	   1       50      41      0.386      0.401      32  
	   2       50      48      0.253      0.424      32  
	   3       50      38      0.271      0.353      4   

Generation time: 202.177 sec  (202.443 average)
Population 'distance_repr_5' saved! Current generation: 51
Sample chosen: [233, 45, 973, 581, 207, 889, 401, 229, 894, 11]

********** Running generation 51 **********

Full population's fitness overview:
	-       best fitness: 0.41751
	-       mean fitness: 0.26148
	-      worst fitness: 0.08082
	- standard deviation: 0.09199
Best genome overview:
	- fitness: 0.41751
	- size (hid, conn): (0, 15)
	- genome id: 5778
	- belongs to specie: 3
Genetic distance:
	- Maximum: 1.836
	- Mean: 0.824
	- Minimum: 0.000
	- Standard deviation: 0.463

Population of 127 members in 3 species:
	 specie    age    size    fitness    adj fit    stag 
	========  =====  ======  =========  =========  ======
	   1       51      43      0.375      0.567      33  
	   2       51      47      0.386      0.515      33  
	   3       51      37      0.418      0.531      5   

Generation time: 204.759 sec  (202.199 average)
Population 'distance_repr_5' saved! Current generation: 52
Sample chosen: [312, 843, 720, 203, 198, 157, 605, 793, 502, 867]

********** Running generation 52 **********

Full population's fitness overview:
	-       best fitness: 0.41976
	-       mean fitness: 0.19845
	-      worst fitness: 0.02863
	- standard deviation: 0.09550
Best genome overview:
	- fitness: 0.41976
	- size (hid, conn): (0, 14)
	- genome id: 5891
	- belongs to specie: 1
Genetic distance:
	- Maximum: 1.786
	- Mean: 0.878
	- Minimum: 0.000
	- Standard deviation: 0.466

Population of 128 members in 3 species:
	 specie    age    size    fitness    adj fit    stag 
	========  =====  ======  =========  =========  ======
	   1       52      46      0.420      0.501      34  
	   2       52      42      0.331      0.371      34  
	   3       52      40      0.414      0.436      6   

Generation time: 201.596 sec  (201.770 average)
Population 'distance_repr_5' saved! Current generation: 53
Sample chosen: [463, 418, 317, 261, 160, 917, 354, 758, 651, 260]

********** Running generation 53 **********

Full population's fitness overview:
	-       best fitness: 0.41499
	-       mean fitness: 0.20991
	-      worst fitness: 0.04264
	- standard deviation: 0.08627
Best genome overview:
	- fitness: 0.41499
	- size (hid, conn): (0, 15)
	- genome id: 6100
	- belongs to specie: 1
Genetic distance:
	- Maximum: 1.803
	- Mean: 0.879
	- Minimum: 0.000
	- Standard deviation: 0.464

Population of 128 members in 3 species:
	 specie    age    size    fitness    adj fit    stag 
	========  =====  ======  =========  =========  ======
	   1       53      43      0.415      0.456      35  
	   2       53      44      0.322      0.456      35  
	   3       53      41      0.376      0.435      7   

Generation time: 205.360 sec  (201.924 average)
Population 'distance_repr_5' saved! Current generation: 54
Sample chosen: [755, 940, 894, 808, 618, 492, 653, 974, 697, 104]

********** Running generation 54 **********

Full population's fitness overview:
	-       best fitness: 0.39799
	-       mean fitness: 0.20109
	-      worst fitness: 0.04115
	- standard deviation: 0.09829
Best genome overview:
	- fitness: 0.39799
	- size (hid, conn): (0, 15)
	- genome id: 5778
	- belongs to specie: 3
Genetic distance:
	- Maximum: 1.638
	- Mean: 0.829
	- Minimum: 0.000
	- Standard deviation: 0.458

Population of 128 members in 3 species:
	 specie    age    size    fitness    adj fit    stag 
	========  =====  ======  =========  =========  ======
	   1       54      46      0.390      0.518      36  
	   2       54      45      0.342      0.422      36  
	   3       54      37      0.398      0.403      8   

Generation time: 199.476 sec  (202.062 average)
Population 'distance_repr_5' saved! Current generation: 55
Sample chosen: [846, 730, 517, 191, 282, 767, 459, 875, 770, 917]

********** Running generation 55 **********

Full population's fitness overview:
	-       best fitness: 0.39706
	-       mean fitness: 0.18458
	-      worst fitness: 0.03055
	- standard deviation: 0.08069
Best genome overview:
	- fitness: 0.39706
	- size (hid, conn): (0, 15)
	- genome id: 6371
	- belongs to specie: 1
Genetic distance:
	- Maximum: 1.697
	- Mean: 0.845
	- Minimum: 0.000
	- Standard deviation: 0.465

Population of 127 members in 3 species:
	 specie    age    size    fitness    adj fit    stag 
	========  =====  ======  =========  =========  ======
	   1       55      48      0.397      0.550      37  
	   2       55      43      0.247      0.360      37  
	   3       55      36      0.320      0.333      9   

Generation time: 203.950 sec  (202.313 average)
Population 'distance_repr_5' saved! Current generation: 56
Sample chosen: [76, 432, 880, 964, 956, 700, 639, 777, 634, 305]

********** Running generation 56 **********

Full population's fitness overview:
	-       best fitness: 0.43093
	-       mean fitness: 0.16147
	-      worst fitness: 0.04322
	- standard deviation: 0.08712
Best genome overview:
	- fitness: 0.43093
	- size (hid, conn): (0, 15)
	- genome id: 6380
	- belongs to specie: 1
Genetic distance:
	- Maximum: 1.772
	- Mean: 0.857
	- Minimum: 0.005
	- Standard deviation: 0.470

Population of 127 members in 3 species:
	 specie    age    size    fitness    adj fit    stag 
	========  =====  ======  =========  =========  ======
	   1       56      48      0.431      0.382      38  
	   2       56      41      0.234      0.235      38  
	   3       56      38      0.409      0.285      10  

Generation time: 205.954 sec  (203.114 average)
Population 'distance_repr_5' saved! Current generation: 57
Sample chosen: [534, 449, 409, 347, 861, 276, 201, 178, 85, 858]

********** Running generation 57 **********

Full population's fitness overview:
	-       best fitness: 0.45583
	-       mean fitness: 0.28104
	-      worst fitness: 0.06537
	- standard deviation: 0.10165
Best genome overview:
	- fitness: 0.45583
	- size (hid, conn): (0, 15)
	- genome id: 6563
	- belongs to specie: 1

Species 2 with 41 members is stagnated (fitness: 0.3570959481487262): removing it
Genetic distance:
	- Maximum: 2.031
	- Mean: 0.768
	- Minimum: 0.000
	- Standard deviation: 0.546

Population of 128 members in 2 species:
	 specie    age    size    fitness    adj fit    stag 
	========  =====  ======  =========  =========  ======
	   1       57      69      0.456      0.643      39  
	   3       57      56      0.398      0.514      11  

Generation time: 196.051 sec  (202.746 average)
Population 'distance_repr_5' saved! Current generation: 58
Sample chosen: [924, 145, 75, 26, 288, 573, 256, 441, 902, 672]

********** Running generation 58 **********

Full population's fitness overview:
	-       best fitness: 0.56932
	-       mean fitness: 0.27205
	-      worst fitness: 0.05407
	- standard deviation: 0.12854
Best genome overview:
	- fitness: 0.56932
	- size (hid, conn): (0, 15)
	- genome id: 6716
	- belongs to specie: 1
Genetic distance:
	- Maximum: 1.815
	- Mean: 0.739
	- Minimum: 0.000
	- Standard deviation: 0.527

Population of 127 members in 2 species:
	 specie    age    size    fitness    adj fit    stag 
	========  =====  ======  =========  =========  ======
	   1       58      68      0.569      0.458      0   
	   3       58      59      0.434      0.375      12  

Generation time: 198.850 sec  (202.177 average)
Population 'distance_repr_5' saved! Current generation: 59
Sample chosen: [507, 440, 841, 17, 161, 343, 386, 122, 726, 106]

********** Running generation 59 **********

Full population's fitness overview:
	-       best fitness: 0.49659
	-       mean fitness: 0.27899
	-      worst fitness: 0.07672
	- standard deviation: 0.10580
Best genome overview:
	- fitness: 0.49659
	- size (hid, conn): (0, 15)
	- genome id: 6716
	- belongs to specie: 1
Genetic distance:
	- Maximum: 1.769
	- Mean: 0.745
	- Minimum: 0.000
	- Standard deviation: 0.519

Population of 127 members in 2 species:
	 specie    age    size    fitness    adj fit    stag 
	========  =====  ======  =========  =========  ======
	   1       59      67      0.497      0.537      1   
	   3       59      60      0.423      0.418      13  

Generation time: 194.849 sec  (201.302 average)
Population 'distance_repr_5' saved! Current generation: 60
Sample chosen: [577, 576, 89, 83, 605, 905, 363, 511, 871, 608]

********** Running generation 60 **********

Full population's fitness overview:
	-       best fitness: 0.48125
	-       mean fitness: 0.26052
	-      worst fitness: 0.06823
	- standard deviation: 0.12197
Best genome overview:
	- fitness: 0.48125
	- size (hid, conn): (0, 15)
	- genome id: 6967
	- belongs to specie: 1
Genetic distance:
	- Maximum: 1.761
	- Mean: 0.713
	- Minimum: 0.000
	- Standard deviation: 0.488

Population of 128 members in 2 species:
	 specie    age    size    fitness    adj fit    stag 
	========  =====  ======  =========  =========  ======
	   1       60      68      0.481      0.536      2   
	   3       60      60      0.438      0.387      14  

Generation time: 188.611 sec  (199.946 average)
Population 'distance_repr_5' saved! Current generation: 61
Sample chosen: [740, 855, 713, 724, 527, 449, 372, 464, 849, 359]

********** Running generation 61 **********

Full population's fitness overview:
	-       best fitness: 0.39783
	-       mean fitness: 0.20453
	-      worst fitness: 0.05494
	- standard deviation: 0.09703
Best genome overview:
	- fitness: 0.39783
	- size (hid, conn): (0, 15)
	- genome id: 7032
	- belongs to specie: 1
Genetic distance:
	- Maximum: 1.507
	- Mean: 0.709
	- Minimum: 0.000
	- Standard deviation: 0.487

Population of 128 members in 2 species:
	 specie    age    size    fitness    adj fit    stag 
	========  =====  ======  =========  =========  ======
	   1       61      68      0.398      0.496      3   
	   3       61      60      0.347      0.369      15  

Generation time: 200.348 sec  (199.505 average)
Population 'distance_repr_5' saved! Current generation: 62
Sample chosen: [389, 925, 130, 695, 757, 68, 166, 342, 811, 564]

********** Running generation 62 **********

Full population's fitness overview:
	-       best fitness: 0.44354
	-       mean fitness: 0.24577
	-      worst fitness: 0.06832
	- standard deviation: 0.08844
Best genome overview:
	- fitness: 0.44354
	- size (hid, conn): (0, 15)
	- genome id: 7175
	- belongs to specie: 1
Genetic distance:
	- Maximum: 1.409
	- Mean: 0.703
	- Minimum: 0.029
	- Standard deviation: 0.493

Population of 126 members in 2 species:
	 specie    age    size    fitness    adj fit    stag 
	========  =====  ======  =========  =========  ======
	   1       62      66      0.444      0.521      4   
	   3       62      60      0.351      0.419      16  

Generation time: 196.428 sec  (198.988 average)
Population 'distance_repr_5' saved! Current generation: 63
Sample chosen: [462, 499, 382, 123, 208, 34, 723, 798, 338, 881]

********** Running generation 63 **********

Full population's fitness overview:
	-       best fitness: 0.45201
	-       mean fitness: 0.25168
	-      worst fitness: 0.06847
	- standard deviation: 0.08132
Best genome overview:
	- fitness: 0.45201
	- size (hid, conn): (0, 14)
	- genome id: 7314
	- belongs to specie: 1
Genetic distance:
	- Maximum: 1.523
	- Mean: 0.728
	- Minimum: 0.000
	- Standard deviation: 0.503

Population of 128 members in 2 species:
	 specie    age    size    fitness    adj fit    stag 
	========  =====  ======  =========  =========  ======
	   1       63      65      0.452      0.507      5   
	   3       63      63      0.370      0.445      17  

Generation time: 192.778 sec  (197.730 average)
Population 'distance_repr_5' saved! Current generation: 64
Sample chosen: [363, 998, 638, 705, 786, 712, 398, 82, 534, 403]

********** Running generation 64 **********

Full population's fitness overview:
	-       best fitness: 0.61516
	-       mean fitness: 0.34709
	-      worst fitness: 0.06604
	- standard deviation: 0.15888
Best genome overview:
	- fitness: 0.61516
	- size (hid, conn): (0, 15)
	- genome id: 7444
	- belongs to specie: 1
Genetic distance:
	- Maximum: 1.608
	- Mean: 0.760
	- Minimum: 0.000
	- Standard deviation: 0.504

Population of 128 members in 2 species:
	 specie    age    size    fitness    adj fit    stag 
	========  =====  ======  =========  =========  ======
	   1       64      67      0.615      0.599      0   
	   3       64      61      0.465      0.422      18  

Generation time: 189.424 sec  (196.724 average)
Population 'distance_repr_5' saved! Current generation: 65
Sample chosen: [337, 651, 457, 32, 749, 408, 696, 259, 314, 456]

********** Running generation 65 **********

Full population's fitness overview:
	-       best fitness: 0.54912
	-       mean fitness: 0.29482
	-      worst fitness: 0.07719
	- standard deviation: 0.11747
Best genome overview:
	- fitness: 0.54912
	- size (hid, conn): (0, 15)
	- genome id: 7444
	- belongs to specie: 1
Genetic distance:
	- Maximum: 1.717
	- Mean: 0.769
	- Minimum: 0.000
	- Standard deviation: 0.518

Population of 126 members in 2 species:
	 specie    age    size    fitness    adj fit    stag 
	========  =====  ======  =========  =========  ======
	   1       65      70      0.549      0.559      1   
	   3       65      56      0.330      0.354      19  

Generation time: 197.773 sec  (196.107 average)
Population 'distance_repr_5' saved! Current generation: 66
Sample chosen: [881, 4, 191, 954, 93, 981, 51, 813, 294, 53]

********** Running generation 66 **********

Full population's fitness overview:
	-       best fitness: 0.54244
	-       mean fitness: 0.36029
	-      worst fitness: 0.07806
	- standard deviation: 0.11684
Best genome overview:
	- fitness: 0.54244
	- size (hid, conn): (0, 15)
	- genome id: 7728
	- belongs to specie: 3
Genetic distance:
	- Maximum: 1.612
	- Mean: 0.735
	- Minimum: 0.014
	- Standard deviation: 0.507

Population of 128 members in 2 species:
	 specie    age    size    fitness    adj fit    stag 
	========  =====  ======  =========  =========  ======
	   1       66      69      0.514      0.619      2   
	   3       66      59      0.542      0.594      0   

Generation time: 180.539 sec  (193.565 average)
Population 'distance_repr_5' saved! Current generation: 67
Sample chosen: [392, 216, 279, 43, 420, 268, 878, 615, 689, 388]

********** Running generation 67 **********

Full population's fitness overview:
	-       best fitness: 0.49467
	-       mean fitness: 0.31280
	-      worst fitness: 0.10608
	- standard deviation: 0.10367
Best genome overview:
	- fitness: 0.49467
	- size (hid, conn): (0, 15)
	- genome id: 7799
	- belongs to specie: 1
Genetic distance:
	- Maximum: 1.728
	- Mean: 0.757
	- Minimum: 0.000
	- Standard deviation: 0.520

Population of 128 members in 2 species:
	 specie    age    size    fitness    adj fit    stag 
	========  =====  ======  =========  =========  ======
	   1       67      71      0.495      0.597      3   
	   3       67      57      0.436      0.456      1   

Generation time: 197.727 sec  (193.733 average)
Population 'distance_repr_5' saved! Current generation: 68
Sample chosen: [319, 802, 654, 652, 821, 349, 254, 678, 489, 553]

********** Running generation 68 **********

Full population's fitness overview:
	-       best fitness: 0.63394
	-       mean fitness: 0.24096
	-      worst fitness: 0.04392
	- standard deviation: 0.13930
Best genome overview:
	- fitness: 0.63394
	- size (hid, conn): (0, 14)
	- genome id: 7913
	- belongs to specie: 1
Genetic distance:
	- Maximum: 1.699
	- Mean: 0.778
	- Minimum: 0.000
	- Standard deviation: 0.519

Population of 126 members in 2 species:
	 specie    age    size    fitness    adj fit    stag 
	========  =====  ======  =========  =========  ======
	   1       68      74      0.634      0.418      0   
	   3       68      52      0.379      0.230      2   

Generation time: 196.925 sec  (193.540 average)
Population 'distance_repr_5' saved! Current generation: 69
Sample chosen: [767, 439, 800, 418, 543, 590, 387, 398, 783, 285]

********** Running generation 69 **********

Full population's fitness overview:
	-       best fitness: 0.54033
	-       mean fitness: 0.24158
	-      worst fitness: 0.04410
	- standard deviation: 0.13022
Best genome overview:
	- fitness: 0.54033
	- size (hid, conn): (0, 15)
	- genome id: 7984
	- belongs to specie: 1
Genetic distance:
	- Maximum: 1.625
	- Mean: 0.766
	- Minimum: 0.000
	- Standard deviation: 0.525

Population of 128 members in 2 species:
	 specie    age    size    fitness    adj fit    stag 
	========  =====  ======  =========  =========  ======
	   1       69      74      0.540      0.469      1   
	   3       69      54      0.326      0.296      3   

Generation time: 191.843 sec  (193.240 average)
Population 'distance_repr_5' saved! Current generation: 70
Sample chosen: [751, 414, 748, 867, 524, 251, 836, 868, 187, 636]

********** Running generation 70 **********

Full population's fitness overview:
	-       best fitness: 0.59902
	-       mean fitness: 0.22958
	-      worst fitness: 0.04267
	- standard deviation: 0.12551
Best genome overview:
	- fitness: 0.59902
	- size (hid, conn): (0, 15)
	- genome id: 8135
	- belongs to specie: 1
Genetic distance:
	- Maximum: 1.653
	- Mean: 0.738
	- Minimum: 0.054
	- Standard deviation: 0.486

Population of 127 members in 2 species:
	 specie    age    size    fitness    adj fit    stag 
	========  =====  ======  =========  =========  ======
	   1       70      71      0.599      0.375      2   
	   3       70      56      0.376      0.282      4   

Generation time: 191.560 sec  (193.534 average)
Population 'distance_repr_5' saved! Current generation: 71
Sample chosen: [544, 547, 880, 373, 843, 609, 352, 997, 217, 931]

********** Running generation 71 **********

Full population's fitness overview:
	-       best fitness: 0.43680
	-       mean fitness: 0.24640
	-      worst fitness: 0.06578
	- standard deviation: 0.08726
Best genome overview:
	- fitness: 0.43680
	- size (hid, conn): (0, 15)
	- genome id: 8135
	- belongs to specie: 1
Genetic distance:
	- Maximum: 1.599
	- Mean: 0.713
	- Minimum: 0.000
	- Standard deviation: 0.492

Population of 128 members in 2 species:
	 specie    age    size    fitness    adj fit    stag 
	========  =====  ======  =========  =========  ======
	   1       71      65      0.437      0.485      3   
	   3       71      63      0.370      0.489      5   

Generation time: 199.378 sec  (193.437 average)
Population 'distance_repr_5' saved! Current generation: 72
Sample chosen: [765, 655, 778, 424, 8, 66, 204, 704, 296, 909]

********** Running generation 72 **********

Full population's fitness overview:
	-       best fitness: 0.71325
	-       mean fitness: 0.34794
	-      worst fitness: 0.09350
	- standard deviation: 0.13758
Best genome overview:
	- fitness: 0.71325
	- size (hid, conn): (0, 15)
	- genome id: 8135
	- belongs to specie: 1
Genetic distance:
	- Maximum: 1.581
	- Mean: 0.701
	- Minimum: 0.000
	- Standard deviation: 0.489

Population of 127 members in 2 species:
	 specie    age    size    fitness    adj fit    stag 
	========  =====  ======  =========  =========  ======
	   1       72      67      0.713      0.478      0   
	   3       72      60      0.453      0.341      6   

Generation time: 189.075 sec  (192.702 average)
Population 'distance_repr_5' saved! Current generation: 73
Sample chosen: [458, 689, 73, 743, 729, 431, 947, 406, 849, 980]

********** Running generation 73 **********

Full population's fitness overview:
	-       best fitness: 0.66708
	-       mean fitness: 0.25080
	-      worst fitness: 0.04448
	- standard deviation: 0.13618
Best genome overview:
	- fitness: 0.66708
	- size (hid, conn): (0, 14)
	- genome id: 8483
	- belongs to specie: 1
Genetic distance:
	- Maximum: 1.680
	- Mean: 0.762
	- Minimum: 0.000
	- Standard deviation: 0.533

Population of 128 members in 2 species:
	 specie    age    size    fitness    adj fit    stag 
	========  =====  ======  =========  =========  ======
	   1       73      72      0.667      0.415      1   
	   3       73      56      0.335      0.238      7   

Generation time: 190.786 sec  (192.503 average)
Population 'distance_repr_5' saved! Current generation: 74
Sample chosen: [818, 254, 605, 9, 167, 26, 148, 235, 946, 14]

********** Running generation 74 **********

Full population's fitness overview:
	-       best fitness: 0.61871
	-       mean fitness: 0.28269
	-      worst fitness: 0.05146
	- standard deviation: 0.15209
Best genome overview:
	- fitness: 0.61871
	- size (hid, conn): (0, 15)
	- genome id: 8604
	- belongs to specie: 1
Genetic distance:
	- Maximum: 1.625
	- Mean: 0.744
	- Minimum: 0.000
	- Standard deviation: 0.547

Population of 128 members in 2 species:
	 specie    age    size    fitness    adj fit    stag 
	========  =====  ======  =========  =========  ======
	   1       74      69      0.619      0.447      2   
	   3       74      59      0.459      0.357      8   

Generation time: 196.843 sec  (193.245 average)
Population 'distance_repr_5' saved! Current generation: 75
Sample chosen: [748, 745, 214, 426, 856, 287, 683, 866, 240, 152]

********** Running generation 75 **********

Full population's fitness overview:
	-       best fitness: 0.65069
	-       mean fitness: 0.34057
	-      worst fitness: 0.06290
	- standard deviation: 0.16472
Best genome overview:
	- fitness: 0.65069
	- size (hid, conn): (0, 14)
	- genome id: 8715
	- belongs to specie: 1
Genetic distance:
	- Maximum: 1.762
	- Mean: 0.717
	- Minimum: 0.000
	- Standard deviation: 0.533

Population of 128 members in 2 species:
	 specie    age    size    fitness    adj fit    stag 
	========  =====  ======  =========  =========  ======
	   1       75      68      0.651      0.534      3   
	   3       75      60      0.485      0.400      9   

Generation time: 190.131 sec  (192.481 average)
Population 'distance_repr_5' saved! Current generation: 76
Sample chosen: [420, 260, 722, 704, 494, 483, 874, 916, 848, 373]

********** Running generation 76 **********

Full population's fitness overview:
	-       best fitness: 0.53342
	-       mean fitness: 0.24446
	-      worst fitness: 0.06639
	- standard deviation: 0.10533
Best genome overview:
	- fitness: 0.53342
	- size (hid, conn): (0, 14)
	- genome id: 8715
	- belongs to specie: 1
Genetic distance:
	- Maximum: 1.613
	- Mean: 0.721
	- Minimum: 0.037
	- Standard deviation: 0.533

Population of 127 members in 2 species:
	 specie    age    size    fitness    adj fit    stag 
	========  =====  ======  =========  =========  ======
	   1       76      66      0.533      0.412      4   
	   3       76      61      0.364      0.346      10  

Generation time: 195.562 sec  (193.983 average)
Population 'distance_repr_5' saved! Current generation: 77
Sample chosen: [711, 879, 24, 271, 42, 512, 941, 891, 484, 719]

********** Running generation 77 **********

Full population's fitness overview:
	-       best fitness: 0.60526
	-       mean fitness: 0.30296
	-      worst fitness: 0.06920
	- standard deviation: 0.14165
Best genome overview:
	- fitness: 0.60526
	- size (hid, conn): (0, 15)
	- genome id: 8979
	- belongs to specie: 1
Genetic distance:
	- Maximum: 1.681
	- Mean: 0.742
	- Minimum: 0.011
	- Standard deviation: 0.531

Population of 128 members in 2 species:
	 specie    age    size    fitness    adj fit    stag 
	========  =====  ======  =========  =========  ======
	   1       77      68      0.605      0.501      5   
	   3       77      60      0.434      0.365      11  

Generation time: 192.348 sec  (193.445 average)
Population 'distance_repr_5' saved! Current generation: 78
Sample chosen: [91, 321, 259, 82, 563, 388, 241, 592, 38, 678]

********** Running generation 78 **********

Full population's fitness overview:
	-       best fitness: 0.70928
	-       mean fitness: 0.34216
	-      worst fitness: 0.04539
	- standard deviation: 0.16543
Best genome overview:
	- fitness: 0.70928
	- size (hid, conn): (0, 15)
	- genome id: 9115
	- belongs to specie: 1
Genetic distance:
	- Maximum: 1.647
	- Mean: 0.784
	- Minimum: 0.000
	- Standard deviation: 0.530

Population of 127 members in 2 species:
	 specie    age    size    fitness    adj fit    stag 
	========  =====  ======  =========  =========  ======
	   1       78      67      0.709      0.503      6   
	   3       78      60      0.488      0.384      12  

Generation time: 182.502 sec  (192.003 average)
Population 'distance_repr_5' saved! Current generation: 79
Sample chosen: [655, 18, 21, 881, 820, 914, 81, 106, 436, 787]

********** Running generation 79 **********

Full population's fitness overview:
	-       best fitness: 0.58996
	-       mean fitness: 0.31606
	-      worst fitness: 0.06603
	- standard deviation: 0.13419
Best genome overview:
	- fitness: 0.58996
	- size (hid, conn): (0, 13)
	- genome id: 9235
	- belongs to specie: 1
Genetic distance:
	- Maximum: 1.781
	- Mean: 0.852
	- Minimum: 0.053
	- Standard deviation: 0.552

Population of 126 members in 2 species:
	 specie    age    size    fitness    adj fit    stag 
	========  =====  ======  =========  =========  ======
	   1       79      68      0.590      0.545      7   
	   3       79      58      0.463      0.401      13  

Generation time: 179.130 sec  (190.732 average)
Population 'distance_repr_5' saved! Current generation: 80
Sample chosen: [768, 80, 457, 279, 312, 60, 921, 249, 89, 476]

********** Running generation 80 **********

Full population's fitness overview:
	-       best fitness: 0.57193
	-       mean fitness: 0.24322
	-      worst fitness: 0.05539
	- standard deviation: 0.11606
Best genome overview:
	- fitness: 0.57193
	- size (hid, conn): (0, 15)
	- genome id: 9328
	- belongs to specie: 1
Genetic distance:
	- Maximum: 1.685
	- Mean: 0.782
	- Minimum: 0.000
	- Standard deviation: 0.491

Population of 127 members in 2 species:
	 specie    age    size    fitness    adj fit    stag 
	========  =====  ======  =========  =========  ======
	   1       80      73      0.572      0.456      8   
	   3       80      54      0.350      0.255      14  

Generation time: 186.763 sec  (190.252 average)
Population 'distance_repr_5' saved! Current generation: 81
Sample chosen: [530, 699, 318, 349, 985, 190, 923, 841, 882, 226]

********** Running generation 81 **********

Full population's fitness overview:
	-       best fitness: 0.68718
	-       mean fitness: 0.29627
	-      worst fitness: 0.06570
	- standard deviation: 0.13981
Best genome overview:
	- fitness: 0.68718
	- size (hid, conn): (0, 14)
	- genome id: 9341
	- belongs to specie: 1
Genetic distance:
	- Maximum: 1.699
	- Mean: 0.763
	- Minimum: 0.010
	- Standard deviation: 0.486

Population of 128 members in 2 species:
	 specie    age    size    fitness    adj fit    stag 
	========  =====  ======  =========  =========  ======
	   1       81      71      0.687      0.415      9   
	   3       81      57      0.419      0.312      15  

Generation time: 190.546 sec  (189.369 average)
Population 'distance_repr_5' saved! Current generation: 82
Sample chosen: [554, 448, 700, 580, 979, 360, 842, 817, 216, 190]

********** Running generation 82 **********

Full population's fitness overview:
	-       best fitness: 0.66295
	-       mean fitness: 0.23368
	-      worst fitness: 0.05662
	- standard deviation: 0.14210
Best genome overview:
	- fitness: 0.66295
	- size (hid, conn): (0, 14)
	- genome id: 9563
	- belongs to specie: 1
Genetic distance:
	- Maximum: 1.650
	- Mean: 0.778
	- Minimum: 0.000
	- Standard deviation: 0.500

Population of 126 members in 2 species:
	 specie    age    size    fitness    adj fit    stag 
	========  =====  ======  =========  =========  ======
	   1       82      74      0.663      0.370      10  
	   3       82      52      0.374      0.195      16  

Generation time: 190.957 sec  (189.557 average)
Population 'distance_repr_5' saved! Current generation: 83
Sample chosen: [867, 211, 945, 127, 552, 888, 911, 397, 791, 93]

********** Running generation 83 **********

Full population's fitness overview:
	-       best fitness: 0.62864
	-       mean fitness: 0.29449
	-      worst fitness: 0.07813
	- standard deviation: 0.15777
Best genome overview:
	- fitness: 0.62864
	- size (hid, conn): (0, 14)
	- genome id: 9716
	- belongs to specie: 1
Genetic distance:
	- Maximum: 1.915
	- Mean: 0.860
	- Minimum: 0.000
	- Standard deviation: 0.528

Population of 127 members in 2 species:
	 specie    age    size    fitness    adj fit    stag 
	========  =====  ======  =========  =========  ======
	   1       83      74      0.629      0.459      11  
	   3       83      53      0.414      0.299      17  

Generation time: 190.228 sec  (189.501 average)
Population 'distance_repr_5' saved! Current generation: 84
Sample chosen: [607, 188, 691, 682, 934, 860, 302, 239, 664, 294]

********** Running generation 84 **********

Full population's fitness overview:
	-       best fitness: 0.69942
	-       mean fitness: 0.34259
	-      worst fitness: 0.08011
	- standard deviation: 0.15402
Best genome overview:
	- fitness: 0.69942
	- size (hid, conn): (0, 14)
	- genome id: 9807
	- belongs to specie: 1
Genetic distance:
	- Maximum: 1.688
	- Mean: 0.795
	- Minimum: 0.000
	- Standard deviation: 0.544

Population of 127 members in 2 species:
	 specie    age    size    fitness    adj fit    stag 
	========  =====  ======  =========  =========  ======
	   1       84      72      0.699      0.483      12  
	   3       84      55      0.481      0.341      18  

Generation time: 184.832 sec  (188.300 average)
Population 'distance_repr_5' saved! Current generation: 85
Sample chosen: [484, 221, 752, 145, 540, 492, 159, 105, 553, 735]

********** Running generation 85 **********

Full population's fitness overview:
	-       best fitness: 0.80121
	-       mean fitness: 0.33856
	-      worst fitness: 0.05271
	- standard deviation: 0.19830
Best genome overview:
	- fitness: 0.80121
	- size (hid, conn): (0, 13)
	- genome id: 9954
	- belongs to specie: 1
Genetic distance:
	- Maximum: 1.745
	- Mean: 0.771
	- Minimum: 0.000
	- Standard deviation: 0.545

Population of 127 members in 2 species:
	 specie    age    size    fitness    adj fit    stag 
	========  =====  ======  =========  =========  ======
	   1       85      76      0.801      0.483      0   
	   3       85      51      0.457      0.250      19  

Generation time: 185.745 sec  (187.861 average)
Population 'distance_repr_5' saved! Current generation: 86
Sample chosen: [74, 517, 455, 656, 440, 935, 221, 813, 551, 437]

********** Running generation 86 **********

Full population's fitness overview:
	-       best fitness: 0.60262
	-       mean fitness: 0.33681
	-      worst fitness: 0.04078
	- standard deviation: 0.15476
Best genome overview:
	- fitness: 0.60262
	- size (hid, conn): (0, 14)
	- genome id: 10078
	- belongs to specie: 1
Genetic distance:
	- Maximum: 1.726
	- Mean: 0.751
	- Minimum: 0.000
	- Standard deviation: 0.564

Population of 128 members in 2 species:
	 specie    age    size    fitness    adj fit    stag 
	========  =====  ======  =========  =========  ======
	   1       86      67      0.603      0.524      1   
	   3       86      61      0.519      0.531      20  

Generation time: 191.186 sec  (187.424 average)
Population 'distance_repr_5' saved! Current generation: 87
Sample chosen: [784, 914, 318, 852, 946, 568, 525, 717, 795, 824]

********** Running generation 87 **********

Full population's fitness overview:
	-       best fitness: 0.71426
	-       mean fitness: 0.31674
	-      worst fitness: 0.03566
	- standard deviation: 0.17182
Best genome overview:
	- fitness: 0.71426
	- size (hid, conn): (0, 13)
	- genome id: 10127
	- belongs to specie: 1
Genetic distance:
	- Maximum: 1.822
	- Mean: 0.831
	- Minimum: 0.015
	- Standard deviation: 0.587

Population of 128 members in 2 species:
	 specie    age    size    fitness    adj fit    stag 
	========  =====  ======  =========  =========  ======
	   1       87      72      0.714      0.534      2   
	   3       87      56      0.446      0.283      21  

Generation time: 187.958 sec  (186.985 average)
Population 'distance_repr_5' saved! Current generation: 88
Sample chosen: [430, 496, 462, 529, 920, 750, 625, 103, 55, 459]

********** Running generation 88 **********

Full population's fitness overview:
	-       best fitness: 0.69394
	-       mean fitness: 0.29716
	-      worst fitness: 0.05430
	- standard deviation: 0.14785
Best genome overview:
	- fitness: 0.69394
	- size (hid, conn): (0, 13)
	- genome id: 10275
	- belongs to specie: 1
Genetic distance:
	- Maximum: 1.671
	- Mean: 0.835
	- Minimum: 0.024
	- Standard deviation: 0.587

Population of 127 members in 2 species:
	 specie    age    size    fitness    adj fit    stag 
	========  =====  ======  =========  =========  ======
	   1       88      69      0.694      0.425      3   
	   3       88      58      0.447      0.321      22  

Generation time: 185.366 sec  (187.271 average)
Population 'distance_repr_5' saved! Current generation: 89
Sample chosen: [609, 572, 679, 933, 15, 84, 728, 198, 342, 934]

********** Running generation 89 **********

Full population's fitness overview:
	-       best fitness: 0.61513
	-       mean fitness: 0.24231
	-      worst fitness: 0.03412
	- standard deviation: 0.12405
Best genome overview:
	- fitness: 0.61513
	- size (hid, conn): (0, 13)
	- genome id: 10388
	- belongs to specie: 1
Genetic distance:
	- Maximum: 1.961
	- Mean: 0.856
	- Minimum: 0.000
	- Standard deviation: 0.591

Population of 127 members in 2 species:
	 specie    age    size    fitness    adj fit    stag 
	========  =====  ======  =========  =========  ======
	   1       89      68      0.615      0.402      4   
	   3       89      59      0.358      0.306      23  

Generation time: 189.779 sec  (188.336 average)
Population 'distance_repr_5' saved! Current generation: 90
Sample chosen: [545, 650, 247, 595, 547, 234, 463, 275, 404, 469]

********** Running generation 90 **********

Full population's fitness overview:
	-       best fitness: 0.68887
	-       mean fitness: 0.26163
	-      worst fitness: 0.02868
	- standard deviation: 0.16217
Best genome overview:
	- fitness: 0.68887
	- size (hid, conn): (0, 14)
	- genome id: 10488
	- belongs to specie: 1
Genetic distance:
	- Maximum: 1.886
	- Mean: 0.881
	- Minimum: 0.025
	- Standard deviation: 0.630

Population of 127 members in 2 species:
	 specie    age    size    fitness    adj fit    stag 
	========  =====  ======  =========  =========  ======
	   1       90      73      0.689      0.444      5   
	   3       90      54      0.326      0.248      24  

Generation time: 190.933 sec  (188.753 average)
Population 'distance_repr_5' saved! Current generation: 91
Sample chosen: [457, 397, 702, 969, 270, 253, 217, 809, 432, 570]

********** Running generation 91 **********

Full population's fitness overview:
	-       best fitness: 0.62974
	-       mean fitness: 0.34792
	-      worst fitness: 0.05169
	- standard deviation: 0.16189
Best genome overview:
	- fitness: 0.62974
	- size (hid, conn): (0, 13)
	- genome id: 10663
	- belongs to specie: 1
Genetic distance:
	- Maximum: 1.775
	- Mean: 0.872
	- Minimum: 0.000
	- Standard deviation: 0.612

Population of 128 members in 2 species:
	 specie    age    size    fitness    adj fit    stag 
	========  =====  ======  =========  =========  ======
	   1       91      73      0.630      0.599      6   
	   3       91      55      0.501      0.395      25  

Generation time: 178.910 sec  (187.590 average)
Population 'distance_repr_5' saved! Current generation: 92
Sample chosen: [176, 738, 40, 508, 306, 995, 497, 236, 644, 283]

********** Running generation 92 **********

Full population's fitness overview:
	-       best fitness: 0.72701
	-       mean fitness: 0.31962
	-      worst fitness: 0.05428
	- standard deviation: 0.18050
Best genome overview:
	- fitness: 0.72701
	- size (hid, conn): (0, 14)
	- genome id: 10733
	- belongs to specie: 1
Genetic distance:
	- Maximum: 1.802
	- Mean: 0.874
	- Minimum: 0.034
	- Standard deviation: 0.608

Population of 126 members in 2 species:
	 specie    age    size    fitness    adj fit    stag 
	========  =====  ======  =========  =========  ======
	   1       92      73      0.727      0.473      7   
	   3       92      53      0.430      0.291      26  

Generation time: 187.917 sec  (187.285 average)
Population 'distance_repr_5' saved! Current generation: 93
Sample chosen: [487, 316, 453, 527, 422, 410, 388, 237, 902, 851]

********** Running generation 93 **********

Full population's fitness overview:
	-       best fitness: 0.63878
	-       mean fitness: 0.36497
	-      worst fitness: 0.06824
	- standard deviation: 0.13383
Best genome overview:
	- fitness: 0.63878
	- size (hid, conn): (0, 14)
	- genome id: 10872
	- belongs to specie: 1
Genetic distance:
	- Maximum: 1.733
	- Mean: 0.864
	- Minimum: 0.000
	- Standard deviation: 0.606

Population of 128 members in 2 species:
	 specie    age    size    fitness    adj fit    stag 
	========  =====  ======  =========  =========  ======
	   1       93      68      0.639      0.542      8   
	   3       93      60      0.494      0.489      27  

Generation time: 179.227 sec  (186.185 average)
Population 'distance_repr_5' saved! Current generation: 94
Sample chosen: [618, 306, 314, 97, 222, 640, 353, 529, 82, 706]

********** Running generation 94 **********

Full population's fitness overview:
	-       best fitness: 0.70343
	-       mean fitness: 0.37650
	-      worst fitness: 0.04028
	- standard deviation: 0.17001
Best genome overview:
	- fitness: 0.70343
	- size (hid, conn): (0, 14)
	- genome id: 10983
	- belongs to specie: 1
Genetic distance:
	- Maximum: 1.783
	- Mean: 0.846
	- Minimum: 0.034
	- Standard deviation: 0.625

Population of 128 members in 2 species:
	 specie    age    size    fitness    adj fit    stag 
	========  =====  ======  =========  =========  ======
	   1       94      65      0.703      0.537      9   
	   3       94      63      0.541      0.474      28  

Generation time: 182.144 sec  (185.917 average)
Population 'distance_repr_5' saved! Current generation: 95
Sample chosen: [928, 539, 328, 711, 237, 306, 167, 154, 482, 772]

********** Running generation 95 **********

Full population's fitness overview:
	-       best fitness: 0.85172
	-       mean fitness: 0.39569
	-      worst fitness: 0.06556
	- standard deviation: 0.18961
Best genome overview:
	- fitness: 0.85172
	- size (hid, conn): (0, 13)
	- genome id: 10990
	- belongs to specie: 1
Genetic distance:
	- Maximum: 1.963
	- Mean: 0.902
	- Minimum: 0.018
	- Standard deviation: 0.644

Population of 128 members in 2 species:
	 specie    age    size    fitness    adj fit    stag 
	========  =====  ======  =========  =========  ======
	   1       95      67      0.852      0.495      0   
	   3       95      61      0.535      0.343      29  

Generation time: 179.839 sec  (185.326 average)
Population 'distance_repr_5' saved! Current generation: 96
Sample chosen: [520, 198, 872, 324, 972, 100, 552, 978, 206, 88]

********** Running generation 96 **********

Full population's fitness overview:
	-       best fitness: 0.79389
	-       mean fitness: 0.36121
	-      worst fitness: 0.03167
	- standard deviation: 0.21692
Best genome overview:
	- fitness: 0.79389
	- size (hid, conn): (0, 14)
	- genome id: 11200
	- belongs to specie: 1
Genetic distance:
	- Maximum: 1.904
	- Mean: 0.929
	- Minimum: 0.000
	- Standard deviation: 0.611

Population of 128 members in 2 species:
	 specie    age    size    fitness    adj fit    stag 
	========  =====  ======  =========  =========  ======
	   1       96      74      0.794      0.578      1   
	   3       96      54      0.480      0.272      30  

Generation time: 176.559 sec  (183.863 average)
Population 'distance_repr_5' saved! Current generation: 97
Sample chosen: [987, 779, 847, 255, 337, 937, 685, 791, 404, 819]

********** Running generation 97 **********

Full population's fitness overview:
	-       best fitness: 0.62327
	-       mean fitness: 0.29554
	-      worst fitness: 0.06287
	- standard deviation: 0.15071
Best genome overview:
	- fitness: 0.62327
	- size (hid, conn): (0, 14)
	- genome id: 11365
	- belongs to specie: 1
Genetic distance:
	- Maximum: 1.878
	- Mean: 0.898
	- Minimum: 0.000
	- Standard deviation: 0.606

Population of 128 members in 2 species:
	 specie    age    size    fitness    adj fit    stag 
	========  =====  ======  =========  =========  ======
	   1       97      71      0.623      0.472      2   
	   3       97      57      0.410      0.338      31  

Generation time: 191.747 sec  (184.242 average)
Population 'distance_repr_5' saved! Current generation: 98
Sample chosen: [615, 521, 674, 209, 921, 371, 225, 10, 810, 903]

********** Running generation 98 **********

Full population's fitness overview:
	-       best fitness: 0.54636
	-       mean fitness: 0.31924
	-      worst fitness: 0.06396
	- standard deviation: 0.10944
Best genome overview:
	- fitness: 0.54636
	- size (hid, conn): (0, 14)
	- genome id: 11460
	- belongs to specie: 1
Genetic distance:
	- Maximum: 1.849
	- Mean: 0.927
	- Minimum: 0.000
	- Standard deviation: 0.609

Population of 126 members in 2 species:
	 specie    age    size    fitness    adj fit    stag 
	========  =====  ======  =========  =========  ======
	   1       98      67      0.546      0.572      3   
	   3       98      59      0.456      0.476      32  

Generation time: 195.648 sec  (185.270 average)
Population 'distance_repr_5' saved! Current generation: 99
Sample chosen: [850, 368, 592, 681, 349, 851, 644, 869, 663, 730]

********** Running generation 99 **********

Full population's fitness overview:
	-       best fitness: 0.62937
	-       mean fitness: 0.27745
	-      worst fitness: 0.07780
	- standard deviation: 0.12475
Best genome overview:
	- fitness: 0.62937
	- size (hid, conn): (0, 12)
	- genome id: 11567
	- belongs to specie: 1
Genetic distance:
	- Maximum: 1.945
	- Mean: 0.901
	- Minimum: 0.000
	- Standard deviation: 0.614

Population of 128 members in 2 species:
	 specie    age    size    fitness    adj fit    stag 
	========  =====  ======  =========  =========  ======
	   1       99      69      0.629      0.424      4   
	   3       99      59      0.430      0.292      33  

Generation time: 186.923 sec  (184.985 average)
Population 'distance_repr_5' saved! Current generation: 100

===> CREATING BLUEPRINTS <===

Creating blueprints for games: [1, 2, 3, 4, 5]

===> CREATING TRACES <===

Creating traces for games: [1, 2, 3, 4, 5]

===> EVALUATING <===

