Population 'novelty_2' saved! Current generation: 0

===> RUNNING FOR THE FOLLOWING CONFIGURATION: <===
	> fitness: novelty
	> gru_enabled: False
	> sexual_reproduction: False
	> Saving under folder: NEAT
	> Train: True (100 iterations)
	> Create blueprints: True
	> Create traces: True


===> TRAINING <===

Sample chosen: [435, 915, 277, 684, 218, 992, 351, 757, 541, 192]

********** Running generation 0 **********

Full population's fitness overview:
	-       best fitness: 0.39622
	-       mean fitness: 0.06948
	-      worst fitness: 0.00000
	- standard deviation: 0.08889
Best genome overview:
	- fitness: 0.39622
	- size (hid, conn): (0, 16)
	- genome id: 64
	- belongs to specie: 3
Genetic distance:
	- Maximum: 2.900
	- Mean: 1.902
	- Minimum: 0.004
	- Standard deviation: 0.392

Population of 128 members in 4 species:
	 SID    age    size    fitness    adj fit    stag 
	=====  =====  ======  =========  =========  ======
	  1      0      63      0.295      0.164      0   
	  2      0      15      0.330      0.185      0   
	  3      0      30      0.396      0.176      0   
	  4      0      20      0.272      0.218      0   

Generation time: 156.378 sec
Population 'novelty_2' saved! Current generation: 1
Sample chosen: [319, 719, 344, 133, 354, 674, 453, 77, 58, 519]

********** Running generation 1 **********

Full population's fitness overview:
	-       best fitness: 0.34012
	-       mean fitness: 0.09569
	-      worst fitness: 0.00041
	- standard deviation: 0.06163
Best genome overview:
	- fitness: 0.34012
	- size (hid, conn): (0, 15)
	- genome id: 228
	- belongs to specie: 1
Genetic distance:
	- Maximum: 3.038
	- Mean: 1.932
	- Minimum: 0.028
	- Standard deviation: 0.365

Population of 126 members in 4 species:
	 SID    age    size    fitness    adj fit    stag 
	=====  =====  ======  =========  =========  ======
	  1      1      47      0.340      0.304      0   
	  2      1      43      0.157      0.189      1   
	  3      1      27      0.201      0.299      1   
	  4      1      9       0.274      0.248      0   

Generation time: 163.591 sec  (159.984 average)
Population 'novelty_2' saved! Current generation: 2
Sample chosen: [324, 761, 2, 749, 37, 648, 877, 135, 255, 330]

********** Running generation 2 **********

Full population's fitness overview:
	-       best fitness: 0.25757
	-       mean fitness: 0.09977
	-      worst fitness: 0.00104
	- standard deviation: 0.05623
Best genome overview:
	- fitness: 0.25757
	- size (hid, conn): (0, 15)
	- genome id: 245
	- belongs to specie: 1
Genetic distance:
	- Maximum: 3.038
	- Mean: 1.954
	- Minimum: 0.000
	- Standard deviation: 0.392

Population of 128 members in 6 species:
	 SID    age    size    fitness    adj fit    stag 
	=====  =====  ======  =========  =========  ======
	  1      2      33      0.258      0.422      1   
	  2      2      34      0.236      0.388      2   
	  3      2      21      0.254      0.326      2   
	  4      2      31      0.201      0.353      1   
	  5      0      4        --         --        0   
	  6      0      5        --         --        0   

Generation time: 161.237 sec  (160.402 average)
Population 'novelty_2' saved! Current generation: 3
Sample chosen: [462, 436, 194, 429, 760, 386, 676, 40, 354, 726]

********** Running generation 3 **********

Full population's fitness overview:
	-       best fitness: 0.31182
	-       mean fitness: 0.10402
	-      worst fitness: 0.00517
	- standard deviation: 0.06376
Best genome overview:
	- fitness: 0.31182
	- size (hid, conn): (0, 17)
	- genome id: 412
	- belongs to specie: 4
Genetic distance:
	- Maximum: 2.907
	- Mean: 1.882
	- Minimum: 0.000
	- Standard deviation: 0.506

Population of 127 members in 6 species:
	 SID    age    size    fitness    adj fit    stag 
	=====  =====  ======  =========  =========  ======
	  1      3      5       0.292      0.354      2   
	  2      3      21      0.236      0.346      3   
	  3      3      6       0.242      0.358      3   
	  4      3      22      0.312      0.241      0   
	  5      1      36      0.134      0.326      0   
	  6      1      37      0.189      0.305      0   

Generation time: 161.203 sec  (160.602 average)
Population 'novelty_2' saved! Current generation: 4
Sample chosen: [790, 428, 90, 958, 275, 827, 6, 576, 684, 954]

********** Running generation 4 **********

Full population's fitness overview:
	-       best fitness: 0.28191
	-       mean fitness: 0.11200
	-      worst fitness: 0.00025
	- standard deviation: 0.06723
Best genome overview:
	- fitness: 0.28191
	- size (hid, conn): (0, 17)
	- genome id: 485
	- belongs to specie: 4
Genetic distance:
	- Maximum: 2.863
	- Mean: 1.895
	- Minimum: 0.000
	- Standard deviation: 0.609

Population of 127 members in 6 species:
	 SID    age    size    fitness    adj fit    stag 
	=====  =====  ======  =========  =========  ======
	  1      4      10      0.102      0.292      3   
	  2      4      23      0.279      0.398      4   
	  3      4      15      0.223      0.541      4   
	  4      4      21      0.282      0.403      1   
	  5      2      30      0.204      0.374      0   
	  6      2      28      0.253      0.405      0   

Generation time: 160.036 sec  (160.489 average)
Population 'novelty_2' saved! Current generation: 5
Sample chosen: [443, 756, 188, 139, 959, 661, 718, 848, 970, 170]

********** Running generation 5 **********

Full population's fitness overview:
	-       best fitness: 0.42638
	-       mean fitness: 0.12548
	-      worst fitness: 0.00259
	- standard deviation: 0.07400
Best genome overview:
	- fitness: 0.42638
	- size (hid, conn): (0, 14)
	- genome id: 617
	- belongs to specie: 6
Genetic distance:
	- Maximum: 2.940
	- Mean: 1.910
	- Minimum: 0.000
	- Standard deviation: 0.527

Population of 127 members in 6 species:
	 SID    age    size    fitness    adj fit    stag 
	=====  =====  ======  =========  =========  ======
	  1      5      15      0.153      0.172      4   
	  2      5      9       0.268      0.343      5   
	  3      5      14      0.193      0.195      5   
	  4      5      17      0.216      0.276      2   
	  5      3      45      0.284      0.266      0   
	  6      3      27      0.426      0.375      0   

Generation time: 157.664 sec  (160.018 average)
Population 'novelty_2' saved! Current generation: 6
Sample chosen: [887, 520, 905, 57, 572, 70, 942, 496, 252, 316]

********** Running generation 6 **********

Full population's fitness overview:
	-       best fitness: 0.31747
	-       mean fitness: 0.12405
	-      worst fitness: 0.00122
	- standard deviation: 0.06203
Best genome overview:
	- fitness: 0.31747
	- size (hid, conn): (0, 16)
	- genome id: 686
	- belongs to specie: 6
Genetic distance:
	- Maximum: 2.943
	- Mean: 1.897
	- Minimum: 0.000
	- Standard deviation: 0.604

Population of 126 members in 7 species:
	 SID    age    size    fitness    adj fit    stag 
	=====  =====  ======  =========  =========  ======
	  1      6      19      0.202      0.345      5   
	  2      6      8       0.260      0.435      6   
	  3      6      6       0.209      0.365      6   
	  4      6      33      0.205      0.268      3   
	  5      4      2       0.258      0.423      1   
	  6      4      20      0.317      0.427      1   
	  7      0      38       --         --        0   

Generation time: 164.785 sec  (160.699 average)
Population 'novelty_2' saved! Current generation: 7
Sample chosen: [508, 716, 9, 624, 872, 628, 574, 357, 609, 3]

********** Running generation 7 **********

Full population's fitness overview:
	-       best fitness: 0.34434
	-       mean fitness: 0.11129
	-      worst fitness: 0.02329
	- standard deviation: 0.05738
Best genome overview:
	- fitness: 0.34434
	- size (hid, conn): (0, 15)
	- genome id: 800
	- belongs to specie: 6
Genetic distance:
	- Maximum: 2.945
	- Mean: 1.865
	- Minimum: 0.000
	- Standard deviation: 0.672

Population of 132 members in 7 species:
	 SID    age    size    fitness    adj fit    stag 
	=====  =====  ======  =========  =========  ======
	  1      7      20      0.275      0.219      6   
	  2      7      8       0.232      0.282      7   
	  3      7      9       0.107      0.191      7   
	  4      7      27      0.220      0.242      4   
	  5      5      4       0.081      0.092      2   
	  6      5      18      0.344      0.355      2   
	  7      1      46      0.253      0.308      0   

Generation time: 159.986 sec  (160.610 average)
Population 'novelty_2' saved! Current generation: 8
Sample chosen: [760, 614, 441, 874, 436, 782, 128, 149, 350, 882]

********** Running generation 8 **********

Full population's fitness overview:
	-       best fitness: 0.33370
	-       mean fitness: 0.10486
	-      worst fitness: 0.00400
	- standard deviation: 0.06162
Best genome overview:
	- fitness: 0.33370
	- size (hid, conn): (0, 15)
	- genome id: 625
	- belongs to specie: 6
Genetic distance:
	- Maximum: 2.999
	- Mean: 1.884
	- Minimum: 0.000
	- Standard deviation: 0.643

Population of 131 members in 7 species:
	 SID    age    size    fitness    adj fit    stag 
	=====  =====  ======  =========  =========  ======
	  1      8      16      0.150      0.184      7   
	  2      8      13      0.180      0.281      8   
	  3      8      14      0.253      0.369      8   
	  4      8      20      0.175      0.294      5   
	  5      6      11      0.074      0.089      3   
	  6      6      23      0.334      0.399      3   
	  7      2      34      0.228      0.340      1   

Generation time: 168.736 sec  (161.513 average)
Population 'novelty_2' saved! Current generation: 9
Sample chosen: [296, 651, 451, 500, 520, 430, 909, 490, 153, 486]

********** Running generation 9 **********

Full population's fitness overview:
	-       best fitness: 0.33446
	-       mean fitness: 0.09999
	-      worst fitness: 0.00210
	- standard deviation: 0.06328
Best genome overview:
	- fitness: 0.33446
	- size (hid, conn): (1, 16)
	- genome id: 1060
	- belongs to specie: 7
Genetic distance:
	- Maximum: 3.093
	- Mean: 1.858
	- Minimum: 0.000
	- Standard deviation: 0.651

Population of 127 members in 7 species:
	 SID    age    size    fitness    adj fit    stag 
	=====  =====  ======  =========  =========  ======
	  1      9      17      0.211      0.282      8   
	  2      9      17      0.221      0.276      9   
	  3      9      12      0.155      0.211      9   
	  4      9      20      0.196      0.277      6   
	  5      7      13      0.187      0.191      4   
	  6      7      22      0.307      0.331      4   
	  7      3      26      0.334      0.361      0   

Generation time: 167.081 sec  (162.070 average)
Population 'novelty_2' saved! Current generation: 10
Sample chosen: [183, 837, 206, 416, 259, 799, 724, 292, 741, 36]

********** Running generation 10 **********

Full population's fitness overview:
	-       best fitness: 0.36757
	-       mean fitness: 0.09079
	-      worst fitness: 0.00401
	- standard deviation: 0.06324
Best genome overview:
	- fitness: 0.36757
	- size (hid, conn): (0, 15)
	- genome id: 1144
	- belongs to specie: 6
Genetic distance:
	- Maximum: 2.991
	- Mean: 1.856
	- Minimum: 0.000
	- Standard deviation: 0.664

Population of 126 members in 7 species:
	 SID    age    size    fitness    adj fit    stag 
	=====  =====  ======  =========  =========  ======
	  1     10      17      0.198      0.205      9   
	  2     10      16      0.213      0.176      10  
	  3     10      15      0.128      0.224      10  
	  4     10      18      0.160      0.171      7   
	  5      8      11      0.108      0.115      5   
	  6      8      23      0.368      0.366      5   
	  7      4      26      0.273      0.315      1   

Generation time: 161.664 sec  (162.598 average)
Population 'novelty_2' saved! Current generation: 11
Sample chosen: [887, 899, 988, 555, 447, 261, 350, 500, 513, 778]

********** Running generation 11 **********

Full population's fitness overview:
	-       best fitness: 0.37101
	-       mean fitness: 0.11821
	-      worst fitness: 0.00204
	- standard deviation: 0.06942
Best genome overview:
	- fitness: 0.37101
	- size (hid, conn): (1, 16)
	- genome id: 1060
	- belongs to specie: 7
Genetic distance:
	- Maximum: 3.109
	- Mean: 1.910
	- Minimum: 0.000
	- Standard deviation: 0.631

Population of 128 members in 7 species:
	 SID    age    size    fitness    adj fit    stag 
	=====  =====  ======  =========  =========  ======
	  1     11      18      0.219      0.291      10  
	  2     11      17      0.211      0.286      11  
	  3     11      3       0.315      0.366      11  
	  4     11      23      0.236      0.275      8   
	  5      9      13      0.142      0.125      6   
	  6      9      30      0.220      0.295      6   
	  7      5      24      0.371      0.444      0   

Generation time: 161.013 sec  (162.341 average)
Population 'novelty_2' saved! Current generation: 12
Sample chosen: [553, 248, 185, 787, 397, 204, 255, 161, 598, 677]

********** Running generation 12 **********

Full population's fitness overview:
	-       best fitness: 0.32749
	-       mean fitness: 0.12263
	-      worst fitness: 0.01884
	- standard deviation: 0.06170
Best genome overview:
	- fitness: 0.32749
	- size (hid, conn): (0, 14)
	- genome id: 1410
	- belongs to specie: 2
Genetic distance:
	- Maximum: 3.079
	- Mean: 1.884
	- Minimum: 0.000
	- Standard deviation: 0.648

Population of 128 members in 7 species:
	 SID    age    size    fitness    adj fit    stag 
	=====  =====  ======  =========  =========  ======
	  1     12      16      0.185      0.231      11  
	  2     12      17      0.327      0.387      12  
	  3     12      8       0.200      0.259      12  
	  4     12      26      0.263      0.404      9   
	  5     10      14      0.200      0.207      7   
	  6     10      27      0.296      0.349      7   
	  7      6      20      0.246      0.378      1   

Generation time: 163.214 sec  (162.538 average)
Population 'novelty_2' saved! Current generation: 13
Sample chosen: [500, 631, 315, 483, 1000, 217, 665, 216, 210, 118]

********** Running generation 13 **********

Full population's fitness overview:
	-       best fitness: 0.38475
	-       mean fitness: 0.10348
	-      worst fitness: 0.00743
	- standard deviation: 0.07660
Best genome overview:
	- fitness: 0.38475
	- size (hid, conn): (2, 13)
	- genome id: 1529
	- belongs to specie: 1
Genetic distance:
	- Maximum: 3.128
	- Mean: 1.926
	- Minimum: 0.000
	- Standard deviation: 0.668

Population of 127 members in 8 species:
	 SID    age    size    fitness    adj fit    stag 
	=====  =====  ======  =========  =========  ======
	  1     13      17      0.385      0.240      0   
	  2     13      16      0.147      0.208      13  
	  3     13      5       0.133      0.196      13  
	  4     13      15      0.174      0.188      10  
	  5     11      12      0.133      0.128      8   
	  6     11      10      0.333      0.307      8   
	  7      7      19      0.370      0.434      2   
	  8      0      33       --         --        0   

Generation time: 165.278 sec  (162.946 average)
Population 'novelty_2' saved! Current generation: 14
Sample chosen: [899, 71, 436, 803, 871, 498, 72, 929, 681, 141]

********** Running generation 14 **********

Full population's fitness overview:
	-       best fitness: 0.30768
	-       mean fitness: 0.10083
	-      worst fitness: 0.00105
	- standard deviation: 0.06110
Best genome overview:
	- fitness: 0.30768
	- size (hid, conn): (0, 15)
	- genome id: 1608
	- belongs to specie: 2
Genetic distance:
	- Maximum: 3.173
	- Mean: 1.959
	- Minimum: 0.000
	- Standard deviation: 0.714

Population of 128 members in 8 species:
	 SID    age    size    fitness    adj fit    stag 
	=====  =====  ======  =========  =========  ======
	  1     14      16      0.196      0.296      1   
	  2     14      15      0.308      0.359      14  
	  3     14      11      0.203      0.365      14  
	  4     14      14      0.195      0.216      11  
	  5     12      14      0.195      0.282      9   
	  6     12      7       0.242      0.464      9   
	  7      8      19      0.282      0.436      3   
	  8      1      32      0.221      0.278      0   

Generation time: 164.620 sec  (163.404 average)
Population 'novelty_2' saved! Current generation: 15
Sample chosen: [492, 181, 720, 96, 535, 617, 107, 286, 703, 456]

********** Running generation 15 **********

Full population's fitness overview:
	-       best fitness: 0.35306
	-       mean fitness: 0.09804
	-      worst fitness: 0.00268
	- standard deviation: 0.06371
Best genome overview:
	- fitness: 0.35306
	- size (hid, conn): (2, 17)
	- genome id: 1665
	- belongs to specie: 6

Species 3 with 11 members is stagnated (fitness: 0.12447144432743859): removing it
Genetic distance:
	- Maximum: 3.186
	- Mean: 1.900
	- Minimum: 0.000
	- Standard deviation: 0.740

Population of 126 members in 7 species:
	 SID    age    size    fitness    adj fit    stag 
	=====  =====  ======  =========  =========  ======
	  1     15      16      0.160      0.238      2   
	  2     15      15      0.156      0.222      15  
	  4     15      17      0.144      0.195      12  
	  5     13      11      0.124      0.171      10  
	  6     13      18      0.353      0.541      10  
	  7      9      24      0.294      0.437      4   
	  8      2      25      0.245      0.258      0   

Generation time: 162.839 sec  (163.922 average)
Population 'novelty_2' saved! Current generation: 16
Sample chosen: [91, 985, 150, 396, 1000, 229, 154, 43, 517, 41]

********** Running generation 16 **********

Full population's fitness overview:
	-       best fitness: 0.39000
	-       mean fitness: 0.10484
	-      worst fitness: 0.00640
	- standard deviation: 0.07121
Best genome overview:
	- fitness: 0.39000
	- size (hid, conn): (0, 12)
	- genome id: 1765
	- belongs to specie: 7

Species 2 with 15 members is stagnated (fitness: 0.24310553749681296): removing it
Genetic distance:
	- Maximum: 3.083
	- Mean: 1.861
	- Minimum: 0.000
	- Standard deviation: 0.822

Population of 126 members in 6 species:
	 SID    age    size    fitness    adj fit    stag 
	=====  =====  ======  =========  =========  ======
	  1     16      18      0.219      0.193      3   
	  4     16      18      0.122      0.170      13  
	  5     14      16      0.133      0.190      11  
	  6     14      18      0.163      0.186      11  
	  7     10      28      0.390      0.368      0   
	  8      3      28      0.340      0.297      0   

Generation time: 161.454 sec  (163.589 average)
Population 'novelty_2' saved! Current generation: 17
Sample chosen: [464, 99, 982, 243, 679, 293, 658, 761, 275, 624]

********** Running generation 17 **********

Full population's fitness overview:
	-       best fitness: 0.24872
	-       mean fitness: 0.09713
	-      worst fitness: 0.00767
	- standard deviation: 0.05365
Best genome overview:
	- fitness: 0.24872
	- size (hid, conn): (0, 12)
	- genome id: 1765
	- belongs to specie: 7
Genetic distance:
	- Maximum: 3.048
	- Mean: 1.941
	- Minimum: 0.000
	- Standard deviation: 0.802

Population of 127 members in 6 species:
	 SID    age    size    fitness    adj fit    stag 
	=====  =====  ======  =========  =========  ======
	  1     17      19      0.184      0.348      4   
	  4     17      7       0.132      0.235      14  
	  5     15      29      0.148      0.308      12  
	  6     15      20      0.232      0.365      12  
	  7     11      27      0.249      0.529      1   
	  8      4      25      0.199      0.356      1   

Generation time: 159.803 sec  (163.570 average)
Population 'novelty_2' saved! Current generation: 18
Sample chosen: [56, 212, 961, 713, 171, 67, 396, 532, 241, 546]

********** Running generation 18 **********

Full population's fitness overview:
	-       best fitness: 0.33464
	-       mean fitness: 0.10515
	-      worst fitness: 0.00299
	- standard deviation: 0.06479
Best genome overview:
	- fitness: 0.33464
	- size (hid, conn): (1, 14)
	- genome id: 1973
	- belongs to specie: 6

Species 4 with 7 members is stagnated (fitness: 0.13726378510769183): removing it
Genetic distance:
	- Maximum: 3.026
	- Mean: 1.939
	- Minimum: 0.000
	- Standard deviation: 0.829

Population of 128 members in 5 species:
	 SID    age    size    fitness    adj fit    stag 
	=====  =====  ======  =========  =========  ======
	  1     18      20      0.223      0.257      5   
	  5     16      28      0.199      0.248      13  
	  6     16      24      0.335      0.389      13  
	  7     12      29      0.293      0.346      2   
	  8      5      27      0.235      0.330      2   

Generation time: 162.218 sec  (162.918 average)
Population 'novelty_2' saved! Current generation: 19
Sample chosen: [434, 515, 825, 719, 726, 359, 612, 413, 70, 576]

********** Running generation 19 **********

Full population's fitness overview:
	-       best fitness: 0.36269
	-       mean fitness: 0.12084
	-      worst fitness: 0.00526
	- standard deviation: 0.06704
Best genome overview:
	- fitness: 0.36269
	- size (hid, conn): (0, 12)
	- genome id: 2086
	- belongs to specie: 7
Genetic distance:
	- Maximum: 3.121
	- Mean: 1.915
	- Minimum: 0.000
	- Standard deviation: 0.805

Population of 128 members in 5 species:
	 SID    age    size    fitness    adj fit    stag 
	=====  =====  ======  =========  =========  ======
	  1     19      21      0.224      0.275      6   
	  5     17      29      0.248      0.333      14  
	  6     17      29      0.264      0.391      14  
	  7     13      24      0.363      0.330      3   
	  8      6      25      0.310      0.283      3   

Generation time: 164.573 sec  (162.668 average)
Population 'novelty_2' saved! Current generation: 20
Sample chosen: [797, 80, 684, 58, 444, 976, 559, 132, 746, 823]

********** Running generation 20 **********

Full population's fitness overview:
	-       best fitness: 0.26680
	-       mean fitness: 0.11010
	-      worst fitness: 0.02615
	- standard deviation: 0.05199
Best genome overview:
	- fitness: 0.26680
	- size (hid, conn): (0, 12)
	- genome id: 2080
	- belongs to specie: 7

Species 5 with 29 members is stagnated (fitness: 0.17499442678518742): removing it
Genetic distance:
	- Maximum: 2.927
	- Mean: 1.754
	- Minimum: 0.000
	- Standard deviation: 0.834

Population of 128 members in 4 species:
	 SID    age    size    fitness    adj fit    stag 
	=====  =====  ======  =========  =========  ======
	  1     20      27      0.221      0.250      7   
	  6     18      36      0.225      0.377      15  
	  7     14      33      0.267      0.431      4   
	  8      7      32      0.220      0.356      4   

Generation time: 160.990 sec  (162.600 average)
Population 'novelty_2' saved! Current generation: 21
Sample chosen: [723, 874, 417, 459, 556, 816, 949, 356, 351, 164]

********** Running generation 21 **********

Full population's fitness overview:
	-       best fitness: 0.34788
	-       mean fitness: 0.12279
	-      worst fitness: 0.00274
	- standard deviation: 0.06769
Best genome overview:
	- fitness: 0.34788
	- size (hid, conn): (1, 14)
	- genome id: 2168
	- belongs to specie: 7
Genetic distance:
	- Maximum: 2.824
	- Mean: 1.827
	- Minimum: 0.010
	- Standard deviation: 0.778

Population of 128 members in 4 species:
	 SID    age    size    fitness    adj fit    stag 
	=====  =====  ======  =========  =========  ======
	  1     21      26      0.265      0.276      8   
	  6     19      35      0.277      0.362      16  
	  7     15      31      0.348      0.383      5   
	  8      8      36      0.286      0.355      5   

Generation time: 162.786 sec  (162.777 average)
Population 'novelty_2' saved! Current generation: 22
Sample chosen: [378, 287, 267, 427, 250, 276, 307, 840, 269, 448]

********** Running generation 22 **********

Full population's fitness overview:
	-       best fitness: 0.40914
	-       mean fitness: 0.11367
	-      worst fitness: 0.00494
	- standard deviation: 0.07723
Best genome overview:
	- fitness: 0.40914
	- size (hid, conn): (2, 17)
	- genome id: 2458
	- belongs to specie: 6
Genetic distance:
	- Maximum: 2.819
	- Mean: 1.823
	- Minimum: 0.042
	- Standard deviation: 0.713

Population of 126 members in 4 species:
	 SID    age    size    fitness    adj fit    stag 
	=====  =====  ======  =========  =========  ======
	  1     22      23      0.131      0.136      9   
	  6     20      36      0.409      0.354      17  
	  7     16      35      0.408      0.326      0   
	  8      9      32      0.171      0.234      6   

Generation time: 163.151 sec  (162.771 average)
Population 'novelty_2' saved! Current generation: 23
Sample chosen: [222, 130, 409, 177, 31, 280, 971, 808, 25, 366]

********** Running generation 23 **********

Full population's fitness overview:
	-       best fitness: 0.31506
	-       mean fitness: 0.11007
	-      worst fitness: 0.01406
	- standard deviation: 0.05842
Best genome overview:
	- fitness: 0.31506
	- size (hid, conn): (0, 15)
	- genome id: 2567
	- belongs to specie: 8
Genetic distance:
	- Maximum: 2.797
	- Mean: 1.850
	- Minimum: 0.000
	- Standard deviation: 0.698

Population of 127 members in 4 species:
	 SID    age    size    fitness    adj fit    stag 
	=====  =====  ======  =========  =========  ======
	  1     23      27      0.206      0.237      10  
	  6     21      38      0.256      0.395      18  
	  7     17      34      0.245      0.325      1   
	  8     10      28      0.315      0.286      7   

Generation time: 162.153 sec  (162.459 average)
Population 'novelty_2' saved! Current generation: 24
Sample chosen: [116, 865, 292, 301, 503, 799, 760, 667, 261, 156]

********** Running generation 24 **********

Full population's fitness overview:
	-       best fitness: 0.40081
	-       mean fitness: 0.11014
	-      worst fitness: 0.01201
	- standard deviation: 0.06105
Best genome overview:
	- fitness: 0.40081
	- size (hid, conn): (0, 12)
	- genome id: 2548
	- belongs to specie: 7
Genetic distance:
	- Maximum: 2.810
	- Mean: 1.814
	- Minimum: 0.000
	- Standard deviation: 0.690

Population of 127 members in 4 species:
	 SID    age    size    fitness    adj fit    stag 
	=====  =====  ======  =========  =========  ======
	  1     24      27      0.229      0.160      11  
	  6     22      36      0.242      0.285      19  
	  7     18      33      0.401      0.281      2   
	  8     11      31      0.222      0.262      8   

Generation time: 160.401 sec  (162.037 average)
Population 'novelty_2' saved! Current generation: 25
Sample chosen: [830, 662, 26, 777, 823, 221, 995, 313, 141, 401]

********** Running generation 25 **********

Full population's fitness overview:
	-       best fitness: 0.29092
	-       mean fitness: 0.10712
	-      worst fitness: 0.00598
	- standard deviation: 0.06380
Best genome overview:
	- fitness: 0.29092
	- size (hid, conn): (0, 13)
	- genome id: 2740
	- belongs to specie: 7
Genetic distance:
	- Maximum: 2.843
	- Mean: 1.810
	- Minimum: 0.000
	- Standard deviation: 0.710

Population of 127 members in 4 species:
	 SID    age    size    fitness    adj fit    stag 
	=====  =====  ======  =========  =========  ======
	  1     25      24      0.166      0.237      12  
	  6     23      37      0.283      0.412      20  
	  7     19      33      0.291      0.425      3   
	  8     12      33      0.238      0.317      9   

Generation time: 163.867 sec  (162.140 average)
Population 'novelty_2' saved! Current generation: 26
Sample chosen: [789, 189, 146, 267, 591, 754, 578, 784, 406, 593]

********** Running generation 26 **********

Full population's fitness overview:
	-       best fitness: 0.29508
	-       mean fitness: 0.11053
	-      worst fitness: 0.00194
	- standard deviation: 0.06140
Best genome overview:
	- fitness: 0.29508
	- size (hid, conn): (0, 11)
	- genome id: 2857
	- belongs to specie: 7
Genetic distance:
	- Maximum: 2.913
	- Mean: 1.796
	- Minimum: 0.005
	- Standard deviation: 0.682

Population of 127 members in 4 species:
	 SID    age    size    fitness    adj fit    stag 
	=====  =====  ======  =========  =========  ======
	  1     26      26      0.205      0.282      13  
	  6     24      37      0.276      0.404      21  
	  7     20      36      0.295      0.499      4   
	  8     13      28      0.229      0.268      10  

Generation time: 163.656 sec  (162.360 average)
Population 'novelty_2' saved! Current generation: 27
Sample chosen: [170, 437, 462, 815, 771, 985, 860, 672, 272, 745]

********** Running generation 27 **********

Full population's fitness overview:
	-       best fitness: 0.32980
	-       mean fitness: 0.11661
	-      worst fitness: 0.00601
	- standard deviation: 0.06930
Best genome overview:
	- fitness: 0.32980
	- size (hid, conn): (0, 11)
	- genome id: 2957
	- belongs to specie: 7
Genetic distance:
	- Maximum: 3.024
	- Mean: 1.793
	- Minimum: 0.037
	- Standard deviation: 0.629

Population of 128 members in 4 species:
	 SID    age    size    fitness    adj fit    stag 
	=====  =====  ======  =========  =========  ======
	  1     27      26      0.167      0.199      14  
	  6     25      38      0.311      0.396      22  
	  7     21      35      0.330      0.418      5   
	  8     14      29      0.273      0.302      11  

Generation time: 162.783 sec  (162.658 average)
Population 'novelty_2' saved! Current generation: 28
Sample chosen: [535, 477, 205, 268, 617, 493, 837, 596, 135, 912]

********** Running generation 28 **********

Full population's fitness overview:
	-       best fitness: 0.34530
	-       mean fitness: 0.11116
	-      worst fitness: 0.00290
	- standard deviation: 0.06757
Best genome overview:
	- fitness: 0.34530
	- size (hid, conn): (0, 12)
	- genome id: 3084
	- belongs to specie: 7

Species 1 with 26 members is stagnated (fitness: 0.15131510891867916): removing it
Genetic distance:
	- Maximum: 2.998
	- Mean: 1.564
	- Minimum: 0.000
	- Standard deviation: 0.582

Population of 128 members in 4 species:
	 SID    age    size    fitness    adj fit    stag 
	=====  =====  ======  =========  =========  ======
	  6     26      47      0.300      0.365      23  
	  7     22      42      0.345      0.407      6   
	  8     15      37      0.242      0.249      12  
	  9      0      2        --         --        0   

Generation time: 162.186 sec  (162.654 average)
Population 'novelty_2' saved! Current generation: 29
Sample chosen: [603, 89, 473, 218, 511, 857, 273, 431, 643, 506]

********** Running generation 29 **********

Full population's fitness overview:
	-       best fitness: 0.36117
	-       mean fitness: 0.12675
	-      worst fitness: 0.01657
	- standard deviation: 0.05288
Best genome overview:
	- fitness: 0.36117
	- size (hid, conn): (0, 11)
	- genome id: 3206
	- belongs to specie: 7
Genetic distance:
	- Maximum: 3.072
	- Mean: 1.809
	- Minimum: 0.000
	- Standard deviation: 0.654

Population of 127 members in 4 species:
	 SID    age    size    fitness    adj fit    stag 
	=====  =====  ======  =========  =========  ======
	  6     27      41      0.274      0.313      24  
	  7     23      34      0.361      0.343      7   
	  8     16      35      0.211      0.302      13  
	  9      1      17      0.148      0.319      0   

Generation time: 159.830 sec  (162.180 average)
Population 'novelty_2' saved! Current generation: 30
Sample chosen: [450, 320, 321, 107, 313, 161, 203, 983, 298, 980]

********** Running generation 30 **********

Full population's fitness overview:
	-       best fitness: 0.33352
	-       mean fitness: 0.10866
	-      worst fitness: 0.00366
	- standard deviation: 0.06671
Best genome overview:
	- fitness: 0.33352
	- size (hid, conn): (0, 12)
	- genome id: 3300
	- belongs to specie: 7
Genetic distance:
	- Maximum: 3.065
	- Mean: 1.772
	- Minimum: 0.000
	- Standard deviation: 0.737

Population of 128 members in 4 species:
	 SID    age    size    fitness    adj fit    stag 
	=====  =====  ======  =========  =========  ======
	  6     28      38      0.289      0.323      25  
	  7     24      40      0.334      0.405      8   
	  8     17      30      0.292      0.297      14  
	  9      2      20      0.217      0.178      0   

Generation time: 159.017 sec  (161.983 average)
Population 'novelty_2' saved! Current generation: 31
Sample chosen: [32, 781, 919, 593, 645, 233, 730, 658, 948, 794]

********** Running generation 31 **********

Full population's fitness overview:
	-       best fitness: 0.32178
	-       mean fitness: 0.11922
	-      worst fitness: 0.00236
	- standard deviation: 0.06302
Best genome overview:
	- fitness: 0.32178
	- size (hid, conn): (1, 12)
	- genome id: 3415
	- belongs to specie: 7
Genetic distance:
	- Maximum: 3.095
	- Mean: 1.775
	- Minimum: 0.018
	- Standard deviation: 0.758

Population of 128 members in 4 species:
	 SID    age    size    fitness    adj fit    stag 
	=====  =====  ======  =========  =========  ======
	  6     29      36      0.234      0.402      26  
	  7     25      37      0.322      0.421      9   
	  8     18      30      0.226      0.317      15  
	  9      3      25      0.206      0.260      1   

Generation time: 163.155 sec  (162.020 average)
Population 'novelty_2' saved! Current generation: 32
Sample chosen: [833, 181, 850, 603, 211, 978, 442, 770, 732, 37]

********** Running generation 32 **********

Full population's fitness overview:
	-       best fitness: 0.35659
	-       mean fitness: 0.13247
	-      worst fitness: 0.01455
	- standard deviation: 0.06504
Best genome overview:
	- fitness: 0.35659
	- size (hid, conn): (2, 17)
	- genome id: 3573
	- belongs to specie: 6

Species 8 with 30 members is stagnated (fitness: 0.2525643964489101): removing it
Genetic distance:
	- Maximum: 3.181
	- Mean: 1.709
	- Minimum: 0.017
	- Standard deviation: 0.869

Population of 127 members in 3 species:
	 SID    age    size    fitness    adj fit    stag 
	=====  =====  ======  =========  =========  ======
	  6     30      42      0.357      0.366      27  
	  7     26      54      0.278      0.453      10  
	  9      4      31      0.173      0.206      2   

Generation time: 159.477 sec  (161.652 average)
Population 'novelty_2' saved! Current generation: 33
Sample chosen: [14, 415, 168, 161, 737, 117, 498, 340, 531, 816]

********** Running generation 33 **********

Full population's fitness overview:
	-       best fitness: 0.26877
	-       mean fitness: 0.12591
	-      worst fitness: 0.02324
	- standard deviation: 0.05701
Best genome overview:
	- fitness: 0.26877
	- size (hid, conn): (0, 11)
	- genome id: 3708
	- belongs to specie: 7
Genetic distance:
	- Maximum: 3.214
	- Mean: 1.759
	- Minimum: 0.009
	- Standard deviation: 0.833

Population of 128 members in 3 species:
	 SID    age    size    fitness    adj fit    stag 
	=====  =====  ======  =========  =========  ======
	  6     31      47      0.238      0.456      28  
	  7     27      50      0.269      0.496      11  
	  9      5      31      0.225      0.231      0   

Generation time: 164.758 sec  (161.913 average)
Population 'novelty_2' saved! Current generation: 34
Sample chosen: [679, 183, 261, 776, 455, 65, 932, 652, 839, 681]

********** Running generation 34 **********

Full population's fitness overview:
	-       best fitness: 0.34573
	-       mean fitness: 0.11812
	-      worst fitness: 0.00423
	- standard deviation: 0.07008
Best genome overview:
	- fitness: 0.34573
	- size (hid, conn): (1, 12)
	- genome id: 3751
	- belongs to specie: 7
Genetic distance:
	- Maximum: 3.201
	- Mean: 1.747
	- Minimum: 0.008
	- Standard deviation: 0.821

Population of 128 members in 3 species:
	 SID    age    size    fitness    adj fit    stag 
	=====  =====  ======  =========  =========  ======
	  6     32      45      0.332      0.326      29  
	  7     28      50      0.346      0.418      12  
	  9      6      33      0.213      0.208      1   

Generation time: 163.770 sec  (162.250 average)
Population 'novelty_2' saved! Current generation: 35
Sample chosen: [41, 852, 112, 821, 389, 156, 666, 876, 200, 849]

********** Running generation 35 **********

Full population's fitness overview:
	-       best fitness: 0.31997
	-       mean fitness: 0.11582
	-      worst fitness: 0.00426
	- standard deviation: 0.07224
Best genome overview:
	- fitness: 0.31997
	- size (hid, conn): (0, 10)
	- genome id: 3877
	- belongs to specie: 7
Genetic distance:
	- Maximum: 3.230
	- Mean: 1.764
	- Minimum: 0.026
	- Standard deviation: 0.845

Population of 128 members in 3 species:
	 SID    age    size    fitness    adj fit    stag 
	=====  =====  ======  =========  =========  ======
	  6     33      46      0.312      0.375      30  
	  7     29      48      0.320      0.419      13  
	  9      7      34      0.188      0.225      2   

Generation time: 164.149 sec  (162.278 average)
Population 'novelty_2' saved! Current generation: 36
Sample chosen: [257, 585, 182, 339, 411, 410, 261, 798, 994, 13]

********** Running generation 36 **********

Full population's fitness overview:
	-       best fitness: 0.33578
	-       mean fitness: 0.10945
	-      worst fitness: 0.00392
	- standard deviation: 0.06004
Best genome overview:
	- fitness: 0.33578
	- size (hid, conn): (2, 18)
	- genome id: 4025
	- belongs to specie: 6
Genetic distance:
	- Maximum: 3.214
	- Mean: 1.834
	- Minimum: 0.039
	- Standard deviation: 0.816

Population of 127 members in 3 species:
	 SID    age    size    fitness    adj fit    stag 
	=====  =====  ======  =========  =========  ======
	  6     34      37      0.336      0.313      31  
	  7     30      53      0.289      0.370      14  
	  9      8      37      0.217      0.252      3   

Generation time: 164.776 sec  (162.390 average)
Population 'novelty_2' saved! Current generation: 37
Sample chosen: [354, 166, 690, 798, 423, 339, 16, 712, 404, 459]

********** Running generation 37 **********

Full population's fitness overview:
	-       best fitness: 0.57294
	-       mean fitness: 0.12007
	-      worst fitness: 0.01469
	- standard deviation: 0.07118
Best genome overview:
	- fitness: 0.57294
	- size (hid, conn): (0, 10)
	- genome id: 4149
	- belongs to specie: 7
Genetic distance:
	- Maximum: 3.146
	- Mean: 1.780
	- Minimum: 0.000
	- Standard deviation: 0.781

Population of 128 members in 3 species:
	 SID    age    size    fitness    adj fit    stag 
	=====  =====  ======  =========  =========  ======
	  6     35      41      0.338      0.215      32  
	  7     31      50      0.573      0.211      0   
	  9      9      37      0.214      0.131      4   

Generation time: 161.012 sec  (162.213 average)
Population 'novelty_2' saved! Current generation: 38
Sample chosen: [526, 483, 275, 704, 209, 716, 98, 59, 334, 988]

********** Running generation 38 **********

Full population's fitness overview:
	-       best fitness: 0.41275
	-       mean fitness: 0.12031
	-      worst fitness: 0.02727
	- standard deviation: 0.06539
Best genome overview:
	- fitness: 0.41275
	- size (hid, conn): (0, 10)
	- genome id: 4149
	- belongs to specie: 7
Genetic distance:
	- Maximum: 3.168
	- Mean: 1.795
	- Minimum: 0.000
	- Standard deviation: 0.787

Population of 127 members in 3 species:
	 SID    age    size    fitness    adj fit    stag 
	=====  =====  ======  =========  =========  ======
	  6     36      41      0.227      0.251      33  
	  7     32      51      0.413      0.297      1   
	  9     10      35      0.286      0.156      0   

Generation time: 166.962 sec  (162.691 average)
Population 'novelty_2' saved! Current generation: 39
Sample chosen: [675, 930, 405, 107, 729, 814, 75, 630, 915, 166]

********** Running generation 39 **********

Full population's fitness overview:
	-       best fitness: 0.45507
	-       mean fitness: 0.11477
	-      worst fitness: 0.01485
	- standard deviation: 0.07281
Best genome overview:
	- fitness: 0.45507
	- size (hid, conn): (1, 14)
	- genome id: 4346
	- belongs to specie: 7
Genetic distance:
	- Maximum: 3.186
	- Mean: 1.857
	- Minimum: 0.000
	- Standard deviation: 0.791

Population of 126 members in 3 species:
	 SID    age    size    fitness    adj fit    stag 
	=====  =====  ======  =========  =========  ======
	  6     37      27      0.278      0.212      34  
	  7     33      67      0.455      0.290      2   
	  9     11      32      0.194      0.153      1   

Generation time: 161.928 sec  (162.900 average)
Population 'novelty_2' saved! Current generation: 40
Sample chosen: [998, 951, 999, 653, 724, 962, 762, 996, 468, 579]

********** Running generation 40 **********

Full population's fitness overview:
	-       best fitness: 0.34428
	-       mean fitness: 0.10121
	-      worst fitness: 0.00516
	- standard deviation: 0.06474
Best genome overview:
	- fitness: 0.34428
	- size (hid, conn): (0, 10)
	- genome id: 4458
	- belongs to specie: 7
Genetic distance:
	- Maximum: 3.185
	- Mean: 1.933
	- Minimum: 0.000
	- Standard deviation: 0.801

Population of 127 members in 3 species:
	 SID    age    size    fitness    adj fit    stag 
	=====  =====  ======  =========  =========  ======
	  6     38      28      0.285      0.212      35  
	  7     34      68      0.344      0.374      3   
	  9     12      31      0.115      0.154      2   

Generation time: 164.850 sec  (163.484 average)
Population 'novelty_2' saved! Current generation: 41
Sample chosen: [792, 455, 941, 816, 714, 204, 97, 29, 108, 406]

********** Running generation 41 **********

Full population's fitness overview:
	-       best fitness: 0.40835
	-       mean fitness: 0.13571
	-      worst fitness: 0.00113
	- standard deviation: 0.07899
Best genome overview:
	- fitness: 0.40835
	- size (hid, conn): (1, 11)
	- genome id: 4574
	- belongs to specie: 7
Genetic distance:
	- Maximum: 3.239
	- Mean: 1.838
	- Minimum: 0.010
	- Standard deviation: 0.846

Population of 127 members in 3 species:
	 SID    age    size    fitness    adj fit    stag 
	=====  =====  ======  =========  =========  ======
	  6     39      20      0.298      0.284      36  
	  7     35      74      0.408      0.404      4   
	  9     13      33      0.183      0.210      3   

Generation time: 164.184 sec  (163.587 average)
Population 'novelty_2' saved! Current generation: 42
Sample chosen: [506, 208, 719, 616, 724, 607, 742, 531, 949, 922]

********** Running generation 42 **********

Full population's fitness overview:
	-       best fitness: 0.33945
	-       mean fitness: 0.12208
	-      worst fitness: 0.00570
	- standard deviation: 0.07525
Best genome overview:
	- fitness: 0.33945
	- size (hid, conn): (1, 11)
	- genome id: 4719
	- belongs to specie: 7
Genetic distance:
	- Maximum: 3.288
	- Mean: 1.967
	- Minimum: 0.000
	- Standard deviation: 0.856

Population of 128 members in 3 species:
	 SID    age    size    fitness    adj fit    stag 
	=====  =====  ======  =========  =========  ======
	  6     40      16      0.285      0.294      37  
	  7     36      76      0.339      0.413      5   
	  9     14      36      0.176      0.238      4   

Generation time: 162.269 sec  (163.866 average)
Population 'novelty_2' saved! Current generation: 43
Sample chosen: [552, 85, 847, 278, 564, 573, 87, 494, 526, 308]

********** Running generation 43 **********

Full population's fitness overview:
	-       best fitness: 0.31620
	-       mean fitness: 0.11835
	-      worst fitness: 0.00615
	- standard deviation: 0.07189
Best genome overview:
	- fitness: 0.31620
	- size (hid, conn): (3, 18)
	- genome id: 4855
	- belongs to specie: 7
Genetic distance:
	- Maximum: 3.216
	- Mean: 1.903
	- Minimum: 0.007
	- Standard deviation: 0.805

Population of 128 members in 3 species:
	 SID    age    size    fitness    adj fit    stag 
	=====  =====  ======  =========  =========  ======
	  6     41      15      0.197      0.316      38  
	  7     37      76      0.316      0.426      6   
	  9     15      37      0.257      0.247      5   

Generation time: 162.968 sec  (163.687 average)
Population 'novelty_2' saved! Current generation: 44
Sample chosen: [417, 169, 294, 635, 808, 78, 829, 540, 6, 131]

********** Running generation 44 **********

Full population's fitness overview:
	-       best fitness: 0.33485
	-       mean fitness: 0.12257
	-      worst fitness: 0.00332
	- standard deviation: 0.07277
Best genome overview:
	- fitness: 0.33485
	- size (hid, conn): (0, 9)
	- genome id: 4917
	- belongs to specie: 7
Genetic distance:
	- Maximum: 3.315
	- Mean: 1.921
	- Minimum: 0.007
	- Standard deviation: 0.806

Population of 128 members in 3 species:
	 SID    age    size    fitness    adj fit    stag 
	=====  =====  ======  =========  =========  ======
	  6     42      33      0.246      0.351      39  
	  7     38      62      0.335      0.423      7   
	  9     16      33      0.234      0.233      6   

Generation time: 163.500 sec  (163.660 average)
Population 'novelty_2' saved! Current generation: 45
Sample chosen: [661, 161, 514, 126, 608, 888, 557, 589, 548, 113]

********** Running generation 45 **********

Full population's fitness overview:
	-       best fitness: 0.33708
	-       mean fitness: 0.10948
	-      worst fitness: 0.00915
	- standard deviation: 0.07178
Best genome overview:
	- fitness: 0.33708
	- size (hid, conn): (0, 8)
	- genome id: 5061
	- belongs to specie: 7
Genetic distance:
	- Maximum: 3.275
	- Mean: 1.823
	- Minimum: 0.004
	- Standard deviation: 0.799

Population of 127 members in 3 species:
	 SID    age    size    fitness    adj fit    stag 
	=====  =====  ======  =========  =========  ======
	  6     43      47      0.258      0.284      40  
	  7     39      47      0.337      0.379      8   
	  9     17      33      0.137      0.190      7   

Generation time: 165.939 sec  (163.839 average)
Population 'novelty_2' saved! Current generation: 46
Sample chosen: [6, 975, 832, 301, 126, 293, 545, 621, 349, 873]

********** Running generation 46 **********

Full population's fitness overview:
	-       best fitness: 0.38578
	-       mean fitness: 0.11910
	-      worst fitness: 0.00523
	- standard deviation: 0.07561
Best genome overview:
	- fitness: 0.38578
	- size (hid, conn): (1, 10)
	- genome id: 5157
	- belongs to specie: 7
Genetic distance:
	- Maximum: 3.235
	- Mean: 1.741
	- Minimum: 0.003
	- Standard deviation: 0.828

Population of 128 members in 3 species:
	 SID    age    size    fitness    adj fit    stag 
	=====  =====  ======  =========  =========  ======
	  6     44      45      0.300      0.273      41  
	  7     40      49      0.386      0.395      9   
	  9     18      34      0.235      0.201      8   

Generation time: 162.965 sec  (163.658 average)
Population 'novelty_2' saved! Current generation: 47
Sample chosen: [704, 991, 396, 722, 815, 778, 539, 283, 568, 602]

********** Running generation 47 **********

Full population's fitness overview:
	-       best fitness: 0.35600
	-       mean fitness: 0.12091
	-      worst fitness: 0.00546
	- standard deviation: 0.07267
Best genome overview:
	- fitness: 0.35600
	- size (hid, conn): (3, 19)
	- genome id: 5315
	- belongs to specie: 6
Genetic distance:
	- Maximum: 3.208
	- Mean: 1.703
	- Minimum: 0.000
	- Standard deviation: 0.818

Population of 128 members in 3 species:
	 SID    age    size    fitness    adj fit    stag 
	=====  =====  ======  =========  =========  ======
	  6     45      41      0.356      0.324      42  
	  7     41      53      0.299      0.420      10  
	  9     19      34      0.162      0.206      9   

Generation time: 164.331 sec  (163.990 average)
Population 'novelty_2' saved! Current generation: 48
Sample chosen: [864, 802, 920, 298, 7, 127, 926, 445, 978, 291]

********** Running generation 48 **********

Full population's fitness overview:
	-       best fitness: 0.37501
	-       mean fitness: 0.12380
	-      worst fitness: 0.00261
	- standard deviation: 0.06043
Best genome overview:
	- fitness: 0.37501
	- size (hid, conn): (0, 9)
	- genome id: 5447
	- belongs to specie: 7
Genetic distance:
	- Maximum: 3.254
	- Mean: 1.732
	- Minimum: 0.072
	- Standard deviation: 0.785

Population of 129 members in 4 species:
	 SID    age    size    fitness    adj fit    stag 
	=====  =====  ======  =========  =========  ======
	  6     46      40      0.184      0.280      43  
	  7     42      52      0.375      0.413      11  
	  9     20      29      0.180      0.244      10  
	 10      0      8        --         --        0   

Generation time: 159.109 sec  (163.204 average)
Population 'novelty_2' saved! Current generation: 49
Sample chosen: [164, 884, 713, 592, 878, 596, 994, 177, 637, 538]

********** Running generation 49 **********

Full population's fitness overview:
	-       best fitness: 0.33133
	-       mean fitness: 0.09902
	-      worst fitness: 0.00546
	- standard deviation: 0.06661
Best genome overview:
	- fitness: 0.33133
	- size (hid, conn): (0, 9)
	- genome id: 5502
	- belongs to specie: 7
Genetic distance:
	- Maximum: 3.238
	- Mean: 1.753
	- Minimum: 0.039
	- Standard deviation: 0.791

Population of 129 members in 4 species:
	 SID    age    size    fitness    adj fit    stag 
	=====  =====  ======  =========  =========  ======
	  6     47      36      0.196      0.248      44  
	  7     43      49      0.331      0.402      12  
	  9     21      17      0.176      0.163      11  
	 10      1      27      0.205      0.184      0   

Generation time: 161.625 sec  (163.174 average)
Population 'novelty_2' saved! Current generation: 50
Sample chosen: [898, 977, 484, 983, 469, 25, 178, 208, 522, 39]

********** Running generation 50 **********

Full population's fitness overview:
	-       best fitness: 0.36514
	-       mean fitness: 0.10372
	-      worst fitness: 0.01279
	- standard deviation: 0.07764
Best genome overview:
	- fitness: 0.36514
	- size (hid, conn): (0, 8)
	- genome id: 5643
	- belongs to specie: 7
Genetic distance:
	- Maximum: 3.199
	- Mean: 1.700
	- Minimum: 0.000
	- Standard deviation: 0.763

Population of 129 members in 4 species:
	 SID    age    size    fitness    adj fit    stag 
	=====  =====  ======  =========  =========  ======
	  6     48      36      0.331      0.263      45  
	  7     44      46      0.365      0.349      13  
	  9     22      23      0.165      0.181      12  
	 10      2      24      0.139      0.135      1   

Generation time: 163.402 sec  (163.029 average)
Population 'novelty_2' saved! Current generation: 51
Sample chosen: [280, 98, 31, 472, 203, 652, 192, 887, 389, 370]

********** Running generation 51 **********

Full population's fitness overview:
	-       best fitness: 0.36480
	-       mean fitness: 0.12518
	-      worst fitness: 0.01435
	- standard deviation: 0.07522
Best genome overview:
	- fitness: 0.36480
	- size (hid, conn): (1, 9)
	- genome id: 5741
	- belongs to specie: 7
Genetic distance:
	- Maximum: 3.235
	- Mean: 1.727
	- Minimum: 0.000
	- Standard deviation: 0.739

Population of 127 members in 4 species:
	 SID    age    size    fitness    adj fit    stag 
	=====  =====  ======  =========  =========  ======
	  6     49      33      0.236      0.274      46  
	  7     45      47      0.365      0.476      14  
	  9     23      24      0.170      0.229      13  
	 10      3      23      0.148      0.157      2   

Generation time: 166.345 sec  (163.245 average)
Population 'novelty_2' saved! Current generation: 52
Sample chosen: [880, 189, 584, 184, 712, 281, 246, 910, 890, 249]

********** Running generation 52 **********

Full population's fitness overview:
	-       best fitness: 0.39864
	-       mean fitness: 0.12593
	-      worst fitness: 0.01537
	- standard deviation: 0.07500
Best genome overview:
	- fitness: 0.39864
	- size (hid, conn): (0, 8)
	- genome id: 5836
	- belongs to specie: 7
Genetic distance:
	- Maximum: 3.330
	- Mean: 1.767
	- Minimum: 0.000
	- Standard deviation: 0.738

Population of 127 members in 4 species:
	 SID    age    size    fitness    adj fit    stag 
	=====  =====  ======  =========  =========  ======
	  6     50      33      0.220      0.266      47  
	  7     46      48      0.399      0.433      15  
	  9     24      22      0.150      0.159      14  
	 10      4      24      0.150      0.161      3   

Generation time: 164.492 sec  (163.467 average)
Population 'novelty_2' saved! Current generation: 53
Sample chosen: [596, 821, 218, 446, 459, 633, 485, 628, 60, 849]

********** Running generation 53 **********

Full population's fitness overview:
	-       best fitness: 0.35016
	-       mean fitness: 0.11189
	-      worst fitness: 0.00350
	- standard deviation: 0.07620
Best genome overview:
	- fitness: 0.35016
	- size (hid, conn): (1, 10)
	- genome id: 5961
	- belongs to specie: 7

Species 9 with 22 members is stagnated (fitness: 0.15512784556280057): removing it
Genetic distance:
	- Maximum: 3.058
	- Mean: 1.602
	- Minimum: 0.000
	- Standard deviation: 0.732

Population of 126 members in 3 species:
	 SID    age    size    fitness    adj fit    stag 
	=====  =====  ======  =========  =========  ======
	  6     51      40      0.228      0.291      48  
	  7     47      57      0.350      0.439      16  
	 10      5      29      0.208      0.189      0   

Generation time: 162.723 sec  (163.443 average)
Population 'novelty_2' saved! Current generation: 54
Sample chosen: [472, 821, 661, 415, 195, 980, 550, 929, 855, 706]

********** Running generation 54 **********

Full population's fitness overview:
	-       best fitness: 0.36989
	-       mean fitness: 0.11777
	-      worst fitness: 0.01147
	- standard deviation: 0.07663
Best genome overview:
	- fitness: 0.36989
	- size (hid, conn): (1, 9)
	- genome id: 5966
	- belongs to specie: 7
Genetic distance:
	- Maximum: 3.159
	- Mean: 1.659
	- Minimum: 0.000
	- Standard deviation: 0.697

Population of 126 members in 3 species:
	 SID    age    size    fitness    adj fit    stag 
	=====  =====  ======  =========  =========  ======
	  6     52      40      0.237      0.246      49  
	  7     48      59      0.370      0.416      17  
	 10      6      27      0.146      0.133      1   

Generation time: 160.108 sec  (163.104 average)
Population 'novelty_2' saved! Current generation: 55
Sample chosen: [916, 897, 552, 512, 474, 532, 889, 903, 998, 682]

********** Running generation 55 **********

Full population's fitness overview:
	-       best fitness: 0.37466
	-       mean fitness: 0.11616
	-      worst fitness: 0.00897
	- standard deviation: 0.08345
Best genome overview:
	- fitness: 0.37466
	- size (hid, conn): (1, 9)
	- genome id: 6188
	- belongs to specie: 7
Genetic distance:
	- Maximum: 3.160
	- Mean: 1.645
	- Minimum: 0.000
	- Standard deviation: 0.697

Population of 128 members in 3 species:
	 SID    age    size    fitness    adj fit    stag 
	=====  =====  ======  =========  =========  ======
	  6     53      35      0.279      0.211      50  
	  7     49      65      0.375      0.418      18  
	 10      7      28      0.135      0.141      2   

Generation time: 161.024 sec  (162.612 average)
Population 'novelty_2' saved! Current generation: 56
Sample chosen: [20, 560, 868, 100, 347, 796, 81, 223, 706, 577]

********** Running generation 56 **********

Full population's fitness overview:
	-       best fitness: 0.42637
	-       mean fitness: 0.10379
	-      worst fitness: 0.00051
	- standard deviation: 0.08012
Best genome overview:
	- fitness: 0.42637
	- size (hid, conn): (0, 7)
	- genome id: 6185
	- belongs to specie: 7
Genetic distance:
	- Maximum: 3.180
	- Mean: 1.727
	- Minimum: 0.000
	- Standard deviation: 0.769

Population of 127 members in 4 species:
	 SID    age    size    fitness    adj fit    stag 
	=====  =====  ======  =========  =========  ======
	  6     54      30      0.185      0.211      51  
	  7     50      56      0.426      0.305      19  
	 10      8      30      0.117      0.137      3   
	 11      0      11       --         --        0   

Generation time: 162.598 sec  (162.576 average)
Population 'novelty_2' saved! Current generation: 57
Sample chosen: [240, 510, 787, 414, 789, 63, 3, 164, 935, 613]

********** Running generation 57 **********

Full population's fitness overview:
	-       best fitness: 0.42475
	-       mean fitness: 0.10238
	-      worst fitness: 0.01422
	- standard deviation: 0.07590
Best genome overview:
	- fitness: 0.42475
	- size (hid, conn): (0, 7)
	- genome id: 6444
	- belongs to specie: 7
Genetic distance:
	- Maximum: 3.327
	- Mean: 1.860
	- Minimum: 0.000
	- Standard deviation: 0.824

Population of 126 members in 4 species:
	 SID    age    size    fitness    adj fit    stag 
	=====  =====  ======  =========  =========  ======
	  6     55      29      0.267      0.182      52  
	  7     51      46      0.425      0.262      20  
	 10      9      30      0.237      0.168      0   
	 11      1      21      0.173      0.195      0   

Generation time: 154.206 sec  (161.563 average)
Population 'novelty_2' saved! Current generation: 58
Sample chosen: [346, 232, 52, 335, 174, 48, 851, 106, 504, 354]

********** Running generation 58 **********

Full population's fitness overview:
	-       best fitness: 0.37327
	-       mean fitness: 0.11509
	-      worst fitness: 0.01653
	- standard deviation: 0.07383
Best genome overview:
	- fitness: 0.37327
	- size (hid, conn): (0, 9)
	- genome id: 6549
	- belongs to specie: 7
Genetic distance:
	- Maximum: 3.270
	- Mean: 1.889
	- Minimum: 0.000
	- Standard deviation: 0.829

Population of 127 members in 4 species:
	 SID    age    size    fitness    adj fit    stag 
	=====  =====  ======  =========  =========  ======
	  6     56      32      0.264      0.282      53  
	  7     52      45      0.373      0.395      21  
	 10     10      23      0.136      0.131      1   
	 11      2      27      0.184      0.217      0   

Generation time: 162.909 sec  (161.943 average)
Population 'novelty_2' saved! Current generation: 59
Sample chosen: [431, 133, 889, 954, 166, 912, 295, 652, 196, 690]

********** Running generation 59 **********

Full population's fitness overview:
	-       best fitness: 0.38765
	-       mean fitness: 0.12220
	-      worst fitness: 0.01228
	- standard deviation: 0.07377
Best genome overview:
	- fitness: 0.38765
	- size (hid, conn): (3, 16)
	- genome id: 6709
	- belongs to specie: 11
Genetic distance:
	- Maximum: 3.296
	- Mean: 1.832
	- Minimum: 0.000
	- Standard deviation: 0.803

Population of 127 members in 4 species:
	 SID    age    size    fitness    adj fit    stag 
	=====  =====  ======  =========  =========  ======
	  6     57      31      0.355      0.263      54  
	  7     53      45      0.332      0.382      22  
	 10     11      25      0.222      0.189      2   
	 11      3      26      0.388      0.268      0   

Generation time: 162.521 sec  (162.033 average)
Population 'novelty_2' saved! Current generation: 60
Sample chosen: [811, 882, 871, 124, 774, 302, 725, 317, 652, 911]

********** Running generation 60 **********

Full population's fitness overview:
	-       best fitness: 0.30949
	-       mean fitness: 0.10364
	-      worst fitness: 0.00194
	- standard deviation: 0.07455
Best genome overview:
	- fitness: 0.30949
	- size (hid, conn): (1, 12)
	- genome id: 6790
	- belongs to specie: 6
Genetic distance:
	- Maximum: 3.147
	- Mean: 1.845
	- Minimum: 0.000
	- Standard deviation: 0.800

Population of 128 members in 4 species:
	 SID    age    size    fitness    adj fit    stag 
	=====  =====  ======  =========  =========  ======
	  6     58      29      0.309      0.306      55  
	  7     54      47      0.297      0.473      23  
	 10     12      25      0.183      0.177      3   
	 11      4      27      0.224      0.261      1   

Generation time: 163.130 sec  (162.005 average)
Population 'novelty_2' saved! Current generation: 61
Sample chosen: [849, 720, 921, 620, 174, 332, 772, 907, 192, 716]

********** Running generation 61 **********

Full population's fitness overview:
	-       best fitness: 0.34460
	-       mean fitness: 0.12487
	-      worst fitness: 0.00538
	- standard deviation: 0.07586
Best genome overview:
	- fitness: 0.34460
	- size (hid, conn): (1, 9)
	- genome id: 6909
	- belongs to specie: 7
Genetic distance:
	- Maximum: 3.171
	- Mean: 1.877
	- Minimum: 0.000
	- Standard deviation: 0.798

Population of 129 members in 4 species:
	 SID    age    size    fitness    adj fit    stag 
	=====  =====  ======  =========  =========  ======
	  6     59      30      0.218      0.311      56  
	  7     55      46      0.345      0.508      24  
	 10     13      27      0.188      0.222      4   
	 11      5      26      0.263      0.247      2   

Generation time: 164.640 sec  (161.835 average)
Population 'novelty_2' saved! Current generation: 62
Sample chosen: [512, 871, 581, 288, 460, 403, 950, 200, 954, 576]

********** Running generation 62 **********

Full population's fitness overview:
	-       best fitness: 0.36803
	-       mean fitness: 0.12621
	-      worst fitness: 0.01864
	- standard deviation: 0.06669
Best genome overview:
	- fitness: 0.36803
	- size (hid, conn): (0, 9)
	- genome id: 7001
	- belongs to specie: 7
Genetic distance:
	- Maximum: 3.139
	- Mean: 1.900
	- Minimum: 0.031
	- Standard deviation: 0.788

Population of 128 members in 4 species:
	 SID    age    size    fitness    adj fit    stag 
	=====  =====  ======  =========  =========  ======
	  6     60      32      0.215      0.308      57  
	  7     56      43      0.368      0.421      25  
	 10     14      25      0.192      0.152      5   
	 11      6      28      0.200      0.269      3   

Generation time: 166.196 sec  (162.005 average)
Population 'novelty_2' saved! Current generation: 63
Sample chosen: [453, 240, 853, 635, 993, 388, 709, 382, 760, 165]

********** Running generation 63 **********

Full population's fitness overview:
	-       best fitness: 0.42961
	-       mean fitness: 0.10460
	-      worst fitness: 0.00183
	- standard deviation: 0.07601
Best genome overview:
	- fitness: 0.42961
	- size (hid, conn): (0, 9)
	- genome id: 7084
	- belongs to specie: 7
Genetic distance:
	- Maximum: 3.158
	- Mean: 1.865
	- Minimum: 0.000
	- Standard deviation: 0.804

Population of 129 members in 4 species:
	 SID    age    size    fitness    adj fit    stag 
	=====  =====  ======  =========  =========  ======
	  6     61      32      0.342      0.226      58  
	  7     57      42      0.430      0.329      26  
	 10     15      26      0.178      0.143      6   
	 11      7      29      0.181      0.207      4   

Generation time: 163.184 sec  (162.052 average)
Population 'novelty_2' saved! Current generation: 64
Sample chosen: [33, 422, 438, 823, 556, 864, 777, 870, 75, 472]

********** Running generation 64 **********

Full population's fitness overview:
	-       best fitness: 0.50481
	-       mean fitness: 0.10300
	-      worst fitness: 0.00380
	- standard deviation: 0.07317
Best genome overview:
	- fitness: 0.50481
	- size (hid, conn): (0, 9)
	- genome id: 7195
	- belongs to specie: 7
Genetic distance:
	- Maximum: 3.058
	- Mean: 1.875
	- Minimum: 0.000
	- Standard deviation: 0.819

Population of 127 members in 4 species:
	 SID    age    size    fitness    adj fit    stag 
	=====  =====  ======  =========  =========  ======
	  6     62      31      0.216      0.176      59  
	  7     58      43      0.505      0.294      27  
	 10     16      25      0.213      0.113      7   
	 11      8      28      0.168      0.159      5   

Generation time: 165.624 sec  (162.603 average)
Population 'novelty_2' saved! Current generation: 65
Sample chosen: [799, 914, 996, 766, 565, 713, 160, 216, 772, 986]

********** Running generation 65 **********

Full population's fitness overview:
	-       best fitness: 0.48955
	-       mean fitness: 0.11672
	-      worst fitness: 0.00887
	- standard deviation: 0.07462
Best genome overview:
	- fitness: 0.48955
	- size (hid, conn): (1, 13)
	- genome id: 7335
	- belongs to specie: 7
Genetic distance:
	- Maximum: 2.951
	- Mean: 1.903
	- Minimum: 0.000
	- Standard deviation: 0.782

Population of 128 members in 4 species:
	 SID    age    size    fitness    adj fit    stag 
	=====  =====  ======  =========  =========  ======
	  6     63      31      0.241      0.201      60  
	  7     59      43      0.490      0.319      28  
	 10     17      23      0.144      0.136      8   
	 11      9      31      0.216      0.185      6   

Generation time: 163.371 sec  (162.838 average)
Population 'novelty_2' saved! Current generation: 66
Sample chosen: [130, 192, 684, 500, 625, 543, 705, 662, 35, 367]

********** Running generation 66 **********

Full population's fitness overview:
	-       best fitness: 0.36800
	-       mean fitness: 0.12213
	-      worst fitness: 0.00997
	- standard deviation: 0.07035
Best genome overview:
	- fitness: 0.36800
	- size (hid, conn): (1, 11)
	- genome id: 7445
	- belongs to specie: 7
Genetic distance:
	- Maximum: 2.912
	- Mean: 1.861
	- Minimum: 0.000
	- Standard deviation: 0.796

Population of 128 members in 4 species:
	 SID    age    size    fitness    adj fit    stag 
	=====  =====  ======  =========  =========  ======
	  6     64      31      0.271      0.284      61  
	  7     60      41      0.368      0.419      29  
	 10     18      24      0.135      0.175      9   
	 11     10      32      0.221      0.299      7   

Generation time: 160.248 sec  (162.603 average)
Population 'novelty_2' saved! Current generation: 67
Sample chosen: [633, 60, 623, 621, 68, 536, 478, 437, 758, 378]

********** Running generation 67 **********

Full population's fitness overview:
	-       best fitness: 0.44564
	-       mean fitness: 0.11091
	-      worst fitness: 0.01064
	- standard deviation: 0.08075
Best genome overview:
	- fitness: 0.44564
	- size (hid, conn): (0, 7)
	- genome id: 7429
	- belongs to specie: 7
Genetic distance:
	- Maximum: 3.065
	- Mean: 1.865
	- Minimum: 0.018
	- Standard deviation: 0.802

Population of 128 members in 4 species:
	 SID    age    size    fitness    adj fit    stag 
	=====  =====  ======  =========  =========  ======
	  6     65      30      0.254      0.188      62  
	  7     61      44      0.446      0.351      30  
	 10     19      23      0.122      0.113      10  
	 11     11      31      0.266      0.206      8   

Generation time: 164.279 sec  (163.610 average)
Population 'novelty_2' saved! Current generation: 68
Sample chosen: [303, 682, 318, 632, 84, 339, 43, 908, 379, 906]

********** Running generation 68 **********

Full population's fitness overview:
	-       best fitness: 0.34187
	-       mean fitness: 0.09436
	-      worst fitness: 0.00355
	- standard deviation: 0.06907
Best genome overview:
	- fitness: 0.34187
	- size (hid, conn): (0, 9)
	- genome id: 7681
	- belongs to specie: 7

Species 6 with 30 members is stagnated (fitness: 0.18407649031048265): removing it
Genetic distance:
	- Maximum: 2.856
	- Mean: 1.583
	- Minimum: 0.000
	- Standard deviation: 0.847

Population of 128 members in 3 species:
	 SID    age    size    fitness    adj fit    stag 
	=====  =====  ======  =========  =========  ======
	  7     62      58      0.342      0.360      31  
	 10     20      29      0.142      0.126      11  
	 11     12      41      0.207      0.227      9   

Generation time: 167.034 sec  (164.023 average)
Population 'novelty_2' saved! Current generation: 69
Sample chosen: [347, 302, 274, 129, 69, 64, 213, 500, 636, 269]

********** Running generation 69 **********

Full population's fitness overview:
	-       best fitness: 0.36659
	-       mean fitness: 0.09864
	-      worst fitness: 0.00928
	- standard deviation: 0.07234
Best genome overview:
	- fitness: 0.36659
	- size (hid, conn): (0, 10)
	- genome id: 7809
	- belongs to specie: 7
Genetic distance:
	- Maximum: 2.846
	- Mean: 1.642
	- Minimum: 0.000
	- Standard deviation: 0.836

Population of 129 members in 3 species:
	 SID    age    size    fitness    adj fit    stag 
	=====  =====  ======  =========  =========  ======
	  7     63      60      0.367      0.352      32  
	 10     21      30      0.124      0.127      12  
	 11     13      39      0.277      0.193      10  

Generation time: 163.747 sec  (164.145 average)
Population 'novelty_2' saved! Current generation: 70
Sample chosen: [483, 631, 609, 491, 286, 399, 670, 267, 7, 527]

********** Running generation 70 **********

Full population's fitness overview:
	-       best fitness: 0.43220
	-       mean fitness: 0.09807
	-      worst fitness: 0.00441
	- standard deviation: 0.07570
Best genome overview:
	- fitness: 0.43220
	- size (hid, conn): (0, 8)
	- genome id: 7913
	- belongs to specie: 7
Genetic distance:
	- Maximum: 2.846
	- Mean: 1.688
	- Minimum: 0.008
	- Standard deviation: 0.810

Population of 128 members in 3 species:
	 SID    age    size    fitness    adj fit    stag 
	=====  =====  ======  =========  =========  ======
	  7     64      59      0.432      0.294      33  
	 10     22      27      0.101      0.085      13  
	 11     14      42      0.261      0.206      11  

Generation time: 161.208 sec  (163.953 average)
Population 'novelty_2' saved! Current generation: 71
Sample chosen: [455, 681, 653, 28, 782, 884, 104, 881, 2, 657]

********** Running generation 71 **********

Full population's fitness overview:
	-       best fitness: 0.50409
	-       mean fitness: 0.12881
	-      worst fitness: 0.01465
	- standard deviation: 0.09466
Best genome overview:
	- fitness: 0.50409
	- size (hid, conn): (0, 10)
	- genome id: 8041
	- belongs to specie: 7
Genetic distance:
	- Maximum: 2.745
	- Mean: 1.616
	- Minimum: 0.000
	- Standard deviation: 0.838

Population of 127 members in 3 species:
	 SID    age    size    fitness    adj fit    stag 
	=====  =====  ======  =========  =========  ======
	  7     65      60      0.504      0.329      34  
	 10     23      29      0.190      0.130      14  
	 11     15      38      0.228      0.165      12  

Generation time: 164.083 sec  (163.898 average)
Population 'novelty_2' saved! Current generation: 72
Sample chosen: [787, 473, 100, 975, 457, 453, 3, 269, 410, 846]

********** Running generation 72 **********

Full population's fitness overview:
	-       best fitness: 0.31435
	-       mean fitness: 0.11473
	-      worst fitness: 0.02120
	- standard deviation: 0.06601
Best genome overview:
	- fitness: 0.31435
	- size (hid, conn): (0, 10)
	- genome id: 8120
	- belongs to specie: 7

Species 10 with 29 members is stagnated (fitness: 0.18659006365687456): removing it
Genetic distance:
	- Maximum: 2.675
	- Mean: 1.373
	- Minimum: 0.013
	- Standard deviation: 0.784

Population of 128 members in 3 species:
	 SID    age    size    fitness    adj fit    stag 
	=====  =====  ======  =========  =========  ======
	  7     66      82      0.314      0.440      35  
	 11     16      43      0.216      0.191      13  
	 12      0      3        --         --        0   

Generation time: 158.535 sec  (163.131 average)
Population 'novelty_2' saved! Current generation: 73
Sample chosen: [140, 638, 194, 971, 155, 115, 655, 499, 842, 952]

********** Running generation 73 **********

Full population's fitness overview:
	-       best fitness: 0.43801
	-       mean fitness: 0.11769
	-      worst fitness: 0.01630
	- standard deviation: 0.07778
Best genome overview:
	- fitness: 0.43801
	- size (hid, conn): (0, 10)
	- genome id: 8235
	- belongs to specie: 7
Genetic distance:
	- Maximum: 2.754
	- Mean: 1.686
	- Minimum: 0.000
	- Standard deviation: 0.765

Population of 128 members in 3 species:
	 SID    age    size    fitness    adj fit    stag 
	=====  =====  ======  =========  =========  ======
	  7     67      68      0.438      0.274      36  
	 11     17      44      0.338      0.184      14  
	 12      1      16      0.116      0.140      0   

Generation time: 157.438 sec  (162.557 average)
Population 'novelty_2' saved! Current generation: 74
Sample chosen: [413, 488, 126, 281, 428, 556, 663, 881, 324, 820]

********** Running generation 74 **********

Full population's fitness overview:
	-       best fitness: 0.30848
	-       mean fitness: 0.11578
	-      worst fitness: 0.00754
	- standard deviation: 0.06743
Best genome overview:
	- fitness: 0.30848
	- size (hid, conn): (0, 12)
	- genome id: 8358
	- belongs to specie: 7
Genetic distance:
	- Maximum: 2.751
	- Mean: 1.662
	- Minimum: 0.000
	- Standard deviation: 0.761

Population of 125 members in 3 species:
	 SID    age    size    fitness    adj fit    stag 
	=====  =====  ======  =========  =========  ======
	  7     68      59      0.308      0.425      37  
	 11     18      42      0.236      0.305      15  
	 12      2      24      0.173      0.230      0   

Generation time: 163.913 sec  (162.386 average)
Population 'novelty_2' saved! Current generation: 75
Sample chosen: [448, 570, 83, 221, 490, 471, 409, 644, 370, 493]

********** Running generation 75 **********

Full population's fitness overview:
	-       best fitness: 0.33823
	-       mean fitness: 0.11290
	-      worst fitness: 0.00973
	- standard deviation: 0.07394
Best genome overview:
	- fitness: 0.33823
	- size (hid, conn): (0, 11)
	- genome id: 8467
	- belongs to specie: 7
Genetic distance:
	- Maximum: 2.707
	- Mean: 1.736
	- Minimum: 0.000
	- Standard deviation: 0.726

Population of 128 members in 3 species:
	 SID    age    size    fitness    adj fit    stag 
	=====  =====  ======  =========  =========  ======
	  7     69      60      0.338      0.433      38  
	 11     19      36      0.161      0.191      16  
	 12      3      32      0.208      0.235      0   

Generation time: 157.713 sec  (161.820 average)
Population 'novelty_2' saved! Current generation: 76
Sample chosen: [684, 187, 315, 954, 593, 24, 437, 737, 739, 705]

********** Running generation 76 **********

Full population's fitness overview:
	-       best fitness: 0.41572
	-       mean fitness: 0.11726
	-      worst fitness: 0.00435
	- standard deviation: 0.07561
Best genome overview:
	- fitness: 0.41572
	- size (hid, conn): (0, 10)
	- genome id: 8578
	- belongs to specie: 7
Genetic distance:
	- Maximum: 2.852
	- Mean: 1.749
	- Minimum: 0.000
	- Standard deviation: 0.695

Population of 129 members in 3 species:
	 SID    age    size    fitness    adj fit    stag 
	=====  =====  ======  =========  =========  ======
	  7     70      57      0.416      0.354      39  
	 11     20      39      0.240      0.209      17  
	 12      4      33      0.220      0.199      0   

Generation time: 159.370 sec  (161.732 average)
Population 'novelty_2' saved! Current generation: 77
Sample chosen: [209, 19, 252, 160, 404, 121, 904, 828, 767, 246]

********** Running generation 77 **********

Full population's fitness overview:
	-       best fitness: 0.39809
	-       mean fitness: 0.10892
	-      worst fitness: 0.00346
	- standard deviation: 0.07216
Best genome overview:
	- fitness: 0.39809
	- size (hid, conn): (0, 10)
	- genome id: 8621
	- belongs to specie: 7
Genetic distance:
	- Maximum: 2.889
	- Mean: 1.850
	- Minimum: 0.040
	- Standard deviation: 0.650

Population of 127 members in 3 species:
	 SID    age    size    fitness    adj fit    stag 
	=====  =====  ======  =========  =========  ======
	  7     71      60      0.398      0.384      40  
	 11     21      34      0.222      0.181      18  
	 12      5      33      0.147      0.168      1   

Generation time: 166.352 sec  (161.939 average)
Population 'novelty_2' saved! Current generation: 78
Sample chosen: [138, 41, 769, 959, 477, 981, 736, 397, 836, 44]

********** Running generation 78 **********

Full population's fitness overview:
	-       best fitness: 0.37825
	-       mean fitness: 0.12017
	-      worst fitness: 0.01292
	- standard deviation: 0.07388
Best genome overview:
	- fitness: 0.37825
	- size (hid, conn): (0, 10)
	- genome id: 8857
	- belongs to specie: 7
Genetic distance:
	- Maximum: 3.078
	- Mean: 1.873
	- Minimum: 0.048
	- Standard deviation: 0.656

Population of 127 members in 3 species:
	 SID    age    size    fitness    adj fit    stag 
	=====  =====  ======  =========  =========  ======
	  7     72      64      0.378      0.383      41  
	 11     22      28      0.271      0.226      19  
	 12      6      35      0.173      0.200      2   

Generation time: 159.364 sec  (161.172 average)
Population 'novelty_2' saved! Current generation: 79
Sample chosen: [916, 55, 26, 255, 504, 658, 938, 654, 590, 36]

********** Running generation 79 **********

Full population's fitness overview:
	-       best fitness: 0.34004
	-       mean fitness: 0.12180
	-      worst fitness: 0.01974
	- standard deviation: 0.06241
Best genome overview:
	- fitness: 0.34004
	- size (hid, conn): (0, 12)
	- genome id: 8814
	- belongs to specie: 7
Genetic distance:
	- Maximum: 3.111
	- Mean: 1.904
	- Minimum: 0.009
	- Standard deviation: 0.651

Population of 127 members in 4 species:
	 SID    age    size    fitness    adj fit    stag 
	=====  =====  ======  =========  =========  ======
	  7     73      55      0.340      0.367      42  
	 11     23      15      0.205      0.260      20  
	 12      7      40      0.225      0.278      0   
	 13      0      17       --         --        0   

Generation time: 159.689 sec  (160.766 average)
Population 'novelty_2' saved! Current generation: 80
Sample chosen: [825, 363, 422, 316, 188, 397, 732, 649, 347, 771]

********** Running generation 80 **********

Full population's fitness overview:
	-       best fitness: 0.40705
	-       mean fitness: 0.12086
	-      worst fitness: 0.00153
	- standard deviation: 0.07246
Best genome overview:
	- fitness: 0.40705
	- size (hid, conn): (1, 10)
	- genome id: 9087
	- belongs to specie: 7

Species 11 with 15 members is stagnated (fitness: 0.19921706504498432): removing it
Genetic distance:
	- Maximum: 3.060
	- Mean: 1.888
	- Minimum: 0.000
	- Standard deviation: 0.641

Population of 128 members in 4 species:
	 SID    age    size    fitness    adj fit    stag 
	=====  =====  ======  =========  =========  ======
	  7     74      54      0.407      0.369      43  
	 12      8      41      0.234      0.243      0   
	 13      1      32      0.212      0.224      0   
	 14      0      1        --         --        0   

Generation time: 160.679 sec  (160.714 average)
Population 'novelty_2' saved! Current generation: 81
Sample chosen: [955, 485, 211, 407, 462, 86, 791, 677, 921, 253]

********** Running generation 81 **********

Full population's fitness overview:
	-       best fitness: 0.39073
	-       mean fitness: 0.11060
	-      worst fitness: 0.01214
	- standard deviation: 0.07489
Best genome overview:
	- fitness: 0.39073
	- size (hid, conn): (0, 12)
	- genome id: 9204
	- belongs to specie: 7
Genetic distance:
	- Maximum: 2.944
	- Mean: 1.919
	- Minimum: 0.000
	- Standard deviation: 0.720

Population of 128 members in 4 species:
	 SID    age    size    fitness    adj fit    stag 
	=====  =====  ======  =========  =========  ======
	  7     75      46      0.391      0.359      44  
	 12      9      32      0.224      0.185      1   
	 13      2      29      0.157      0.189      1   
	 14      1      21      0.125      0.297      0   

Generation time: 165.024 sec  (160.808 average)
Population 'novelty_2' saved! Current generation: 82
Sample chosen: [8, 17, 6, 163, 360, 561, 705, 212, 311, 20]

********** Running generation 82 **********

Full population's fitness overview:
	-       best fitness: 0.46844
	-       mean fitness: 0.11562
	-      worst fitness: 0.01746
	- standard deviation: 0.08628
Best genome overview:
	- fitness: 0.46844
	- size (hid, conn): (0, 12)
	- genome id: 9204
	- belongs to specie: 7
Genetic distance:
	- Maximum: 3.242
	- Mean: 1.983
	- Minimum: 0.000
	- Standard deviation: 0.678

Population of 128 members in 4 species:
	 SID    age    size    fitness    adj fit    stag 
	=====  =====  ======  =========  =========  ======
	  7     76      50      0.468      0.333      45  
	 12     10      31      0.217      0.182      2   
	 13      3      25      0.261      0.164      0   
	 14      2      22      0.135      0.094      0   

Generation time: 165.351 sec  (161.489 average)
Population 'novelty_2' saved! Current generation: 83
Sample chosen: [981, 814, 763, 866, 61, 206, 629, 658, 413, 95]

********** Running generation 83 **********

Full population's fitness overview:
	-       best fitness: 0.33217
	-       mean fitness: 0.10414
	-      worst fitness: 0.01515
	- standard deviation: 0.06535
Best genome overview:
	- fitness: 0.33217
	- size (hid, conn): (0, 11)
	- genome id: 9395
	- belongs to specie: 7
Genetic distance:
	- Maximum: 2.972
	- Mean: 2.008
	- Minimum: 0.000
	- Standard deviation: 0.700

Population of 127 members in 4 species:
	 SID    age    size    fitness    adj fit    stag 
	=====  =====  ======  =========  =========  ======
	  7     77      44      0.332      0.359      46  
	 12     11      30      0.198      0.243      3   
	 13      4      27      0.282      0.252      0   
	 14      3      26      0.231      0.187      0   

Generation time: 155.082 sec  (161.254 average)
Population 'novelty_2' saved! Current generation: 84
Sample chosen: [495, 437, 498, 930, 300, 539, 974, 862, 980, 536]

********** Running generation 84 **********

Full population's fitness overview:
	-       best fitness: 0.39638
	-       mean fitness: 0.11482
	-      worst fitness: 0.01651
	- standard deviation: 0.07706
Best genome overview:
	- fitness: 0.39638
	- size (hid, conn): (1, 9)
	- genome id: 9515
	- belongs to specie: 7
Genetic distance:
	- Maximum: 3.091
	- Mean: 2.039
	- Minimum: 0.057
	- Standard deviation: 0.697

Population of 127 members in 4 species:
	 SID    age    size    fitness    adj fit    stag 
	=====  =====  ======  =========  =========  ======
	  7     78      44      0.396      0.374      47  
	 12     12      35      0.259      0.258      0   
	 13      5      26      0.183      0.190      1   
	 14      4      22      0.125      0.136      1   

Generation time: 163.903 sec  (161.253 average)
Population 'novelty_2' saved! Current generation: 85
Sample chosen: [263, 530, 70, 94, 106, 52, 711, 148, 418, 922]

********** Running generation 85 **********

Full population's fitness overview:
	-       best fitness: 0.37873
	-       mean fitness: 0.11116
	-      worst fitness: 0.00764
	- standard deviation: 0.06852
Best genome overview:
	- fitness: 0.37873
	- size (hid, conn): (0, 11)
	- genome id: 9395
	- belongs to specie: 7
Genetic distance:
	- Maximum: 3.081
	- Mean: 2.049
	- Minimum: 0.014
	- Standard deviation: 0.757

Population of 127 members in 4 species:
	 SID    age    size    fitness    adj fit    stag 
	=====  =====  ======  =========  =========  ======
	  7     79      40      0.379      0.345      48  
	 12     13      33      0.248      0.253      1   
	 13      6      29      0.235      0.267      2   
	 14      5      25      0.147      0.201      2   

Generation time: 162.383 sec  (161.720 average)
Population 'novelty_2' saved! Current generation: 86
Sample chosen: [193, 740, 694, 497, 351, 865, 448, 208, 308, 925]

********** Running generation 86 **********

Full population's fitness overview:
	-       best fitness: 0.34323
	-       mean fitness: 0.12064
	-      worst fitness: 0.00940
	- standard deviation: 0.06684
Best genome overview:
	- fitness: 0.34323
	- size (hid, conn): (1, 13)
	- genome id: 9755
	- belongs to specie: 7
Genetic distance:
	- Maximum: 3.098
	- Mean: 2.117
	- Minimum: 0.000
	- Standard deviation: 0.740

Population of 125 members in 5 species:
	 SID    age    size    fitness    adj fit    stag 
	=====  =====  ======  =========  =========  ======
	  7     80      20      0.343      0.447      49  
	 12     14      31      0.211      0.297      2   
	 13      7      29      0.213      0.307      3   
	 14      6      26      0.204      0.229      3   
	 15      0      19       --         --        0   

Generation time: 165.726 sec  (162.355 average)
Population 'novelty_2' saved! Current generation: 87
Sample chosen: [807, 216, 983, 714, 194, 686, 350, 62, 531, 678]

********** Running generation 87 **********

Full population's fitness overview:
	-       best fitness: 0.49486
	-       mean fitness: 0.13027
	-      worst fitness: 0.01183
	- standard deviation: 0.08149
Best genome overview:
	- fitness: 0.49486
	- size (hid, conn): (1, 11)
	- genome id: 9838
	- belongs to specie: 7
Genetic distance:
	- Maximum: 3.139
	- Mean: 2.100
	- Minimum: 0.033
	- Standard deviation: 0.744

Population of 127 members in 6 species:
	 SID    age    size    fitness    adj fit    stag 
	=====  =====  ======  =========  =========  ======
	  7     81      23      0.495      0.393      50  
	 12     15      24      0.249      0.175      3   
	 13      8      6       0.275      0.210      4   
	 14      7      27      0.306      0.225      0   
	 15      1      28      0.345      0.284      0   
	 16      0      19       --         --        0   

Generation time: 162.682 sec  (161.988 average)
Population 'novelty_2' saved! Current generation: 88
Sample chosen: [765, 429, 28, 109, 512, 281, 341, 85, 904, 43]

********** Running generation 88 **********

Full population's fitness overview:
	-       best fitness: 0.40172
	-       mean fitness: 0.12134
	-      worst fitness: 0.00541
	- standard deviation: 0.07741
Best genome overview:
	- fitness: 0.40172
	- size (hid, conn): (2, 14)
	- genome id: 9982
	- belongs to specie: 15
Genetic distance:
	- Maximum: 3.186
	- Mean: 2.141
	- Minimum: 0.000
	- Standard deviation: 0.714

Population of 126 members in 6 species:
	 SID    age    size    fitness    adj fit    stag 
	=====  =====  ======  =========  =========  ======
	  7     82      27      0.328      0.403      51  
	 12     16      22      0.191      0.221      4   
	 13      9      6       0.114      0.179      5   
	 14      8      23      0.297      0.237      1   
	 15      2      24      0.402      0.351      0   
	 16      1      24      0.206      0.278      0   

Generation time: 161.322 sec  (162.184 average)
Population 'novelty_2' saved! Current generation: 89
Sample chosen: [289, 938, 413, 426, 167, 998, 837, 694, 42, 434]

********** Running generation 89 **********

Full population's fitness overview:
	-       best fitness: 0.37929
	-       mean fitness: 0.12625
	-      worst fitness: 0.00612
	- standard deviation: 0.07463
Best genome overview:
	- fitness: 0.37929
	- size (hid, conn): (2, 14)
	- genome id: 9982
	- belongs to specie: 15
Genetic distance:
	- Maximum: 3.141
	- Mean: 2.181
	- Minimum: 0.000
	- Standard deviation: 0.759

Population of 125 members in 6 species:
	 SID    age    size    fitness    adj fit    stag 
	=====  =====  ======  =========  =========  ======
	  7     83      27      0.289      0.394      52  
	 12     17      19      0.231      0.233      5   
	 13     10      13      0.200      0.306      6   
	 14      9      20      0.204      0.248      2   
	 15      3      25      0.379      0.483      1   
	 16      2      21      0.228      0.236      0   

Generation time: 162.513 sec  (162.467 average)
Population 'novelty_2' saved! Current generation: 90
Sample chosen: [790, 189, 546, 282, 564, 199, 472, 641, 499, 248]

********** Running generation 90 **********

Full population's fitness overview:
	-       best fitness: 0.37524
	-       mean fitness: 0.12111
	-      worst fitness: 0.00782
	- standard deviation: 0.08260
Best genome overview:
	- fitness: 0.37524
	- size (hid, conn): (2, 10)
	- genome id: 10098
	- belongs to specie: 7
Genetic distance:
	- Maximum: 3.173
	- Mean: 2.147
	- Minimum: 0.000
	- Standard deviation: 0.754

Population of 126 members in 6 species:
	 SID    age    size    fitness    adj fit    stag 
	=====  =====  ======  =========  =========  ======
	  7     84      23      0.375      0.355      53  
	 12     18      18      0.180      0.238      6   
	 13     11      19      0.198      0.282      7   
	 14     10      19      0.209      0.241      3   
	 15      4      29      0.355      0.464      2   
	 16      3      18      0.167      0.208      1   

Generation time: 158.927 sec  (162.291 average)
Population 'novelty_2' saved! Current generation: 91
Sample chosen: [900, 278, 329, 316, 981, 916, 133, 691, 242, 533]

********** Running generation 91 **********

Full population's fitness overview:
	-       best fitness: 0.27587
	-       mean fitness: 0.12374
	-      worst fitness: 0.01357
	- standard deviation: 0.05842
Best genome overview:
	- fitness: 0.27587
	- size (hid, conn): (2, 14)
	- genome id: 10174
	- belongs to specie: 15
Genetic distance:
	- Maximum: 3.074
	- Mean: 2.155
	- Minimum: 0.000
	- Standard deviation: 0.767

Population of 126 members in 6 species:
	 SID    age    size    fitness    adj fit    stag 
	=====  =====  ======  =========  =========  ======
	  7     85      24      0.268      0.471      54  
	 12     19      19      0.201      0.381      7   
	 13     12      17      0.164      0.291      8   
	 14     11      19      0.174      0.368      4   
	 15      5      26      0.276      0.557      3   
	 16      4      21      0.186      0.365      2   

Generation time: 157.611 sec  (161.550 average)
Population 'novelty_2' saved! Current generation: 92
Sample chosen: [489, 968, 34, 928, 620, 299, 932, 11, 188, 403]

********** Running generation 92 **********

Full population's fitness overview:
	-       best fitness: 0.41837
	-       mean fitness: 0.10916
	-      worst fitness: 0.00802
	- standard deviation: 0.07811
Best genome overview:
	- fitness: 0.41837
	- size (hid, conn): (2, 14)
	- genome id: 10384
	- belongs to specie: 15
Genetic distance:
	- Maximum: 3.077
	- Mean: 2.123
	- Minimum: 0.000
	- Standard deviation: 0.784

Population of 127 members in 6 species:
	 SID    age    size    fitness    adj fit    stag 
	=====  =====  ======  =========  =========  ======
	  7     86      26      0.299      0.311      55  
	 12     20      15      0.184      0.116      8   
	 13     13      21      0.212      0.212      9   
	 14     12      18      0.244      0.190      5   
	 15      6      28      0.418      0.401      0   
	 16      5      19      0.151      0.178      3   

Generation time: 161.916 sec  (161.206 average)
Population 'novelty_2' saved! Current generation: 93
Sample chosen: [337, 705, 607, 347, 702, 858, 22, 955, 557, 618]

********** Running generation 93 **********

Full population's fitness overview:
	-       best fitness: 0.32254
	-       mean fitness: 0.10445
	-      worst fitness: 0.00778
	- standard deviation: 0.06603
Best genome overview:
	- fitness: 0.32254
	- size (hid, conn): (1, 13)
	- genome id: 10490
	- belongs to specie: 15
Genetic distance:
	- Maximum: 3.194
	- Mean: 2.208
	- Minimum: 0.000
	- Standard deviation: 0.733

Population of 127 members in 6 species:
	 SID    age    size    fitness    adj fit    stag 
	=====  =====  ======  =========  =========  ======
	  7     87      26      0.308      0.354      56  
	 12     21      17      0.172      0.258      9   
	 13     14      20      0.244      0.263      10  
	 14     13      17      0.158      0.209      6   
	 15      7      27      0.323      0.439      1   
	 16      6      20      0.164      0.229      4   

Generation time: 162.185 sec  (161.917 average)
Population 'novelty_2' saved! Current generation: 94
Sample chosen: [338, 265, 415, 613, 527, 446, 985, 267, 474, 193]

********** Running generation 94 **********

Full population's fitness overview:
	-       best fitness: 0.37031
	-       mean fitness: 0.10794
	-      worst fitness: 0.00967
	- standard deviation: 0.06729
Best genome overview:
	- fitness: 0.37031
	- size (hid, conn): (1, 10)
	- genome id: 10509
	- belongs to specie: 7
Genetic distance:
	- Maximum: 3.201
	- Mean: 2.234
	- Minimum: 0.000
	- Standard deviation: 0.737

Population of 127 members in 6 species:
	 SID    age    size    fitness    adj fit    stag 
	=====  =====  ======  =========  =========  ======
	  7     88      24      0.370      0.334      57  
	 12     22      17      0.166      0.194      10  
	 13     15      19      0.177      0.214      11  
	 14     14      19      0.196      0.215      7   
	 15      8      30      0.269      0.398      2   
	 16      7      18      0.157      0.196      5   

Generation time: 163.100 sec  (161.836 average)
Population 'novelty_2' saved! Current generation: 95
Sample chosen: [391, 197, 402, 887, 398, 503, 49, 809, 772, 523]

********** Running generation 95 **********

Full population's fitness overview:
	-       best fitness: 0.39219
	-       mean fitness: 0.11692
	-      worst fitness: 0.01620
	- standard deviation: 0.07491
Best genome overview:
	- fitness: 0.39219
	- size (hid, conn): (2, 14)
	- genome id: 10739
	- belongs to specie: 15
Genetic distance:
	- Maximum: 3.416
	- Mean: 2.223
	- Minimum: 0.000
	- Standard deviation: 0.751

Population of 127 members in 6 species:
	 SID    age    size    fitness    adj fit    stag 
	=====  =====  ======  =========  =========  ======
	  7     89      27      0.372      0.372      58  
	 12     23      17      0.250      0.210      11  
	 13     16      20      0.220      0.262      12  
	 14     15      18      0.153      0.207      8   
	 15      9      24      0.392      0.283      3   
	 16      8      21      0.215      0.229      6   

Generation time: 164.478 sec  (162.046 average)
Population 'novelty_2' saved! Current generation: 96
Sample chosen: [477, 748, 968, 800, 373, 385, 667, 941, 45, 788]

********** Running generation 96 **********

Full population's fitness overview:
	-       best fitness: 0.41648
	-       mean fitness: 0.11957
	-      worst fitness: 0.01048
	- standard deviation: 0.07472
Best genome overview:
	- fitness: 0.41648
	- size (hid, conn): (2, 14)
	- genome id: 10803
	- belongs to specie: 15
Genetic distance:
	- Maximum: 3.400
	- Mean: 2.266
	- Minimum: 0.000
	- Standard deviation: 0.794

Population of 127 members in 6 species:
	 SID    age    size    fitness    adj fit    stag 
	=====  =====  ======  =========  =========  ======
	  7     90      28      0.350      0.354      59  
	 12     24      18      0.251      0.230      12  
	 13     17      18      0.197      0.206      13  
	 14     16      20      0.255      0.199      9   
	 15     10      24      0.416      0.364      4   
	 16      9      19      0.198      0.201      7   

Generation time: 160.056 sec  (161.479 average)
Population 'novelty_2' saved! Current generation: 97
Sample chosen: [389, 407, 15, 169, 579, 979, 504, 853, 298, 447]

********** Running generation 97 **********

Full population's fitness overview:
	-       best fitness: 0.44678
	-       mean fitness: 0.11482
	-      worst fitness: 0.00790
	- standard deviation: 0.07983
Best genome overview:
	- fitness: 0.44678
	- size (hid, conn): (2, 15)
	- genome id: 10909
	- belongs to specie: 15
Genetic distance:
	- Maximum: 3.204
	- Mean: 2.294
	- Minimum: 0.000
	- Standard deviation: 0.859

Population of 125 members in 6 species:
	 SID    age    size    fitness    adj fit    stag 
	=====  =====  ======  =========  =========  ======
	  7     91      26      0.404      0.273      60  
	 12     25      18      0.203      0.196      13  
	 13     18      21      0.274      0.232      14  
	 14     17      16      0.142      0.140      10  
	 15     11      25      0.447      0.364      0   
	 16     10      19      0.213      0.215      8   

Generation time: 164.815 sec  (161.692 average)
Population 'novelty_2' saved! Current generation: 98
Sample chosen: [873, 542, 793, 438, 671, 908, 128, 845, 162, 215]

********** Running generation 98 **********

Full population's fitness overview:
	-       best fitness: 0.33119
	-       mean fitness: 0.11710
	-      worst fitness: 0.00752
	- standard deviation: 0.06941
Best genome overview:
	- fitness: 0.33119
	- size (hid, conn): (0, 8)
	- genome id: 11051
	- belongs to specie: 7

Species 13 with 21 members is stagnated (fitness: 0.20212498487388925): removing it
Genetic distance:
	- Maximum: 3.190
	- Mean: 2.174
	- Minimum: 0.003
	- Standard deviation: 0.831

Population of 127 members in 5 species:
	 SID    age    size    fitness    adj fit    stag 
	=====  =====  ======  =========  =========  ======
	  7     92      28      0.331      0.382      61  
	 12     26      20      0.152      0.243      14  
	 14     18      21      0.162      0.226      11  
	 15     12      35      0.327      0.517      1   
	 16     11      23      0.254      0.296      0   

Generation time: 161.811 sec  (161.741 average)
Population 'novelty_2' saved! Current generation: 99
Sample chosen: [501, 220, 54, 274, 125, 499, 661, 327, 876, 256]

********** Running generation 99 **********

Full population's fitness overview:
	-       best fitness: 0.41446
	-       mean fitness: 0.10781
	-      worst fitness: 0.00510
	- standard deviation: 0.07256
Best genome overview:
	- fitness: 0.41446
	- size (hid, conn): (2, 14)
	- genome id: 11127
	- belongs to specie: 7

Species 12 with 20 members is stagnated (fitness: 0.1367300800446553): removing it
Genetic distance:
	- Maximum: 3.269
	- Mean: 2.112
	- Minimum: 0.000
	- Standard deviation: 0.864

Population of 128 members in 5 species:
	 SID    age    size    fitness    adj fit    stag 
	=====  =====  ======  =========  =========  ======
	  7     93      35      0.414      0.317      62  
	 14     19      21      0.145      0.135      12  
	 15     13      44      0.371      0.342      2   
	 16     12      25      0.184      0.175      1   
	 17      0      3        --         --        0   

Generation time: 161.206 sec  (161.610 average)
Population 'novelty_2' saved! Current generation: 100

===> CREATING BLUEPRINTS <===

Creating blueprints for games: [1, 2, 3, 4, 5]

===> CREATING TRACES <===

Creating traces for games: [1, 2, 3, 4, 5]

===> EVALUATING <===

